Fold 1 for k=10,l=10.
Initialising F using KMeans.
Iteration: 1.
Iteration: 2.
Iteration: 3.
Iteration: 4.
Iteration: 5.
Iteration: 6.
Iteration: 7.
Iteration: 8.
Iteration: 9.
Iteration: 10.
Iteration: 11.
Iteration: 12.
Iteration: 13.
Iteration: 14.
Iteration: 15.
Iteration: 16.
Iteration: 17.
Iteration: 18.
[132.0, 4.0, 29.0, 59.0, 10.0, 72.0, 131.0, 34.0, 81.0, 70.0]
Initialising G using KMeans.
Iteration: 1.
Iteration: 2.
Iteration: 3.
Iteration: 4.
Iteration: 5.
Iteration: 6.
Iteration: 7.
[1.0, 0.0, 12.0, 1.0, 15.0, 18.0, 25.0, 33.0, 10.0, 24.0]
Iteration 0. I-divergence: 88335.978162. MSE: 34.1329575267.
Iteration 1. I-divergence: 1859.94205716. MSE: 0.963085801469.
Iteration 2. I-divergence: 1632.93281167. MSE: 0.843609993464.
Iteration 3. I-divergence: 1622.00406313. MSE: 0.837822767722.
Iteration 4. I-divergence: 1617.93282249. MSE: 0.835682631709.
Iteration 5. I-divergence: 1614.57014554. MSE: 0.833915186144.
Iteration 6. I-divergence: 1611.38537658. MSE: 0.832240700805.
Iteration 7. I-divergence: 1608.3214041. MSE: 0.830629531258.
Iteration 8. I-divergence: 1605.36659081. MSE: 0.829075728944.
Iteration 9. I-divergence: 1602.51493972. MSE: 0.827576198467.
Iteration 10. I-divergence: 1599.76158501. MSE: 0.82612839913.
Iteration 11. I-divergence: 1597.10209284. MSE: 0.824730003978.
Iteration 12. I-divergence: 1594.53230689. MSE: 0.82337882757.
Iteration 13. I-divergence: 1592.04829975. MSE: 0.822072803406.
Iteration 14. I-divergence: 1589.64635003. MSE: 0.820809972914.
Iteration 15. I-divergence: 1587.32292701. MSE: 0.819588477736.
Iteration 16. I-divergence: 1585.07467806. MSE: 0.818406553228.
Iteration 17. I-divergence: 1582.89841748. MSE: 0.817262522626.
Iteration 18. I-divergence: 1580.79111627. MSE: 0.816154791689.
Iteration 19. I-divergence: 1578.74989278. MSE: 0.815081843753.
Iteration 20. I-divergence: 1576.77200401. MSE: 0.814042235147.
Iteration 21. I-divergence: 1574.85483749. MSE: 0.813034590942.
Iteration 22. I-divergence: 1572.99590384. MSE: 0.812057601001.
Iteration 23. I-divergence: 1571.1928298. MSE: 0.811110016304.
Iteration 24. I-divergence: 1569.44335169. MSE: 0.810190645529.
Iteration 25. I-divergence: 1567.74530944. MSE: 0.809298351863.
Iteration 26. I-divergence: 1566.09664088. MSE: 0.808432050032.
Iteration 27. I-divergence: 1564.4953765. MSE: 0.807590703525.
Iteration 28. I-divergence: 1562.93963452. MSE: 0.806773321995.
Iteration 29. I-divergence: 1561.4276163. MSE: 0.805978958839.
Iteration 30. I-divergence: 1559.95760201. MSE: 0.805206708918.
Iteration 31. I-divergence: 1558.52794658. MSE: 0.804455706432.
Iteration 32. I-divergence: 1557.1370759. MSE: 0.803725122916.
Iteration 33. I-divergence: 1555.78348328. MSE: 0.803014165371.
Iteration 34. I-divergence: 1554.46572609. MSE: 0.802322074494.
Iteration 35. I-divergence: 1553.18242262. MSE: 0.801648123027.
Iteration 36. I-divergence: 1551.93224908. MSE: 0.800991614188.
Iteration 37. I-divergence: 1550.71393685. MSE: 0.800351880211.
Iteration 38. I-divergence: 1549.52626984. MSE: 0.799728280955.
Iteration 39. I-divergence: 1548.36808199. MSE: 0.799120202597.
Iteration 40. I-divergence: 1547.23825493. MSE: 0.798527056405.
Iteration 41. I-divergence: 1546.13571579. MSE: 0.797948277565.
Iteration 42. I-divergence: 1545.05943509. MSE: 0.797383324089.
Iteration 43. I-divergence: 1544.00842474. MSE: 0.796831675766.
Iteration 44. I-divergence: 1542.98173622. MSE: 0.796292833182.
Iteration 45. I-divergence: 1541.97845876. MSE: 0.795766316788.
Iteration 46. I-divergence: 1540.99771766. MSE: 0.795251666011.
Iteration 47. I-divergence: 1540.03867275. MSE: 0.794748438422.
Iteration 48. I-divergence: 1539.10051682. MSE: 0.794256208938.
Iteration 49. I-divergence: 1538.1824742. MSE: 0.79377456907.
Iteration 50. I-divergence: 1537.28379943. MSE: 0.793303126205.
Iteration 51. I-divergence: 1536.40377593. MSE: 0.792841502929.
Iteration 52. I-divergence: 1535.54171477. MSE: 0.792389336377.
Iteration 53. I-divergence: 1534.69695354. MSE: 0.791946277621.
Iteration 54. I-divergence: 1533.86885519. MSE: 0.791511991085.
Iteration 55. I-divergence: 1533.05680701. MSE: 0.791086153986.
Iteration 56. I-divergence: 1532.26021959. MSE: 0.790668455808.
Iteration 57. I-divergence: 1531.47852588. MSE: 0.790258597794.
Iteration 58. I-divergence: 1530.71118026. MSE: 0.789856292466.
Iteration 59. I-divergence: 1529.95765769. MSE: 0.789461263166.
Iteration 60. I-divergence: 1529.21745284. MSE: 0.78907324362.
Iteration 61. I-divergence: 1528.49007934. MSE: 0.788691977516.
Iteration 62. I-divergence: 1527.77506899. MSE: 0.788317218112.
Iteration 63. I-divergence: 1527.07197104. MSE: 0.787948727851.
Iteration 64. I-divergence: 1526.38035152. MSE: 0.787586277997.
Iteration 65. I-divergence: 1525.69979252. MSE: 0.78722964829.
Iteration 66. I-divergence: 1525.02989165. MSE: 0.786878626613.
Iteration 67. I-divergence: 1524.37026136. MSE: 0.786533008674.
Iteration 68. I-divergence: 1523.72052838. MSE: 0.786192597703.
Iteration 69. I-divergence: 1523.08033319. MSE: 0.78585720416.
Iteration 70. I-divergence: 1522.44932947. MSE: 0.785526645458.
Iteration 71. I-divergence: 1521.82718358. MSE: 0.785200745695.
Iteration 72. I-divergence: 1521.2135741. MSE: 0.7848793354.
Iteration 73. I-divergence: 1520.60819137. MSE: 0.784562251289.
Iteration 74. I-divergence: 1520.01073702. MSE: 0.784249336029.
Iteration 75. I-divergence: 1519.42092353. MSE: 0.783940438013.
Iteration 76. I-divergence: 1518.83847388. MSE: 0.783635411148.
Iteration 77. I-divergence: 1518.26312109. MSE: 0.783334114644.
Iteration 78. I-divergence: 1517.69460788. MSE: 0.783036412818.
Iteration 79. I-divergence: 1517.1326863. MSE: 0.782742174906.
Iteration 80. I-divergence: 1516.57711739. MSE: 0.782451274875.
Iteration 81. I-divergence: 1516.02767083. MSE: 0.782163591251.
Iteration 82. I-divergence: 1515.48412463. MSE: 0.781879006952.
Iteration 83. I-divergence: 1514.94626482. MSE: 0.781597409122.
Iteration 84. I-divergence: 1514.41388515. MSE: 0.781318688982.
Iteration 85. I-divergence: 1513.88678683. MSE: 0.781042741674.
Iteration 86. I-divergence: 1513.36477822. MSE: 0.78076946612.
Iteration 87. I-divergence: 1512.84767461. MSE: 0.780498764887.
Iteration 88. I-divergence: 1512.33529791. MSE: 0.780230544051.
Iteration 89. I-divergence: 1511.82747648. MSE: 0.779964713069.
Iteration 90. I-divergence: 1511.32404483. MSE: 0.779701184661.
Iteration 91. I-divergence: 1510.82484344. MSE: 0.779439874686.
Iteration 92. I-divergence: 1510.32971854. MSE: 0.779180702033.
Iteration 93. I-divergence: 1509.83852186. MSE: 0.77892358851.
Iteration 94. I-divergence: 1509.3511105. MSE: 0.778668458738.
Iteration 95. I-divergence: 1508.86734667. MSE: 0.778415240053.
Iteration 96. I-divergence: 1508.38709756. MSE: 0.778163862405.
Iteration 97. I-divergence: 1507.91023512. MSE: 0.777914258266.
Iteration 98. I-divergence: 1507.43663591. MSE: 0.777666362541.
Iteration 99. I-divergence: 1506.96618095. MSE: 0.777420112477.
Iteration 100. I-divergence: 1506.4987555. MSE: 0.777175447585.
Iteration 101. I-divergence: 1506.034249. MSE: 0.776932309555.
Iteration 102. I-divergence: 1505.57255484. MSE: 0.776690642179.
Iteration 103. I-divergence: 1505.11357026. MSE: 0.776450391277.
Iteration 104. I-divergence: 1504.6571962. MSE: 0.776211504626.
Iteration 105. I-divergence: 1504.20333717. MSE: 0.775973931889.
Iteration 106. I-divergence: 1503.75190113. MSE: 0.775737624547.
Iteration 107. I-divergence: 1503.30279937. MSE: 0.775502535837.
Iteration 108. I-divergence: 1502.85594636. MSE: 0.775268620689.
Iteration 109. I-divergence: 1502.41125969. MSE: 0.775035835665.
Iteration 110. I-divergence: 1501.96865991. MSE: 0.774804138903.
Iteration 111. I-divergence: 1501.52807045. MSE: 0.77457349006.
Iteration 112. I-divergence: 1501.08941753. MSE: 0.774343850258.
Iteration 113. I-divergence: 1500.65263002. MSE: 0.774115182035.
Iteration 114. I-divergence: 1500.21763941. MSE: 0.77388744929.
Iteration 115. I-divergence: 1499.78437963. MSE: 0.773660617242.
Iteration 116. I-divergence: 1499.35278706. MSE: 0.773434652376.
Iteration 117. I-divergence: 1498.92280037. MSE: 0.773209522405.
Iteration 118. I-divergence: 1498.49436048. MSE: 0.772985196223.
Iteration 119. I-divergence: 1498.06741046. MSE: 0.772761643864.
Iteration 120. I-divergence: 1497.64189547. MSE: 0.772538836462.
Iteration 121. I-divergence: 1497.21776268. MSE: 0.772316746214.
Iteration 122. I-divergence: 1496.79496119. MSE: 0.77209534634.
Iteration 123. I-divergence: 1496.37344197. MSE: 0.771874611049.
Iteration 124. I-divergence: 1495.95315781. MSE: 0.771654515506.
Iteration 125. I-divergence: 1495.53406322. MSE: 0.771435035792.
Iteration 126. I-divergence: 1495.11611442. MSE: 0.77121614888.
Iteration 127. I-divergence: 1494.69926922. MSE: 0.770997832599.
Iteration 128. I-divergence: 1494.28348701. MSE: 0.770780065604.
Iteration 129. I-divergence: 1493.86872869. MSE: 0.770562827349.
Iteration 130. I-divergence: 1493.45495664. MSE: 0.770346098059.
Iteration 131. I-divergence: 1493.0421346. MSE: 0.770129858701.
Iteration 132. I-divergence: 1492.6302277. MSE: 0.76991409096.
Iteration 133. I-divergence: 1492.21920238. MSE: 0.769698777214.
Iteration 134. I-divergence: 1491.80902633. MSE: 0.769483900509.
Iteration 135. I-divergence: 1491.39966848. MSE: 0.769269444535.
Iteration 136. I-divergence: 1490.99109892. MSE: 0.769055393606.
Iteration 137. I-divergence: 1490.58328889. MSE: 0.768841732635.
Iteration 138. I-divergence: 1490.17621073. MSE: 0.768628447116.
Iteration 139. I-divergence: 1489.76983782. MSE: 0.768415523104.
Iteration 140. I-divergence: 1489.36414458. MSE: 0.768202947192.
Iteration 141. I-divergence: 1488.95910642. MSE: 0.767990706495.
Iteration 142. I-divergence: 1488.55469969. MSE: 0.767778788633.
Iteration 143. I-divergence: 1488.15090168. MSE: 0.767567181711.
Iteration 144. I-divergence: 1487.74769054. MSE: 0.767355874302.
Iteration 145. I-divergence: 1487.3450453. MSE: 0.767144855433.
Iteration 146. I-divergence: 1486.94294582. MSE: 0.766934114569.
Iteration 147. I-divergence: 1486.54137275. MSE: 0.766723641596.
Iteration 148. I-divergence: 1486.14030751. MSE: 0.766513426808.
Iteration 149. I-divergence: 1485.73973226. MSE: 0.766303460891.
Iteration 150. I-divergence: 1485.33962991. MSE: 0.766093734912.
Iteration 151. I-divergence: 1484.93998403. MSE: 0.765884240305.
Iteration 152. I-divergence: 1484.54077889. MSE: 0.765674968858.
Iteration 153. I-divergence: 1484.14199938. MSE: 0.7654659127.
Iteration 154. I-divergence: 1483.74363103. MSE: 0.765257064291.
Iteration 155. I-divergence: 1483.34565998. MSE: 0.765048416409.
Iteration 156. I-divergence: 1482.94807294. MSE: 0.764839962141.
Iteration 157. I-divergence: 1482.55085721. MSE: 0.764631694869.
Iteration 158. I-divergence: 1482.15400059. MSE: 0.764423608264.
Iteration 159. I-divergence: 1481.75749145. MSE: 0.764215696274.
Iteration 160. I-divergence: 1481.36131865. MSE: 0.764007953113.
Iteration 161. I-divergence: 1480.96547153. MSE: 0.763800373256.
Iteration 162. I-divergence: 1480.56993992. MSE: 0.763592951425.
Iteration 163. I-divergence: 1480.17471411. MSE: 0.763385682586.
Iteration 164. I-divergence: 1479.7797848. MSE: 0.763178561935.
Iteration 165. I-divergence: 1479.38514317. MSE: 0.762971584894.
Iteration 166. I-divergence: 1478.99078076. MSE: 0.762764747103.
Iteration 167. I-divergence: 1478.59668955. MSE: 0.762558044411.
Iteration 168. I-divergence: 1478.20286187. MSE: 0.76235147287.
Iteration 169. I-divergence: 1477.80929045. MSE: 0.762145028727.
Iteration 170. I-divergence: 1477.41596837. MSE: 0.761938708418.
Iteration 171. I-divergence: 1477.02288905. MSE: 0.761732508564.
Iteration 172. I-divergence: 1476.63004625. MSE: 0.761526425959.
Iteration 173. I-divergence: 1476.23743406. MSE: 0.76132045757.
Iteration 174. I-divergence: 1475.84504688. MSE: 0.761114600528.
Iteration 175. I-divergence: 1475.4528794. MSE: 0.760908852121.
Iteration 176. I-divergence: 1475.06092663. MSE: 0.760703209794.
Iteration 177. I-divergence: 1474.66918383. MSE: 0.760497671137.
Iteration 178. I-divergence: 1474.27764655. MSE: 0.760292233886.
Iteration 179. I-divergence: 1473.88631061. MSE: 0.760086895915.
Iteration 180. I-divergence: 1473.49517207. MSE: 0.759881655231.
Iteration 181. I-divergence: 1473.10422725. MSE: 0.759676509969.
Iteration 182. I-divergence: 1472.7134727. MSE: 0.759471458393.
Iteration 183. I-divergence: 1472.32290519. MSE: 0.759266498882.
Iteration 184. I-divergence: 1471.93252173. MSE: 0.759061629937.
Iteration 185. I-divergence: 1471.54231954. MSE: 0.758856850168.
Iteration 186. I-divergence: 1471.15229605. MSE: 0.758652158294.
Iteration 187. I-divergence: 1470.76244887. MSE: 0.758447553141.
Iteration 188. I-divergence: 1470.37277583. MSE: 0.758243033635.
Iteration 189. I-divergence: 1469.98327493. MSE: 0.758038598799.
Iteration 190. I-divergence: 1469.59394436. MSE: 0.757834247752.
Iteration 191. I-divergence: 1469.20478248. MSE: 0.757629979706.
Iteration 192. I-divergence: 1468.81578781. MSE: 0.757425793957.
Iteration 193. I-divergence: 1468.42695906. MSE: 0.757221689891.
Iteration 194. I-divergence: 1468.03829508. MSE: 0.757017666972.
Iteration 195. I-divergence: 1467.64979485. MSE: 0.756813724748.
Iteration 196. I-divergence: 1467.26145754. MSE: 0.756609862839.
Iteration 197. I-divergence: 1466.87328243. MSE: 0.756406080942.
Iteration 198. I-divergence: 1466.48526896. MSE: 0.756202378827.
Iteration 199. I-divergence: 1466.09741667. MSE: 0.755998756329.
Iteration 200. I-divergence: 1465.70972526. MSE: 0.755795213353.
Iteration 201. I-divergence: 1465.32219455. MSE: 0.755591749867.
Iteration 202. I-divergence: 1464.93482445. MSE: 0.755388365901.
Iteration 203. I-divergence: 1464.54761501. MSE: 0.755185061546.
Iteration 204. I-divergence: 1464.1605664. MSE: 0.754981836949.
Iteration 205. I-divergence: 1463.77367887. MSE: 0.754778692316.
Iteration 206. I-divergence: 1463.38695279. MSE: 0.754575627904.
Iteration 207. I-divergence: 1463.00038863. MSE: 0.754372644022.
Iteration 208. I-divergence: 1462.61398695. MSE: 0.754169741031.
Iteration 209. I-divergence: 1462.2277484. MSE: 0.753966919339.
Iteration 210. I-divergence: 1461.84167373. MSE: 0.7537641794.
Iteration 211. I-divergence: 1461.45576376. MSE: 0.753561521714.
Iteration 212. I-divergence: 1461.07001942. MSE: 0.753358946823.
Iteration 213. I-divergence: 1460.6844417. MSE: 0.753156455313.
Iteration 214. I-divergence: 1460.29903166. MSE: 0.752954047807.
Iteration 215. I-divergence: 1459.91379046. MSE: 0.752751724968.
Iteration 216. I-divergence: 1459.5287193. MSE: 0.752549487498.
Iteration 217. I-divergence: 1459.14381949. MSE: 0.752347336131.
Iteration 218. I-divergence: 1458.75909236. MSE: 0.752145271638.
Iteration 219. I-divergence: 1458.37453934. MSE: 0.751943294822.
Iteration 220. I-divergence: 1457.99016191. MSE: 0.751741406519.
Iteration 221. I-divergence: 1457.60596159. MSE: 0.751539607594.
Iteration 222. I-divergence: 1457.22193999. MSE: 0.751337898943.
Iteration 223. I-divergence: 1456.83809876. MSE: 0.751136281489.
Iteration 224. I-divergence: 1456.45443958. MSE: 0.750934756181.
Iteration 225. I-divergence: 1456.07096422. MSE: 0.750733323997.
Iteration 226. I-divergence: 1455.68767448. MSE: 0.750531985936.
Iteration 227. I-divergence: 1455.30457219. MSE: 0.750330743024.
Iteration 228. I-divergence: 1454.92165925. MSE: 0.750129596309.
Iteration 229. I-divergence: 1454.53893759. MSE: 0.749928546859.
Iteration 230. I-divergence: 1454.15640918. MSE: 0.749727595765.
Iteration 231. I-divergence: 1453.77407604. MSE: 0.749526744137.
Iteration 232. I-divergence: 1453.39194021. MSE: 0.749325993104.
Iteration 233. I-divergence: 1453.01000377. MSE: 0.749125343812.
Iteration 234. I-divergence: 1452.62826885. MSE: 0.748924797428.
Iteration 235. I-divergence: 1452.2467376. MSE: 0.74872435513.
Iteration 236. I-divergence: 1451.86541218. MSE: 0.748524018117.
Iteration 237. I-divergence: 1451.48429482. MSE: 0.748323787598.
Iteration 238. I-divergence: 1451.10338775. MSE: 0.748123664799.
Iteration 239. I-divergence: 1450.72269324. MSE: 0.747923650958.
Iteration 240. I-divergence: 1450.34221356. MSE: 0.747723747328.
Iteration 241. I-divergence: 1449.96195104. MSE: 0.74752395517.
Iteration 242. I-divergence: 1449.58190801. MSE: 0.747324275759.
Iteration 243. I-divergence: 1449.20208681. MSE: 0.747124710379.
Iteration 244. I-divergence: 1448.82248984. MSE: 0.746925260325.
Iteration 245. I-divergence: 1448.44311947. MSE: 0.7467259269.
Iteration 246. I-divergence: 1448.06397812. MSE: 0.746526711416.
Iteration 247. I-divergence: 1447.68506821. MSE: 0.746327615194.
Iteration 248. I-divergence: 1447.30639219. MSE: 0.74612863956.
Iteration 249. I-divergence: 1446.92795251. MSE: 0.74592978585.
Iteration 250. I-divergence: 1446.54975163. MSE: 0.745731055403.
Iteration 251. I-divergence: 1446.17179204. MSE: 0.745532449565.
Iteration 252. I-divergence: 1445.79407622. MSE: 0.745333969688.
Iteration 253. I-divergence: 1445.41660668. MSE: 0.745135617128.
Iteration 254. I-divergence: 1445.03938592. MSE: 0.744937393245.
Iteration 255. I-divergence: 1444.66241646. MSE: 0.744739299401.
Iteration 256. I-divergence: 1444.28570082. MSE: 0.744541336964.
Iteration 257. I-divergence: 1443.90924153. MSE: 0.744343507302.
Iteration 258. I-divergence: 1443.53304112. MSE: 0.744145811788.
Iteration 259. I-divergence: 1443.15710213. MSE: 0.743948251795.
Iteration 260. I-divergence: 1442.7814271. MSE: 0.743750828696.
Iteration 261. I-divergence: 1442.40601857. MSE: 0.743553543868.
Iteration 262. I-divergence: 1442.0308791. MSE: 0.743356398685.
Iteration 263. I-divergence: 1441.65601122. MSE: 0.743159394524.
Iteration 264. I-divergence: 1441.28141748. MSE: 0.74296253276.
Iteration 265. I-divergence: 1440.90710043. MSE: 0.742765814767.
Iteration 266. I-divergence: 1440.53306261. MSE: 0.74256924192.
Iteration 267. I-divergence: 1440.15930656. MSE: 0.742372815589.
Iteration 268. I-divergence: 1439.78583483. MSE: 0.742176537146.
Iteration 269. I-divergence: 1439.41264994. MSE: 0.741980407957.
Iteration 270. I-divergence: 1439.03975444. MSE: 0.741784429388.
Iteration 271. I-divergence: 1438.66715085. MSE: 0.741588602802.
Iteration 272. I-divergence: 1438.29484168. MSE: 0.741392929557.
Iteration 273. I-divergence: 1437.92282947. MSE: 0.741197411008.
Iteration 274. I-divergence: 1437.5511167. MSE: 0.741002048508.
Iteration 275. I-divergence: 1437.1797059. MSE: 0.740806843403.
Iteration 276. I-divergence: 1436.80859955. MSE: 0.740611797037.
Iteration 277. I-divergence: 1436.43780014. MSE: 0.740416910747.
Iteration 278. I-divergence: 1436.06731015. MSE: 0.740222185867.
Iteration 279. I-divergence: 1435.69713204. MSE: 0.740027623724.
Iteration 280. I-divergence: 1435.32726827. MSE: 0.739833225639.
Iteration 281. I-divergence: 1434.9577213. MSE: 0.73963899293.
Iteration 282. I-divergence: 1434.58849355. MSE: 0.739444926905.
Iteration 283. I-divergence: 1434.21958745. MSE: 0.739251028868.
Iteration 284. I-divergence: 1433.85100542. MSE: 0.739057300116.
Iteration 285. I-divergence: 1433.48274986. MSE: 0.738863741939.
Iteration 286. I-divergence: 1433.11482315. MSE: 0.73867035562.
Iteration 287. I-divergence: 1432.74722767. MSE: 0.738477142433.
Iteration 288. I-divergence: 1432.37996579. MSE: 0.738284103647.
Iteration 289. I-divergence: 1432.01303985. MSE: 0.738091240521.
Iteration 290. I-divergence: 1431.64645218. MSE: 0.737898554307.
Iteration 291. I-divergence: 1431.2802051. MSE: 0.737706046248.
Iteration 292. I-divergence: 1430.91430091. MSE: 0.737513717581.
Iteration 293. I-divergence: 1430.54874191. MSE: 0.737321569531.
Iteration 294. I-divergence: 1430.18353035. MSE: 0.737129603316.
Iteration 295. I-divergence: 1429.81866851. MSE: 0.736937820144.
Iteration 296. I-divergence: 1429.45415861. MSE: 0.736746221216.
Iteration 297. I-divergence: 1429.09000287. MSE: 0.73655480772.
Iteration 298. I-divergence: 1428.72620351. MSE: 0.736363580838.
Iteration 299. I-divergence: 1428.3627627. MSE: 0.73617254174.
Iteration 300. I-divergence: 1427.99968261. MSE: 0.735981691586.
Iteration 301. I-divergence: 1427.63696539. MSE: 0.735791031528.
Iteration 302. I-divergence: 1427.27461318. MSE: 0.735600562707.
Iteration 303. I-divergence: 1426.91262808. MSE: 0.735410286251.
Iteration 304. I-divergence: 1426.55101219. MSE: 0.735220203282.
Iteration 305. I-divergence: 1426.18976758. MSE: 0.735030314908.
Iteration 306. I-divergence: 1425.8288963. MSE: 0.734840622226.
Iteration 307. I-divergence: 1425.46840039. MSE: 0.734651126325.
Iteration 308. I-divergence: 1425.10828186. MSE: 0.734461828281.
Iteration 309. I-divergence: 1424.7485427. MSE: 0.734272729158.
Iteration 310. I-divergence: 1424.38918488. MSE: 0.734083830011.
Iteration 311. I-divergence: 1424.03021036. MSE: 0.733895131882.
Iteration 312. I-divergence: 1423.67162106. MSE: 0.733706635801.
Iteration 313. I-divergence: 1423.3134189. MSE: 0.733518342789.
Iteration 314. I-divergence: 1422.95560575. MSE: 0.733330253851.
Iteration 315. I-divergence: 1422.59818349. MSE: 0.733142369984.
Iteration 316. I-divergence: 1422.24115395. MSE: 0.732954692172.
Iteration 317. I-divergence: 1421.88451896. MSE: 0.732767221385.
Iteration 318. I-divergence: 1421.52828031. MSE: 0.732579958585.
Iteration 319. I-divergence: 1421.17243979. MSE: 0.732392904716.
Iteration 320. I-divergence: 1420.81699914. MSE: 0.732206060716.
Iteration 321. I-divergence: 1420.46196009. MSE: 0.732019427506.
Iteration 322. I-divergence: 1420.10732435. MSE: 0.731833005996.
Iteration 323. I-divergence: 1419.75309361. MSE: 0.731646797085.
Iteration 324. I-divergence: 1419.39926952. MSE: 0.731460801656.
Iteration 325. I-divergence: 1419.04585373. MSE: 0.731275020582.
Iteration 326. I-divergence: 1418.69284784. MSE: 0.731089454724.
Iteration 327. I-divergence: 1418.34025346. MSE: 0.730904104926.
Iteration 328. I-divergence: 1417.98807213. MSE: 0.730718972025.
Iteration 329. I-divergence: 1417.63630541. MSE: 0.73053405684.
Iteration 330. I-divergence: 1417.28495481. MSE: 0.73034936018.
Iteration 331. I-divergence: 1416.93402184. MSE: 0.73016488284.
Iteration 332. I-divergence: 1416.58350795. MSE: 0.729980625602.
Iteration 333. I-divergence: 1416.2334146. MSE: 0.729796589234.
Iteration 334. I-divergence: 1415.88374321. MSE: 0.729612774493.
Iteration 335. I-divergence: 1415.53449517. MSE: 0.729429182122.
Iteration 336. I-divergence: 1415.18567185. MSE: 0.729245812849.
Iteration 337. I-divergence: 1414.83727462. MSE: 0.729062667392.
Iteration 338. I-divergence: 1414.48930478. MSE: 0.728879746453.
Iteration 339. I-divergence: 1414.14176365. MSE: 0.728697050722.
Iteration 340. I-divergence: 1413.79465249. MSE: 0.728514580875.
Iteration 341. I-divergence: 1413.44797255. MSE: 0.728332337576.
Iteration 342. I-divergence: 1413.10172506. MSE: 0.728150321475.
Iteration 343. I-divergence: 1412.75591122. MSE: 0.727968533207.
Iteration 344. I-divergence: 1412.41053221. MSE: 0.727786973397.
Iteration 345. I-divergence: 1412.06558917. MSE: 0.727605642654.
Iteration 346. I-divergence: 1411.72108324. MSE: 0.727424541574.
Iteration 347. I-divergence: 1411.3770155. MSE: 0.727243670741.
Iteration 348. I-divergence: 1411.03338705. MSE: 0.727063030724.
Iteration 349. I-divergence: 1410.69019893. MSE: 0.72688262208.
Iteration 350. I-divergence: 1410.34745217. MSE: 0.726702445352.
Iteration 351. I-divergence: 1410.00514777. MSE: 0.726522501069.
Iteration 352. I-divergence: 1409.66328671. MSE: 0.726342789748.
Iteration 353. I-divergence: 1409.32186994. MSE: 0.726163311892.
Iteration 354. I-divergence: 1408.98089838. MSE: 0.725984067991.
Iteration 355. I-divergence: 1408.64037294. MSE: 0.725805058521.
Iteration 356. I-divergence: 1408.30029451. MSE: 0.725626283945.
Iteration 357. I-divergence: 1407.96066392. MSE: 0.725447744713.
Iteration 358. I-divergence: 1407.62148202. MSE: 0.725269441263.
Iteration 359. I-divergence: 1407.2827496. MSE: 0.725091374017.
Iteration 360. I-divergence: 1406.94446745. MSE: 0.724913543386.
Iteration 361. I-divergence: 1406.60663632. MSE: 0.724735949768.
Iteration 362. I-divergence: 1406.26925694. MSE: 0.724558593546.
Iteration 363. I-divergence: 1405.93233001. MSE: 0.724381475091.
Iteration 364. I-divergence: 1405.59585623. MSE: 0.724204594763.
Iteration 365. I-divergence: 1405.25983625. MSE: 0.724027952904.
Iteration 366. I-divergence: 1404.9242707. MSE: 0.723851549849.
Iteration 367. I-divergence: 1404.58916019. MSE: 0.723675385915.
Iteration 368. I-divergence: 1404.25450531. MSE: 0.72349946141.
Iteration 369. I-divergence: 1403.92030662. MSE: 0.723323776628.
Iteration 370. I-divergence: 1403.58656465. MSE: 0.723148331847.
Iteration 371. I-divergence: 1403.25327993. MSE: 0.722973127338.
Iteration 372. I-divergence: 1402.92045295. MSE: 0.722798163355.
Iteration 373. I-divergence: 1402.58808416. MSE: 0.722623440141.
Iteration 374. I-divergence: 1402.25617402. MSE: 0.722448957927.
Iteration 375. I-divergence: 1401.92472295. MSE: 0.72227471693.
Iteration 376. I-divergence: 1401.59373133. MSE: 0.722100717355.
Iteration 377. I-divergence: 1401.26319956. MSE: 0.721926959397.
Iteration 378. I-divergence: 1400.93312797. MSE: 0.721753443234.
Iteration 379. I-divergence: 1400.6035169. MSE: 0.721580169036.
Iteration 380. I-divergence: 1400.27436664. MSE: 0.72140713696.
Iteration 381. I-divergence: 1399.9456775. MSE: 0.721234347148.
Iteration 382. I-divergence: 1399.61744971. MSE: 0.721061799734.
Iteration 383. I-divergence: 1399.28968353. MSE: 0.720889494838.
Iteration 384. I-divergence: 1398.96237917. MSE: 0.720717432568.
Iteration 385. I-divergence: 1398.63553682. MSE: 0.720545613019.
Iteration 386. I-divergence: 1398.30915666. MSE: 0.720374036278.
Iteration 387. I-divergence: 1397.98323883. MSE: 0.720202702417.
Iteration 388. I-divergence: 1397.65778346. MSE: 0.720031611498.
Iteration 389. I-divergence: 1397.33279065. MSE: 0.71986076357.
Iteration 390. I-divergence: 1397.00826051. MSE: 0.719690158672.
Iteration 391. I-divergence: 1396.68419307. MSE: 0.719519796832.
Iteration 392. I-divergence: 1396.3605884. MSE: 0.719349678065.
Iteration 393. I-divergence: 1396.03744651. MSE: 0.719179802375.
Iteration 394. I-divergence: 1395.71476741. MSE: 0.719010169758.
Iteration 395. I-divergence: 1395.39255106. MSE: 0.718840780194.
Iteration 396. I-divergence: 1395.07079744. MSE: 0.718671633657.
Iteration 397. I-divergence: 1394.74950648. MSE: 0.718502730106.
Iteration 398. I-divergence: 1394.42867811. MSE: 0.718334069493.
Iteration 399. I-divergence: 1394.10831222. MSE: 0.718165651756.
Iteration 400. I-divergence: 1393.78840869. MSE: 0.717997476824.
Iteration 401. I-divergence: 1393.46896738. MSE: 0.717829544617.
Iteration 402. I-divergence: 1393.14998813. MSE: 0.717661855042.
Iteration 403. I-divergence: 1392.83147077. MSE: 0.717494407997.
Iteration 404. I-divergence: 1392.5134151. MSE: 0.71732720337.
Iteration 405. I-divergence: 1392.19582089. MSE: 0.717160241038.
Iteration 406. I-divergence: 1391.87868792. MSE: 0.716993520869.
Iteration 407. I-divergence: 1391.56201593. MSE: 0.71682704272.
Iteration 408. I-divergence: 1391.24580465. MSE: 0.716660806441.
Iteration 409. I-divergence: 1390.93005378. MSE: 0.716494811869.
Iteration 410. I-divergence: 1390.61476302. MSE: 0.716329058832.
Iteration 411. I-divergence: 1390.29993205. MSE: 0.71616354715.
Iteration 412. I-divergence: 1389.98556052. MSE: 0.715998276633.
Iteration 413. I-divergence: 1389.67164806. MSE: 0.715833247082.
Iteration 414. I-divergence: 1389.3581943. MSE: 0.715668458287.
Iteration 415. I-divergence: 1389.04519885. MSE: 0.715503910032.
Iteration 416. I-divergence: 1388.73266129. MSE: 0.715339602089.
Iteration 417. I-divergence: 1388.42058118. MSE: 0.715175534224.
Iteration 418. I-divergence: 1388.1089581. MSE: 0.715011706192.
Iteration 419. I-divergence: 1387.79779157. MSE: 0.71484811774.
Iteration 420. I-divergence: 1387.48708111. MSE: 0.714684768607.
Iteration 421. I-divergence: 1387.17682624. MSE: 0.714521658524.
Iteration 422. I-divergence: 1386.86702644. MSE: 0.714358787211.
Iteration 423. I-divergence: 1386.5576812. MSE: 0.714196154383.
Iteration 424. I-divergence: 1386.24878995. MSE: 0.714033759747.
Iteration 425. I-divergence: 1385.94035217. MSE: 0.713871602998.
Iteration 426. I-divergence: 1385.63236726. MSE: 0.713709683827.
Iteration 427. I-divergence: 1385.32483466. MSE: 0.713548001917.
Iteration 428. I-divergence: 1385.01775375. MSE: 0.713386556941.
Iteration 429. I-divergence: 1384.71112394. MSE: 0.713225348567.
Iteration 430. I-divergence: 1384.40494458. MSE: 0.713064376453.
Iteration 431. I-divergence: 1384.09921504. MSE: 0.712903640253.
Iteration 432. I-divergence: 1383.79393466. MSE: 0.712743139611.
Iteration 433. I-divergence: 1383.48910278. MSE: 0.712582874164.
Iteration 434. I-divergence: 1383.18471872. MSE: 0.712422843545.
Iteration 435. I-divergence: 1382.88078177. MSE: 0.712263047376.
Iteration 436. I-divergence: 1382.57729124. MSE: 0.712103485275.
Iteration 437. I-divergence: 1382.27424641. MSE: 0.711944156853.
Iteration 438. I-divergence: 1381.97164654. MSE: 0.711785061715.
Iteration 439. I-divergence: 1381.66949089. MSE: 0.711626199457.
Iteration 440. I-divergence: 1381.3677787. MSE: 0.711467569671.
Iteration 441. I-divergence: 1381.06650921. MSE: 0.711309171943.
Iteration 442. I-divergence: 1380.76568163. MSE: 0.711151005852.
Iteration 443. I-divergence: 1380.46529519. MSE: 0.710993070971.
Iteration 444. I-divergence: 1380.16534907. MSE: 0.710835366867.
Iteration 445. I-divergence: 1379.86584246. MSE: 0.710677893103.
Iteration 446. I-divergence: 1379.56677455. MSE: 0.710520649235.
Iteration 447. I-divergence: 1379.2681445. MSE: 0.710363634812.
Iteration 448. I-divergence: 1378.96995146. MSE: 0.710206849382.
Iteration 449. I-divergence: 1378.67219459. MSE: 0.710050292483.
Iteration 450. I-divergence: 1378.37487302. MSE: 0.70989396365.
Iteration 451. I-divergence: 1378.07798588. MSE: 0.709737862414.
Iteration 452. I-divergence: 1377.78153228. MSE: 0.709581988299.
Iteration 453. I-divergence: 1377.48551134. MSE: 0.709426340826.
Iteration 454. I-divergence: 1377.18992216. MSE: 0.70927091951.
Iteration 455. I-divergence: 1376.89476382. MSE: 0.709115723862.
Iteration 456. I-divergence: 1376.60003541. MSE: 0.708960753388.
Iteration 457. I-divergence: 1376.30573601. MSE: 0.708806007591.
Iteration 458. I-divergence: 1376.01186469. MSE: 0.708651485969.
Iteration 459. I-divergence: 1375.71842049. MSE: 0.708497188015.
Iteration 460. I-divergence: 1375.42540248. MSE: 0.708343113218.
Iteration 461. I-divergence: 1375.1328097. MSE: 0.708189261066.
Iteration 462. I-divergence: 1374.84064117. MSE: 0.70803563104.
Iteration 463. I-divergence: 1374.54889595. MSE: 0.707882222618.
Iteration 464. I-divergence: 1374.25757304. MSE: 0.707729035276.
Iteration 465. I-divergence: 1373.96667146. MSE: 0.707576068484.
Iteration 466. I-divergence: 1373.67619022. MSE: 0.707423321712.
Iteration 467. I-divergence: 1373.38612833. MSE: 0.707270794423.
Iteration 468. I-divergence: 1373.09648479. MSE: 0.70711848608.
Iteration 469. I-divergence: 1372.80725858. MSE: 0.706966396141.
Iteration 470. I-divergence: 1372.51844869. MSE: 0.706814524062.
Iteration 471. I-divergence: 1372.23005411. MSE: 0.706662869297.
Iteration 472. I-divergence: 1371.94207381. MSE: 0.706511431295.
Iteration 473. I-divergence: 1371.65450676. MSE: 0.706360209506.
Iteration 474. I-divergence: 1371.36735193. MSE: 0.706209203373.
Iteration 475. I-divergence: 1371.08060828. MSE: 0.70605841234.
Iteration 476. I-divergence: 1370.79427476. MSE: 0.705907835848.
Iteration 477. I-divergence: 1370.50835034. MSE: 0.705757473336.
Iteration 478. I-divergence: 1370.22283395. MSE: 0.70560732424.
Iteration 479. I-divergence: 1369.93772455. MSE: 0.705457387995.
Iteration 480. I-divergence: 1369.65302108. MSE: 0.705307664034.
Iteration 481. I-divergence: 1369.36872247. MSE: 0.705158151789.
Iteration 482. I-divergence: 1369.08482767. MSE: 0.705008850688.
Iteration 483. I-divergence: 1368.8013356. MSE: 0.70485976016.
Iteration 484. I-divergence: 1368.51824519. MSE: 0.704710879631.
Iteration 485. I-divergence: 1368.23555538. MSE: 0.704562208528.
Iteration 486. I-divergence: 1367.95326509. MSE: 0.704413746274.
Iteration 487. I-divergence: 1367.67137323. MSE: 0.704265492292.
Iteration 488. I-divergence: 1367.38987874. MSE: 0.704117446005.
Iteration 489. I-divergence: 1367.10878052. MSE: 0.703969606834.
Iteration 490. I-divergence: 1366.8280775. MSE: 0.703821974199.
Iteration 491. I-divergence: 1366.5477686. MSE: 0.703674547521.
Iteration 492. I-divergence: 1366.26785272. MSE: 0.703527326217.
Iteration 493. I-divergence: 1365.98832879. MSE: 0.703380309708.
Iteration 494. I-divergence: 1365.70919571. MSE: 0.703233497411.
Iteration 495. I-divergence: 1365.4304524. MSE: 0.703086888744.
Iteration 496. I-divergence: 1365.15209776. MSE: 0.702940483126.
Iteration 497. I-divergence: 1364.87413072. MSE: 0.702794279973.
Iteration 498. I-divergence: 1364.59655017. MSE: 0.702648278705.
Iteration 499. I-divergence: 1364.31935504. MSE: 0.702502478737.
Iteration 500. I-divergence: 1364.04254423. MSE: 0.702356879489.
Iteration 501. I-divergence: 1363.76611665. MSE: 0.702211480379.
Iteration 502. I-divergence: 1363.49007122. MSE: 0.702066280825.
Iteration 503. I-divergence: 1363.21440685. MSE: 0.701921280246.
Iteration 504. I-divergence: 1362.93912246. MSE: 0.701776478063.
Iteration 505. I-divergence: 1362.66421695. MSE: 0.701631873695.
Iteration 506. I-divergence: 1362.38968925. MSE: 0.701487466563.
Iteration 507. I-divergence: 1362.11553827. MSE: 0.70134325609.
Iteration 508. I-divergence: 1361.84176293. MSE: 0.701199241697.
Iteration 509. I-divergence: 1361.56836216. MSE: 0.701055422809.
Iteration 510. I-divergence: 1361.29533487. MSE: 0.700911798851.
Iteration 511. I-divergence: 1361.02267999. MSE: 0.700768369248.
Iteration 512. I-divergence: 1360.75039645. MSE: 0.700625133428.
Iteration 513. I-divergence: 1360.47848317. MSE: 0.700482090819.
Iteration 514. I-divergence: 1360.20693909. MSE: 0.700339240852.
Iteration 515. I-divergence: 1359.93576315. MSE: 0.700196582958.
Iteration 516. I-divergence: 1359.66495427. MSE: 0.70005411657.
Iteration 517. I-divergence: 1359.3945114. MSE: 0.699911841123.
Iteration 518. I-divergence: 1359.12443349. MSE: 0.699769756053.
Iteration 519. I-divergence: 1358.85471948. MSE: 0.6996278608.
Iteration 520. I-divergence: 1358.58536832. MSE: 0.699486154802.
Iteration 521. I-divergence: 1358.31637897. MSE: 0.699344637504.
Iteration 522. I-divergence: 1358.04775037. MSE: 0.699203308348.
Iteration 523. I-divergence: 1357.77948151. MSE: 0.699062166781.
Iteration 524. I-divergence: 1357.51157133. MSE: 0.698921212253.
Iteration 525. I-divergence: 1357.24401881. MSE: 0.698780444214.
Iteration 526. I-divergence: 1356.97682292. MSE: 0.698639862118.
Iteration 527. I-divergence: 1356.70998265. MSE: 0.698499465421.
Iteration 528. I-divergence: 1356.44349697. MSE: 0.698359253581.
Iteration 529. I-divergence: 1356.17736487. MSE: 0.698219226059.
Iteration 530. I-divergence: 1355.91158535. MSE: 0.69807938232.
Iteration 531. I-divergence: 1355.6461574. MSE: 0.697939721828.
Iteration 532. I-divergence: 1355.38108002. MSE: 0.697800244054.
Iteration 533. I-divergence: 1355.11635223. MSE: 0.69766094847.
Iteration 534. I-divergence: 1354.85197303. MSE: 0.697521834551.
Iteration 535. I-divergence: 1354.58794145. MSE: 0.697382901775.
Iteration 536. I-divergence: 1354.32425651. MSE: 0.697244149623.
Iteration 537. I-divergence: 1354.06091724. MSE: 0.69710557758.
Iteration 538. I-divergence: 1353.79792268. MSE: 0.696967185133.
Iteration 539. I-divergence: 1353.53527186. MSE: 0.696828971773.
Iteration 540. I-divergence: 1353.27296384. MSE: 0.696690936995.
Iteration 541. I-divergence: 1353.01099767. MSE: 0.696553080295.
Iteration 542. I-divergence: 1352.74937241. MSE: 0.696415401176.
Iteration 543. I-divergence: 1352.48808713. MSE: 0.696277899141.
Iteration 544. I-divergence: 1352.2271409. MSE: 0.696140573698.
Iteration 545. I-divergence: 1351.96653281. MSE: 0.696003424361.
Iteration 546. I-divergence: 1351.70626193. MSE: 0.695866450644.
Iteration 547. I-divergence: 1351.44632737. MSE: 0.695729652066.
Iteration 548. I-divergence: 1351.18672822. MSE: 0.695593028152.
Iteration 549. I-divergence: 1350.9274636. MSE: 0.695456578427.
Iteration 550. I-divergence: 1350.66853262. MSE: 0.695320302423.
Iteration 551. I-divergence: 1350.4099344. MSE: 0.695184199675.
Iteration 552. I-divergence: 1350.15166806. MSE: 0.695048269723.
Iteration 553. I-divergence: 1349.89373276. MSE: 0.694912512108.
Iteration 554. I-divergence: 1349.63612764. MSE: 0.694776926378.
Iteration 555. I-divergence: 1349.37885184. MSE: 0.694641512086.
Iteration 556. I-divergence: 1349.12190453. MSE: 0.694506268786.
Iteration 557. I-divergence: 1348.86528488. MSE: 0.694371196038.
Iteration 558. I-divergence: 1348.60899206. MSE: 0.694236293408.
Iteration 559. I-divergence: 1348.35302526. MSE: 0.694101560463.
Iteration 560. I-divergence: 1348.09738367. MSE: 0.693966996778.
Iteration 561. I-divergence: 1347.84206649. MSE: 0.693832601929.
Iteration 562. I-divergence: 1347.58707294. MSE: 0.6936983755.
Iteration 563. I-divergence: 1347.33240223. MSE: 0.693564317076.
Iteration 564. I-divergence: 1347.07805358. MSE: 0.693430426249.
Iteration 565. I-divergence: 1346.82402623. MSE: 0.693296702616.
Iteration 566. I-divergence: 1346.57031943. MSE: 0.693163145777.
Iteration 567. I-divergence: 1346.31693242. MSE: 0.693029755338.
Iteration 568. I-divergence: 1346.06386448. MSE: 0.692896530909.
Iteration 569. I-divergence: 1345.81111485. MSE: 0.692763472105.
Iteration 570. I-divergence: 1345.55868284. MSE: 0.692630578547.
Iteration 571. I-divergence: 1345.30656772. MSE: 0.692497849859.
Iteration 572. I-divergence: 1345.05476879. MSE: 0.692365285671.
Iteration 573. I-divergence: 1344.80328536. MSE: 0.692232885617.
Iteration 574. I-divergence: 1344.55211673. MSE: 0.692100649339.
Iteration 575. I-divergence: 1344.30126225. MSE: 0.69196857648.
Iteration 576. I-divergence: 1344.05072123. MSE: 0.691836666691.
Iteration 577. I-divergence: 1343.80049303. MSE: 0.691704919626.
Iteration 578. I-divergence: 1343.55057699. MSE: 0.691573334946.
Iteration 579. I-divergence: 1343.30097248. MSE: 0.691441912316.
Iteration 580. I-divergence: 1343.05167886. MSE: 0.691310651406.
Iteration 581. I-divergence: 1342.80269553. MSE: 0.691179551893.
Iteration 582. I-divergence: 1342.55402186. MSE: 0.691048613456.
Iteration 583. I-divergence: 1342.30565727. MSE: 0.690917835784.
Iteration 584. I-divergence: 1342.05760116. MSE: 0.690787218566.
Iteration 585. I-divergence: 1341.80985294. MSE: 0.690656761499.
Iteration 586. I-divergence: 1341.56241206. MSE: 0.690526464287.
Iteration 587. I-divergence: 1341.31527794. MSE: 0.690396326636.
Iteration 588. I-divergence: 1341.06845005. MSE: 0.69026634826.
Iteration 589. I-divergence: 1340.82192783. MSE: 0.690136528876.
Iteration 590. I-divergence: 1340.57571075. MSE: 0.690006868208.
Iteration 591. I-divergence: 1340.3297983. MSE: 0.689877365986.
Iteration 592. I-divergence: 1340.08418997. MSE: 0.689748021945.
Iteration 593. I-divergence: 1339.83888525. MSE: 0.689618835823.
Iteration 594. I-divergence: 1339.59388366. MSE: 0.689489807368.
Iteration 595. I-divergence: 1339.34918471. MSE: 0.68936093633.
Iteration 596. I-divergence: 1339.10478793. MSE: 0.689232222465.
Iteration 597. I-divergence: 1338.86069286. MSE: 0.689103665536.
Iteration 598. I-divergence: 1338.61689905. MSE: 0.688975265311.
Iteration 599. I-divergence: 1338.37340607. MSE: 0.688847021563.
Iteration 600. I-divergence: 1338.13021348. MSE: 0.68871893407.
Iteration 601. I-divergence: 1337.88732086. MSE: 0.688591002617.
Iteration 602. I-divergence: 1337.6447278. MSE: 0.688463226994.
Iteration 603. I-divergence: 1337.40243391. MSE: 0.688335606997.
Iteration 604. I-divergence: 1337.1604388. MSE: 0.688208142426.
Iteration 605. I-divergence: 1336.91874208. MSE: 0.688080833089.
Iteration 606. I-divergence: 1336.67734339. MSE: 0.687953678797.
Iteration 607. I-divergence: 1336.43624238. MSE: 0.68782667937.
Iteration 608. I-divergence: 1336.19543869. MSE: 0.68769983463.
Iteration 609. I-divergence: 1335.95493198. MSE: 0.687573144406.
Iteration 610. I-divergence: 1335.71472193. MSE: 0.687446608534.
Iteration 611. I-divergence: 1335.47480823. MSE: 0.687320226853.
Iteration 612. I-divergence: 1335.23519056. MSE: 0.68719399921.
Iteration 613. I-divergence: 1334.99586864. MSE: 0.687067925457.
Iteration 614. I-divergence: 1334.75684216. MSE: 0.68694200545.
Iteration 615. I-divergence: 1334.51811087. MSE: 0.686816239052.
Iteration 616. I-divergence: 1334.27967449. MSE: 0.686690626133.
Iteration 617. I-divergence: 1334.04153277. MSE: 0.686565166565.
Iteration 618. I-divergence: 1333.80368546. MSE: 0.686439860229.
Iteration 619. I-divergence: 1333.56613233. MSE: 0.686314707009.
Iteration 620. I-divergence: 1333.32887316. MSE: 0.686189706796.
Iteration 621. I-divergence: 1333.09190772. MSE: 0.686064859487.
Iteration 622. I-divergence: 1332.85523582. MSE: 0.685940164983.
Iteration 623. I-divergence: 1332.61885727. MSE: 0.685815623192.
Iteration 624. I-divergence: 1332.38277187. MSE: 0.685691234027.
Iteration 625. I-divergence: 1332.14697945. MSE: 0.685566997405.
Iteration 626. I-divergence: 1331.91147986. MSE: 0.685442913251.
Iteration 627. I-divergence: 1331.67627293. MSE: 0.685318981494.
Iteration 628. I-divergence: 1331.44135853. MSE: 0.685195202068.
Iteration 629. I-divergence: 1331.20673651. MSE: 0.685071574914.
Iteration 630. I-divergence: 1330.97240676. MSE: 0.684948099978.
Iteration 631. I-divergence: 1330.73836917. MSE: 0.68482477721.
Iteration 632. I-divergence: 1330.50462362. MSE: 0.684701606567.
Iteration 633. I-divergence: 1330.27117002. MSE: 0.68457858801.
Iteration 634. I-divergence: 1330.03800829. MSE: 0.684455721506.
Iteration 635. I-divergence: 1329.80513835. MSE: 0.684333007029.
Iteration 636. I-divergence: 1329.57256014. MSE: 0.684210444555.
Iteration 637. I-divergence: 1329.3402736. MSE: 0.684088034067.
Iteration 638. I-divergence: 1329.10827869. MSE: 0.683965775553.
Iteration 639. I-divergence: 1328.87657537. MSE: 0.683843669007.
Iteration 640. I-divergence: 1328.64516362. MSE: 0.683721714427.
Iteration 641. I-divergence: 1328.4140434. MSE: 0.683599911817.
Iteration 642. I-divergence: 1328.18321473. MSE: 0.683478261185.
Iteration 643. I-divergence: 1327.95267759. MSE: 0.683356762545.
Iteration 644. I-divergence: 1327.722432. MSE: 0.683235415917.
Iteration 645. I-divergence: 1327.49247798. MSE: 0.683114221323.
Iteration 646. I-divergence: 1327.26281555. MSE: 0.682993178792.
Iteration 647. I-divergence: 1327.03344476. MSE: 0.682872288359.
Iteration 648. I-divergence: 1326.80436565. MSE: 0.682751550062.
Iteration 649. I-divergence: 1326.57557827. MSE: 0.682630963944.
Iteration 650. I-divergence: 1326.34708269. MSE: 0.682510530054.
Iteration 651. I-divergence: 1326.11887898. MSE: 0.682390248445.
Iteration 652. I-divergence: 1325.89096723. MSE: 0.682270119174.
Iteration 653. I-divergence: 1325.66334752. MSE: 0.682150142306.
Iteration 654. I-divergence: 1325.43601996. MSE: 0.682030317905.
Iteration 655. I-divergence: 1325.20898465. MSE: 0.681910646045.
Iteration 656. I-divergence: 1324.9822417. MSE: 0.681791126803.
Iteration 657. I-divergence: 1324.75579124. MSE: 0.681671760258.
Iteration 658. I-divergence: 1324.5296334. MSE: 0.681552546496.
Iteration 659. I-divergence: 1324.30376833. MSE: 0.681433485608.
Iteration 660. I-divergence: 1324.07819617. MSE: 0.681314577687.
Iteration 661. I-divergence: 1323.85291707. MSE: 0.681195822832.
Iteration 662. I-divergence: 1323.6279312. MSE: 0.681077221147.
Iteration 663. I-divergence: 1323.40323874. MSE: 0.680958772738.
Iteration 664. I-divergence: 1323.17883986. MSE: 0.680840477716.
Iteration 665. I-divergence: 1322.95473475. MSE: 0.680722336198.
Iteration 666. I-divergence: 1322.7309236. MSE: 0.680604348303.
Iteration 667. I-divergence: 1322.50740661. MSE: 0.680486514154.
Iteration 668. I-divergence: 1322.284184. MSE: 0.680368833879.
Iteration 669. I-divergence: 1322.06125598. MSE: 0.680251307609.
Iteration 670. I-divergence: 1321.83862278. MSE: 0.680133935481.
Iteration 671. I-divergence: 1321.61628462. MSE: 0.680016717633.
Iteration 672. I-divergence: 1321.39424174. MSE: 0.679899654208.
Iteration 673. I-divergence: 1321.17249439. MSE: 0.679782745353.
Iteration 674. I-divergence: 1320.95104281. MSE: 0.679665991219.
Iteration 675. I-divergence: 1320.72988726. MSE: 0.679549391958.
Iteration 676. I-divergence: 1320.50902802. MSE: 0.679432947729.
Iteration 677. I-divergence: 1320.28846534. MSE: 0.679316658692.
Iteration 678. I-divergence: 1320.0681995. MSE: 0.679200525012.
Iteration 679. I-divergence: 1319.84823078. MSE: 0.679084546856.
Iteration 680. I-divergence: 1319.62855948. MSE: 0.678968724395.
Iteration 681. I-divergence: 1319.40918589. MSE: 0.678853057803.
Iteration 682. I-divergence: 1319.1901103. MSE: 0.678737547257.
Iteration 683. I-divergence: 1318.97133302. MSE: 0.678622192938.
Iteration 684. I-divergence: 1318.75285436. MSE: 0.678506995028.
Iteration 685. I-divergence: 1318.53467464. MSE: 0.678391953715.
Iteration 686. I-divergence: 1318.31679418. MSE: 0.678277069186.
Iteration 687. I-divergence: 1318.0992133. MSE: 0.678162341634.
Iteration 688. I-divergence: 1317.88193234. MSE: 0.678047771253.
Iteration 689. I-divergence: 1317.66495164. MSE: 0.67793335824.
Iteration 690. I-divergence: 1317.44827152. MSE: 0.677819102796.
Iteration 691. I-divergence: 1317.23189235. MSE: 0.677705005122.
Iteration 692. I-divergence: 1317.01581446. MSE: 0.677591065424.
Iteration 693. I-divergence: 1316.80003821. MSE: 0.677477283908.
Iteration 694. I-divergence: 1316.58456397. MSE: 0.677363660784.
Iteration 695. I-divergence: 1316.36939209. MSE: 0.677250196263.
Iteration 696. I-divergence: 1316.15452294. MSE: 0.67713689056.
Iteration 697. I-divergence: 1315.93995689. MSE: 0.677023743889.
Iteration 698. I-divergence: 1315.72569431. MSE: 0.67691075647.
Iteration 699. I-divergence: 1315.51173558. MSE: 0.676797928521.
Iteration 700. I-divergence: 1315.29808108. MSE: 0.676685260265.
Iteration 701. I-divergence: 1315.0847312. MSE: 0.676572751925.
Iteration 702. I-divergence: 1314.87168632. MSE: 0.676460403725.
Iteration 703. I-divergence: 1314.65894683. MSE: 0.676348215893.
Iteration 704. I-divergence: 1314.44651313. MSE: 0.676236188657.
Iteration 705. I-divergence: 1314.2343856. MSE: 0.676124322246.
Iteration 706. I-divergence: 1314.02256465. MSE: 0.676012616892.
Iteration 707. I-divergence: 1313.81105068. MSE: 0.675901072826.
Iteration 708. I-divergence: 1313.59984409. MSE: 0.675789690284.
Iteration 709. I-divergence: 1313.38894528. MSE: 0.675678469498.
Iteration 710. I-divergence: 1313.17835466. MSE: 0.675567410706.
Iteration 711. I-divergence: 1312.96807264. MSE: 0.675456514143.
Iteration 712. I-divergence: 1312.75809963. MSE: 0.675345780048.
Iteration 713. I-divergence: 1312.54843604. MSE: 0.67523520866.
Iteration 714. I-divergence: 1312.33908228. MSE: 0.675124800216.
Iteration 715. I-divergence: 1312.13003877. MSE: 0.675014554958.
Iteration 716. I-divergence: 1311.92130591. MSE: 0.674904473126.
Iteration 717. I-divergence: 1311.71288414. MSE: 0.67479455496.
Iteration 718. I-divergence: 1311.50477385. MSE: 0.674684800702.
Iteration 719. I-divergence: 1311.29697548. MSE: 0.674575210595.
Iteration 720. I-divergence: 1311.08948943. MSE: 0.674465784879.
Iteration 721. I-divergence: 1310.88231613. MSE: 0.674356523797.
Iteration 722. I-divergence: 1310.67545599. MSE: 0.674247427591.
Iteration 723. I-divergence: 1310.46890943. MSE: 0.674138496504.
Iteration 724. I-divergence: 1310.26267687. MSE: 0.674029730778.
Iteration 725. I-divergence: 1310.05675873. MSE: 0.673921130654.
Iteration 726. I-divergence: 1309.85115542. MSE: 0.673812696375.
Iteration 727. I-divergence: 1309.64586737. MSE: 0.673704428182.
Iteration 728. I-divergence: 1309.44089497. MSE: 0.673596326315.
Iteration 729. I-divergence: 1309.23623866. MSE: 0.673488391016.
Iteration 730. I-divergence: 1309.03189885. MSE: 0.673380622525.
Iteration 731. I-divergence: 1308.82787594. MSE: 0.67327302108.
Iteration 732. I-divergence: 1308.62417035. MSE: 0.673165586921.
Iteration 733. I-divergence: 1308.42078248. MSE: 0.673058320285.
Iteration 734. I-divergence: 1308.21771276. MSE: 0.67295122141.
Iteration 735. I-divergence: 1308.01496158. MSE: 0.67284429053.
Iteration 736. I-divergence: 1307.81252934. MSE: 0.672737527881.
Iteration 737. I-divergence: 1307.61041645. MSE: 0.672630933697.
Iteration 738. I-divergence: 1307.40862332. MSE: 0.672524508211.
Iteration 739. I-divergence: 1307.20715033. MSE: 0.672418251652.
Iteration 740. I-divergence: 1307.00599788. MSE: 0.672312164252.
Iteration 741. I-divergence: 1306.80516637. MSE: 0.672206246239.
Iteration 742. I-divergence: 1306.60465618. MSE: 0.672100497839.
Iteration 743. I-divergence: 1306.40446771. MSE: 0.671994919278.
Iteration 744. I-divergence: 1306.20460133. MSE: 0.671889510779.
Iteration 745. I-divergence: 1306.00505743. MSE: 0.671784272565.
Iteration 746. I-divergence: 1305.80583639. MSE: 0.671679204854.
Iteration 747. I-divergence: 1305.60693857. MSE: 0.671574307866.
Iteration 748. I-divergence: 1305.40836435. MSE: 0.671469581816.
Iteration 749. I-divergence: 1305.21011409. MSE: 0.671365026919.
Iteration 750. I-divergence: 1305.01218816. MSE: 0.671260643385.
Iteration 751. I-divergence: 1304.81458691. MSE: 0.671156431425.
Iteration 752. I-divergence: 1304.6173107. MSE: 0.671052391246.
Iteration 753. I-divergence: 1304.42035988. MSE: 0.670948523053.
Iteration 754. I-divergence: 1304.2237348. MSE: 0.670844827048.
Iteration 755. I-divergence: 1304.02743579. MSE: 0.670741303432.
Iteration 756. I-divergence: 1303.83146319. MSE: 0.670637952401.
Iteration 757. I-divergence: 1303.63581733. MSE: 0.670534774151.
Iteration 758. I-divergence: 1303.44049854. MSE: 0.670431768874.
Iteration 759. I-divergence: 1303.24550715. MSE: 0.670328936759.
Iteration 760. I-divergence: 1303.05084345. MSE: 0.670226277992.
Iteration 761. I-divergence: 1302.85650778. MSE: 0.670123792756.
Iteration 762. I-divergence: 1302.66250042. MSE: 0.670021481233.
Iteration 763. I-divergence: 1302.46882169. MSE: 0.669919343599.
Iteration 764. I-divergence: 1302.27547188. MSE: 0.66981738003.
Iteration 765. I-divergence: 1302.08245126. MSE: 0.669715590695.
Iteration 766. I-divergence: 1301.88976014. MSE: 0.669613975763.
Iteration 767. I-divergence: 1301.69739877. MSE: 0.669512535398.
Iteration 768. I-divergence: 1301.50536744. MSE: 0.669411269762.
Iteration 769. I-divergence: 1301.3136664. MSE: 0.669310179011.
Iteration 770. I-divergence: 1301.12229592. MSE: 0.669209263301.
Iteration 771. I-divergence: 1300.93125624. MSE: 0.669108522782.
Iteration 772. I-divergence: 1300.74054761. MSE: 0.669007957601.
Iteration 773. I-divergence: 1300.55017026. MSE: 0.668907567902.
Iteration 774. I-divergence: 1300.36012443. MSE: 0.668807353823.
Iteration 775. I-divergence: 1300.17041035. MSE: 0.668707315501.
Iteration 776. I-divergence: 1299.98102822. MSE: 0.668607453068.
Iteration 777. I-divergence: 1299.79197826. MSE: 0.668507766652.
Iteration 778. I-divergence: 1299.60326067. MSE: 0.668408256377.
Iteration 779. I-divergence: 1299.41487564. MSE: 0.668308922363.
Iteration 780. I-divergence: 1299.22682338. MSE: 0.668209764727.
Iteration 781. I-divergence: 1299.03910404. MSE: 0.66811078358.
Iteration 782. I-divergence: 1298.85171781. MSE: 0.66801197903.
Iteration 783. I-divergence: 1298.66466486. MSE: 0.667913351181.
Iteration 784. I-divergence: 1298.47794534. MSE: 0.667814900133.
Iteration 785. I-divergence: 1298.2915594. MSE: 0.66771662598.
Iteration 786. I-divergence: 1298.10550718. MSE: 0.667618528815.
Iteration 787. I-divergence: 1297.91978882. MSE: 0.667520608722.
Iteration 788. I-divergence: 1297.73440445. MSE: 0.667422865784.
Iteration 789. I-divergence: 1297.54935418. MSE: 0.66732530008.
Iteration 790. I-divergence: 1297.36463812. MSE: 0.667227911681.
Iteration 791. I-divergence: 1297.18025637. MSE: 0.667130700657.
Iteration 792. I-divergence: 1296.99620903. MSE: 0.667033667073.
Iteration 793. I-divergence: 1296.81249618. MSE: 0.666936810986.
Iteration 794. I-divergence: 1296.6291179. MSE: 0.666840132453.
Iteration 795. I-divergence: 1296.44607426. MSE: 0.666743631524.
Iteration 796. I-divergence: 1296.26336532. MSE: 0.666647308244.
Iteration 797. I-divergence: 1296.08099112. MSE: 0.666551162654.
Iteration 798. I-divergence: 1295.89895172. MSE: 0.666455194791.
Iteration 799. I-divergence: 1295.71724713. MSE: 0.666359404685.
Iteration 800. I-divergence: 1295.5358774. MSE: 0.666263792363.
Iteration 801. I-divergence: 1295.35484254. MSE: 0.666168357847.
Iteration 802. I-divergence: 1295.17414255. MSE: 0.666073101154.
Iteration 803. I-divergence: 1294.99377743. MSE: 0.665978022295.
Iteration 804. I-divergence: 1294.81374717. MSE: 0.665883121279.
Iteration 805. I-divergence: 1294.63405175. MSE: 0.665788398106.
Iteration 806. I-divergence: 1294.45469115. MSE: 0.665693852775.
Iteration 807. I-divergence: 1294.27566533. MSE: 0.665599485278.
Iteration 808. I-divergence: 1294.09697424. MSE: 0.665505295601.
Iteration 809. I-divergence: 1293.91861782. MSE: 0.665411283729.
Iteration 810. I-divergence: 1293.74059601. MSE: 0.665317449637.
Iteration 811. I-divergence: 1293.56290875. MSE: 0.665223793298.
Iteration 812. I-divergence: 1293.38555593. MSE: 0.66513031468.
Iteration 813. I-divergence: 1293.20853749. MSE: 0.665037013745.
Iteration 814. I-divergence: 1293.0318533. MSE: 0.66494389045.
Iteration 815. I-divergence: 1292.85550327. MSE: 0.664850944748.
Iteration 816. I-divergence: 1292.67948727. MSE: 0.664758176586.
Iteration 817. I-divergence: 1292.50380517. MSE: 0.664665585906.
Iteration 818. I-divergence: 1292.32845685. MSE: 0.664573172644.
Iteration 819. I-divergence: 1292.15344214. MSE: 0.664480936734.
Iteration 820. I-divergence: 1291.9787609. MSE: 0.664388878102.
Iteration 821. I-divergence: 1291.80441296. MSE: 0.66429699667.
Iteration 822. I-divergence: 1291.63039814. MSE: 0.664205292355.
Iteration 823. I-divergence: 1291.45671626. MSE: 0.664113765068.
Iteration 824. I-divergence: 1291.28336714. MSE: 0.664022414717.
Iteration 825. I-divergence: 1291.11035055. MSE: 0.663931241203.
Iteration 826. I-divergence: 1290.93766631. MSE: 0.663840244423.
Iteration 827. I-divergence: 1290.76531417. MSE: 0.663749424268.
Iteration 828. I-divergence: 1290.59329393. MSE: 0.663658780624.
Iteration 829. I-divergence: 1290.42160532. MSE: 0.663568313375.
Iteration 830. I-divergence: 1290.25024812. MSE: 0.663478022395.
Iteration 831. I-divergence: 1290.07922206. MSE: 0.663387907556.
Iteration 832. I-divergence: 1289.90852687. MSE: 0.663297968725.
Iteration 833. I-divergence: 1289.73816228. MSE: 0.663208205764.
Iteration 834. I-divergence: 1289.56812801. MSE: 0.663118618529.
Iteration 835. I-divergence: 1289.39842376. MSE: 0.663029206872.
Iteration 836. I-divergence: 1289.22904923. MSE: 0.662939970639.
Iteration 837. I-divergence: 1289.06000411. MSE: 0.662850909672.
Iteration 838. I-divergence: 1288.89128808. MSE: 0.662762023808.
Iteration 839. I-divergence: 1288.72290081. MSE: 0.66267331288.
Iteration 840. I-divergence: 1288.55484197. MSE: 0.662584776713.
Iteration 841. I-divergence: 1288.3871112. MSE: 0.662496415131.
Iteration 842. I-divergence: 1288.21970815. MSE: 0.662408227952.
Iteration 843. I-divergence: 1288.05263246. MSE: 0.662320214987.
Iteration 844. I-divergence: 1287.88588376. MSE: 0.662232376045.
Iteration 845. I-divergence: 1287.71946165. MSE: 0.662144710929.
Iteration 846. I-divergence: 1287.55336577. MSE: 0.662057219437.
Iteration 847. I-divergence: 1287.3875957. MSE: 0.661969901364.
Iteration 848. I-divergence: 1287.22215103. MSE: 0.661882756499.
Iteration 849. I-divergence: 1287.05703136. MSE: 0.661795784625.
Iteration 850. I-divergence: 1286.89223626. MSE: 0.661708985524.
Iteration 851. I-divergence: 1286.7277653. MSE: 0.661622358971.
Iteration 852. I-divergence: 1286.56361804. MSE: 0.661535904735.
Iteration 853. I-divergence: 1286.39979403. MSE: 0.661449622585.
Iteration 854. I-divergence: 1286.23629281. MSE: 0.661363512281.
Iteration 855. I-divergence: 1286.07311392. MSE: 0.661277573581.
Iteration 856. I-divergence: 1285.91025689. MSE: 0.661191806238.
Iteration 857. I-divergence: 1285.74772123. MSE: 0.661106210002.
Iteration 858. I-divergence: 1285.58550646. MSE: 0.661020784615.
Iteration 859. I-divergence: 1285.42361208. MSE: 0.660935529819.
Iteration 860. I-divergence: 1285.26203759. MSE: 0.660850445349.
Iteration 861. I-divergence: 1285.10078248. MSE: 0.660765530937.
Iteration 862. I-divergence: 1284.93984623. MSE: 0.66068078631.
Iteration 863. I-divergence: 1284.7792283. MSE: 0.660596211192.
Iteration 864. I-divergence: 1284.61892817. MSE: 0.660511805301.
Iteration 865. I-divergence: 1284.4589453. MSE: 0.660427568353.
Iteration 866. I-divergence: 1284.29927913. MSE: 0.66034350006.
Iteration 867. I-divergence: 1284.13992912. MSE: 0.660259600127.
Iteration 868. I-divergence: 1283.98089469. MSE: 0.660175868259.
Iteration 869. I-divergence: 1283.82217528. MSE: 0.660092304155.
Iteration 870. I-divergence: 1283.66377031. MSE: 0.66000890751.
Iteration 871. I-divergence: 1283.50567919. MSE: 0.659925678016.
Iteration 872. I-divergence: 1283.34790134. MSE: 0.659842615361.
Iteration 873. I-divergence: 1283.19043615. MSE: 0.65975971923.
Iteration 874. I-divergence: 1283.03328303. MSE: 0.659676989302.
Iteration 875. I-divergence: 1282.87644136. MSE: 0.659594425255.
Iteration 876. I-divergence: 1282.71991053. MSE: 0.659512026762.
Iteration 877. I-divergence: 1282.56368991. MSE: 0.659429793494.
Iteration 878. I-divergence: 1282.40777886. MSE: 0.659347725115.
Iteration 879. I-divergence: 1282.25217676. MSE: 0.659265821291.
Iteration 880. I-divergence: 1282.09688296. MSE: 0.659184081679.
Iteration 881. I-divergence: 1281.94189682. MSE: 0.659102505937.
Iteration 882. I-divergence: 1281.78721767. MSE: 0.659021093717.
Iteration 883. I-divergence: 1281.63284486. MSE: 0.658939844668.
Iteration 884. I-divergence: 1281.47877772. MSE: 0.658858758439.
Iteration 885. I-divergence: 1281.32501559. MSE: 0.658777834671.
Iteration 886. I-divergence: 1281.17155777. MSE: 0.658697073005.
Iteration 887. I-divergence: 1281.01840359. MSE: 0.658616473079.
Iteration 888. I-divergence: 1280.86555236. MSE: 0.658536034527.
Iteration 889. I-divergence: 1280.71300339. MSE: 0.65845575698.
Iteration 890. I-divergence: 1280.56075597. MSE: 0.658375640066.
Iteration 891. I-divergence: 1280.40880941. MSE: 0.658295683412.
Iteration 892. I-divergence: 1280.25716299. MSE: 0.658215886639.
Iteration 893. I-divergence: 1280.105816. MSE: 0.658136249369.
Iteration 894. I-divergence: 1279.95476771. MSE: 0.658056771218.
Iteration 895. I-divergence: 1279.80401741. MSE: 0.657977451801.
Iteration 896. I-divergence: 1279.65356437. MSE: 0.65789829073.
Iteration 897. I-divergence: 1279.50340785. MSE: 0.657819287615.
Iteration 898. I-divergence: 1279.35354712. MSE: 0.657740442063.
Iteration 899. I-divergence: 1279.20398143. MSE: 0.65766175368.
Iteration 900. I-divergence: 1279.05471003. MSE: 0.657583222066.
Iteration 901. I-divergence: 1278.90573218. MSE: 0.657504846822.
Iteration 902. I-divergence: 1278.75704711. MSE: 0.657426627546.
Iteration 903. I-divergence: 1278.60865408. MSE: 0.657348563833.
Iteration 904. I-divergence: 1278.46055232. MSE: 0.657270655277.
Iteration 905. I-divergence: 1278.31274105. MSE: 0.657192901468.
Iteration 906. I-divergence: 1278.16521951. MSE: 0.657115301997.
Iteration 907. I-divergence: 1278.01798693. MSE: 0.657037856449.
Iteration 908. I-divergence: 1277.87104253. MSE: 0.65696056441.
Iteration 909. I-divergence: 1277.72438552. MSE: 0.656883425463.
Iteration 910. I-divergence: 1277.57801512. MSE: 0.656806439189.
Iteration 911. I-divergence: 1277.43193054. MSE: 0.656729605168.
Iteration 912. I-divergence: 1277.286131. MSE: 0.656652922978.
Iteration 913. I-divergence: 1277.14061569. MSE: 0.656576392194.
Iteration 914. I-divergence: 1276.99538381. MSE: 0.65650001239.
Iteration 915. I-divergence: 1276.85043458. MSE: 0.65642378314.
Iteration 916. I-divergence: 1276.70576718. MSE: 0.656347704015.
Iteration 917. I-divergence: 1276.56138081. MSE: 0.656271774583.
Iteration 918. I-divergence: 1276.41727465. MSE: 0.656195994413.
Iteration 919. I-divergence: 1276.2734479. MSE: 0.656120363072.
Iteration 920. I-divergence: 1276.12989975. MSE: 0.656044880124.
Iteration 921. I-divergence: 1275.98662937. MSE: 0.655969545135.
Iteration 922. I-divergence: 1275.84363595. MSE: 0.655894357665.
Iteration 923. I-divergence: 1275.70091867. MSE: 0.655819317278.
Iteration 924. I-divergence: 1275.5584767. MSE: 0.655744423532.
Iteration 925. I-divergence: 1275.41630921. MSE: 0.655669675987.
Iteration 926. I-divergence: 1275.27441539. MSE: 0.655595074201.
Iteration 927. I-divergence: 1275.1327944. MSE: 0.655520617731.
Iteration 928. I-divergence: 1274.99144542. MSE: 0.655446306132.
Iteration 929. I-divergence: 1274.85036759. MSE: 0.65537213896.
Iteration 930. I-divergence: 1274.70956011. MSE: 0.655298115769.
Iteration 931. I-divergence: 1274.56902212. MSE: 0.655224236112.
Iteration 932. I-divergence: 1274.42875279. MSE: 0.65515049954.
Iteration 933. I-divergence: 1274.28875128. MSE: 0.655076905606.
Iteration 934. I-divergence: 1274.14901676. MSE: 0.655003453861.
Iteration 935. I-divergence: 1274.00954837. MSE: 0.654930143855.
Iteration 936. I-divergence: 1273.87034528. MSE: 0.654856975136.
Iteration 937. I-divergence: 1273.73140665. MSE: 0.654783947254.
Iteration 938. I-divergence: 1273.59273162. MSE: 0.654711059758.
Iteration 939. I-divergence: 1273.45431936. MSE: 0.654638312194.
Iteration 940. I-divergence: 1273.31616901. MSE: 0.654565704111.
Iteration 941. I-divergence: 1273.17827974. MSE: 0.654493235056.
Iteration 942. I-divergence: 1273.04065068. MSE: 0.654420904574.
Iteration 943. I-divergence: 1272.903281. MSE: 0.654348712212.
Iteration 944. I-divergence: 1272.76616985. MSE: 0.654276657515.
Iteration 945. I-divergence: 1272.62931637. MSE: 0.65420474003.
Iteration 946. I-divergence: 1272.49271971. MSE: 0.654132959302.
Iteration 947. I-divergence: 1272.35637904. MSE: 0.654061314875.
Iteration 948. I-divergence: 1272.22029348. MSE: 0.653989806295.
Iteration 949. I-divergence: 1272.0844622. MSE: 0.653918433107.
Iteration 950. I-divergence: 1271.94888434. MSE: 0.653847194855.
Iteration 951. I-divergence: 1271.81355905. MSE: 0.653776091084.
Iteration 952. I-divergence: 1271.67848549. MSE: 0.653705121339.
Iteration 953. I-divergence: 1271.5436628. MSE: 0.653634285165.
Iteration 954. I-divergence: 1271.40909012. MSE: 0.653563582106.
Iteration 955. I-divergence: 1271.27476662. MSE: 0.653493011707.
Iteration 956. I-divergence: 1271.14069143. MSE: 0.653422573514.
Iteration 957. I-divergence: 1271.00686371. MSE: 0.653352267072.
Iteration 958. I-divergence: 1270.87328262. MSE: 0.653282091926.
Iteration 959. I-divergence: 1270.73994729. MSE: 0.653212047621.
Iteration 960. I-divergence: 1270.60685689. MSE: 0.653142133705.
Iteration 961. I-divergence: 1270.47401057. MSE: 0.653072349723.
Iteration 962. I-divergence: 1270.34140747. MSE: 0.653002695222.
Iteration 963. I-divergence: 1270.20904675. MSE: 0.652933169748.
Iteration 964. I-divergence: 1270.07692757. MSE: 0.65286377285.
Iteration 965. I-divergence: 1269.94504908. MSE: 0.652794504075.
Iteration 966. I-divergence: 1269.81341044. MSE: 0.652725362972.
Iteration 967. I-divergence: 1269.6820108. MSE: 0.652656349089.
Iteration 968. I-divergence: 1269.55084933. MSE: 0.652587461976.
Iteration 969. I-divergence: 1269.41992517. MSE: 0.652518701182.
Iteration 970. I-divergence: 1269.2892375. MSE: 0.652450066258.
Iteration 971. I-divergence: 1269.15878547. MSE: 0.652381556755.
Iteration 972. I-divergence: 1269.02856825. MSE: 0.652313172225.
Iteration 973. I-divergence: 1268.89858499. MSE: 0.652244912221.
Iteration 974. I-divergence: 1268.76883487. MSE: 0.652176776295.
Iteration 975. I-divergence: 1268.63931705. MSE: 0.652108764001.
Iteration 976. I-divergence: 1268.5100307. MSE: 0.652040874895.
Iteration 977. I-divergence: 1268.38097499. MSE: 0.65197310853.
Iteration 978. I-divergence: 1268.25214908. MSE: 0.651905464464.
Iteration 979. I-divergence: 1268.12355216. MSE: 0.651837942254.
Iteration 980. I-divergence: 1267.99518339. MSE: 0.651770541457.
Iteration 981. I-divergence: 1267.86704195. MSE: 0.651703261631.
Iteration 982. I-divergence: 1267.73912701. MSE: 0.651636102338.
Iteration 983. I-divergence: 1267.61143777. MSE: 0.651569063136.
Iteration 984. I-divergence: 1267.48397339. MSE: 0.651502143588.
Iteration 985. I-divergence: 1267.35673306. MSE: 0.651435343257.
Iteration 986. I-divergence: 1267.22971596. MSE: 0.651368661705.
Iteration 987. I-divergence: 1267.10292128. MSE: 0.651302098496.
Iteration 988. I-divergence: 1266.97634821. MSE: 0.651235653198.
Iteration 989. I-divergence: 1266.84999594. MSE: 0.651169325375.
Iteration 990. I-divergence: 1266.72386366. MSE: 0.651103114596.
Iteration 991. I-divergence: 1266.59795056. MSE: 0.651037020429.
Iteration 992. I-divergence: 1266.47225584. MSE: 0.650971042444.
Iteration 993. I-divergence: 1266.3467787. MSE: 0.650905180212.
Iteration 994. I-divergence: 1266.22151834. MSE: 0.650839433305.
Iteration 995. I-divergence: 1266.09647396. MSE: 0.650773801297.
Iteration 996. I-divergence: 1265.97164477. MSE: 0.650708283761.
Iteration 997. I-divergence: 1265.84702997. MSE: 0.650642880273.
Iteration 998. I-divergence: 1265.72262877. MSE: 0.65057759041.
Iteration 999. I-divergence: 1265.59844038. MSE: 0.650512413751.
Iteration 1000. I-divergence: 1265.47446402. MSE: 0.650447349874.
Performance on test set: MSE=0.703933196799, I-div=341.205846601.
0.703933196799
