Fold 1 for k=10,l=15.
Initialising F using KMeans.
Iteration: 1.
Iteration: 2.
Iteration: 3.
Iteration: 4.
Iteration: 5.
Iteration: 6.
Iteration: 7.
Iteration: 8.
Iteration: 9.
Iteration: 10.
Iteration: 11.
Iteration: 12.
Iteration: 13.
Iteration: 14.
Iteration: 15.
Iteration: 16.
Iteration: 17.
Iteration: 18.
[132.0, 4.0, 29.0, 59.0, 10.0, 72.0, 131.0, 34.0, 81.0, 70.0]
Initialising G using KMeans.
Iteration: 1.
Iteration: 2.
Iteration: 3.
Iteration: 4.
Iteration: 5.
[1.0, 0.0, 15.0, 1.0, 0.0, 10.0, 7.0, 27.0, 9.0, 5.0, 8.0, 48.0, 2.0, 1.0, 5.0]
Iteration 0. I-divergence: 18471.3503242. MSE: 8.5976448976. Diff MSE: -8.5976448976.
Iteration 1. I-divergence: 1695.81099616. MSE: 0.87724797254. Diff MSE: 7.72039692506.
Iteration 2. I-divergence: 1630.05231343. MSE: 0.842079111552. Diff MSE: 0.0351688609878.
Iteration 3. I-divergence: 1624.46587538. MSE: 0.839123087742. Diff MSE: 0.00295602381022.
Iteration 4. I-divergence: 1621.96658173. MSE: 0.8378090341. Diff MSE: 0.00131405364192.
Iteration 5. I-divergence: 1619.79984685. MSE: 0.836669711434. Diff MSE: 0.0011393226655.
Iteration 6. I-divergence: 1617.71516756. MSE: 0.835573168056. Diff MSE: 0.00109654337831.
Iteration 7. I-divergence: 1615.68570785. MSE: 0.834505535151. Diff MSE: 0.00106763290524.
Iteration 8. I-divergence: 1613.70659452. MSE: 0.833464358794. Diff MSE: 0.00104117635639.
Iteration 9. I-divergence: 1611.77556828. MSE: 0.832448491384. Diff MSE: 0.00101586741049.
Iteration 10. I-divergence: 1609.89083098. MSE: 0.831457002006. Diff MSE: 0.000991489378088.
Iteration 11. I-divergence: 1608.05073524. MSE: 0.830489029511. Diff MSE: 0.000967972494574.
Iteration 12. I-divergence: 1606.25372234. MSE: 0.829543755791. Diff MSE: 0.00094527372078.
Iteration 13. I-divergence: 1604.49830484. MSE: 0.828620398855. Diff MSE: 0.000923356935638.
Iteration 14. I-divergence: 1602.78305958. MSE: 0.827718209962. Diff MSE: 0.000902188892425.
Iteration 15. I-divergence: 1601.10662329. MSE: 0.826836471692. Diff MSE: 0.000881738270218.
Iteration 16. I-divergence: 1599.46768922. MSE: 0.825974496287. Diff MSE: 0.000861975405043.
Iteration 17. I-divergence: 1597.86500411. MSE: 0.825131624117. Diff MSE: 0.000842872170063.
Iteration 18. I-divergence: 1596.29736537. MSE: 0.824307222231. Diff MSE: 0.000824401885841.
Iteration 19. I-divergence: 1594.76361852. MSE: 0.823500682995. Diff MSE: 0.00080653923602.
Iteration 20. I-divergence: 1593.2626547. MSE: 0.822711422809. Diff MSE: 0.000789260186298.
Iteration 21. I-divergence: 1591.79340844. MSE: 0.821938880902. Diff MSE: 0.000772541906713.
Iteration 22. I-divergence: 1590.35485546. MSE: 0.821182518204. Diff MSE: 0.000756362698297.
Iteration 23. I-divergence: 1588.9460107. MSE: 0.82044181628. Diff MSE: 0.000740701924184.
Iteration 24. I-divergence: 1587.56592639. MSE: 0.819716276334. Diff MSE: 0.000725539945545.
Iteration 25. I-divergence: 1586.21369033. MSE: 0.819005418273. Diff MSE: 0.000710858061544.
Iteration 26. I-divergence: 1584.88842415. MSE: 0.818308779819. Diff MSE: 0.000696638453849.
Iteration 27. I-divergence: 1583.58928178. MSE: 0.817625915684. Diff MSE: 0.000682864134553.
Iteration 28. I-divergence: 1582.31544796. MSE: 0.816956396786. Diff MSE: 0.000669518897952.
Iteration 29. I-divergence: 1581.06613684. MSE: 0.816299809511. Diff MSE: 0.000656587275605.
Iteration 30. I-divergence: 1579.84059063. MSE: 0.815655755017. Diff MSE: 0.000644054494215.
Iteration 31. I-divergence: 1578.63807843. MSE: 0.81502384858. Diff MSE: 0.000631906436639.
Iteration 32. I-divergence: 1577.45789497. MSE: 0.814403718975. Diff MSE: 0.000620129605185.
Iteration 33. I-divergence: 1576.29935955. MSE: 0.813795007887. Diff MSE: 0.000608711087701.
Iteration 34. I-divergence: 1575.16181499. MSE: 0.813197369362. Diff MSE: 0.000597638525427.
Iteration 35. I-divergence: 1574.04462661. MSE: 0.812610469278. Diff MSE: 0.000586900083378.
Iteration 36. I-divergence: 1572.9471813. MSE: 0.812033984856. Diff MSE: 0.000576484422273.
Iteration 37. I-divergence: 1571.86888664. MSE: 0.811467604183. Diff MSE: 0.000566380672481.
Iteration 38. I-divergence: 1570.80917004. MSE: 0.810911025774. Diff MSE: 0.000556578409513.
Iteration 39. I-divergence: 1569.76747795. MSE: 0.810363958143. Diff MSE: 0.00054706763104.
Iteration 40. I-divergence: 1568.74327507. MSE: 0.809826119408. Diff MSE: 0.000537838735304.
Iteration 41. I-divergence: 1567.73604367. MSE: 0.809297236907. Diff MSE: 0.000528882501066.
Iteration 42. I-divergence: 1566.74528287. MSE: 0.808777046838. Diff MSE: 0.00052019006846.
Iteration 43. I-divergence: 1565.770508. MSE: 0.808265293917. Diff MSE: 0.00051175292115.
Iteration 44. I-divergence: 1564.81124999. MSE: 0.807761731047. Diff MSE: 0.000503562869663.
Iteration 45. I-divergence: 1563.86705474. MSE: 0.807266119012. Diff MSE: 0.000495612035558.
Iteration 46. I-divergence: 1562.9374826. MSE: 0.806778226175. Diff MSE: 0.00048789283648.
Iteration 47. I-divergence: 1562.0221078. MSE: 0.806297828203. Diff MSE: 0.000480397972363.
Iteration 48. I-divergence: 1561.12051797. MSE: 0.805824707791. Diff MSE: 0.000473120412012.
Iteration 49. I-divergence: 1560.23231363. MSE: 0.80535865441. Diff MSE: 0.000466053380877.
Iteration 50. I-divergence: 1559.35710772. MSE: 0.804899464061. Diff MSE: 0.000459190349222.
Iteration 51. I-divergence: 1558.49452516. MSE: 0.80444693904. Diff MSE: 0.0004525250211.
Iteration 52. I-divergence: 1557.64420244. MSE: 0.804000887716. Diff MSE: 0.000446051323832.
Iteration 53. I-divergence: 1556.80578719. MSE: 0.803561124318. Diff MSE: 0.000439763398233.
Iteration 54. I-divergence: 1555.97893782. MSE: 0.803127468728. Diff MSE: 0.000433655589256.
Iteration 55. I-divergence: 1555.1633231. MSE: 0.802699746291. Diff MSE: 0.000427722437104.
Iteration 56. I-divergence: 1554.35862187. MSE: 0.802277787622. Diff MSE: 0.000421958668909.
Iteration 57. I-divergence: 1553.56452263. MSE: 0.801861428431. Diff MSE: 0.000416359190884.
Iteration 58. I-divergence: 1552.78072327. MSE: 0.801450509351. Diff MSE: 0.000410919080744.
Iteration 59. I-divergence: 1552.00693072. MSE: 0.80104487577. Diff MSE: 0.000405633580673.
Iteration 60. I-divergence: 1551.24286066. MSE: 0.800644377679. Diff MSE: 0.000400498090563.
Iteration 61. I-divergence: 1550.48823723. MSE: 0.800248869518. Diff MSE: 0.000395508161582.
Iteration 62. I-divergence: 1549.74279277. MSE: 0.799858210028. Diff MSE: 0.000390659490271.
Iteration 63. I-divergence: 1549.00626754. MSE: 0.799472262115. Diff MSE: 0.000385947912587.
Iteration 64. I-divergence: 1548.27840943. MSE: 0.799090892716. Diff MSE: 0.000381369398558.
Iteration 65. I-divergence: 1547.5589738. MSE: 0.798713972669. Diff MSE: 0.000376920047102.
Iteration 66. I-divergence: 1546.84772315. MSE: 0.798341376588. Diff MSE: 0.000372596081001.
Iteration 67. I-divergence: 1546.14442694. MSE: 0.797972982746. Diff MSE: 0.000368393842195.
Iteration 68. I-divergence: 1545.4488614. MSE: 0.797608672959. Diff MSE: 0.00036430978744.
Iteration 69. I-divergence: 1544.76080924. MSE: 0.797248332475. Diff MSE: 0.000360340483859.
Iteration 70. I-divergence: 1544.08005952. MSE: 0.79689184987. Diff MSE: 0.00035648260503.
Iteration 71. I-divergence: 1543.40640742. MSE: 0.796539116943. Diff MSE: 0.000352732926994.
Iteration 72. I-divergence: 1542.73965404. MSE: 0.796190028618. Diff MSE: 0.000349088324626.
Iteration 73. I-divergence: 1542.07960627. MSE: 0.79584448285. Diff MSE: 0.000345545768109.
Iteration 74. I-divergence: 1541.42607654. MSE: 0.795502380531. Diff MSE: 0.000342102319512.
Iteration 75. I-divergence: 1540.77888272. MSE: 0.795163625401. Diff MSE: 0.000338755129614.
Iteration 76. I-divergence: 1540.13784792. MSE: 0.794828123966. Diff MSE: 0.000335501434818.
Iteration 77. I-divergence: 1539.50280034. MSE: 0.794495785412. Diff MSE: 0.00033233855418.
Iteration 78. I-divergence: 1538.87357311. MSE: 0.794166521525. Diff MSE: 0.000329263886654.
Iteration 79. I-divergence: 1538.25000417. MSE: 0.793840246617. Diff MSE: 0.000326274908301.
Iteration 80. I-divergence: 1537.63193608. MSE: 0.793516877447. Diff MSE: 0.000323369169863.
Iteration 81. I-divergence: 1537.01921593. MSE: 0.793196333153. Diff MSE: 0.000320544294046.
Iteration 82. I-divergence: 1536.41169519. MSE: 0.79287853518. Diff MSE: 0.000317797973418.
Iteration 83. I-divergence: 1535.80922955. MSE: 0.792563407212. Diff MSE: 0.000315127967937.
Iteration 84. I-divergence: 1535.21167887. MSE: 0.792250875109. Diff MSE: 0.000312532102861.
Iteration 85. I-divergence: 1534.61890698. MSE: 0.791940866842. Diff MSE: 0.00031000826661.
Iteration 86. I-divergence: 1534.03078161. MSE: 0.791633312433. Diff MSE: 0.000307554408794.
Iteration 87. I-divergence: 1533.44717425. MSE: 0.791328143895. Diff MSE: 0.000305168538219.
Iteration 88. I-divergence: 1532.86796008. MSE: 0.791025295174. Diff MSE: 0.000302848721053.
Iteration 89. I-divergence: 1532.29301781. MSE: 0.790724702095. Diff MSE: 0.000300593079102.
Iteration 90. I-divergence: 1531.72222964. MSE: 0.790426302307. Diff MSE: 0.000298399787939.
Iteration 91. I-divergence: 1531.1554811. MSE: 0.790130035232. Diff MSE: 0.000296267075383.
Iteration 92. I-divergence: 1530.59266098. MSE: 0.789835842012. Diff MSE: 0.000294193219867.
Iteration 93. I-divergence: 1530.03366127. MSE: 0.789543665463. Diff MSE: 0.000292176548799.
Iteration 94. I-divergence: 1529.47837699. MSE: 0.789253450026. Diff MSE: 0.000290215437273.
Iteration 95. I-divergence: 1528.92670619. MSE: 0.788965141719. Diff MSE: 0.000288308306386.
Iteration 96. I-divergence: 1528.3785498. MSE: 0.788678688097. Diff MSE: 0.000286453622115.
Iteration 97. I-divergence: 1527.83381158. MSE: 0.788394038204. Diff MSE: 0.000284649893809.
Iteration 98. I-divergence: 1527.29239802. MSE: 0.788111142531. Diff MSE: 0.000282895672947.
Iteration 99. I-divergence: 1526.75421829. MSE: 0.787829952979. Diff MSE: 0.000281189551896.
Iteration 100. I-divergence: 1526.21918415. MSE: 0.787550422816. Diff MSE: 0.000279530162741.
Iteration 101. I-divergence: 1525.68720984. MSE: 0.78727250664. Diff MSE: 0.000277916176073.
Iteration 102. I-divergence: 1525.15821208. MSE: 0.78699616034. Diff MSE: 0.000276346299902.
Iteration 103. I-divergence: 1524.63210996. MSE: 0.786721341061. Diff MSE: 0.000274819278563.
Iteration 104. I-divergence: 1524.10882485. MSE: 0.78644800717. Diff MSE: 0.000273333891599.
Iteration 105. I-divergence: 1523.5882804. MSE: 0.786176118217. Diff MSE: 0.000271888952898.
Iteration 106. I-divergence: 1523.07040241. MSE: 0.785905634907. Diff MSE: 0.000270483309523.
Iteration 107. I-divergence: 1522.55511882. MSE: 0.785636519067. Diff MSE: 0.000269115840851.
Iteration 108. I-divergence: 1522.0423596. MSE: 0.785368733609. Diff MSE: 0.00026778545776.
Iteration 109. I-divergence: 1521.53205675. MSE: 0.785102242507. Diff MSE: 0.000266491101432.
Iteration 110. I-divergence: 1521.02414419. MSE: 0.784837010765. Diff MSE: 0.000265231742782.
Iteration 111. I-divergence: 1520.51855776. MSE: 0.784573004383. Diff MSE: 0.000264006381513.
Iteration 112. I-divergence: 1520.0152351. MSE: 0.784310190338. Diff MSE: 0.000262814045173.
Iteration 113. I-divergence: 1519.51411565. MSE: 0.784048536549. Diff MSE: 0.000261653788613.
Iteration 114. I-divergence: 1519.01514061. MSE: 0.783788011856. Diff MSE: 0.000260524692999.
Iteration 115. I-divergence: 1518.51825283. MSE: 0.783528585991. Diff MSE: 0.000259425865163.
Iteration 116. I-divergence: 1518.02339681. MSE: 0.783270229554. Diff MSE: 0.000258356436854.
Iteration 117. I-divergence: 1517.53051865. MSE: 0.78301291399. Diff MSE: 0.000257315564085.
Iteration 118. I-divergence: 1517.039566. MSE: 0.782756611564. Diff MSE: 0.000256302426354.
Iteration 119. I-divergence: 1516.550488. MSE: 0.782501295338. Diff MSE: 0.000255316226115.
Iteration 120. I-divergence: 1516.06323528. MSE: 0.78224693915. Diff MSE: 0.000254356187959.
Iteration 121. I-divergence: 1515.57775987. MSE: 0.781993517592. Diff MSE: 0.000253421558176.
Iteration 122. I-divergence: 1515.09401519. MSE: 0.781741005988. Diff MSE: 0.000252511604027.
Iteration 123. I-divergence: 1514.611956. MSE: 0.781489380374. Diff MSE: 0.000251625613158.
Iteration 124. I-divergence: 1514.13153837. MSE: 0.781238617481. Diff MSE: 0.000250762893118.
Iteration 125. I-divergence: 1513.65271965. MSE: 0.780988694711. Diff MSE: 0.000249922770691.
Iteration 126. I-divergence: 1513.17545841. MSE: 0.780739590119. Diff MSE: 0.000249104591423.
Iteration 127. I-divergence: 1512.69971442. MSE: 0.7804912824. Diff MSE: 0.000248307719057.
Iteration 128. I-divergence: 1512.22544863. MSE: 0.780243750865. Diff MSE: 0.000247531535104.
Iteration 129. I-divergence: 1511.75262312. MSE: 0.779996975427. Diff MSE: 0.000246775438219.
Iteration 130. I-divergence: 1511.28120105. MSE: 0.779750936583. Diff MSE: 0.000246038843782.
Iteration 131. I-divergence: 1510.81114669. MSE: 0.779505615399. Diff MSE: 0.000245321183516.
Iteration 132. I-divergence: 1510.34242532. MSE: 0.779260993495. Diff MSE: 0.000244621904812.
Iteration 133. I-divergence: 1509.87500326. MSE: 0.779017053024. Diff MSE: 0.000243940470554.
Iteration 134. I-divergence: 1509.40884779. MSE: 0.778773776666. Diff MSE: 0.000243276358424.
Iteration 135. I-divergence: 1508.94392717. MSE: 0.778531147605. Diff MSE: 0.000242629060773.
Iteration 136. I-divergence: 1508.48021057. MSE: 0.778289149521. Diff MSE: 0.000241998083807.
Iteration 137. I-divergence: 1508.01766807. MSE: 0.778047766573. Diff MSE: 0.000241382947739.
Iteration 138. I-divergence: 1507.55627065. MSE: 0.777806983388. Diff MSE: 0.000240783185828.
Iteration 139. I-divergence: 1507.09599011. MSE: 0.777566785043. Diff MSE: 0.000240198344408.
Iteration 140. I-divergence: 1506.63679913. MSE: 0.777327157061. Diff MSE: 0.000239627982445.
Iteration 141. I-divergence: 1506.17867115. MSE: 0.77708808539. Diff MSE: 0.000239071670918.
Iteration 142. I-divergence: 1505.72158042. MSE: 0.776849556397. Diff MSE: 0.000238528992926.
Iteration 143. I-divergence: 1505.26550196. MSE: 0.776611556854. Diff MSE: 0.000237999542997.
Iteration 144. I-divergence: 1504.81041152. MSE: 0.776374073927. Diff MSE: 0.000237482926827.
Iteration 145. I-divergence: 1504.35628558. MSE: 0.776137095166. Diff MSE: 0.00023697876112.
Iteration 146. I-divergence: 1503.90310131. MSE: 0.775900608493. Diff MSE: 0.000236486673124.
Iteration 147. I-divergence: 1503.4508366. MSE: 0.775664602192. Diff MSE: 0.000236006300364.
Iteration 148. I-divergence: 1502.99946996. MSE: 0.775429064902. Diff MSE: 0.000235537290417.
Iteration 149. I-divergence: 1502.54898057. MSE: 0.775193985601. Diff MSE: 0.000235079300544.
Iteration 150. I-divergence: 1502.09934823. MSE: 0.774959353604. Diff MSE: 0.000234631997452.
Iteration 151. I-divergence: 1501.65055337. MSE: 0.774725158547. Diff MSE: 0.000234195057092.
Iteration 152. I-divergence: 1501.20257699. MSE: 0.774491390383. Diff MSE: 0.000233768164206.
Iteration 153. I-divergence: 1500.75540068. MSE: 0.77425803937. Diff MSE: 0.000233351012344.
Iteration 154. I-divergence: 1500.3090066. MSE: 0.774025096067. Diff MSE: 0.000232943303377.
Iteration 155. I-divergence: 1499.86337743. MSE: 0.77379255132. Diff MSE: 0.000232544747422.
Iteration 156. I-divergence: 1499.41849641. MSE: 0.773560396257. Diff MSE: 0.000232155062534.
Iteration 157. I-divergence: 1498.97434729. MSE: 0.773328622283. Diff MSE: 0.00023177397446.
Iteration 158. I-divergence: 1498.53091432. MSE: 0.773097221066. Diff MSE: 0.000231401216499.
Iteration 159. I-divergence: 1498.08818223. MSE: 0.772866184537. Diff MSE: 0.00023103652923.
Iteration 160. I-divergence: 1497.64613625. MSE: 0.772635504877. Diff MSE: 0.000230679660315.
Iteration 161. I-divergence: 1497.20476205. MSE: 0.772405174512. Diff MSE: 0.000230330364342.
Iteration 162. I-divergence: 1496.76404576. MSE: 0.77217518611. Diff MSE: 0.000229988402511.
Iteration 163. I-divergence: 1496.32397395. MSE: 0.771945532567. Diff MSE: 0.00022965354263.
Iteration 164. I-divergence: 1495.88453362. MSE: 0.771716207008. Diff MSE: 0.000229325558732.
Iteration 165. I-divergence: 1495.44571217. MSE: 0.771487202777. Diff MSE: 0.000229004231102.
Iteration 166. I-divergence: 1495.00749741. MSE: 0.771258513431. Diff MSE: 0.000228689345877.
Iteration 167. I-divergence: 1494.56987756. MSE: 0.771030132736. Diff MSE: 0.000228380695055.
Iteration 168. I-divergence: 1494.1328412. MSE: 0.77080205466. Diff MSE: 0.000228078076278.
Iteration 169. I-divergence: 1493.6963773. MSE: 0.770574273367. Diff MSE: 0.000227781292647.
Iteration 170. I-divergence: 1493.26047516. MSE: 0.770346783215. Diff MSE: 0.000227490152575.
Iteration 171. I-divergence: 1492.82512447. MSE: 0.770119578745. Diff MSE: 0.000227204469672.
Iteration 172. I-divergence: 1492.39031524. MSE: 0.769892654683. Diff MSE: 0.000226924062568.
Iteration 173. I-divergence: 1491.95603783. MSE: 0.769666005928. Diff MSE: 0.000226648754778.
Iteration 174. I-divergence: 1491.5222829. MSE: 0.769439627553. Diff MSE: 0.00022637837456.
Iteration 175. I-divergence: 1491.08904144. MSE: 0.769213514798. Diff MSE: 0.000226112754792.
Iteration 176. I-divergence: 1490.65630475. MSE: 0.768987663066. Diff MSE: 0.000225851732826.
Iteration 177. I-divergence: 1490.22406444. MSE: 0.768762067915. Diff MSE: 0.000225595150425.
Iteration 178. I-divergence: 1489.79231238. MSE: 0.768536725062. Diff MSE: 0.000225342853493.
Iteration 179. I-divergence: 1489.36104074. MSE: 0.768311630369. Diff MSE: 0.000225094692161.
Iteration 180. I-divergence: 1488.93024197. MSE: 0.768086779849. Diff MSE: 0.0002248505205.
Iteration 181. I-divergence: 1488.4999088. MSE: 0.767862169653. Diff MSE: 0.000224610196475.
Iteration 182. I-divergence: 1488.07003418. MSE: 0.767637796071. Diff MSE: 0.000224373581883.
Iteration 183. I-divergence: 1487.64061136. MSE: 0.767413655528. Diff MSE: 0.000224140542147.
Iteration 184. I-divergence: 1487.21163381. MSE: 0.767189744582. Diff MSE: 0.00022391094628.
Iteration 185. I-divergence: 1486.78309525. MSE: 0.766966059915. Diff MSE: 0.000223684666815.
Iteration 186. I-divergence: 1486.35498963. MSE: 0.766742598336. Diff MSE: 0.00022346157964.
Iteration 187. I-divergence: 1485.92731115. MSE: 0.766519356772. Diff MSE: 0.000223241563895.
Iteration 188. I-divergence: 1485.50005419. MSE: 0.76629633227. Diff MSE: 0.000223024501966.
Iteration 189. I-divergence: 1485.07321339. MSE: 0.766073521991. Diff MSE: 0.000222810279333.
Iteration 190. I-divergence: 1484.64678358. MSE: 0.765850923206. Diff MSE: 0.000222598784531.
Iteration 191. I-divergence: 1484.22075979. MSE: 0.765628533297. Diff MSE: 0.000222389909007.
Iteration 192. I-divergence: 1483.79513727. MSE: 0.76540634975. Diff MSE: 0.000222183547053.
Iteration 193. I-divergence: 1483.36991145. MSE: 0.765184370154. Diff MSE: 0.000221979595796.
Iteration 194. I-divergence: 1482.94507794. MSE: 0.764962592199. Diff MSE: 0.000221777955022.
Iteration 195. I-divergence: 1482.52063257. MSE: 0.764741013672. Diff MSE: 0.000221578527188.
Iteration 196. I-divergence: 1482.0965713. MSE: 0.764519632455. Diff MSE: 0.000221381217319.
Iteration 197. I-divergence: 1481.67289032. MSE: 0.764298446522. Diff MSE: 0.000221185932917.
Iteration 198. I-divergence: 1481.24958594. MSE: 0.764077453938. Diff MSE: 0.000220992583887.
Iteration 199. I-divergence: 1480.82665467. MSE: 0.763856652855. Diff MSE: 0.000220801082548.
Iteration 200. I-divergence: 1480.40409318. MSE: 0.763636041512. Diff MSE: 0.000220611343537.
Iteration 201. I-divergence: 1479.98189827. MSE: 0.763415618228. Diff MSE: 0.000220423283607.
Iteration 202. I-divergence: 1479.56006692. MSE: 0.763195381406. Diff MSE: 0.000220236821852.
Iteration 203. I-divergence: 1479.13859625. MSE: 0.762975329527. Diff MSE: 0.00022005187938.
Iteration 204. I-divergence: 1478.71748353. MSE: 0.762755461148. Diff MSE: 0.000219868379384.
Iteration 205. I-divergence: 1478.29672617. MSE: 0.7625357749. Diff MSE: 0.000219686247099.
Iteration 206. I-divergence: 1477.87632171. MSE: 0.762316269491. Diff MSE: 0.000219505409706.
Iteration 207. I-divergence: 1477.45626783. MSE: 0.762096943694. Diff MSE: 0.000219325796274.
Iteration 208. I-divergence: 1477.03656236. MSE: 0.761877796357. Diff MSE: 0.000219147337766.
Iteration 209. I-divergence: 1476.61720321. MSE: 0.76165882639. Diff MSE: 0.000218969966892.
Iteration 210. I-divergence: 1476.19818847. MSE: 0.761440032772. Diff MSE: 0.000218793618221.
Iteration 211. I-divergence: 1475.7795163. MSE: 0.761221414544. Diff MSE: 0.000218618227945.
Iteration 212. I-divergence: 1475.36118503. MSE: 0.76100297081. Diff MSE: 0.000218443733987.
Iteration 213. I-divergence: 1474.94319305. MSE: 0.760784700734. Diff MSE: 0.000218270075891.
Iteration 214. I-divergence: 1474.52553891. MSE: 0.760566603539. Diff MSE: 0.00021809719477.
Iteration 215. I-divergence: 1474.10822123. MSE: 0.760348678506. Diff MSE: 0.000217925033296.
Iteration 216. I-divergence: 1473.69123876. MSE: 0.76013092497. Diff MSE: 0.000217753535703.
Iteration 217. I-divergence: 1473.27459035. MSE: 0.759913342322. Diff MSE: 0.000217582647598.
Iteration 218. I-divergence: 1472.85827495. MSE: 0.759695930006. Diff MSE: 0.000217412316089.
Iteration 219. I-divergence: 1472.44229159. MSE: 0.759478687517. Diff MSE: 0.000217242489696.
Iteration 220. I-divergence: 1472.02663942. MSE: 0.759261614398. Diff MSE: 0.000217073118239.
Iteration 221. I-divergence: 1471.61131767. MSE: 0.759044710245. Diff MSE: 0.000216904152955.
Iteration 222. I-divergence: 1471.19632566. MSE: 0.758827974699. Diff MSE: 0.000216735546304.
Iteration 223. I-divergence: 1470.78166279. MSE: 0.758611407447. Diff MSE: 0.00021656725204.
Iteration 224. I-divergence: 1470.36732858. MSE: 0.758395008222. Diff MSE: 0.000216399225159.
Iteration 225. I-divergence: 1469.95332259. MSE: 0.7581787768. Diff MSE: 0.00021623142186.
Iteration 226. I-divergence: 1469.53964449. MSE: 0.757962713. Diff MSE: 0.000216063799568.
Iteration 227. I-divergence: 1469.126294. MSE: 0.757746816684. Diff MSE: 0.000215896316731.
Iteration 228. I-divergence: 1468.71327095. MSE: 0.757531087751. Diff MSE: 0.000215728933013.
Iteration 229. I-divergence: 1468.30057523. MSE: 0.757315526142. Diff MSE: 0.00021556160918.
Iteration 230. I-divergence: 1467.8882068. MSE: 0.757100131835. Diff MSE: 0.000215394307028.
Iteration 231. I-divergence: 1467.47616568. MSE: 0.756884904845. Diff MSE: 0.000215226989397.
Iteration 232. I-divergence: 1467.06445198. MSE: 0.756669845225. Diff MSE: 0.000215059620166.
Iteration 233. I-divergence: 1466.65306587. MSE: 0.756454953061. Diff MSE: 0.000214892164182.
Iteration 234. I-divergence: 1466.24200758. MSE: 0.756240228473. Diff MSE: 0.00021472458733.
Iteration 235. I-divergence: 1465.83127741. MSE: 0.756025671617. Diff MSE: 0.000214556856342.
Iteration 236. I-divergence: 1465.4208757. MSE: 0.755811282678. Diff MSE: 0.000214388938949.
Iteration 237. I-divergence: 1465.01080288. MSE: 0.755597061874. Diff MSE: 0.000214220803769.
Iteration 238. I-divergence: 1464.60105943. MSE: 0.755383009454. Diff MSE: 0.000214052420335.
Iteration 239. I-divergence: 1464.19164586. MSE: 0.755169125695. Diff MSE: 0.000213883758944.
Iteration 240. I-divergence: 1463.78256277. MSE: 0.754955410904. Diff MSE: 0.0002137147909.
Iteration 241. I-divergence: 1463.37381079. MSE: 0.754741865416. Diff MSE: 0.000213545488201.
Iteration 242. I-divergence: 1462.96539062. MSE: 0.754528489592. Diff MSE: 0.000213375823678.
Iteration 243. I-divergence: 1462.55730299. MSE: 0.754315283821. Diff MSE: 0.000213205771006.
Iteration 244. I-divergence: 1462.14954868. MSE: 0.754102248517. Diff MSE: 0.000213035304591.
Iteration 245. I-divergence: 1461.74212855. MSE: 0.753889384117. Diff MSE: 0.000212864399623.
Iteration 246. I-divergence: 1461.33504346. MSE: 0.753676691085. Diff MSE: 0.00021269303195.
Iteration 247. I-divergence: 1460.92829433. MSE: 0.753464169907. Diff MSE: 0.000212521178279.
Iteration 248. I-divergence: 1460.52188215. MSE: 0.753251821091. Diff MSE: 0.000212348815898.
Iteration 249. I-divergence: 1460.11580792. MSE: 0.753039645168. Diff MSE: 0.00021217592287.
Iteration 250. I-divergence: 1459.71007268. MSE: 0.75282764269. Diff MSE: 0.000212002477886.
Iteration 251. I-divergence: 1459.30467753. MSE: 0.75261581423. Diff MSE: 0.000211828460326.
Iteration 252. I-divergence: 1458.89962359. MSE: 0.75240416038. Diff MSE: 0.000211653850203.
Iteration 253. I-divergence: 1458.49491203. MSE: 0.752192681752. Diff MSE: 0.000211478628202.
Iteration 254. I-divergence: 1458.09054405. MSE: 0.751981378976. Diff MSE: 0.000211302775543.
Iteration 255. I-divergence: 1457.68652087. MSE: 0.751770252702. Diff MSE: 0.000211126274184.
Iteration 256. I-divergence: 1457.28284378. MSE: 0.751559303595. Diff MSE: 0.000210949106542.
Iteration 257. I-divergence: 1456.87951405. MSE: 0.751348532339. Diff MSE: 0.000210771255743.
Iteration 258. I-divergence: 1456.47653303. MSE: 0.751137939634. Diff MSE: 0.000210592705359.
Iteration 259. I-divergence: 1456.07390207. MSE: 0.750927526194. Diff MSE: 0.00021041343963.
Iteration 260. I-divergence: 1455.67162257. MSE: 0.750717292751. Diff MSE: 0.000210233443279.
Iteration 261. I-divergence: 1455.26969593. MSE: 0.75050724005. Diff MSE: 0.000210052701611.
Iteration 262. I-divergence: 1454.8681236. MSE: 0.750297368849. Diff MSE: 0.000209871200394.
Iteration 263. I-divergence: 1454.46690705. MSE: 0.750087679923. Diff MSE: 0.000209688926003.
Iteration 264. I-divergence: 1454.06604777. MSE: 0.749878174058. Diff MSE: 0.000209505865169.
Iteration 265. I-divergence: 1453.66554729. MSE: 0.749668852053. Diff MSE: 0.000209322005333.
Iteration 266. I-divergence: 1453.26540713. MSE: 0.749459714718. Diff MSE: 0.000209137334223.
Iteration 267. I-divergence: 1452.86562887. MSE: 0.749250762878. Diff MSE: 0.000208951840102.
Iteration 268. I-divergence: 1452.46621408. MSE: 0.749041997367. Diff MSE: 0.000208765511787.
Iteration 269. I-divergence: 1452.06716437. MSE: 0.748833419028. Diff MSE: 0.000208578338426.
Iteration 270. I-divergence: 1451.66848137. MSE: 0.748625028719. Diff MSE: 0.000208390309672.
Iteration 271. I-divergence: 1451.27016672. MSE: 0.748416827303. Diff MSE: 0.000208201415622.
Iteration 272. I-divergence: 1450.87222207. MSE: 0.748208815656. Diff MSE: 0.000208011646807.
Iteration 273. I-divergence: 1450.47464911. MSE: 0.748000994662. Diff MSE: 0.000207820994116.
Iteration 274. I-divergence: 1450.07744953. MSE: 0.747793365213. Diff MSE: 0.000207629448965.
Iteration 275. I-divergence: 1449.68062503. MSE: 0.74758592821. Diff MSE: 0.000207437003024.
Iteration 276. I-divergence: 1449.28417735. MSE: 0.747378684561. Diff MSE: 0.000207243648541.
Iteration 277. I-divergence: 1448.88810821. MSE: 0.747171635183. Diff MSE: 0.000207049377983.
Iteration 278. I-divergence: 1448.49241937. MSE: 0.746964780999. Diff MSE: 0.000206854184314.
Iteration 279. I-divergence: 1448.09711259. MSE: 0.746758122938. Diff MSE: 0.000206658060801.
Iteration 280. I-divergence: 1447.70218965. MSE: 0.746551661937. Diff MSE: 0.000206461001149.
Iteration 281. I-divergence: 1447.30765234. MSE: 0.746345398938. Diff MSE: 0.000206262999326.
Iteration 282. I-divergence: 1446.91350244. MSE: 0.746139334888. Diff MSE: 0.000206064049775.
Iteration 283. I-divergence: 1446.51974177. MSE: 0.745933470741. Diff MSE: 0.000205864147184.
Iteration 284. I-divergence: 1446.12637215. MSE: 0.745727807454. Diff MSE: 0.0002056632866.
Iteration 285. I-divergence: 1445.73339539. MSE: 0.745522345991. Diff MSE: 0.000205461463453.
Iteration 286. I-divergence: 1445.34081332. MSE: 0.745317087317. Diff MSE: 0.000205258673471.
Iteration 287. I-divergence: 1444.9486278. MSE: 0.745112032405. Diff MSE: 0.000205054912683.
Iteration 288. I-divergence: 1444.55684066. MSE: 0.744907182227. Diff MSE: 0.000204850177438.
Iteration 289. I-divergence: 1444.16545375. MSE: 0.744702537763. Diff MSE: 0.00020464446443.
Iteration 290. I-divergence: 1443.77446894. MSE: 0.744498099992. Diff MSE: 0.000204437770608.
Iteration 291. I-divergence: 1443.38388808. MSE: 0.744293869899. Diff MSE: 0.000204230093289.
Iteration 292. I-divergence: 1442.99371305. MSE: 0.744089848469. Diff MSE: 0.000204021429955.
Iteration 293. I-divergence: 1442.6039457. MSE: 0.74388603669. Diff MSE: 0.00020381177852.
Iteration 294. I-divergence: 1442.21458793. MSE: 0.743682435553. Diff MSE: 0.000203601137085.
Iteration 295. I-divergence: 1441.82564159. MSE: 0.743479046049. Diff MSE: 0.00020338950404.
Iteration 296. I-divergence: 1441.43710858. MSE: 0.743275869171. Diff MSE: 0.000203176878075.
Iteration 297. I-divergence: 1441.04899077. MSE: 0.743072905913. Diff MSE: 0.000202963258123.
Iteration 298. I-divergence: 1440.66129005. MSE: 0.74287015727. Diff MSE: 0.000202748643376.
Iteration 299. I-divergence: 1440.27400829. MSE: 0.742667624236. Diff MSE: 0.000202533033284.
Iteration 300. I-divergence: 1439.88714738. MSE: 0.742465307809. Diff MSE: 0.000202316427562.
Iteration 301. I-divergence: 1439.5007092. MSE: 0.742263208983. Diff MSE: 0.000202098826148.
Iteration 302. I-divergence: 1439.11469563. MSE: 0.742061328754. Diff MSE: 0.000201880229202.
Iteration 303. I-divergence: 1438.72910857. MSE: 0.741859668116. Diff MSE: 0.000201660637177.
Iteration 304. I-divergence: 1438.34394987. MSE: 0.741658228066. Diff MSE: 0.000201440050757.
Iteration 305. I-divergence: 1437.95922143. MSE: 0.741457009595. Diff MSE: 0.00020121847073.
Iteration 306. I-divergence: 1437.57492511. MSE: 0.741256013697. Diff MSE: 0.00020099589831.
Iteration 307. I-divergence: 1437.19106279. MSE: 0.741055241362. Diff MSE: 0.000200772334734.
Iteration 308. I-divergence: 1436.80763634. MSE: 0.74085469358. Diff MSE: 0.000200547781579.
Iteration 309. I-divergence: 1436.42464762. MSE: 0.74065437134. Diff MSE: 0.000200322240594.
Iteration 310. I-divergence: 1436.04209849. MSE: 0.740454275626. Diff MSE: 0.000200095713696.
Iteration 311. I-divergence: 1435.65999082. MSE: 0.740254407423. Diff MSE: 0.000199868203083.
Iteration 312. I-divergence: 1435.27832644. MSE: 0.740054767712. Diff MSE: 0.000199639711077.
Iteration 313. I-divergence: 1434.89710722. MSE: 0.739855357472. Diff MSE: 0.000199410240235.
Iteration 314. I-divergence: 1434.51633498. MSE: 0.739656177678. Diff MSE: 0.000199179793285.
Iteration 315. I-divergence: 1434.13601158. MSE: 0.739457229305. Diff MSE: 0.00019894837315.
Iteration 316. I-divergence: 1433.75613882. MSE: 0.739258513322. Diff MSE: 0.000198715982974.
Iteration 317. I-divergence: 1433.37671854. MSE: 0.739060030696. Diff MSE: 0.000198482625983.
Iteration 318. I-divergence: 1432.99775256. MSE: 0.738861782391. Diff MSE: 0.000198248305644.
Iteration 319. I-divergence: 1432.61924268. MSE: 0.738663769365. Diff MSE: 0.000198013025611.
Iteration 320. I-divergence: 1432.2411907. MSE: 0.738465992575. Diff MSE: 0.000197776789717.
Iteration 321. I-divergence: 1431.86359841. MSE: 0.738268452973. Diff MSE: 0.000197539601843.
Iteration 322. I-divergence: 1431.48646761. MSE: 0.738071151507. Diff MSE: 0.000197301466193.
Iteration 323. I-divergence: 1431.10980006. MSE: 0.73787408912. Diff MSE: 0.000197062387015.
Iteration 324. I-divergence: 1430.73359754. MSE: 0.737677266751. Diff MSE: 0.000196822368738.
Iteration 325. I-divergence: 1430.3578618. MSE: 0.737480685335. Diff MSE: 0.000196581415982.
Iteration 326. I-divergence: 1429.98259459. MSE: 0.737284345802. Diff MSE: 0.000196339533486.
Iteration 327. I-divergence: 1429.60779765. MSE: 0.737088249076. Diff MSE: 0.000196096726124.
Iteration 328. I-divergence: 1429.23347271. MSE: 0.736892396077. Diff MSE: 0.000195852998941.
Iteration 329. I-divergence: 1428.8596215. MSE: 0.73669678772. Diff MSE: 0.00019560835707.
Iteration 330. I-divergence: 1428.48624571. MSE: 0.736501424914. Diff MSE: 0.000195362805854.
Iteration 331. I-divergence: 1428.11334705. MSE: 0.736306308563. Diff MSE: 0.000195116350704.
Iteration 332. I-divergence: 1427.74092721. MSE: 0.736111439566. Diff MSE: 0.00019486899724.
Iteration 333. I-divergence: 1427.36898786. MSE: 0.735916818815. Diff MSE: 0.000194620751068.
Iteration 334. I-divergence: 1426.99753067. MSE: 0.735722447197. Diff MSE: 0.000194371618086.
Iteration 335. I-divergence: 1426.62655729. MSE: 0.735528325593. Diff MSE: 0.000194121604231.
Iteration 336. I-divergence: 1426.25606936. MSE: 0.735334454877. Diff MSE: 0.000193870715518.
Iteration 337. I-divergence: 1425.88606851. MSE: 0.735140835919. Diff MSE: 0.000193618958175.
Iteration 338. I-divergence: 1425.51655636. MSE: 0.73494746958. Diff MSE: 0.000193366338463.
Iteration 339. I-divergence: 1425.14753451. MSE: 0.734754356718. Diff MSE: 0.000193112862815.
Iteration 340. I-divergence: 1424.77900456. MSE: 0.73456149818. Diff MSE: 0.000192858537727.
Iteration 341. I-divergence: 1424.41096808. MSE: 0.73436889481. Diff MSE: 0.000192603369801.
Iteration 342. I-divergence: 1424.04342664. MSE: 0.734176547444. Diff MSE: 0.000192347365783.
Iteration 343. I-divergence: 1423.67638179. MSE: 0.733984456912. Diff MSE: 0.000192090532484.
Iteration 344. I-divergence: 1423.30983508. MSE: 0.733792624035. Diff MSE: 0.000191832876869.
Iteration 345. I-divergence: 1422.94378802. MSE: 0.733601049629. Diff MSE: 0.000191574405885.
Iteration 346. I-divergence: 1422.57824213. MSE: 0.733409734502. Diff MSE: 0.000191315126673.
Iteration 347. I-divergence: 1422.21319891. MSE: 0.733218679456. Diff MSE: 0.000191055046475.
Iteration 348. I-divergence: 1421.84865984. MSE: 0.733027885283. Diff MSE: 0.000190794172519.
Iteration 349. I-divergence: 1421.48462639. MSE: 0.732837352771. Diff MSE: 0.000190532512209.
Iteration 350. I-divergence: 1421.12110001. MSE: 0.732647082698. Diff MSE: 0.000190270073032.
Iteration 351. I-divergence: 1420.75808215. MSE: 0.732457075836. Diff MSE: 0.000190006862499.
Iteration 352. I-divergence: 1420.39557422. MSE: 0.732267332947. Diff MSE: 0.000189742888255.
Iteration 353. I-divergence: 1420.03357765. MSE: 0.732077854789. Diff MSE: 0.00018947815796.
Iteration 354. I-divergence: 1419.67209382. MSE: 0.73188864211. Diff MSE: 0.000189212679469.
Iteration 355. I-divergence: 1419.31112411. MSE: 0.731699695649. Diff MSE: 0.00018894646058.
Iteration 356. I-divergence: 1418.9506699. MSE: 0.73151101614. Diff MSE: 0.000188679509197.
Iteration 357. I-divergence: 1418.59073252. MSE: 0.731322604307. Diff MSE: 0.000188411833344.
Iteration 358. I-divergence: 1418.23131332. MSE: 0.731134460866. Diff MSE: 0.000188143441091.
Iteration 359. I-divergence: 1417.8724136. MSE: 0.730946586525. Diff MSE: 0.000187874340523.
Iteration 360. I-divergence: 1417.51403468. MSE: 0.730758981985. Diff MSE: 0.000187604539856.
Iteration 361. I-divergence: 1417.15617783. MSE: 0.730571647938. Diff MSE: 0.000187334047304.
Iteration 362. I-divergence: 1416.79884434. MSE: 0.730384585067. Diff MSE: 0.00018706287121.
Iteration 363. I-divergence: 1416.44203545. MSE: 0.730197794047. Diff MSE: 0.00018679101991.
Iteration 364. I-divergence: 1416.08575239. MSE: 0.730011275545. Diff MSE: 0.000186518501839.
Iteration 365. I-divergence: 1415.7299964. MSE: 0.72982503022. Diff MSE: 0.000186245325436.
Iteration 366. I-divergence: 1415.37476867. MSE: 0.72963905872. Diff MSE: 0.000185971499267.
Iteration 367. I-divergence: 1415.0200704. MSE: 0.729453361689. Diff MSE: 0.000185697031883.
Iteration 368. I-divergence: 1414.66590275. MSE: 0.729267939757. Diff MSE: 0.000185421931891.
Iteration 369. I-divergence: 1414.31226688. MSE: 0.729082793549. Diff MSE: 0.000185146207987.
Iteration 370. I-divergence: 1413.95916393. MSE: 0.72889792368. Diff MSE: 0.000184869868821.
Iteration 371. I-divergence: 1413.60659501. MSE: 0.728713330757. Diff MSE: 0.000184592923239.
Iteration 372. I-divergence: 1413.25456125. MSE: 0.728529015377. Diff MSE: 0.000184315379937.
Iteration 373. I-divergence: 1412.90306371. MSE: 0.728344978129. Diff MSE: 0.000184037247809.
Iteration 374. I-divergence: 1412.55210347. MSE: 0.728161219593. Diff MSE: 0.000183758535691.
Iteration 375. I-divergence: 1412.20168159. MSE: 0.727977740341. Diff MSE: 0.000183479252513.
Iteration 376. I-divergence: 1411.85179909. MSE: 0.727794540934. Diff MSE: 0.00018319940719.
Iteration 377. I-divergence: 1411.502457. MSE: 0.727611621925. Diff MSE: 0.000182919008692.
Iteration 378. I-divergence: 1411.15365632. MSE: 0.727428983859. Diff MSE: 0.000182638066039.
Iteration 379. I-divergence: 1410.80539804. MSE: 0.727246627271. Diff MSE: 0.000182356588254.
Iteration 380. I-divergence: 1410.45768311. MSE: 0.727064552686. Diff MSE: 0.000182074584389.
Iteration 381. I-divergence: 1410.11051249. MSE: 0.726882760623. Diff MSE: 0.000181792063524.
Iteration 382. I-divergence: 1409.7638871. MSE: 0.726701251588. Diff MSE: 0.000181509034774.
Iteration 383. I-divergence: 1409.41780787. MSE: 0.726520026081. Diff MSE: 0.000181225507275.
Iteration 384. I-divergence: 1409.07227569. MSE: 0.72633908459. Diff MSE: 0.000180941490168.
Iteration 385. I-divergence: 1408.72729143. MSE: 0.726158427598. Diff MSE: 0.000180656992644.
Iteration 386. I-divergence: 1408.38285596. MSE: 0.725978055574. Diff MSE: 0.000180372023853.
Iteration 387. I-divergence: 1408.03897012. MSE: 0.725797968981. Diff MSE: 0.000180086593061.
Iteration 388. I-divergence: 1407.69563474. MSE: 0.725618168271. Diff MSE: 0.000179800709448.
Iteration 389. I-divergence: 1407.35285062. MSE: 0.725438653889. Diff MSE: 0.000179514382262.
Iteration 390. I-divergence: 1407.01061855. MSE: 0.725259426268. Diff MSE: 0.000179227620775.
Iteration 391. I-divergence: 1406.66893931. MSE: 0.725080485834. Diff MSE: 0.000178940434231.
Iteration 392. I-divergence: 1406.32781365. MSE: 0.724901833002. Diff MSE: 0.00017865283188.
Iteration 393. I-divergence: 1405.9872423. MSE: 0.724723468179. Diff MSE: 0.000178364823074.
Iteration 394. I-divergence: 1405.64722599. MSE: 0.724545391762. Diff MSE: 0.000178076417031.
Iteration 395. I-divergence: 1405.30776541. MSE: 0.724367604139. Diff MSE: 0.0001777876231.
Iteration 396. I-divergence: 1404.96886126. MSE: 0.724190105689. Diff MSE: 0.000177498450531.
Iteration 397. I-divergence: 1404.63051418. MSE: 0.72401289678. Diff MSE: 0.000177208908674.
Iteration 398. I-divergence: 1404.29272484. MSE: 0.723835977773. Diff MSE: 0.000176919006827.
Iteration 399. I-divergence: 1403.95549386. MSE: 0.723659349019. Diff MSE: 0.000176628754296.
Iteration 400. I-divergence: 1403.61882185. MSE: 0.723483010858. Diff MSE: 0.000176338160383.
Iteration 401. I-divergence: 1403.2827094. MSE: 0.723306963624. Diff MSE: 0.000176047234413.
Iteration 402. I-divergence: 1402.9471571. MSE: 0.723131207638. Diff MSE: 0.000175755985671.
Iteration 403. I-divergence: 1402.61216549. MSE: 0.722955743215. Diff MSE: 0.000175464423497.
Iteration 404. I-divergence: 1402.27773513. MSE: 0.722780570658. Diff MSE: 0.000175172557146.
Iteration 405. I-divergence: 1401.94386653. MSE: 0.722605690262. Diff MSE: 0.00017488039595.
Iteration 406. I-divergence: 1401.6105602. MSE: 0.722431102312. Diff MSE: 0.000174587949181.
Iteration 407. I-divergence: 1401.27781662. MSE: 0.722256807086. Diff MSE: 0.000174295226123.
Iteration 408. I-divergence: 1400.94563627. MSE: 0.72208280485. Diff MSE: 0.000174002236038.
Iteration 409. I-divergence: 1400.61401959. MSE: 0.721909095862. Diff MSE: 0.000173708988192.
Iteration 410. I-divergence: 1400.28296702. MSE: 0.72173568037. Diff MSE: 0.000173415491882.
Iteration 411. I-divergence: 1399.95247898. MSE: 0.721562558614. Diff MSE: 0.000173121756256.
Iteration 412. I-divergence: 1399.62255586. MSE: 0.721389730823. Diff MSE: 0.0001728277906.
Iteration 413. I-divergence: 1399.29319805. MSE: 0.721217197219. Diff MSE: 0.000172533604149.
Iteration 414. I-divergence: 1398.96440591. MSE: 0.721044958013. Diff MSE: 0.000172239206054.
Iteration 415. I-divergence: 1398.63617978. MSE: 0.720873013408. Diff MSE: 0.000171944605513.
Iteration 416. I-divergence: 1398.30852. MSE: 0.720701363596. Diff MSE: 0.0001716498117.
Iteration 417. I-divergence: 1397.98142687. MSE: 0.720530008762. Diff MSE: 0.000171354833754.
Iteration 418. I-divergence: 1397.65490069. MSE: 0.720358949081. Diff MSE: 0.000171059680818.
Iteration 419. I-divergence: 1397.32894174. MSE: 0.720188184719. Diff MSE: 0.000170764361986.
Iteration 420. I-divergence: 1397.00355026. MSE: 0.720017715833. Diff MSE: 0.000170468886387.
Iteration 421. I-divergence: 1396.67872651. MSE: 0.71984754257. Diff MSE: 0.000170173263038.
Iteration 422. I-divergence: 1396.35447072. MSE: 0.719677665069. Diff MSE: 0.000169877501023.
Iteration 423. I-divergence: 1396.03078307. MSE: 0.71950808346. Diff MSE: 0.000169581609365.
Iteration 424. I-divergence: 1395.70766378. MSE: 0.719338797863. Diff MSE: 0.00016928559707.
Iteration 425. I-divergence: 1395.385113. MSE: 0.719169808389. Diff MSE: 0.000168989473073.
Iteration 426. I-divergence: 1395.0631309. MSE: 0.719001115143. Diff MSE: 0.000168693246382.
Iteration 427. I-divergence: 1394.74171761. MSE: 0.718832718217. Diff MSE: 0.00016839692591.
Iteration 428. I-divergence: 1394.42087326. MSE: 0.718664617697. Diff MSE: 0.000168100520537.
Iteration 429. I-divergence: 1394.10059795. MSE: 0.718496813657. Diff MSE: 0.000167804039156.
Iteration 430. I-divergence: 1393.78089176. MSE: 0.718329306167. Diff MSE: 0.00016750749061.
Iteration 431. I-divergence: 1393.46175478. MSE: 0.718162095283. Diff MSE: 0.000167210883709.
Iteration 432. I-divergence: 1393.14318705. MSE: 0.717995181056. Diff MSE: 0.000166914227231.
Iteration 433. I-divergence: 1392.82518862. MSE: 0.717828563526. Diff MSE: 0.000166617529958.
Iteration 434. I-divergence: 1392.5077595. MSE: 0.717662242725. Diff MSE: 0.000166320800589.
Iteration 435. I-divergence: 1392.1908997. MSE: 0.717496218678. Diff MSE: 0.000166024047831.
Iteration 436. I-divergence: 1391.87460921. MSE: 0.717330491397. Diff MSE: 0.00016572728037.
Iteration 437. I-divergence: 1391.55888799. MSE: 0.71716506089. Diff MSE: 0.000165430506769.
Iteration 438. I-divergence: 1391.24373601. MSE: 0.716999927155. Diff MSE: 0.000165133735674.
Iteration 439. I-divergence: 1390.92915321. MSE: 0.716835090179. Diff MSE: 0.000164836975671.
Iteration 440. I-divergence: 1390.61513951. MSE: 0.716670549944. Diff MSE: 0.000164540235205.
Iteration 441. I-divergence: 1390.30169481. MSE: 0.716506306421. Diff MSE: 0.00016424352285.
Iteration 442. I-divergence: 1389.988819. MSE: 0.716342359574. Diff MSE: 0.000163946846984.
Iteration 443. I-divergence: 1389.67651197. MSE: 0.716178709358. Diff MSE: 0.000163650216101.
Iteration 444. I-divergence: 1389.36477357. MSE: 0.716015355719. Diff MSE: 0.000163353638547.
Iteration 445. I-divergence: 1389.05360365. MSE: 0.715852298597. Diff MSE: 0.000163057122653.
Iteration 446. I-divergence: 1388.74300202. MSE: 0.71568953792. Diff MSE: 0.000162760676736.
Iteration 447. I-divergence: 1388.43296851. MSE: 0.715527073611. Diff MSE: 0.000162464309081.
Iteration 448. I-divergence: 1388.12350291. MSE: 0.715364905583. Diff MSE: 0.000162168027901.
Iteration 449. I-divergence: 1387.814605. MSE: 0.715203033742. Diff MSE: 0.000161871841393.
Iteration 450. I-divergence: 1387.50627455. MSE: 0.715041457984. Diff MSE: 0.000161575757666.
Iteration 451. I-divergence: 1387.19851131. MSE: 0.714880178199. Diff MSE: 0.0001612797849.
Iteration 452. I-divergence: 1386.891315. MSE: 0.714719194268. Diff MSE: 0.000160983931103.
Iteration 453. I-divergence: 1386.58468536. MSE: 0.714558506064. Diff MSE: 0.00016068820432.
Iteration 454. I-divergence: 1386.27862208. MSE: 0.714398113451. Diff MSE: 0.000160392612535.
Iteration 455. I-divergence: 1385.97312486. MSE: 0.714238016287. Diff MSE: 0.000160097163693.
Iteration 456. I-divergence: 1385.66819337. MSE: 0.714078214422. Diff MSE: 0.000159801865701.
Iteration 457. I-divergence: 1385.36382727. MSE: 0.713918707695. Diff MSE: 0.000159506726391.
Iteration 458. I-divergence: 1385.0600262. MSE: 0.713759495942. Diff MSE: 0.000159211753578.
Iteration 459. I-divergence: 1384.7567898. MSE: 0.713600578987. Diff MSE: 0.000158916955042.
Iteration 460. I-divergence: 1384.45411768. MSE: 0.713441956648. Diff MSE: 0.000158622338515.
Iteration 461. I-divergence: 1384.15200944. MSE: 0.713283628736. Diff MSE: 0.000158327911658.
Iteration 462. I-divergence: 1383.85046467. MSE: 0.713125595054. Diff MSE: 0.000158033682105.
Iteration 463. I-divergence: 1383.54948293. MSE: 0.712967855397. Diff MSE: 0.000157739657457.
Iteration 464. I-divergence: 1383.2490638. MSE: 0.712810409552. Diff MSE: 0.000157445845231.
Iteration 465. I-divergence: 1382.94920681. MSE: 0.712653257299. Diff MSE: 0.000157152252962.
Iteration 466. I-divergence: 1382.64991149. MSE: 0.712496398411. Diff MSE: 0.000156858888066.
Iteration 467. I-divergence: 1382.35117736. MSE: 0.712339832653. Diff MSE: 0.000156565757958.
Iteration 468. I-divergence: 1382.05300392. MSE: 0.712183559783. Diff MSE: 0.000156272870023.
Iteration 469. I-divergence: 1381.75539066. MSE: 0.712027579551. Diff MSE: 0.000155980231519.
Iteration 470. I-divergence: 1381.45833706. MSE: 0.711871891701. Diff MSE: 0.000155687849762.
Iteration 471. I-divergence: 1381.16184256. MSE: 0.711716495969. Diff MSE: 0.000155395731919.
Iteration 472. I-divergence: 1380.86590663. MSE: 0.711561392084. Diff MSE: 0.000155103885186.
Iteration 473. I-divergence: 1380.5705287. MSE: 0.711406579768. Diff MSE: 0.000154812316653.
Iteration 474. I-divergence: 1380.27570818. MSE: 0.711252058734. Diff MSE: 0.000154521033436.
Iteration 475. I-divergence: 1379.98144449. MSE: 0.711097828692. Diff MSE: 0.000154230042506.
Iteration 476. I-divergence: 1379.68773701. MSE: 0.710943889341. Diff MSE: 0.000153939350849.
Iteration 477. I-divergence: 1379.39458514. MSE: 0.710790240375. Diff MSE: 0.00015364896543.
Iteration 478. I-divergence: 1379.10198823. MSE: 0.710636881482. Diff MSE: 0.00015335889306.
Iteration 479. I-divergence: 1378.80994565. MSE: 0.710483812342. Diff MSE: 0.000153069140585.
Iteration 480. I-divergence: 1378.51845674. MSE: 0.710331032627. Diff MSE: 0.000152779714827.
Iteration 481. I-divergence: 1378.22752082. MSE: 0.710178542005. Diff MSE: 0.000152490622429.
Iteration 482. I-divergence: 1377.93713722. MSE: 0.710026340134. Diff MSE: 0.000152201870129.
Iteration 483. I-divergence: 1377.64730523. MSE: 0.70987442667. Diff MSE: 0.000151913464518.
Iteration 484. I-divergence: 1377.35802416. MSE: 0.709722801258. Diff MSE: 0.000151625412179.
Iteration 485. I-divergence: 1377.06929329. MSE: 0.709571463538. Diff MSE: 0.00015133771964.
Iteration 486. I-divergence: 1376.78111187. MSE: 0.709420413145. Diff MSE: 0.000151050393378.
Iteration 487. I-divergence: 1376.49347918. MSE: 0.709269649705. Diff MSE: 0.000150763439792.
Iteration 488. I-divergence: 1376.20639444. MSE: 0.70911917284. Diff MSE: 0.000150476865273.
Iteration 489. I-divergence: 1375.91985691. MSE: 0.708968982163. Diff MSE: 0.000150190676155.
Iteration 490. I-divergence: 1375.63386578. MSE: 0.708819077285. Diff MSE: 0.000149904878675.
Iteration 491. I-divergence: 1375.34842029. MSE: 0.708669457806. Diff MSE: 0.00014961947906.
Iteration 492. I-divergence: 1375.06351962. MSE: 0.708520123322. Diff MSE: 0.000149334483486.
Iteration 493. I-divergence: 1374.77916295. MSE: 0.708371073424. Diff MSE: 0.000149049898067.
Iteration 494. I-divergence: 1374.49534947. MSE: 0.708222307695. Diff MSE: 0.000148765728887.
Iteration 495. I-divergence: 1374.21207834. MSE: 0.708073825713. Diff MSE: 0.000148481981873.
Iteration 496. I-divergence: 1373.9293487. MSE: 0.70792562705. Diff MSE: 0.000148198663125.
Iteration 497. I-divergence: 1373.64715971. MSE: 0.707777711272. Diff MSE: 0.000147915778432.
Iteration 498. I-divergence: 1373.36551049. MSE: 0.707630077938. Diff MSE: 0.00014763333373.
Iteration 499. I-divergence: 1373.08440016. MSE: 0.707482726603. Diff MSE: 0.000147351334762.
Iteration 500. I-divergence: 1372.80382783. MSE: 0.707335656816. Diff MSE: 0.000147069787339.
Iteration 501. I-divergence: 1372.52379259. MSE: 0.707188868119. Diff MSE: 0.000146788697129.
Iteration 502. I-divergence: 1372.24429354. MSE: 0.707042360049. Diff MSE: 0.000146508069798.
Iteration 503. I-divergence: 1371.96532975. MSE: 0.706896132138. Diff MSE: 0.000146227910921.
Iteration 504. I-divergence: 1371.68690029. MSE: 0.706750183912. Diff MSE: 0.000145948226107.
Iteration 505. I-divergence: 1371.40900421. MSE: 0.706604514891. Diff MSE: 0.000145669020778.
Iteration 506. I-divergence: 1371.13164056. MSE: 0.706459124591. Diff MSE: 0.000145390300429.
Iteration 507. I-divergence: 1370.85480838. MSE: 0.70631401252. Diff MSE: 0.000145112070431.
Iteration 508. I-divergence: 1370.5785067. MSE: 0.706169178184. Diff MSE: 0.000144834336142.
Iteration 509. I-divergence: 1370.30273452. MSE: 0.706024621081. Diff MSE: 0.000144557102816.
Iteration 510. I-divergence: 1370.02749085. MSE: 0.705880340706. Diff MSE: 0.000144280375728.
Iteration 511. I-divergence: 1369.7527747. MSE: 0.705736336546. Diff MSE: 0.000144004160078.
Iteration 512. I-divergence: 1369.47858505. MSE: 0.705592608085. Diff MSE: 0.00014372846095.
Iteration 513. I-divergence: 1369.20492087. MSE: 0.705449154801. Diff MSE: 0.000143453283437.
Iteration 514. I-divergence: 1368.93178114. MSE: 0.705305976169. Diff MSE: 0.000143178632624.
Iteration 515. I-divergence: 1368.65916481. MSE: 0.705163071655. Diff MSE: 0.000142904513411.
Iteration 516. I-divergence: 1368.38707084. MSE: 0.705020440724. Diff MSE: 0.000142630930807.
Iteration 517. I-divergence: 1368.11549816. MSE: 0.704878082835. Diff MSE: 0.000142357889641.
Iteration 518. I-divergence: 1367.8444457. MSE: 0.70473599744. Diff MSE: 0.000142085394756.
Iteration 519. I-divergence: 1367.5739124. MSE: 0.704594183989. Diff MSE: 0.000141813450914.
Iteration 520. I-divergence: 1367.30389716. MSE: 0.704452641926. Diff MSE: 0.000141542062867.
Iteration 521. I-divergence: 1367.03439889. MSE: 0.704311370691. Diff MSE: 0.00014127123524.
Iteration 522. I-divergence: 1366.76541648. MSE: 0.704170369718. Diff MSE: 0.000141000972726.
Iteration 523. I-divergence: 1366.49694883. MSE: 0.704029638438. Diff MSE: 0.000140731279836.
Iteration 524. I-divergence: 1366.22899481. MSE: 0.703889176277. Diff MSE: 0.000140462161124.
Iteration 525. I-divergence: 1365.9615533. MSE: 0.703748982656. Diff MSE: 0.000140193621053.
Iteration 526. I-divergence: 1365.69462316. MSE: 0.703609056992. Diff MSE: 0.000139925664037.
Iteration 527. I-divergence: 1365.42820324. MSE: 0.703469398698. Diff MSE: 0.000139658294453.
Iteration 528. I-divergence: 1365.16229239. MSE: 0.703330007181. Diff MSE: 0.000139391516638.
Iteration 529. I-divergence: 1364.89688945. MSE: 0.703190881846. Diff MSE: 0.000139125334829.
Iteration 530. I-divergence: 1364.63199325. MSE: 0.703052022093. Diff MSE: 0.000138859753261.
Iteration 531. I-divergence: 1364.36760263. MSE: 0.702913427317. Diff MSE: 0.000138594776123.
Iteration 532. I-divergence: 1364.10371638. MSE: 0.702775096909. Diff MSE: 0.000138330407501.
Iteration 533. I-divergence: 1363.84033332. MSE: 0.702637030258. Diff MSE: 0.000138066651499.
Iteration 534. I-divergence: 1363.57745226. MSE: 0.702499226746. Diff MSE: 0.000137803512117.
Iteration 535. I-divergence: 1363.31507198. MSE: 0.702361685752. Diff MSE: 0.000137540993336.
Iteration 536. I-divergence: 1363.05319127. MSE: 0.702224406653. Diff MSE: 0.000137279099099.
Iteration 537. I-divergence: 1362.79180892. MSE: 0.70208738882. Diff MSE: 0.000137017833236.
Iteration 538. I-divergence: 1362.53092369. MSE: 0.701950631621. Diff MSE: 0.000136757199613.
Iteration 539. I-divergence: 1362.27053435. MSE: 0.701814134419. Diff MSE: 0.000136497201979.
Iteration 540. I-divergence: 1362.01063965. MSE: 0.701677896574. Diff MSE: 0.000136237844099.
Iteration 541. I-divergence: 1361.75123836. MSE: 0.701541917445. Diff MSE: 0.000135979129629.
Iteration 542. I-divergence: 1361.49232921. MSE: 0.701406196383. Diff MSE: 0.000135721062196.
Iteration 543. I-divergence: 1361.23391094. MSE: 0.701270732737. Diff MSE: 0.000135463645401.
Iteration 544. I-divergence: 1360.97598229. MSE: 0.701135525854. Diff MSE: 0.000135206882761.
Iteration 545. I-divergence: 1360.71854197. MSE: 0.701000575077. Diff MSE: 0.000134950777785.
Iteration 546. I-divergence: 1360.46158872. MSE: 0.700865879743. Diff MSE: 0.000134695333912.
Iteration 547. I-divergence: 1360.20512124. MSE: 0.700731439188. Diff MSE: 0.000134440554521.
Iteration 548. I-divergence: 1359.94913823. MSE: 0.700597252745. Diff MSE: 0.000134186442989.
Iteration 549. I-divergence: 1359.69363841. MSE: 0.700463319743. Diff MSE: 0.000133933002593.
Iteration 550. I-divergence: 1359.43862045. MSE: 0.700329639506. Diff MSE: 0.000133680236583.
Iteration 551. I-divergence: 1359.18408306. MSE: 0.700196211358. Diff MSE: 0.000133428148177.
Iteration 552. I-divergence: 1358.93002491. MSE: 0.700063034617. Diff MSE: 0.00013317674055.
Iteration 553. I-divergence: 1358.67644469. MSE: 0.699930108601. Diff MSE: 0.000132926016785.
Iteration 554. I-divergence: 1358.42334106. MSE: 0.699797432621. Diff MSE: 0.000132675979998.
Iteration 555. I-divergence: 1358.17071268. MSE: 0.699665005987. Diff MSE: 0.000132426633157.
Iteration 556. I-divergence: 1357.91855823. MSE: 0.699532828008. Diff MSE: 0.000132177979273.
Iteration 557. I-divergence: 1357.66687635. MSE: 0.699400897987. Diff MSE: 0.000131930021268.
Iteration 558. I-divergence: 1357.4156657. MSE: 0.699269215225. Diff MSE: 0.000131682762054.
Iteration 559. I-divergence: 1357.16492491. MSE: 0.69913777902. Diff MSE: 0.000131436204448.
Iteration 560. I-divergence: 1356.91465263. MSE: 0.699006588669. Diff MSE: 0.00013119035124.
Iteration 561. I-divergence: 1356.6648475. MSE: 0.698875643464. Diff MSE: 0.000130945205217.
Iteration 562. I-divergence: 1356.41550813. MSE: 0.698744942695. Diff MSE: 0.000130700769057.
Iteration 563. I-divergence: 1356.16663317. MSE: 0.698614485649. Diff MSE: 0.000130457045448.
Iteration 564. I-divergence: 1355.91822122. MSE: 0.698484271612. Diff MSE: 0.000130214037005.
Iteration 565. I-divergence: 1355.6702709. MSE: 0.698354299866. Diff MSE: 0.000129971746291.
Iteration 566. I-divergence: 1355.42278082. MSE: 0.69822456969. Diff MSE: 0.000129730175871.
Iteration 567. I-divergence: 1355.17574959. MSE: 0.698095080362. Diff MSE: 0.000129489328202.
Iteration 568. I-divergence: 1354.92917581. MSE: 0.697965831156. Diff MSE: 0.000129249205759.
Iteration 569. I-divergence: 1354.68305808. MSE: 0.697836821345. Diff MSE: 0.000129009810942.
Iteration 570. I-divergence: 1354.43739499. MSE: 0.697708050199. Diff MSE: 0.000128771146104.
Iteration 571. I-divergence: 1354.19218512. MSE: 0.697579516986. Diff MSE: 0.000128533213558.
Iteration 572. I-divergence: 1353.94742707. MSE: 0.69745122097. Diff MSE: 0.000128296015655.
Iteration 573. I-divergence: 1353.7031194. MSE: 0.697323161416. Diff MSE: 0.000128059554521.
Iteration 574. I-divergence: 1353.45926071. MSE: 0.697195337583. Diff MSE: 0.000127823832427.
Iteration 575. I-divergence: 1353.21584956. MSE: 0.697067748732. Diff MSE: 0.000127588851511.
Iteration 576. I-divergence: 1352.97288452. MSE: 0.696940394118. Diff MSE: 0.000127354613881.
Iteration 577. I-divergence: 1352.73036415. MSE: 0.696813272996. Diff MSE: 0.000127121121602.
Iteration 578. I-divergence: 1352.48828702. MSE: 0.696686384619. Diff MSE: 0.000126888376758.
Iteration 579. I-divergence: 1352.24665168. MSE: 0.696559728238. Diff MSE: 0.000126656381227.
Iteration 580. I-divergence: 1352.00545669. MSE: 0.696433303101. Diff MSE: 0.000126425137085.
Iteration 581. I-divergence: 1351.76470059. MSE: 0.696307108455. Diff MSE: 0.000126194646184.
Iteration 582. I-divergence: 1351.52438194. MSE: 0.696181143544. Diff MSE: 0.000125964910397.
Iteration 583. I-divergence: 1351.28449928. MSE: 0.696055407613. Diff MSE: 0.000125735931553.
Iteration 584. I-divergence: 1351.04505115. MSE: 0.695929899901. Diff MSE: 0.00012550771148.
Iteration 585. I-divergence: 1350.80603609. MSE: 0.69580461965. Diff MSE: 0.00012528025188.
Iteration 586. I-divergence: 1350.56745263. MSE: 0.695679566095. Diff MSE: 0.000125053554497.
Iteration 587. I-divergence: 1350.3292993. MSE: 0.695554738474. Diff MSE: 0.000124827621002.
Iteration 588. I-divergence: 1350.09157463. MSE: 0.695430136021. Diff MSE: 0.000124602453056.
Iteration 589. I-divergence: 1349.85427716. MSE: 0.695305757969. Diff MSE: 0.000124378052231.
Iteration 590. I-divergence: 1349.61740539. MSE: 0.695181603549. Diff MSE: 0.000124154420098.
Iteration 591. I-divergence: 1349.38095785. MSE: 0.69505767199. Diff MSE: 0.000123931558174.
Iteration 592. I-divergence: 1349.14493306. MSE: 0.694933962523. Diff MSE: 0.000123709467966.
Iteration 593. I-divergence: 1348.90932953. MSE: 0.694810474372. Diff MSE: 0.000123488150918.
Iteration 594. I-divergence: 1348.67414577. MSE: 0.694687206763. Diff MSE: 0.000123267608419.
Iteration 595. I-divergence: 1348.43938031. MSE: 0.694564158921. Diff MSE: 0.000123047841893.
Iteration 596. I-divergence: 1348.20503163. MSE: 0.694441330069. Diff MSE: 0.000122828852648.
Iteration 597. I-divergence: 1347.97109825. MSE: 0.694318719427. Diff MSE: 0.000122610641981.
Iteration 598. I-divergence: 1347.73757867. MSE: 0.694196326215. Diff MSE: 0.000122393211191.
Iteration 599. I-divergence: 1347.5044714. MSE: 0.694074149654. Diff MSE: 0.000122176561507.
Iteration 600. I-divergence: 1347.27177492. MSE: 0.69395218896. Diff MSE: 0.000121960694084.
Iteration 601. I-divergence: 1347.03948774. MSE: 0.69383044335. Diff MSE: 0.000121745610156.
Iteration 602. I-divergence: 1346.80760836. MSE: 0.693708912039. Diff MSE: 0.000121531310778.
Iteration 603. I-divergence: 1346.57613525. MSE: 0.693587594242. Diff MSE: 0.000121317797093.
Iteration 604. I-divergence: 1346.34506692. MSE: 0.693466489172. Diff MSE: 0.000121105070153.
Iteration 605. I-divergence: 1346.11440186. MSE: 0.693345596041. Diff MSE: 0.000120893130942.
Iteration 606. I-divergence: 1345.88413855. MSE: 0.69322491406. Diff MSE: 0.000120681980525.
Iteration 607. I-divergence: 1345.65427548. MSE: 0.69310444244. Diff MSE: 0.000120471619773.
Iteration 608. I-divergence: 1345.42481112. MSE: 0.692984180391. Diff MSE: 0.000120262049664.
Iteration 609. I-divergence: 1345.19574398. MSE: 0.69286412712. Diff MSE: 0.000120053271095.
Iteration 610. I-divergence: 1344.96707251. MSE: 0.692744281835. Diff MSE: 0.000119845284874.
Iteration 611. I-divergence: 1344.73879522. MSE: 0.692624643743. Diff MSE: 0.000119638091886.
Iteration 612. I-divergence: 1344.51091056. MSE: 0.69250521205. Diff MSE: 0.000119431692875.
Iteration 613. I-divergence: 1344.28341703. MSE: 0.692385985961. Diff MSE: 0.000119226088601.
Iteration 614. I-divergence: 1344.0563131. MSE: 0.692266964682. Diff MSE: 0.000119021279833.
Iteration 615. I-divergence: 1343.82959723. MSE: 0.692148147414. Diff MSE: 0.000118817267219.
Iteration 616. I-divergence: 1343.60326791. MSE: 0.692029533363. Diff MSE: 0.000118614051465.
Iteration 617. I-divergence: 1343.37732361. MSE: 0.69191112173. Diff MSE: 0.000118411633178.
Iteration 618. I-divergence: 1343.1517628. MSE: 0.691792911717. Diff MSE: 0.000118210012949.
Iteration 619. I-divergence: 1342.92658395. MSE: 0.691674902525. Diff MSE: 0.000118009191379.
Iteration 620. I-divergence: 1342.70178552. MSE: 0.691557093356. Diff MSE: 0.000117809168985.
Iteration 621. I-divergence: 1342.477366. MSE: 0.69143948341. Diff MSE: 0.000117609946286.
Iteration 622. I-divergence: 1342.25332384. MSE: 0.691322071886. Diff MSE: 0.000117411523771.
Iteration 623. I-divergence: 1342.02965752. MSE: 0.691204857985. Diff MSE: 0.000117213901853.
Iteration 624. I-divergence: 1341.8063655. MSE: 0.691087840904. Diff MSE: 0.000117017080989.
Iteration 625. I-divergence: 1341.58344624. MSE: 0.690971019842. Diff MSE: 0.000116821061558.
Iteration 626. I-divergence: 1341.36089822. MSE: 0.690854393998. Diff MSE: 0.000116625843905.
Iteration 627. I-divergence: 1341.13871989. MSE: 0.69073796257. Diff MSE: 0.000116431428388.
Iteration 628. I-divergence: 1340.91690973. MSE: 0.690621724754. Diff MSE: 0.000116237815303.
Iteration 629. I-divergence: 1340.6954662. MSE: 0.690505679749. Diff MSE: 0.000116045004893.
Iteration 630. I-divergence: 1340.47438775. MSE: 0.690389826752. Diff MSE: 0.000115852997458.
Iteration 631. I-divergence: 1340.25367287. MSE: 0.690274164959. Diff MSE: 0.00011566179316.
Iteration 632. I-divergence: 1340.03331999. MSE: 0.690158693567. Diff MSE: 0.000115471392235.
Iteration 633. I-divergence: 1339.81332761. MSE: 0.690043411772. Diff MSE: 0.000115281794809.
Iteration 634. I-divergence: 1339.59369416. MSE: 0.689928318771. Diff MSE: 0.000115093001052.
Iteration 635. I-divergence: 1339.37441813. MSE: 0.68981341376. Diff MSE: 0.000114905011029.
Iteration 636. I-divergence: 1339.15549796. MSE: 0.689698695935. Diff MSE: 0.000114717824858.
Iteration 637. I-divergence: 1338.93693213. MSE: 0.689584164492. Diff MSE: 0.000114531442577.
Iteration 638. I-divergence: 1338.7187191. MSE: 0.689469818628. Diff MSE: 0.000114345864211.
Iteration 639. I-divergence: 1338.50085733. MSE: 0.689355657538. Diff MSE: 0.00011416108976.
Iteration 640. I-divergence: 1338.28334528. MSE: 0.689241680419. Diff MSE: 0.000113977119202.
Iteration 641. I-divergence: 1338.06618142. MSE: 0.689127886467. Diff MSE: 0.000113793952485.
Iteration 642. I-divergence: 1337.84936421. MSE: 0.689014274877. Diff MSE: 0.000113611589526.
Iteration 643. I-divergence: 1337.63289212. MSE: 0.688900844847. Diff MSE: 0.000113430030243.
Iteration 644. I-divergence: 1337.41676361. MSE: 0.688787595572. Diff MSE: 0.000113249274468.
Iteration 645. I-divergence: 1337.20097715. MSE: 0.68867452625. Diff MSE: 0.000113069322088.
Iteration 646. I-divergence: 1336.9855312. MSE: 0.688561636077. Diff MSE: 0.00011289017291.
Iteration 647. I-divergence: 1336.77042423. MSE: 0.688448924251. Diff MSE: 0.000112711826723.
Iteration 648. I-divergence: 1336.5556547. MSE: 0.688336389967. Diff MSE: 0.000112534283305.
Iteration 649. I-divergence: 1336.34122109. MSE: 0.688224032425. Diff MSE: 0.000112357542409.
Iteration 650. I-divergence: 1336.12712185. MSE: 0.688111850821. Diff MSE: 0.00011218160375.
Iteration 651. I-divergence: 1335.91335547. MSE: 0.687999844354. Diff MSE: 0.000112006467044.
Iteration 652. I-divergence: 1335.6999204. MSE: 0.687888012222. Diff MSE: 0.000111832131947.
Iteration 653. I-divergence: 1335.48681512. MSE: 0.687776353624. Diff MSE: 0.000111658598132.
Iteration 654. I-divergence: 1335.27403809. MSE: 0.687664867759. Diff MSE: 0.000111485865214.
Iteration 655. I-divergence: 1335.0615878. MSE: 0.687553553826. Diff MSE: 0.000111313932804.
Iteration 656. I-divergence: 1334.84946271. MSE: 0.687442411026. Diff MSE: 0.000111142800506.
Iteration 657. I-divergence: 1334.6376613. MSE: 0.687331438558. Diff MSE: 0.000110972467848.
Iteration 658. I-divergence: 1334.42618204. MSE: 0.687220635623. Diff MSE: 0.000110802934387.
Iteration 659. I-divergence: 1334.21502341. MSE: 0.687110001424. Diff MSE: 0.000110634199652.
Iteration 660. I-divergence: 1334.00418388. MSE: 0.686999535161. Diff MSE: 0.000110466263114.
Iteration 661. I-divergence: 1333.79366193. MSE: 0.686889236036. Diff MSE: 0.000110299124254.
Iteration 662. I-divergence: 1333.58345604. MSE: 0.686779103254. Diff MSE: 0.00011013278254.
Iteration 663. I-divergence: 1333.3735647. MSE: 0.686669136016. Diff MSE: 0.00010996723737.
Iteration 664. I-divergence: 1333.16398637. MSE: 0.686559333528. Diff MSE: 0.0001098024882.
Iteration 665. I-divergence: 1332.95471955. MSE: 0.686449694994. Diff MSE: 0.000109638534357.
Iteration 666. I-divergence: 1332.74576272. MSE: 0.686340219619. Diff MSE: 0.000109475375247.
Iteration 667. I-divergence: 1332.53711436. MSE: 0.686230906608. Diff MSE: 0.000109313010226.
Iteration 668. I-divergence: 1332.32877296. MSE: 0.68612175517. Diff MSE: 0.00010915143859.
Iteration 669. I-divergence: 1332.12073701. MSE: 0.68601276451. Diff MSE: 0.000108990659661.
Iteration 670. I-divergence: 1331.913005. MSE: 0.685903933837. Diff MSE: 0.000108830672711.
Iteration 671. I-divergence: 1331.70557541. MSE: 0.68579526236. Diff MSE: 0.000108671477031.
Iteration 672. I-divergence: 1331.49844675. MSE: 0.685686749289. Diff MSE: 0.000108513071822.
Iteration 673. I-divergence: 1331.2916175. MSE: 0.685578393832. Diff MSE: 0.000108355456369.
Iteration 674. I-divergence: 1331.08508616. MSE: 0.685470195202. Diff MSE: 0.000108198629831.
Iteration 675. I-divergence: 1330.87885123. MSE: 0.685362152611. Diff MSE: 0.000108042591396.
Iteration 676. I-divergence: 1330.67291121. MSE: 0.685254265271. Diff MSE: 0.000107887340279.
Iteration 677. I-divergence: 1330.4672646. MSE: 0.685146532395. Diff MSE: 0.000107732875575.
Iteration 678. I-divergence: 1330.2619099. MSE: 0.685038953199. Diff MSE: 0.000107579196436.
Iteration 679. I-divergence: 1330.05684561. MSE: 0.684931526897. Diff MSE: 0.000107426301981.
Iteration 680. I-divergence: 1329.85207024. MSE: 0.684824252705. Diff MSE: 0.000107274191305.
Iteration 681. I-divergence: 1329.6475823. MSE: 0.684717129842. Diff MSE: 0.00010712286346.
Iteration 682. I-divergence: 1329.4433803. MSE: 0.684610157524. Diff MSE: 0.000106972317524.
Iteration 683. I-divergence: 1329.23946275. MSE: 0.684503334972. Diff MSE: 0.000106822552524.
Iteration 684. I-divergence: 1329.03582817. MSE: 0.684396661404. Diff MSE: 0.000106673567521.
Iteration 685. I-divergence: 1328.83247506. MSE: 0.684290136043. Diff MSE: 0.000106525361444.
Iteration 686. I-divergence: 1328.62940195. MSE: 0.68418375811. Diff MSE: 0.000106377933353.
Iteration 687. I-divergence: 1328.42660736. MSE: 0.684077526827. Diff MSE: 0.000106231282168.
Iteration 688. I-divergence: 1328.2240898. MSE: 0.683971441421. Diff MSE: 0.000106085406892.
Iteration 689. I-divergence: 1328.02184781. MSE: 0.683865501114. Diff MSE: 0.00010594030639.
Iteration 690. I-divergence: 1327.8198799. MSE: 0.683759705134. Diff MSE: 0.000105795979663.
Iteration 691. I-divergence: 1327.61818461. MSE: 0.683654052709. Diff MSE: 0.000105652425555.
Iteration 692. I-divergence: 1327.41676047. MSE: 0.683548543066. Diff MSE: 0.000105509642963.
Iteration 693. I-divergence: 1327.215606. MSE: 0.683443175435. Diff MSE: 0.000105367630785.
Iteration 694. I-divergence: 1327.01471975. MSE: 0.683337949047. Diff MSE: 0.000105226387833.
Iteration 695. I-divergence: 1326.81410025. MSE: 0.683232863134. Diff MSE: 0.000105085912978.
Iteration 696. I-divergence: 1326.61374604. MSE: 0.683127916929. Diff MSE: 0.000104946205026.
Iteration 697. I-divergence: 1326.41365566. MSE: 0.683023109667. Diff MSE: 0.000104807262784.
Iteration 698. I-divergence: 1326.21382766. MSE: 0.682918440581. Diff MSE: 0.000104669085055.
Iteration 699. I-divergence: 1326.01426058. MSE: 0.682813908911. Diff MSE: 0.000104531670608.
Iteration 700. I-divergence: 1325.81495297. MSE: 0.682709513893. Diff MSE: 0.000104395018219.
Iteration 701. I-divergence: 1325.61590339. MSE: 0.682605254766. Diff MSE: 0.000104259126594.
Iteration 702. I-divergence: 1325.41711038. MSE: 0.682501130772. Diff MSE: 0.000104123994506.
Iteration 703. I-divergence: 1325.2185725. MSE: 0.682397141151. Diff MSE: 0.000103989620635.
Iteration 704. I-divergence: 1325.02028831. MSE: 0.682293285147. Diff MSE: 0.000103856003711.
Iteration 705. I-divergence: 1324.82225638. MSE: 0.682189562005. Diff MSE: 0.000103723142414.
Iteration 706. I-divergence: 1324.62447526. MSE: 0.682085970969. Diff MSE: 0.000103591035407.
Iteration 707. I-divergence: 1324.42694353. MSE: 0.681982511288. Diff MSE: 0.000103459681381.
Iteration 708. I-divergence: 1324.22965975. MSE: 0.681879182209. Diff MSE: 0.000103329078912.
Iteration 709. I-divergence: 1324.0326225. MSE: 0.681775982982. Diff MSE: 0.00010319922672.
Iteration 710. I-divergence: 1323.83583034. MSE: 0.681672912859. Diff MSE: 0.000103070123343.
Iteration 711. I-divergence: 1323.63928187. MSE: 0.681569971092. Diff MSE: 0.000102941767431.
Iteration 712. I-divergence: 1323.44297565. MSE: 0.681467156934. Diff MSE: 0.000102814157551.
Iteration 713. I-divergence: 1323.24691027. MSE: 0.681364469642. Diff MSE: 0.000102687292311.
Iteration 714. I-divergence: 1323.05108431. MSE: 0.681261908472. Diff MSE: 0.000102561170247.
Iteration 715. I-divergence: 1322.85549637. MSE: 0.681159472682. Diff MSE: 0.000102435789892.
Iteration 716. I-divergence: 1322.66014503. MSE: 0.681057161532. Diff MSE: 0.000102311149832.
Iteration 717. I-divergence: 1322.4650289. MSE: 0.680954974283. Diff MSE: 0.000102187248563.
Iteration 718. I-divergence: 1322.27014656. MSE: 0.680852910199. Diff MSE: 0.000102064084579.
Iteration 719. I-divergence: 1322.07549661. MSE: 0.680750968542. Diff MSE: 0.000101941656439.
Iteration 720. I-divergence: 1321.88107767. MSE: 0.68064914858. Diff MSE: 0.000101819962555.
Iteration 721. I-divergence: 1321.68688833. MSE: 0.680547449578. Diff MSE: 0.000101699001446.
Iteration 722. I-divergence: 1321.4929272. MSE: 0.680445870807. Diff MSE: 0.000101578771588.
Iteration 723. I-divergence: 1321.2991929. MSE: 0.680344411535. Diff MSE: 0.000101459271376.
Iteration 724. I-divergence: 1321.10568404. MSE: 0.680243071036. Diff MSE: 0.000101340499297.
Iteration 725. I-divergence: 1320.91239924. MSE: 0.680141848582. Diff MSE: 0.00010122245376.
Iteration 726. I-divergence: 1320.71933712. MSE: 0.680040743449. Diff MSE: 0.000101105133203.
Iteration 727. I-divergence: 1320.5264963. MSE: 0.679939754913. Diff MSE: 0.000100988535974.
Iteration 728. I-divergence: 1320.33387542. MSE: 0.679838882252. Diff MSE: 0.00010087266051.
Iteration 729. I-divergence: 1320.14147309. MSE: 0.679738124747. Diff MSE: 0.000100757505175.
Iteration 730. I-divergence: 1319.94928796. MSE: 0.679637481679. Diff MSE: 0.000100643068343.
Iteration 731. I-divergence: 1319.75731866. MSE: 0.679536952331. Diff MSE: 0.000100529348383.
Iteration 732. I-divergence: 1319.56556383. MSE: 0.679436535987. Diff MSE: 0.000100416343604.
Iteration 733. I-divergence: 1319.37402211. MSE: 0.679336231935. Diff MSE: 0.000100304052388.
Iteration 734. I-divergence: 1319.18269215. MSE: 0.679236039462. Diff MSE: 0.000100192473033.
Iteration 735. I-divergence: 1318.9915726. MSE: 0.679135957858. Diff MSE: 0.000100081603832.
Iteration 736. I-divergence: 1318.80066212. MSE: 0.679035986415. Diff MSE: 9.99714431469e-05.
Iteration 737. I-divergence: 1318.60995935. MSE: 0.678936124425. Diff MSE: 9.98619892256e-05.
Iteration 738. I-divergence: 1318.41946296. MSE: 0.678836371185. Diff MSE: 9.97532403648e-05.
Iteration 739. I-divergence: 1318.2291716. MSE: 0.67873672599. Diff MSE: 9.96451948404e-05.
Iteration 740. I-divergence: 1318.03908396. MSE: 0.678637188139. Diff MSE: 9.95378508978e-05.
Iteration 741. I-divergence: 1317.84919869. MSE: 0.678537756932. Diff MSE: 9.94312067915e-05.
Iteration 742. I-divergence: 1317.65951446. MSE: 0.678438431672. Diff MSE: 9.93252607834e-05.
Iteration 743. I-divergence: 1317.47002997. MSE: 0.678339211661. Diff MSE: 9.92200110866e-05.
Iteration 744. I-divergence: 1317.28074387. MSE: 0.678240096205. Diff MSE: 9.91154559439e-05.
Iteration 745. I-divergence: 1317.09165486. MSE: 0.678141084611. Diff MSE: 9.90115935299e-05.
Iteration 746. I-divergence: 1316.90276163. MSE: 0.678042176189. Diff MSE: 9.89084220652e-05.
Iteration 747. I-divergence: 1316.71406285. MSE: 0.677943370249. Diff MSE: 9.88059397751e-05.
Iteration 748. I-divergence: 1316.52555724. MSE: 0.677844666104. Diff MSE: 9.87041447997e-05.
Iteration 749. I-divergence: 1316.33724347. MSE: 0.677746063069. Diff MSE: 9.86030353298e-05.
Iteration 750. I-divergence: 1316.14912027. MSE: 0.67764756046. Diff MSE: 9.85026095198e-05.
Iteration 751. I-divergence: 1315.96118631. MSE: 0.677549157594. Diff MSE: 9.84028655451e-05.
Iteration 752. I-divergence: 1315.77344033. MSE: 0.677450853793. Diff MSE: 9.83038015465e-05.
Iteration 753. I-divergence: 1315.58588102. MSE: 0.677352648377. Diff MSE: 9.82054156237e-05.
Iteration 754. I-divergence: 1315.3985071. MSE: 0.677254540671. Diff MSE: 9.81077059644e-05.
Iteration 755. I-divergence: 1315.21131729. MSE: 0.67715653. Diff MSE: 9.80106706532e-05.
Iteration 756. I-divergence: 1315.02431031. MSE: 0.677058615692. Diff MSE: 9.79143078169e-05.
Iteration 757. I-divergence: 1314.83748489. MSE: 0.676960797077. Diff MSE: 9.78186155337e-05.
Iteration 758. I-divergence: 1314.65083975. MSE: 0.676863073485. Diff MSE: 9.77235919192e-05.
Iteration 759. I-divergence: 1314.46437363. MSE: 0.67676544425. Diff MSE: 9.76292350489e-05.
Iteration 760. I-divergence: 1314.27808527. MSE: 0.676667908707. Diff MSE: 9.75355430053e-05.
Iteration 761. I-divergence: 1314.09197341. MSE: 0.676570466193. Diff MSE: 9.74425138385e-05.
Iteration 762. I-divergence: 1313.90603678. MSE: 0.676473116047. Diff MSE: 9.73501456536e-05.
Iteration 763. I-divergence: 1313.72027414. MSE: 0.676375857611. Diff MSE: 9.725843643e-05.
Iteration 764. I-divergence: 1313.53468424. MSE: 0.676278690227. Diff MSE: 9.7167384286e-05.
Iteration 765. I-divergence: 1313.34926584. MSE: 0.67618161324. Diff MSE: 9.70769872013e-05.
Iteration 766. I-divergence: 1313.16401768. MSE: 0.676084625996. Diff MSE: 9.69872432305e-05.
Iteration 767. I-divergence: 1312.97893855. MSE: 0.675987727846. Diff MSE: 9.68981503979e-05.
Iteration 768. I-divergence: 1312.79402719. MSE: 0.675890918139. Diff MSE: 9.68097066635e-05.
Iteration 769. I-divergence: 1312.60928239. MSE: 0.675794196229. Diff MSE: 9.67219101099e-05.
Iteration 770. I-divergence: 1312.42470292. MSE: 0.67569756147. Diff MSE: 9.66347586706e-05.
Iteration 771. I-divergence: 1312.24028755. MSE: 0.67560101322. Diff MSE: 9.65482503713e-05.
Iteration 772. I-divergence: 1312.05603506. MSE: 0.675504550837. Diff MSE: 9.64623831528e-05.
Iteration 773. I-divergence: 1311.87194425. MSE: 0.675408173682. Diff MSE: 9.63771550418e-05.
Iteration 774. I-divergence: 1311.68801391. MSE: 0.675311881118. Diff MSE: 9.62925639492e-05.
Iteration 775. I-divergence: 1311.50424282. MSE: 0.67521567251. Diff MSE: 9.62086078637e-05.
Iteration 776. I-divergence: 1311.32062978. MSE: 0.675119547225. Diff MSE: 9.6125284743e-05.
Iteration 777. I-divergence: 1311.1371736. MSE: 0.675023504633. Diff MSE: 9.60425924914e-05.
Iteration 778. I-divergence: 1310.95387308. MSE: 0.674927544104. Diff MSE: 9.59605290934e-05.
Iteration 779. I-divergence: 1310.77072703. MSE: 0.674831665011. Diff MSE: 9.58790924286e-05.
Iteration 780. I-divergence: 1310.58773427. MSE: 0.674735866731. Diff MSE: 9.57982804626e-05.
Iteration 781. I-divergence: 1310.4048936. MSE: 0.67464014864. Diff MSE: 9.57180910929e-05.
Iteration 782. I-divergence: 1310.22220386. MSE: 0.674544510118. Diff MSE: 9.56385221917e-05.
Iteration 783. I-divergence: 1310.03966386. MSE: 0.674448950546. Diff MSE: 9.55595717393e-05.
Iteration 784. I-divergence: 1309.85727244. MSE: 0.674353469308. Diff MSE: 9.54812375507e-05.
Iteration 785. I-divergence: 1309.67502843. MSE: 0.674258065791. Diff MSE: 9.54035175539e-05.
Iteration 786. I-divergence: 1309.49293067. MSE: 0.674162739381. Diff MSE: 9.53264096127e-05.
Iteration 787. I-divergence: 1309.310978. MSE: 0.67406748947. Diff MSE: 9.52499116139e-05.
Iteration 788. I-divergence: 1309.12916926. MSE: 0.673972315448. Diff MSE: 9.51740214209e-05.
Iteration 789. I-divergence: 1308.94750331. MSE: 0.673877216711. Diff MSE: 9.50987368704e-05.
Iteration 790. I-divergence: 1308.765979. MSE: 0.673782192655. Diff MSE: 9.50240558467e-05.
Iteration 791. I-divergence: 1308.58459518. MSE: 0.673687242679. Diff MSE: 9.4949976183e-05.
Iteration 792. I-divergence: 1308.40335072. MSE: 0.673592366184. Diff MSE: 9.48764957024e-05.
Iteration 793. I-divergence: 1308.22224448. MSE: 0.673497562571. Diff MSE: 9.48036122705e-05.
Iteration 794. I-divergence: 1308.04127533. MSE: 0.673402831248. Diff MSE: 9.47313236994e-05.
Iteration 795. I-divergence: 1307.86044216. MSE: 0.67330817162. Diff MSE: 9.46596278033e-05.
Iteration 796. I-divergence: 1307.67974383. MSE: 0.673213583097. Diff MSE: 9.45885223944e-05.
Iteration 797. I-divergence: 1307.49917923. MSE: 0.673119065092. Diff MSE: 9.45180052954e-05.
Iteration 798. I-divergence: 1307.31874725. MSE: 0.673024617018. Diff MSE: 9.44480742964e-05.
Iteration 799. I-divergence: 1307.13844678. MSE: 0.672930238291. Diff MSE: 9.43787272061e-05.
Iteration 800. I-divergence: 1306.95827671. MSE: 0.672835928329. Diff MSE: 9.4309961773e-05.
Iteration 801. I-divergence: 1306.77823594. MSE: 0.672741686553. Diff MSE: 9.4241775858e-05.
Iteration 802. I-divergence: 1306.59832338. MSE: 0.672647512386. Diff MSE: 9.41741671574e-05.
Iteration 803. I-divergence: 1306.41853793. MSE: 0.672553405252. Diff MSE: 9.41071334831e-05.
Iteration 804. I-divergence: 1306.23887851. MSE: 0.67245936458. Diff MSE: 9.40406725827e-05.
Iteration 805. I-divergence: 1306.05934404. MSE: 0.672365389797. Diff MSE: 9.39747822344e-05.
Iteration 806. I-divergence: 1305.87993342. MSE: 0.672271480337. Diff MSE: 9.39094601806e-05.
Iteration 807. I-divergence: 1305.7006456. MSE: 0.672177635633. Diff MSE: 9.38447041536e-05.
Iteration 808. I-divergence: 1305.52147949. MSE: 0.672083855121. Diff MSE: 9.3780511925e-05.
Iteration 809. I-divergence: 1305.34243404. MSE: 0.67199013824. Diff MSE: 9.37168812125e-05.
Iteration 810. I-divergence: 1305.16350818. MSE: 0.67189648443. Diff MSE: 9.36538097333e-05.
Iteration 811. I-divergence: 1304.98470085. MSE: 0.671802893135. Diff MSE: 9.3591295218e-05.
Iteration 812. I-divergence: 1304.806011. MSE: 0.6717093638. Diff MSE: 9.35293354002e-05.
Iteration 813. I-divergence: 1304.62743758. MSE: 0.671615895872. Diff MSE: 9.34679279684e-05.
Iteration 814. I-divergence: 1304.44897954. MSE: 0.671522488801. Diff MSE: 9.34070706492e-05.
Iteration 815. I-divergence: 1304.27063585. MSE: 0.67142914204. Diff MSE: 9.33467611449e-05.
Iteration 816. I-divergence: 1304.09240548. MSE: 0.671335855043. Diff MSE: 9.32869971034e-05.
Iteration 817. I-divergence: 1303.91428738. MSE: 0.671242627266. Diff MSE: 9.3227776272e-05.
Iteration 818. I-divergence: 1303.73628053. MSE: 0.67114945817. Diff MSE: 9.31690963181e-05.
Iteration 819. I-divergence: 1303.55838391. MSE: 0.671056347215. Diff MSE: 9.31109548779e-05.
Iteration 820. I-divergence: 1303.3805965. MSE: 0.670963293866. Diff MSE: 9.30533496841e-05.
Iteration 821. I-divergence: 1303.20291729. MSE: 0.670870297587. Diff MSE: 9.29962783714e-05.
Iteration 822. I-divergence: 1303.02534526. MSE: 0.670777357849. Diff MSE: 9.29397386096e-05.
Iteration 823. I-divergence: 1302.84787942. MSE: 0.670684474121. Diff MSE: 9.28837280207e-05.
Iteration 824. I-divergence: 1302.67051876. MSE: 0.670591645876. Diff MSE: 9.28282443179e-05.
Iteration 825. I-divergence: 1302.49326229. MSE: 0.670498872591. Diff MSE: 9.27732850927e-05.
Iteration 826. I-divergence: 1302.31610901. MSE: 0.670406153743. Diff MSE: 9.27188480042e-05.
Iteration 827. I-divergence: 1302.13905794. MSE: 0.670313488813. Diff MSE: 9.26649306773e-05.
Iteration 828. I-divergence: 1301.96210809. MSE: 0.670220877282. Diff MSE: 9.26115307714e-05.
Iteration 829. I-divergence: 1301.7852585. MSE: 0.670128318636. Diff MSE: 9.25586458537e-05.
Iteration 830. I-divergence: 1301.60850818. MSE: 0.670035812362. Diff MSE: 9.25062735752e-05.
Iteration 831. I-divergence: 1301.43185616. MSE: 0.669943357951. Diff MSE: 9.24544115621e-05.
Iteration 832. I-divergence: 1301.25530148. MSE: 0.669850954893. Diff MSE: 9.24030573992e-05.
Iteration 833. I-divergence: 1301.07884319. MSE: 0.669758602685. Diff MSE: 9.23522086757e-05.
Iteration 834. I-divergence: 1300.90248032. MSE: 0.669666300822. Diff MSE: 9.23018630091e-05.
Iteration 835. I-divergence: 1300.72621193. MSE: 0.669574048804. Diff MSE: 9.22520180129e-05.
Iteration 836. I-divergence: 1300.55003707. MSE: 0.669481846132. Diff MSE: 9.22026712045e-05.
Iteration 837. I-divergence: 1300.37395479. MSE: 0.669389692312. Diff MSE: 9.21538202227e-05.
Iteration 838. I-divergence: 1300.19796417. MSE: 0.66929758685. Diff MSE: 9.21054626266e-05.
Iteration 839. I-divergence: 1300.02206426. MSE: 0.669205529254. Diff MSE: 9.20575959812e-05.
Iteration 840. I-divergence: 1299.84625415. MSE: 0.669113519036. Diff MSE: 9.20102178311e-05.
Iteration 841. I-divergence: 1299.6705329. MSE: 0.66902155571. Diff MSE: 9.19633257882e-05.
Iteration 842. I-divergence: 1299.49489961. MSE: 0.668929638793. Diff MSE: 9.1916917356e-05.
Iteration 843. I-divergence: 1299.31935335. MSE: 0.668837767803. Diff MSE: 9.18709901193e-05.
Iteration 844. I-divergence: 1299.14389322. MSE: 0.668745942261. Diff MSE: 9.18255415926e-05.
Iteration 845. I-divergence: 1298.96851831. MSE: 0.668654161692. Diff MSE: 9.17805693357e-05.
Iteration 846. I-divergence: 1298.79322773. MSE: 0.668562425621. Diff MSE: 9.17360708552e-05.
Iteration 847. I-divergence: 1298.61802057. MSE: 0.668470733577. Diff MSE: 9.16920437168e-05.
Iteration 848. I-divergence: 1298.44289595. MSE: 0.668379085092. Diff MSE: 9.16484854169e-05.
Iteration 849. I-divergence: 1298.26785298. MSE: 0.668287479698. Diff MSE: 9.16053934832e-05.
Iteration 850. I-divergence: 1298.09289079. MSE: 0.668195916933. Diff MSE: 9.15627654267e-05.
Iteration 851. I-divergence: 1297.91800849. MSE: 0.668104396334. Diff MSE: 9.15205987504e-05.
Iteration 852. I-divergence: 1297.74320521. MSE: 0.668012917443. Diff MSE: 9.14788909775e-05.
Iteration 853. I-divergence: 1297.56848009. MSE: 0.667921479803. Diff MSE: 9.14376395676e-05.
Iteration 854. I-divergence: 1297.39383227. MSE: 0.667830082961. Diff MSE: 9.13968420558e-05.
Iteration 855. I-divergence: 1297.21926088. MSE: 0.667738726465. Diff MSE: 9.13564958904e-05.
Iteration 856. I-divergence: 1297.04476508. MSE: 0.667647409867. Diff MSE: 9.13165985953e-05.
Iteration 857. I-divergence: 1296.87034401. MSE: 0.667556132719. Diff MSE: 9.12771476256e-05.
Iteration 858. I-divergence: 1296.69599684. MSE: 0.667464894579. Diff MSE: 9.12381404307e-05.
Iteration 859. I-divergence: 1296.52172273. MSE: 0.667373695004. Diff MSE: 9.11995745234e-05.
Iteration 860. I-divergence: 1296.34752084. MSE: 0.667282533557. Diff MSE: 9.11614473418e-05.
Iteration 861. I-divergence: 1296.17339035. MSE: 0.667191409801. Diff MSE: 9.11237563552e-05.
Iteration 862. I-divergence: 1295.99933042. MSE: 0.667100323302. Diff MSE: 9.10864989949e-05.
Iteration 863. I-divergence: 1295.82534025. MSE: 0.667009273629. Diff MSE: 9.1049672723e-05.
Iteration 864. I-divergence: 1295.65141902. MSE: 0.666918260354. Diff MSE: 9.1013274984e-05.
Iteration 865. I-divergence: 1295.47756592. MSE: 0.666827283051. Diff MSE: 9.09773032208e-05.
Iteration 866. I-divergence: 1295.30378014. MSE: 0.666736341296. Diff MSE: 9.09417548431e-05.
Iteration 867. I-divergence: 1295.13006089. MSE: 0.666645434669. Diff MSE: 9.09066273079e-05.
Iteration 868. I-divergence: 1294.95640737. MSE: 0.66655456275. Diff MSE: 9.08719180261e-05.
Iteration 869. I-divergence: 1294.78281879. MSE: 0.666463725126. Diff MSE: 9.08376243953e-05.
Iteration 870. I-divergence: 1294.60929437. MSE: 0.666372921382. Diff MSE: 9.08037438745e-05.
Iteration 871. I-divergence: 1294.43583332. MSE: 0.666282151108. Diff MSE: 9.07702738204e-05.
Iteration 872. I-divergence: 1294.26243488. MSE: 0.666191413897. Diff MSE: 9.07372116622e-05.
Iteration 873. I-divergence: 1294.08909827. MSE: 0.666100709342. Diff MSE: 9.07045548191e-05.
Iteration 874. I-divergence: 1293.91582273. MSE: 0.666010037041. Diff MSE: 9.06723006423e-05.
Iteration 875. I-divergence: 1293.74260749. MSE: 0.665919396595. Diff MSE: 9.06404465402e-05.
Iteration 876. I-divergence: 1293.56945181. MSE: 0.665828787605. Diff MSE: 9.06089899114e-05.
Iteration 877. I-divergence: 1293.39635492. MSE: 0.665738209677. Diff MSE: 9.05779281161e-05.
Iteration 878. I-divergence: 1293.2233161. MSE: 0.665647662418. Diff MSE: 9.05472585342e-05.
Iteration 879. I-divergence: 1293.05033458. MSE: 0.66555714544. Diff MSE: 9.05169785383e-05.
Iteration 880. I-divergence: 1292.87740965. MSE: 0.665466658354. Diff MSE: 9.04870854685e-05.
Iteration 881. I-divergence: 1292.70454057. MSE: 0.665376200777. Diff MSE: 9.04575767456e-05.
Iteration 882. I-divergence: 1292.53172662. MSE: 0.665285772328. Diff MSE: 9.04284496285e-05.
Iteration 883. I-divergence: 1292.35896707. MSE: 0.665195372626. Diff MSE: 9.03997015774e-05.
Iteration 884. I-divergence: 1292.18626121. MSE: 0.665105001296. Diff MSE: 9.03713298441e-05.
Iteration 885. I-divergence: 1292.01360833. MSE: 0.665014657965. Diff MSE: 9.03433318353e-05.
Iteration 886. I-divergence: 1291.84100772. MSE: 0.66492434226. Diff MSE: 9.03157048496e-05.
Iteration 887. I-divergence: 1291.66845869. MSE: 0.664834053813. Diff MSE: 9.0288446239e-05.
Iteration 888. I-divergence: 1291.49596053. MSE: 0.66474379226. Diff MSE: 9.02615532985e-05.
Iteration 889. I-divergence: 1291.32351256. MSE: 0.664653557237. Diff MSE: 9.02350233971e-05.
Iteration 890. I-divergence: 1291.1511141. MSE: 0.664563348383. Diff MSE: 9.02088538047e-05.
Iteration 891. I-divergence: 1290.97876446. MSE: 0.664473165341. Diff MSE: 9.01830418703e-05.
Iteration 892. I-divergence: 1290.80646297. MSE: 0.664383007756. Diff MSE: 9.01575848767e-05.
Iteration 893. I-divergence: 1290.63420896. MSE: 0.664292875276. Diff MSE: 9.01324801511e-05.
Iteration 894. I-divergence: 1290.46200177. MSE: 0.664202767551. Diff MSE: 9.01077249705e-05.
Iteration 895. I-divergence: 1290.28984072. MSE: 0.664112684234. Diff MSE: 9.0083316629e-05.
Iteration 896. I-divergence: 1290.11772518. MSE: 0.664022624982. Diff MSE: 9.00592524357e-05.
Iteration 897. I-divergence: 1289.94565449. MSE: 0.663932589452. Diff MSE: 9.0035529663e-05.
Iteration 898. I-divergence: 1289.77362801. MSE: 0.663842577307. Diff MSE: 9.00121455798e-05.
Iteration 899. I-divergence: 1289.60164509. MSE: 0.663752588209. Diff MSE: 8.99890974748e-05.
Iteration 900. I-divergence: 1289.42970511. MSE: 0.663662621827. Diff MSE: 8.99663826363e-05.
Iteration 901. I-divergence: 1289.25780744. MSE: 0.663572677828. Diff MSE: 8.9943998295e-05.
Iteration 902. I-divergence: 1289.08595145. MSE: 0.663482755887. Diff MSE: 8.99219417214e-05.
Iteration 903. I-divergence: 1288.91413652. MSE: 0.663392855676. Diff MSE: 8.99002102133e-05.
Iteration 904. I-divergence: 1288.74236204. MSE: 0.663302976875. Diff MSE: 8.9878800947e-05.
Iteration 905. I-divergence: 1288.5706274. MSE: 0.663213119164. Diff MSE: 8.98577112473e-05.
Iteration 906. I-divergence: 1288.398932. MSE: 0.663123282226. Diff MSE: 8.9836938319e-05.
Iteration 907. I-divergence: 1288.22727525. MSE: 0.663033465747. Diff MSE: 8.98164794126e-05.
Iteration 908. I-divergence: 1288.05565655. MSE: 0.662943669415. Diff MSE: 8.97963317548e-05.
Iteration 909. I-divergence: 1287.8840753. MSE: 0.662853892922. Diff MSE: 8.97764925848e-05.
Iteration 910. I-divergence: 1287.71253094. MSE: 0.662764135963. Diff MSE: 8.97569591365e-05.
Iteration 911. I-divergence: 1287.54102289. MSE: 0.662674398234. Diff MSE: 8.97377286083e-05.
Iteration 912. I-divergence: 1287.36955057. MSE: 0.662584679436. Diff MSE: 8.97187982458e-05.
Iteration 913. I-divergence: 1287.19811341. MSE: 0.662494979271. Diff MSE: 8.9700165238e-05.
Iteration 914. I-divergence: 1287.02671086. MSE: 0.662405297444. Diff MSE: 8.96818268171e-05.
Iteration 915. I-divergence: 1286.85534236. MSE: 0.662315633664. Diff MSE: 8.96637801707e-05.
Iteration 916. I-divergence: 1286.68400736. MSE: 0.662225987641. Diff MSE: 8.96460225194e-05.
Iteration 917. I-divergence: 1286.51270531. MSE: 0.66213635909. Diff MSE: 8.96285510352e-05.
Iteration 918. I-divergence: 1286.34143568. MSE: 0.662046747727. Diff MSE: 8.96113629441e-05.
Iteration 919. I-divergence: 1286.17019794. MSE: 0.661957153272. Diff MSE: 8.95944553917e-05.
Iteration 920. I-divergence: 1285.99899154. MSE: 0.661867575446. Diff MSE: 8.95778256101e-05.
Iteration 921. I-divergence: 1285.82781597. MSE: 0.661778013976. Diff MSE: 8.95614707567e-05.
Iteration 922. I-divergence: 1285.65667071. MSE: 0.661688468588. Diff MSE: 8.95453879851e-05.
Iteration 923. I-divergence: 1285.48555525. MSE: 0.661598939013. Diff MSE: 8.95295745158e-05.
Iteration 924. I-divergence: 1285.31446907. MSE: 0.661509424986. Diff MSE: 8.95140274878e-05.
Iteration 925. I-divergence: 1285.14341169. MSE: 0.661419926242. Diff MSE: 8.94987440859e-05.
Iteration 926. I-divergence: 1284.97238259. MSE: 0.66133044252. Diff MSE: 8.9483721439e-05.
Iteration 927. I-divergence: 1284.80138128. MSE: 0.661240973563. Diff MSE: 8.94689567299e-05.
Iteration 928. I-divergence: 1284.63040729. MSE: 0.661151519116. Diff MSE: 8.94544471175e-05.
Iteration 929. I-divergence: 1284.45946013. MSE: 0.661062078927. Diff MSE: 8.9440189739e-05.
Iteration 930. I-divergence: 1284.28853933. MSE: 0.660972652745. Diff MSE: 8.94261817624e-05.
Iteration 931. I-divergence: 1284.1176444. MSE: 0.660883240325. Diff MSE: 8.94124202674e-05.
Iteration 932. I-divergence: 1283.9467749. MSE: 0.660793841422. Diff MSE: 8.93989024743e-05.
Iteration 933. I-divergence: 1283.77593036. MSE: 0.660704455797. Diff MSE: 8.93856254929e-05.
Iteration 934. I-divergence: 1283.60511032. MSE: 0.66061508321. Diff MSE: 8.93725864127e-05.
Iteration 935. I-divergence: 1283.43431434. MSE: 0.660525723428. Diff MSE: 8.93597824227e-05.
Iteration 936. I-divergence: 1283.26354197. MSE: 0.660436376217. Diff MSE: 8.93472106186e-05.
Iteration 937. I-divergence: 1283.09279278. MSE: 0.660347041349. Diff MSE: 8.93348681126e-05.
Iteration 938. I-divergence: 1282.92206633. MSE: 0.660257718597. Diff MSE: 8.93227520461e-05.
Iteration 939. I-divergence: 1282.7513622. MSE: 0.660168407737. Diff MSE: 8.93108595232e-05.
Iteration 940. I-divergence: 1282.58067997. MSE: 0.66007910855. Diff MSE: 8.92991876708e-05.
Iteration 941. I-divergence: 1282.41001921. MSE: 0.659989820816. Diff MSE: 8.92877335703e-05.
Iteration 942. I-divergence: 1282.23937953. MSE: 0.659900544322. Diff MSE: 8.92764943508e-05.
Iteration 943. I-divergence: 1282.0687605. MSE: 0.659811278855. Diff MSE: 8.92654671076e-05.
Iteration 944. I-divergence: 1281.89816175. MSE: 0.659722024206. Diff MSE: 8.92546489439e-05.
Iteration 945. I-divergence: 1281.72758286. MSE: 0.659632780169. Diff MSE: 8.92440369485e-05.
Iteration 946. I-divergence: 1281.55702345. MSE: 0.659543546541. Diff MSE: 8.9233628235e-05.
Iteration 947. I-divergence: 1281.38648314. MSE: 0.659454323121. Diff MSE: 8.92234198745e-05.
Iteration 948. I-divergence: 1281.21596155. MSE: 0.659365109712. Diff MSE: 8.92134089616e-05.
Iteration 949. I-divergence: 1281.04545831. MSE: 0.659275906119. Diff MSE: 8.92035926009e-05.
Iteration 950. I-divergence: 1280.87497305. MSE: 0.659186712151. Diff MSE: 8.91939678376e-05.
Iteration 951. I-divergence: 1280.70450541. MSE: 0.65909752762. Diff MSE: 8.91845317809e-05.
Iteration 952. I-divergence: 1280.53405503. MSE: 0.659008352338. Diff MSE: 8.91752815234e-05.
Iteration 953. I-divergence: 1280.36362157. MSE: 0.658919186124. Diff MSE: 8.91662140992e-05.
Iteration 954. I-divergence: 1280.19320468. MSE: 0.658830028797. Diff MSE: 8.91573266122e-05.
Iteration 955. I-divergence: 1280.02280402. MSE: 0.658740880181. Diff MSE: 8.9148616129e-05.
Iteration 956. I-divergence: 1279.85241925. MSE: 0.658651740101. Diff MSE: 8.91400797222e-05.
Iteration 957. I-divergence: 1279.68205005. MSE: 0.658562608387. Diff MSE: 8.91317144236e-05.
Iteration 958. I-divergence: 1279.5116961. MSE: 0.65847348487. Diff MSE: 8.91235173857e-05.
Iteration 959. I-divergence: 1279.34135708. MSE: 0.658384369384. Diff MSE: 8.91154855648e-05.
Iteration 960. I-divergence: 1279.17103268. MSE: 0.658295261768. Diff MSE: 8.91076160915e-05.
Iteration 961. I-divergence: 1279.00072258. MSE: 0.658206161862. Diff MSE: 8.90999060005e-05.
Iteration 962. I-divergence: 1278.8304265. MSE: 0.65811706951. Diff MSE: 8.90923523615e-05.
Iteration 963. I-divergence: 1278.66014413. MSE: 0.658027984557. Diff MSE: 8.90849522271e-05.
Iteration 964. I-divergence: 1278.48987519. MSE: 0.657938906855. Diff MSE: 8.90777026326e-05.
Iteration 965. I-divergence: 1278.31961939. MSE: 0.657849836254. Diff MSE: 8.90706006739e-05.
Iteration 966. I-divergence: 1278.14937645. MSE: 0.657760772611. Diff MSE: 8.90636433499e-05.
Iteration 967. I-divergence: 1277.97914611. MSE: 0.657671715783. Diff MSE: 8.90568277493e-05.
Iteration 968. I-divergence: 1277.80892809. MSE: 0.657582665632. Diff MSE: 8.90501509144e-05.
Iteration 969. I-divergence: 1277.63872214. MSE: 0.657493622022. Diff MSE: 8.90436098857e-05.
Iteration 970. I-divergence: 1277.46852799. MSE: 0.657404584821. Diff MSE: 8.90372017064e-05.
Iteration 971. I-divergence: 1277.2983454. MSE: 0.657315553897. Diff MSE: 8.90309234496e-05.
Iteration 972. I-divergence: 1277.12817412. MSE: 0.657226529125. Diff MSE: 8.90247721178e-05.
Iteration 973. I-divergence: 1276.95801391. MSE: 0.65713751038. Diff MSE: 8.90187447868e-05.
Iteration 974. I-divergence: 1276.78786454. MSE: 0.657048497542. Diff MSE: 8.90128384923e-05.
Iteration 975. I-divergence: 1276.61772578. MSE: 0.656959490491. Diff MSE: 8.90070502557e-05.
Iteration 976. I-divergence: 1276.44759741. MSE: 0.656870489114. Diff MSE: 8.90013771743e-05.
Iteration 977. I-divergence: 1276.27747921. MSE: 0.656781493298. Diff MSE: 8.89958162502e-05.
Iteration 978. I-divergence: 1276.10737096. MSE: 0.656692502933. Diff MSE: 8.89903645132e-05.
Iteration 979. I-divergence: 1275.93727248. MSE: 0.656603517914. Diff MSE: 8.89850190394e-05.
Iteration 980. I-divergence: 1275.76718354. MSE: 0.656514538138. Diff MSE: 8.8979776842e-05.
Iteration 981. I-divergence: 1275.59710396. MSE: 0.656425563503. Diff MSE: 8.89746349737e-05.
Iteration 982. I-divergence: 1275.42703356. MSE: 0.656336593912. Diff MSE: 8.89695904978e-05.
Iteration 983. I-divergence: 1275.25697213. MSE: 0.656247629272. Diff MSE: 8.8964640423e-05.
Iteration 984. I-divergence: 1275.08691952. MSE: 0.65615866949. Diff MSE: 8.89597818005e-05.
Iteration 985. I-divergence: 1274.91687554. MSE: 0.656069714478. Diff MSE: 8.89550116857e-05.
Iteration 986. I-divergence: 1274.74684003. MSE: 0.655980764151. Diff MSE: 8.89503271057e-05.
Iteration 987. I-divergence: 1274.57681283. MSE: 0.655891818426. Diff MSE: 8.89457251287e-05.
Iteration 988. I-divergence: 1274.40679377. MSE: 0.655802877223. Diff MSE: 8.89412027743e-05.
Iteration 989. I-divergence: 1274.23678272. MSE: 0.655713940466. Diff MSE: 8.89367570972e-05.
Iteration 990. I-divergence: 1274.06677953. MSE: 0.655625008081. Diff MSE: 8.89323851494e-05.
Iteration 991. I-divergence: 1273.89678405. MSE: 0.655536079997. Diff MSE: 8.89280839756e-05.
Iteration 992. I-divergence: 1273.72679616. MSE: 0.655447156146. Diff MSE: 8.8923850628e-05.
Iteration 993. I-divergence: 1273.55681572. MSE: 0.655358236464. Diff MSE: 8.89196821438e-05.
Iteration 994. I-divergence: 1273.38684262. MSE: 0.655269320889. Diff MSE: 8.89155755779e-05.
Iteration 995. I-divergence: 1273.21687673. MSE: 0.655180409361. Diff MSE: 8.89115280051e-05.
Iteration 996. I-divergence: 1273.04691795. MSE: 0.655091501824. Diff MSE: 8.89075364693e-05.
Iteration 997. I-divergence: 1272.87696617. MSE: 0.655002598226. Diff MSE: 8.89035980376e-05.
Iteration 998. I-divergence: 1272.70702129. MSE: 0.654913698516. Diff MSE: 8.88997097226e-05.
Iteration 999. I-divergence: 1272.53708322. MSE: 0.654824802648. Diff MSE: 8.88958686559e-05.
Iteration 1000. I-divergence: 1272.36715186. MSE: 0.654735910576. Diff MSE: 8.88920718355e-05.
Performance on test set: MSE=0.709277594836, I-div=343.577170311.
0.709277594836
