Fold 1 for k=10,l=1.
Initialising F using KMeans.
Iteration: 1.
Iteration: 2.
Iteration: 3.
Iteration: 4.
Iteration: 5.
Iteration: 6.
Iteration: 7.
Iteration: 8.
Iteration: 9.
Iteration: 10.
Iteration: 11.
Iteration: 12.
Iteration: 13.
Iteration: 14.
Iteration: 15.
Iteration: 16.
Iteration: 17.
Iteration: 18.
[132.0, 4.0, 29.0, 59.0, 10.0, 72.0, 131.0, 34.0, 81.0, 70.0]
Initialising G using KMeans.
Iteration: 1.
Iteration: 2.
[139.0]
Iteration 0. I-divergence: 544036.116952. MSE: 125.456520259.
Iteration 1. I-divergence: 2468.32295987. MSE: 1.2934611884.
Iteration 2. I-divergence: 1683.05166603. MSE: 0.869993946073.
Iteration 3. I-divergence: 1634.9818649. MSE: 0.844647713318.
Iteration 4. I-divergence: 1631.69064062. MSE: 0.842919517769.
Iteration 5. I-divergence: 1631.44053871. MSE: 0.84278886551.
Iteration 6. I-divergence: 1631.4186914. MSE: 0.842777659292.
Iteration 7. I-divergence: 1631.41640533. MSE: 0.842776544814.
Iteration 8. I-divergence: 1631.41611552. MSE: 0.842776419772.
Iteration 9. I-divergence: 1631.41607251. MSE: 0.842776406142.
Iteration 10. I-divergence: 1631.41606543. MSE: 0.842776405586.
Iteration 11. I-divergence: 1631.4160642. MSE: 0.842776406128.
Iteration 12. I-divergence: 1631.41606397. MSE: 0.842776406482.
Iteration 13. I-divergence: 1631.41606393. MSE: 0.842776406654.
Iteration 14. I-divergence: 1631.41606393. MSE: 0.842776406731.
Iteration 15. I-divergence: 1631.41606393. MSE: 0.842776406764.
Iteration 16. I-divergence: 1631.41606393. MSE: 0.842776406779.
Iteration 17. I-divergence: 1631.41606393. MSE: 0.842776406785.
Iteration 18. I-divergence: 1631.41606393. MSE: 0.842776406788.
Iteration 19. I-divergence: 1631.41606393. MSE: 0.842776406789.
Iteration 20. I-divergence: 1631.41606393. MSE: 0.842776406789.
Iteration 21. I-divergence: 1631.41606393. MSE: 0.84277640679.
Iteration 22. I-divergence: 1631.41606393. MSE: 0.84277640679.
Iteration 23. I-divergence: 1631.41606393. MSE: 0.84277640679.
Iteration 24. I-divergence: 1631.41606393. MSE: 0.84277640679.
Iteration 25. I-divergence: 1631.41606393. MSE: 0.84277640679.
Iteration 26. I-divergence: 1631.41606393. MSE: 0.84277640679.
Iteration 27. I-divergence: 1631.41606393. MSE: 0.84277640679.
Iteration 28. I-divergence: 1631.41606393. MSE: 0.84277640679.
Iteration 29. I-divergence: 1631.41606393. MSE: 0.84277640679.
Iteration 30. I-divergence: 1631.41606393. MSE: 0.84277640679.
Iteration 31. I-divergence: 1631.41606393. MSE: 0.84277640679.
Iteration 32. I-divergence: 1631.41606393. MSE: 0.84277640679.
Iteration 33. I-divergence: 1631.41606393. MSE: 0.84277640679.
Iteration 34. I-divergence: 1631.41606393. MSE: 0.84277640679.
Iteration 35. I-divergence: 1631.41606393. MSE: 0.84277640679.
Iteration 36. I-divergence: 1631.41606393. MSE: 0.84277640679.
Iteration 37. I-divergence: 1631.41606393. MSE: 0.84277640679.
Iteration 38. I-divergence: 1631.41606393. MSE: 0.84277640679.
Iteration 39. I-divergence: 1631.41606393. MSE: 0.84277640679.
Iteration 40. I-divergence: 1631.41606393. MSE: 0.84277640679.
Iteration 41. I-divergence: 1631.41606393. MSE: 0.84277640679.
Iteration 42. I-divergence: 1631.41606393. MSE: 0.84277640679.
Iteration 43. I-divergence: 1631.41606393. MSE: 0.84277640679.
Iteration 44. I-divergence: 1631.41606393. MSE: 0.84277640679.
Iteration 45. I-divergence: 1631.41606393. MSE: 0.84277640679.
Iteration 46. I-divergence: 1631.41606393. MSE: 0.84277640679.
Iteration 47. I-divergence: 1631.41606393. MSE: 0.84277640679.
Iteration 48. I-divergence: 1631.41606393. MSE: 0.84277640679.
Iteration 49. I-divergence: 1631.41606393. MSE: 0.84277640679.
Iteration 50. I-divergence: 1631.41606393. MSE: 0.84277640679.
Iteration 51. I-divergence: 1631.41606393. MSE: 0.84277640679.
Iteration 52. I-divergence: 1631.41606393. MSE: 0.84277640679.
Iteration 53. I-divergence: 1631.41606393. MSE: 0.84277640679.
Iteration 54. I-divergence: 1631.41606393. MSE: 0.84277640679.
Iteration 55. I-divergence: 1631.41606393. MSE: 0.84277640679.
Iteration 56. I-divergence: 1631.41606393. MSE: 0.84277640679.
Iteration 57. I-divergence: 1631.41606393. MSE: 0.84277640679.
Iteration 58. I-divergence: 1631.41606393. MSE: 0.84277640679.
Iteration 59. I-divergence: 1631.41606393. MSE: 0.84277640679.
Iteration 60. I-divergence: 1631.41606393. MSE: 0.84277640679.
Iteration 61. I-divergence: 1631.41606393. MSE: 0.84277640679.
Iteration 62. I-divergence: 1631.41606393. MSE: 0.84277640679.
Iteration 63. I-divergence: 1631.41606393. MSE: 0.84277640679.
Iteration 64. I-divergence: 1631.41606393. MSE: 0.84277640679.
Iteration 65. I-divergence: 1631.41606393. MSE: 0.84277640679.
Iteration 66. I-divergence: 1631.41606393. MSE: 0.84277640679.
Iteration 67. I-divergence: 1631.41606393. MSE: 0.84277640679.
Iteration 68. I-divergence: 1631.41606393. MSE: 0.84277640679.
Iteration 69. I-divergence: 1631.41606393. MSE: 0.84277640679.
Iteration 70. I-divergence: 1631.41606393. MSE: 0.84277640679.
Iteration 71. I-divergence: 1631.41606393. MSE: 0.84277640679.
Iteration 72. I-divergence: 1631.41606393. MSE: 0.84277640679.
Iteration 73. I-divergence: 1631.41606393. MSE: 0.84277640679.
Iteration 74. I-divergence: 1631.41606393. MSE: 0.84277640679.
Iteration 75. I-divergence: 1631.41606393. MSE: 0.84277640679.
Iteration 76. I-divergence: 1631.41606393. MSE: 0.84277640679.
Iteration 77. I-divergence: 1631.41606393. MSE: 0.84277640679.
Iteration 78. I-divergence: 1631.41606393. MSE: 0.84277640679.
Iteration 79. I-divergence: 1631.41606393. MSE: 0.84277640679.
Iteration 80. I-divergence: 1631.41606393. MSE: 0.84277640679.
Iteration 81. I-divergence: 1631.41606393. MSE: 0.84277640679.
Iteration 82. I-divergence: 1631.41606393. MSE: 0.84277640679.
Iteration 83. I-divergence: 1631.41606393. MSE: 0.84277640679.
Iteration 84. I-divergence: 1631.41606393. MSE: 0.84277640679.
Iteration 85. I-divergence: 1631.41606393. MSE: 0.84277640679.
Iteration 86. I-divergence: 1631.41606393. MSE: 0.84277640679.
Iteration 87. I-divergence: 1631.41606393. MSE: 0.84277640679.
Iteration 88. I-divergence: 1631.41606393. MSE: 0.84277640679.
Iteration 89. I-divergence: 1631.41606393. MSE: 0.84277640679.
Iteration 90. I-divergence: 1631.41606393. MSE: 0.84277640679.
Iteration 91. I-divergence: 1631.41606393. MSE: 0.84277640679.
Iteration 92. I-divergence: 1631.41606393. MSE: 0.84277640679.
Iteration 93. I-divergence: 1631.41606393. MSE: 0.84277640679.
Iteration 94. I-divergence: 1631.41606393. MSE: 0.84277640679.
Iteration 95. I-divergence: 1631.41606393. MSE: 0.84277640679.
Iteration 96. I-divergence: 1631.41606393. MSE: 0.84277640679.
Iteration 97. I-divergence: 1631.41606393. MSE: 0.84277640679.
Iteration 98. I-divergence: 1631.41606393. MSE: 0.84277640679.
Iteration 99. I-divergence: 1631.41606393. MSE: 0.84277640679.
Iteration 100. I-divergence: 1631.41606393. MSE: 0.84277640679.
Performance on test set: MSE=0.854483256799, I-div=412.444489635.
0.854483256799
