Fold 1 for k=10,l=20.
Initialising F using KMeans.
Iteration: 1.
Iteration: 2.
Iteration: 3.
Iteration: 4.
Iteration: 5.
Iteration: 6.
Iteration: 7.
Iteration: 8.
Iteration: 9.
Iteration: 10.
Iteration: 11.
Iteration: 12.
Iteration: 13.
Iteration: 14.
Iteration: 15.
Iteration: 16.
Iteration: 17.
Iteration: 18.
[132.0, 4.0, 29.0, 59.0, 10.0, 72.0, 131.0, 34.0, 81.0, 70.0]
Initialising G using KMeans.
Iteration: 1.
Iteration: 2.
Iteration: 3.
Iteration: 4.
Iteration: 5.
Iteration: 6.
[1.0, 0.0, 18.0, 1.0, 0.0, 9.0, 5.0, 30.0, 3.0, 2.0, 8.0, 36.0, 1.0, 1.0, 5.0, 5.0, 3.0, 0.0, 0.0, 11.0]
Iteration 0. I-divergence: 2047.28131549. MSE: 1.0623322685. Diff MSE: -1.0623322685.
Iteration 1. I-divergence: 1655.90977171. MSE: 0.855641826711. Diff MSE: 0.206690441793.
Iteration 2. I-divergence: 1629.42112087. MSE: 0.841723265598. Diff MSE: 0.0139185611128.
Iteration 3. I-divergence: 1625.16063285. MSE: 0.839480124176. Diff MSE: 0.00224314142254.
Iteration 4. I-divergence: 1622.96727767. MSE: 0.83832568333. Diff MSE: 0.00115444084517.
Iteration 5. I-divergence: 1621.01477681. MSE: 0.837297931808. Diff MSE: 0.0010277515222.
Iteration 6. I-divergence: 1619.12446321. MSE: 0.836302809096. Diff MSE: 0.000995122711729.
Iteration 7. I-divergence: 1617.2756007. MSE: 0.83532945153. Diff MSE: 0.000973357566854.
Iteration 8. I-divergence: 1615.46433171. MSE: 0.834375860095. Diff MSE: 0.000953591434266.
Iteration 9. I-divergence: 1613.68903737. MSE: 0.833441198433. Diff MSE: 0.000934661662013.
Iteration 10. I-divergence: 1611.94852039. MSE: 0.832524843871. Diff MSE: 0.000916354562034.
Iteration 11. I-divergence: 1610.24170877. MSE: 0.831626235739. Diff MSE: 0.000898608132396.
Iteration 12. I-divergence: 1608.56759181. MSE: 0.830744843808. Diff MSE: 0.000881391931279.
Iteration 13. I-divergence: 1606.92520283. MSE: 0.829880160185. Diff MSE: 0.000864683622306.
Iteration 14. I-divergence: 1605.31361325. MSE: 0.829031696644. Diff MSE: 0.000848463541287.
Iteration 15. I-divergence: 1603.73192965. MSE: 0.828198983305. Diff MSE: 0.000832713339528.
Iteration 16. I-divergence: 1602.17929176. MSE: 0.827381567674. Diff MSE: 0.000817415630036.
Iteration 17. I-divergence: 1600.65487079. MSE: 0.826579013795. Diff MSE: 0.000802553879155.
Iteration 18. I-divergence: 1599.15786782. MSE: 0.825790901441. Diff MSE: 0.000788112354352.
Iteration 19. I-divergence: 1597.68751241. MSE: 0.825016825359. Diff MSE: 0.000774076082162.
Iteration 20. I-divergence: 1596.24306115. MSE: 0.824256394551. Diff MSE: 0.000760430807804.
Iteration 21. I-divergence: 1594.82379643. MSE: 0.823509231596. Diff MSE: 0.000747162955294.
Iteration 22. I-divergence: 1593.42902521. MSE: 0.822774972007. Diff MSE: 0.000734259588952.
Iteration 23. I-divergence: 1592.05807788. MSE: 0.82205326363. Diff MSE: 0.000721708376499.
Iteration 24. I-divergence: 1590.71030716. MSE: 0.821343766076. Diff MSE: 0.000709497554289.
Iteration 25. I-divergence: 1589.38508713. MSE: 0.820646150182. Diff MSE: 0.000697615894446.
Iteration 26. I-divergence: 1588.08181223. MSE: 0.819960097507. Diff MSE: 0.000686052674305.
Iteration 27. I-divergence: 1586.79989637. MSE: 0.81928529986. Diff MSE: 0.000674797647346.
Iteration 28. I-divergence: 1585.53877211. MSE: 0.818621458843. Diff MSE: 0.000663841016412.
Iteration 29. I-divergence: 1584.29788981. MSE: 0.817968285435. Diff MSE: 0.000653173408373.
Iteration 30. I-divergence: 1583.07671689. MSE: 0.817325499585. Diff MSE: 0.000642785850399.
Iteration 31. I-divergence: 1581.87473715. MSE: 0.816692829837. Diff MSE: 0.000632669747915.
Iteration 32. I-divergence: 1580.69145001. MSE: 0.816070012973. Diff MSE: 0.00062281686363.
Iteration 33. I-divergence: 1579.52636995. MSE: 0.815456793675. Diff MSE: 0.00061321929822.
Iteration 34. I-divergence: 1578.37902587. MSE: 0.814852924203. Diff MSE: 0.000603869472006.
Iteration 35. I-divergence: 1577.24896052. MSE: 0.814258164095. Diff MSE: 0.000594760107743.
Iteration 36. I-divergence: 1576.13572994. MSE: 0.813672279881. Diff MSE: 0.00058588421455.
Iteration 37. I-divergence: 1575.03890297. MSE: 0.813095044808. Diff MSE: 0.000577235072911.
Iteration 38. I-divergence: 1573.95806077. MSE: 0.812526238587. Diff MSE: 0.000568806220318.
Iteration 39. I-divergence: 1572.89279631. MSE: 0.811965647149. Diff MSE: 0.000560591438052.
Iteration 40. I-divergence: 1571.842714. MSE: 0.811413062411. Diff MSE: 0.000552584738627.
Iteration 41. I-divergence: 1570.80742919. MSE: 0.810868282057. Diff MSE: 0.000544780354013.
Iteration 42. I-divergence: 1569.78656785. MSE: 0.810331109332. Diff MSE: 0.000537172724531.
Iteration 43. I-divergence: 1568.77976616. MSE: 0.809801352844. Diff MSE: 0.000529756488564.
Iteration 44. I-divergence: 1567.78667016. MSE: 0.809278826371. Diff MSE: 0.000522526472544.
Iteration 45. I-divergence: 1566.80693539. MSE: 0.808763348689. Diff MSE: 0.000515477681889.
Iteration 46. I-divergence: 1565.84022659. MSE: 0.808254743397. Diff MSE: 0.000508605292398.
Iteration 47. I-divergence: 1564.8862174. MSE: 0.807752838755. Diff MSE: 0.000501904641855.
Iteration 48. I-divergence: 1563.94459001. MSE: 0.807257467532. Diff MSE: 0.000495371222429.
Iteration 49. I-divergence: 1563.01503497. MSE: 0.806768466859. Diff MSE: 0.000489000673604.
Iteration 50. I-divergence: 1562.09725084. MSE: 0.806285678084. Diff MSE: 0.000482788775.
Iteration 51. I-divergence: 1561.19094398. MSE: 0.805808946644. Diff MSE: 0.000476731440291.
Iteration 52. I-divergence: 1560.2958283. MSE: 0.805338121933. Diff MSE: 0.000470824710857.
Iteration 53. I-divergence: 1559.411625. MSE: 0.804873057183. Diff MSE: 0.000465064750201.
Iteration 54. I-divergence: 1558.53806241. MSE: 0.804413609344. Diff MSE: 0.000459447838615.
Iteration 55. I-divergence: 1557.6748757. MSE: 0.803959638976. Diff MSE: 0.00045397036786.
Iteration 56. I-divergence: 1556.82180674. MSE: 0.803511010139. Diff MSE: 0.000448628836609.
Iteration 57. I-divergence: 1555.97860386. MSE: 0.803067590294. Diff MSE: 0.000443419845764.
Iteration 58. I-divergence: 1555.14502169. MSE: 0.802629250199. Diff MSE: 0.000438340094213.
Iteration 59. I-divergence: 1554.32082099. MSE: 0.802195863825. Diff MSE: 0.00043338637479.
Iteration 60. I-divergence: 1553.50576844. MSE: 0.801767308254. Diff MSE: 0.000428555570478.
Iteration 61. I-divergence: 1552.6996365. MSE: 0.801343463604. Diff MSE: 0.000423844650705.
Iteration 62. I-divergence: 1551.90220325. MSE: 0.800924212935. Diff MSE: 0.000419250668079.
Iteration 63. I-divergence: 1551.11325223. MSE: 0.80050944218. Diff MSE: 0.000414770755008.
Iteration 64. I-divergence: 1550.33257232. MSE: 0.80009904006. Diff MSE: 0.000410402120765.
Iteration 65. I-divergence: 1549.55995755. MSE: 0.799692898011. Diff MSE: 0.000406142048549.
Iteration 66. I-divergence: 1548.795207. MSE: 0.799290910118. Diff MSE: 0.000401987892687.
Iteration 67. I-divergence: 1548.03812467. MSE: 0.798892973042. Diff MSE: 0.000397937076236.
Iteration 68. I-divergence: 1547.28851934. MSE: 0.798498985954. Diff MSE: 0.000393987088279.
Iteration 69. I-divergence: 1546.54620443. MSE: 0.798108850472. Diff MSE: 0.000390135481823.
Iteration 70. I-divergence: 1545.81099794. MSE: 0.797722470601. Diff MSE: 0.00038637987138.
Iteration 71. I-divergence: 1545.08272227. MSE: 0.79733975267. Diff MSE: 0.000382717931161.
Iteration 72. I-divergence: 1544.36120416. MSE: 0.796960605277. Diff MSE: 0.000379147392758.
Iteration 73. I-divergence: 1543.64627454. MSE: 0.796584939233. Diff MSE: 0.000375666043518.
Iteration 74. I-divergence: 1542.93776848. MSE: 0.796212667509. Diff MSE: 0.00037227172461.
Iteration 75. I-divergence: 1542.23552503. MSE: 0.795843705179. Diff MSE: 0.000368962329394.
Iteration 76. I-divergence: 1541.53938719. MSE: 0.795477969377. Diff MSE: 0.000365735801785.
Iteration 77. I-divergence: 1540.84920173. MSE: 0.795115379243. Diff MSE: 0.000362590134645.
Iteration 78. I-divergence: 1540.1648192. MSE: 0.794755855874. Diff MSE: 0.000359523368491.
Iteration 79. I-divergence: 1539.48609375. MSE: 0.794399322285. Diff MSE: 0.000356533589792.
Iteration 80. I-divergence: 1538.81288312. MSE: 0.794045703355. Diff MSE: 0.000353618930027.
Iteration 81. I-divergence: 1538.1450485. MSE: 0.79369492579. Diff MSE: 0.000350777564039.
Iteration 82. I-divergence: 1537.48245446. MSE: 0.793346918081. Diff MSE: 0.000348007709072.
Iteration 83. I-divergence: 1536.82496891. MSE: 0.793001610458. Diff MSE: 0.000345307623506.
Iteration 84. I-divergence: 1536.17246298. MSE: 0.792658934852. Diff MSE: 0.000342675605735.
Iteration 85. I-divergence: 1535.52481095. MSE: 0.792318824859. Diff MSE: 0.00034010999314.
Iteration 86. I-divergence: 1534.88189021. MSE: 0.791981215698. Diff MSE: 0.000337609161072.
Iteration 87. I-divergence: 1534.24358116. MSE: 0.791646044176. Diff MSE: 0.000335171521827.
Iteration 88. I-divergence: 1533.60976713. MSE: 0.791313248652. Diff MSE: 0.000332795523768.
Iteration 89. I-divergence: 1532.98033435. MSE: 0.790982769002. Diff MSE: 0.000330479650417.
Iteration 90. I-divergence: 1532.35517187. MSE: 0.790654546582. Diff MSE: 0.00032822241948.
Iteration 91. I-divergence: 1531.73417147. MSE: 0.7903285242. Diff MSE: 0.000326022382219.
Iteration 92. I-divergence: 1531.11722764. MSE: 0.790004646078. Diff MSE: 0.000323878122425.
Iteration 93. I-divergence: 1530.50423747. MSE: 0.789682857822. Diff MSE: 0.000321788255814.
Iteration 94. I-divergence: 1529.89510066. MSE: 0.789363106393. Diff MSE: 0.000319751429203.
Iteration 95. I-divergence: 1529.28971938. MSE: 0.789045340073. Diff MSE: 0.000317766319866.
Iteration 96. I-divergence: 1528.68799827. MSE: 0.788729508438. Diff MSE: 0.000315831634638.
Iteration 97. I-divergence: 1528.08984437. MSE: 0.788415562329. Diff MSE: 0.000313946109576.
Iteration 98. I-divergence: 1527.49516707. MSE: 0.78810345382. Diff MSE: 0.000312108508876.
Iteration 99. I-divergence: 1526.90387803. MSE: 0.787793136195. Diff MSE: 0.000310317624747.
Iteration 100. I-divergence: 1526.31589117. MSE: 0.787484563919. Diff MSE: 0.000308572276353.
Iteration 101. I-divergence: 1525.73112259. MSE: 0.787177692609. Diff MSE: 0.000306871309472.
Iteration 102. I-divergence: 1525.14949052. MSE: 0.786872479013. Diff MSE: 0.000305213595831.
Iteration 103. I-divergence: 1524.57091529. MSE: 0.786568880981. Diff MSE: 0.000303598032554.
Iteration 104. I-divergence: 1523.99531928. MSE: 0.786266857439. Diff MSE: 0.000302023541686.
Iteration 105. I-divergence: 1523.42262684. MSE: 0.78596636837. Diff MSE: 0.000300489069577.
Iteration 106. I-divergence: 1522.8527643. MSE: 0.785667374783. Diff MSE: 0.000298993586359.
Iteration 107. I-divergence: 1522.28565989. MSE: 0.785369838698. Diff MSE: 0.000297536085565.
Iteration 108. I-divergence: 1521.72124368. MSE: 0.785073723114. Diff MSE: 0.00029611558346.
Iteration 109. I-divergence: 1521.15944759. MSE: 0.784778991996. Diff MSE: 0.000294731118746.
Iteration 110. I-divergence: 1520.6002053. MSE: 0.784485610244. Diff MSE: 0.000293381751966.
Iteration 111. I-divergence: 1520.04345224. MSE: 0.784193543678. Diff MSE: 0.000292066565098.
Iteration 112. I-divergence: 1519.48912552. MSE: 0.783902759017. Diff MSE: 0.000290784661114.
Iteration 113. I-divergence: 1518.93716393. MSE: 0.783613223854. Diff MSE: 0.000289535163534.
Iteration 114. I-divergence: 1518.38750787. MSE: 0.783324906638. Diff MSE: 0.000288317215979.
Iteration 115. I-divergence: 1517.84009931. MSE: 0.783037776656. Diff MSE: 0.000287129981791.
Iteration 116. I-divergence: 1517.2948818. MSE: 0.782751804012. Diff MSE: 0.000285972643649.
Iteration 117. I-divergence: 1516.75180036. MSE: 0.782466959609. Diff MSE: 0.000284844403065.
Iteration 118. I-divergence: 1516.21080152. MSE: 0.782183215129. Diff MSE: 0.000283744480081.
Iteration 119. I-divergence: 1515.67183323. MSE: 0.781900543016. Diff MSE: 0.00028267211288.
Iteration 120. I-divergence: 1515.13484486. MSE: 0.781618916459. Diff MSE: 0.000281626557453.
Iteration 121. I-divergence: 1514.59978712. MSE: 0.781338309372. Diff MSE: 0.000280607087001.
Iteration 122. I-divergence: 1514.06661212. MSE: 0.78105869638. Diff MSE: 0.000279612991889.
Iteration 123. I-divergence: 1513.53527323. MSE: 0.780780052801. Diff MSE: 0.000278643579153.
Iteration 124. I-divergence: 1513.00572511. MSE: 0.780502354629. Diff MSE: 0.000277698172005.
Iteration 125. I-divergence: 1512.4779237. MSE: 0.780225578519. Diff MSE: 0.000276776109802.
Iteration 126. I-divergence: 1511.95182611. MSE: 0.779949701772. Diff MSE: 0.000275876747421.
Iteration 127. I-divergence: 1511.42739068. MSE: 0.779674702316. Diff MSE: 0.000274999455121.
Iteration 128. I-divergence: 1510.90457688. MSE: 0.779400558698. Diff MSE: 0.000274143618083.
Iteration 129. I-divergence: 1510.38334535. MSE: 0.779127250062. Diff MSE: 0.000273308636245.
Iteration 130. I-divergence: 1509.8636578. MSE: 0.778854756138. Diff MSE: 0.000272493923794.
Iteration 131. I-divergence: 1509.34547704. MSE: 0.778583057229. Diff MSE: 0.000271698909076.
Iteration 132. I-divergence: 1508.82876693. MSE: 0.778312134195. Diff MSE: 0.000270923034165.
Iteration 133. I-divergence: 1508.31349236. MSE: 0.778041968441. Diff MSE: 0.000270165754522.
Iteration 134. I-divergence: 1507.79961922. MSE: 0.777772541902. Diff MSE: 0.000269426538876.
Iteration 135. I-divergence: 1507.28711439. MSE: 0.777503837033. Diff MSE: 0.000268704868781.
Iteration 136. I-divergence: 1506.77594568. MSE: 0.777235836795. Diff MSE: 0.000268000238443.
Iteration 137. I-divergence: 1506.26608186. MSE: 0.77696852464. Diff MSE: 0.00026731215433.
Iteration 138. I-divergence: 1505.75749259. MSE: 0.776701884505. Diff MSE: 0.000266640135087.
Iteration 139. I-divergence: 1505.25014842. MSE: 0.776435900794. Diff MSE: 0.000265983711027.
Iteration 140. I-divergence: 1504.74402078. MSE: 0.77617055837. Diff MSE: 0.000265342424113.
Iteration 141. I-divergence: 1504.23908192. MSE: 0.775905842542. Diff MSE: 0.000264715827546.
Iteration 142. I-divergence: 1503.73530493. MSE: 0.775641739057. Diff MSE: 0.00026410348555.
Iteration 143. I-divergence: 1503.2326637. MSE: 0.775378234084. Diff MSE: 0.000263504973175.
Iteration 144. I-divergence: 1502.7311329. MSE: 0.775115314208. Diff MSE: 0.000262919876025.
Iteration 145. I-divergence: 1502.23068795. MSE: 0.774852966418. Diff MSE: 0.000262347789984.
Iteration 146. I-divergence: 1501.73130504. MSE: 0.774591178097. Diff MSE: 0.000261788321036.
Iteration 147. I-divergence: 1501.23296106. MSE: 0.774329937012. Diff MSE: 0.000261241085033.
Iteration 148. I-divergence: 1500.73563363. MSE: 0.774069231304. Diff MSE: 0.000260705707453.
Iteration 149. I-divergence: 1500.23930103. MSE: 0.773809049481. Diff MSE: 0.000260181823194.
Iteration 150. I-divergence: 1499.74394224. MSE: 0.773549380405. Diff MSE: 0.000259669076332.
Iteration 151. I-divergence: 1499.24953689. MSE: 0.773290213285. Diff MSE: 0.000259167119954.
Iteration 152. I-divergence: 1498.75606523. MSE: 0.773031537669. Diff MSE: 0.000258675615959.
Iteration 153. I-divergence: 1498.26350815. MSE: 0.772773343434. Diff MSE: 0.000258194234727.
Iteration 154. I-divergence: 1497.77184714. MSE: 0.772515620779. Diff MSE: 0.00025772265518.
Iteration 155. I-divergence: 1497.28106428. MSE: 0.772258360215. Diff MSE: 0.00025726056426.
Iteration 156. I-divergence: 1496.79114223. MSE: 0.772001552558. Diff MSE: 0.000256807657036.
Iteration 157. I-divergence: 1496.3020642. MSE: 0.771745188921. Diff MSE: 0.000256363636311.
Iteration 158. I-divergence: 1495.81381397. MSE: 0.771489260709. Diff MSE: 0.000255928212583.
Iteration 159. I-divergence: 1495.32637583. MSE: 0.771233759605. Diff MSE: 0.000255501103746.
Iteration 160. I-divergence: 1494.83973459. MSE: 0.77097867757. Diff MSE: 0.00025508203499.
Iteration 161. I-divergence: 1494.35387557. MSE: 0.770724006831. Diff MSE: 0.00025467073861.
Iteration 162. I-divergence: 1493.8687846. MSE: 0.770469739877. Diff MSE: 0.000254266953837.
Iteration 163. I-divergence: 1493.38444796. MSE: 0.770215869451. Diff MSE: 0.000253870426678.
Iteration 164. I-divergence: 1492.90085242. MSE: 0.769962388541. Diff MSE: 0.000253480909757.
Iteration 165. I-divergence: 1492.41798518. MSE: 0.769709290379. Diff MSE: 0.000253098162086.
Iteration 166. I-divergence: 1491.93583391. MSE: 0.76945656843. Diff MSE: 0.000252721949108.
Iteration 167. I-divergence: 1491.45438671. MSE: 0.769204216388. Diff MSE: 0.000252352042268.
Iteration 168. I-divergence: 1490.97363207. MSE: 0.768952228168. Diff MSE: 0.000251988219132.
Iteration 169. I-divergence: 1490.49355892. MSE: 0.768700597905. Diff MSE: 0.000251630262974.
Iteration 170. I-divergence: 1490.01415657. MSE: 0.768449319942. Diff MSE: 0.000251277962959.
Iteration 171. I-divergence: 1489.53541474. MSE: 0.768198388829. Diff MSE: 0.000250931113712.
Iteration 172. I-divergence: 1489.0573235. MSE: 0.767947799313. Diff MSE: 0.000250589515343.
Iteration 173. I-divergence: 1488.57987331. MSE: 0.76769754634. Diff MSE: 0.000250252973197.
Iteration 174. I-divergence: 1488.10305497. MSE: 0.767447625042. Diff MSE: 0.000249921297935.
Iteration 175. I-divergence: 1487.62685964. MSE: 0.767198030737. Diff MSE: 0.00024959430512.
Iteration 176. I-divergence: 1487.15127882. MSE: 0.766948758922. Diff MSE: 0.000249271815355.
Iteration 177. I-divergence: 1486.67630433. MSE: 0.766699805268. Diff MSE: 0.000248953653986.
Iteration 178. I-divergence: 1486.20192832. MSE: 0.766451165617. Diff MSE: 0.000248639651077.
Iteration 179. I-divergence: 1485.72814325. MSE: 0.766202835975. Diff MSE: 0.000248329641254.
Iteration 180. I-divergence: 1485.25494188. MSE: 0.765954812512. Diff MSE: 0.000248023463663.
Iteration 181. I-divergence: 1484.78231728. MSE: 0.76570709155. Diff MSE: 0.000247720961674.
Iteration 182. I-divergence: 1484.31026278. MSE: 0.765459669567. Diff MSE: 0.000247421983028.
Iteration 183. I-divergence: 1483.83877202. MSE: 0.765212543188. Diff MSE: 0.000247126379544.
Iteration 184. I-divergence: 1483.36783889. MSE: 0.76496570918. Diff MSE: 0.000246834007099.
Iteration 185. I-divergence: 1482.89745757. MSE: 0.764719164455. Diff MSE: 0.000246544725499.
Iteration 186. I-divergence: 1482.42762246. MSE: 0.764472906057. Diff MSE: 0.00024625839838.
Iteration 187. I-divergence: 1481.95832825. MSE: 0.764226931163. Diff MSE: 0.000245974893132.
Iteration 188. I-divergence: 1481.48956985. MSE: 0.763981237083. Diff MSE: 0.000245694080801.
Iteration 189. I-divergence: 1481.02134242. MSE: 0.763735821247. Diff MSE: 0.000245415835991.
Iteration 190. I-divergence: 1480.55364134. MSE: 0.76349068121. Diff MSE: 0.000245140036759.
Iteration 191. I-divergence: 1480.08646222. MSE: 0.763245814645. Diff MSE: 0.000244866564582.
Iteration 192. I-divergence: 1479.61980088. MSE: 0.763001219341. Diff MSE: 0.000244595304183.
Iteration 193. I-divergence: 1479.15365337. MSE: 0.762756893198. Diff MSE: 0.000244326143557.
Iteration 194. I-divergence: 1478.68801592. MSE: 0.762512834224. Diff MSE: 0.000244058973817.
Iteration 195. I-divergence: 1478.22288499. MSE: 0.762269040535. Diff MSE: 0.000243793689115.
Iteration 196. I-divergence: 1477.7582572. MSE: 0.762025510348. Diff MSE: 0.000243530186602.
Iteration 197. I-divergence: 1477.2941294. MSE: 0.761782241982. Diff MSE: 0.000243268366334.
Iteration 198. I-divergence: 1476.83049859. MSE: 0.761539233851. Diff MSE: 0.000243008131219.
Iteration 199. I-divergence: 1476.36736195. MSE: 0.761296484464. Diff MSE: 0.000242749386862.
Iteration 200. I-divergence: 1475.90471686. MSE: 0.761053992422. Diff MSE: 0.000242492041655.
Iteration 201. I-divergence: 1475.44256085. MSE: 0.760811756415. Diff MSE: 0.000242236006533.
Iteration 202. I-divergence: 1474.98089161. MSE: 0.76056977522. Diff MSE: 0.000241981195054.
Iteration 203. I-divergence: 1474.51970699. MSE: 0.760328047697. Diff MSE: 0.000241727523201.
Iteration 204. I-divergence: 1474.05900501. MSE: 0.760086572788. Diff MSE: 0.000241474909473.
Iteration 205. I-divergence: 1473.59878382. MSE: 0.759845349513. Diff MSE: 0.000241223274651.
Iteration 206. I-divergence: 1473.13904173. MSE: 0.759604376971. Diff MSE: 0.000240972541911.
Iteration 207. I-divergence: 1472.67977718. MSE: 0.759363654335. Diff MSE: 0.000240722636619.
Iteration 208. I-divergence: 1472.22098876. MSE: 0.759123180848. Diff MSE: 0.000240473486366.
Iteration 209. I-divergence: 1471.76267517. MSE: 0.758882955827. Diff MSE: 0.000240225020876.
Iteration 210. I-divergence: 1471.30483527. MSE: 0.758642978655. Diff MSE: 0.000239977171959.
Iteration 211. I-divergence: 1470.84746802. MSE: 0.758403248782. Diff MSE: 0.000239729873471.
Iteration 212. I-divergence: 1470.39057251. MSE: 0.758163765721. Diff MSE: 0.000239483061211.
Iteration 213. I-divergence: 1469.93414795. MSE: 0.757924529048. Diff MSE: 0.000239236672951.
Iteration 214. I-divergence: 1469.47819367. MSE: 0.757685538399. Diff MSE: 0.000238990648377.
Iteration 215. I-divergence: 1469.02270909. MSE: 0.75744679347. Diff MSE: 0.000238744928915.
Iteration 216. I-divergence: 1468.56769377. MSE: 0.757208294013. Diff MSE: 0.000238499457832.
Iteration 217. I-divergence: 1468.11314733. MSE: 0.756970039832. Diff MSE: 0.000238254180173.
Iteration 218. I-divergence: 1467.65906954. MSE: 0.75673203079. Diff MSE: 0.000238009042637.
Iteration 219. I-divergence: 1467.20546022. MSE: 0.756494266796. Diff MSE: 0.000237763993591.
Iteration 220. I-divergence: 1466.75231932. MSE: 0.756256747813. Diff MSE: 0.000237518983027.
Iteration 221. I-divergence: 1466.29964688. MSE: 0.756019473851. Diff MSE: 0.000237273962497.
Iteration 222. I-divergence: 1465.847443. MSE: 0.755782444966. Diff MSE: 0.000237028885099.
Iteration 223. I-divergence: 1465.39570789. MSE: 0.75554566126. Diff MSE: 0.000236783705426.
Iteration 224. I-divergence: 1464.94444184. MSE: 0.755309122881. Diff MSE: 0.000236538379546.
Iteration 225. I-divergence: 1464.49364522. MSE: 0.755072830016. Diff MSE: 0.000236292864908.
Iteration 226. I-divergence: 1464.04331846. MSE: 0.754836782895. Diff MSE: 0.000236047120359.
Iteration 227. I-divergence: 1463.5934621. MSE: 0.754600981789. Diff MSE: 0.000235801106142.
Iteration 228. I-divergence: 1463.14407673. MSE: 0.754365427005. Diff MSE: 0.000235554783744.
Iteration 229. I-divergence: 1462.695163. MSE: 0.754130118889. Diff MSE: 0.000235308116004.
Iteration 230. I-divergence: 1462.24672166. MSE: 0.753895057823. Diff MSE: 0.00023506106694.
Iteration 231. I-divergence: 1461.7987535. MSE: 0.753660244221. Diff MSE: 0.0002348136019.
Iteration 232. I-divergence: 1461.35125937. MSE: 0.753425678533. Diff MSE: 0.00023456568727.
Iteration 233. I-divergence: 1460.90424021. MSE: 0.753191361243. Diff MSE: 0.000234317290717.
Iteration 234. I-divergence: 1460.45769699. MSE: 0.752957292862. Diff MSE: 0.000234068380995.
Iteration 235. I-divergence: 1460.01163074. MSE: 0.752723473934. Diff MSE: 0.000233818927948.
Iteration 236. I-divergence: 1459.56604258. MSE: 0.752489905031. Diff MSE: 0.000233568902516.
Iteration 237. I-divergence: 1459.12093363. MSE: 0.752256586755. Diff MSE: 0.000233318276646.
Iteration 238. I-divergence: 1458.67630509. MSE: 0.752023519731. Diff MSE: 0.000233067023388.
Iteration 239. I-divergence: 1458.23215822. MSE: 0.751790704614. Diff MSE: 0.00023281511666.
Iteration 240. I-divergence: 1457.7884943. MSE: 0.751558142083. Diff MSE: 0.000232562531466.
Iteration 241. I-divergence: 1457.34531467. MSE: 0.751325832839. Diff MSE: 0.000232309243707.
Iteration 242. I-divergence: 1456.90262072. MSE: 0.751093777609. Diff MSE: 0.000232055230191.
Iteration 243. I-divergence: 1456.46041387. MSE: 0.75086197714. Diff MSE: 0.000231800468634.
Iteration 244. I-divergence: 1456.01869558. MSE: 0.750630432203. Diff MSE: 0.00023154493766.
Iteration 245. I-divergence: 1455.57746736. MSE: 0.750399143586. Diff MSE: 0.000231288616691.
Iteration 246. I-divergence: 1455.13673074. MSE: 0.7501681121. Diff MSE: 0.000231031486016.
Iteration 247. I-divergence: 1454.69648731. MSE: 0.749937338573. Diff MSE: 0.000230773526729.
Iteration 248. I-divergence: 1454.25673867. MSE: 0.749706823853. Diff MSE: 0.000230514720736.
Iteration 249. I-divergence: 1453.81748647. MSE: 0.749476568802. Diff MSE: 0.000230255050638.
Iteration 250. I-divergence: 1453.37873237. MSE: 0.749246574302. Diff MSE: 0.000229994499905.
Iteration 251. I-divergence: 1452.94047809. MSE: 0.749016841249. Diff MSE: 0.000229733052616.
Iteration 252. I-divergence: 1452.50272536. MSE: 0.748787370556. Diff MSE: 0.000229470693665.
Iteration 253. I-divergence: 1452.06547593. MSE: 0.748558163147. Diff MSE: 0.000229207408547.
Iteration 254. I-divergence: 1451.62873159. MSE: 0.748329219964. Diff MSE: 0.00022894318358.
Iteration 255. I-divergence: 1451.19249414. MSE: 0.748100541958. Diff MSE: 0.000228678005594.
Iteration 256. I-divergence: 1450.75676543. MSE: 0.747872130096. Diff MSE: 0.00022841186211.
Iteration 257. I-divergence: 1450.32154731. MSE: 0.747643985355. Diff MSE: 0.000228144741331.
Iteration 258. I-divergence: 1449.88684165. MSE: 0.747416108723. Diff MSE: 0.000227876632011.
Iteration 259. I-divergence: 1449.45265035. MSE: 0.747188501199. Diff MSE: 0.000227607523555.
Iteration 260. I-divergence: 1449.01897532. MSE: 0.746961163793. Diff MSE: 0.000227337405903.
Iteration 261. I-divergence: 1448.5858185. MSE: 0.746734097524. Diff MSE: 0.000227066269568.
Iteration 262. I-divergence: 1448.15318183. MSE: 0.746507303418. Diff MSE: 0.000226794105679.
Iteration 263. I-divergence: 1447.72106728. MSE: 0.746280782512. Diff MSE: 0.000226520905837.
Iteration 264. I-divergence: 1447.28947683. MSE: 0.74605453585. Diff MSE: 0.000226246662198.
Iteration 265. I-divergence: 1446.85841247. MSE: 0.745828564482. Diff MSE: 0.000225971367411.
Iteration 266. I-divergence: 1446.4278762. MSE: 0.745602869468. Diff MSE: 0.000225695014697.
Iteration 267. I-divergence: 1445.99787005. MSE: 0.74537745187. Diff MSE: 0.000225417597643.
Iteration 268. I-divergence: 1445.56839604. MSE: 0.74515231276. Diff MSE: 0.000225139110465.
Iteration 269. I-divergence: 1445.1394562. MSE: 0.744927453212. Diff MSE: 0.000224859547708.
Iteration 270. I-divergence: 1444.71105259. MSE: 0.744702874308. Diff MSE: 0.000224578904455.
Iteration 271. I-divergence: 1444.28318726. MSE: 0.744478577131. Diff MSE: 0.000224297176185.
Iteration 272. I-divergence: 1443.85586226. MSE: 0.744254562772. Diff MSE: 0.000224014358869.
Iteration 273. I-divergence: 1443.42907968. MSE: 0.744030832324. Diff MSE: 0.000223730448818.
Iteration 274. I-divergence: 1443.00284158. MSE: 0.743807386881. Diff MSE: 0.000223445442779.
Iteration 275. I-divergence: 1442.57715004. MSE: 0.743584227543. Diff MSE: 0.000223159337994.
Iteration 276. I-divergence: 1442.15200715. MSE: 0.743361355411. Diff MSE: 0.00022287213195.
Iteration 277. I-divergence: 1441.727415. MSE: 0.743138771588. Diff MSE: 0.000222583822608.
Iteration 278. I-divergence: 1441.30337566. MSE: 0.74291647718. Diff MSE: 0.000222294408279.
Iteration 279. I-divergence: 1440.87989125. MSE: 0.742694473292. Diff MSE: 0.000222003887615.
Iteration 280. I-divergence: 1440.45696384. MSE: 0.742472761033. Diff MSE: 0.000221712259665.
Iteration 281. I-divergence: 1440.03459554. MSE: 0.742251341509. Diff MSE: 0.000221419523798.
Iteration 282. I-divergence: 1439.61278844. MSE: 0.742030215829. Diff MSE: 0.000221125679694.
Iteration 283. I-divergence: 1439.19154463. MSE: 0.741809385102. Diff MSE: 0.000220830727435.
Iteration 284. I-divergence: 1438.77086622. MSE: 0.741588850434. Diff MSE: 0.000220534667339.
Iteration 285. I-divergence: 1438.35075528. MSE: 0.741368612934. Diff MSE: 0.000220237500099.
Iteration 286. I-divergence: 1437.9312139. MSE: 0.741148673708. Diff MSE: 0.000219939226657.
Iteration 287. I-divergence: 1437.51224419. MSE: 0.740929033859. Diff MSE: 0.000219639848377.
Iteration 288. I-divergence: 1437.09384821. MSE: 0.740709694493. Diff MSE: 0.000219339366711.
Iteration 289. I-divergence: 1436.67602805. MSE: 0.740490656709. Diff MSE: 0.000219037783549.
Iteration 290. I-divergence: 1436.25878579. MSE: 0.740271921608. Diff MSE: 0.000218735101079.
Iteration 291. I-divergence: 1435.84212348. MSE: 0.740053490286. Diff MSE: 0.000218431321591.
Iteration 292. I-divergence: 1435.42604321. MSE: 0.739835363839. Diff MSE: 0.000218126447836.
Iteration 293. I-divergence: 1435.01054702. MSE: 0.739617543356. Diff MSE: 0.000217820482675.
Iteration 294. I-divergence: 1434.59563698. MSE: 0.739400029927. Diff MSE: 0.000217513429301.
Iteration 295. I-divergence: 1434.18131512. MSE: 0.739182824636. Diff MSE: 0.000217205291108.
Iteration 296. I-divergence: 1433.76758348. MSE: 0.738965928564. Diff MSE: 0.000216896071757.
Iteration 297. I-divergence: 1433.3544441. MSE: 0.738749342789. Diff MSE: 0.000216585775176.
Iteration 298. I-divergence: 1432.941899. MSE: 0.738533068383. Diff MSE: 0.000216274405395.
Iteration 299. I-divergence: 1432.52995019. MSE: 0.738317106416. Diff MSE: 0.000215961966821.
Iteration 300. I-divergence: 1432.11859968. MSE: 0.738101457952. Diff MSE: 0.000215648463972.
Iteration 301. I-divergence: 1431.70784946. MSE: 0.737886124051. Diff MSE: 0.000215333901627.
Iteration 302. I-divergence: 1431.29770152. MSE: 0.737671105766. Diff MSE: 0.00021501828475.
Iteration 303. I-divergence: 1430.88815783. MSE: 0.737456404147. Diff MSE: 0.000214701618522.
Iteration 304. I-divergence: 1430.47922037. MSE: 0.737242020239. Diff MSE: 0.000214383908314.
Iteration 305. I-divergence: 1430.07089108. MSE: 0.737027955079. Diff MSE: 0.000214065159685.
Iteration 306. I-divergence: 1429.6631719. MSE: 0.736814209701. Diff MSE: 0.00021374537837.
Iteration 307. I-divergence: 1429.25606478. MSE: 0.736600785131. Diff MSE: 0.000213424570358.
Iteration 308. I-divergence: 1428.84957162. MSE: 0.736387682389. Diff MSE: 0.000213102741683.
Iteration 309. I-divergence: 1428.44369435. MSE: 0.73617490249. Diff MSE: 0.000212779898715.
Iteration 310. I-divergence: 1428.03843484. MSE: 0.735962446443. Diff MSE: 0.000212456047843.
Iteration 311. I-divergence: 1427.63379499. MSE: 0.735750315247. Diff MSE: 0.000212131195731.
Iteration 312. I-divergence: 1427.22977666. MSE: 0.735538509898. Diff MSE: 0.000211805349146.
Iteration 313. I-divergence: 1426.82638171. MSE: 0.735327031383. Diff MSE: 0.000211478515053.
Iteration 314. I-divergence: 1426.42361198. MSE: 0.735115880682. Diff MSE: 0.000211150700531.
Iteration 315. I-divergence: 1426.0214693. MSE: 0.734905058769. Diff MSE: 0.000210821912854.
Iteration 316. I-divergence: 1425.61995548. MSE: 0.73469456661. Diff MSE: 0.000210492159384.
Iteration 317. I-divergence: 1425.21907232. MSE: 0.734484405162. Diff MSE: 0.000210161447701.
Iteration 318. I-divergence: 1424.8188216. MSE: 0.734274575377. Diff MSE: 0.000209829785465.
Iteration 319. I-divergence: 1424.4192051. MSE: 0.734065078196. Diff MSE: 0.0002094971805.
Iteration 320. I-divergence: 1424.02022456. MSE: 0.733855914555. Diff MSE: 0.00020916364076.
Iteration 321. I-divergence: 1423.62188173. MSE: 0.733647085381. Diff MSE: 0.000208829174331.
Iteration 322. I-divergence: 1423.22417832. MSE: 0.733438591592. Diff MSE: 0.000208493789383.
Iteration 323. I-divergence: 1422.82711605. MSE: 0.733230434097. Diff MSE: 0.000208157494318.
Iteration 324. I-divergence: 1422.4306966. MSE: 0.7330226138. Diff MSE: 0.00020782029755.
Iteration 325. I-divergence: 1422.03492165. MSE: 0.732815131592. Diff MSE: 0.000207482207635.
Iteration 326. I-divergence: 1421.63979285. MSE: 0.732607988359. Diff MSE: 0.000207143233309.
Iteration 327. I-divergence: 1421.24531185. MSE: 0.732401184976. Diff MSE: 0.0002068033833.
Iteration 328. I-divergence: 1420.85148025. MSE: 0.732194722309. Diff MSE: 0.000206462666607.
Iteration 329. I-divergence: 1420.45829968. MSE: 0.731988601217. Diff MSE: 0.000206121092148.
Iteration 330. I-divergence: 1420.06577172. MSE: 0.731782822548. Diff MSE: 0.0002057786691.
Iteration 331. I-divergence: 1419.67389794. MSE: 0.731577387141. Diff MSE: 0.000205435406683.
Iteration 332. I-divergence: 1419.28267989. MSE: 0.731372295827. Diff MSE: 0.000205091314191.
Iteration 333. I-divergence: 1418.89211911. MSE: 0.731167549426. Diff MSE: 0.000204746401039.
Iteration 334. I-divergence: 1418.5022171. MSE: 0.730963148749. Diff MSE: 0.000204400676747.
Iteration 335. I-divergence: 1418.11297538. MSE: 0.730759094598. Diff MSE: 0.000204054150911.
Iteration 336. I-divergence: 1417.72439542. MSE: 0.730555387765. Diff MSE: 0.000203706833205.
Iteration 337. I-divergence: 1417.33647867. MSE: 0.730352029032. Diff MSE: 0.000203358733407.
Iteration 338. I-divergence: 1416.94922659. MSE: 0.73014901917. Diff MSE: 0.000203009861381.
Iteration 339. I-divergence: 1416.56264059. MSE: 0.729946358943. Diff MSE: 0.000202660227041.
Iteration 340. I-divergence: 1416.17672208. MSE: 0.729744049103. Diff MSE: 0.000202309840421.
Iteration 341. I-divergence: 1415.79147244. MSE: 0.729542090391. Diff MSE: 0.00020195871163.
Iteration 342. I-divergence: 1415.40689303. MSE: 0.72934048354. Diff MSE: 0.000201606850796.
Iteration 343. I-divergence: 1415.02298521. MSE: 0.729139229272. Diff MSE: 0.000201254268182.
Iteration 344. I-divergence: 1414.6397503. MSE: 0.728938328298. Diff MSE: 0.000200900974099.
Iteration 345. I-divergence: 1414.2571896. MSE: 0.728737781319. Diff MSE: 0.000200546978923.
Iteration 346. I-divergence: 1413.8753044. MSE: 0.728537589026. Diff MSE: 0.000200192293084.
Iteration 347. I-divergence: 1413.49409596. MSE: 0.728337752099. Diff MSE: 0.000199836927128.
Iteration 348. I-divergence: 1413.11356554. MSE: 0.728138271207. Diff MSE: 0.000199480891581.
Iteration 349. I-divergence: 1412.73371435. MSE: 0.72793914701. Diff MSE: 0.000199124197106.
Iteration 350. I-divergence: 1412.35454361. MSE: 0.727740380156. Diff MSE: 0.000198766854374.
Iteration 351. I-divergence: 1411.97605449. MSE: 0.727541971282. Diff MSE: 0.000198408874134.
Iteration 352. I-divergence: 1411.59824817. MSE: 0.727343921014. Diff MSE: 0.000198050267208.
Iteration 353. I-divergence: 1411.22112578. MSE: 0.72714622997. Diff MSE: 0.000197691044408.
Iteration 354. I-divergence: 1410.84468844. MSE: 0.726948898753. Diff MSE: 0.00019733121667.
Iteration 355. I-divergence: 1410.46893727. MSE: 0.726751927958. Diff MSE: 0.000196970794919.
Iteration 356. I-divergence: 1410.09387334. MSE: 0.726555318168. Diff MSE: 0.000196609790186.
Iteration 357. I-divergence: 1409.71949771. MSE: 0.726359069955. Diff MSE: 0.000196248213485.
Iteration 358. I-divergence: 1409.34581142. MSE: 0.726163183879. Diff MSE: 0.000195886075904.
Iteration 359. I-divergence: 1408.97281549. MSE: 0.72596766049. Diff MSE: 0.000195523388586.
Iteration 360. I-divergence: 1408.60051092. MSE: 0.725772500328. Diff MSE: 0.0001951601627.
Iteration 361. I-divergence: 1408.22889868. MSE: 0.725577703918. Diff MSE: 0.000194796409431.
Iteration 362. I-divergence: 1407.85797972. MSE: 0.725383271778. Diff MSE: 0.000194432140022.
Iteration 363. I-divergence: 1407.48775498. MSE: 0.725189204412. Diff MSE: 0.000194067365812.
Iteration 364. I-divergence: 1407.11822538. MSE: 0.724995502314. Diff MSE: 0.000193702097999.
Iteration 365. I-divergence: 1406.74939179. MSE: 0.724802165966. Diff MSE: 0.000193336348008.
Iteration 366. I-divergence: 1406.38125509. MSE: 0.724609195839. Diff MSE: 0.000192970127191.
Iteration 367. I-divergence: 1406.01381613. MSE: 0.724416592392. Diff MSE: 0.000192603446941.
Iteration 368. I-divergence: 1405.64707573. MSE: 0.724224356073. Diff MSE: 0.000192236318685.
Iteration 369. I-divergence: 1405.28103469. MSE: 0.72403248732. Diff MSE: 0.000191868753868.
Iteration 370. I-divergence: 1404.9156938. MSE: 0.723840986556. Diff MSE: 0.000191500763957.
Iteration 371. I-divergence: 1404.55105382. MSE: 0.723649854195. Diff MSE: 0.000191132360472.
Iteration 372. I-divergence: 1404.18711548. MSE: 0.72345909064. Diff MSE: 0.000190763554898.
Iteration 373. I-divergence: 1403.82387951. MSE: 0.723268696282. Diff MSE: 0.000190394358795.
Iteration 374. I-divergence: 1403.46134659. MSE: 0.723078671498. Diff MSE: 0.000190024783705.
Iteration 375. I-divergence: 1403.0995174. MSE: 0.722889016657. Diff MSE: 0.000189654841173.
Iteration 376. I-divergence: 1402.73839259. MSE: 0.722699732114. Diff MSE: 0.000189284542803.
Iteration 377. I-divergence: 1402.37797279. MSE: 0.722510818214. Diff MSE: 0.000188913900198.
Iteration 378. I-divergence: 1402.01825861. MSE: 0.722322275289. Diff MSE: 0.000188542924916.
Iteration 379. I-divergence: 1401.65925063. MSE: 0.72213410366. Diff MSE: 0.000188171628596.
Iteration 380. I-divergence: 1401.30094941. MSE: 0.721946303637. Diff MSE: 0.000187800022871.
Iteration 381. I-divergence: 1400.94335551. MSE: 0.721758875518. Diff MSE: 0.000187428119356.
Iteration 382. I-divergence: 1400.58646943. MSE: 0.721571819588. Diff MSE: 0.000187055929688.
Iteration 383. I-divergence: 1400.23029167. MSE: 0.721385136123. Diff MSE: 0.000186683465501.
Iteration 384. I-divergence: 1399.87482271. MSE: 0.721198825384. Diff MSE: 0.00018631073842.
Iteration 385. I-divergence: 1399.52006301. MSE: 0.721012887624. Diff MSE: 0.000185937760107.
Iteration 386. I-divergence: 1399.166013. MSE: 0.720827323082. Diff MSE: 0.000185564542197.
Iteration 387. I-divergence: 1398.81267307. MSE: 0.720642131986. Diff MSE: 0.000185191096315.
Iteration 388. I-divergence: 1398.46004363. MSE: 0.720457314552. Diff MSE: 0.00018481743409.
Iteration 389. I-divergence: 1398.10812504. MSE: 0.720272870984. Diff MSE: 0.000184443567167.
Iteration 390. I-divergence: 1397.75691765. MSE: 0.720088801477. Diff MSE: 0.000184069507194.
Iteration 391. I-divergence: 1397.40642177. MSE: 0.719905106211. Diff MSE: 0.000183695265727.
Iteration 392. I-divergence: 1397.0566377. MSE: 0.719721785357. Diff MSE: 0.000183320854412.
Iteration 393. I-divergence: 1396.70756573. MSE: 0.719538839072. Diff MSE: 0.000182946284834.
Iteration 394. I-divergence: 1396.35920611. MSE: 0.719356267504. Diff MSE: 0.000182571568592.
Iteration 395. I-divergence: 1396.01155908. MSE: 0.719174070786. Diff MSE: 0.000182196717259.
Iteration 396. I-divergence: 1395.66462484. MSE: 0.718992249044. Diff MSE: 0.00018182174236.
Iteration 397. I-divergence: 1395.3184036. MSE: 0.718810802389. Diff MSE: 0.000181446655492.
Iteration 398. I-divergence: 1394.97289551. MSE: 0.71862973092. Diff MSE: 0.000181071468126.
Iteration 399. I-divergence: 1394.62810074. MSE: 0.718449034729. Diff MSE: 0.000180696191845.
Iteration 400. I-divergence: 1394.2840194. MSE: 0.71826871389. Diff MSE: 0.000180320838063.
Iteration 401. I-divergence: 1393.9406516. MSE: 0.718088768472. Diff MSE: 0.000179945418296.
Iteration 402. I-divergence: 1393.59799742. MSE: 0.717909198528. Diff MSE: 0.000179569943984.
Iteration 403. I-divergence: 1393.25605693. MSE: 0.717730004102. Diff MSE: 0.000179194426546.
Iteration 404. I-divergence: 1392.91483017. MSE: 0.717551185224. Diff MSE: 0.000178818877396.
Iteration 405. I-divergence: 1392.57431715. MSE: 0.717372741916. Diff MSE: 0.00017844330791.
Iteration 406. I-divergence: 1392.23451788. MSE: 0.717194674187. Diff MSE: 0.000178067729412.
Iteration 407. I-divergence: 1391.89543233. MSE: 0.717016982034. Diff MSE: 0.000177692153295.
Iteration 408. I-divergence: 1391.55706045. MSE: 0.716839665443. Diff MSE: 0.000177316590751.
Iteration 409. I-divergence: 1391.21940218. MSE: 0.71666272439. Diff MSE: 0.000176941053148.
Iteration 410. I-divergence: 1390.88245744. MSE: 0.716486158838. Diff MSE: 0.000176565551657.
Iteration 411. I-divergence: 1390.54622612. MSE: 0.716309968741. Diff MSE: 0.000176190097491.
Iteration 412. I-divergence: 1390.21070808. MSE: 0.716134154039. Diff MSE: 0.000175814701841.
Iteration 413. I-divergence: 1389.87590317. MSE: 0.715958714663. Diff MSE: 0.000175439375821.
Iteration 414. I-divergence: 1389.54181124. MSE: 0.715783650532. Diff MSE: 0.000175064130539.
Iteration 415. I-divergence: 1389.20843208. MSE: 0.715608961555. Diff MSE: 0.000174688977063.
Iteration 416. I-divergence: 1388.87576548. MSE: 0.715434647629. Diff MSE: 0.000174313926389.
Iteration 417. I-divergence: 1388.54381122. MSE: 0.715260708639. Diff MSE: 0.000173938989528.
Iteration 418. I-divergence: 1388.21256903. MSE: 0.715087144462. Diff MSE: 0.000173564177451.
Iteration 419. I-divergence: 1387.88203865. MSE: 0.714913954961. Diff MSE: 0.000173189501004.
Iteration 420. I-divergence: 1387.55221978. MSE: 0.71474113999. Diff MSE: 0.000172814971098.
Iteration 421. I-divergence: 1387.2231121. MSE: 0.714568699391. Diff MSE: 0.000172440598523.
Iteration 422. I-divergence: 1386.89471529. MSE: 0.714396632997. Diff MSE: 0.000172066394111.
Iteration 423. I-divergence: 1386.56702899. MSE: 0.714224940629. Diff MSE: 0.000171692368513.
Iteration 424. I-divergence: 1386.24005282. MSE: 0.714053622096. Diff MSE: 0.000171318532499.
Iteration 425. I-divergence: 1385.91378639. MSE: 0.7138826772. Diff MSE: 0.000170944896661.
Iteration 426. I-divergence: 1385.58822929. MSE: 0.713712105728. Diff MSE: 0.000170571471591.
Iteration 427. I-divergence: 1385.26338107. MSE: 0.71354190746. Diff MSE: 0.000170198267843.
Iteration 428. I-divergence: 1384.9392413. MSE: 0.713372082164. Diff MSE: 0.000169825295919.
Iteration 429. I-divergence: 1384.61580949. MSE: 0.713202629598. Diff MSE: 0.00016945256626.
Iteration 430. I-divergence: 1384.29308515. MSE: 0.713033549509. Diff MSE: 0.000169080089235.
Iteration 431. I-divergence: 1383.97106777. MSE: 0.712864841633. Diff MSE: 0.000168707875232.
Iteration 432. I-divergence: 1383.64975682. MSE: 0.712696505699. Diff MSE: 0.000168335934491.
Iteration 433. I-divergence: 1383.32915175. MSE: 0.712528541422. Diff MSE: 0.000167964277266.
Iteration 434. I-divergence: 1383.00925198. MSE: 0.712360948508. Diff MSE: 0.000167592913733.
Iteration 435. I-divergence: 1382.69005694. MSE: 0.712193726654. Diff MSE: 0.000167221854022.
Iteration 436. I-divergence: 1382.371566. MSE: 0.712026875546. Diff MSE: 0.0001668511082.
Iteration 437. I-divergence: 1382.05377856. MSE: 0.71186039486. Diff MSE: 0.000166480686239.
Iteration 438. I-divergence: 1381.73669396. MSE: 0.711694284261. Diff MSE: 0.000166110598132.
Iteration 439. I-divergence: 1381.42031153. MSE: 0.711528543408. Diff MSE: 0.000165740853777.
Iteration 440. I-divergence: 1381.10463061. MSE: 0.711363171945. Diff MSE: 0.000165371462956.
Iteration 441. I-divergence: 1380.78965048. MSE: 0.711198169509. Diff MSE: 0.000165002435495.
Iteration 442. I-divergence: 1380.47537043. MSE: 0.711033535728. Diff MSE: 0.000164633781073.
Iteration 443. I-divergence: 1380.16178973. MSE: 0.710869270219. Diff MSE: 0.000164265509354.
Iteration 444. I-divergence: 1379.84890761. MSE: 0.710705372589. Diff MSE: 0.000163897629893.
Iteration 445. I-divergence: 1379.53672331. MSE: 0.710541842437. Diff MSE: 0.000163530152276.
Iteration 446. I-divergence: 1379.22523604. MSE: 0.710378679351. Diff MSE: 0.000163163085889.
Iteration 447. I-divergence: 1378.91444499. MSE: 0.710215882911. Diff MSE: 0.000162796440182.
Iteration 448. I-divergence: 1378.60434934. MSE: 0.710053452686. Diff MSE: 0.000162430224464.
Iteration 449. I-divergence: 1378.29494824. MSE: 0.709891388238. Diff MSE: 0.000162064447991.
Iteration 450. I-divergence: 1377.98624084. MSE: 0.709729689118. Diff MSE: 0.000161699119972.
Iteration 451. I-divergence: 1377.67822626. MSE: 0.709568354869. Diff MSE: 0.000161334249545.
Iteration 452. I-divergence: 1377.3709036. MSE: 0.709407385023. Diff MSE: 0.000160969845753.
Iteration 453. I-divergence: 1377.06427196. MSE: 0.709246779105. Diff MSE: 0.000160605917577.
Iteration 454. I-divergence: 1376.75833041. MSE: 0.709086536631. Diff MSE: 0.000160242474006.
Iteration 455. I-divergence: 1376.45307801. MSE: 0.708926657107. Diff MSE: 0.000159879523813.
Iteration 456. I-divergence: 1376.1485138. MSE: 0.708767140032. Diff MSE: 0.000159517075859.
Iteration 457. I-divergence: 1375.84463679. MSE: 0.708607984893. Diff MSE: 0.000159155138812.
Iteration 458. I-divergence: 1375.54144601. MSE: 0.708449191171. Diff MSE: 0.00015879372133.
Iteration 459. I-divergence: 1375.23894043. MSE: 0.708290758339. Diff MSE: 0.00015843283199.
Iteration 460. I-divergence: 1374.93711905. MSE: 0.70813268586. Diff MSE: 0.000158072479298.
Iteration 461. I-divergence: 1374.63598081. MSE: 0.707974973188. Diff MSE: 0.00015771267169.
Iteration 462. I-divergence: 1374.33552466. MSE: 0.707817619771. Diff MSE: 0.00015735341748.
Iteration 463. I-divergence: 1374.03574954. MSE: 0.707660625046. Diff MSE: 0.00015699472503.
Iteration 464. I-divergence: 1373.73665434. MSE: 0.707503988443. Diff MSE: 0.000156636602451.
Iteration 465. I-divergence: 1373.43823799. MSE: 0.707347709385. Diff MSE: 0.000156279057983.
Iteration 466. I-divergence: 1373.14049935. MSE: 0.707191787286. Diff MSE: 0.000155922099607.
Iteration 467. I-divergence: 1372.84343729. MSE: 0.707036221551. Diff MSE: 0.000155565735358.
Iteration 468. I-divergence: 1372.54705068. MSE: 0.706881011577. Diff MSE: 0.000155209973126.
Iteration 469. I-divergence: 1372.25133834. MSE: 0.706726156757. Diff MSE: 0.000154854820759.
Iteration 470. I-divergence: 1371.9562991. MSE: 0.706571656471. Diff MSE: 0.000154500286018.
Iteration 471. I-divergence: 1371.66193178. MSE: 0.706417510094. Diff MSE: 0.000154146376593.
Iteration 472. I-divergence: 1371.36823517. MSE: 0.706263716994. Diff MSE: 0.000153793100069.
Iteration 473. I-divergence: 1371.07520805. MSE: 0.70611027653. Diff MSE: 0.000153440464002.
Iteration 474. I-divergence: 1370.78284919. MSE: 0.705957188054. Diff MSE: 0.000153088475833.
Iteration 475. I-divergence: 1370.49115734. MSE: 0.705804450911. Diff MSE: 0.000152737142979.
Iteration 476. I-divergence: 1370.20013124. MSE: 0.705652064438. Diff MSE: 0.000152386472697.
Iteration 477. I-divergence: 1369.90976963. MSE: 0.705500027966. Diff MSE: 0.000152036472238.
Iteration 478. I-divergence: 1369.62007121. MSE: 0.705348340817. Diff MSE: 0.00015168714872.
Iteration 479. I-divergence: 1369.33103468. MSE: 0.705197002308. Diff MSE: 0.000151338509228.
Iteration 480. I-divergence: 1369.04265874. MSE: 0.705046011747. Diff MSE: 0.000150990560786.
Iteration 481. I-divergence: 1368.75494206. MSE: 0.704895368437. Diff MSE: 0.000150643310231.
Iteration 482. I-divergence: 1368.46788329. MSE: 0.704745071673. Diff MSE: 0.00015029676448.
Iteration 483. I-divergence: 1368.18148109. MSE: 0.704595120743. Diff MSE: 0.000149950930227.
Iteration 484. I-divergence: 1367.89573409. MSE: 0.704445514928. Diff MSE: 0.000149605814188.
Iteration 485. I-divergence: 1367.61064092. MSE: 0.704296253505. Diff MSE: 0.000149261422923.
Iteration 486. I-divergence: 1367.32620019. MSE: 0.704147335742. Diff MSE: 0.000148917762982.
Iteration 487. I-divergence: 1367.04241051. MSE: 0.703998760902. Diff MSE: 0.00014857484081.
Iteration 488. I-divergence: 1366.75927045. MSE: 0.703850528239. Diff MSE: 0.000148232662731.
Iteration 489. I-divergence: 1366.47677859. MSE: 0.703702637004. Diff MSE: 0.000147891235071.
Iteration 490. I-divergence: 1366.1949335. MSE: 0.70355508644. Diff MSE: 0.00014755056399.
Iteration 491. I-divergence: 1365.91373374. MSE: 0.703407875784. Diff MSE: 0.00014721065564.
Iteration 492. I-divergence: 1365.63317784. MSE: 0.703261004268. Diff MSE: 0.00014687151607.
Iteration 493. I-divergence: 1365.35326433. MSE: 0.703114471117. Diff MSE: 0.000146533151227.
Iteration 494. I-divergence: 1365.07399174. MSE: 0.70296827555. Diff MSE: 0.000146195567007.
Iteration 495. I-divergence: 1364.79535857. MSE: 0.702822416781. Diff MSE: 0.000145858769198.
Iteration 496. I-divergence: 1364.51736333. MSE: 0.702676894017. Diff MSE: 0.000145522763572.
Iteration 497. I-divergence: 1364.24000449. MSE: 0.702531706461. Diff MSE: 0.000145187555729.
Iteration 498. I-divergence: 1363.96328054. MSE: 0.70238685331. Diff MSE: 0.00014485315127.
Iteration 499. I-divergence: 1363.68718995. MSE: 0.702242333754. Diff MSE: 0.000144519555698.
Iteration 500. I-divergence: 1363.41173116. MSE: 0.70209814698. Diff MSE: 0.000144186774338.
Iteration 501. I-divergence: 1363.13690263. MSE: 0.701954292167. Diff MSE: 0.000143854812655.
Iteration 502. I-divergence: 1362.8627028. MSE: 0.701810768492. Diff MSE: 0.000143523675795.
Iteration 503. I-divergence: 1362.58913009. MSE: 0.701667575123. Diff MSE: 0.00014319336901.
Iteration 504. I-divergence: 1362.31618291. MSE: 0.701524711225. Diff MSE: 0.000142863897318.
Iteration 505. I-divergence: 1362.04385969. MSE: 0.701382175959. Diff MSE: 0.00014253526582.
Iteration 506. I-divergence: 1361.77215881. MSE: 0.70123996848. Diff MSE: 0.000142207479392.
Iteration 507. I-divergence: 1361.50107866. MSE: 0.701098087937. Diff MSE: 0.000141880542923.
Iteration 508. I-divergence: 1361.23061764. MSE: 0.700956533476. Diff MSE: 0.000141554461222.
Iteration 509. I-divergence: 1360.9607741. MSE: 0.700815304237. Diff MSE: 0.000141229238953.
Iteration 510. I-divergence: 1360.69154642. MSE: 0.700674399356. Diff MSE: 0.000140904880759.
Iteration 511. I-divergence: 1360.42293295. MSE: 0.700533817965. Diff MSE: 0.0001405813912.
Iteration 512. I-divergence: 1360.15493203. MSE: 0.70039355919. Diff MSE: 0.000140258774736.
Iteration 513. I-divergence: 1359.887542. MSE: 0.700253622155. Diff MSE: 0.000139937035782.
Iteration 514. I-divergence: 1359.6207612. MSE: 0.700114005976. Diff MSE: 0.000139616178661.
Iteration 515. I-divergence: 1359.35458794. MSE: 0.699974709768. Diff MSE: 0.000139296207592.
Iteration 516. I-divergence: 1359.08902054. MSE: 0.699835732641. Diff MSE: 0.000138977126767.
Iteration 517. I-divergence: 1358.82405731. MSE: 0.699697073701. Diff MSE: 0.000138658940261.
Iteration 518. I-divergence: 1358.55969655. MSE: 0.699558732049. Diff MSE: 0.000138341652102.
Iteration 519. I-divergence: 1358.29593655. MSE: 0.699420706783. Diff MSE: 0.000138025266218.
Iteration 520. I-divergence: 1358.03277559. MSE: 0.699282996996. Diff MSE: 0.000137709786501.
Iteration 521. I-divergence: 1357.77021195. MSE: 0.69914560178. Diff MSE: 0.000137395216705.
Iteration 522. I-divergence: 1357.5082439. MSE: 0.699008520219. Diff MSE: 0.000137081560555.
Iteration 523. I-divergence: 1357.2468697. MSE: 0.698871751397. Diff MSE: 0.000136768821727.
Iteration 524. I-divergence: 1356.98608762. MSE: 0.698735294394. Diff MSE: 0.000136457003754.
Iteration 525. I-divergence: 1356.72589591. MSE: 0.698599148284. Diff MSE: 0.000136146110092.
Iteration 526. I-divergence: 1356.46629279. MSE: 0.698463312139. Diff MSE: 0.00013583614427.
Iteration 527. I-divergence: 1356.20727653. MSE: 0.69832778503. Diff MSE: 0.000135527109529.
Iteration 528. I-divergence: 1355.94884534. MSE: 0.698192566021. Diff MSE: 0.000135219009183.
Iteration 529. I-divergence: 1355.69099745. MSE: 0.698057654174. Diff MSE: 0.000134911846436.
Iteration 530. I-divergence: 1355.43373109. MSE: 0.69792304855. Diff MSE: 0.000134605624421.
Iteration 531. I-divergence: 1355.17704446. MSE: 0.697788748204. Diff MSE: 0.000134300346173.
Iteration 532. I-divergence: 1354.92093577. MSE: 0.697654752189. Diff MSE: 0.000133996014691.
Iteration 533. I-divergence: 1354.66540324. MSE: 0.697521059556. Diff MSE: 0.000133692632886.
Iteration 534. I-divergence: 1354.41044504. MSE: 0.697387669352. Diff MSE: 0.00013339020363.
Iteration 535. I-divergence: 1354.15605939. MSE: 0.697254580623. Diff MSE: 0.000133088729647.
Iteration 536. I-divergence: 1353.90224446. MSE: 0.697121792409. Diff MSE: 0.000132788213652.
Iteration 537. I-divergence: 1353.64899844. MSE: 0.696989303751. Diff MSE: 0.000132488658316.
Iteration 538. I-divergence: 1353.3963195. MSE: 0.696857113685. Diff MSE: 0.000132190066157.
Iteration 539. I-divergence: 1353.14420583. MSE: 0.696725221245. Diff MSE: 0.000131892439704.
Iteration 540. I-divergence: 1352.89265557. MSE: 0.696593625464. Diff MSE: 0.000131595781365.
Iteration 541. I-divergence: 1352.64166691. MSE: 0.69646232537. Diff MSE: 0.000131300093504.
Iteration 542. I-divergence: 1352.391238. MSE: 0.696331319992. Diff MSE: 0.000131005378413.
Iteration 543. I-divergence: 1352.14136699. MSE: 0.696200608353. Diff MSE: 0.000130711638313.
Iteration 544. I-divergence: 1351.89205204. MSE: 0.696070189478. Diff MSE: 0.000130418875359.
Iteration 545. I-divergence: 1351.6432913. MSE: 0.695940062386. Diff MSE: 0.000130127091661.
Iteration 546. I-divergence: 1351.3950829. MSE: 0.695810226097. Diff MSE: 0.000129836289222.
Iteration 547. I-divergence: 1351.14742499. MSE: 0.695680679627. Diff MSE: 0.000129546469999.
Iteration 548. I-divergence: 1350.9003157. MSE: 0.695551421991. Diff MSE: 0.000129257635922.
Iteration 549. I-divergence: 1350.65375317. MSE: 0.695422452202. Diff MSE: 0.000128969788774.
Iteration 550. I-divergence: 1350.40773552. MSE: 0.695293769272. Diff MSE: 0.000128682930335.
Iteration 551. I-divergence: 1350.16226089. MSE: 0.69516537221. Diff MSE: 0.000128397062338.
Iteration 552. I-divergence: 1349.91732739. MSE: 0.695037260023. Diff MSE: 0.000128112186374.
Iteration 553. I-divergence: 1349.67293315. MSE: 0.694909431719. Diff MSE: 0.000127828304053.
Iteration 554. I-divergence: 1349.42907629. MSE: 0.694781886302. Diff MSE: 0.000127545416867.
Iteration 555. I-divergence: 1349.18575491. MSE: 0.694654622776. Diff MSE: 0.000127263526282.
Iteration 556. I-divergence: 1348.94296713. MSE: 0.694527640142. Diff MSE: 0.000126982633687.
Iteration 557. I-divergence: 1348.70071106. MSE: 0.694400937402. Diff MSE: 0.000126702740373.
Iteration 558. I-divergence: 1348.4589848. MSE: 0.694274513554. Diff MSE: 0.000126423847686.
Iteration 559. I-divergence: 1348.21778647. MSE: 0.694148367598. Diff MSE: 0.000126145956752.
Iteration 560. I-divergence: 1347.97711416. MSE: 0.694022498529. Diff MSE: 0.000125869068751.
Iteration 561. I-divergence: 1347.73696598. MSE: 0.693896905344. Diff MSE: 0.000125593184805.
Iteration 562. I-divergence: 1347.49734002. MSE: 0.693771587038. Diff MSE: 0.000125318305899.
Iteration 563. I-divergence: 1347.25823438. MSE: 0.693646542605. Diff MSE: 0.000125044433015.
Iteration 564. I-divergence: 1347.01964716. MSE: 0.693521771038. Diff MSE: 0.000124771567062.
Iteration 565. I-divergence: 1346.78157644. MSE: 0.693397271329. Diff MSE: 0.000124499708911.
Iteration 566. I-divergence: 1346.54402032. MSE: 0.69327304247. Diff MSE: 0.000124228859383.
Iteration 567. I-divergence: 1346.3069769. MSE: 0.693149083451. Diff MSE: 0.000123959019162.
Iteration 568. I-divergence: 1346.07044425. MSE: 0.693025393262. Diff MSE: 0.000123690188989.
Iteration 569. I-divergence: 1345.83442048. MSE: 0.692901970892. Diff MSE: 0.000123422369452.
Iteration 570. I-divergence: 1345.59890365. MSE: 0.692778815331. Diff MSE: 0.000123155561179.
Iteration 571. I-divergence: 1345.36389187. MSE: 0.692655925566. Diff MSE: 0.00012288976466.
Iteration 572. I-divergence: 1345.12938321. MSE: 0.692533300586. Diff MSE: 0.000122624980372.
Iteration 573. I-divergence: 1344.89537577. MSE: 0.692410939377. Diff MSE: 0.000122361208717.
Iteration 574. I-divergence: 1344.66186761. MSE: 0.692288840927. Diff MSE: 0.000122098450074.
Iteration 575. I-divergence: 1344.42885684. MSE: 0.692167004222. Diff MSE: 0.00012183670475.
Iteration 576. I-divergence: 1344.19634152. MSE: 0.692045428249. Diff MSE: 0.000121575973001.
Iteration 577. I-divergence: 1343.96431974. MSE: 0.691924111994. Diff MSE: 0.000121316255025.
Iteration 578. I-divergence: 1343.73278958. MSE: 0.691803054443. Diff MSE: 0.000121057550999.
Iteration 579. I-divergence: 1343.50174912. MSE: 0.691682254582. Diff MSE: 0.000120799861019.
Iteration 580. I-divergence: 1343.27119645. MSE: 0.691561711397. Diff MSE: 0.000120543185092.
Iteration 581. I-divergence: 1343.04112964. MSE: 0.691441423874. Diff MSE: 0.000120287523326.
Iteration 582. I-divergence: 1342.81154678. MSE: 0.691321390998. Diff MSE: 0.000120032875577.
Iteration 583. I-divergence: 1342.58244595. MSE: 0.691201611757. Diff MSE: 0.000119779241794.
Iteration 584. I-divergence: 1342.35382522. MSE: 0.691082085135. Diff MSE: 0.000119526621859.
Iteration 585. I-divergence: 1342.12568269. MSE: 0.690962810119. Diff MSE: 0.000119275015522.
Iteration 586. I-divergence: 1341.89801643. MSE: 0.690843785697. Diff MSE: 0.000119024422622.
Iteration 587. I-divergence: 1341.67082453. MSE: 0.690725010854. Diff MSE: 0.000118774842814.
Iteration 588. I-divergence: 1341.44410507. MSE: 0.690606484578. Diff MSE: 0.00011852627578.
Iteration 589. I-divergence: 1341.21785613. MSE: 0.690488205857. Diff MSE: 0.000118278721199.
Iteration 590. I-divergence: 1340.9920758. MSE: 0.690370173678. Diff MSE: 0.000118032178582.
Iteration 591. I-divergence: 1340.76676216. MSE: 0.690252387031. Diff MSE: 0.000117786647501.
Iteration 592. I-divergence: 1340.54191331. MSE: 0.690134844903. Diff MSE: 0.000117542127443.
Iteration 593. I-divergence: 1340.31752732. MSE: 0.690017546285. Diff MSE: 0.000117298617851.
Iteration 594. I-divergence: 1340.0936023. MSE: 0.689900490167. Diff MSE: 0.000117056118115.
Iteration 595. I-divergence: 1339.87013632. MSE: 0.68978367554. Diff MSE: 0.000116814627638.
Iteration 596. I-divergence: 1339.64712748. MSE: 0.689667101394. Diff MSE: 0.000116574145689.
Iteration 597. I-divergence: 1339.42457387. MSE: 0.689550766722. Diff MSE: 0.000116334671572.
Iteration 598. I-divergence: 1339.20247358. MSE: 0.689434670518. Diff MSE: 0.000116096204527.
Iteration 599. I-divergence: 1338.98082471. MSE: 0.689318811774. Diff MSE: 0.000115858743703.
Iteration 600. I-divergence: 1338.75962537. MSE: 0.689203189486. Diff MSE: 0.000115622288347.
Iteration 601. I-divergence: 1338.53887364. MSE: 0.689087802648. Diff MSE: 0.000115386837472.
Iteration 602. I-divergence: 1338.31856762. MSE: 0.688972650258. Diff MSE: 0.000115152390204.
Iteration 603. I-divergence: 1338.09870542. MSE: 0.688857731313. Diff MSE: 0.000114918945559.
Iteration 604. I-divergence: 1337.87928515. MSE: 0.68874304481. Diff MSE: 0.000114686502559.
Iteration 605. I-divergence: 1337.6603049. MSE: 0.68862858975. Diff MSE: 0.000114455060128.
Iteration 606. I-divergence: 1337.44176279. MSE: 0.688514365133. Diff MSE: 0.000114224617198.
Iteration 607. I-divergence: 1337.22365693. MSE: 0.68840036996. Diff MSE: 0.000113995172681.
Iteration 608. I-divergence: 1337.00598542. MSE: 0.688286603235. Diff MSE: 0.000113766725365.
Iteration 609. I-divergence: 1336.78874639. MSE: 0.688173063961. Diff MSE: 0.000113539274095.
Iteration 610. I-divergence: 1336.57193795. MSE: 0.688059751143. Diff MSE: 0.000113312817675.
Iteration 611. I-divergence: 1336.35555821. MSE: 0.687946663788. Diff MSE: 0.000113087354752.
Iteration 612. I-divergence: 1336.13960531. MSE: 0.687833800904. Diff MSE: 0.000112862884119.
Iteration 613. I-divergence: 1335.92407735. MSE: 0.6877211615. Diff MSE: 0.00011263940441.
Iteration 614. I-divergence: 1335.70897248. MSE: 0.687608744585. Diff MSE: 0.000112416914226.
Iteration 615. I-divergence: 1335.49428882. MSE: 0.687496549173. Diff MSE: 0.000112195412222.
Iteration 616. I-divergence: 1335.28002449. MSE: 0.687384574276. Diff MSE: 0.000111974896937.
Iteration 617. I-divergence: 1335.06617764. MSE: 0.687272818909. Diff MSE: 0.000111755366883.
Iteration 618. I-divergence: 1334.8527464. MSE: 0.687161282089. Diff MSE: 0.000111536820615.
Iteration 619. I-divergence: 1334.63972892. MSE: 0.687049962832. Diff MSE: 0.000111319256552.
Iteration 620. I-divergence: 1334.42712333. MSE: 0.686938860159. Diff MSE: 0.000111102673144.
Iteration 621. I-divergence: 1334.21492778. MSE: 0.68682797309. Diff MSE: 0.000110887068819.
Iteration 622. I-divergence: 1334.00314042. MSE: 0.686717300648. Diff MSE: 0.000110672441924.
Iteration 623. I-divergence: 1333.7917594. MSE: 0.686606841857. Diff MSE: 0.000110458790806.
Iteration 624. I-divergence: 1333.58078288. MSE: 0.686496595744. Diff MSE: 0.00011024611381.
Iteration 625. I-divergence: 1333.37020901. MSE: 0.686386561334. Diff MSE: 0.000110034409179.
Iteration 626. I-divergence: 1333.16003596. MSE: 0.686276737659. Diff MSE: 0.000109823675193.
Iteration 627. I-divergence: 1332.9502619. MSE: 0.686167123749. Diff MSE: 0.000109613910061.
Iteration 628. I-divergence: 1332.74088498. MSE: 0.686057718637. Diff MSE: 0.000109405112032.
Iteration 629. I-divergence: 1332.53190338. MSE: 0.685948521358. Diff MSE: 0.000109197279196.
Iteration 630. I-divergence: 1332.32331529. MSE: 0.685839530948. Diff MSE: 0.000108990409738.
Iteration 631. I-divergence: 1332.11511886. MSE: 0.685730746446. Diff MSE: 0.000108784501812.
Iteration 632. I-divergence: 1331.9073123. MSE: 0.685622166893. Diff MSE: 0.000108579553442.
Iteration 633. I-divergence: 1331.69989378. MSE: 0.68551379133. Diff MSE: 0.000108375562721.
Iteration 634. I-divergence: 1331.4928615. MSE: 0.685405618803. Diff MSE: 0.000108172527673.
Iteration 635. I-divergence: 1331.28621364. MSE: 0.685297648356. Diff MSE: 0.00010797044634.
Iteration 636. I-divergence: 1331.0799484. MSE: 0.68518987904. Diff MSE: 0.000107769316667.
Iteration 637. I-divergence: 1330.87406399. MSE: 0.685082309903. Diff MSE: 0.000107569136638.
Iteration 638. I-divergence: 1330.66855862. MSE: 0.684974939999. Diff MSE: 0.000107369904184.
Iteration 639. I-divergence: 1330.46343047. MSE: 0.684867768382. Diff MSE: 0.000107171617231.
Iteration 640. I-divergence: 1330.25867778. MSE: 0.684760794108. Diff MSE: 0.000106974273606.
Iteration 641. I-divergence: 1330.05429876. MSE: 0.684654016237. Diff MSE: 0.000106777871286.
Iteration 642. I-divergence: 1329.85029163. MSE: 0.684547433829. Diff MSE: 0.000106582407998.
Iteration 643. I-divergence: 1329.64665461. MSE: 0.684441045947. Diff MSE: 0.000106387881647.
Iteration 644. I-divergence: 1329.44338593. MSE: 0.684334851657. Diff MSE: 0.000106194289951.
Iteration 645. I-divergence: 1329.24048382. MSE: 0.684228850026. Diff MSE: 0.000106001630775.
Iteration 646. I-divergence: 1329.03794653. MSE: 0.684123040124. Diff MSE: 0.0001058099018.
Iteration 647. I-divergence: 1328.83577229. MSE: 0.684017421024. Diff MSE: 0.000105619100795.
Iteration 648. I-divergence: 1328.63395936. MSE: 0.683911991798. Diff MSE: 0.000105429225444.
Iteration 649. I-divergence: 1328.43250597. MSE: 0.683806751525. Diff MSE: 0.000105240273468.
Iteration 650. I-divergence: 1328.23141038. MSE: 0.683701699282. Diff MSE: 0.000105052242519.
Iteration 651. I-divergence: 1328.03067086. MSE: 0.683596834152. Diff MSE: 0.000104865130265.
Iteration 652. I-divergence: 1327.83028566. MSE: 0.683492155218. Diff MSE: 0.000104678934298.
Iteration 653. I-divergence: 1327.63025306. MSE: 0.683387661565. Diff MSE: 0.000104493652282.
Iteration 654. I-divergence: 1327.43057133. MSE: 0.683283352284. Diff MSE: 0.000104309281757.
Iteration 655. I-divergence: 1327.23123873. MSE: 0.683179226463. Diff MSE: 0.000104125820358.
Iteration 656. I-divergence: 1327.03225356. MSE: 0.683075283198. Diff MSE: 0.000103943265582.
Iteration 657. I-divergence: 1326.83361411. MSE: 0.682971521583. Diff MSE: 0.000103761615002.
Iteration 658. I-divergence: 1326.63531865. MSE: 0.682867940717. Diff MSE: 0.000103580866135.
Iteration 659. I-divergence: 1326.43736549. MSE: 0.6827645397. Diff MSE: 0.000103401016474.
Iteration 660. I-divergence: 1326.23975293. MSE: 0.682661317637. Diff MSE: 0.000103222063506.
Iteration 661. I-divergence: 1326.04247927. MSE: 0.682558273632. Diff MSE: 0.000103044004719.
Iteration 662. I-divergence: 1325.84554282. MSE: 0.682455406794. Diff MSE: 0.000102866837545.
Iteration 663. I-divergence: 1325.64894189. MSE: 0.682352716235. Diff MSE: 0.000102690559439.
Iteration 664. I-divergence: 1325.45267482. MSE: 0.682250201067. Diff MSE: 0.000102515167804.
Iteration 665. I-divergence: 1325.25673991. MSE: 0.682147860407. Diff MSE: 0.000102340660065.
Iteration 666. I-divergence: 1325.06113549. MSE: 0.682045693373. Diff MSE: 0.000102167033618.
Iteration 667. I-divergence: 1324.86585992. MSE: 0.681943699088. Diff MSE: 0.000101994285793.
Iteration 668. I-divergence: 1324.67091151. MSE: 0.681841876674. Diff MSE: 0.000101822414023.
Iteration 669. I-divergence: 1324.47628861. MSE: 0.681740225258. Diff MSE: 0.000101651415592.
Iteration 670. I-divergence: 1324.28198959. MSE: 0.68163874397. Diff MSE: 0.000101481287878.
Iteration 671. I-divergence: 1324.08801277. MSE: 0.681537431942. Diff MSE: 0.000101312028185.
Iteration 672. I-divergence: 1323.89435654. MSE: 0.681436288308. Diff MSE: 0.000101143633811.
Iteration 673. I-divergence: 1323.70101925. MSE: 0.681335312206. Diff MSE: 0.000100976102052.
Iteration 674. I-divergence: 1323.50799926. MSE: 0.681234502776. Diff MSE: 0.00010080943021.
Iteration 675. I-divergence: 1323.31529497. MSE: 0.68113385916. Diff MSE: 0.000100643615527.
Iteration 676. I-divergence: 1323.12290473. MSE: 0.681033380505. Diff MSE: 0.000100478655282.
Iteration 677. I-divergence: 1322.93082695. MSE: 0.680933065958. Diff MSE: 0.000100314546703.
Iteration 678. I-divergence: 1322.73906. MSE: 0.680832914671. Diff MSE: 0.000100151287019.
Iteration 679. I-divergence: 1322.54760229. MSE: 0.680732925798. Diff MSE: 9.99888734642e-05.
Iteration 680. I-divergence: 1322.35645221. MSE: 0.680633098495. Diff MSE: 9.9827303246e-05.
Iteration 681. I-divergence: 1322.16560817. MSE: 0.680533431921. Diff MSE: 9.96665735398e-05.
Iteration 682. I-divergence: 1321.97506858. MSE: 0.68043392524. Diff MSE: 9.95066815799e-05.
Iteration 683. I-divergence: 1321.78483186. MSE: 0.680334577615. Diff MSE: 9.93476244988e-05.
Iteration 684. I-divergence: 1321.59489643. MSE: 0.680235388216. Diff MSE: 9.9189399477e-05.
Iteration 685. I-divergence: 1321.40526071. MSE: 0.680136356212. Diff MSE: 9.90320036907e-05.
Iteration 686. I-divergence: 1321.21592314. MSE: 0.680037480778. Diff MSE: 9.88754342605e-05.
Iteration 687. I-divergence: 1321.02688216. MSE: 0.679938761089. Diff MSE: 9.87196883467e-05.
Iteration 688. I-divergence: 1320.8381362. MSE: 0.679840196326. Diff MSE: 9.85647630789e-05.
Iteration 689. I-divergence: 1320.64968372. MSE: 0.679741785671. Diff MSE: 9.84106555123e-05.
Iteration 690. I-divergence: 1320.46152317. MSE: 0.679643528308. Diff MSE: 9.82573628509e-05.
Iteration 691. I-divergence: 1320.27365302. MSE: 0.679545423426. Diff MSE: 9.81048821657e-05.
Iteration 692. I-divergence: 1320.08607171. MSE: 0.679447470215. Diff MSE: 9.79532105162e-05.
Iteration 693. I-divergence: 1319.89877774. MSE: 0.67934966787. Diff MSE: 9.78023450291e-05.
Iteration 694. I-divergence: 1319.71176956. MSE: 0.679252015587. Diff MSE: 9.76522827392e-05.
Iteration 695. I-divergence: 1319.52504567. MSE: 0.679154512567. Diff MSE: 9.75030207916e-05.
Iteration 696. I-divergence: 1319.33860454. MSE: 0.67905715801. Diff MSE: 9.73545561636e-05.
Iteration 697. I-divergence: 1319.15244468. MSE: 0.678959951124. Diff MSE: 9.72068859647e-05.
Iteration 698. I-divergence: 1318.96656458. MSE: 0.678862891117. Diff MSE: 9.70600072093e-05.
Iteration 699. I-divergence: 1318.78096274. MSE: 0.6787659772. Diff MSE: 9.69139169861e-05.
Iteration 700. I-divergence: 1318.59563767. MSE: 0.678669208588. Diff MSE: 9.67686122687e-05.
Iteration 701. I-divergence: 1318.41058789. MSE: 0.678572584498. Diff MSE: 9.6624090149e-05.
Iteration 702. I-divergence: 1318.22581192. MSE: 0.67847610415. Diff MSE: 9.64803476046e-05.
Iteration 703. I-divergence: 1318.04130828. MSE: 0.678379766769. Diff MSE: 9.63373816688e-05.
Iteration 704. I-divergence: 1317.85707551. MSE: 0.678283571579. Diff MSE: 9.61951893582e-05.
Iteration 705. I-divergence: 1317.67311214. MSE: 0.678187517812. Diff MSE: 9.60537676606e-05.
Iteration 706. I-divergence: 1317.48941671. MSE: 0.678091604698. Diff MSE: 9.59131135887e-05.
Iteration 707. I-divergence: 1317.30598778. MSE: 0.677995831474. Diff MSE: 9.57732241438e-05.
Iteration 708. I-divergence: 1317.1228239. MSE: 0.677900197377. Diff MSE: 9.56340962964e-05.
Iteration 709. I-divergence: 1316.93992362. MSE: 0.67780470165. Diff MSE: 9.54957270454e-05.
Iteration 710. I-divergence: 1316.75728552. MSE: 0.677709343537. Diff MSE: 9.53581133657e-05.
Iteration 711. I-divergence: 1316.57490816. MSE: 0.677614122285. Diff MSE: 9.52212522454e-05.
Iteration 712. I-divergence: 1316.39279013. MSE: 0.677519037144. Diff MSE: 9.50851406339e-05.
Iteration 713. I-divergence: 1316.21093. MSE: 0.677424087369. Diff MSE: 9.49497755163e-05.
Iteration 714. I-divergence: 1316.02932636. MSE: 0.677329272215. Diff MSE: 9.48151538636e-05.
Iteration 715. I-divergence: 1315.84797781. MSE: 0.677234590942. Diff MSE: 9.46812726049e-05.
Iteration 716. I-divergence: 1315.66688295. MSE: 0.677140042813. Diff MSE: 9.45481287299e-05.
Iteration 717. I-divergence: 1315.48604038. MSE: 0.677045627094. Diff MSE: 9.44157191733e-05.
Iteration 718. I-divergence: 1315.30544871. MSE: 0.676951343053. Diff MSE: 9.42840408892e-05.
Iteration 719. I-divergence: 1315.12510657. MSE: 0.676857189963. Diff MSE: 9.41530908273e-05.
Iteration 720. I-divergence: 1314.94501257. MSE: 0.676763167097. Diff MSE: 9.40228659332e-05.
Iteration 721. I-divergence: 1314.76516534. MSE: 0.676669273734. Diff MSE: 9.38933631421e-05.
Iteration 722. I-divergence: 1314.58556352. MSE: 0.676575509154. Diff MSE: 9.37645793737e-05.
Iteration 723. I-divergence: 1314.40620575. MSE: 0.676481872643. Diff MSE: 9.36365116271e-05.
Iteration 724. I-divergence: 1314.22709067. MSE: 0.676388363486. Diff MSE: 9.35091567759e-05.
Iteration 725. I-divergence: 1314.04821694. MSE: 0.676294980974. Diff MSE: 9.33825117644e-05.
Iteration 726. I-divergence: 1313.86958322. MSE: 0.6762017244. Diff MSE: 9.32565735484e-05.
Iteration 727. I-divergence: 1313.69118816. MSE: 0.676108593061. Diff MSE: 9.31313390383e-05.
Iteration 728. I-divergence: 1313.51303043. MSE: 0.676015586256. Diff MSE: 9.30068051493e-05.
Iteration 729. I-divergence: 1313.33510872. MSE: 0.675922703287. Diff MSE: 9.28829688357e-05.
Iteration 730. I-divergence: 1313.1574217. MSE: 0.67582994346. Diff MSE: 9.27598270007e-05.
Iteration 731. I-divergence: 1312.97996805. MSE: 0.675737306084. Diff MSE: 9.26373765653e-05.
Iteration 732. I-divergence: 1312.80274648. MSE: 0.675644790469. Diff MSE: 9.2515614473e-05.
Iteration 733. I-divergence: 1312.62575568. MSE: 0.675552395932. Diff MSE: 9.23945376357e-05.
Iteration 734. I-divergence: 1312.44899435. MSE: 0.675460121789. Diff MSE: 9.22741429515e-05.
Iteration 735. I-divergence: 1312.27246121. MSE: 0.675367967361. Diff MSE: 9.21544273742e-05.
Iteration 736. I-divergence: 1312.09615496. MSE: 0.675275931974. Diff MSE: 9.20353878141e-05.
Iteration 737. I-divergence: 1311.92007433. MSE: 0.675184014952. Diff MSE: 9.19170211685e-05.
Iteration 738. I-divergence: 1311.74421806. MSE: 0.675092215628. Diff MSE: 9.17993243869e-05.
Iteration 739. I-divergence: 1311.56858486. MSE: 0.675000533334. Diff MSE: 9.16822943577e-05.
Iteration 740. I-divergence: 1311.39317348. MSE: 0.674908967406. Diff MSE: 9.15659280515e-05.
Iteration 741. I-divergence: 1311.21798267. MSE: 0.674817517183. Diff MSE: 9.1450222315e-05.
Iteration 742. I-divergence: 1311.04301117. MSE: 0.674726182009. Diff MSE: 9.13351741394e-05.
Iteration 743. I-divergence: 1310.86825775. MSE: 0.674634961229. Diff MSE: 9.12207803802e-05.
Iteration 744. I-divergence: 1310.69372116. MSE: 0.674543854191. Diff MSE: 9.11070380051e-05.
Iteration 745. I-divergence: 1310.51940017. MSE: 0.674452860247. Diff MSE: 9.09939439125e-05.
Iteration 746. I-divergence: 1310.34529356. MSE: 0.674361978752. Diff MSE: 9.08814950484e-05.
Iteration 747. I-divergence: 1310.1714001. MSE: 0.674271209064. Diff MSE: 9.07696883073e-05.
Iteration 748. I-divergence: 1309.99771859. MSE: 0.674180550543. Diff MSE: 9.06585206349e-05.
Iteration 749. I-divergence: 1309.82424781. MSE: 0.674090002554. Diff MSE: 9.05479889263e-05.
Iteration 750. I-divergence: 1309.65098656. MSE: 0.673999564464. Diff MSE: 9.04380901483e-05.
Iteration 751. I-divergence: 1309.47793364. MSE: 0.673909235643. Diff MSE: 9.03288212045e-05.
Iteration 752. I-divergence: 1309.30508786. MSE: 0.673819015464. Diff MSE: 9.02201790387e-05.
Iteration 753. I-divergence: 1309.13244804. MSE: 0.673728903303. Diff MSE: 9.01121605483e-05.
Iteration 754. I-divergence: 1308.96001299. MSE: 0.67363889854. Diff MSE: 9.00047627126e-05.
Iteration 755. I-divergence: 1308.78778155. MSE: 0.673549000558. Diff MSE: 8.98979824498e-05.
Iteration 756. I-divergence: 1308.61575254. MSE: 0.673459208741. Diff MSE: 8.97918166589e-05.
Iteration 757. I-divergence: 1308.4439248. MSE: 0.673369522479. Diff MSE: 8.96862623514e-05.
Iteration 758. I-divergence: 1308.27229718. MSE: 0.673279941162. Diff MSE: 8.95813164152e-05.
Iteration 759. I-divergence: 1308.10086852. MSE: 0.673190464187. Diff MSE: 8.94769757772e-05.
Iteration 760. I-divergence: 1307.92963769. MSE: 0.673101090949. Diff MSE: 8.93732374549e-05.
Iteration 761. I-divergence: 1307.75860353. MSE: 0.673011820851. Diff MSE: 8.92700983189e-05.
Iteration 762. I-divergence: 1307.58776492. MSE: 0.672922653296. Diff MSE: 8.9167555379e-05.
Iteration 763. I-divergence: 1307.41712073. MSE: 0.67283358769. Diff MSE: 8.90656055322e-05.
Iteration 764. I-divergence: 1307.24666984. MSE: 0.672744623444. Diff MSE: 8.89642457881e-05.
Iteration 765. I-divergence: 1307.07641113. MSE: 0.672655759971. Diff MSE: 8.88634730817e-05.
Iteration 766. I-divergence: 1306.90634349. MSE: 0.672566996687. Diff MSE: 8.8763284366e-05.
Iteration 767. I-divergence: 1306.73646582. MSE: 0.67247833301. Diff MSE: 8.86636766272e-05.
Iteration 768. I-divergence: 1306.56677701. MSE: 0.672389768363. Diff MSE: 8.85646467919e-05.
Iteration 769. I-divergence: 1306.39727598. MSE: 0.672301302171. Diff MSE: 8.84661918599e-05.
Iteration 770. I-divergence: 1306.22796164. MSE: 0.672212933863. Diff MSE: 8.83683088376e-05.
Iteration 771. I-divergence: 1306.0588329. MSE: 0.672124662868. Diff MSE: 8.82709946407e-05.
Iteration 772. I-divergence: 1305.88988868. MSE: 0.672036488622. Diff MSE: 8.81742462687e-05.
Iteration 773. I-divergence: 1305.72112793. MSE: 0.671948410561. Diff MSE: 8.80780607205e-05.
Iteration 774. I-divergence: 1305.55254957. MSE: 0.671860428126. Diff MSE: 8.79824349939e-05.
Iteration 775. I-divergence: 1305.38415255. MSE: 0.67177254076. Diff MSE: 8.78873660459e-05.
Iteration 776. I-divergence: 1305.21593581. MSE: 0.671684747909. Diff MSE: 8.77928509108e-05.
Iteration 777. I-divergence: 1305.0478983. MSE: 0.671597049023. Diff MSE: 8.76988865052e-05.
Iteration 778. I-divergence: 1304.88003898. MSE: 0.671509443553. Diff MSE: 8.76054699448e-05.
Iteration 779. I-divergence: 1304.71235682. MSE: 0.671421930954. Diff MSE: 8.75125981693e-05.
Iteration 780. I-divergence: 1304.54485079. MSE: 0.671334510686. Diff MSE: 8.74202682086e-05.
Iteration 781. I-divergence: 1304.37751985. MSE: 0.671247182209. Diff MSE: 8.73284770595e-05.
Iteration 782. I-divergence: 1304.210363. MSE: 0.671159944987. Diff MSE: 8.72372217492e-05.
Iteration 783. I-divergence: 1304.04337921. MSE: 0.671072798488. Diff MSE: 8.71464993225e-05.
Iteration 784. I-divergence: 1303.87656749. MSE: 0.670985742181. Diff MSE: 8.70563067691e-05.
Iteration 785. I-divergence: 1303.70992682. MSE: 0.67089877554. Diff MSE: 8.69666411683e-05.
Iteration 786. I-divergence: 1303.54345621. MSE: 0.670811898041. Diff MSE: 8.68774995e-05.
Iteration 787. I-divergence: 1303.37715466. MSE: 0.670725109162. Diff MSE: 8.67888788465e-05.
Iteration 788. I-divergence: 1303.2110212. MSE: 0.670638408386. Diff MSE: 8.6700776238e-05.
Iteration 789. I-divergence: 1303.04505485. MSE: 0.670551795197. Diff MSE: 8.66131887224e-05.
Iteration 790. I-divergence: 1302.87925462. MSE: 0.670465269083. Diff MSE: 8.65261133726e-05.
Iteration 791. I-divergence: 1302.71361955. MSE: 0.670378829536. Diff MSE: 8.64395472165e-05.
Iteration 792. I-divergence: 1302.54814868. MSE: 0.670292476049. Diff MSE: 8.63534873585e-05.
Iteration 793. I-divergence: 1302.38284105. MSE: 0.670206208118. Diff MSE: 8.62679308187e-05.
Iteration 794. I-divergence: 1302.2176957. MSE: 0.670120025243. Diff MSE: 8.61828747118e-05.
Iteration 795. I-divergence: 1302.05271169. MSE: 0.670033926927. Diff MSE: 8.60983161144e-05.
Iteration 796. I-divergence: 1301.88788808. MSE: 0.669947912675. Diff MSE: 8.60142520797e-05.
Iteration 797. I-divergence: 1301.72322393. MSE: 0.669861981995. Diff MSE: 8.59306797296e-05.
Iteration 798. I-divergence: 1301.55871832. MSE: 0.669776134399. Diff MSE: 8.58475961314e-05.
Iteration 799. I-divergence: 1301.39437031. MSE: 0.669690369401. Diff MSE: 8.57649984192e-05.
Iteration 800. I-divergence: 1301.23017899. MSE: 0.669604686517. Diff MSE: 8.56828836719e-05.
Iteration 801. I-divergence: 1301.06614344. MSE: 0.669519085268. Diff MSE: 8.56012489916e-05.
Iteration 802. I-divergence: 1300.90226276. MSE: 0.669433565177. Diff MSE: 8.55200915332e-05.
Iteration 803. I-divergence: 1300.73853605. MSE: 0.669348125768. Diff MSE: 8.54394083575e-05.
Iteration 804. I-divergence: 1300.5749624. MSE: 0.669262766572. Diff MSE: 8.53591966673e-05.
Iteration 805. I-divergence: 1300.41154092. MSE: 0.669177487118. Diff MSE: 8.52794535212e-05.
Iteration 806. I-divergence: 1300.24827073. MSE: 0.669092286942. Diff MSE: 8.52001761265e-05.
Iteration 807. I-divergence: 1300.08515095. MSE: 0.66900716558. Diff MSE: 8.51213615506e-05.
Iteration 808. I-divergence: 1299.9221807. MSE: 0.668922122573. Diff MSE: 8.5043006997e-05.
Iteration 809. I-divergence: 1299.7593591. MSE: 0.668837157464. Diff MSE: 8.49651096091e-05.
Iteration 810. I-divergence: 1299.59668531. MSE: 0.668752269797. Diff MSE: 8.48876665381e-05.
Iteration 811. I-divergence: 1299.43415844. MSE: 0.668667459122. Diff MSE: 8.48106749678e-05.
Iteration 812. I-divergence: 1299.27177766. MSE: 0.66858272499. Diff MSE: 8.4734132046e-05.
Iteration 813. I-divergence: 1299.10954211. MSE: 0.668498066955. Diff MSE: 8.46580349596e-05.
Iteration 814. I-divergence: 1298.94745095. MSE: 0.668413484574. Diff MSE: 8.45823809157e-05.
Iteration 815. I-divergence: 1298.78550334. MSE: 0.668328977407. Diff MSE: 8.45071670589e-05.
Iteration 816. I-divergence: 1298.62369845. MSE: 0.668244545017. Diff MSE: 8.44323906254e-05.
Iteration 817. I-divergence: 1298.46203544. MSE: 0.668160186968. Diff MSE: 8.43580488121e-05.
Iteration 818. I-divergence: 1298.30051351. MSE: 0.668075902829. Diff MSE: 8.4284138796e-05.
Iteration 819. I-divergence: 1298.13913182. MSE: 0.667991692171. Diff MSE: 8.42106578497e-05.
Iteration 820. I-divergence: 1297.97788957. MSE: 0.667907554568. Diff MSE: 8.41376031058e-05.
Iteration 821. I-divergence: 1297.81678596. MSE: 0.667823489596. Diff MSE: 8.40649718853e-05.
Iteration 822. I-divergence: 1297.65582017. MSE: 0.667739496835. Diff MSE: 8.39927613575e-05.
Iteration 823. I-divergence: 1297.49499142. MSE: 0.667655575866. Diff MSE: 8.39209687878e-05.
Iteration 824. I-divergence: 1297.33429891. MSE: 0.667571726275. Diff MSE: 8.38495914233e-05.
Iteration 825. I-divergence: 1297.17374186. MSE: 0.667487947648. Diff MSE: 8.3778626494e-05.
Iteration 826. I-divergence: 1297.01331949. MSE: 0.667404239577. Diff MSE: 8.37080712861e-05.
Iteration 827. I-divergence: 1296.85303102. MSE: 0.667320601654. Diff MSE: 8.36379230409e-05.
Iteration 828. I-divergence: 1296.69287568. MSE: 0.667237033475. Diff MSE: 8.35681790565e-05.
Iteration 829. I-divergence: 1296.53285271. MSE: 0.667153534638. Diff MSE: 8.34988365788e-05.
Iteration 830. I-divergence: 1296.37296135. MSE: 0.667070104745. Diff MSE: 8.34298929102e-05.
Iteration 831. I-divergence: 1296.21320083. MSE: 0.6669867434. Diff MSE: 8.33613453528e-05.
Iteration 832. I-divergence: 1296.05357043. MSE: 0.666903450209. Diff MSE: 8.32931911624e-05.
Iteration 833. I-divergence: 1295.89406937. MSE: 0.666820224781. Diff MSE: 8.32254276971e-05.
Iteration 834. I-divergence: 1295.73469694. MSE: 0.666737066729. Diff MSE: 8.31580522184e-05.
Iteration 835. I-divergence: 1295.5754524. MSE: 0.666653975667. Diff MSE: 8.30910620714e-05.
Iteration 836. I-divergence: 1295.416335. MSE: 0.666570951212. Diff MSE: 8.30244545738e-05.
Iteration 837. I-divergence: 1295.25734404. MSE: 0.666487992985. Diff MSE: 8.29582270693e-05.
Iteration 838. I-divergence: 1295.0984788. MSE: 0.666405100608. Diff MSE: 8.2892376863e-05.
Iteration 839. I-divergence: 1294.93973855. MSE: 0.666322273707. Diff MSE: 8.28269013368e-05.
Iteration 840. I-divergence: 1294.78112259. MSE: 0.666239511909. Diff MSE: 8.27617978099e-05.
Iteration 841. I-divergence: 1294.62263021. MSE: 0.666156814846. Diff MSE: 8.26970636488e-05.
Iteration 842. I-divergence: 1294.46426072. MSE: 0.666074182149. Diff MSE: 8.26326962341e-05.
Iteration 843. I-divergence: 1294.30601343. MSE: 0.665991613456. Diff MSE: 8.25686929204e-05.
Iteration 844. I-divergence: 1294.14788763. MSE: 0.665909108405. Diff MSE: 8.25050510825e-05.
Iteration 845. I-divergence: 1293.98988266. MSE: 0.665826666637. Diff MSE: 8.24417681184e-05.
Iteration 846. I-divergence: 1293.83199782. MSE: 0.665744287796. Diff MSE: 8.2378841424e-05.
Iteration 847. I-divergence: 1293.67423245. MSE: 0.665661971527. Diff MSE: 8.23162684014e-05.
Iteration 848. I-divergence: 1293.51658588. MSE: 0.665579717481. Diff MSE: 8.22540464089e-05.
Iteration 849. I-divergence: 1293.35905743. MSE: 0.665497525308. Diff MSE: 8.21921729276e-05.
Iteration 850. I-divergence: 1293.20164646. MSE: 0.665415394663. Diff MSE: 8.21306453247e-05.
Iteration 851. I-divergence: 1293.04435231. MSE: 0.665333325202. Diff MSE: 8.20694610644e-05.
Iteration 852. I-divergence: 1292.88717432. MSE: 0.665251316584. Diff MSE: 8.20086175636e-05.
Iteration 853. I-divergence: 1292.73011186. MSE: 0.665169368472. Diff MSE: 8.19481122629e-05.
Iteration 854. I-divergence: 1292.57316428. MSE: 0.665087480529. Diff MSE: 8.18879426066e-05.
Iteration 855. I-divergence: 1292.41633095. MSE: 0.665005652423. Diff MSE: 8.18281060703e-05.
Iteration 856. I-divergence: 1292.25961123. MSE: 0.664923883823. Diff MSE: 8.17686000887e-05.
Iteration 857. I-divergence: 1292.10300451. MSE: 0.664842174401. Diff MSE: 8.17094221623e-05.
Iteration 858. I-divergence: 1291.94651015. MSE: 0.664760523831. Diff MSE: 8.16505697467e-05.
Iteration 859. I-divergence: 1291.79012755. MSE: 0.664678931791. Diff MSE: 8.15920403293e-05.
Iteration 860. I-divergence: 1291.63385609. MSE: 0.664597397959. Diff MSE: 8.15338313929e-05.
Iteration 861. I-divergence: 1291.47769517. MSE: 0.664515922019. Diff MSE: 8.14759404816e-05.
Iteration 862. I-divergence: 1291.32164418. MSE: 0.664434503654. Diff MSE: 8.1418365026e-05.
Iteration 863. I-divergence: 1291.16570253. MSE: 0.664353142551. Diff MSE: 8.13611026246e-05.
Iteration 864. I-divergence: 1291.00986962. MSE: 0.664271838401. Diff MSE: 8.13041507197e-05.
Iteration 865. I-divergence: 1290.85414487. MSE: 0.664190590894. Diff MSE: 8.1247506891e-05.
Iteration 866. I-divergence: 1290.69852769. MSE: 0.664109399725. Diff MSE: 8.11911686456e-05.
Iteration 867. I-divergence: 1290.5430175. MSE: 0.664028264591. Diff MSE: 8.11351335455e-05.
Iteration 868. I-divergence: 1290.38761374. MSE: 0.663947185192. Diff MSE: 8.10793991276e-05.
Iteration 869. I-divergence: 1290.23231583. MSE: 0.663866161229. Diff MSE: 8.10239629607e-05.
Iteration 870. I-divergence: 1290.07712321. MSE: 0.663785192407. Diff MSE: 8.09688225876e-05.
Iteration 871. I-divergence: 1289.92203531. MSE: 0.663704278431. Diff MSE: 8.09139756162e-05.
Iteration 872. I-divergence: 1289.76705159. MSE: 0.663623419012. Diff MSE: 8.08594195891e-05.
Iteration 873. I-divergence: 1289.61217149. MSE: 0.66354261386. Diff MSE: 8.08051521126e-05.
Iteration 874. I-divergence: 1289.45739446. MSE: 0.663461862689. Diff MSE: 8.0751170782e-05.
Iteration 875. I-divergence: 1289.30271997. MSE: 0.663381165216. Diff MSE: 8.06974731875e-05.
Iteration 876. I-divergence: 1289.14814747. MSE: 0.663300521159. Diff MSE: 8.06440569402e-05.
Iteration 877. I-divergence: 1288.99367643. MSE: 0.663219930239. Diff MSE: 8.05909196882e-05.
Iteration 878. I-divergence: 1288.83930633. MSE: 0.66313939218. Diff MSE: 8.05380589833e-05.
Iteration 879. I-divergence: 1288.68503664. MSE: 0.663058906707. Diff MSE: 8.04854725519e-05.
Iteration 880. I-divergence: 1288.53086685. MSE: 0.662978473549. Diff MSE: 8.0433157958e-05.
Iteration 881. I-divergence: 1288.37679643. MSE: 0.662898092437. Diff MSE: 8.03811128698e-05.
Iteration 882. I-divergence: 1288.22282488. MSE: 0.662817763102. Diff MSE: 8.03293349659e-05.
Iteration 883. I-divergence: 1288.06895169. MSE: 0.66273748528. Diff MSE: 8.02778218668e-05.
Iteration 884. I-divergence: 1287.91517636. MSE: 0.662657258708. Diff MSE: 8.02265712615e-05.
Iteration 885. I-divergence: 1287.76149839. MSE: 0.662577083128. Diff MSE: 8.01755808654e-05.
Iteration 886. I-divergence: 1287.6079173. MSE: 0.662496958279. Diff MSE: 8.01248482877e-05.
Iteration 887. I-divergence: 1287.45443258. MSE: 0.662416883908. Diff MSE: 8.00743712704e-05.
Iteration 888. I-divergence: 1287.30104377. MSE: 0.662336859761. Diff MSE: 8.00241475096e-05.
Iteration 889. I-divergence: 1287.14775037. MSE: 0.662256885586. Diff MSE: 7.9974174697e-05.
Iteration 890. I-divergence: 1286.99455192. MSE: 0.662176961135. Diff MSE: 7.99244505449e-05.
Iteration 891. I-divergence: 1286.84144794. MSE: 0.662097086162. Diff MSE: 7.98749727993e-05.
Iteration 892. I-divergence: 1286.68843797. MSE: 0.662017260423. Diff MSE: 7.98257391785e-05.
Iteration 893. I-divergence: 1286.53552154. MSE: 0.661937483676. Diff MSE: 7.97767474064e-05.
Iteration 894. I-divergence: 1286.3826982. MSE: 0.661857755681. Diff MSE: 7.97279952401e-05.
Iteration 895. I-divergence: 1286.22996749. MSE: 0.6617780762. Diff MSE: 7.9679480456e-05.
Iteration 896. I-divergence: 1286.07732896. MSE: 0.661698444999. Diff MSE: 7.96312007657e-05.
Iteration 897. I-divergence: 1285.92478217. MSE: 0.661618861845. Diff MSE: 7.95831539747e-05.
Iteration 898. I-divergence: 1285.77232668. MSE: 0.661539326508. Diff MSE: 7.95353378472e-05.
Iteration 899. I-divergence: 1285.61996204. MSE: 0.661459838757. Diff MSE: 7.9487750159e-05.
Iteration 900. I-divergence: 1285.46768784. MSE: 0.661380398369. Diff MSE: 7.94403887157e-05.
Iteration 901. I-divergence: 1285.31550363. MSE: 0.661301005117. Diff MSE: 7.93932513228e-05.
Iteration 902. I-divergence: 1285.16340899. MSE: 0.661221658782. Diff MSE: 7.93463357657e-05.
Iteration 903. I-divergence: 1285.01140352. MSE: 0.661142359142. Diff MSE: 7.92996398628e-05.
Iteration 904. I-divergence: 1284.85948677. MSE: 0.66106310598. Diff MSE: 7.92531614524e-05.
Iteration 905. I-divergence: 1284.70765836. MSE: 0.660983899082. Diff MSE: 7.92068983436e-05.
Iteration 906. I-divergence: 1284.55591786. MSE: 0.660904738234. Diff MSE: 7.91608483954e-05.
Iteration 907. I-divergence: 1284.40426488. MSE: 0.660825623224. Diff MSE: 7.91150094399e-05.
Iteration 908. I-divergence: 1284.25269901. MSE: 0.660746553845. Diff MSE: 7.90693793408e-05.
Iteration 909. I-divergence: 1284.10121987. MSE: 0.660667529889. Diff MSE: 7.90239559382e-05.
Iteration 910. I-divergence: 1283.94982705. MSE: 0.660588551152. Diff MSE: 7.89787371321e-05.
Iteration 911. I-divergence: 1283.79852017. MSE: 0.660509617431. Diff MSE: 7.8933720786e-05.
Iteration 912. I-divergence: 1283.64729885. MSE: 0.660430728526. Diff MSE: 7.88889047435e-05.
Iteration 913. I-divergence: 1283.4961627. MSE: 0.660351884239. Diff MSE: 7.8844286993e-05.
Iteration 914. I-divergence: 1283.34511136. MSE: 0.660273084374. Diff MSE: 7.87998653257e-05.
Iteration 915. I-divergence: 1283.19414445. MSE: 0.660194328736. Diff MSE: 7.8755637739e-05.
Iteration 916. I-divergence: 1283.0432616. MSE: 0.660115617134. Diff MSE: 7.87116020814e-05.
Iteration 917. I-divergence: 1282.89246245. MSE: 0.660036949378. Diff MSE: 7.86677563186e-05.
Iteration 918. I-divergence: 1282.74174664. MSE: 0.659958325279. Diff MSE: 7.86240983719e-05.
Iteration 919. I-divergence: 1282.59111381. MSE: 0.659879744653. Diff MSE: 7.85806261716e-05.
Iteration 920. I-divergence: 1282.44056361. MSE: 0.659801207316. Diff MSE: 7.85373376845e-05.
Iteration 921. I-divergence: 1282.2900957. MSE: 0.659722713085. Diff MSE: 7.84942308336e-05.
Iteration 922. I-divergence: 1282.13970972. MSE: 0.659644261781. Diff MSE: 7.84513036115e-05.
Iteration 923. I-divergence: 1281.98940535. MSE: 0.659565853227. Diff MSE: 7.84085539899e-05.
Iteration 924. I-divergence: 1281.83918224. MSE: 0.659487487247. Diff MSE: 7.83659799275e-05.
Iteration 925. I-divergence: 1281.68904005. MSE: 0.659409163668. Diff MSE: 7.83235794201e-05.
Iteration 926. I-divergence: 1281.53897847. MSE: 0.659330882317. Diff MSE: 7.82813504594e-05.
Iteration 927. I-divergence: 1281.38899716. MSE: 0.659252643026. Diff MSE: 7.82392910565e-05.
Iteration 928. I-divergence: 1281.23909581. MSE: 0.659174445627. Diff MSE: 7.81973992156e-05.
Iteration 929. I-divergence: 1281.0892741. MSE: 0.659096289954. Diff MSE: 7.81556729598e-05.
Iteration 930. I-divergence: 1280.93953171. MSE: 0.659018175844. Diff MSE: 7.81141103139e-05.
Iteration 931. I-divergence: 1280.78986833. MSE: 0.658940103134. Diff MSE: 7.80727092818e-05.
Iteration 932. I-divergence: 1280.64028365. MSE: 0.658862071666. Diff MSE: 7.80314679845e-05.
Iteration 933. I-divergence: 1280.49077738. MSE: 0.658784081282. Diff MSE: 7.79903843875e-05.
Iteration 934. I-divergence: 1280.34134922. MSE: 0.658706131825. Diff MSE: 7.79494565888e-05.
Iteration 935. I-divergence: 1280.19199887. MSE: 0.658628223143. Diff MSE: 7.7908682666e-05.
Iteration 936. I-divergence: 1280.04272603. MSE: 0.658550355082. Diff MSE: 7.78680606595e-05.
Iteration 937. I-divergence: 1279.89353042. MSE: 0.658472527493. Diff MSE: 7.7827588664e-05.
Iteration 938. I-divergence: 1279.74441176. MSE: 0.658394740229. Diff MSE: 7.77872648084e-05.
Iteration 939. I-divergence: 1279.59536977. MSE: 0.658316993142. Diff MSE: 7.7747087099e-05.
Iteration 940. I-divergence: 1279.44640416. MSE: 0.658239286088. Diff MSE: 7.77070537629e-05.
Iteration 941. I-divergence: 1279.29751466. MSE: 0.658161618925. Diff MSE: 7.7667162803e-05.
Iteration 942. I-divergence: 1279.14870101. MSE: 0.658083991513. Diff MSE: 7.76274124145e-05.
Iteration 943. I-divergence: 1278.99996294. MSE: 0.658006403712. Diff MSE: 7.75878007059e-05.
Iteration 944. I-divergence: 1278.85130018. MSE: 0.657928855386. Diff MSE: 7.75483257894e-05.
Iteration 945. I-divergence: 1278.70271248. MSE: 0.6578513464. Diff MSE: 7.75089858708e-05.
Iteration 946. I-divergence: 1278.55419957. MSE: 0.657773876621. Diff MSE: 7.74697790183e-05.
Iteration 947. I-divergence: 1278.40576121. MSE: 0.657696445918. Diff MSE: 7.74307034914e-05.
Iteration 948. I-divergence: 1278.25739715. MSE: 0.65761905416. Diff MSE: 7.73917573937e-05.
Iteration 949. I-divergence: 1278.10910714. MSE: 0.657541701221. Diff MSE: 7.73529389154e-05.
Iteration 950. I-divergence: 1277.96089094. MSE: 0.657464386975. Diff MSE: 7.73142462576e-05.
Iteration 951. I-divergence: 1277.81274831. MSE: 0.657387111298. Diff MSE: 7.72756776234e-05.
Iteration 952. I-divergence: 1277.66467902. MSE: 0.657309874066. Diff MSE: 7.72372311793e-05.
Iteration 953. I-divergence: 1277.51668283. MSE: 0.657232675161. Diff MSE: 7.71989051597e-05.
Iteration 954. I-divergence: 1277.36875952. MSE: 0.657155514463. Diff MSE: 7.71606977984e-05.
Iteration 955. I-divergence: 1277.22090886. MSE: 0.657078391856. Diff MSE: 7.71226072844e-05.
Iteration 956. I-divergence: 1277.07313063. MSE: 0.657001307224. Diff MSE: 7.70846319068e-05.
Iteration 957. I-divergence: 1276.9254246. MSE: 0.656924260454. Diff MSE: 7.70467698448e-05.
Iteration 958. I-divergence: 1276.77779057. MSE: 0.656847251435. Diff MSE: 7.70090193928e-05.
Iteration 959. I-divergence: 1276.63022833. MSE: 0.656770280056. Diff MSE: 7.6971378793e-05.
Iteration 960. I-divergence: 1276.48273766. MSE: 0.65669334621. Diff MSE: 7.69338463473e-05.
Iteration 961. I-divergence: 1276.33531836. MSE: 0.65661644979. Diff MSE: 7.68964202683e-05.
Iteration 962. I-divergence: 1276.18797023. MSE: 0.656539590691. Diff MSE: 7.68590988959e-05.
Iteration 963. I-divergence: 1276.04069307. MSE: 0.65646276881. Diff MSE: 7.68218805115e-05.
Iteration 964. I-divergence: 1275.89348668. MSE: 0.656385984047. Diff MSE: 7.67847633836e-05.
Iteration 965. I-divergence: 1275.74635087. MSE: 0.656309236301. Diff MSE: 7.67477458676e-05.
Iteration 966. I-divergence: 1275.59928545. MSE: 0.656232525475. Diff MSE: 7.67108262586e-05.
Iteration 967. I-divergence: 1275.45229024. MSE: 0.656155851472. Diff MSE: 7.6674002856e-05.
Iteration 968. I-divergence: 1275.30536505. MSE: 0.656079214198. Diff MSE: 7.66372740363e-05.
Iteration 969. I-divergence: 1275.15850971. MSE: 0.65600261356. Diff MSE: 7.66006381197e-05.
Iteration 970. I-divergence: 1275.01172403. MSE: 0.655926049466. Diff MSE: 7.65640934668e-05.
Iteration 971. I-divergence: 1274.86500785. MSE: 0.655849521828. Diff MSE: 7.65276384205e-05.
Iteration 972. I-divergence: 1274.71836099. MSE: 0.655773030556. Diff MSE: 7.64912713654e-05.
Iteration 973. I-divergence: 1274.57178329. MSE: 0.655696575566. Diff MSE: 7.64549906631e-05.
Iteration 974. I-divergence: 1274.42527458. MSE: 0.655620156771. Diff MSE: 7.6418794692e-05.
Iteration 975. I-divergence: 1274.2788347. MSE: 0.655543774089. Diff MSE: 7.63826818582e-05.
Iteration 976. I-divergence: 1274.13246349. MSE: 0.655467427439. Diff MSE: 7.63466505505e-05.
Iteration 977. I-divergence: 1273.9861608. MSE: 0.655391116739. Diff MSE: 7.63106992033e-05.
Iteration 978. I-divergence: 1273.83992648. MSE: 0.655314841913. Diff MSE: 7.62748261649e-05.
Iteration 979. I-divergence: 1273.69376037. MSE: 0.655238602883. Diff MSE: 7.62390299491e-05.
Iteration 980. I-divergence: 1273.54766234. MSE: 0.655162399574. Diff MSE: 7.62033089357e-05.
Iteration 981. I-divergence: 1273.40163223. MSE: 0.655086231913. Diff MSE: 7.61676615592e-05.
Iteration 982. I-divergence: 1273.25566991. MSE: 0.655010099827. Diff MSE: 7.61320863046e-05.
Iteration 983. I-divergence: 1273.10977525. MSE: 0.654934003245. Diff MSE: 7.60965816015e-05.
Iteration 984. I-divergence: 1272.96394809. MSE: 0.654857942099. Diff MSE: 7.60611459258e-05.
Iteration 985. I-divergence: 1272.81818833. MSE: 0.654781916321. Diff MSE: 7.60257777443e-05.
Iteration 986. I-divergence: 1272.67249582. MSE: 0.654705925846. Diff MSE: 7.59904755754e-05.
Iteration 987. I-divergence: 1272.52687044. MSE: 0.654629970608. Diff MSE: 7.5955237862e-05.
Iteration 988. I-divergence: 1272.38131207. MSE: 0.654554050545. Diff MSE: 7.59200631227e-05.
Iteration 989. I-divergence: 1272.23582059. MSE: 0.654478165595. Diff MSE: 7.58849498675e-05.
Iteration 990. I-divergence: 1272.09039588. MSE: 0.654402315698. Diff MSE: 7.58498966323e-05.
Iteration 991. I-divergence: 1271.94503782. MSE: 0.654326500796. Diff MSE: 7.58149019011e-05.
Iteration 992. I-divergence: 1271.79974631. MSE: 0.654250720832. Diff MSE: 7.57799642439e-05.
Iteration 993. I-divergence: 1271.65452124. MSE: 0.65417497575. Diff MSE: 7.57450821948e-05.
Iteration 994. I-divergence: 1271.5093625. MSE: 0.654099265496. Diff MSE: 7.57102542688e-05.
Iteration 995. I-divergence: 1271.36426998. MSE: 0.654023590016. Diff MSE: 7.56754790917e-05.
Iteration 996. I-divergence: 1271.21924359. MSE: 0.653947949261. Diff MSE: 7.56407551769e-05.
Iteration 997. I-divergence: 1271.07428323. MSE: 0.65387234318. Diff MSE: 7.56060811152e-05.
Iteration 998. I-divergence: 1270.9293888. MSE: 0.653796771725. Diff MSE: 7.55714554894e-05.
Iteration 999. I-divergence: 1270.78456022. MSE: 0.653721234848. Diff MSE: 7.55368769012e-05.
Iteration 1000. I-divergence: 1270.63979738. MSE: 0.653645732504. Diff MSE: 7.5502343949e-05.
Performance on test set: MSE=0.706172839373, I-div=342.133145575.
0.706172839373
