Fold 1 for k=10,l=5.
Initialising F using KMeans.
Iteration: 1.
Iteration: 2.
Iteration: 3.
Iteration: 4.
Iteration: 5.
Iteration: 6.
Iteration: 7.
Iteration: 8.
Iteration: 9.
Iteration: 10.
Iteration: 11.
Iteration: 12.
Iteration: 13.
Iteration: 14.
Iteration: 15.
Iteration: 16.
Iteration: 17.
Iteration: 18.
[132.0, 4.0, 29.0, 59.0, 10.0, 72.0, 131.0, 34.0, 81.0, 70.0]
Initialising G using KMeans.
Iteration: 1.
Iteration: 2.
Iteration: 3.
Iteration: 4.
Iteration: 5.
Iteration: 6.
Iteration: 7.
Iteration: 8.
[32.0, 2.0, 28.0, 23.0, 54.0]
Iteration 0. I-divergence: 255729.820105. MSE: 77.6682701558.
Iteration 1. I-divergence: 2170.48613076. MSE: 1.12205915529.
Iteration 2. I-divergence: 1619.76188716. MSE: 0.836797922919.
Iteration 3. I-divergence: 1595.04425196. MSE: 0.823778060973.
Iteration 4. I-divergence: 1587.81537374. MSE: 0.819979658188.
Iteration 5. I-divergence: 1582.25633854. MSE: 0.817052226436.
Iteration 6. I-divergence: 1577.15938949. MSE: 0.814366106302.
Iteration 7. I-divergence: 1572.40644592. MSE: 0.811860962418.
Iteration 8. I-divergence: 1567.96503333. MSE: 0.809520158523.
Iteration 9. I-divergence: 1563.81122601. MSE: 0.80733119728.
Iteration 10. I-divergence: 1559.92349032. MSE: 0.80528274678.
Iteration 11. I-divergence: 1556.28205504. MSE: 0.803364379056.
Iteration 12. I-divergence: 1552.86872351. MSE: 0.801566489712.
Iteration 13. I-divergence: 1549.66673233. MSE: 0.799880228387.
Iteration 14. I-divergence: 1546.66062592. MSE: 0.798297434036.
Iteration 15. I-divergence: 1543.8361441. MSE: 0.796810575956.
Iteration 16. I-divergence: 1541.18012074. MSE: 0.795412700491.
Iteration 17. I-divergence: 1538.68039249. MSE: 0.794097382891.
Iteration 18. I-divergence: 1536.32571616. MSE: 0.79285868379.
Iteration 19. I-divergence: 1534.10569394. MSE: 0.791691109769.
Iteration 20. I-divergence: 1532.01070541. MSE: 0.790589577548.
Iteration 21. I-divergence: 1530.0318458. MSE: 0.789549381422.
Iteration 22. I-divergence: 1528.16086958. MSE: 0.788566163576.
Iteration 23. I-divergence: 1526.3901391. MSE: 0.787635886991.
Iteration 24. I-divergence: 1524.71257752. MSE: 0.786754810668.
Iteration 25. I-divergence: 1523.12162575. MSE: 0.785919466946.
Iteration 26. I-divergence: 1521.61120299. MSE: 0.785126640695.
Iteration 27. I-divergence: 1520.17567047. MSE: 0.784373350226.
Iteration 28. I-divergence: 1518.80979814. MSE: 0.783656829735.
Iteration 29. I-divergence: 1517.50873405. MSE: 0.782974513158.
Iteration 30. I-divergence: 1516.26797608. MSE: 0.7823240193.
Iteration 31. I-divergence: 1515.08334603. MSE: 0.781703138127.
Iteration 32. I-divergence: 1513.95096556. MSE: 0.781109818126.
Iteration 33. I-divergence: 1512.8672341. MSE: 0.78054215464.
Iteration 34. I-divergence: 1511.82880843. MSE: 0.779998379085.
Iteration 35. I-divergence: 1510.83258377. MSE: 0.779476848994.
Iteration 36. I-divergence: 1509.87567638. MSE: 0.778976038815.
Iteration 37. I-divergence: 1508.95540738. MSE: 0.778494531389.
Iteration 38. I-divergence: 1508.06928787. MSE: 0.778031010075.
Iteration 39. I-divergence: 1507.21500507. MSE: 0.777584251456.
Iteration 40. I-divergence: 1506.39040961. MSE: 0.777153118588.
Iteration 41. I-divergence: 1505.59350363. MSE: 0.776736554748.
Iteration 42. I-divergence: 1504.82242984. MSE: 0.776333577638.
Iteration 43. I-divergence: 1504.07546139. MSE: 0.775943274025.
Iteration 44. I-divergence: 1503.35099245. MSE: 0.775564794763.
Iteration 45. I-divergence: 1502.6475295. MSE: 0.775197350187.
Iteration 46. I-divergence: 1501.96368325. MSE: 0.774840205842.
Iteration 47. I-divergence: 1501.29816115. MSE: 0.774492678523.
Iteration 48. I-divergence: 1500.64976048. MSE: 0.774154132601.
Iteration 49. I-divergence: 1500.01736192. MSE: 0.773823976624.
Iteration 50. I-divergence: 1499.39992354. MSE: 0.773501660158.
Iteration 51. I-divergence: 1498.79647533. MSE: 0.773186670858.
Iteration 52. I-divergence: 1498.20611405. MSE: 0.772878531759.
Iteration 53. I-divergence: 1497.6279985. MSE: 0.772576798754.
Iteration 54. I-divergence: 1497.06134506. MSE: 0.772281058262.
Iteration 55. I-divergence: 1496.50542368. MSE: 0.77199092506.
Iteration 56. I-divergence: 1495.95955404. MSE: 0.771706040277.
Iteration 57. I-divergence: 1495.42310203. MSE: 0.771426069529.
Iteration 58. I-divergence: 1494.89547652. MSE: 0.771150701188.
Iteration 59. I-divergence: 1494.37612634. MSE: 0.770879644783.
Iteration 60. I-divergence: 1493.86453741. MSE: 0.770612629507.
Iteration 61. I-divergence: 1493.36023024. MSE: 0.770349402841.
Iteration 62. I-divergence: 1492.86275742. MSE: 0.77008972927.
Iteration 63. I-divergence: 1492.37170142. MSE: 0.769833389093.
Iteration 64. I-divergence: 1491.88667253. MSE: 0.769580177324.
Iteration 65. I-divergence: 1491.40730689. MSE: 0.769329902665.
Iteration 66. I-divergence: 1490.93326471. MSE: 0.769082386555.
Iteration 67. I-divergence: 1490.46422863. MSE: 0.768837462291.
Iteration 68. I-divergence: 1489.99990216. MSE: 0.768594974204.
Iteration 69. I-divergence: 1489.54000823. MSE: 0.768354776905.
Iteration 70. I-divergence: 1489.0842879. MSE: 0.768116734572.
Iteration 71. I-divergence: 1488.63249907. MSE: 0.767880720301.
Iteration 72. I-divergence: 1488.18441538. MSE: 0.767646615492.
Iteration 73. I-divergence: 1487.73982514. MSE: 0.767414309287.
Iteration 74. I-divergence: 1487.29853029. MSE: 0.76718369804.
Iteration 75. I-divergence: 1486.86034555. MSE: 0.766954684835.
Iteration 76. I-divergence: 1486.4250975. MSE: 0.766727179027.
Iteration 77. I-divergence: 1485.99262384. MSE: 0.766501095824.
Iteration 78. I-divergence: 1485.5627726. MSE: 0.766276355893.
Iteration 79. I-divergence: 1485.13540151. MSE: 0.766052884996.
Iteration 80. I-divergence: 1484.71037729. MSE: 0.765830613652.
Iteration 81. I-divergence: 1484.28757512. MSE: 0.765609476823.
Iteration 82. I-divergence: 1483.86687806. MSE: 0.765389413618.
Iteration 83. I-divergence: 1483.44817653. MSE: 0.765170367023.
Iteration 84. I-divergence: 1483.03136785. MSE: 0.764952283648.
Iteration 85. I-divergence: 1482.61635576. MSE: 0.764735113488.
Iteration 86. I-divergence: 1482.20305005. MSE: 0.764518809705.
Iteration 87. I-divergence: 1481.79136613. MSE: 0.764303328425.
Iteration 88. I-divergence: 1481.38122471. MSE: 0.764088628544.
Iteration 89. I-divergence: 1480.97255144. MSE: 0.763874671554.
Iteration 90. I-divergence: 1480.56527659. MSE: 0.763661421376.
Iteration 91. I-divergence: 1480.15933478. MSE: 0.763448844205.
Iteration 92. I-divergence: 1479.75466471. MSE: 0.763236908371.
Iteration 93. I-divergence: 1479.35120887. MSE: 0.763025584198.
Iteration 94. I-divergence: 1478.94891335. MSE: 0.762814843884.
Iteration 95. I-divergence: 1478.54772759. MSE: 0.762604661386.
Iteration 96. I-divergence: 1478.1476042. MSE: 0.762395012306.
Iteration 97. I-divergence: 1477.74849871. MSE: 0.762185873794.
Iteration 98. I-divergence: 1477.35036948. MSE: 0.761977224451.
Iteration 99. I-divergence: 1476.95317744. MSE: 0.761769044241.
Iteration 100. I-divergence: 1476.55688601. MSE: 0.761561314412.
Iteration 101. I-divergence: 1476.16146089. MSE: 0.761354017412.
Iteration 102. I-divergence: 1475.76686998. MSE: 0.761147136823.
Iteration 103. I-divergence: 1475.37308321. MSE: 0.760940657289.
Iteration 104. I-divergence: 1474.98007242. MSE: 0.760734564457.
Iteration 105. I-divergence: 1474.5878113. MSE: 0.760528844916.
Iteration 106. I-divergence: 1474.19627521. MSE: 0.76032348614.
Iteration 107. I-divergence: 1473.80544113. MSE: 0.760118476441.
Iteration 108. I-divergence: 1473.41528757. MSE: 0.759913804917.
Iteration 109. I-divergence: 1473.02579445. MSE: 0.759709461405.
Iteration 110. I-divergence: 1472.63694306. MSE: 0.759505436445.
Iteration 111. I-divergence: 1472.24871593. MSE: 0.759301721234.
Iteration 112. I-divergence: 1471.86109682. MSE: 0.75909830759.
Iteration 113. I-divergence: 1471.47407062. MSE: 0.758895187921.
Iteration 114. I-divergence: 1471.08762328. MSE: 0.758692355185.
Iteration 115. I-divergence: 1470.70174177. MSE: 0.758489802866.
Iteration 116. I-divergence: 1470.31641401. MSE: 0.758287524942.
Iteration 117. I-divergence: 1469.93162884. MSE: 0.758085515856.
Iteration 118. I-divergence: 1469.54737594. MSE: 0.757883770493.
Iteration 119. I-divergence: 1469.16364579. MSE: 0.757682284157.
Iteration 120. I-divergence: 1468.78042968. MSE: 0.757481052544.
Iteration 121. I-divergence: 1468.39771956. MSE: 0.757280071725.
Iteration 122. I-divergence: 1468.01550813. MSE: 0.757079338123.
Iteration 123. I-divergence: 1467.6337887. MSE: 0.756878848496.
Iteration 124. I-divergence: 1467.2525552. MSE: 0.756678599919.
Iteration 125. I-divergence: 1466.87180216. MSE: 0.756478589767.
Iteration 126. I-divergence: 1466.49152464. MSE: 0.756278815696.
Iteration 127. I-divergence: 1466.11171825. MSE: 0.756079275635.
Iteration 128. I-divergence: 1465.73237909. MSE: 0.755879967765.
Iteration 129. I-divergence: 1465.35350371. MSE: 0.75568089051.
Iteration 130. I-divergence: 1464.97508912. MSE: 0.755482042523.
Iteration 131. I-divergence: 1464.59713277. MSE: 0.755283422674.
Iteration 132. I-divergence: 1464.2196325. MSE: 0.755085030038.
Iteration 133. I-divergence: 1463.84258651. MSE: 0.754886863886.
Iteration 134. I-divergence: 1463.46599341. MSE: 0.754688923676.
Iteration 135. I-divergence: 1463.0898521. MSE: 0.754491209039.
Iteration 136. I-divergence: 1462.71416186. MSE: 0.754293719774.
Iteration 137. I-divergence: 1462.33892223. MSE: 0.754096455837.
Iteration 138. I-divergence: 1461.96413307. MSE: 0.753899417336.
Iteration 139. I-divergence: 1461.58979453. MSE: 0.753702604519.
Iteration 140. I-divergence: 1461.21590699. MSE: 0.753506017772.
Iteration 141. I-divergence: 1460.84247112. MSE: 0.753309657605.
Iteration 142. I-divergence: 1460.4694878. MSE: 0.753113524654.
Iteration 143. I-divergence: 1460.09695815. MSE: 0.752917619666.
Iteration 144. I-divergence: 1459.7248835. MSE: 0.7527219435.
Iteration 145. I-divergence: 1459.35326538. MSE: 0.752526497118.
Iteration 146. I-divergence: 1458.98210553. MSE: 0.752331281578.
Iteration 147. I-divergence: 1458.61140585. MSE: 0.752136298034.
Iteration 148. I-divergence: 1458.24116842. MSE: 0.751941547727.
Iteration 149. I-divergence: 1457.8713955. MSE: 0.751747031979.
Iteration 150. I-divergence: 1457.50208948. MSE: 0.751552752195.
Iteration 151. I-divergence: 1457.13325293. MSE: 0.751358709852.
Iteration 152. I-divergence: 1456.76488852. MSE: 0.751164906497.
Iteration 153. I-divergence: 1456.39699908. MSE: 0.750971343744.
Iteration 154. I-divergence: 1456.02958756. MSE: 0.750778023272.
Iteration 155. I-divergence: 1455.66265701. MSE: 0.750584946817.
Iteration 156. I-divergence: 1455.29621062. MSE: 0.75039211617.
Iteration 157. I-divergence: 1454.93025166. MSE: 0.750199533178.
Iteration 158. I-divergence: 1454.56478349. MSE: 0.750007199735.
Iteration 159. I-divergence: 1454.1998096. MSE: 0.74981511778.
Iteration 160. I-divergence: 1453.83533354. MSE: 0.7496232893.
Iteration 161. I-divergence: 1453.47135893. MSE: 0.749431716317.
Iteration 162. I-divergence: 1453.1078895. MSE: 0.749240400897.
Iteration 163. I-divergence: 1452.74492902. MSE: 0.749049345136.
Iteration 164. I-divergence: 1452.38248133. MSE: 0.748858551167.
Iteration 165. I-divergence: 1452.02055035. MSE: 0.748668021151.
Iteration 166. I-divergence: 1451.65914004. MSE: 0.74847775728.
Iteration 167. I-divergence: 1451.29825442. MSE: 0.748287761769.
Iteration 168. I-divergence: 1450.93789755. MSE: 0.74809803686.
Iteration 169. I-divergence: 1450.57807355. MSE: 0.747908584816.
Iteration 170. I-divergence: 1450.21878656. MSE: 0.747719407918.
Iteration 171. I-divergence: 1449.86004077. MSE: 0.747530508467.
Iteration 172. I-divergence: 1449.50184041. MSE: 0.747341888781.
Iteration 173. I-divergence: 1449.14418971. MSE: 0.747153551191.
Iteration 174. I-divergence: 1448.78709296. MSE: 0.746965498041.
Iteration 175. I-divergence: 1448.43055446. MSE: 0.746777731688.
Iteration 176. I-divergence: 1448.07457852. MSE: 0.746590254494.
Iteration 177. I-divergence: 1447.71916948. MSE: 0.746403068835.
Iteration 178. I-divergence: 1447.36433169. MSE: 0.746216177088.
Iteration 179. I-divergence: 1447.01006951. MSE: 0.746029581639.
Iteration 180. I-divergence: 1446.65638731. MSE: 0.745843284875.
Iteration 181. I-divergence: 1446.30328947. MSE: 0.745657289187.
Iteration 182. I-divergence: 1445.95078036. MSE: 0.745471596966.
Iteration 183. I-divergence: 1445.59886436. MSE: 0.745286210603.
Iteration 184. I-divergence: 1445.24754586. MSE: 0.745101132487.
Iteration 185. I-divergence: 1444.89682921. MSE: 0.744916365005.
Iteration 186. I-divergence: 1444.54671879. MSE: 0.744731910539.
Iteration 187. I-divergence: 1444.19721896. MSE: 0.744547771467.
Iteration 188. I-divergence: 1443.84833406. MSE: 0.744363950161.
Iteration 189. I-divergence: 1443.50006843. MSE: 0.744180448984.
Iteration 190. I-divergence: 1443.15242639. MSE: 0.743997270292.
Iteration 191. I-divergence: 1442.80541225. MSE: 0.743814416433.
Iteration 192. I-divergence: 1442.45903027. MSE: 0.743631889743.
Iteration 193. I-divergence: 1442.11328474. MSE: 0.743449692546.
Iteration 194. I-divergence: 1441.76817989. MSE: 0.743267827157.
Iteration 195. I-divergence: 1441.42371994. MSE: 0.743086295875.
Iteration 196. I-divergence: 1441.07990909. MSE: 0.742905100988.
Iteration 197. I-divergence: 1440.73675149. MSE: 0.742724244766.
Iteration 198. I-divergence: 1440.39425129. MSE: 0.742543729465.
Iteration 199. I-divergence: 1440.05241259. MSE: 0.742363557327.
Iteration 200. I-divergence: 1439.71123946. MSE: 0.742183730574.
Iteration 201. I-divergence: 1439.37073595. MSE: 0.742004251411.
Iteration 202. I-divergence: 1439.03090607. MSE: 0.741825122025.
Iteration 203. I-divergence: 1438.69175377. MSE: 0.741646344583.
Iteration 204. I-divergence: 1438.35328301. MSE: 0.741467921233.
Iteration 205. I-divergence: 1438.01549766. MSE: 0.741289854101.
Iteration 206. I-divergence: 1437.6784016. MSE: 0.741112145295.
Iteration 207. I-divergence: 1437.34199862. MSE: 0.740934796897.
Iteration 208. I-divergence: 1437.0062925. MSE: 0.740757810969.
Iteration 209. I-divergence: 1436.67128698. MSE: 0.74058118955.
Iteration 210. I-divergence: 1436.33698573. MSE: 0.740404934655.
Iteration 211. I-divergence: 1436.00339239. MSE: 0.740229048274.
Iteration 212. I-divergence: 1435.67051056. MSE: 0.740053532375.
Iteration 213. I-divergence: 1435.33834379. MSE: 0.739878388897.
Iteration 214. I-divergence: 1435.00689555. MSE: 0.739703619757.
Iteration 215. I-divergence: 1434.67616932. MSE: 0.739529226844.
Iteration 216. I-divergence: 1434.34616847. MSE: 0.739355212021.
Iteration 217. I-divergence: 1434.01689636. MSE: 0.739181577123.
Iteration 218. I-divergence: 1433.68835629. MSE: 0.739008323958.
Iteration 219. I-divergence: 1433.36055149. MSE: 0.738835454306.
Iteration 220. I-divergence: 1433.03348515. MSE: 0.738662969921.
Iteration 221. I-divergence: 1432.7071604. MSE: 0.738490872524.
Iteration 222. I-divergence: 1432.38158034. MSE: 0.73831916381.
Iteration 223. I-divergence: 1432.05674797. MSE: 0.738147845443.
Iteration 224. I-divergence: 1431.73266627. MSE: 0.73797691906.
Iteration 225. I-divergence: 1431.40933814. MSE: 0.737806386264.
Iteration 226. I-divergence: 1431.08676645. MSE: 0.737636248631.
Iteration 227. I-divergence: 1430.76495399. MSE: 0.737466507703.
Iteration 228. I-divergence: 1430.44390349. MSE: 0.737297164994.
Iteration 229. I-divergence: 1430.12361763. MSE: 0.737128221986.
Iteration 230. I-divergence: 1429.80409903. MSE: 0.736959680127.
Iteration 231. I-divergence: 1429.48535026. MSE: 0.736791540837.
Iteration 232. I-divergence: 1429.1673738. MSE: 0.736623805501.
Iteration 233. I-divergence: 1428.8501721. MSE: 0.736456475473.
Iteration 234. I-divergence: 1428.53374752. MSE: 0.736289552075.
Iteration 235. I-divergence: 1428.2181024. MSE: 0.736123036595.
Iteration 236. I-divergence: 1427.90323897. MSE: 0.735956930289.
Iteration 237. I-divergence: 1427.58915944. MSE: 0.73579123438.
Iteration 238. I-divergence: 1427.27586592. MSE: 0.735625950057.
Iteration 239. I-divergence: 1426.96336049. MSE: 0.735461078477.
Iteration 240. I-divergence: 1426.65164514. MSE: 0.735296620762.
Iteration 241. I-divergence: 1426.34072182. MSE: 0.735132578002.
Iteration 242. I-divergence: 1426.03059239. MSE: 0.734968951251.
Iteration 243. I-divergence: 1425.72125868. MSE: 0.734805741531.
Iteration 244. I-divergence: 1425.41272242. MSE: 0.73464294983.
Iteration 245. I-divergence: 1425.10498531. MSE: 0.734480577102.
Iteration 246. I-divergence: 1424.79804896. MSE: 0.734318624264.
Iteration 247. I-divergence: 1424.49191493. MSE: 0.734157092204.
Iteration 248. I-divergence: 1424.18658471. MSE: 0.733995981771.
Iteration 249. I-divergence: 1423.88205972. MSE: 0.733835293782.
Iteration 250. I-divergence: 1423.57834133. MSE: 0.73367502902.
Iteration 251. I-divergence: 1423.27543083. MSE: 0.733515188232.
Iteration 252. I-divergence: 1422.97332946. MSE: 0.733355772132.
Iteration 253. I-divergence: 1422.67203839. MSE: 0.733196781399.
Iteration 254. I-divergence: 1422.37155872. MSE: 0.733038216679.
Iteration 255. I-divergence: 1422.07189149. MSE: 0.732880078581.
Iteration 256. I-divergence: 1421.77303767. MSE: 0.732722367682.
Iteration 257. I-divergence: 1421.47499818. MSE: 0.732565084523.
Iteration 258. I-divergence: 1421.17777386. MSE: 0.732408229613.
Iteration 259. I-divergence: 1420.8813655. MSE: 0.732251803425.
Iteration 260. I-divergence: 1420.58577382. MSE: 0.732095806397.
Iteration 261. I-divergence: 1420.29099946. MSE: 0.731940238936.
Iteration 262. I-divergence: 1419.99704302. MSE: 0.731785101411.
Iteration 263. I-divergence: 1419.70390504. MSE: 0.731630394161.
Iteration 264. I-divergence: 1419.41158596. MSE: 0.731476117489.
Iteration 265. I-divergence: 1419.1200862. MSE: 0.731322271664.
Iteration 266. I-divergence: 1418.82940609. MSE: 0.731168856923.
Iteration 267. I-divergence: 1418.53954592. MSE: 0.731015873467.
Iteration 268. I-divergence: 1418.25050588. MSE: 0.730863321467.
Iteration 269. I-divergence: 1417.96228613. MSE: 0.730711201057.
Iteration 270. I-divergence: 1417.67488677. MSE: 0.730559512341.
Iteration 271. I-divergence: 1417.38830782. MSE: 0.730408255388.
Iteration 272. I-divergence: 1417.10254925. MSE: 0.730257430236.
Iteration 273. I-divergence: 1416.81761096. MSE: 0.730107036887.
Iteration 274. I-divergence: 1416.5334928. MSE: 0.729957075315.
Iteration 275. I-divergence: 1416.25019455. MSE: 0.729807545457.
Iteration 276. I-divergence: 1415.96771594. MSE: 0.729658447223.
Iteration 277. I-divergence: 1415.68605663. MSE: 0.729509780486.
Iteration 278. I-divergence: 1415.40521623. MSE: 0.729361545091.
Iteration 279. I-divergence: 1415.12519429. MSE: 0.729213740848.
Iteration 280. I-divergence: 1414.84599029. MSE: 0.729066367539.
Iteration 281. I-divergence: 1414.56760367. MSE: 0.728919424913.
Iteration 282. I-divergence: 1414.29003381. MSE: 0.728772912688.
Iteration 283. I-divergence: 1414.01328001. MSE: 0.728626830552.
Iteration 284. I-divergence: 1413.73734153. MSE: 0.728481178161.
Iteration 285. I-divergence: 1413.46221758. MSE: 0.728335955143.
Iteration 286. I-divergence: 1413.18790732. MSE: 0.728191161095.
Iteration 287. I-divergence: 1412.91440982. MSE: 0.728046795582.
Iteration 288. I-divergence: 1412.64172413. MSE: 0.727902858144.
Iteration 289. I-divergence: 1412.36984923. MSE: 0.727759348287.
Iteration 290. I-divergence: 1412.09878405. MSE: 0.72761626549.
Iteration 291. I-divergence: 1411.82852747. MSE: 0.727473609205.
Iteration 292. I-divergence: 1411.5590783. MSE: 0.727331378852.
Iteration 293. I-divergence: 1411.29043533. MSE: 0.727189573825.
Iteration 294. I-divergence: 1411.02259726. MSE: 0.72704819349.
Iteration 295. I-divergence: 1410.75556277. MSE: 0.726907237184.
Iteration 296. I-divergence: 1410.48933048. MSE: 0.726766704216.
Iteration 297. I-divergence: 1410.22389894. MSE: 0.726626593872.
Iteration 298. I-divergence: 1409.95926669. MSE: 0.726486905406.
Iteration 299. I-divergence: 1409.69543217. MSE: 0.726347638048.
Iteration 300. I-divergence: 1409.43239383. MSE: 0.726208791002.
Iteration 301. I-divergence: 1409.17015002. MSE: 0.726070363445.
Iteration 302. I-divergence: 1408.90869907. MSE: 0.725932354529.
Iteration 303. I-divergence: 1408.64803927. MSE: 0.72579476338.
Iteration 304. I-divergence: 1408.38816883. MSE: 0.7256575891.
Iteration 305. I-divergence: 1408.12908595. MSE: 0.725520830764.
Iteration 306. I-divergence: 1407.87078877. MSE: 0.725384487425.
Iteration 307. I-divergence: 1407.61327537. MSE: 0.725248558111.
Iteration 308. I-divergence: 1407.35654383. MSE: 0.725113041826.
Iteration 309. I-divergence: 1407.10059214. MSE: 0.72497793755.
Iteration 310. I-divergence: 1406.84541827. MSE: 0.724843244241.
Iteration 311. I-divergence: 1406.59102015. MSE: 0.724708960833.
Iteration 312. I-divergence: 1406.33739565. MSE: 0.724575086238.
Iteration 313. I-divergence: 1406.08454263. MSE: 0.724441619346.
Iteration 314. I-divergence: 1405.83245888. MSE: 0.724308559025.
Iteration 315. I-divergence: 1405.58114217. MSE: 0.72417590412.
Iteration 316. I-divergence: 1405.33059022. MSE: 0.724043653458.
Iteration 317. I-divergence: 1405.08080072. MSE: 0.723911805841.
Iteration 318. I-divergence: 1404.83177131. MSE: 0.723780360055.
Iteration 319. I-divergence: 1404.58349961. MSE: 0.723649314861.
Iteration 320. I-divergence: 1404.33598318. MSE: 0.723518669003.
Iteration 321. I-divergence: 1404.08921957. MSE: 0.723388421206.
Iteration 322. I-divergence: 1403.84320629. MSE: 0.723258570173.
Iteration 323. I-divergence: 1403.5979408. MSE: 0.723129114591.
Iteration 324. I-divergence: 1403.35342053. MSE: 0.723000053126.
Iteration 325. I-divergence: 1403.10964289. MSE: 0.722871384428.
Iteration 326. I-divergence: 1402.86660525. MSE: 0.722743107128.
Iteration 327. I-divergence: 1402.62430494. MSE: 0.722615219838.
Iteration 328. I-divergence: 1402.38273928. MSE: 0.722487721156.
Iteration 329. I-divergence: 1402.14190553. MSE: 0.722360609661.
Iteration 330. I-divergence: 1401.90180095. MSE: 0.722233883915.
Iteration 331. I-divergence: 1401.66242274. MSE: 0.722107542465.
Iteration 332. I-divergence: 1401.4237681. MSE: 0.721981583842.
Iteration 333. I-divergence: 1401.18583419. MSE: 0.721856006561.
Iteration 334. I-divergence: 1400.94861813. MSE: 0.721730809123.
Iteration 335. I-divergence: 1400.71211703. MSE: 0.721605990013.
Iteration 336. I-divergence: 1400.47632797. MSE: 0.7214815477.
Iteration 337. I-divergence: 1400.241248. MSE: 0.721357480643.
Iteration 338. I-divergence: 1400.00687415. MSE: 0.721233787283.
Iteration 339. I-divergence: 1399.77320342. MSE: 0.72111046605.
Iteration 340. I-divergence: 1399.54023279. MSE: 0.72098751536.
Iteration 341. I-divergence: 1399.30795923. MSE: 0.720864933615.
Iteration 342. I-divergence: 1399.07637965. MSE: 0.720742719207.
Iteration 343. I-divergence: 1398.84549098. MSE: 0.720620870515.
Iteration 344. I-divergence: 1398.6152901. MSE: 0.720499385903.
Iteration 345. I-divergence: 1398.38577388. MSE: 0.720378263729.
Iteration 346. I-divergence: 1398.15693918. MSE: 0.720257502335.
Iteration 347. I-divergence: 1397.92878282. MSE: 0.720137100054.
Iteration 348. I-divergence: 1397.70130161. MSE: 0.72001705521.
Iteration 349. I-divergence: 1397.47449236. MSE: 0.719897366113.
Iteration 350. I-divergence: 1397.24835182. MSE: 0.719778031067.
Iteration 351. I-divergence: 1397.02287677. MSE: 0.719659048364.
Iteration 352. I-divergence: 1396.79806393. MSE: 0.719540416288.
Iteration 353. I-divergence: 1396.57391004. MSE: 0.719422133112.
Iteration 354. I-divergence: 1396.35041182. MSE: 0.719304197103.
Iteration 355. I-divergence: 1396.12756594. MSE: 0.719186606518.
Iteration 356. I-divergence: 1395.9053691. MSE: 0.719069359607.
Iteration 357. I-divergence: 1395.68381795. MSE: 0.718952454611.
Iteration 358. I-divergence: 1395.46290917. MSE: 0.718835889764.
Iteration 359. I-divergence: 1395.24263938. MSE: 0.718719663294.
Iteration 360. I-divergence: 1395.02300522. MSE: 0.718603773422.
Iteration 361. I-divergence: 1394.8040033. MSE: 0.71848821836.
Iteration 362. I-divergence: 1394.58563024. MSE: 0.718372996316.
Iteration 363. I-divergence: 1394.36788262. MSE: 0.718258105493.
Iteration 364. I-divergence: 1394.15075705. MSE: 0.718143544087.
Iteration 365. I-divergence: 1393.93425009. MSE: 0.718029310287.
Iteration 366. I-divergence: 1393.71835832. MSE: 0.717915402281.
Iteration 367. I-divergence: 1393.50307829. MSE: 0.717801818249.
Iteration 368. I-divergence: 1393.28840656. MSE: 0.717688556367.
Iteration 369. I-divergence: 1393.07433968. MSE: 0.717575614808.
Iteration 370. I-divergence: 1392.86087419. MSE: 0.71746299174.
Iteration 371. I-divergence: 1392.64800662. MSE: 0.717350685329.
Iteration 372. I-divergence: 1392.4357335. MSE: 0.717238693735.
Iteration 373. I-divergence: 1392.22405135. MSE: 0.717127015118.
Iteration 374. I-divergence: 1392.01295669. MSE: 0.717015647632.
Iteration 375. I-divergence: 1391.80244603. MSE: 0.716904589432.
Iteration 376. I-divergence: 1391.59251589. MSE: 0.716793838667.
Iteration 377. I-divergence: 1391.38316278. MSE: 0.716683393486.
Iteration 378. I-divergence: 1391.17438319. MSE: 0.716573252038.
Iteration 379. I-divergence: 1390.96617364. MSE: 0.716463412466.
Iteration 380. I-divergence: 1390.75853062. MSE: 0.716353872917.
Iteration 381. I-divergence: 1390.55145063. MSE: 0.716244631533.
Iteration 382. I-divergence: 1390.34493017. MSE: 0.716135686456.
Iteration 383. I-divergence: 1390.13896574. MSE: 0.71602703583.
Iteration 384. I-divergence: 1389.93355385. MSE: 0.715918677795.
Iteration 385. I-divergence: 1389.72869098. MSE: 0.715810610495.
Iteration 386. I-divergence: 1389.52437364. MSE: 0.715702832072.
Iteration 387. I-divergence: 1389.32059833. MSE: 0.715595340668.
Iteration 388. I-divergence: 1389.11736156. MSE: 0.715488134426.
Iteration 389. I-divergence: 1388.91465983. MSE: 0.715381211493.
Iteration 390. I-divergence: 1388.71248965. MSE: 0.715274570012.
Iteration 391. I-divergence: 1388.51084754. MSE: 0.715168208132.
Iteration 392. I-divergence: 1388.30973. MSE: 0.715062124001.
Iteration 393. I-divergence: 1388.10913356. MSE: 0.71495631577.
Iteration 394. I-divergence: 1387.90905474. MSE: 0.714850781592.
Iteration 395. I-divergence: 1387.70949008. MSE: 0.714745519621.
Iteration 396. I-divergence: 1387.51043609. MSE: 0.714640528017.
Iteration 397. I-divergence: 1387.31188934. MSE: 0.714535804939.
Iteration 398. I-divergence: 1387.11384635. MSE: 0.71443134855.
Iteration 399. I-divergence: 1386.91630369. MSE: 0.714327157017.
Iteration 400. I-divergence: 1386.7192579. MSE: 0.714223228511.
Iteration 401. I-divergence: 1386.52270556. MSE: 0.714119561205.
Iteration 402. I-divergence: 1386.32664324. MSE: 0.714016153276.
Iteration 403. I-divergence: 1386.13106753. MSE: 0.713913002906.
Iteration 404. I-divergence: 1385.935975. MSE: 0.71381010828.
Iteration 405. I-divergence: 1385.74136225. MSE: 0.713707467589.
Iteration 406. I-divergence: 1385.5472259. MSE: 0.713605079026.
Iteration 407. I-divergence: 1385.35356257. MSE: 0.713502940791.
Iteration 408. I-divergence: 1385.16036886. MSE: 0.713401051089.
Iteration 409. I-divergence: 1384.96764143. MSE: 0.713299408128.
Iteration 410. I-divergence: 1384.77537691. MSE: 0.713198010125.
Iteration 411. I-divergence: 1384.58357196. MSE: 0.713096855298.
Iteration 412. I-divergence: 1384.39222325. MSE: 0.712995941873.
Iteration 413. I-divergence: 1384.20132746. MSE: 0.712895268084.
Iteration 414. I-divergence: 1384.01088127. MSE: 0.712794832166.
Iteration 415. I-divergence: 1383.82088139. MSE: 0.712694632365.
Iteration 416. I-divergence: 1383.63132453. MSE: 0.712594666931.
Iteration 417. I-divergence: 1383.44220742. MSE: 0.712494934121.
Iteration 418. I-divergence: 1383.2535268. MSE: 0.712395432197.
Iteration 419. I-divergence: 1383.06527941. MSE: 0.712296159432.
Iteration 420. I-divergence: 1382.87746203. MSE: 0.712197114102.
Iteration 421. I-divergence: 1382.69007143. MSE: 0.712098294492.
Iteration 422. I-divergence: 1382.50310441. MSE: 0.711999698895.
Iteration 423. I-divergence: 1382.31655777. MSE: 0.711901325609.
Iteration 424. I-divergence: 1382.13042833. MSE: 0.711803172942.
Iteration 425. I-divergence: 1381.94471293. MSE: 0.711705239209.
Iteration 426. I-divergence: 1381.75940842. MSE: 0.711607522733.
Iteration 427. I-divergence: 1381.57451167. MSE: 0.711510021846.
Iteration 428. I-divergence: 1381.39001956. MSE: 0.711412734885.
Iteration 429. I-divergence: 1381.20592899. MSE: 0.711315660199.
Iteration 430. I-divergence: 1381.02223687. MSE: 0.711218796145.
Iteration 431. I-divergence: 1380.83894013. MSE: 0.711122141086.
Iteration 432. I-divergence: 1380.65603571. MSE: 0.711025693398.
Iteration 433. I-divergence: 1380.47352059. MSE: 0.710929451461.
Iteration 434. I-divergence: 1380.29139174. MSE: 0.710833413669.
Iteration 435. I-divergence: 1380.10964616. MSE: 0.710737578421.
Iteration 436. I-divergence: 1379.92828087. MSE: 0.710641944128.
Iteration 437. I-divergence: 1379.74729289. MSE: 0.71054650921.
Iteration 438. I-divergence: 1379.56667928. MSE: 0.710451272095.
Iteration 439. I-divergence: 1379.38643711. MSE: 0.710356231223.
Iteration 440. I-divergence: 1379.20656347. MSE: 0.710261385042.
Iteration 441. I-divergence: 1379.02705546. MSE: 0.710166732011.
Iteration 442. I-divergence: 1378.8479102. MSE: 0.710072270598.
Iteration 443. I-divergence: 1378.66912485. MSE: 0.709977999283.
Iteration 444. I-divergence: 1378.49069656. MSE: 0.709883916555.
Iteration 445. I-divergence: 1378.31262251. MSE: 0.709790020912.
Iteration 446. I-divergence: 1378.13489992. MSE: 0.709696310866.
Iteration 447. I-divergence: 1377.957526. MSE: 0.709602784936.
Iteration 448. I-divergence: 1377.78049799. MSE: 0.709509441655.
Iteration 449. I-divergence: 1377.60381316. MSE: 0.709416279565.
Iteration 450. I-divergence: 1377.42746878. MSE: 0.709323297218.
Iteration 451. I-divergence: 1377.25146218. MSE: 0.709230493179.
Iteration 452. I-divergence: 1377.07579065. MSE: 0.709137866023.
Iteration 453. I-divergence: 1376.90045157. MSE: 0.709045414337.
Iteration 454. I-divergence: 1376.72544228. MSE: 0.708953136719.
Iteration 455. I-divergence: 1376.55076018. MSE: 0.708861031779.
Iteration 456. I-divergence: 1376.37640268. MSE: 0.708769098137.
Iteration 457. I-divergence: 1376.20236721. MSE: 0.708677334426.
Iteration 458. I-divergence: 1376.02865122. MSE: 0.70858573929.
Iteration 459. I-divergence: 1375.85525219. MSE: 0.708494311385.
Iteration 460. I-divergence: 1375.68216761. MSE: 0.70840304938.
Iteration 461. I-divergence: 1375.50939501. MSE: 0.708311951954.
Iteration 462. I-divergence: 1375.33693192. MSE: 0.7082210178.
Iteration 463. I-divergence: 1375.16477592. MSE: 0.708130245622.
Iteration 464. I-divergence: 1374.99292459. MSE: 0.708039634137.
Iteration 465. I-divergence: 1374.82137553. MSE: 0.707949182072.
Iteration 466. I-divergence: 1374.6501264. MSE: 0.707858888171.
Iteration 467. I-divergence: 1374.47917483. MSE: 0.707768751186.
Iteration 468. I-divergence: 1374.30851852. MSE: 0.707678769884.
Iteration 469. I-divergence: 1374.13815517. MSE: 0.707588943044.
Iteration 470. I-divergence: 1373.9680825. MSE: 0.707499269458.
Iteration 471. I-divergence: 1373.79829826. MSE: 0.70740974793.
Iteration 472. I-divergence: 1373.62880024. MSE: 0.707320377278.
Iteration 473. I-divergence: 1373.45958623. MSE: 0.707231156332.
Iteration 474. I-divergence: 1373.29065406. MSE: 0.707142083936.
Iteration 475. I-divergence: 1373.12200158. MSE: 0.707053158947.
Iteration 476. I-divergence: 1372.95362665. MSE: 0.706964380233.
Iteration 477. I-divergence: 1372.78552718. MSE: 0.706875746678.
Iteration 478. I-divergence: 1372.61770109. MSE: 0.706787257179.
Iteration 479. I-divergence: 1372.45014632. MSE: 0.706698910644.
Iteration 480. I-divergence: 1372.28286085. MSE: 0.706610705997.
Iteration 481. I-divergence: 1372.11584268. MSE: 0.706522642175.
Iteration 482. I-divergence: 1371.94908982. MSE: 0.706434718126.
Iteration 483. I-divergence: 1371.78260033. MSE: 0.706346932816.
Iteration 484. I-divergence: 1371.61637227. MSE: 0.706259285221.
Iteration 485. I-divergence: 1371.45040376. MSE: 0.706171774332.
Iteration 486. I-divergence: 1371.28469291. MSE: 0.706084399154.
Iteration 487. I-divergence: 1371.11923786. MSE: 0.705997158706.
Iteration 488. I-divergence: 1370.95403681. MSE: 0.705910052021.
Iteration 489. I-divergence: 1370.78908794. MSE: 0.705823078143.
Iteration 490. I-divergence: 1370.6243895. MSE: 0.705736236135.
Iteration 491. I-divergence: 1370.45993972. MSE: 0.705649525071.
Iteration 492. I-divergence: 1370.29573689. MSE: 0.705562944038.
Iteration 493. I-divergence: 1370.13177932. MSE: 0.70547649214.
Iteration 494. I-divergence: 1369.96806534. MSE: 0.705390168494.
Iteration 495. I-divergence: 1369.80459331. MSE: 0.70530397223.
Iteration 496. I-divergence: 1369.64136162. MSE: 0.705217902493.
Iteration 497. I-divergence: 1369.47836867. MSE: 0.705131958444.
Iteration 498. I-divergence: 1369.3156129. MSE: 0.705046139256.
Iteration 499. I-divergence: 1369.15309279. MSE: 0.704960444117.
Iteration 500. I-divergence: 1368.99080682. MSE: 0.70487487223.
Iteration 501. I-divergence: 1368.82875351. MSE: 0.704789422812.
Iteration 502. I-divergence: 1368.66693141. MSE: 0.704704095094.
Iteration 503. I-divergence: 1368.50533909. MSE: 0.704618888323.
Iteration 504. I-divergence: 1368.34397515. MSE: 0.704533801759.
Iteration 505. I-divergence: 1368.18283821. MSE: 0.704448834677.
Iteration 506. I-divergence: 1368.02192694. MSE: 0.704363986367.
Iteration 507. I-divergence: 1367.86124001. MSE: 0.704279256133.
Iteration 508. I-divergence: 1367.70077613. MSE: 0.704194643294.
Iteration 509. I-divergence: 1367.54053404. MSE: 0.704110147183.
Iteration 510. I-divergence: 1367.3805125. MSE: 0.704025767149.
Iteration 511. I-divergence: 1367.2207103. MSE: 0.703941502555.
Iteration 512. I-divergence: 1367.06112626. MSE: 0.703857352779.
Iteration 513. I-divergence: 1366.90175922. MSE: 0.703773317212.
Iteration 514. I-divergence: 1366.74260805. MSE: 0.703689395262.
Iteration 515. I-divergence: 1366.58367166. MSE: 0.70360558635.
Iteration 516. I-divergence: 1366.42494898. MSE: 0.703521889914.
Iteration 517. I-divergence: 1366.26643895. MSE: 0.703438305404.
Iteration 518. I-divergence: 1366.10814056. MSE: 0.703354832288.
Iteration 519. I-divergence: 1365.95005281. MSE: 0.703271470045.
Iteration 520. I-divergence: 1365.79217476. MSE: 0.703188218171.
Iteration 521. I-divergence: 1365.63450546. MSE: 0.703105076177.
Iteration 522. I-divergence: 1365.47704399. MSE: 0.703022043588.
Iteration 523. I-divergence: 1365.3197895. MSE: 0.702939119944.
Iteration 524. I-divergence: 1365.16274111. MSE: 0.7028563048.
Iteration 525. I-divergence: 1365.00589801. MSE: 0.702773597726.
Iteration 526. I-divergence: 1364.84925939. MSE: 0.702690998305.
Iteration 527. I-divergence: 1364.69282449. MSE: 0.702608506137.
Iteration 528. I-divergence: 1364.53659257. MSE: 0.702526120836.
Iteration 529. I-divergence: 1364.3805629. MSE: 0.70244384203.
Iteration 530. I-divergence: 1364.2247348. MSE: 0.702361669362.
Iteration 531. I-divergence: 1364.06910761. MSE: 0.702279602491.
Iteration 532. I-divergence: 1363.9136807. MSE: 0.702197641088.
Iteration 533. I-divergence: 1363.75845345. MSE: 0.702115784842.
Iteration 534. I-divergence: 1363.6034253. MSE: 0.702034033453.
Iteration 535. I-divergence: 1363.44859568. MSE: 0.701952386638.
Iteration 536. I-divergence: 1363.29396407. MSE: 0.701870844128.
Iteration 537. I-divergence: 1363.13952998. MSE: 0.701789405669.
Iteration 538. I-divergence: 1362.98529294. MSE: 0.701708071021.
Iteration 539. I-divergence: 1362.83125249. MSE: 0.701626839957.
Iteration 540. I-divergence: 1362.67740823. MSE: 0.701545712267.
Iteration 541. I-divergence: 1362.52375975. MSE: 0.701464687754.
Iteration 542. I-divergence: 1362.37030671. MSE: 0.701383766235.
Iteration 543. I-divergence: 1362.21704876. MSE: 0.701302947542.
Iteration 544. I-divergence: 1362.06398559. MSE: 0.701222231521.
Iteration 545. I-divergence: 1361.91111692. MSE: 0.701141618032.
Iteration 546. I-divergence: 1361.75844248. MSE: 0.70106110695.
Iteration 547. I-divergence: 1361.60596205. MSE: 0.700980698163.
Iteration 548. I-divergence: 1361.45367543. MSE: 0.700900391572.
Iteration 549. I-divergence: 1361.30158243. MSE: 0.700820187096.
Iteration 550. I-divergence: 1361.14968289. MSE: 0.700740084662.
Iteration 551. I-divergence: 1360.9979767. MSE: 0.700660084216.
Iteration 552. I-divergence: 1360.84646374. MSE: 0.700580185716.
Iteration 553. I-divergence: 1360.69514395. MSE: 0.700500389132.
Iteration 554. I-divergence: 1360.54401727. MSE: 0.700420694449.
Iteration 555. I-divergence: 1360.39308367. MSE: 0.700341101667.
Iteration 556. I-divergence: 1360.24234316. MSE: 0.700261610797.
Iteration 557. I-divergence: 1360.09179575. MSE: 0.700182221864.
Iteration 558. I-divergence: 1359.94144149. MSE: 0.700102934906.
Iteration 559. I-divergence: 1359.79128047. MSE: 0.700023749976.
Iteration 560. I-divergence: 1359.64131277. MSE: 0.699944667139.
Iteration 561. I-divergence: 1359.49153853. MSE: 0.699865686471.
Iteration 562. I-divergence: 1359.34195787. MSE: 0.699786808064.
Iteration 563. I-divergence: 1359.19257098. MSE: 0.699708032021.
Iteration 564. I-divergence: 1359.04337805. MSE: 0.699629358459.
Iteration 565. I-divergence: 1358.89437929. MSE: 0.699550787505.
Iteration 566. I-divergence: 1358.74557495. MSE: 0.699472319302.
Iteration 567. I-divergence: 1358.59696529. MSE: 0.699393954003.
Iteration 568. I-divergence: 1358.44855059. MSE: 0.699315691774.
Iteration 569. I-divergence: 1358.30033117. MSE: 0.699237532792.
Iteration 570. I-divergence: 1358.15230735. MSE: 0.699159477247.
Iteration 571. I-divergence: 1358.0044795. MSE: 0.699081525342.
Iteration 572. I-divergence: 1357.85684798. MSE: 0.699003677291.
Iteration 573. I-divergence: 1357.70941319. MSE: 0.698925933317.
Iteration 574. I-divergence: 1357.56217556. MSE: 0.698848293659.
Iteration 575. I-divergence: 1357.41513552. MSE: 0.698770758563.
Iteration 576. I-divergence: 1357.26829354. MSE: 0.698693328291.
Iteration 577. I-divergence: 1357.1216501. MSE: 0.698616003111.
Iteration 578. I-divergence: 1356.97520569. MSE: 0.698538783306.
Iteration 579. I-divergence: 1356.82896085. MSE: 0.698461669167.
Iteration 580. I-divergence: 1356.68291612. MSE: 0.698384660998.
Iteration 581. I-divergence: 1356.53707206. MSE: 0.698307759112.
Iteration 582. I-divergence: 1356.39142925. MSE: 0.698230963832.
Iteration 583. I-divergence: 1356.24598829. MSE: 0.698154275493.
Iteration 584. I-divergence: 1356.10074981. MSE: 0.698077694438.
Iteration 585. I-divergence: 1355.95571444. MSE: 0.698001221021.
Iteration 586. I-divergence: 1355.81088284. MSE: 0.697924855606.
Iteration 587. I-divergence: 1355.66625568. MSE: 0.697848598566.
Iteration 588. I-divergence: 1355.52183366. MSE: 0.697772450283.
Iteration 589. I-divergence: 1355.37761749. MSE: 0.697696411148.
Iteration 590. I-divergence: 1355.2336079. MSE: 0.697620481563.
Iteration 591. I-divergence: 1355.08980562. MSE: 0.697544661937.
Iteration 592. I-divergence: 1354.94621142. MSE: 0.697468952688.
Iteration 593. I-divergence: 1354.80282608. MSE: 0.697393354243.
Iteration 594. I-divergence: 1354.65965038. MSE: 0.697317867036.
Iteration 595. I-divergence: 1354.51668513. MSE: 0.69724249151.
Iteration 596. I-divergence: 1354.37393115. MSE: 0.697167228117.
Iteration 597. I-divergence: 1354.23138929. MSE: 0.697092077316.
Iteration 598. I-divergence: 1354.08906039. MSE: 0.697017039571.
Iteration 599. I-divergence: 1353.94694531. MSE: 0.696942115357.
Iteration 600. I-divergence: 1353.80504494. MSE: 0.696867305155.
Iteration 601. I-divergence: 1353.66336016. MSE: 0.696792609451.
Iteration 602. I-divergence: 1353.52189188. MSE: 0.696718028741.
Iteration 603. I-divergence: 1353.38064101. MSE: 0.696643563525.
Iteration 604. I-divergence: 1353.23960849. MSE: 0.696569214311.
Iteration 605. I-divergence: 1353.09879525. MSE: 0.69649498161.
Iteration 606. I-divergence: 1352.95820225. MSE: 0.696420865944.
Iteration 607. I-divergence: 1352.81783044. MSE: 0.696346867836.
Iteration 608. I-divergence: 1352.6776808. MSE: 0.696272987816.
Iteration 609. I-divergence: 1352.53775431. MSE: 0.696199226421.
Iteration 610. I-divergence: 1352.39805196. MSE: 0.69612558419.
Iteration 611. I-divergence: 1352.25857476. MSE: 0.69605206167.
Iteration 612. I-divergence: 1352.11932371. MSE: 0.69597865941.
Iteration 613. I-divergence: 1351.98029984. MSE: 0.695905377964.
Iteration 614. I-divergence: 1351.84150416. MSE: 0.695832217892.
Iteration 615. I-divergence: 1351.70293772. MSE: 0.695759179755.
Iteration 616. I-divergence: 1351.56460155. MSE: 0.695686264119.
Iteration 617. I-divergence: 1351.42649671. MSE: 0.695613471555.
Iteration 618. I-divergence: 1351.28862424. MSE: 0.695540802634.
Iteration 619. I-divergence: 1351.15098521. MSE: 0.695468257934.
Iteration 620. I-divergence: 1351.01358068. MSE: 0.695395838032.
Iteration 621. I-divergence: 1350.87641173. MSE: 0.69532354351.
Iteration 622. I-divergence: 1350.73947943. MSE: 0.695251374952.
Iteration 623. I-divergence: 1350.60278485. MSE: 0.695179332942.
Iteration 624. I-divergence: 1350.46632909. MSE: 0.695107418069.
Iteration 625. I-divergence: 1350.33011323. MSE: 0.695035630922.
Iteration 626. I-divergence: 1350.19413836. MSE: 0.694963972091.
Iteration 627. I-divergence: 1350.05840558. MSE: 0.694892442168.
Iteration 628. I-divergence: 1349.92291596. MSE: 0.694821041746.
Iteration 629. I-divergence: 1349.78767063. MSE: 0.694749771418.
Iteration 630. I-divergence: 1349.65267066. MSE: 0.694678631777.
Iteration 631. I-divergence: 1349.51791715. MSE: 0.694607623419.
Iteration 632. I-divergence: 1349.38341122. MSE: 0.694536746937.
Iteration 633. I-divergence: 1349.24915395. MSE: 0.694466002925.
Iteration 634. I-divergence: 1349.11514644. MSE: 0.694395391977.
Iteration 635. I-divergence: 1348.98138978. MSE: 0.694324914685.
Iteration 636. I-divergence: 1348.84788509. MSE: 0.694254571641.
Iteration 637. I-divergence: 1348.71463344. MSE: 0.694184363437.
Iteration 638. I-divergence: 1348.58163593. MSE: 0.69411429066.
Iteration 639. I-divergence: 1348.44889365. MSE: 0.6940443539.
Iteration 640. I-divergence: 1348.31640768. MSE: 0.693974553742.
Iteration 641. I-divergence: 1348.18417911. MSE: 0.69390489077.
Iteration 642. I-divergence: 1348.05220902. MSE: 0.693835365566.
Iteration 643. I-divergence: 1347.92049847. MSE: 0.693765978709.
Iteration 644. I-divergence: 1347.78904855. MSE: 0.693696730775.
Iteration 645. I-divergence: 1347.65786031. MSE: 0.693627622338.
Iteration 646. I-divergence: 1347.52693481. MSE: 0.693558653969.
Iteration 647. I-divergence: 1347.3962731. MSE: 0.693489826234.
Iteration 648. I-divergence: 1347.26587624. MSE: 0.693421139697.
Iteration 649. I-divergence: 1347.13574526. MSE: 0.693352594919.
Iteration 650. I-divergence: 1347.0058812. MSE: 0.693284192453.
Iteration 651. I-divergence: 1346.87628507. MSE: 0.693215932853.
Iteration 652. I-divergence: 1346.74695791. MSE: 0.693147816665.
Iteration 653. I-divergence: 1346.61790071. MSE: 0.693079844432.
Iteration 654. I-divergence: 1346.48911449. MSE: 0.693012016691.
Iteration 655. I-divergence: 1346.36060022. MSE: 0.692944333976.
Iteration 656. I-divergence: 1346.2323589. MSE: 0.692876796814.
Iteration 657. I-divergence: 1346.10439149. MSE: 0.692809405726.
Iteration 658. I-divergence: 1345.97669896. MSE: 0.69274216123.
Iteration 659. I-divergence: 1345.84928227. MSE: 0.692675063836.
Iteration 660. I-divergence: 1345.72214234. MSE: 0.69260811405.
Iteration 661. I-divergence: 1345.59528012. MSE: 0.692541312369.
Iteration 662. I-divergence: 1345.46869653. MSE: 0.692474659287.
Iteration 663. I-divergence: 1345.34239246. MSE: 0.692408155289.
Iteration 664. I-divergence: 1345.21636882. MSE: 0.692341800855.
Iteration 665. I-divergence: 1345.09062649. MSE: 0.692275596456.
Iteration 666. I-divergence: 1344.96516634. MSE: 0.692209542559.
Iteration 667. I-divergence: 1344.83998923. MSE: 0.692143639622.
Iteration 668. I-divergence: 1344.715096. MSE: 0.692077888095.
Iteration 669. I-divergence: 1344.59048748. MSE: 0.692012288422.
Iteration 670. I-divergence: 1344.46616448. MSE: 0.69194684104.
Iteration 671. I-divergence: 1344.34212782. MSE: 0.691881546375.
Iteration 672. I-divergence: 1344.21837828. MSE: 0.691816404849.
Iteration 673. I-divergence: 1344.09491663. MSE: 0.691751416873.
Iteration 674. I-divergence: 1343.97174362. MSE: 0.691686582852.
Iteration 675. I-divergence: 1343.84886002. MSE: 0.691621903181.
Iteration 676. I-divergence: 1343.72626653. MSE: 0.691557378247.
Iteration 677. I-divergence: 1343.60396388. MSE: 0.691493008429.
Iteration 678. I-divergence: 1343.48195276. MSE: 0.691428794096.
Iteration 679. I-divergence: 1343.36023385. MSE: 0.691364735611.
Iteration 680. I-divergence: 1343.23880781. MSE: 0.691300833324.
Iteration 681. I-divergence: 1343.1176753. MSE: 0.69123708758.
Iteration 682. I-divergence: 1342.99683694. MSE: 0.691173498711.
Iteration 683. I-divergence: 1342.87629334. MSE: 0.691110067044.
Iteration 684. I-divergence: 1342.75604511. MSE: 0.691046792892.
Iteration 685. I-divergence: 1342.63609282. MSE: 0.690983676563.
Iteration 686. I-divergence: 1342.51643703. MSE: 0.690920718353.
Iteration 687. I-divergence: 1342.39707829. MSE: 0.690857918547.
Iteration 688. I-divergence: 1342.27801713. MSE: 0.690795277425.
Iteration 689. I-divergence: 1342.15925405. MSE: 0.690732795252.
Iteration 690. I-divergence: 1342.04078955. MSE: 0.690670472287.
Iteration 691. I-divergence: 1341.92262409. MSE: 0.690608308778.
Iteration 692. I-divergence: 1341.80475813. MSE: 0.690546304961.
Iteration 693. I-divergence: 1341.68719211. MSE: 0.690484461064.
Iteration 694. I-divergence: 1341.56992644. MSE: 0.690422777306.
Iteration 695. I-divergence: 1341.45296153. MSE: 0.690361253893.
Iteration 696. I-divergence: 1341.33629775. MSE: 0.690299891024.
Iteration 697. I-divergence: 1341.21993546. MSE: 0.690238688884.
Iteration 698. I-divergence: 1341.103875. MSE: 0.690177647652.
Iteration 699. I-divergence: 1340.98811671. MSE: 0.690116767492.
Iteration 700. I-divergence: 1340.87266088. MSE: 0.690056048563.
Iteration 701. I-divergence: 1340.75750779. MSE: 0.689995491009.
Iteration 702. I-divergence: 1340.64265772. MSE: 0.689935094966.
Iteration 703. I-divergence: 1340.52811092. MSE: 0.68987486056.
Iteration 704. I-divergence: 1340.4138676. MSE: 0.689814787904.
Iteration 705. I-divergence: 1340.29992798. MSE: 0.689754877104.
Iteration 706. I-divergence: 1340.18629225. MSE: 0.689695128254.
Iteration 707. I-divergence: 1340.07296058. MSE: 0.689635541437.
Iteration 708. I-divergence: 1339.95993312. MSE: 0.689576116726.
Iteration 709. I-divergence: 1339.84721. MSE: 0.689516854184.
Iteration 710. I-divergence: 1339.73479134. MSE: 0.689457753864.
Iteration 711. I-divergence: 1339.62267722. MSE: 0.689398815807.
Iteration 712. I-divergence: 1339.51086773. MSE: 0.689340040046.
Iteration 713. I-divergence: 1339.39936291. MSE: 0.689281426601.
Iteration 714. I-divergence: 1339.28816282. MSE: 0.689222975484.
Iteration 715. I-divergence: 1339.17726745. MSE: 0.689164686696.
Iteration 716. I-divergence: 1339.06667682. MSE: 0.689106560227.
Iteration 717. I-divergence: 1338.9563909. MSE: 0.689048596058.
Iteration 718. I-divergence: 1338.84640965. MSE: 0.688990794159.
Iteration 719. I-divergence: 1338.73673301. MSE: 0.688933154489.
Iteration 720. I-divergence: 1338.62736092. MSE: 0.688875677.
Iteration 721. I-divergence: 1338.51829326. MSE: 0.688818361631.
Iteration 722. I-divergence: 1338.40952994. MSE: 0.688761208313.
Iteration 723. I-divergence: 1338.30107082. MSE: 0.688704216965.
Iteration 724. I-divergence: 1338.19291574. MSE: 0.688647387498.
Iteration 725. I-divergence: 1338.08506455. MSE: 0.688590719812.
Iteration 726. I-divergence: 1337.97751705. MSE: 0.688534213799.
Iteration 727. I-divergence: 1337.87027304. MSE: 0.68847786934.
Iteration 728. I-divergence: 1337.7633323. MSE: 0.688421686305.
Iteration 729. I-divergence: 1337.65669458. MSE: 0.688365664558.
Iteration 730. I-divergence: 1337.55035964. MSE: 0.688309803952.
Iteration 731. I-divergence: 1337.4443272. MSE: 0.688254104328.
Iteration 732. I-divergence: 1337.33859696. MSE: 0.688198565523.
Iteration 733. I-divergence: 1337.23316863. MSE: 0.68814318736.
Iteration 734. I-divergence: 1337.12804186. MSE: 0.688087969656.
Iteration 735. I-divergence: 1337.02321632. MSE: 0.688032912217.
Iteration 736. I-divergence: 1336.91869166. MSE: 0.687978014841.
Iteration 737. I-divergence: 1336.81446749. MSE: 0.687923277318.
Iteration 738. I-divergence: 1336.71054343. MSE: 0.687868699429.
Iteration 739. I-divergence: 1336.60691907. MSE: 0.687814280944.
Iteration 740. I-divergence: 1336.50359397. MSE: 0.687760021627.
Iteration 741. I-divergence: 1336.40056772. MSE: 0.687705921234.
Iteration 742. I-divergence: 1336.29783984. MSE: 0.68765197951.
Iteration 743. I-divergence: 1336.19540988. MSE: 0.687598196194.
Iteration 744. I-divergence: 1336.09327734. MSE: 0.687544571017.
Iteration 745. I-divergence: 1335.99144173. MSE: 0.687491103701.
Iteration 746. I-divergence: 1335.88990253. MSE: 0.68743779396.
Iteration 747. I-divergence: 1335.78865921. MSE: 0.687384641501.
Iteration 748. I-divergence: 1335.68771124. MSE: 0.687331646022.
Iteration 749. I-divergence: 1335.58705804. MSE: 0.687278807216.
Iteration 750. I-divergence: 1335.48669905. MSE: 0.687226124767.
Iteration 751. I-divergence: 1335.38663369. MSE: 0.687173598351.
Iteration 752. I-divergence: 1335.28686136. MSE: 0.687121227638.
Iteration 753. I-divergence: 1335.18738144. MSE: 0.68706901229.
Iteration 754. I-divergence: 1335.08819331. MSE: 0.687016951963.
Iteration 755. I-divergence: 1334.98929634. MSE: 0.686965046306.
Iteration 756. I-divergence: 1334.89068986. MSE: 0.68691329496.
Iteration 757. I-divergence: 1334.79237323. MSE: 0.686861697562.
Iteration 758. I-divergence: 1334.69434576. MSE: 0.68681025374.
Iteration 759. I-divergence: 1334.59660677. MSE: 0.686758963116.
Iteration 760. I-divergence: 1334.49915556. MSE: 0.686707825307.
Iteration 761. I-divergence: 1334.40199142. MSE: 0.686656839924.
Iteration 762. I-divergence: 1334.30511363. MSE: 0.686606006571.
Iteration 763. I-divergence: 1334.20852145. MSE: 0.686555324846.
Iteration 764. I-divergence: 1334.11221415. MSE: 0.686504794342.
Iteration 765. I-divergence: 1334.01619097. MSE: 0.686454414646.
Iteration 766. I-divergence: 1333.92045115. MSE: 0.68640418534.
Iteration 767. I-divergence: 1333.82499391. MSE: 0.686354106001.
Iteration 768. I-divergence: 1333.72981847. MSE: 0.6863041762.
Iteration 769. I-divergence: 1333.63492403. MSE: 0.686254395502.
Iteration 770. I-divergence: 1333.5403098. MSE: 0.686204763469.
Iteration 771. I-divergence: 1333.44597496. MSE: 0.686155279657.
Iteration 772. I-divergence: 1333.35191869. MSE: 0.686105943618.
Iteration 773. I-divergence: 1333.25814016. MSE: 0.686056754898.
Iteration 774. I-divergence: 1333.16463854. MSE: 0.686007713041.
Iteration 775. I-divergence: 1333.07141297. MSE: 0.685958817584.
Iteration 776. I-divergence: 1332.9784626. MSE: 0.685910068061.
Iteration 777. I-divergence: 1332.88578657. MSE: 0.685861464002.
Iteration 778. I-divergence: 1332.79338401. MSE: 0.685813004932.
Iteration 779. I-divergence: 1332.70125404. MSE: 0.685764690375.
Iteration 780. I-divergence: 1332.60939578. MSE: 0.685716519848.
Iteration 781. I-divergence: 1332.51780834. MSE: 0.685668492865.
Iteration 782. I-divergence: 1332.42649081. MSE: 0.685620608938.
Iteration 783. I-divergence: 1332.3354423. MSE: 0.685572867575.
Iteration 784. I-divergence: 1332.24466189. MSE: 0.68552526828.
Iteration 785. I-divergence: 1332.15414867. MSE: 0.685477810555.
Iteration 786. I-divergence: 1332.06390171. MSE: 0.685430493897.
Iteration 787. I-divergence: 1331.97392008. MSE: 0.685383317802.
Iteration 788. I-divergence: 1331.88420286. MSE: 0.685336281764.
Iteration 789. I-divergence: 1331.7947491. MSE: 0.685289385271.
Iteration 790. I-divergence: 1331.70555786. MSE: 0.685242627811.
Iteration 791. I-divergence: 1331.61662818. MSE: 0.685196008869.
Iteration 792. I-divergence: 1331.52795912. MSE: 0.685149527927.
Iteration 793. I-divergence: 1331.43954972. MSE: 0.685103184467.
Iteration 794. I-divergence: 1331.35139902. MSE: 0.685056977965.
Iteration 795. I-divergence: 1331.26350604. MSE: 0.685010907898.
Iteration 796. I-divergence: 1331.17586983. MSE: 0.684964973741.
Iteration 797. I-divergence: 1331.0884894. MSE: 0.684919174966.
Iteration 798. I-divergence: 1331.00136378. MSE: 0.684873511042.
Iteration 799. I-divergence: 1330.914492. MSE: 0.68482798144.
Iteration 800. I-divergence: 1330.82787306. MSE: 0.684782585627.
Iteration 801. I-divergence: 1330.74150597. MSE: 0.68473732307.
Iteration 802. I-divergence: 1330.65538976. MSE: 0.684692193232.
Iteration 803. I-divergence: 1330.56952343. MSE: 0.684647195577.
Iteration 804. I-divergence: 1330.48390599. MSE: 0.684602329568.
Iteration 805. I-divergence: 1330.39853644. MSE: 0.684557594667.
Iteration 806. I-divergence: 1330.31341378. MSE: 0.684512990333.
Iteration 807. I-divergence: 1330.22853702. MSE: 0.684468516027.
Iteration 808. I-divergence: 1330.14390515. MSE: 0.684424171207.
Iteration 809. I-divergence: 1330.05951717. MSE: 0.684379955331.
Iteration 810. I-divergence: 1329.97537207. MSE: 0.684335867858.
Iteration 811. I-divergence: 1329.89146886. MSE: 0.684291908243.
Iteration 812. I-divergence: 1329.80780652. MSE: 0.684248075945.
Iteration 813. I-divergence: 1329.72438405. MSE: 0.684204370419.
Iteration 814. I-divergence: 1329.64120044. MSE: 0.684160791121.
Iteration 815. I-divergence: 1329.55825468. MSE: 0.684117337507.
Iteration 816. I-divergence: 1329.47554576. MSE: 0.684074009034.
Iteration 817. I-divergence: 1329.39307268. MSE: 0.684030805156.
Iteration 818. I-divergence: 1329.31083443. MSE: 0.683987725331.
Iteration 819. I-divergence: 1329.22882999. MSE: 0.683944769013.
Iteration 820. I-divergence: 1329.14705835. MSE: 0.683901935659.
Iteration 821. I-divergence: 1329.06551852. MSE: 0.683859224726.
Iteration 822. I-divergence: 1328.98420948. MSE: 0.68381663567.
Iteration 823. I-divergence: 1328.90313022. MSE: 0.683774167949.
Iteration 824. I-divergence: 1328.82227973. MSE: 0.68373182102.
Iteration 825. I-divergence: 1328.74165702. MSE: 0.683689594342.
Iteration 826. I-divergence: 1328.66126107. MSE: 0.683647487374.
Iteration 827. I-divergence: 1328.58109088. MSE: 0.683605499574.
Iteration 828. I-divergence: 1328.50114545. MSE: 0.683563630404.
Iteration 829. I-divergence: 1328.42142377. MSE: 0.683521879325.
Iteration 830. I-divergence: 1328.34192485. MSE: 0.683480245798.
Iteration 831. I-divergence: 1328.26264768. MSE: 0.683438729286.
Iteration 832. I-divergence: 1328.18359127. MSE: 0.683397329253.
Iteration 833. I-divergence: 1328.10475463. MSE: 0.683356045164.
Iteration 834. I-divergence: 1328.02613675. MSE: 0.683314876485.
Iteration 835. I-divergence: 1327.94773665. MSE: 0.683273822682.
Iteration 836. I-divergence: 1327.86955334. MSE: 0.683232883225.
Iteration 837. I-divergence: 1327.79158582. MSE: 0.683192057581.
Iteration 838. I-divergence: 1327.71383312. MSE: 0.683151345223.
Iteration 839. I-divergence: 1327.63629424. MSE: 0.683110745622.
Iteration 840. I-divergence: 1327.55896821. MSE: 0.683070258251.
Iteration 841. I-divergence: 1327.48185405. MSE: 0.683029882585.
Iteration 842. I-divergence: 1327.40495079. MSE: 0.682989618101.
Iteration 843. I-divergence: 1327.32825744. MSE: 0.682949464275.
Iteration 844. I-divergence: 1327.25177304. MSE: 0.682909420588.
Iteration 845. I-divergence: 1327.17549661. MSE: 0.682869486519.
Iteration 846. I-divergence: 1327.0994272. MSE: 0.682829661552.
Iteration 847. I-divergence: 1327.02356384. MSE: 0.68278994517.
Iteration 848. I-divergence: 1326.94790557. MSE: 0.682750336858.
Iteration 849. I-divergence: 1326.87245143. MSE: 0.682710836106.
Iteration 850. I-divergence: 1326.79720047. MSE: 0.6826714424.
Iteration 851. I-divergence: 1326.72215173. MSE: 0.682632155233.
Iteration 852. I-divergence: 1326.64730428. MSE: 0.682592974097.
Iteration 853. I-divergence: 1326.57265716. MSE: 0.682553898486.
Iteration 854. I-divergence: 1326.49820944. MSE: 0.682514927897.
Iteration 855. I-divergence: 1326.42396018. MSE: 0.682476061829.
Iteration 856. I-divergence: 1326.34990843. MSE: 0.682437299781.
Iteration 857. I-divergence: 1326.27605328. MSE: 0.682398641255.
Iteration 858. I-divergence: 1326.2023938. MSE: 0.682360085756.
Iteration 859. I-divergence: 1326.12892905. MSE: 0.682321632789.
Iteration 860. I-divergence: 1326.05565812. MSE: 0.682283281863.
Iteration 861. I-divergence: 1325.9825801. MSE: 0.682245032488.
Iteration 862. I-divergence: 1325.90969406. MSE: 0.682206884175.
Iteration 863. I-divergence: 1325.83699911. MSE: 0.68216883644.
Iteration 864. I-divergence: 1325.76449433. MSE: 0.682130888798.
Iteration 865. I-divergence: 1325.69217882. MSE: 0.682093040768.
Iteration 866. I-divergence: 1325.62005169. MSE: 0.68205529187.
Iteration 867. I-divergence: 1325.54811204. MSE: 0.682017641628.
Iteration 868. I-divergence: 1325.47635898. MSE: 0.681980089565.
Iteration 869. I-divergence: 1325.40479162. MSE: 0.681942635209.
Iteration 870. I-divergence: 1325.33340908. MSE: 0.681905278088.
Iteration 871. I-divergence: 1325.26221049. MSE: 0.681868017735.
Iteration 872. I-divergence: 1325.19119496. MSE: 0.681830853683.
Iteration 873. I-divergence: 1325.12036163. MSE: 0.681793785467.
Iteration 874. I-divergence: 1325.04970963. MSE: 0.681756812626.
Iteration 875. I-divergence: 1324.97923809. MSE: 0.6817199347.
Iteration 876. I-divergence: 1324.90894616. MSE: 0.68168315123.
Iteration 877. I-divergence: 1324.83883299. MSE: 0.681646461763.
Iteration 878. I-divergence: 1324.76889772. MSE: 0.681609865844.
Iteration 879. I-divergence: 1324.6991395. MSE: 0.681573363023.
Iteration 880. I-divergence: 1324.6295575. MSE: 0.681536952852.
Iteration 881. I-divergence: 1324.56015087. MSE: 0.681500634884.
Iteration 882. I-divergence: 1324.49091879. MSE: 0.681464408675.
Iteration 883. I-divergence: 1324.42186041. MSE: 0.681428273784.
Iteration 884. I-divergence: 1324.35297493. MSE: 0.681392229771.
Iteration 885. I-divergence: 1324.2842615. MSE: 0.681356276199.
Iteration 886. I-divergence: 1324.21571932. MSE: 0.681320412633.
Iteration 887. I-divergence: 1324.14734758. MSE: 0.681284638641.
Iteration 888. I-divergence: 1324.07914545. MSE: 0.681248953792.
Iteration 889. I-divergence: 1324.01111215. MSE: 0.681213357658.
Iteration 890. I-divergence: 1323.94324686. MSE: 0.681177849815.
Iteration 891. I-divergence: 1323.8755488. MSE: 0.681142429837.
Iteration 892. I-divergence: 1323.80801716. MSE: 0.681107097305.
Iteration 893. I-divergence: 1323.74065116. MSE: 0.6810718518.
Iteration 894. I-divergence: 1323.67345002. MSE: 0.681036692905.
Iteration 895. I-divergence: 1323.60641295. MSE: 0.681001620205.
Iteration 896. I-divergence: 1323.53953918. MSE: 0.680966633289.
Iteration 897. I-divergence: 1323.47282794. MSE: 0.680931731748.
Iteration 898. I-divergence: 1323.40627845. MSE: 0.680896915173.
Iteration 899. I-divergence: 1323.33988997. MSE: 0.68086218316.
Iteration 900. I-divergence: 1323.27366172. MSE: 0.680827535307.
Iteration 901. I-divergence: 1323.20759295. MSE: 0.680792971211.
Iteration 902. I-divergence: 1323.14168291. MSE: 0.680758490475.
Iteration 903. I-divergence: 1323.07593086. MSE: 0.680724092704.
Iteration 904. I-divergence: 1323.01033605. MSE: 0.680689777502.
Iteration 905. I-divergence: 1322.94489774. MSE: 0.680655544479.
Iteration 906. I-divergence: 1322.8796152. MSE: 0.680621393246.
Iteration 907. I-divergence: 1322.81448769. MSE: 0.680587323414.
Iteration 908. I-divergence: 1322.7495145. MSE: 0.6805533346.
Iteration 909. I-divergence: 1322.68469489. MSE: 0.68051942642.
Iteration 910. I-divergence: 1322.62002816. MSE: 0.680485598494.
Iteration 911. I-divergence: 1322.55551358. MSE: 0.680451850445.
Iteration 912. I-divergence: 1322.49115044. MSE: 0.680418181894.
Iteration 913. I-divergence: 1322.42693804. MSE: 0.68038459247.
Iteration 914. I-divergence: 1322.36287568. MSE: 0.6803510818.
Iteration 915. I-divergence: 1322.29896266. MSE: 0.680317649515.
Iteration 916. I-divergence: 1322.23519828. MSE: 0.680284295246.
Iteration 917. I-divergence: 1322.17158186. MSE: 0.68025101863.
Iteration 918. I-divergence: 1322.1081127. MSE: 0.680217819302.
Iteration 919. I-divergence: 1322.04479012. MSE: 0.680184696902.
Iteration 920. I-divergence: 1321.98161345. MSE: 0.680151651071.
Iteration 921. I-divergence: 1321.91858201. MSE: 0.680118681452.
Iteration 922. I-divergence: 1321.85569513. MSE: 0.680085787691.
Iteration 923. I-divergence: 1321.79295215. MSE: 0.680052969435.
Iteration 924. I-divergence: 1321.73035239. MSE: 0.680020226333.
Iteration 925. I-divergence: 1321.6678952. MSE: 0.679987558037.
Iteration 926. I-divergence: 1321.60557993. MSE: 0.6799549642.
Iteration 927. I-divergence: 1321.54340592. MSE: 0.679922444479.
Iteration 928. I-divergence: 1321.48137252. MSE: 0.679889998531.
Iteration 929. I-divergence: 1321.41947909. MSE: 0.679857626015.
Iteration 930. I-divergence: 1321.357725. MSE: 0.679825326594.
Iteration 931. I-divergence: 1321.29610959. MSE: 0.679793099932.
Iteration 932. I-divergence: 1321.23463224. MSE: 0.679760945693.
Iteration 933. I-divergence: 1321.17329233. MSE: 0.679728863546.
Iteration 934. I-divergence: 1321.11208921. MSE: 0.67969685316.
Iteration 935. I-divergence: 1321.05102228. MSE: 0.679664914207.
Iteration 936. I-divergence: 1320.99009091. MSE: 0.679633046361.
Iteration 937. I-divergence: 1320.92929448. MSE: 0.679601249296.
Iteration 938. I-divergence: 1320.86863239. MSE: 0.679569522692.
Iteration 939. I-divergence: 1320.80810403. MSE: 0.679537866226.
Iteration 940. I-divergence: 1320.74770879. MSE: 0.67950627958.
Iteration 941. I-divergence: 1320.68744607. MSE: 0.679474762438.
Iteration 942. I-divergence: 1320.62731528. MSE: 0.679443314483.
Iteration 943. I-divergence: 1320.56731581. MSE: 0.679411935404.
Iteration 944. I-divergence: 1320.50744709. MSE: 0.679380624889.
Iteration 945. I-divergence: 1320.44770851. MSE: 0.679349382628.
Iteration 946. I-divergence: 1320.38809951. MSE: 0.679318208314.
Iteration 947. I-divergence: 1320.32861949. MSE: 0.679287101641.
Iteration 948. I-divergence: 1320.26926788. MSE: 0.679256062305.
Iteration 949. I-divergence: 1320.21004411. MSE: 0.679225090004.
Iteration 950. I-divergence: 1320.1509476. MSE: 0.679194184437.
Iteration 951. I-divergence: 1320.09197779. MSE: 0.679163345306.
Iteration 952. I-divergence: 1320.03313412. MSE: 0.679132572314.
Iteration 953. I-divergence: 1319.97441602. MSE: 0.679101865165.
Iteration 954. I-divergence: 1319.91582293. MSE: 0.679071223567.
Iteration 955. I-divergence: 1319.85735431. MSE: 0.679040647227.
Iteration 956. I-divergence: 1319.7990096. MSE: 0.679010135856.
Iteration 957. I-divergence: 1319.74078825. MSE: 0.678979689165.
Iteration 958. I-divergence: 1319.68268972. MSE: 0.678949306868.
Iteration 959. I-divergence: 1319.62471346. MSE: 0.678918988679.
Iteration 960. I-divergence: 1319.56685894. MSE: 0.678888734316.
Iteration 961. I-divergence: 1319.50912562. MSE: 0.678858543496.
Iteration 962. I-divergence: 1319.45151297. MSE: 0.67882841594.
Iteration 963. I-divergence: 1319.39402047. MSE: 0.67879835137.
Iteration 964. I-divergence: 1319.33664757. MSE: 0.678768349508.
Iteration 965. I-divergence: 1319.27939377. MSE: 0.678738410079.
Iteration 966. I-divergence: 1319.22225853. MSE: 0.678708532811.
Iteration 967. I-divergence: 1319.16524134. MSE: 0.67867871743.
Iteration 968. I-divergence: 1319.1083417. MSE: 0.678648963667.
Iteration 969. I-divergence: 1319.05155907. MSE: 0.678619271252.
Iteration 970. I-divergence: 1318.99489297. MSE: 0.678589639919.
Iteration 971. I-divergence: 1318.93834287. MSE: 0.678560069401.
Iteration 972. I-divergence: 1318.88190828. MSE: 0.678530559434.
Iteration 973. I-divergence: 1318.8255887. MSE: 0.678501109756.
Iteration 974. I-divergence: 1318.76938363. MSE: 0.678471720105.
Iteration 975. I-divergence: 1318.71329257. MSE: 0.678442390221.
Iteration 976. I-divergence: 1318.65731504. MSE: 0.678413119846.
Iteration 977. I-divergence: 1318.60145054. MSE: 0.678383908724.
Iteration 978. I-divergence: 1318.54569858. MSE: 0.678354756598.
Iteration 979. I-divergence: 1318.49005869. MSE: 0.678325663216.
Iteration 980. I-divergence: 1318.43453038. MSE: 0.678296628323.
Iteration 981. I-divergence: 1318.37911318. MSE: 0.678267651671.
Iteration 982. I-divergence: 1318.3238066. MSE: 0.678238733008.
Iteration 983. I-divergence: 1318.26861018. MSE: 0.678209872086.
Iteration 984. I-divergence: 1318.21352344. MSE: 0.678181068659.
Iteration 985. I-divergence: 1318.15854592. MSE: 0.678152322481.
Iteration 986. I-divergence: 1318.10367715. MSE: 0.678123633309.
Iteration 987. I-divergence: 1318.04891667. MSE: 0.678095000898.
Iteration 988. I-divergence: 1317.99426402. MSE: 0.678066425008.
Iteration 989. I-divergence: 1317.93971874. MSE: 0.678037905399.
Iteration 990. I-divergence: 1317.88528037. MSE: 0.678009441832.
Iteration 991. I-divergence: 1317.83094847. MSE: 0.67798103407.
Iteration 992. I-divergence: 1317.77672257. MSE: 0.677952681876.
Iteration 993. I-divergence: 1317.72260224. MSE: 0.677924385016.
Iteration 994. I-divergence: 1317.66858703. MSE: 0.677896143256.
Iteration 995. I-divergence: 1317.6146765. MSE: 0.677867956364.
Iteration 996. I-divergence: 1317.5608702. MSE: 0.677839824109.
Iteration 997. I-divergence: 1317.5071677. MSE: 0.677811746261.
Iteration 998. I-divergence: 1317.45356856. MSE: 0.677783722593.
Iteration 999. I-divergence: 1317.40007234. MSE: 0.677755752875.
Iteration 1000. I-divergence: 1317.34667862. MSE: 0.677727836884.
Performance on test set: MSE=0.719186683826, I-div=348.401965043.
0.719186683826
