Fold 1 for k=15,l=10.
Initialising F using KMeans.
Iteration: 1.
Iteration: 2.
Iteration: 3.
Iteration: 4.
Iteration: 5.
Iteration: 6.
Iteration: 7.
Iteration: 8.
Iteration: 9.
Iteration: 10.
Iteration: 11.
Iteration: 12.
Iteration: 13.
Iteration: 14.
Iteration: 15.
Iteration: 16.
Iteration: 17.
Iteration: 18.
Iteration: 19.
Iteration: 20.
Iteration: 21.
Iteration: 22.
Iteration: 23.
Iteration: 24.
Iteration: 25.
Iteration: 26.
Iteration: 27.
Iteration: 28.
[112.0, 46.0, 31.0, 61.0, 12.0, 66.0, 102.0, 6.0, 49.0, 65.0, 5.0, 40.0, 0.0, 1.0, 26.0]
Initialising G using KMeans.
Iteration: 1.
Iteration: 2.
Iteration: 3.
Iteration: 4.
Iteration: 5.
Iteration: 6.
Iteration: 7.
[25.0, 3.0, 42.0, 3.0, 24.0, 2.0, 0.0, 2.0, 33.0, 5.0]
Iteration 0. I-divergence: 18471.3503242. MSE: 8.5976448976. Diff MSE: -8.5976448976.
Iteration 1. I-divergence: 1694.97742214. MSE: 0.876809829855. Diff MSE: 7.72083506774.
Iteration 2. I-divergence: 1630.56810951. MSE: 0.84234376101. Diff MSE: 0.0344660688446.
Iteration 3. I-divergence: 1624.18541796. MSE: 0.83895745814. Diff MSE: 0.00338630287074.
Iteration 4. I-divergence: 1621.14233559. MSE: 0.837352355875. Diff MSE: 0.0016051022648.
Iteration 5. I-divergence: 1618.52943915. MSE: 0.835975115004. Diff MSE: 0.00137724087129.
Iteration 6. I-divergence: 1616.02855527. MSE: 0.834656844837. Diff MSE: 0.00131827016684.
Iteration 7. I-divergence: 1613.59944944. MSE: 0.833376305226. Diff MSE: 0.00128053961043.
Iteration 8. I-divergence: 1611.23438769. MSE: 0.832129449051. Diff MSE: 0.0012468561756.
Iteration 9. I-divergence: 1608.93008129. MSE: 0.830914558004. Diff MSE: 0.00121489104629.
Iteration 10. I-divergence: 1606.68407581. MSE: 0.829730345147. Diff MSE: 0.00118421285703.
Iteration 11. I-divergence: 1604.49417958. MSE: 0.828575659311. Diff MSE: 0.00115468583655.
Iteration 12. I-divergence: 1602.35834315. MSE: 0.827449423708. Diff MSE: 0.00112623560244.
Iteration 13. I-divergence: 1600.27462406. MSE: 0.826350617995. Diff MSE: 0.00109880571288.
Iteration 14. I-divergence: 1598.24117244. MSE: 0.825278270737. Diff MSE: 0.00107234725866.
Iteration 15. I-divergence: 1596.25622273. MSE: 0.824231455018. Diff MSE: 0.00104681571891.
Iteration 16. I-divergence: 1594.31808776. MSE: 0.823209285239. Diff MSE: 0.00102216977839.
Iteration 17. I-divergence: 1592.42515378. MSE: 0.822210914469. Diff MSE: 0.000998370770153.
Iteration 18. I-divergence: 1590.57587615. MSE: 0.821235532119. Diff MSE: 0.000975382350824.
Iteration 19. I-divergence: 1588.76877539. MSE: 0.820282361843. Diff MSE: 0.000953170275499.
Iteration 20. I-divergence: 1587.00243355. MSE: 0.81935065962. Diff MSE: 0.000931702222911.
Iteration 21. I-divergence: 1585.27549083. MSE: 0.818439711971. Diff MSE: 0.000910947648691.
Iteration 22. I-divergence: 1583.58664252. MSE: 0.817548834314. Diff MSE: 0.000890877657764.
Iteration 23. I-divergence: 1581.934636. MSE: 0.816677369424. Diff MSE: 0.00087146488942.
Iteration 24. I-divergence: 1580.31826812. MSE: 0.81582468601. Diff MSE: 0.000852683413793.
Iteration 25. I-divergence: 1578.73638259. MSE: 0.814990177374. Diff MSE: 0.00083450863638.
Iteration 26. I-divergence: 1577.18786765. MSE: 0.814173260163. Diff MSE: 0.000816917210688.
Iteration 27. I-divergence: 1575.67165384. MSE: 0.813373373206. Diff MSE: 0.000799886957508.
Iteration 28. I-divergence: 1574.18671192. MSE: 0.812589976416. Diff MSE: 0.000783396790183.
Iteration 29. I-divergence: 1572.73205096. MSE: 0.81182254977. Diff MSE: 0.00076742664563.
Iteration 30. I-divergence: 1571.30671644. MSE: 0.81107059235. Diff MSE: 0.000751957420294.
Iteration 31. I-divergence: 1569.90978862. MSE: 0.810333621439. Diff MSE: 0.000736970910749.
Iteration 32. I-divergence: 1568.54038088. MSE: 0.80961117168. Diff MSE: 0.000722449758805.
Iteration 33. I-divergence: 1567.19763825. MSE: 0.80890279428. Diff MSE: 0.000708377400168.
Iteration 34. I-divergence: 1565.88073593. MSE: 0.808208056263. Diff MSE: 0.000694738017103.
Iteration 35. I-divergence: 1564.58887802. MSE: 0.807526539769. Diff MSE: 0.00068151649421.
Iteration 36. I-divergence: 1563.32129621. MSE: 0.806857841391. Diff MSE: 0.000668698377441.
Iteration 37. I-divergence: 1562.07724864. MSE: 0.806201571556. Diff MSE: 0.000656269835746.
Iteration 38. I-divergence: 1560.85601873. MSE: 0.80555735393. Diff MSE: 0.000644217625689.
Iteration 39. I-divergence: 1559.65691416. MSE: 0.804924824872. Diff MSE: 0.000632529058263.
Iteration 40. I-divergence: 1558.47926585. MSE: 0.804303632904. Diff MSE: 0.000621191967929.
Iteration 41. I-divergence: 1557.32242705. MSE: 0.80369343822. Diff MSE: 0.000610194683941.
Iteration 42. I-divergence: 1556.18577241. MSE: 0.803093912216. Diff MSE: 0.000599526003531.
Iteration 43. I-divergence: 1555.06869714. MSE: 0.80250473705. Diff MSE: 0.000589175166676.
Iteration 44. I-divergence: 1553.97061624. MSE: 0.801925605217. Diff MSE: 0.000579131832944.
Iteration 45. I-divergence: 1552.89096372. MSE: 0.801356219157. Diff MSE: 0.000569386059416.
Iteration 46. I-divergence: 1551.82919186. MSE: 0.800796290877. Diff MSE: 0.000559928280419.
Iteration 47. I-divergence: 1550.78477058. MSE: 0.800245541588. Diff MSE: 0.000550749288366.
Iteration 48. I-divergence: 1549.75718672. MSE: 0.799703701373. Diff MSE: 0.000541840215817.
Iteration 49. I-divergence: 1548.74594348. MSE: 0.799170508854. Diff MSE: 0.000533192518875.
Iteration 50. I-divergence: 1547.75055981. MSE: 0.798645710892. Diff MSE: 0.000524797961364.
Iteration 51. I-divergence: 1546.77056984. MSE: 0.798129062292. Diff MSE: 0.000516648600287.
Iteration 52. I-divergence: 1545.80552237. MSE: 0.79762032552. Diff MSE: 0.000508736771953.
Iteration 53. I-divergence: 1544.85498034. MSE: 0.797119270441. Diff MSE: 0.000501055079067.
Iteration 54. I-divergence: 1543.91852032. MSE: 0.796625674062. Diff MSE: 0.000493596378659.
Iteration 55. I-divergence: 1542.99573212. MSE: 0.796139320292. Diff MSE: 0.000486353770537.
Iteration 56. I-divergence: 1542.08621827. MSE: 0.795659999705. Diff MSE: 0.000479320586759.
Iteration 57. I-divergence: 1541.18959362. MSE: 0.795187509324. Diff MSE: 0.00047249038147.
Iteration 58. I-divergence: 1540.30548495. MSE: 0.794721652402. Diff MSE: 0.000465856921356.
Iteration 59. I-divergence: 1539.43353056. MSE: 0.794262238225. Diff MSE: 0.000459414176792.
Iteration 60. I-divergence: 1538.5733799. MSE: 0.793809081912. Diff MSE: 0.000453156313488.
Iteration 61. I-divergence: 1537.7246932. MSE: 0.793362004228. Diff MSE: 0.000447077684294.
Iteration 62. I-divergence: 1536.88714116. MSE: 0.792920831406. Diff MSE: 0.000441172822056.
Iteration 63. I-divergence: 1536.06040458. MSE: 0.792485394973. Diff MSE: 0.000435436432249.
Iteration 64. I-divergence: 1535.24417404. MSE: 0.792055531587. Diff MSE: 0.000429863386433.
Iteration 65. I-divergence: 1534.43814964. MSE: 0.791631082871. Diff MSE: 0.000424448715941.
Iteration 66. I-divergence: 1533.64204066. MSE: 0.791211895265. Diff MSE: 0.000419187605739.
Iteration 67. I-divergence: 1532.85556528. MSE: 0.790797819876. Diff MSE: 0.000414075388986.
Iteration 68. I-divergence: 1532.07845034. MSE: 0.790388712335. Diff MSE: 0.000409107541438.
Iteration 69. I-divergence: 1531.31043101. MSE: 0.789984432658. Diff MSE: 0.000404279676428.
Iteration 70. I-divergence: 1530.55125062. MSE: 0.789584845118. Diff MSE: 0.000399587540147.
Iteration 71. I-divergence: 1529.80066035. MSE: 0.789189818111. Diff MSE: 0.00039502700674.
Iteration 72. I-divergence: 1529.05841901. MSE: 0.788799224037. Diff MSE: 0.000390594074252.
Iteration 73. I-divergence: 1528.32429281. MSE: 0.788412939177. Diff MSE: 0.000386284860186.
Iteration 74. I-divergence: 1527.59805516. MSE: 0.788030843579. Diff MSE: 0.000382095597751.
Iteration 75. I-divergence: 1526.8794864. MSE: 0.787652820947. Diff MSE: 0.00037802263185.
Iteration 76. I-divergence: 1526.16837367. MSE: 0.787278758532. Diff MSE: 0.000374062415683.
Iteration 77. I-divergence: 1525.46451063. MSE: 0.786908547025. Diff MSE: 0.000370211507127.
Iteration 78. I-divergence: 1524.76769733. MSE: 0.786542080459. Diff MSE: 0.000366466565467.
Iteration 79. I-divergence: 1524.07773996. MSE: 0.786179256111. Diff MSE: 0.000362824348295.
Iteration 80. I-divergence: 1523.39445072. MSE: 0.785819974402. Diff MSE: 0.000359281708396.
Iteration 81. I-divergence: 1522.71764764. MSE: 0.785464138812. Diff MSE: 0.000355835590901.
Iteration 82. I-divergence: 1522.04715435. MSE: 0.785111655781. Diff MSE: 0.000352483030477.
Iteration 83. I-divergence: 1521.38279997. MSE: 0.784762434632. Diff MSE: 0.000349221148639.
Iteration 84. I-divergence: 1520.72441895. MSE: 0.784416387481. Diff MSE: 0.000346047151184.
Iteration 85. I-divergence: 1520.07185087. MSE: 0.784073429156. Diff MSE: 0.000342958325762.
Iteration 86. I-divergence: 1519.42494032. MSE: 0.783733477116. Diff MSE: 0.000339952039409.
Iteration 87. I-divergence: 1518.78353674. MSE: 0.78339645138. Diff MSE: 0.000337025736292.
Iteration 88. I-divergence: 1518.1474943. MSE: 0.783062274444. Diff MSE: 0.000334176935556.
Iteration 89. I-divergence: 1517.51667171. MSE: 0.782730871215. Diff MSE: 0.000331403229065.
Iteration 90. I-divergence: 1516.89093213. MSE: 0.782402168936. Diff MSE: 0.000328702279486.
Iteration 91. I-divergence: 1516.27014304. MSE: 0.782076097118. Diff MSE: 0.000326071818118.
Iteration 92. I-divergence: 1515.65417605. MSE: 0.781752587474. Diff MSE: 0.000323509643166.
Iteration 93. I-divergence: 1515.04290687. MSE: 0.781431573857. Diff MSE: 0.000321013617705.
Iteration 94. I-divergence: 1514.43621511. MSE: 0.781112992189. Diff MSE: 0.000318581668048.
Iteration 95. I-divergence: 1513.8339842. MSE: 0.780796780407. Diff MSE: 0.000316211781752.
Iteration 96. I-divergence: 1513.23610126. MSE: 0.780482878401. Diff MSE: 0.000313902006244.
Iteration 97. I-divergence: 1512.64245702. MSE: 0.780171227954. Diff MSE: 0.000311650446834.
Iteration 98. I-divergence: 1512.05294565. MSE: 0.779861772688. Diff MSE: 0.000309455265458.
Iteration 99. I-divergence: 1511.46746474. MSE: 0.77955445801. Diff MSE: 0.00030731467885.
Iteration 100. I-divergence: 1510.8859151. MSE: 0.779249231052. Diff MSE: 0.000305226957177.
Iteration 101. I-divergence: 1510.30820076. MSE: 0.77894604063. Diff MSE: 0.000303190422608.
Iteration 102. I-divergence: 1509.7342288. MSE: 0.778644837182. Diff MSE: 0.000301203447809.
Iteration 103. I-divergence: 1509.16390928. MSE: 0.778345572727. Diff MSE: 0.000299264454527.
Iteration 104. I-divergence: 1508.59715515. MSE: 0.778048200815. Diff MSE: 0.000297371912442.
Iteration 105. I-divergence: 1508.03388218. MSE: 0.777752676477. Diff MSE: 0.000295524337631.
Iteration 106. I-divergence: 1507.47400884. MSE: 0.777458956186. Diff MSE: 0.000293720291407.
Iteration 107. I-divergence: 1506.91745623. MSE: 0.777166997807. Diff MSE: 0.000291958379115.
Iteration 108. I-divergence: 1506.364148. MSE: 0.776876760558. Diff MSE: 0.00029023724883.
Iteration 109. I-divergence: 1505.81401028. MSE: 0.776588204968. Diff MSE: 0.000288555590229.
Iteration 110. I-divergence: 1505.26697158. MSE: 0.776301292834. Diff MSE: 0.000286912133456.
Iteration 111. I-divergence: 1504.72296275. MSE: 0.776015987186. Diff MSE: 0.000285305647967.
Iteration 112. I-divergence: 1504.18191686. MSE: 0.775732252245. Diff MSE: 0.000283734941489.
Iteration 113. I-divergence: 1503.64376916. MSE: 0.775450053386. Diff MSE: 0.0002821988589.
Iteration 114. I-divergence: 1503.10845703. MSE: 0.775169357105. Diff MSE: 0.000280696281208.
Iteration 115. I-divergence: 1502.57591986. MSE: 0.77489013098. Diff MSE: 0.000279226124628.
Iteration 116. I-divergence: 1502.04609902. MSE: 0.774612343641. Diff MSE: 0.000277787339452.
Iteration 117. I-divergence: 1501.51893781. MSE: 0.774335964732. Diff MSE: 0.000276378909147.
Iteration 118. I-divergence: 1500.99438136. MSE: 0.774060964882. Diff MSE: 0.000274999849517.
Iteration 119. I-divergence: 1500.4723766. MSE: 0.773787315674. Diff MSE: 0.000273649207604.
Iteration 120. I-divergence: 1499.95287219. MSE: 0.773514989613. Diff MSE: 0.000272326060903.
Iteration 121. I-divergence: 1499.43581846. MSE: 0.773243960097. Diff MSE: 0.000271029516534.
Iteration 122. I-divergence: 1498.92116738. MSE: 0.772974201387. Diff MSE: 0.00026975871029.
Iteration 123. I-divergence: 1498.40887247. MSE: 0.772705688581. Diff MSE: 0.000268512805858.
Iteration 124. I-divergence: 1497.89888878. MSE: 0.772438397587. Diff MSE: 0.000267290994019.
Iteration 125. I-divergence: 1497.39117282. MSE: 0.772172305095. Diff MSE: 0.000266092491829.
Iteration 126. I-divergence: 1496.88568253. MSE: 0.771907388553. Diff MSE: 0.000264916541874.
Iteration 127. I-divergence: 1496.38237722. MSE: 0.771643626142. Diff MSE: 0.000263762411529.
Iteration 128. I-divergence: 1495.88121752. MSE: 0.771380996749. Diff MSE: 0.000262629392193.
Iteration 129. I-divergence: 1495.38216534. MSE: 0.771119479951. Diff MSE: 0.000261516798574.
Iteration 130. I-divergence: 1494.88518384. MSE: 0.770859055983. Diff MSE: 0.000260423968044.
Iteration 131. I-divergence: 1494.39023739. MSE: 0.770599705723. Diff MSE: 0.000259350259937.
Iteration 132. I-divergence: 1493.8972915. MSE: 0.770341410668. Diff MSE: 0.000258295054831.
Iteration 133. I-divergence: 1493.40631279. MSE: 0.770084152914. Diff MSE: 0.000257257754006.
Iteration 134. I-divergence: 1492.917269. MSE: 0.769827915135. Diff MSE: 0.000256237778705.
Iteration 135. I-divergence: 1492.43012888. MSE: 0.769572680566. Diff MSE: 0.000255234569615.
Iteration 136. I-divergence: 1491.9448622. MSE: 0.769318432979. Diff MSE: 0.000254247586244.
Iteration 137. I-divergence: 1491.46143971. MSE: 0.769065156673. Diff MSE: 0.000253276306301.
Iteration 138. I-divergence: 1490.9798331. MSE: 0.768812836448. Diff MSE: 0.000252320225185.
Iteration 139. I-divergence: 1490.50001498. MSE: 0.768561457593. Diff MSE: 0.000251378855368.
Iteration 140. I-divergence: 1490.02195881. MSE: 0.768311005867. Diff MSE: 0.000250451725953.
Iteration 141. I-divergence: 1489.54563892. MSE: 0.768061467485. Diff MSE: 0.000249538382067.
Iteration 142. I-divergence: 1489.07103046. MSE: 0.7678128291. Diff MSE: 0.000248638384385.
Iteration 143. I-divergence: 1488.59810936. MSE: 0.767565077791. Diff MSE: 0.000247751308666.
Iteration 144. I-divergence: 1488.12685233. MSE: 0.767318201046. Diff MSE: 0.00024687674518.
Iteration 145. I-divergence: 1487.6572368. MSE: 0.767072186748. Diff MSE: 0.000246014298354.
Iteration 146. I-divergence: 1487.18924091. MSE: 0.766827023162. Diff MSE: 0.000245163586251.
Iteration 147. I-divergence: 1486.72284349. MSE: 0.766582698922. Diff MSE: 0.000244324240164.
Iteration 148. I-divergence: 1486.25802405. MSE: 0.766339203017. Diff MSE: 0.000243495904089.
Iteration 149. I-divergence: 1485.79476272. MSE: 0.766096524783. Diff MSE: 0.000242678234457.
Iteration 150. I-divergence: 1485.33304024. MSE: 0.765854653883. Diff MSE: 0.000241870899657.
Iteration 151. I-divergence: 1484.87283797. MSE: 0.765613580304. Diff MSE: 0.000241073579522.
Iteration 152. I-divergence: 1484.41413781. MSE: 0.765373294339. Diff MSE: 0.000240285965262.
Iteration 153. I-divergence: 1483.95692225. MSE: 0.76513378658. Diff MSE: 0.000239507758663.
Iteration 154. I-divergence: 1483.50117429. MSE: 0.764895047908. Diff MSE: 0.000238738672132.
Iteration 155. I-divergence: 1483.04687745. MSE: 0.76465706948. Diff MSE: 0.000237978428117.
Iteration 156. I-divergence: 1482.59401576. MSE: 0.764419842721. Diff MSE: 0.000237226758747.
Iteration 157. I-divergence: 1482.1425737. MSE: 0.764183359315. Diff MSE: 0.00023648340566.
Iteration 158. I-divergence: 1481.69253624. MSE: 0.763947611196. Diff MSE: 0.000235748119565.
Iteration 159. I-divergence: 1481.24388879. MSE: 0.763712590536. Diff MSE: 0.000235020659957.
Iteration 160. I-divergence: 1480.79661718. MSE: 0.763478289741. Diff MSE: 0.000234300794851.
Iteration 161. I-divergence: 1480.35070765. MSE: 0.76324470144. Diff MSE: 0.000233588300421.
Iteration 162. I-divergence: 1479.90614687. MSE: 0.76301181848. Diff MSE: 0.000232882960787.
Iteration 163. I-divergence: 1479.46292186. MSE: 0.762779633912. Diff MSE: 0.000232184567703.
Iteration 164. I-divergence: 1479.02102003. MSE: 0.762548140992. Diff MSE: 0.000231492920285.
Iteration 165. I-divergence: 1478.58042914. MSE: 0.762317333167. Diff MSE: 0.000230807824801.
Iteration 166. I-divergence: 1478.14113731. MSE: 0.762087204072. Diff MSE: 0.000230129094374.
Iteration 167. I-divergence: 1477.70313298. MSE: 0.761857747524. Diff MSE: 0.000229456548736.
Iteration 168. I-divergence: 1477.26640491. MSE: 0.76162895751. Diff MSE: 0.000228790014087.
Iteration 169. I-divergence: 1476.83094218. MSE: 0.761400828187. Diff MSE: 0.000228129322722.
Iteration 170. I-divergence: 1476.39673416. MSE: 0.761173353874. Diff MSE: 0.000227474312943.
Iteration 171. I-divergence: 1475.96377051. MSE: 0.760946529045. Diff MSE: 0.000226824828724.
Iteration 172. I-divergence: 1475.53204117. MSE: 0.760720348326. Diff MSE: 0.000226180719731.
Iteration 173. I-divergence: 1475.10153634. MSE: 0.760494806485. Diff MSE: 0.000225541840778.
Iteration 174. I-divergence: 1474.67224649. MSE: 0.760269898433. Diff MSE: 0.000224908051996.
Iteration 175. I-divergence: 1474.24416233. MSE: 0.760045619214. Diff MSE: 0.000224279218405.
Iteration 176. I-divergence: 1473.8172748. MSE: 0.759821964005. Diff MSE: 0.000223655209794.
Iteration 177. I-divergence: 1473.39157511. MSE: 0.759598928104. Diff MSE: 0.000223035900649.
Iteration 178. I-divergence: 1472.96705464. MSE: 0.759376506934. Diff MSE: 0.000222421169862.
Iteration 179. I-divergence: 1472.54370502. MSE: 0.759154696033. Diff MSE: 0.000221810900601.
Iteration 180. I-divergence: 1472.12151809. MSE: 0.758933491053. Diff MSE: 0.00022120498022.
Iteration 181. I-divergence: 1471.70048586. MSE: 0.758712887753. Diff MSE: 0.000220603300044.
Iteration 182. I-divergence: 1471.28060056. MSE: 0.758492881998. Diff MSE: 0.000220005755225.
Iteration 183. I-divergence: 1470.8618546. MSE: 0.758273469753. Diff MSE: 0.000219412244654.
Iteration 184. I-divergence: 1470.44424057. MSE: 0.758054647083. Diff MSE: 0.000218822670757.
Iteration 185. I-divergence: 1470.02775121. MSE: 0.757836410143. Diff MSE: 0.000218236939472.
Iteration 186. I-divergence: 1469.61237946. MSE: 0.757618755183. Diff MSE: 0.000217654959971.
Iteration 187. I-divergence: 1469.19811841. MSE: 0.757401678538. Diff MSE: 0.000217076644684.
Iteration 188. I-divergence: 1468.7849613. MSE: 0.757185176629. Diff MSE: 0.000216501909121.
Iteration 189. I-divergence: 1468.37290151. MSE: 0.756969245958. Diff MSE: 0.000215930671757.
Iteration 190. I-divergence: 1467.96193259. MSE: 0.756753883104. Diff MSE: 0.000215362853902.
Iteration 191. I-divergence: 1467.55204821. MSE: 0.756539084724. Diff MSE: 0.000214798379683.
Iteration 192. I-divergence: 1467.14324218. MSE: 0.756324847548. Diff MSE: 0.000214237175895.
Iteration 193. I-divergence: 1466.73550843. MSE: 0.756111168376. Diff MSE: 0.000213679171813.
Iteration 194. I-divergence: 1466.32884104. MSE: 0.755898044077. Diff MSE: 0.000213124299285.
Iteration 195. I-divergence: 1465.92323419. MSE: 0.755685471584. Diff MSE: 0.000212572492492.
Iteration 196. I-divergence: 1465.51868217. MSE: 0.755473447897. Diff MSE: 0.000212023687939.
Iteration 197. I-divergence: 1465.11517941. MSE: 0.755261970072. Diff MSE: 0.000211477824359.
Iteration 198. I-divergence: 1464.71272042. MSE: 0.75505103523. Diff MSE: 0.00021093484258.
Iteration 199. I-divergence: 1464.31129983. MSE: 0.754840640544. Diff MSE: 0.000210394685526.
Iteration 200. I-divergence: 1463.91091236. MSE: 0.754630783246. Diff MSE: 0.000209857298129.
Iteration 201. I-divergence: 1463.51155285. MSE: 0.754421460619. Diff MSE: 0.000209322627201.
Iteration 202. I-divergence: 1463.11321621. MSE: 0.754212669997. Diff MSE: 0.000208790621428.
Iteration 203. I-divergence: 1462.71589745. MSE: 0.754004408766. Diff MSE: 0.000208261231287.
Iteration 204. I-divergence: 1462.31959166. MSE: 0.753796674357. Diff MSE: 0.000207734408946.
Iteration 205. I-divergence: 1461.92429403. MSE: 0.753589464249. Diff MSE: 0.000207210108308.
Iteration 206. I-divergence: 1461.52999982. MSE: 0.753382775964. Diff MSE: 0.000206688284788.
Iteration 207. I-divergence: 1461.13670438. MSE: 0.753176607069. Diff MSE: 0.000206168895464.
Iteration 208. I-divergence: 1460.74440311. MSE: 0.75297095517. Diff MSE: 0.000205651898774.
Iteration 209. I-divergence: 1460.35309151. MSE: 0.752765817915. Diff MSE: 0.000205137254711.
Iteration 210. I-divergence: 1459.96276515. MSE: 0.75256119299. Diff MSE: 0.000204624924635.
Iteration 211. I-divergence: 1459.57341964. MSE: 0.752357078119. Diff MSE: 0.000204114871259.
Iteration 212. I-divergence: 1459.1850507. MSE: 0.752153471061. Diff MSE: 0.000203607058537.
Iteration 213. I-divergence: 1458.79765407. MSE: 0.751950369609. Diff MSE: 0.000203101451777.
Iteration 214. I-divergence: 1458.41122557. MSE: 0.751747771591. Diff MSE: 0.000202598017422.
Iteration 215. I-divergence: 1458.0257611. MSE: 0.751545674868. Diff MSE: 0.00020209672317.
Iteration 216. I-divergence: 1457.64125658. MSE: 0.75134407733. Diff MSE: 0.000201597537767.
Iteration 217. I-divergence: 1457.257708. MSE: 0.751142976899. Diff MSE: 0.000201100431159.
Iteration 218. I-divergence: 1456.87511142. MSE: 0.750942371525. Diff MSE: 0.000200605374229.
Iteration 219. I-divergence: 1456.49346293. MSE: 0.750742259186. Diff MSE: 0.000200112339005.
Iteration 220. I-divergence: 1456.11275867. MSE: 0.750542637888. Diff MSE: 0.000199621298454.
Iteration 221. I-divergence: 1455.73299484. MSE: 0.750343505661. Diff MSE: 0.000199132226516.
Iteration 222. I-divergence: 1455.35416768. MSE: 0.750144860563. Diff MSE: 0.000198645098048.
Iteration 223. I-divergence: 1454.97627348. MSE: 0.749946700674. Diff MSE: 0.000198159888822.
Iteration 224. I-divergence: 1454.59930856. MSE: 0.749749024099. Diff MSE: 0.000197676575518.
Iteration 225. I-divergence: 1454.22326929. MSE: 0.749551828963. Diff MSE: 0.000197195135581.
Iteration 226. I-divergence: 1453.84815208. MSE: 0.749355113416. Diff MSE: 0.000196715547348.
Iteration 227. I-divergence: 1453.47395338. MSE: 0.749158875626. Diff MSE: 0.000196237789913.
Iteration 228. I-divergence: 1453.10066968. MSE: 0.748963113783. Diff MSE: 0.000195761843155.
Iteration 229. I-divergence: 1452.72829748. MSE: 0.748767826095. Diff MSE: 0.000195287687683.
Iteration 230. I-divergence: 1452.35683335. MSE: 0.74857301079. Diff MSE: 0.000194815304863.
Iteration 231. I-divergence: 1451.98627388. MSE: 0.748378666113. Diff MSE: 0.000194344676688.
Iteration 232. I-divergence: 1451.61661567. MSE: 0.748184790328. Diff MSE: 0.000193875785928.
Iteration 233. I-divergence: 1451.24785539. MSE: 0.747991381712. Diff MSE: 0.000193408615924.
Iteration 234. I-divergence: 1450.87998972. MSE: 0.747798438561. Diff MSE: 0.000192943150726.
Iteration 235. I-divergence: 1450.51301535. MSE: 0.747605959186. Diff MSE: 0.000192479374959.
Iteration 236. I-divergence: 1450.14692903. MSE: 0.747413941912. Diff MSE: 0.00019201727384.
Iteration 237. I-divergence: 1449.78172751. MSE: 0.747222385079. Diff MSE: 0.000191556833255.
Iteration 238. I-divergence: 1449.41740758. MSE: 0.747031287039. Diff MSE: 0.000191098039489.
Iteration 239. I-divergence: 1449.05396606. MSE: 0.74684064616. Diff MSE: 0.000190640879617.
Iteration 240. I-divergence: 1448.69139978. MSE: 0.746650460819. Diff MSE: 0.000190185340992.
Iteration 241. I-divergence: 1448.32970558. MSE: 0.746460729407. Diff MSE: 0.000189731411683.
Iteration 242. I-divergence: 1447.96888036. MSE: 0.746271450327. Diff MSE: 0.000189279080133.
Iteration 243. I-divergence: 1447.60892101. MSE: 0.746082621992. Diff MSE: 0.000188828335375.
Iteration 244. I-divergence: 1447.24982444. MSE: 0.745894242825. Diff MSE: 0.000188379166834.
Iteration 245. I-divergence: 1446.89158759. MSE: 0.74570631126. Diff MSE: 0.000187931564437.
Iteration 246. I-divergence: 1446.53420742. MSE: 0.745518825742. Diff MSE: 0.000187485518568.
Iteration 247. I-divergence: 1446.1776809. MSE: 0.745331784722. Diff MSE: 0.000187041020011.
Iteration 248. I-divergence: 1445.82200502. MSE: 0.745145186662. Diff MSE: 0.00018659806.
Iteration 249. I-divergence: 1445.46717677. MSE: 0.744959030032. Diff MSE: 0.00018615663017.
Iteration 250. I-divergence: 1445.11319318. MSE: 0.744773313309. Diff MSE: 0.000185716722554.
Iteration 251. I-divergence: 1444.76005129. MSE: 0.744588034979. Diff MSE: 0.000185278329563.
Iteration 252. I-divergence: 1444.40774813. MSE: 0.744403193535. Diff MSE: 0.000184841444024.
Iteration 253. I-divergence: 1444.05628077. MSE: 0.744218787476. Diff MSE: 0.000184406059081.
Iteration 254. I-divergence: 1443.70564628. MSE: 0.744034815308. Diff MSE: 0.000183972168236.
Iteration 255. I-divergence: 1443.35584174. MSE: 0.743851275543. Diff MSE: 0.000183539765383.
Iteration 256. I-divergence: 1443.00686425. MSE: 0.743668166698. Diff MSE: 0.000183108844693.
Iteration 257. I-divergence: 1442.65871091. MSE: 0.743485487297. Diff MSE: 0.00018267940068.
Iteration 258. I-divergence: 1442.31137883. MSE: 0.743303235869. Diff MSE: 0.00018225142823.
Iteration 259. I-divergence: 1441.96486515. MSE: 0.743121410947. Diff MSE: 0.000181824922419.
Iteration 260. I-divergence: 1441.61916699. MSE: 0.742940011068. Diff MSE: 0.00018139987873.
Iteration 261. I-divergence: 1441.2742815. MSE: 0.742759034775. Diff MSE: 0.000180976292881.
Iteration 262. I-divergence: 1440.93020582. MSE: 0.742578480614. Diff MSE: 0.000180554160859.
Iteration 263. I-divergence: 1440.58693711. MSE: 0.742398347135. Diff MSE: 0.000180133478958.
Iteration 264. I-divergence: 1440.24447253. MSE: 0.742218632892. Diff MSE: 0.00017971424372.
Iteration 265. I-divergence: 1439.90280926. MSE: 0.74203933644. Diff MSE: 0.000179296451927.
Iteration 266. I-divergence: 1439.56194447. MSE: 0.741860456339. Diff MSE: 0.000178880100621.
Iteration 267. I-divergence: 1439.22187533. MSE: 0.741681991152. Diff MSE: 0.000178465187089.
Iteration 268. I-divergence: 1438.88259904. MSE: 0.741503939443. Diff MSE: 0.000178051708849.
Iteration 269. I-divergence: 1438.54411278. MSE: 0.741326299779. Diff MSE: 0.000177639663602.
Iteration 270. I-divergence: 1438.20641376. MSE: 0.74114907073. Diff MSE: 0.000177229049329.
Iteration 271. I-divergence: 1437.86949916. MSE: 0.740972250866. Diff MSE: 0.000176819864182.
Iteration 272. I-divergence: 1437.53336619. MSE: 0.740795838759. Diff MSE: 0.000176412106527.
Iteration 273. I-divergence: 1437.19801206. MSE: 0.740619832985. Diff MSE: 0.000176005774896.
Iteration 274. I-divergence: 1436.86343398. MSE: 0.740444232116. Diff MSE: 0.000175600868086.
Iteration 275. I-divergence: 1436.52962914. MSE: 0.740269034731. Diff MSE: 0.000175197384991.
Iteration 276. I-divergence: 1436.19659478. MSE: 0.740094239407. Diff MSE: 0.000174795324697.
Iteration 277. I-divergence: 1435.86432809. MSE: 0.73991984472. Diff MSE: 0.00017439468651.
Iteration 278. I-divergence: 1435.53282631. MSE: 0.73974584925. Diff MSE: 0.000173995469891.
Iteration 279. I-divergence: 1435.20208664. MSE: 0.739572251576. Diff MSE: 0.000173597674367.
Iteration 280. I-divergence: 1434.8721063. MSE: 0.739399050276. Diff MSE: 0.000173201299709.
Iteration 281. I-divergence: 1434.54288251. MSE: 0.73922624393. Diff MSE: 0.000172806345831.
Iteration 282. I-divergence: 1434.2144125. MSE: 0.739053831118. Diff MSE: 0.000172412812746.
Iteration 283. I-divergence: 1433.88669347. MSE: 0.738881810417. Diff MSE: 0.000172020700578.
Iteration 284. I-divergence: 1433.55972266. MSE: 0.738710180407. Diff MSE: 0.000171630009677.
Iteration 285. I-divergence: 1433.23349727. MSE: 0.738538939667. Diff MSE: 0.000171240740411.
Iteration 286. I-divergence: 1432.90801454. MSE: 0.738368086774. Diff MSE: 0.000170852893343.
Iteration 287. I-divergence: 1432.58327167. MSE: 0.738197620305. Diff MSE: 0.000170466469047.
Iteration 288. I-divergence: 1432.25926589. MSE: 0.738027538836. Diff MSE: 0.000170081468317.
Iteration 289. I-divergence: 1431.93599441. MSE: 0.737857840944. Diff MSE: 0.000169697892004.
Iteration 290. I-divergence: 1431.61345444. MSE: 0.737688525203. Diff MSE: 0.000169315741032.
Iteration 291. I-divergence: 1431.2916432. MSE: 0.737519590187. Diff MSE: 0.000168935016401.
Iteration 292. I-divergence: 1430.97055791. MSE: 0.737351034468. Diff MSE: 0.000168555719269.
Iteration 293. I-divergence: 1430.65019577. MSE: 0.737182856617. Diff MSE: 0.000168177850829.
Iteration 294. I-divergence: 1430.33055399. MSE: 0.737015055204. Diff MSE: 0.000167801412337.
Iteration 295. I-divergence: 1430.01162978. MSE: 0.736847628799. Diff MSE: 0.000167426405146.
Iteration 296. I-divergence: 1429.69342034. MSE: 0.736680575969. Diff MSE: 0.00016705283065.
Iteration 297. I-divergence: 1429.37592288. MSE: 0.736513895278. Diff MSE: 0.000166680690352.
Iteration 298. I-divergence: 1429.05913459. MSE: 0.736347585293. Diff MSE: 0.000166309985753.
Iteration 299. I-divergence: 1428.74305268. MSE: 0.736181644574. Diff MSE: 0.000165940718464.
Iteration 300. I-divergence: 1428.42767434. MSE: 0.736016071684. Diff MSE: 0.000165572890082.
Iteration 301. I-divergence: 1428.11299676. MSE: 0.735850865182. Diff MSE: 0.000165206502318.
Iteration 302. I-divergence: 1427.79901713. MSE: 0.735686023625. Diff MSE: 0.00016484155687.
Iteration 303. I-divergence: 1427.48573265. MSE: 0.735521545569. Diff MSE: 0.000164478055507.
Iteration 304. I-divergence: 1427.17314048. MSE: 0.735357429569. Diff MSE: 0.000164115999995.
Iteration 305. I-divergence: 1426.86123783. MSE: 0.735193674177. Diff MSE: 0.000163755392177.
Iteration 306. I-divergence: 1426.55002186. MSE: 0.735030277943. Diff MSE: 0.00016339623387.
Iteration 307. I-divergence: 1426.23948975. MSE: 0.734867239416. Diff MSE: 0.000163038526963.
Iteration 308. I-divergence: 1425.92963868. MSE: 0.734704557143. Diff MSE: 0.000162682273294.
Iteration 309. I-divergence: 1425.62046581. MSE: 0.734542229668. Diff MSE: 0.000162327474792.
Iteration 310. I-divergence: 1425.31196831. MSE: 0.734380255535. Diff MSE: 0.000161974133339.
Iteration 311. I-divergence: 1425.00414336. MSE: 0.734218633284. Diff MSE: 0.00016162225086.
Iteration 312. I-divergence: 1424.6969881. MSE: 0.734057361455. Diff MSE: 0.000161271829265.
Iteration 313. I-divergence: 1424.39049969. MSE: 0.733896438584. Diff MSE: 0.000160922870463.
Iteration 314. I-divergence: 1424.0846753. MSE: 0.733735863208. Diff MSE: 0.00016057537634.
Iteration 315. I-divergence: 1423.77951207. MSE: 0.733575633859. Diff MSE: 0.000160229348852.
Iteration 316. I-divergence: 1423.47500716. MSE: 0.733415749069. Diff MSE: 0.000159884789827.
Iteration 317. I-divergence: 1423.1711577. MSE: 0.733256207368. Diff MSE: 0.000159541701226.
Iteration 318. I-divergence: 1422.86796085. MSE: 0.733097007283. Diff MSE: 0.00015920008483.
Iteration 319. I-divergence: 1422.56541374. MSE: 0.732938147341. Diff MSE: 0.000158859942544.
Iteration 320. I-divergence: 1422.26351352. MSE: 0.732779626065. Diff MSE: 0.000158521276163.
Iteration 321. I-divergence: 1421.96225731. MSE: 0.732621441977. Diff MSE: 0.000158184087505.
Iteration 322. I-divergence: 1421.66164224. MSE: 0.732463593599. Diff MSE: 0.000157848378334.
Iteration 323. I-divergence: 1421.36166546. MSE: 0.732306079448. Diff MSE: 0.000157514150385.
Iteration 324. I-divergence: 1421.06232408. MSE: 0.732148898043. Diff MSE: 0.000157181405388.
Iteration 325. I-divergence: 1420.76361523. MSE: 0.731992047898. Diff MSE: 0.000156850145018.
Iteration 326. I-divergence: 1420.46553603. MSE: 0.731835527527. Diff MSE: 0.000156520370887.
Iteration 327. I-divergence: 1420.16808359. MSE: 0.731679335442. Diff MSE: 0.000156192084644.
Iteration 328. I-divergence: 1419.87125505. MSE: 0.731523470155. Diff MSE: 0.000155865287798.
Iteration 329. I-divergence: 1419.5750475. MSE: 0.731367930173. Diff MSE: 0.000155539981888.
Iteration 330. I-divergence: 1419.27945807. MSE: 0.731212714004. Diff MSE: 0.00015521616838.
Iteration 331. I-divergence: 1418.98448386. MSE: 0.731057820156. Diff MSE: 0.00015489384868.
Iteration 332. I-divergence: 1418.69012198. MSE: 0.730903247131. Diff MSE: 0.000154573024193.
Iteration 333. I-divergence: 1418.39636954. MSE: 0.730748993435. Diff MSE: 0.000154253696184.
Iteration 334. I-divergence: 1418.10322365. MSE: 0.730595057569. Diff MSE: 0.000153935865935.
Iteration 335. I-divergence: 1417.8106814. MSE: 0.730441438035. Diff MSE: 0.000153619534689.
Iteration 336. I-divergence: 1417.51873989. MSE: 0.730288133331. Diff MSE: 0.000153304703516.
Iteration 337. I-divergence: 1417.22739623. MSE: 0.730135141958. Diff MSE: 0.000152991373577.
Iteration 338. I-divergence: 1416.93664751. MSE: 0.729982462412. Diff MSE: 0.000152679545858.
Iteration 339. I-divergence: 1416.64649084. MSE: 0.72983009319. Diff MSE: 0.00015236922131.
Iteration 340. I-divergence: 1416.3569233. MSE: 0.729678032789. Diff MSE: 0.000152060400874.
Iteration 341. I-divergence: 1416.06794199. MSE: 0.729526279704. Diff MSE: 0.000151753085339.
Iteration 342. I-divergence: 1415.77954401. MSE: 0.729374832429. Diff MSE: 0.000151447275489.
Iteration 343. I-divergence: 1415.49172645. MSE: 0.729223689457. Diff MSE: 0.00015114297201.
Iteration 344. I-divergence: 1415.20448639. MSE: 0.729072849281. Diff MSE: 0.000150840175539.
Iteration 345. I-divergence: 1414.91782094. MSE: 0.728922310394. Diff MSE: 0.000150538886613.
Iteration 346. I-divergence: 1414.63172718. MSE: 0.728772071289. Diff MSE: 0.000150239105694.
Iteration 347. I-divergence: 1414.34620221. MSE: 0.728622130456. Diff MSE: 0.000149940833235.
Iteration 348. I-divergence: 1414.06124311. MSE: 0.728472486386. Diff MSE: 0.000149644069494.
Iteration 349. I-divergence: 1413.77684698. MSE: 0.728323137571. Diff MSE: 0.000149348814807.
Iteration 350. I-divergence: 1413.49301091. MSE: 0.728174082502. Diff MSE: 0.000149055069305.
Iteration 351. I-divergence: 1413.20973199. MSE: 0.728025319669. Diff MSE: 0.000148762833051.
Iteration 352. I-divergence: 1412.9270073. MSE: 0.727876847563. Diff MSE: 0.000148472106106.
Iteration 353. I-divergence: 1412.64483395. MSE: 0.727728664674. Diff MSE: 0.000148182888428.
Iteration 354. I-divergence: 1412.36320903. MSE: 0.727580769495. Diff MSE: 0.000147895179808.
Iteration 355. I-divergence: 1412.08212963. MSE: 0.727433160514. Diff MSE: 0.000147608980067.
Iteration 356. I-divergence: 1411.80159285. MSE: 0.727285836226. Diff MSE: 0.000147324288892.
Iteration 357. I-divergence: 1411.52159578. MSE: 0.72713879512. Diff MSE: 0.000147041105861.
Iteration 358. I-divergence: 1411.24213552. MSE: 0.726992035689. Diff MSE: 0.000146759430549.
Iteration 359. I-divergence: 1410.96320917. MSE: 0.726845556427. Diff MSE: 0.000146479262374.
Iteration 360. I-divergence: 1410.68481383. MSE: 0.726699355826. Diff MSE: 0.000146200600672.
Iteration 361. I-divergence: 1410.4069466. MSE: 0.726553432381. Diff MSE: 0.000145923444708.
Iteration 362. I-divergence: 1410.12960459. MSE: 0.726407784588. Diff MSE: 0.000145647793761.
Iteration 363. I-divergence: 1409.85278491. MSE: 0.726262410941. Diff MSE: 0.000145373646784.
Iteration 364. I-divergence: 1409.57648466. MSE: 0.726117309938. Diff MSE: 0.000145101002925.
Iteration 365. I-divergence: 1409.30070095. MSE: 0.725972480077. Diff MSE: 0.000144829861018.
Iteration 366. I-divergence: 1409.02543091. MSE: 0.725827919857. Diff MSE: 0.000144560219955.
Iteration 367. I-divergence: 1408.75067164. MSE: 0.725683627779. Diff MSE: 0.000144292078475.
Iteration 368. I-divergence: 1408.47642027. MSE: 0.725539602343. Diff MSE: 0.000144025435219.
Iteration 369. I-divergence: 1408.20267392. MSE: 0.725395842054. Diff MSE: 0.000143760288822.
Iteration 370. I-divergence: 1407.92942971. MSE: 0.725252345417. Diff MSE: 0.000143496637714.
Iteration 371. I-divergence: 1407.65668478. MSE: 0.725109110936. Diff MSE: 0.000143234480334.
Iteration 372. I-divergence: 1407.38443626. MSE: 0.724966137121. Diff MSE: 0.000142973814991.
Iteration 373. I-divergence: 1407.11268128. MSE: 0.724823422482. Diff MSE: 0.000142714639912.
Iteration 374. I-divergence: 1406.84141699. MSE: 0.724680965528. Diff MSE: 0.000142456953246.
Iteration 375. I-divergence: 1406.57064053. MSE: 0.724538764775. Diff MSE: 0.000142200753053.
Iteration 376. I-divergence: 1406.30034905. MSE: 0.724396818738. Diff MSE: 0.000141946037258.
Iteration 377. I-divergence: 1406.0305397. MSE: 0.724255125934. Diff MSE: 0.000141692803791.
Iteration 378. I-divergence: 1405.76120964. MSE: 0.724113684884. Diff MSE: 0.000141441050449.
Iteration 379. I-divergence: 1405.49235604. MSE: 0.723972494109. Diff MSE: 0.000141190774894.
Iteration 380. I-divergence: 1405.22397606. MSE: 0.723831552134. Diff MSE: 0.00014094197477.
Iteration 381. I-divergence: 1404.95606688. MSE: 0.723690857486. Diff MSE: 0.000140694647637.
Iteration 382. I-divergence: 1404.68862567. MSE: 0.723550408695. Diff MSE: 0.000140448790926.
Iteration 383. I-divergence: 1404.42164961. MSE: 0.723410204294. Diff MSE: 0.000140204401972.
Iteration 384. I-divergence: 1404.15513589. MSE: 0.723270242815. Diff MSE: 0.000139961478097.
Iteration 385. I-divergence: 1403.88908172. MSE: 0.723130522799. Diff MSE: 0.000139720016509.
Iteration 386. I-divergence: 1403.62348428. MSE: 0.722991042785. Diff MSE: 0.000139480014269.
Iteration 387. I-divergence: 1403.35834078. MSE: 0.722851801316. Diff MSE: 0.000139241468442.
Iteration 388. I-divergence: 1403.09364844. MSE: 0.72271279694. Diff MSE: 0.000139004375967.
Iteration 389. I-divergence: 1402.82940447. MSE: 0.722574028207. Diff MSE: 0.0001387687337.
Iteration 390. I-divergence: 1402.5656061. MSE: 0.722435493668. Diff MSE: 0.000138534538437.
Iteration 391. I-divergence: 1402.30225056. MSE: 0.722297191881. Diff MSE: 0.000138301786866.
Iteration 392. I-divergence: 1402.03933509. MSE: 0.722159121406. Diff MSE: 0.000138070475624.
Iteration 393. I-divergence: 1401.77685693. MSE: 0.722021280804. Diff MSE: 0.000137840601204.
Iteration 394. I-divergence: 1401.51481333. MSE: 0.721883668644. Diff MSE: 0.000137612160163.
Iteration 395. I-divergence: 1401.25320155. MSE: 0.721746283495. Diff MSE: 0.000137385148772.
Iteration 396. I-divergence: 1400.99201886. MSE: 0.721609123932. Diff MSE: 0.000137159563417.
Iteration 397. I-divergence: 1400.73126254. MSE: 0.721472188532. Diff MSE: 0.000136935400283.
Iteration 398. I-divergence: 1400.47092986. MSE: 0.721335475876. Diff MSE: 0.000136712655547.
Iteration 399. I-divergence: 1400.21101811. MSE: 0.721198984551. Diff MSE: 0.000136491325268.
Iteration 400. I-divergence: 1399.95152458. MSE: 0.721062713146. Diff MSE: 0.000136271405436.
Iteration 401. I-divergence: 1399.69244659. MSE: 0.720926660254. Diff MSE: 0.000136052892003.
Iteration 402. I-divergence: 1399.43378145. MSE: 0.720790824473. Diff MSE: 0.000135835780814.
Iteration 403. I-divergence: 1399.17552647. MSE: 0.720655204405. Diff MSE: 0.00013562006763.
Iteration 404. I-divergence: 1398.91767899. MSE: 0.720519798657. Diff MSE: 0.000135405748195.
Iteration 405. I-divergence: 1398.66023634. MSE: 0.720384605839. Diff MSE: 0.000135192818097.
Iteration 406. I-divergence: 1398.40319587. MSE: 0.720249624566. Diff MSE: 0.000134981272944.
Iteration 407. I-divergence: 1398.14655494. MSE: 0.720114853458. Diff MSE: 0.000134771108235.
Iteration 408. I-divergence: 1397.8903109. MSE: 0.719980291138. Diff MSE: 0.000134562319372.
Iteration 409. I-divergence: 1397.63446114. MSE: 0.719845936236. Diff MSE: 0.000134354901726.
Iteration 410. I-divergence: 1397.37900304. MSE: 0.719711787386. Diff MSE: 0.000134148850604.
Iteration 411. I-divergence: 1397.12393398. MSE: 0.719577843225. Diff MSE: 0.000133944161249.
Iteration 412. I-divergence: 1396.86925137. MSE: 0.719444102396. Diff MSE: 0.000133740828793.
Iteration 413. I-divergence: 1396.61495261. MSE: 0.719310563548. Diff MSE: 0.00013353884835.
Iteration 414. I-divergence: 1396.36103513. MSE: 0.719177225333. Diff MSE: 0.000133338214978.
Iteration 415. I-divergence: 1396.10749637. MSE: 0.719044086409. Diff MSE: 0.000133138923637.
Iteration 416. I-divergence: 1395.85433374. MSE: 0.71891114544. Diff MSE: 0.000132940969228.
Iteration 417. I-divergence: 1395.60154472. MSE: 0.718778401093. Diff MSE: 0.000132744346667.
Iteration 418. I-divergence: 1395.34912675. MSE: 0.718645852042. Diff MSE: 0.000132549050648.
Iteration 419. I-divergence: 1395.09707731. MSE: 0.718513496966. Diff MSE: 0.000132355076031.
Iteration 420. I-divergence: 1394.84539387. MSE: 0.718381334549. Diff MSE: 0.000132162417441.
Iteration 421. I-divergence: 1394.59407393. MSE: 0.718249363479. Diff MSE: 0.000131971069477.
Iteration 422. I-divergence: 1394.34311499. MSE: 0.718117582453. Diff MSE: 0.000131781026765.
Iteration 423. I-divergence: 1394.09251455. MSE: 0.717985990169. Diff MSE: 0.000131592283794.
Iteration 424. I-divergence: 1393.84227015. MSE: 0.717854585334. Diff MSE: 0.000131404835028.
Iteration 425. I-divergence: 1393.59237931. MSE: 0.717723366659. Diff MSE: 0.000131218674908.
Iteration 426. I-divergence: 1393.34283958. MSE: 0.717592332861. Diff MSE: 0.000131033797776.
Iteration 427. I-divergence: 1393.09364851. MSE: 0.717461482663. Diff MSE: 0.000130850197941.
Iteration 428. I-divergence: 1392.84480367. MSE: 0.717330814794. Diff MSE: 0.000130667869666.
Iteration 429. I-divergence: 1392.59630263. MSE: 0.717200327986. Diff MSE: 0.000130486807192.
Iteration 430. I-divergence: 1392.34814298. MSE: 0.717070020982. Diff MSE: 0.000130307004686.
Iteration 431. I-divergence: 1392.10032233. MSE: 0.716939892525. Diff MSE: 0.000130128456233.
Iteration 432. I-divergence: 1391.85283828. MSE: 0.716809941369. Diff MSE: 0.000129951155948.
Iteration 433. I-divergence: 1391.60568846. MSE: 0.716680166272. Diff MSE: 0.000129775097874.
Iteration 434. I-divergence: 1391.3588705. MSE: 0.716550565996. Diff MSE: 0.00012960027599.
Iteration 435. I-divergence: 1391.11238204. MSE: 0.716421139311. Diff MSE: 0.000129426684232.
Iteration 436. I-divergence: 1390.86622074. MSE: 0.716291884995. Diff MSE: 0.000129254316549.
Iteration 437. I-divergence: 1390.62038427. MSE: 0.716162801828. Diff MSE: 0.000129083166763.
Iteration 438. I-divergence: 1390.37487031. MSE: 0.716033888599. Diff MSE: 0.000128913228748.
Iteration 439. I-divergence: 1390.12967656. MSE: 0.715905144103. Diff MSE: 0.000128744496319.
Iteration 440. I-divergence: 1389.88480071. MSE: 0.71577656714. Diff MSE: 0.000128576963179.
Iteration 441. I-divergence: 1389.64024049. MSE: 0.715648156517. Diff MSE: 0.000128410623077.
Iteration 442. I-divergence: 1389.39599363. MSE: 0.715519911047. Diff MSE: 0.00012824546972.
Iteration 443. I-divergence: 1389.15205785. MSE: 0.71539182955. Diff MSE: 0.000128081496742.
Iteration 444. I-divergence: 1388.90843093. MSE: 0.715263910852. Diff MSE: 0.000127918697784.
Iteration 445. I-divergence: 1388.66511061. MSE: 0.715136153786. Diff MSE: 0.000127757066419.
Iteration 446. I-divergence: 1388.42209469. MSE: 0.71500855719. Diff MSE: 0.000127596596238.
Iteration 447. I-divergence: 1388.17938095. MSE: 0.714881119909. Diff MSE: 0.000127437280736.
Iteration 448. I-divergence: 1387.93696719. MSE: 0.714753840796. Diff MSE: 0.000127279113453.
Iteration 449. I-divergence: 1387.69485123. MSE: 0.714626718708. Diff MSE: 0.000127122087855.
Iteration 450. I-divergence: 1387.45303089. MSE: 0.71449975251. Diff MSE: 0.000126966197396.
Iteration 451. I-divergence: 1387.21150402. MSE: 0.714372941075. Diff MSE: 0.000126811435487.
Iteration 452. I-divergence: 1386.97026847. MSE: 0.714246283279. Diff MSE: 0.000126657795558.
Iteration 453. I-divergence: 1386.7293221. MSE: 0.714119778008. Diff MSE: 0.000126505270966.
Iteration 454. I-divergence: 1386.48866279. MSE: 0.713993424153. Diff MSE: 0.00012635385504.
Iteration 455. I-divergence: 1386.24828843. MSE: 0.713867220612. Diff MSE: 0.000126203541175.
Iteration 456. I-divergence: 1386.00819693. MSE: 0.713741166289. Diff MSE: 0.000126054322671.
Iteration 457. I-divergence: 1385.76838621. MSE: 0.713615260097. Diff MSE: 0.000125906192775.
Iteration 458. I-divergence: 1385.52885418. MSE: 0.713489500952. Diff MSE: 0.000125759144801.
Iteration 459. I-divergence: 1385.2895988. MSE: 0.71336388778. Diff MSE: 0.000125613171998.
Iteration 460. I-divergence: 1385.05061802. MSE: 0.713238419512. Diff MSE: 0.000125468267608.
Iteration 461. I-divergence: 1384.81190981. MSE: 0.713113095087. Diff MSE: 0.000125324424878.
Iteration 462. I-divergence: 1384.57347215. MSE: 0.71298791345. Diff MSE: 0.000125181636965.
Iteration 463. I-divergence: 1384.33530302. MSE: 0.712862873553. Diff MSE: 0.000125039897105.
Iteration 464. I-divergence: 1384.09740045. MSE: 0.712737974355. Diff MSE: 0.00012489919848.
Iteration 465. I-divergence: 1383.85976245. MSE: 0.712613214821. Diff MSE: 0.000124759534239.
Iteration 466. I-divergence: 1383.62238705. MSE: 0.712488593923. Diff MSE: 0.000124620897567.
Iteration 467. I-divergence: 1383.3852723. MSE: 0.712364110641. Diff MSE: 0.000124483281598.
Iteration 468. I-divergence: 1383.14841626. MSE: 0.712239763962. Diff MSE: 0.000124346679456.
Iteration 469. I-divergence: 1382.911817. MSE: 0.712115552878. Diff MSE: 0.000124211084303.
Iteration 470. I-divergence: 1382.67547261. MSE: 0.711991476388. Diff MSE: 0.000124076489229.
Iteration 471. I-divergence: 1382.43938119. MSE: 0.711867533501. Diff MSE: 0.000123942887384.
Iteration 472. I-divergence: 1382.20354084. MSE: 0.711743723229. Diff MSE: 0.000123810271846.
Iteration 473. I-divergence: 1381.96794969. MSE: 0.711620044594. Diff MSE: 0.000123678635722.
Iteration 474. I-divergence: 1381.73260589. MSE: 0.711496496621. Diff MSE: 0.000123547972117.
Iteration 475. I-divergence: 1381.49750758. MSE: 0.711373078347. Diff MSE: 0.000123418274145.
Iteration 476. I-divergence: 1381.26265293. MSE: 0.711249788812. Diff MSE: 0.000123289534846.
Iteration 477. I-divergence: 1381.02804011. MSE: 0.711126627065. Diff MSE: 0.000123161747365.
Iteration 478. I-divergence: 1380.79366733. MSE: 0.71100359216. Diff MSE: 0.000123034904756.
Iteration 479. I-divergence: 1380.55953277. MSE: 0.71088068316. Diff MSE: 0.000122909000117.
Iteration 480. I-divergence: 1380.32563466. MSE: 0.710757899134. Diff MSE: 0.000122784026521.
Iteration 481. I-divergence: 1380.09197123. MSE: 0.710635239157. Diff MSE: 0.000122659977059.
Iteration 482. I-divergence: 1379.85854072. MSE: 0.710512702312. Diff MSE: 0.00012253684485.
Iteration 483. I-divergence: 1379.62534139. MSE: 0.710390287689. Diff MSE: 0.000122414622934.
Iteration 484. I-divergence: 1379.39237152. MSE: 0.710267994384. Diff MSE: 0.000122293304441.
Iteration 485. I-divergence: 1379.15962937. MSE: 0.710145821502. Diff MSE: 0.000122172882457.
Iteration 486. I-divergence: 1378.92711326. MSE: 0.710023768152. Diff MSE: 0.000122053350094.
Iteration 487. I-divergence: 1378.69482149. MSE: 0.709901833451. Diff MSE: 0.000121934700443.
Iteration 488. I-divergence: 1378.46275238. MSE: 0.709780016525. Diff MSE: 0.000121816926606.
Iteration 489. I-divergence: 1378.23090427. MSE: 0.709658316503. Diff MSE: 0.000121700021738.
Iteration 490. I-divergence: 1377.99927551. MSE: 0.709536732524. Diff MSE: 0.000121583978934.
Iteration 491. I-divergence: 1377.76786445. MSE: 0.709415263733. Diff MSE: 0.00012146879135.
Iteration 492. I-divergence: 1377.53666949. MSE: 0.709293909281. Diff MSE: 0.000121354452082.
Iteration 493. I-divergence: 1377.30568899. MSE: 0.709172668326. Diff MSE: 0.00012124095435.
Iteration 494. I-divergence: 1377.07492138. MSE: 0.709051540035. Diff MSE: 0.000121128291235.
Iteration 495. I-divergence: 1376.84436505. MSE: 0.708930523579. Diff MSE: 0.000121016455988.
Iteration 496. I-divergence: 1376.61401844. MSE: 0.708809618137. Diff MSE: 0.000120905441732.
Iteration 497. I-divergence: 1376.38387999. MSE: 0.708688822896. Diff MSE: 0.000120795241686.
Iteration 498. I-divergence: 1376.15394815. MSE: 0.708568137047. Diff MSE: 0.000120685849038.
Iteration 499. I-divergence: 1375.92422138. MSE: 0.70844755979. Diff MSE: 0.000120577256996.
Iteration 500. I-divergence: 1375.69469818. MSE: 0.708327090331. Diff MSE: 0.000120469458821.
Iteration 501. I-divergence: 1375.46537702. MSE: 0.708206727883. Diff MSE: 0.000120362447736.
Iteration 502. I-divergence: 1375.23625641. MSE: 0.708086471666. Diff MSE: 0.000120256217019.
Iteration 503. I-divergence: 1375.00733488. MSE: 0.707966320906. Diff MSE: 0.000120150759899.
Iteration 504. I-divergence: 1374.77861095. MSE: 0.707846274836. Diff MSE: 0.000120046069694.
Iteration 505. I-divergence: 1374.55008316. MSE: 0.707726332697. Diff MSE: 0.000119942139711.
Iteration 506. I-divergence: 1374.32175008. MSE: 0.707606493734. Diff MSE: 0.000119838963249.
Iteration 507. I-divergence: 1374.09361026. MSE: 0.7074867572. Diff MSE: 0.000119736533661.
Iteration 508. I-divergence: 1373.8656623. MSE: 0.707367122356. Diff MSE: 0.000119634844306.
Iteration 509. I-divergence: 1373.63790479. MSE: 0.707247588467. Diff MSE: 0.000119533888519.
Iteration 510. I-divergence: 1373.41033633. MSE: 0.707128154807. Diff MSE: 0.000119433659723.
Iteration 511. I-divergence: 1373.18295554. MSE: 0.707008820656. Diff MSE: 0.000119334151318.
Iteration 512. I-divergence: 1372.95576105. MSE: 0.706889585299. Diff MSE: 0.000119235356723.
Iteration 513. I-divergence: 1372.72875151. MSE: 0.70677044803. Diff MSE: 0.00011913726939.
Iteration 514. I-divergence: 1372.50192558. MSE: 0.706651408147. Diff MSE: 0.000119039882778.
Iteration 515. I-divergence: 1372.27528193. MSE: 0.706532464957. Diff MSE: 0.000118943190391.
Iteration 516. I-divergence: 1372.04881923. MSE: 0.706413617771. Diff MSE: 0.000118847185703.
Iteration 517. I-divergence: 1371.82253618. MSE: 0.706294865909. Diff MSE: 0.000118751862285.
Iteration 518. I-divergence: 1371.59643148. MSE: 0.706176208695. Diff MSE: 0.000118657213659.
Iteration 519. I-divergence: 1371.37050386. MSE: 0.706057645462. Diff MSE: 0.000118563233387.
Iteration 520. I-divergence: 1371.14475205. MSE: 0.705939175547. Diff MSE: 0.000118469915117.
Iteration 521. I-divergence: 1370.91917479. MSE: 0.705820798294. Diff MSE: 0.000118377252389.
Iteration 522. I-divergence: 1370.69377083. MSE: 0.705702513055. Diff MSE: 0.000118285238899.
Iteration 523. I-divergence: 1370.46853894. MSE: 0.705584319187. Diff MSE: 0.000118193868289.
Iteration 524. I-divergence: 1370.24347791. MSE: 0.705466216053. Diff MSE: 0.000118103134275.
Iteration 525. I-divergence: 1370.01858651. MSE: 0.705348203022. Diff MSE: 0.000118013030523.
Iteration 526. I-divergence: 1369.79386356. MSE: 0.705230279471. Diff MSE: 0.000117923550779.
Iteration 527. I-divergence: 1369.56930787. MSE: 0.705112444783. Diff MSE: 0.000117834688843.
Iteration 528. I-divergence: 1369.34491826. MSE: 0.704994698344. Diff MSE: 0.000117746438471.
Iteration 529. I-divergence: 1369.12069359. MSE: 0.704877039551. Diff MSE: 0.00011765879346.
Iteration 530. I-divergence: 1368.89663268. MSE: 0.704759467803. Diff MSE: 0.000117571747671.
Iteration 531. I-divergence: 1368.67273442. MSE: 0.704641982508. Diff MSE: 0.000117485294981.
Iteration 532. I-divergence: 1368.44899767. MSE: 0.704524583079. Diff MSE: 0.000117399429217.
Iteration 533. I-divergence: 1368.22542131. MSE: 0.704407268934. Diff MSE: 0.000117314144346.
Iteration 534. I-divergence: 1368.00200425. MSE: 0.7042900395. Diff MSE: 0.000117229434333.
Iteration 535. I-divergence: 1367.77874539. MSE: 0.704172894207. Diff MSE: 0.00011714529309.
Iteration 536. I-divergence: 1367.55564366. MSE: 0.704055832492. Diff MSE: 0.000117061714637.
Iteration 537. I-divergence: 1367.33269798. MSE: 0.703938853799. Diff MSE: 0.000116978693016.
Iteration 538. I-divergence: 1367.10990729. MSE: 0.703821957577. Diff MSE: 0.000116896222246.
Iteration 539. I-divergence: 1366.88727056. MSE: 0.703705143281. Diff MSE: 0.000116814296429.
Iteration 540. I-divergence: 1366.66478675. MSE: 0.703588410371. Diff MSE: 0.000116732909666.
Iteration 541. I-divergence: 1366.44245482. MSE: 0.703471758315. Diff MSE: 0.000116652056117.
Iteration 542. I-divergence: 1366.22027378. MSE: 0.703355186585. Diff MSE: 0.000116571729904.
Iteration 543. I-divergence: 1365.99824262. MSE: 0.70323869466. Diff MSE: 0.000116491925247.
Iteration 544. I-divergence: 1365.77636034. MSE: 0.703122282023. Diff MSE: 0.000116412636397.
Iteration 545. I-divergence: 1365.55462598. MSE: 0.703005948166. Diff MSE: 0.000116333857541.
Iteration 546. I-divergence: 1365.33303855. MSE: 0.702889692583. Diff MSE: 0.000116255583034.
Iteration 547. I-divergence: 1365.11159711. MSE: 0.702773514776. Diff MSE: 0.000116177807114.
Iteration 548. I-divergence: 1364.8903007. MSE: 0.702657414251. Diff MSE: 0.000116100524179.
Iteration 549. I-divergence: 1364.6691484. MSE: 0.702541390523. Diff MSE: 0.000116023728598.
Iteration 550. I-divergence: 1364.44813927. MSE: 0.702425443108. Diff MSE: 0.000115947414735.
Iteration 551. I-divergence: 1364.2272724. MSE: 0.702309571531. Diff MSE: 0.000115871577051.
Iteration 552. I-divergence: 1364.00654689. MSE: 0.702193775321. Diff MSE: 0.000115796209997.
Iteration 553. I-divergence: 1363.78596184. MSE: 0.702078054013. Diff MSE: 0.000115721308087.
Iteration 554. I-divergence: 1363.56551637. MSE: 0.701962407147. Diff MSE: 0.000115646865811.
Iteration 555. I-divergence: 1363.34520961. MSE: 0.701846834269. Diff MSE: 0.000115572877738.
Iteration 556. I-divergence: 1363.12504069. MSE: 0.701731334931. Diff MSE: 0.000115499338471.
Iteration 557. I-divergence: 1362.90500877. MSE: 0.701615908688. Diff MSE: 0.0001154262426.
Iteration 558. I-divergence: 1362.68511299. MSE: 0.701500555104. Diff MSE: 0.0001153535848.
Iteration 559. I-divergence: 1362.46535253. MSE: 0.701385273744. Diff MSE: 0.000115281359705.
Iteration 560. I-divergence: 1362.24572657. MSE: 0.701270064182. Diff MSE: 0.000115209562078.
Iteration 561. I-divergence: 1362.0262343. MSE: 0.701154925995. Diff MSE: 0.000115138186616.
Iteration 562. I-divergence: 1361.80687491. MSE: 0.701039858767. Diff MSE: 0.000115067228125.
Iteration 563. I-divergence: 1361.58764761. MSE: 0.700924862086. Diff MSE: 0.000114996681393.
Iteration 564. I-divergence: 1361.36855162. MSE: 0.700809935544. Diff MSE: 0.000114926541267.
Iteration 565. I-divergence: 1361.14958618. MSE: 0.700695078742. Diff MSE: 0.000114856802581.
Iteration 566. I-divergence: 1360.9307505. MSE: 0.700580291282. Diff MSE: 0.000114787460276.
Iteration 567. I-divergence: 1360.71204385. MSE: 0.700465572772. Diff MSE: 0.000114718509279.
Iteration 568. I-divergence: 1360.49346549. MSE: 0.700350922828. Diff MSE: 0.000114649944538.
Iteration 569. I-divergence: 1360.27501466. MSE: 0.700236341067. Diff MSE: 0.000114581761035.
Iteration 570. I-divergence: 1360.05669067. MSE: 0.700121827113. Diff MSE: 0.000114513953839.
Iteration 571. I-divergence: 1359.83849278. MSE: 0.700007380595. Diff MSE: 0.000114446517953.
Iteration 572. I-divergence: 1359.62042029. MSE: 0.699893001146. Diff MSE: 0.000114379448544.
Iteration 573. I-divergence: 1359.40247251. MSE: 0.699778688406. Diff MSE: 0.000114312740664.
Iteration 574. I-divergence: 1359.18464876. MSE: 0.699664442016. Diff MSE: 0.00011424638951.
Iteration 575. I-divergence: 1358.96694835. MSE: 0.699550261626. Diff MSE: 0.000114180390267.
Iteration 576. I-divergence: 1358.74937061. MSE: 0.699436146888. Diff MSE: 0.000114114738134.
Iteration 577. I-divergence: 1358.53191489. MSE: 0.699322097459. Diff MSE: 0.000114049428377.
Iteration 578. I-divergence: 1358.31458054. MSE: 0.699208113003. Diff MSE: 0.000113984456287.
Iteration 579. I-divergence: 1358.09736692. MSE: 0.699094193186. Diff MSE: 0.000113919817181.
Iteration 580. I-divergence: 1357.88027339. MSE: 0.69898033768. Diff MSE: 0.000113855506386.
Iteration 581. I-divergence: 1357.66329933. MSE: 0.69886654616. Diff MSE: 0.000113791519312.
Iteration 582. I-divergence: 1357.44644412. MSE: 0.698752818309. Diff MSE: 0.000113727851368.
Iteration 583. I-divergence: 1357.22970717. MSE: 0.698639153811. Diff MSE: 0.000113664498002.
Iteration 584. I-divergence: 1357.01308787. MSE: 0.698525552356. Diff MSE: 0.000113601454632.
Iteration 585. I-divergence: 1356.79658563. MSE: 0.698412013639. Diff MSE: 0.00011353871688.
Iteration 586. I-divergence: 1356.58019988. MSE: 0.698298537359. Diff MSE: 0.000113476280203.
Iteration 587. I-divergence: 1356.36393004. MSE: 0.698185123219. Diff MSE: 0.000113414140224.
Iteration 588. I-divergence: 1356.14777554. MSE: 0.698071770926. Diff MSE: 0.000113352292501.
Iteration 589. I-divergence: 1355.93173585. MSE: 0.697958480194. Diff MSE: 0.000113290732742.
Iteration 590. I-divergence: 1355.7158104. MSE: 0.697845250737. Diff MSE: 0.000113229456546.
Iteration 591. I-divergence: 1355.49999866. MSE: 0.697732082277. Diff MSE: 0.000113168459666.
Iteration 592. I-divergence: 1355.2843001. MSE: 0.69761897454. Diff MSE: 0.000113107737812.
Iteration 593. I-divergence: 1355.06871419. MSE: 0.697505927253. Diff MSE: 0.000113047286787.
Iteration 594. I-divergence: 1354.85324043. MSE: 0.697392940151. Diff MSE: 0.000112987102355.
Iteration 595. I-divergence: 1354.63787831. MSE: 0.69728001297. Diff MSE: 0.000112927180345.
Iteration 596. I-divergence: 1354.42262732. MSE: 0.697167145454. Diff MSE: 0.000112867516667.
Iteration 597. I-divergence: 1354.20748699. MSE: 0.697054337346. Diff MSE: 0.000112808107173.
Iteration 598. I-divergence: 1353.99245682. MSE: 0.696941588399. Diff MSE: 0.000112748947795.
Iteration 599. I-divergence: 1353.77753634. MSE: 0.696828898364. Diff MSE: 0.000112690034528.
Iteration 600. I-divergence: 1353.56272508. MSE: 0.696716267001. Diff MSE: 0.000112631363326.
Iteration 601. I-divergence: 1353.34802259. MSE: 0.69660369407. Diff MSE: 0.000112572930197.
Iteration 602. I-divergence: 1353.13342841. MSE: 0.696491179339. Diff MSE: 0.000112514731263.
Iteration 603. I-divergence: 1352.91894211. MSE: 0.696378722577. Diff MSE: 0.000112456762544.
Iteration 604. I-divergence: 1352.70456323. MSE: 0.696266323556. Diff MSE: 0.00011239902021.
Iteration 605. I-divergence: 1352.49029135. MSE: 0.696153982056. Diff MSE: 0.000112341500353.
Iteration 606. I-divergence: 1352.27612605. MSE: 0.696041697857. Diff MSE: 0.00011228419919.
Iteration 607. I-divergence: 1352.06206692. MSE: 0.695929470744. Diff MSE: 0.000112227112965.
Iteration 608. I-divergence: 1351.84811355. MSE: 0.695817300506. Diff MSE: 0.000112170237825.
Iteration 609. I-divergence: 1351.63426553. MSE: 0.695705186936. Diff MSE: 0.000112113570142.
Iteration 610. I-divergence: 1351.42052247. MSE: 0.69559312983. Diff MSE: 0.00011205710617.
Iteration 611. I-divergence: 1351.20688399. MSE: 0.695481128988. Diff MSE: 0.000112000842249.
Iteration 612. I-divergence: 1350.9933497. MSE: 0.695369184213. Diff MSE: 0.00011194477477.
Iteration 613. I-divergence: 1350.77991924. MSE: 0.695257295313. Diff MSE: 0.000111888900106.
Iteration 614. I-divergence: 1350.56659224. MSE: 0.695145462098. Diff MSE: 0.000111833214692.
Iteration 615. I-divergence: 1350.35336834. MSE: 0.695033684383. Diff MSE: 0.000111777714996.
Iteration 616. I-divergence: 1350.14024718. MSE: 0.694921961986. Diff MSE: 0.000111722397505.
Iteration 617. I-divergence: 1349.92722842. MSE: 0.694810294727. Diff MSE: 0.00011166725872.
Iteration 618. I-divergence: 1349.71431173. MSE: 0.694698682432. Diff MSE: 0.000111612295235.
Iteration 619. I-divergence: 1349.50149676. MSE: 0.694587124928. Diff MSE: 0.000111557503565.
Iteration 620. I-divergence: 1349.2887832. MSE: 0.694475622048. Diff MSE: 0.000111502880399.
Iteration 621. I-divergence: 1349.07617072. MSE: 0.694364173625. Diff MSE: 0.000111448422336.
Iteration 622. I-divergence: 1348.86365902. MSE: 0.694252779499. Diff MSE: 0.000111394126037.
Iteration 623. I-divergence: 1348.65124778. MSE: 0.694141439511. Diff MSE: 0.000111339988226.
Iteration 624. I-divergence: 1348.4389367. MSE: 0.694030153505. Diff MSE: 0.000111286005645.
Iteration 625. I-divergence: 1348.22672549. MSE: 0.69391892133. Diff MSE: 0.000111232175008.
Iteration 626. I-divergence: 1348.01461386. MSE: 0.693807742837. Diff MSE: 0.000111178493155.
Iteration 627. I-divergence: 1347.80260153. MSE: 0.69369661788. Diff MSE: 0.000111124956889.
Iteration 628. I-divergence: 1347.59068823. MSE: 0.693585546317. Diff MSE: 0.000111071563062.
Iteration 629. I-divergence: 1347.37887368. MSE: 0.693474528009. Diff MSE: 0.00011101830854.
Iteration 630. I-divergence: 1347.16715762. MSE: 0.693363562818. Diff MSE: 0.000110965190249.
Iteration 631. I-divergence: 1346.95553979. MSE: 0.693252650613. Diff MSE: 0.000110912205118.
Iteration 632. I-divergence: 1346.74401994. MSE: 0.693141791263. Diff MSE: 0.000110859350116.
Iteration 633. I-divergence: 1346.53259782. MSE: 0.693030984641. Diff MSE: 0.000110806622245.
Iteration 634. I-divergence: 1346.3212732. MSE: 0.692920230622. Diff MSE: 0.00011075401851.
Iteration 635. I-divergence: 1346.11004583. MSE: 0.692809529086. Diff MSE: 0.000110701536019.
Iteration 636. I-divergence: 1345.89891548. MSE: 0.692698879915. Diff MSE: 0.000110649171768.
Iteration 637. I-divergence: 1345.68788195. MSE: 0.692588282992. Diff MSE: 0.000110596922936.
Iteration 638. I-divergence: 1345.47694499. MSE: 0.692477738205. Diff MSE: 0.000110544786638.
Iteration 639. I-divergence: 1345.26610441. MSE: 0.692367245445. Diff MSE: 0.000110492760043.
Iteration 640. I-divergence: 1345.05535999. MSE: 0.692256804605. Diff MSE: 0.000110440840351.
Iteration 641. I-divergence: 1344.84471154. MSE: 0.69214641558. Diff MSE: 0.000110389024777.
Iteration 642. I-divergence: 1344.63415885. MSE: 0.692036078269. Diff MSE: 0.000110337310599.
Iteration 643. I-divergence: 1344.42370173. MSE: 0.691925792574. Diff MSE: 0.000110285695046.
Iteration 644. I-divergence: 1344.21334. MSE: 0.691815558399. Diff MSE: 0.000110234175485.
Iteration 645. I-divergence: 1344.00307347. MSE: 0.69170537565. Diff MSE: 0.000110182749222.
Iteration 646. I-divergence: 1343.79290198. MSE: 0.691595244236. Diff MSE: 0.000110131413596.
Iteration 647. I-divergence: 1343.58282534. MSE: 0.69148516407. Diff MSE: 0.000110080166048.
Iteration 648. I-divergence: 1343.37284339. MSE: 0.691375135066. Diff MSE: 0.000110029003969.
Iteration 649. I-divergence: 1343.16295597. MSE: 0.691265157141. Diff MSE: 0.000109977924796.
Iteration 650. I-divergence: 1342.95316292. MSE: 0.691155230215. Diff MSE: 0.000109926926029.
Iteration 651. I-divergence: 1342.7434641. MSE: 0.69104535421. Diff MSE: 0.000109876005138.
Iteration 652. I-divergence: 1342.53385935. MSE: 0.69093552905. Diff MSE: 0.00010982515965.
Iteration 653. I-divergence: 1342.32434853. MSE: 0.690825754663. Diff MSE: 0.000109774387149.
Iteration 654. I-divergence: 1342.1149315. MSE: 0.690716030978. Diff MSE: 0.000109723685199.
Iteration 655. I-divergence: 1341.90560814. MSE: 0.690606357927. Diff MSE: 0.000109673051389.
Iteration 656. I-divergence: 1341.69637831. MSE: 0.690496735443. Diff MSE: 0.000109622483353.
Iteration 657. I-divergence: 1341.48724189. MSE: 0.690387163464. Diff MSE: 0.000109571978809.
Iteration 658. I-divergence: 1341.27819876. MSE: 0.690277641929. Diff MSE: 0.000109521535363.
Iteration 659. I-divergence: 1341.0692488. MSE: 0.690168170778. Diff MSE: 0.000109471150758.
Iteration 660. I-divergence: 1340.86039191. MSE: 0.690058749956. Diff MSE: 0.00010942082276.
Iteration 661. I-divergence: 1340.65162798. MSE: 0.689949379406. Diff MSE: 0.000109370549077.
Iteration 662. I-divergence: 1340.4429569. MSE: 0.689840059079. Diff MSE: 0.000109320327537.
Iteration 663. I-divergence: 1340.23437857. MSE: 0.689730788923. Diff MSE: 0.000109270155956.
Iteration 664. I-divergence: 1340.02589291. MSE: 0.689621568891. Diff MSE: 0.000109220032165.
Iteration 665. I-divergence: 1339.81749983. MSE: 0.689512398937. Diff MSE: 0.000109169954016.
Iteration 666. I-divergence: 1339.60919923. MSE: 0.689403279017. Diff MSE: 0.000109119919437.
Iteration 667. I-divergence: 1339.40099104. MSE: 0.689294209091. Diff MSE: 0.000109069926307.
Iteration 668. I-divergence: 1339.19287519. MSE: 0.689185189118. Diff MSE: 0.000109019972586.
Iteration 669. I-divergence: 1338.98485158. MSE: 0.689076219062. Diff MSE: 0.000108970056246.
Iteration 670. I-divergence: 1338.77692016. MSE: 0.688967298887. Diff MSE: 0.000108920175255.
Iteration 671. I-divergence: 1338.56908087. MSE: 0.688858428559. Diff MSE: 0.000108870327661.
Iteration 672. I-divergence: 1338.36133363. MSE: 0.688749608048. Diff MSE: 0.0001088205115.
Iteration 673. I-divergence: 1338.15367839. MSE: 0.688640837323. Diff MSE: 0.000108770724822.
Iteration 674. I-divergence: 1337.9461151. MSE: 0.688532116357. Diff MSE: 0.000108720965721.
Iteration 675. I-divergence: 1337.7386437. MSE: 0.688423445125. Diff MSE: 0.000108671232317.
Iteration 676. I-divergence: 1337.53126414. MSE: 0.688314823602. Diff MSE: 0.000108621522739.
Iteration 677. I-divergence: 1337.32397639. MSE: 0.688206251767. Diff MSE: 0.000108571835178.
Iteration 678. I-divergence: 1337.1167804. MSE: 0.688097729599. Diff MSE: 0.000108522167807.
Iteration 679. I-divergence: 1336.90967614. MSE: 0.68798925708. Diff MSE: 0.000108472518811.
Iteration 680. I-divergence: 1336.70266357. MSE: 0.687880834194. Diff MSE: 0.000108422886469.
Iteration 681. I-divergence: 1336.49574266. MSE: 0.687772460925. Diff MSE: 0.000108373269005.
Iteration 682. I-divergence: 1336.28891339. MSE: 0.68766413726. Diff MSE: 0.000108323664725.
Iteration 683. I-divergence: 1336.08217572. MSE: 0.687555863188. Diff MSE: 0.000108274071923.
Iteration 684. I-divergence: 1335.87552965. MSE: 0.687447638699. Diff MSE: 0.000108224488925.
Iteration 685. I-divergence: 1335.66897515. MSE: 0.687339463785. Diff MSE: 0.000108174914098.
Iteration 686. I-divergence: 1335.46251222. MSE: 0.687231338439. Diff MSE: 0.000108125345815.
Iteration 687. I-divergence: 1335.25614083. MSE: 0.687123262657. Diff MSE: 0.000108075782442.
Iteration 688. I-divergence: 1335.04986098. MSE: 0.687015236435. Diff MSE: 0.000108026222479.
Iteration 689. I-divergence: 1334.84367267. MSE: 0.68690725977. Diff MSE: 0.000107976664285.
Iteration 690. I-divergence: 1334.63757589. MSE: 0.686799332664. Diff MSE: 0.000107927106367.
Iteration 691. I-divergence: 1334.43157065. MSE: 0.686691455117. Diff MSE: 0.000107877547213.
Iteration 692. I-divergence: 1334.22565695. MSE: 0.686583627131. Diff MSE: 0.000107827985354.
Iteration 693. I-divergence: 1334.0198348. MSE: 0.686475848712. Diff MSE: 0.000107778419292.
Iteration 694. I-divergence: 1333.8141042. MSE: 0.686368119864. Diff MSE: 0.000107728847618.
Iteration 695. I-divergence: 1333.60846517. MSE: 0.686260440596. Diff MSE: 0.000107679268877.
Iteration 696. I-divergence: 1333.40291773. MSE: 0.686152810914. Diff MSE: 0.000107629681676.
Iteration 697. I-divergence: 1333.19746188. MSE: 0.686045230829. Diff MSE: 0.000107580084685.
Iteration 698. I-divergence: 1332.99209766. MSE: 0.685937700353. Diff MSE: 0.000107530476496.
Iteration 699. I-divergence: 1332.78682508. MSE: 0.685830219497. Diff MSE: 0.000107480855797.
Iteration 700. I-divergence: 1332.58164418. MSE: 0.685722788276. Diff MSE: 0.000107431221287.
Iteration 701. I-divergence: 1332.37655497. MSE: 0.685615406704. Diff MSE: 0.000107381571675.
Iteration 702. I-divergence: 1332.17155749. MSE: 0.685508074798. Diff MSE: 0.000107331905673.
Iteration 703. I-divergence: 1331.96665177. MSE: 0.685400792576. Diff MSE: 0.000107282222074.
Iteration 704. I-divergence: 1331.76183785. MSE: 0.685293560057. Diff MSE: 0.000107232519603.
Iteration 705. I-divergence: 1331.55711576. MSE: 0.685186377259. Diff MSE: 0.0001071827971.
Iteration 706. I-divergence: 1331.35248555. MSE: 0.685079244206. Diff MSE: 0.000107133053362.
Iteration 707. I-divergence: 1331.14794725. MSE: 0.684972160919. Diff MSE: 0.000107083287262.
Iteration 708. I-divergence: 1330.94350092. MSE: 0.684865127421. Diff MSE: 0.000107033497589.
Iteration 709. I-divergence: 1330.73914659. MSE: 0.684758143738. Diff MSE: 0.000106983683302.
Iteration 710. I-divergence: 1330.53488432. MSE: 0.684651209895. Diff MSE: 0.000106933843254.
Iteration 711. I-divergence: 1330.33071416. MSE: 0.684544325918. Diff MSE: 0.000106883976372.
Iteration 712. I-divergence: 1330.12663616. MSE: 0.684437491837. Diff MSE: 0.000106834081634.
Iteration 713. I-divergence: 1329.92265037. MSE: 0.684330707679. Diff MSE: 0.000106784157969.
Iteration 714. I-divergence: 1329.71875685. MSE: 0.684223973474. Diff MSE: 0.000106734204374.
Iteration 715. I-divergence: 1329.51495567. MSE: 0.684117289255. Diff MSE: 0.00010668421984.
Iteration 716. I-divergence: 1329.31124687. MSE: 0.684010655051. Diff MSE: 0.000106634203399.
Iteration 717. I-divergence: 1329.10763053. MSE: 0.683904070897. Diff MSE: 0.000106584154105.
Iteration 718. I-divergence: 1328.90410671. MSE: 0.683797536826. Diff MSE: 0.000106534071025.
Iteration 719. I-divergence: 1328.70067547. MSE: 0.683691052873. Diff MSE: 0.000106483953221.
Iteration 720. I-divergence: 1328.49733689. MSE: 0.683584619073. Diff MSE: 0.000106433799798.
Iteration 721. I-divergence: 1328.29409103. MSE: 0.683478235463. Diff MSE: 0.000106383609913.
Iteration 722. I-divergence: 1328.09093796. MSE: 0.68337190208. Diff MSE: 0.000106333382676.
Iteration 723. I-divergence: 1327.88787776. MSE: 0.683265618963. Diff MSE: 0.000106283117261.
Iteration 724. I-divergence: 1327.68491049. MSE: 0.68315938615. Diff MSE: 0.000106232812851.
Iteration 725. I-divergence: 1327.48203625. MSE: 0.683053203682. Diff MSE: 0.000106182468649.
Iteration 726. I-divergence: 1327.2792551. MSE: 0.682947071598. Diff MSE: 0.00010613208388.
Iteration 727. I-divergence: 1327.07656713. MSE: 0.68284098994. Diff MSE: 0.000106081657762.
Iteration 728. I-divergence: 1326.8739724. MSE: 0.68273495875. Diff MSE: 0.000106031189575.
Iteration 729. I-divergence: 1326.67147102. MSE: 0.682628978072. Diff MSE: 0.000105980678598.
Iteration 730. I-divergence: 1326.46906306. MSE: 0.682523047948. Diff MSE: 0.000105930124118.
Iteration 731. I-divergence: 1326.2667486. MSE: 0.682417168422. Diff MSE: 0.000105879525446.
Iteration 732. I-divergence: 1326.06452773. MSE: 0.68231133954. Diff MSE: 0.000105828881936.
Iteration 733. I-divergence: 1325.86240054. MSE: 0.682205561347. Diff MSE: 0.000105778192923.
Iteration 734. I-divergence: 1325.66036712. MSE: 0.68209983389. Diff MSE: 0.000105727457793.
Iteration 735. I-divergence: 1325.45842755. MSE: 0.681994157214. Diff MSE: 0.000105676675908.
Iteration 736. I-divergence: 1325.25658193. MSE: 0.681888531367. Diff MSE: 0.000105625846702.
Iteration 737. I-divergence: 1325.05483035. MSE: 0.681782956397. Diff MSE: 0.000105574969598.
Iteration 738. I-divergence: 1324.8531729. MSE: 0.681677432353. Diff MSE: 0.000105524044034.
Iteration 739. I-divergence: 1324.65160968. MSE: 0.681571959284. Diff MSE: 0.00010547306948.
Iteration 740. I-divergence: 1324.45014078. MSE: 0.681466537238. Diff MSE: 0.000105422045391.
Iteration 741. I-divergence: 1324.2487663. MSE: 0.681361166267. Diff MSE: 0.000105370971295.
Iteration 742. I-divergence: 1324.04748634. MSE: 0.68125584642. Diff MSE: 0.00010531984671.
Iteration 743. I-divergence: 1323.84630099. MSE: 0.681150577749. Diff MSE: 0.000105268671139.
Iteration 744. I-divergence: 1323.64521035. MSE: 0.681045360305. Diff MSE: 0.000105217444166.
Iteration 745. I-divergence: 1323.44421452. MSE: 0.68094019414. Diff MSE: 0.000105166165329.
Iteration 746. I-divergence: 1323.24331361. MSE: 0.680835079306. Diff MSE: 0.000105114834241.
Iteration 747. I-divergence: 1323.04250771. MSE: 0.680730015855. Diff MSE: 0.000105063450471.
Iteration 748. I-divergence: 1322.84179693. MSE: 0.680625003841. Diff MSE: 0.000105012013697.
Iteration 749. I-divergence: 1322.64118137. MSE: 0.680520043318. Diff MSE: 0.000104960523495.
Iteration 750. I-divergence: 1322.44066113. MSE: 0.680415134338. Diff MSE: 0.000104908979543.
Iteration 751. I-divergence: 1322.24023632. MSE: 0.680310276957. Diff MSE: 0.000104857381537.
Iteration 752. I-divergence: 1322.03990704. MSE: 0.680205471228. Diff MSE: 0.000104805729131.
Iteration 753. I-divergence: 1321.8396734. MSE: 0.680100717206. Diff MSE: 0.000104754022031.
Iteration 754. I-divergence: 1321.6395355. MSE: 0.679996014946. Diff MSE: 0.00010470225999.
Iteration 755. I-divergence: 1321.43949346. MSE: 0.679891364503. Diff MSE: 0.000104650442722.
Iteration 756. I-divergence: 1321.23954737. MSE: 0.679786765933. Diff MSE: 0.000104598569984.
Iteration 757. I-divergence: 1321.03969735. MSE: 0.679682219291. Diff MSE: 0.000104546641535.
Iteration 758. I-divergence: 1320.8399435. MSE: 0.679577724634. Diff MSE: 0.000104494657191.
Iteration 759. I-divergence: 1320.64028593. MSE: 0.679473282018. Diff MSE: 0.000104442616741.
Iteration 760. I-divergence: 1320.44072475. MSE: 0.679368891498. Diff MSE: 0.000104390520021.
Iteration 761. I-divergence: 1320.24126008. MSE: 0.679264553131. Diff MSE: 0.000104338366806.
Iteration 762. I-divergence: 1320.04189201. MSE: 0.679160266974. Diff MSE: 0.000104286157027.
Iteration 763. I-divergence: 1319.84262066. MSE: 0.679056033083. Diff MSE: 0.000104233890514.
Iteration 764. I-divergence: 1319.64344614. MSE: 0.678951851516. Diff MSE: 0.00010418156715.
Iteration 765. I-divergence: 1319.44436856. MSE: 0.678847722329. Diff MSE: 0.000104129186832.
Iteration 766. I-divergence: 1319.24538803. MSE: 0.67874364558. Diff MSE: 0.000104076749472.
Iteration 767. I-divergence: 1319.04650466. MSE: 0.678639621325. Diff MSE: 0.000104024255047.
Iteration 768. I-divergence: 1318.84771855. MSE: 0.678535649621. Diff MSE: 0.000103971703415.
Iteration 769. I-divergence: 1318.64902983. MSE: 0.678431730527. Diff MSE: 0.000103919094593.
Iteration 770. I-divergence: 1318.4504386. MSE: 0.678327864098. Diff MSE: 0.000103866428574.
Iteration 771. I-divergence: 1318.25194498. MSE: 0.678224050393. Diff MSE: 0.000103813705299.
Iteration 772. I-divergence: 1318.05354907. MSE: 0.678120289468. Diff MSE: 0.000103760924804.
Iteration 773. I-divergence: 1317.85525098. MSE: 0.678016581381. Diff MSE: 0.000103708087107.
Iteration 774. I-divergence: 1317.65705083. MSE: 0.677912926189. Diff MSE: 0.000103655192236.
Iteration 775. I-divergence: 1317.45894872. MSE: 0.677809323948. Diff MSE: 0.000103602240243.
Iteration 776. I-divergence: 1317.26094477. MSE: 0.677705774717. Diff MSE: 0.000103549231201.
Iteration 777. I-divergence: 1317.06303909. MSE: 0.677602278552. Diff MSE: 0.000103496165177.
Iteration 778. I-divergence: 1316.86523178. MSE: 0.67749883551. Diff MSE: 0.000103443042273.
Iteration 779. I-divergence: 1316.66752296. MSE: 0.677395445647. Diff MSE: 0.000103389862587.
Iteration 780. I-divergence: 1316.46991274. MSE: 0.677292109021. Diff MSE: 0.000103336626267.
Iteration 781. I-divergence: 1316.27240123. MSE: 0.677188825687. Diff MSE: 0.000103283333422.
Iteration 782. I-divergence: 1316.07498854. MSE: 0.677085595703. Diff MSE: 0.000103229984216.
Iteration 783. I-divergence: 1315.87767477. MSE: 0.676982419124. Diff MSE: 0.000103176578792.
Iteration 784. I-divergence: 1315.68046003. MSE: 0.676879296007. Diff MSE: 0.000103123117371.
Iteration 785. I-divergence: 1315.48334444. MSE: 0.676776226407. Diff MSE: 0.000103069600107.
Iteration 786. I-divergence: 1315.28632809. MSE: 0.67667321038. Diff MSE: 0.000103016027218.
Iteration 787. I-divergence: 1315.08941111. MSE: 0.676570247981. Diff MSE: 0.000102962398925.
Iteration 788. I-divergence: 1314.89259359. MSE: 0.676467339265. Diff MSE: 0.000102908715475.
Iteration 789. I-divergence: 1314.69587565. MSE: 0.676364484288. Diff MSE: 0.000102854977073.
Iteration 790. I-divergence: 1314.49925739. MSE: 0.676261683104. Diff MSE: 0.000102801184003.
Iteration 791. I-divergence: 1314.30273891. MSE: 0.676158935768. Diff MSE: 0.000102747336573.
Iteration 792. I-divergence: 1314.10632032. MSE: 0.676056242333. Diff MSE: 0.000102693434996.
Iteration 793. I-divergence: 1313.91000172. MSE: 0.675953602853. Diff MSE: 0.000102639479637.
Iteration 794. I-divergence: 1313.71378322. MSE: 0.675851017382. Diff MSE: 0.000102585470741.
Iteration 795. I-divergence: 1313.51766493. MSE: 0.675748485974. Diff MSE: 0.000102531408717.
Iteration 796. I-divergence: 1313.32164694. MSE: 0.67564600868. Diff MSE: 0.000102477293811.
Iteration 797. I-divergence: 1313.12572936. MSE: 0.675543585553. Diff MSE: 0.000102423126431.
Iteration 798. I-divergence: 1312.92991229. MSE: 0.675441216646. Diff MSE: 0.000102368906931.
Iteration 799. I-divergence: 1312.73419583. MSE: 0.675338902011. Diff MSE: 0.000102314635684.
Iteration 800. I-divergence: 1312.53858008. MSE: 0.675236641698. Diff MSE: 0.000102260313041.
Iteration 801. I-divergence: 1312.34306514. MSE: 0.675134435758. Diff MSE: 0.000102205939417.
Iteration 802. I-divergence: 1312.14765111. MSE: 0.675032284243. Diff MSE: 0.000102151515288.
Iteration 803. I-divergence: 1311.95233808. MSE: 0.674930187202. Diff MSE: 0.000102097040976.
Iteration 804. I-divergence: 1311.75712616. MSE: 0.674828144685. Diff MSE: 0.000102042516983.
Iteration 805. I-divergence: 1311.56201544. MSE: 0.674726156741. Diff MSE: 0.000101987943698.
Iteration 806. I-divergence: 1311.36700601. MSE: 0.67462422342. Diff MSE: 0.000101933321653.
Iteration 807. I-divergence: 1311.17209797. MSE: 0.674522344768. Diff MSE: 0.000101878651261.
Iteration 808. I-divergence: 1310.97729142. MSE: 0.674420520835. Diff MSE: 0.000101823933006.
Iteration 809. I-divergence: 1310.78258644. MSE: 0.674318751668. Diff MSE: 0.000101769167387.
Iteration 810. I-divergence: 1310.58798312. MSE: 0.674217037313. Diff MSE: 0.000101714354926.
Iteration 811. I-divergence: 1310.39348157. MSE: 0.674115377817. Diff MSE: 0.000101659496113.
Iteration 812. I-divergence: 1310.19908186. MSE: 0.674013773226. Diff MSE: 0.000101604591481.
Iteration 813. I-divergence: 1310.00478409. MSE: 0.673912223584. Diff MSE: 0.000101549641553.
Iteration 814. I-divergence: 1309.81058834. MSE: 0.673810728937. Diff MSE: 0.000101494646895.
Iteration 815. I-divergence: 1309.6164947. MSE: 0.673709289329. Diff MSE: 0.000101439608048.
Iteration 816. I-divergence: 1309.42250326. MSE: 0.673607904803. Diff MSE: 0.000101384525587.
Iteration 817. I-divergence: 1309.2286141. MSE: 0.673506575403. Diff MSE: 0.00010132940008.
Iteration 818. I-divergence: 1309.0348273. MSE: 0.673405301171. Diff MSE: 0.000101274232127.
Iteration 819. I-divergence: 1308.84114294. MSE: 0.673304082149. Diff MSE: 0.000101219022344.
Iteration 820. I-divergence: 1308.64756112. MSE: 0.673202918378. Diff MSE: 0.000101163771263.
Iteration 821. I-divergence: 1308.4540819. MSE: 0.673101809898. Diff MSE: 0.000101108479598.
Iteration 822. I-divergence: 1308.26070536. MSE: 0.67300075675. Diff MSE: 0.000101053147908.
Iteration 823. I-divergence: 1308.06743159. MSE: 0.672899758973. Diff MSE: 0.000100997776865.
Iteration 824. I-divergence: 1307.87426066. MSE: 0.672798816606. Diff MSE: 0.000100942367093.
Iteration 825. I-divergence: 1307.68119264. MSE: 0.672697929687. Diff MSE: 0.000100886919269.
Iteration 826. I-divergence: 1307.4882276. MSE: 0.672597098253. Diff MSE: 0.000100831434051.
Iteration 827. I-divergence: 1307.29536563. MSE: 0.672496322341. Diff MSE: 0.000100775912095.
Iteration 828. I-divergence: 1307.10260679. MSE: 0.672395601987. Diff MSE: 0.000100720354128.
Iteration 829. I-divergence: 1306.90995114. MSE: 0.672294937226. Diff MSE: 0.000100664760795.
Iteration 830. I-divergence: 1306.71739877. MSE: 0.672194328093. Diff MSE: 0.000100609132823.
Iteration 831. I-divergence: 1306.52494973. MSE: 0.672093774622. Diff MSE: 0.00010055347091.
Iteration 832. I-divergence: 1306.3326041. MSE: 0.671993276846. Diff MSE: 0.0001004977758.
Iteration 833. I-divergence: 1306.14036193. MSE: 0.671892834798. Diff MSE: 0.000100442048204.
Iteration 834. I-divergence: 1305.94822329. MSE: 0.671792448509. Diff MSE: 0.000100386288826.
Iteration 835. I-divergence: 1305.75618824. MSE: 0.671692118011. Diff MSE: 0.000100330498462.
Iteration 836. I-divergence: 1305.56425684. MSE: 0.671591843333. Diff MSE: 0.000100274677834.
Iteration 837. I-divergence: 1305.37242915. MSE: 0.671491624505. Diff MSE: 0.00010021882771.
Iteration 838. I-divergence: 1305.18070522. MSE: 0.671391461556. Diff MSE: 0.000100162948877.
Iteration 839. I-divergence: 1304.98908512. MSE: 0.671291354514. Diff MSE: 0.000100107042072.
Iteration 840. I-divergence: 1304.7975689. MSE: 0.671191303406. Diff MSE: 0.00010005110808.
Iteration 841. I-divergence: 1304.6061566. MSE: 0.671091308258. Diff MSE: 9.99951477417e-05.
Iteration 842. I-divergence: 1304.41484828. MSE: 0.670991369097. Diff MSE: 9.9939161796e-05.
Iteration 843. I-divergence: 1304.223644. MSE: 0.670891485946. Diff MSE: 9.98831510948e-05.
Iteration 844. I-divergence: 1304.03254378. MSE: 0.670791658829. Diff MSE: 9.98271164178e-05.
Iteration 845. I-divergence: 1303.8415477. MSE: 0.670691887771. Diff MSE: 9.97710585867e-05.
Iteration 846. I-divergence: 1303.65065578. MSE: 0.670592172792. Diff MSE: 9.97149784526e-05.
Iteration 847. I-divergence: 1303.45986808. MSE: 0.670492513915. Diff MSE: 9.96588768255e-05.
Iteration 848. I-divergence: 1303.26918463. MSE: 0.670392911161. Diff MSE: 9.96027545389e-05.
Iteration 849. I-divergence: 1303.07860547. MSE: 0.670293364548. Diff MSE: 9.95466124866e-05.
Iteration 850. I-divergence: 1302.88813064. MSE: 0.670193874097. Diff MSE: 9.94904514425e-05.
Iteration 851. I-divergence: 1302.69776019. MSE: 0.670094439825. Diff MSE: 9.94342723262e-05.
Iteration 852. I-divergence: 1302.50749414. MSE: 0.669995061749. Diff MSE: 9.9378075987e-05.
Iteration 853. I-divergence: 1302.31733253. MSE: 0.669895739885. Diff MSE: 9.9321863287e-05.
Iteration 854. I-divergence: 1302.12727538. MSE: 0.66979647425. Diff MSE: 9.92656350981e-05.
Iteration 855. I-divergence: 1301.93732274. MSE: 0.669697264858. Diff MSE: 9.9209392326e-05.
Iteration 856. I-divergence: 1301.74747462. MSE: 0.669598111722. Diff MSE: 9.91531358397e-05.
Iteration 857. I-divergence: 1301.55773106. MSE: 0.669499014855. Diff MSE: 9.9096866524e-05.
Iteration 858. I-divergence: 1301.36809208. MSE: 0.66939997427. Diff MSE: 9.90405852909e-05.
Iteration 859. I-divergence: 1301.17855771. MSE: 0.669300989977. Diff MSE: 9.89842930472e-05.
Iteration 860. I-divergence: 1300.98912796. MSE: 0.669202061986. Diff MSE: 9.89279906759e-05.
Iteration 861. I-divergence: 1300.79980285. MSE: 0.669103190307. Diff MSE: 9.88716791245e-05.
Iteration 862. I-divergence: 1300.6105824. MSE: 0.669004374948. Diff MSE: 9.88153592868e-05.
Iteration 863. I-divergence: 1300.42146664. MSE: 0.668905615916. Diff MSE: 9.87590320873e-05.
Iteration 864. I-divergence: 1300.23245557. MSE: 0.668806913217. Diff MSE: 9.87026984779e-05.
Iteration 865. I-divergence: 1300.0435492. MSE: 0.668708266858. Diff MSE: 9.86463593379e-05.
Iteration 866. I-divergence: 1299.85474755. MSE: 0.668609676842. Diff MSE: 9.85900156434e-05.
Iteration 867. I-divergence: 1299.66605063. MSE: 0.668511143174. Diff MSE: 9.85336683436e-05.
Iteration 868. I-divergence: 1299.47745844. MSE: 0.668412665856. Diff MSE: 9.84773183308e-05.
Iteration 869. I-divergence: 1299.28897099. MSE: 0.668314244889. Diff MSE: 9.84209666098e-05.
Iteration 870. I-divergence: 1299.10058828. MSE: 0.668215880275. Diff MSE: 9.83646140812e-05.
Iteration 871. I-divergence: 1298.91231032. MSE: 0.668117572013. Diff MSE: 9.83082617411e-05.
Iteration 872. I-divergence: 1298.7241371. MSE: 0.668019320103. Diff MSE: 9.82519105015e-05.
Iteration 873. I-divergence: 1298.53606862. MSE: 0.667921124542. Diff MSE: 9.81955613595e-05.
Iteration 874. I-divergence: 1298.34810488. MSE: 0.667822985326. Diff MSE: 9.81392152819e-05.
Iteration 875. I-divergence: 1298.16024588. MSE: 0.667724902453. Diff MSE: 9.80828732057e-05.
Iteration 876. I-divergence: 1297.9724916. MSE: 0.667626875917. Diff MSE: 9.80265361227e-05.
Iteration 877. I-divergence: 1297.78484204. MSE: 0.667528905712. Diff MSE: 9.79702049961e-05.
Iteration 878. I-divergence: 1297.59729718. MSE: 0.667430991831. Diff MSE: 9.79138807868e-05.
Iteration 879. I-divergence: 1297.40985702. MSE: 0.667333134267. Diff MSE: 9.78575645101e-05.
Iteration 880. I-divergence: 1297.22252153. MSE: 0.66723533301. Diff MSE: 9.78012571093e-05.
Iteration 881. I-divergence: 1297.03529071. MSE: 0.66713758805. Diff MSE: 9.77449595871e-05.
Iteration 882. I-divergence: 1296.84816453. MSE: 0.667039899377. Diff MSE: 9.76886729008e-05.
Iteration 883. I-divergence: 1296.66114297. MSE: 0.666942266979. Diff MSE: 9.76323980749e-05.
Iteration 884. I-divergence: 1296.47422601. MSE: 0.666844690843. Diff MSE: 9.75761360628e-05.
Iteration 885. I-divergence: 1296.28741362. MSE: 0.666747170955. Diff MSE: 9.75198878526e-05.
Iteration 886. I-divergence: 1296.10070578. MSE: 0.666649707301. Diff MSE: 9.74636544564e-05.
Iteration 887. I-divergence: 1295.91410247. MSE: 0.666552299864. Diff MSE: 9.74074368598e-05.
Iteration 888. I-divergence: 1295.72760364. MSE: 0.666454948628. Diff MSE: 9.7351236042e-05.
Iteration 889. I-divergence: 1295.54120927. MSE: 0.666357653575. Diff MSE: 9.7295053e-05.
Iteration 890. I-divergence: 1295.35491933. MSE: 0.666260414686. Diff MSE: 9.72388887379e-05.
Iteration 891. I-divergence: 1295.16873378. MSE: 0.666163231942. Diff MSE: 9.7182744236e-05.
Iteration 892. I-divergence: 1294.98265258. MSE: 0.666066105321. Diff MSE: 9.71266205019e-05.
Iteration 893. I-divergence: 1294.79667569. MSE: 0.665969034803. Diff MSE: 9.70705185221e-05.
Iteration 894. I-divergence: 1294.61080307. MSE: 0.665872020363. Diff MSE: 9.70144393045e-05.
Iteration 895. I-divergence: 1294.42503468. MSE: 0.66577506198. Diff MSE: 9.69583838336e-05.
Iteration 896. I-divergence: 1294.23937047. MSE: 0.665678159626. Diff MSE: 9.69023531067e-05.
Iteration 897. I-divergence: 1294.05381039. MSE: 0.665581313278. Diff MSE: 9.68463481196e-05.
Iteration 898. I-divergence: 1293.8683544. MSE: 0.665484522908. Diff MSE: 9.67903698706e-05.
Iteration 899. I-divergence: 1293.68300244. MSE: 0.665387788489. Diff MSE: 9.67344193724e-05.
Iteration 900. I-divergence: 1293.49775447. MSE: 0.665291109991. Diff MSE: 9.66784975743e-05.
Iteration 901. I-divergence: 1293.31261042. MSE: 0.665194487386. Diff MSE: 9.66226055151e-05.
Iteration 902. I-divergence: 1293.12757024. MSE: 0.665097920642. Diff MSE: 9.65667441645e-05.
Iteration 903. I-divergence: 1292.94263388. MSE: 0.665001409727. Diff MSE: 9.65109145402e-05.
Iteration 904. I-divergence: 1292.75780126. MSE: 0.66490495461. Diff MSE: 9.64551175842e-05.
Iteration 905. I-divergence: 1292.57307233. MSE: 0.664808555255. Diff MSE: 9.63993543434e-05.
Iteration 906. I-divergence: 1292.38844703. MSE: 0.66471221163. Diff MSE: 9.63436257549e-05.
Iteration 907. I-divergence: 1292.20392528. MSE: 0.664615923697. Diff MSE: 9.62879328703e-05.
Iteration 908. I-divergence: 1292.01950703. MSE: 0.66451969142. Diff MSE: 9.62322765755e-05.
Iteration 909. I-divergence: 1291.83519219. MSE: 0.664423514762. Diff MSE: 9.61766579736e-05.
Iteration 910. I-divergence: 1291.6509807. MSE: 0.664327393684. Diff MSE: 9.6121077946e-05.
Iteration 911. I-divergence: 1291.46687248. MSE: 0.664231328147. Diff MSE: 9.606553755e-05.
Iteration 912. I-divergence: 1291.28286746. MSE: 0.664135318109. Diff MSE: 9.60100376954e-05.
Iteration 913. I-divergence: 1291.09896556. MSE: 0.66403936353. Diff MSE: 9.59545793897e-05.
Iteration 914. I-divergence: 1290.9151667. MSE: 0.663943464366. Diff MSE: 9.58991636205e-05.
Iteration 915. I-divergence: 1290.7314708. MSE: 0.663847620575. Diff MSE: 9.58437913353e-05.
Iteration 916. I-divergence: 1290.54787778. MSE: 0.663751832111. Diff MSE: 9.57884634997e-05.
Iteration 917. I-divergence: 1290.36438755. MSE: 0.66365609893. Diff MSE: 9.57331810933e-05.
Iteration 918. I-divergence: 1290.18100003. MSE: 0.663560420985. Diff MSE: 9.56779450729e-05.
Iteration 919. I-divergence: 1289.99771512. MSE: 0.663464798229. Diff MSE: 9.5622756377e-05.
Iteration 920. I-divergence: 1289.81453273. MSE: 0.663369230613. Diff MSE: 9.55676160032e-05.
Iteration 921. I-divergence: 1289.63145278. MSE: 0.663273718088. Diff MSE: 9.55125248626e-05.
Iteration 922. I-divergence: 1289.44847517. MSE: 0.663178260604. Diff MSE: 9.54574839223e-05.
Iteration 923. I-divergence: 1289.2655998. MSE: 0.66308285811. Diff MSE: 9.54024941217e-05.
Iteration 924. I-divergence: 1289.08282657. MSE: 0.662987510553. Diff MSE: 9.53475564016e-05.
Iteration 925. I-divergence: 1288.90015539. MSE: 0.662892217882. Diff MSE: 9.52926717108e-05.
Iteration 926. I-divergence: 1288.71758616. MSE: 0.662796980041. Diff MSE: 9.52378409476e-05.
Iteration 927. I-divergence: 1288.53511876. MSE: 0.662701796976. Diff MSE: 9.51830651046e-05.
Iteration 928. I-divergence: 1288.35275311. MSE: 0.66260666863. Diff MSE: 9.51283450221e-05.
Iteration 929. I-divergence: 1288.17048908. MSE: 0.662511594949. Diff MSE: 9.50736816965e-05.
Iteration 930. I-divergence: 1287.98832657. MSE: 0.662416575873. Diff MSE: 9.50190759945e-05.
Iteration 931. I-divergence: 1287.80626547. MSE: 0.662321611344. Diff MSE: 9.49645288422e-05.
Iteration 932. I-divergence: 1287.62430567. MSE: 0.662226701303. Diff MSE: 9.49100411604e-05.
Iteration 933. I-divergence: 1287.44244706. MSE: 0.662131845689. Diff MSE: 9.48556138226e-05.
Iteration 934. I-divergence: 1287.26068951. MSE: 0.662037044441. Diff MSE: 9.48012477355e-05.
Iteration 935. I-divergence: 1287.07903292. MSE: 0.661942297497. Diff MSE: 9.47469438061e-05.
Iteration 936. I-divergence: 1286.89747716. MSE: 0.661847604795. Diff MSE: 9.46927028941e-05.
Iteration 937. I-divergence: 1286.71602212. MSE: 0.661752966269. Diff MSE: 9.4638525905e-05.
Iteration 938. I-divergence: 1286.53466766. MSE: 0.661658381855. Diff MSE: 9.4584413681e-05.
Iteration 939. I-divergence: 1286.35341368. MSE: 0.661563851488. Diff MSE: 9.45303671208e-05.
Iteration 940. I-divergence: 1286.17226003. MSE: 0.661469375101. Diff MSE: 9.44763870843e-05.
Iteration 941. I-divergence: 1285.9912066. MSE: 0.661374952626. Diff MSE: 9.44224744144e-05.
Iteration 942. I-divergence: 1285.81025325. MSE: 0.661280583996. Diff MSE: 9.43686299582e-05.
Iteration 943. I-divergence: 1285.62939986. MSE: 0.661186269142. Diff MSE: 9.43148545758e-05.
Iteration 944. I-divergence: 1285.44864629. MSE: 0.661092007993. Diff MSE: 9.42611491058e-05.
Iteration 945. I-divergence: 1285.26799241. MSE: 0.660997800478. Diff MSE: 9.42075143918e-05.
Iteration 946. I-divergence: 1285.08743809. MSE: 0.660903646527. Diff MSE: 9.41539512145e-05.
Iteration 947. I-divergence: 1284.90698318. MSE: 0.660809546067. Diff MSE: 9.41004604454e-05.
Iteration 948. I-divergence: 1284.72662755. MSE: 0.660715499024. Diff MSE: 9.40470428491e-05.
Iteration 949. I-divergence: 1284.54637106. MSE: 0.660621505325. Diff MSE: 9.39936992915e-05.
Iteration 950. I-divergence: 1284.36621357. MSE: 0.660527564894. Diff MSE: 9.39404305134e-05.
Iteration 951. I-divergence: 1284.18615493. MSE: 0.660433677657. Diff MSE: 9.38872373396e-05.
Iteration 952. I-divergence: 1284.006195. MSE: 0.660339843536. Diff MSE: 9.38341205476e-05.
Iteration 953. I-divergence: 1283.82633364. MSE: 0.660246062455. Diff MSE: 9.3781080906e-05.
Iteration 954. I-divergence: 1283.64657069. MSE: 0.660152334336. Diff MSE: 9.37281191921e-05.
Iteration 955. I-divergence: 1283.46690601. MSE: 0.6600586591. Diff MSE: 9.36752361776e-05.
Iteration 956. I-divergence: 1283.28733945. MSE: 0.659965036667. Diff MSE: 9.36224326015e-05.
Iteration 957. I-divergence: 1283.10787085. MSE: 0.659871466958. Diff MSE: 9.35697092308e-05.
Iteration 958. I-divergence: 1282.92850007. MSE: 0.659777949891. Diff MSE: 9.35170667918e-05.
Iteration 959. I-divergence: 1282.74922694. MSE: 0.659684485385. Diff MSE: 9.3464506009e-05.
Iteration 960. I-divergence: 1282.57005131. MSE: 0.659591073358. Diff MSE: 9.34120276003e-05.
Iteration 961. I-divergence: 1282.39097303. MSE: 0.659497713725. Diff MSE: 9.3359632328e-05.
Iteration 962. I-divergence: 1282.21199193. MSE: 0.659404406404. Diff MSE: 9.33073208671e-05.
Iteration 963. I-divergence: 1282.03310786. MSE: 0.65931115131. Diff MSE: 9.32550939038e-05.
Iteration 964. I-divergence: 1281.85432065. MSE: 0.659217948358. Diff MSE: 9.32029521549e-05.
Iteration 965. I-divergence: 1281.67563015. MSE: 0.659124797462. Diff MSE: 9.3150896284e-05.
Iteration 966. I-divergence: 1281.49703618. MSE: 0.659031698535. Diff MSE: 9.3098926976e-05.
Iteration 967. I-divergence: 1281.31853858. MSE: 0.65893865149. Diff MSE: 9.304704491e-05.
Iteration 968. I-divergence: 1281.14013718. MSE: 0.658845656239. Diff MSE: 9.29952507103e-05.
Iteration 969. I-divergence: 1280.96183183. MSE: 0.658752712694. Diff MSE: 9.29435450461e-05.
Iteration 970. I-divergence: 1280.78362234. MSE: 0.658659820766. Diff MSE: 9.28919285629e-05.
Iteration 971. I-divergence: 1280.60550854. MSE: 0.658566980364. Diff MSE: 9.28404018652e-05.
Iteration 972. I-divergence: 1280.42749028. MSE: 0.658474191398. Diff MSE: 9.27889656082e-05.
Iteration 973. I-divergence: 1280.24956736. MSE: 0.658381453778. Diff MSE: 9.27376203606e-05.
Iteration 974. I-divergence: 1280.07173963. MSE: 0.658288767411. Diff MSE: 9.26863667875e-05.
Iteration 975. I-divergence: 1279.8940069. MSE: 0.658196132206. Diff MSE: 9.26352054166e-05.
Iteration 976. I-divergence: 1279.716369. MSE: 0.658103548069. Diff MSE: 9.25841368625e-05.
Iteration 977. I-divergence: 1279.53882575. MSE: 0.658011014907. Diff MSE: 9.25331617067e-05.
Iteration 978. I-divergence: 1279.36137697. MSE: 0.657918532627. Diff MSE: 9.24822805013e-05.
Iteration 979. I-divergence: 1279.18402249. MSE: 0.657826101133. Diff MSE: 9.24314938175e-05.
Iteration 980. I-divergence: 1279.00676212. MSE: 0.657733720331. Diff MSE: 9.23808021643e-05.
Iteration 981. I-divergence: 1278.82959568. MSE: 0.657641390125. Diff MSE: 9.23302061328e-05.
Iteration 982. I-divergence: 1278.65252299. MSE: 0.657549110418. Diff MSE: 9.22797062052e-05.
Iteration 983. I-divergence: 1278.47554386. MSE: 0.657456881116. Diff MSE: 9.22293029028e-05.
Iteration 984. I-divergence: 1278.29865812. MSE: 0.657364702119. Diff MSE: 9.21789967516e-05.
Iteration 985. I-divergence: 1278.12186557. MSE: 0.657272573331. Diff MSE: 9.21287882227e-05.
Iteration 986. I-divergence: 1277.94516603. MSE: 0.657180494653. Diff MSE: 9.20786778471e-05.
Iteration 987. I-divergence: 1277.76855931. MSE: 0.657088465987. Diff MSE: 9.20286660369e-05.
Iteration 988. I-divergence: 1277.59204523. MSE: 0.656996487233. Diff MSE: 9.19787533127e-05.
Iteration 989. I-divergence: 1277.41562359. MSE: 0.656904558293. Diff MSE: 9.1928940095e-05.
Iteration 990. I-divergence: 1277.2392942. MSE: 0.656812679066. Diff MSE: 9.18792268438e-05.
Iteration 991. I-divergence: 1277.06305688. MSE: 0.656720849452. Diff MSE: 9.18296139801e-05.
Iteration 992. I-divergence: 1276.88691143. MSE: 0.65662906935. Diff MSE: 9.17801019561e-05.
Iteration 993. I-divergence: 1276.71085767. MSE: 0.656537338659. Diff MSE: 9.173069117e-05.
Iteration 994. I-divergence: 1276.53489538. MSE: 0.656445657277. Diff MSE: 9.16813819914e-05.
Iteration 995. I-divergence: 1276.3590244. MSE: 0.656354025102. Diff MSE: 9.16321748677e-05.
Iteration 996. I-divergence: 1276.18324451. MSE: 0.656262442032. Diff MSE: 9.15830701508e-05.
Iteration 997. I-divergence: 1276.00755552. MSE: 0.656170907964. Diff MSE: 9.15340682209e-05.
Iteration 998. I-divergence: 1275.83195724. MSE: 0.656079422795. Diff MSE: 9.14851694129e-05.
Iteration 999. I-divergence: 1275.65644947. MSE: 0.655987986421. Diff MSE: 9.14363741124e-05.
Iteration 1000. I-divergence: 1275.48103202. MSE: 0.655896598738. Diff MSE: 9.13876826293e-05.
Performance on test set: MSE=0.712197400485, I-div=345.209845337.
0.712197400485
