Fold 1 for k=15,l=15.
Initialising F using KMeans.
Iteration: 1.
Iteration: 2.
Iteration: 3.
Iteration: 4.
Iteration: 5.
Iteration: 6.
Iteration: 7.
Iteration: 8.
Iteration: 9.
Iteration: 10.
Iteration: 11.
Iteration: 12.
Iteration: 13.
Iteration: 14.
Iteration: 15.
Iteration: 16.
Iteration: 17.
Iteration: 18.
Iteration: 19.
Iteration: 20.
Iteration: 21.
Iteration: 22.
Iteration: 23.
Iteration: 24.
Iteration: 25.
Iteration: 26.
Iteration: 27.
Iteration: 28.
[112.0, 46.0, 31.0, 61.0, 12.0, 66.0, 102.0, 6.0, 49.0, 65.0, 5.0, 40.0, 0.0, 1.0, 26.0]
Initialising G using KMeans.
Iteration: 1.
Iteration: 2.
Iteration: 3.
Iteration: 4.
Iteration: 5.
Iteration: 6.
Iteration: 7.
Iteration: 8.
Iteration: 9.
Iteration: 10.
[19.0, 1.0, 13.0, 0.0, 6.0, 0.0, 0.0, 0.0, 24.0, 6.0, 0.0, 0.0, 50.0, 2.0, 18.0]
Iteration 0. I-divergence: 4722.72248635. MSE: 2.55056139214. Diff MSE: -2.55056139214.
Iteration 1. I-divergence: 1667.09711904. MSE: 0.861333584886. Diff MSE: 1.68922780725.
Iteration 2. I-divergence: 1632.22833537. MSE: 0.84319500702. Diff MSE: 0.0181385778658.
Iteration 3. I-divergence: 1627.66991478. MSE: 0.840797913062. Diff MSE: 0.00239709395776.
Iteration 4. I-divergence: 1625.9229608. MSE: 0.839877439175. Diff MSE: 0.000920473886641.
Iteration 5. I-divergence: 1624.51189174. MSE: 0.839133654955. Diff MSE: 0.000743784220555.
Iteration 6. I-divergence: 1623.16121426. MSE: 0.838421544832. Diff MSE: 0.000712110123399.
Iteration 7. I-divergence: 1621.83735558. MSE: 0.837723484367. Diff MSE: 0.000698060464169.
Iteration 8. I-divergence: 1620.53515475. MSE: 0.837036793987. Diff MSE: 0.000686690380244.
Iteration 9. I-divergence: 1619.25324573. MSE: 0.836360774781. Diff MSE: 0.000676019206558.
Iteration 10. I-divergence: 1617.99089885. MSE: 0.835695052486. Diff MSE: 0.00066572229418.
Iteration 11. I-divergence: 1616.74753179. MSE: 0.835039325209. Diff MSE: 0.000655727277342.
Iteration 12. I-divergence: 1615.52261284. MSE: 0.834393315262. Diff MSE: 0.00064600994668.
Iteration 13. I-divergence: 1614.31563696. MSE: 0.833756757866. Diff MSE: 0.000636557396198.
Iteration 14. I-divergence: 1613.12611854. MSE: 0.833129397993. Diff MSE: 0.000627359873063.
Iteration 15. I-divergence: 1611.95358882. MSE: 0.832510989272. Diff MSE: 0.00061840872065.
Iteration 16. I-divergence: 1610.79759461. MSE: 0.831901293451. Diff MSE: 0.000609695821094.
Iteration 17. I-divergence: 1609.6576975. MSE: 0.831300080016. Diff MSE: 0.000601213434882.
Iteration 18. I-divergence: 1608.53347317. MSE: 0.830707125869. Diff MSE: 0.000592954147648.
Iteration 19. I-divergence: 1607.42451084. MSE: 0.830122215023. Diff MSE: 0.000584910845864.
Iteration 20. I-divergence: 1606.33041268. MSE: 0.829545138322. Diff MSE: 0.000577076700939.
Iteration 21. I-divergence: 1605.25079333. MSE: 0.828975693167. Diff MSE: 0.000569445154882.
Iteration 22. I-divergence: 1604.18527938. MSE: 0.828413683259. Diff MSE: 0.000562009907821.
Iteration 23. I-divergence: 1603.13350894. MSE: 0.827858918354. Diff MSE: 0.000554764905606.
Iteration 24. I-divergence: 1602.09513116. MSE: 0.827311214025. Diff MSE: 0.000547704328236.
Iteration 25. I-divergence: 1601.06980583. MSE: 0.826770391446. Diff MSE: 0.000540822579046.
Iteration 26. I-divergence: 1600.05720296. MSE: 0.826236277172. Diff MSE: 0.000534114274245.
Iteration 27. I-divergence: 1599.05700243. MSE: 0.825708702939. Diff MSE: 0.000527574233037.
Iteration 28. I-divergence: 1598.06889357. MSE: 0.825187505471. Diff MSE: 0.000521197468539.
Iteration 29. I-divergence: 1597.09257485. MSE: 0.824672526292. Diff MSE: 0.000514979178666.
Iteration 30. I-divergence: 1596.12775353. MSE: 0.824163611554. Diff MSE: 0.000508914738008.
Iteration 31. I-divergence: 1595.17414533. MSE: 0.823660611864. Diff MSE: 0.000502999689751.
Iteration 32. I-divergence: 1594.23147415. MSE: 0.823163382126. Diff MSE: 0.000497229738328.
Iteration 33. I-divergence: 1593.29947177. MSE: 0.822671781384. Diff MSE: 0.000491600742124.
Iteration 34. I-divergence: 1592.37787755. MSE: 0.822185672677. Diff MSE: 0.00048610870671.
Iteration 35. I-divergence: 1591.46643819. MSE: 0.821704922898. Diff MSE: 0.000480749778585.
Iteration 36. I-divergence: 1590.56490744. MSE: 0.82122940266. Diff MSE: 0.000475520238818.
Iteration 37. I-divergence: 1589.67304591. MSE: 0.820758986162. Diff MSE: 0.000470416497462.
Iteration 38. I-divergence: 1588.79062078. MSE: 0.820293551074. Diff MSE: 0.000465435087823.
Iteration 39. I-divergence: 1587.91740562. MSE: 0.819832978413. Diff MSE: 0.0004605726614.
Iteration 40. I-divergence: 1587.05318014. MSE: 0.81937715243. Diff MSE: 0.000455825982779.
Iteration 41. I-divergence: 1586.19772999. MSE: 0.818925960505. Diff MSE: 0.000451191924883.
Iteration 42. I-divergence: 1585.35084661. MSE: 0.818479293041. Diff MSE: 0.000446667464462.
Iteration 43. I-divergence: 1584.51232697. MSE: 0.818037043363. Diff MSE: 0.000442249677803.
Iteration 44. I-divergence: 1583.68197344. MSE: 0.817599107626. Diff MSE: 0.000437935736637.
Iteration 45. I-divergence: 1582.85959358. MSE: 0.817165384722. Diff MSE: 0.000433722904139.
Iteration 46. I-divergence: 1582.04500003. MSE: 0.816735776191. Diff MSE: 0.000429608531315.
Iteration 47. I-divergence: 1581.23801027. MSE: 0.816310186138. Diff MSE: 0.000425590053387.
Iteration 48. I-divergence: 1580.43844654. MSE: 0.815888521151. Diff MSE: 0.000421664986431.
Iteration 49. I-divergence: 1579.64613565. MSE: 0.815470690227. Diff MSE: 0.000417830924107.
Iteration 50. I-divergence: 1578.86090885. MSE: 0.815056604692. Diff MSE: 0.00041408553465.
Iteration 51. I-divergence: 1578.08260171. MSE: 0.814646178134. Diff MSE: 0.000410426557875.
Iteration 52. I-divergence: 1577.31105395. MSE: 0.814239326332. Diff MSE: 0.000406851802409.
Iteration 53. I-divergence: 1576.54610936. MSE: 0.813835967189. Diff MSE: 0.000403359142961.
Iteration 54. I-divergence: 1575.78761564. MSE: 0.813436020671. Diff MSE: 0.000399946517822.
Iteration 55. I-divergence: 1575.03542432. MSE: 0.813039408745. Diff MSE: 0.000396611926421.
Iteration 56. I-divergence: 1574.28939062. MSE: 0.812646055318. Diff MSE: 0.000393353426933.
Iteration 57. I-divergence: 1573.54937335. MSE: 0.812255886184. Diff MSE: 0.00039016913417.
Iteration 58. I-divergence: 1572.81523483. MSE: 0.811868828966. Diff MSE: 0.000387057217297.
Iteration 59. I-divergence: 1572.08684073. MSE: 0.811484813069. Diff MSE: 0.000384015897913.
Iteration 60. I-divergence: 1571.36406007. MSE: 0.81110376962. Diff MSE: 0.000381043448088.
Iteration 61. I-divergence: 1570.64676501. MSE: 0.810725631432. Diff MSE: 0.000378138188491.
Iteration 62. I-divergence: 1569.93483088. MSE: 0.810350332945. Diff MSE: 0.000375298486565.
Iteration 63. I-divergence: 1569.228136. MSE: 0.80997781019. Diff MSE: 0.000372522754967.
Iteration 64. I-divergence: 1568.52656164. MSE: 0.809608000741. Diff MSE: 0.000369809449744.
Iteration 65. I-divergence: 1567.82999195. MSE: 0.809240843672. Diff MSE: 0.000367157068928.
Iteration 66. I-divergence: 1567.13831385. MSE: 0.808876279521. Diff MSE: 0.000364564151034.
Iteration 67. I-divergence: 1566.451417. MSE: 0.808514250247. Diff MSE: 0.000362029273567.
Iteration 68. I-divergence: 1565.76919366. MSE: 0.808154699195. Diff MSE: 0.000359551051689.
Iteration 69. I-divergence: 1565.0915387. MSE: 0.807797571059. Diff MSE: 0.000357128136947.
Iteration 70. I-divergence: 1564.41834948. MSE: 0.807442811843. Diff MSE: 0.000354759215956.
Iteration 71. I-divergence: 1563.74952582. MSE: 0.807090368833. Diff MSE: 0.000352443009269.
Iteration 72. I-divergence: 1563.08496988. MSE: 0.806740190563. Diff MSE: 0.000350178270212.
Iteration 73. I-divergence: 1562.42458617. MSE: 0.806392226779. Diff MSE: 0.000347963783725.
Iteration 74. I-divergence: 1561.76828147. MSE: 0.806046428414. Diff MSE: 0.000345798365415.
Iteration 75. I-divergence: 1561.11596473. MSE: 0.805702747553. Diff MSE: 0.00034368086044.
Iteration 76. I-divergence: 1560.46754707. MSE: 0.805361137411. Diff MSE: 0.000341610142659.
Iteration 77. I-divergence: 1559.82294172. MSE: 0.805021552297. Diff MSE: 0.000339585113546.
Iteration 78. I-divergence: 1559.18206392. MSE: 0.804683947596. Diff MSE: 0.000337604701519.
Iteration 79. I-divergence: 1558.54483095. MSE: 0.804348279735. Diff MSE: 0.000335667860825.
Iteration 80. I-divergence: 1557.91116199. MSE: 0.804014506164. Diff MSE: 0.000333773571009.
Iteration 81. I-divergence: 1557.28097818. MSE: 0.803682585328. Diff MSE: 0.000331920835853.
Iteration 82. I-divergence: 1556.65420246. MSE: 0.803352476645. Diff MSE: 0.000330108682853.
Iteration 83. I-divergence: 1556.03075962. MSE: 0.803024140483. Diff MSE: 0.000328336162336.
Iteration 84. I-divergence: 1555.41057622. MSE: 0.802697538136. Diff MSE: 0.000326602346922.
Iteration 85. I-divergence: 1554.79358052. MSE: 0.802372631805. Diff MSE: 0.000324906330617.
Iteration 86. I-divergence: 1554.1797025. MSE: 0.802049384577. Diff MSE: 0.00032324722852.
Iteration 87. I-divergence: 1553.56887378. MSE: 0.801727760401. Diff MSE: 0.000321624175886.
Iteration 88. I-divergence: 1552.96102761. MSE: 0.801407724073. Diff MSE: 0.000320036327758.
Iteration 89. I-divergence: 1552.35609878. MSE: 0.801089241215. Diff MSE: 0.000318482858211.
Iteration 90. I-divergence: 1551.75402366. MSE: 0.800772278255. Diff MSE: 0.000316962960066.
Iteration 91. I-divergence: 1551.15474011. MSE: 0.800456802411. Diff MSE: 0.000315475844094.
Iteration 92. I-divergence: 1550.55818746. MSE: 0.800142781672. Diff MSE: 0.000314020738723.
Iteration 93. I-divergence: 1549.96430649. MSE: 0.799830184783. Diff MSE: 0.000312596889444.
Iteration 94. I-divergence: 1549.3730394. MSE: 0.799518981224. Diff MSE: 0.000311203558361.
Iteration 95. I-divergence: 1548.78432973. MSE: 0.7992091412. Diff MSE: 0.000309840023842.
Iteration 96. I-divergence: 1548.19812241. MSE: 0.798900635621. Diff MSE: 0.00030850557993.
Iteration 97. I-divergence: 1547.61436367. MSE: 0.798593436084. Diff MSE: 0.000307199536071.
Iteration 98. I-divergence: 1547.03300103. MSE: 0.798287514868. Diff MSE: 0.000305921216674.
Iteration 99. I-divergence: 1546.45398327. MSE: 0.797982844907. Diff MSE: 0.000304669960651.
Iteration 100. I-divergence: 1545.87726041. MSE: 0.797679399786. Diff MSE: 0.000303445121202.
Iteration 101. I-divergence: 1545.30278368. MSE: 0.797377153721. Diff MSE: 0.000302246065364.
Iteration 102. I-divergence: 1544.73050549. MSE: 0.797076081547. Diff MSE: 0.000301072173657.
Iteration 103. I-divergence: 1544.16037942. MSE: 0.796776158707. Diff MSE: 0.000299922839768.
Iteration 104. I-divergence: 1543.59236015. MSE: 0.796477361237. Diff MSE: 0.000298797470332.
Iteration 105. I-divergence: 1543.02640351. MSE: 0.796179665752. Diff MSE: 0.000297695484491.
Iteration 106. I-divergence: 1542.46246638. MSE: 0.795883049439. Diff MSE: 0.000296616313666.
Iteration 107. I-divergence: 1541.90050673. MSE: 0.795587490037. Diff MSE: 0.000295559401253.
Iteration 108. I-divergence: 1541.34048355. MSE: 0.795292965835. Diff MSE: 0.000294524202385.
Iteration 109. I-divergence: 1540.78235687. MSE: 0.794999455651. Diff MSE: 0.000293510183627.
Iteration 110. I-divergence: 1540.22608768. MSE: 0.794706938829. Diff MSE: 0.000292516822782.
Iteration 111. I-divergence: 1539.67163799. MSE: 0.79441539522. Diff MSE: 0.000291543608473.
Iteration 112. I-divergence: 1539.11897074. MSE: 0.79412480518. Diff MSE: 0.000290590040204.
Iteration 113. I-divergence: 1538.56804979. MSE: 0.793835149552. Diff MSE: 0.000289655627834.
Iteration 114. I-divergence: 1538.01883996. MSE: 0.793546409661. Diff MSE: 0.000288739891478.
Iteration 115. I-divergence: 1537.47130692. MSE: 0.793258567299. Diff MSE: 0.00028784236139.
Iteration 116. I-divergence: 1536.92541724. MSE: 0.792971604722. Diff MSE: 0.000286962577515.
Iteration 117. I-divergence: 1536.38113836. MSE: 0.792685504632. Diff MSE: 0.000286100089524.
Iteration 118. I-divergence: 1535.83843854. MSE: 0.792400250176. Diff MSE: 0.000285254456454.
Iteration 119. I-divergence: 1535.29728686. MSE: 0.792115824929. Diff MSE: 0.000284425246675.
Iteration 120. I-divergence: 1534.75765323. MSE: 0.791832212892. Diff MSE: 0.000283612037473.
Iteration 121. I-divergence: 1534.21950832. MSE: 0.791549398476. Diff MSE: 0.000282814415077.
Iteration 122. I-divergence: 1533.6828236. MSE: 0.791267366502. Diff MSE: 0.000282031974483.
Iteration 123. I-divergence: 1533.14757127. MSE: 0.790986102183. Diff MSE: 0.000281264319078.
Iteration 124. I-divergence: 1532.61372429. MSE: 0.790705591122. Diff MSE: 0.000280511060728.
Iteration 125. I-divergence: 1532.08125634. MSE: 0.790425819303. Diff MSE: 0.000279771819455.
Iteration 126. I-divergence: 1531.55014178. MSE: 0.790146773079. Diff MSE: 0.000279046223337.
Iteration 127. I-divergence: 1531.02035571. MSE: 0.789868439171. Diff MSE: 0.000278333908329.
Iteration 128. I-divergence: 1530.49187387. MSE: 0.789590804653. Diff MSE: 0.000277634518195.
Iteration 129. I-divergence: 1529.96467269. MSE: 0.789313856949. Diff MSE: 0.000276947704219.
Iteration 130. I-divergence: 1529.43872922. MSE: 0.789037583823. Diff MSE: 0.000276273125231.
Iteration 131. I-divergence: 1528.91402119. MSE: 0.788761973376. Diff MSE: 0.000275610447332.
Iteration 132. I-divergence: 1528.3905269. MSE: 0.788487014032. Diff MSE: 0.000274959343885.
Iteration 133. I-divergence: 1527.86822529. MSE: 0.788212694537. Diff MSE: 0.000274319495181.
Iteration 134. I-divergence: 1527.34709588. MSE: 0.787939003948. Diff MSE: 0.000273690588602.
Iteration 135. I-divergence: 1526.8271188. MSE: 0.78766593163. Diff MSE: 0.000273072318249.
Iteration 136. I-divergence: 1526.3082747. MSE: 0.787393467245. Diff MSE: 0.000272464384924.
Iteration 137. I-divergence: 1525.79054484. MSE: 0.787121600749. Diff MSE: 0.000271866496037.
Iteration 138. I-divergence: 1525.27391097. MSE: 0.786850322384. Diff MSE: 0.000271278365404.
Iteration 139. I-divergence: 1524.75835542. MSE: 0.786579622671. Diff MSE: 0.000270699713127.
Iteration 140. I-divergence: 1524.243861. MSE: 0.786309492405. Diff MSE: 0.00027013026567.
Iteration 141. I-divergence: 1523.73041106. MSE: 0.78603992265. Diff MSE: 0.000269569755512.
Iteration 142. I-divergence: 1523.21798943. MSE: 0.785770904728. Diff MSE: 0.000269017921134.
Iteration 143. I-divergence: 1522.70658042. MSE: 0.785502430221. Diff MSE: 0.000268474506948.
Iteration 144. I-divergence: 1522.19616883. MSE: 0.785234490958. Diff MSE: 0.000267939263165.
Iteration 145. I-divergence: 1521.6867399. MSE: 0.784967079013. Diff MSE: 0.000267411945648.
Iteration 146. I-divergence: 1521.17827935. MSE: 0.784700186697. Diff MSE: 0.000266892315849.
Iteration 147. I-divergence: 1520.67077332. MSE: 0.784433806556. Diff MSE: 0.000266380140791.
Iteration 148. I-divergence: 1520.1642084. MSE: 0.784167931363. Diff MSE: 0.000265875192775.
Iteration 149. I-divergence: 1519.65857158. MSE: 0.783902554114. Diff MSE: 0.000265377249493.
Iteration 150. I-divergence: 1519.15385027. MSE: 0.78363766802. Diff MSE: 0.000264886093764.
Iteration 151. I-divergence: 1518.65003229. MSE: 0.783373266506. Diff MSE: 0.000264401513589.
Iteration 152. I-divergence: 1518.14710584. MSE: 0.783109343204. Diff MSE: 0.000263923301932.
Iteration 153. I-divergence: 1517.64505952. MSE: 0.782845891948. Diff MSE: 0.000263451256725.
Iteration 154. I-divergence: 1517.14388227. MSE: 0.782582906767. Diff MSE: 0.000262985180658.
Iteration 155. I-divergence: 1516.64356343. MSE: 0.782320381886. Diff MSE: 0.000262524881336.
Iteration 156. I-divergence: 1516.14409267. MSE: 0.782058311715. Diff MSE: 0.0002620701708.
Iteration 157. I-divergence: 1515.64546002. MSE: 0.781796690849. Diff MSE: 0.000261620865882.
Iteration 158. I-divergence: 1515.14765584. MSE: 0.781535514061. Diff MSE: 0.000261176787803.
Iteration 159. I-divergence: 1514.65067083. MSE: 0.781274776299. Diff MSE: 0.000260737762202.
Iteration 160. I-divergence: 1514.154496. MSE: 0.78101447268. Diff MSE: 0.000260303619064.
Iteration 161. I-divergence: 1513.65912267. MSE: 0.780754598487. Diff MSE: 0.000259874192625.
Iteration 162. I-divergence: 1513.16454247. MSE: 0.780495149166. Diff MSE: 0.000259449321278.
Iteration 163. I-divergence: 1512.67074734. MSE: 0.780236120318. Diff MSE: 0.000259028847561.
Iteration 164. I-divergence: 1512.17772948. MSE: 0.779977507701. Diff MSE: 0.000258612617916.
Iteration 165. I-divergence: 1511.68548141. MSE: 0.779719307218. Diff MSE: 0.000258200482787.
Iteration 166. I-divergence: 1511.19399588. MSE: 0.779461514921. Diff MSE: 0.000257792296594.
Iteration 167. I-divergence: 1510.70326594. MSE: 0.779204127004. Diff MSE: 0.000257387917284.
Iteration 168. I-divergence: 1510.21328489. MSE: 0.778947139797. Diff MSE: 0.000256987206747.
Iteration 169. I-divergence: 1509.72404628. MSE: 0.778690549767. Diff MSE: 0.000256590030421.
Iteration 170. I-divergence: 1509.23554391. MSE: 0.778434353509. Diff MSE: 0.000256196257311.
Iteration 171. I-divergence: 1508.74777182. MSE: 0.77817854775. Diff MSE: 0.000255805759918.
Iteration 172. I-divergence: 1508.26072428. MSE: 0.777923129335. Diff MSE: 0.000255418414197.
Iteration 173. I-divergence: 1507.77439578. MSE: 0.777668095236. Diff MSE: 0.000255034099438.
Iteration 174. I-divergence: 1507.28878104. MSE: 0.777413442538. Diff MSE: 0.000254652698245.
Iteration 175. I-divergence: 1506.803875. MSE: 0.777159168441. Diff MSE: 0.000254274096405.
Iteration 176. I-divergence: 1506.3196728. MSE: 0.776905270258. Diff MSE: 0.000253898182901.
Iteration 177. I-divergence: 1505.83616977. MSE: 0.776651745409. Diff MSE: 0.000253524849764.
Iteration 178. I-divergence: 1505.35336145. MSE: 0.776398591416. Diff MSE: 0.000253153992089.
Iteration 179. I-divergence: 1504.87124358. MSE: 0.776145805909. Diff MSE: 0.000252785507922.
Iteration 180. I-divergence: 1504.38981205. MSE: 0.77589338661. Diff MSE: 0.000252419298159.
Iteration 181. I-divergence: 1503.90906298. MSE: 0.775641331344. Diff MSE: 0.000252055266659.
Iteration 182. I-divergence: 1503.42899262. MSE: 0.775389638024. Diff MSE: 0.000251693319862.
Iteration 183. I-divergence: 1502.94959742. MSE: 0.775138304657. Diff MSE: 0.000251333367105.
Iteration 184. I-divergence: 1502.47087397. MSE: 0.774887329337. Diff MSE: 0.000250975320253.
Iteration 185. I-divergence: 1501.99281902. MSE: 0.774636710243. Diff MSE: 0.000250619093828.
Iteration 186. I-divergence: 1501.51542951. MSE: 0.774386445638. Diff MSE: 0.000250264604894.
Iteration 187. I-divergence: 1501.03870249. MSE: 0.774136533865. Diff MSE: 0.000249911772918.
Iteration 188. I-divergence: 1500.56263517. MSE: 0.773886973345. Diff MSE: 0.000249560519887.
Iteration 189. I-divergence: 1500.0872249. MSE: 0.773637762575. Diff MSE: 0.00024921077008.
Iteration 190. I-divergence: 1499.61246916. MSE: 0.773388900125. Diff MSE: 0.00024886245014.
Iteration 191. I-divergence: 1499.13836557. MSE: 0.773140384636. Diff MSE: 0.000248515488916.
Iteration 192. I-divergence: 1498.66491189. MSE: 0.772892214818. Diff MSE: 0.000248169817498.
Iteration 193. I-divergence: 1498.19210597. MSE: 0.772644389449. Diff MSE: 0.000247825369135.
Iteration 194. I-divergence: 1497.7199458. MSE: 0.77239690737. Diff MSE: 0.000247482079126.
Iteration 195. I-divergence: 1497.24842949. MSE: 0.772149767485. Diff MSE: 0.000247139884867.
Iteration 196. I-divergence: 1496.77755525. MSE: 0.771902968759. Diff MSE: 0.000246798725737.
Iteration 197. I-divergence: 1496.30732141. MSE: 0.771656510216. Diff MSE: 0.000246458543041.
Iteration 198. I-divergence: 1495.8377264. MSE: 0.771410390936. Diff MSE: 0.000246119280068.
Iteration 199. I-divergence: 1495.36876874. MSE: 0.771164610055. Diff MSE: 0.000245780881829.
Iteration 200. I-divergence: 1494.90044706. MSE: 0.770919166759. Diff MSE: 0.000245443295294.
Iteration 201. I-divergence: 1494.43276008. MSE: 0.77067406029. Diff MSE: 0.000245106469043.
Iteration 202. I-divergence: 1493.96570662. MSE: 0.770429289937. Diff MSE: 0.000244770353487.
Iteration 203. I-divergence: 1493.49928557. MSE: 0.770184855036. Diff MSE: 0.000244434900661.
Iteration 204. I-divergence: 1493.03349592. MSE: 0.769940754972. Diff MSE: 0.000244100064247.
Iteration 205. I-divergence: 1492.56833673. MSE: 0.769696989172. Diff MSE: 0.000243765799505.
Iteration 206. I-divergence: 1492.10380715. MSE: 0.769453557109. Diff MSE: 0.000243432063198.
Iteration 207. I-divergence: 1491.63990639. MSE: 0.769210458295. Diff MSE: 0.00024309881369.
Iteration 208. I-divergence: 1491.17663377. MSE: 0.768967692285. Diff MSE: 0.000242766010733.
Iteration 209. I-divergence: 1490.71398862. MSE: 0.768725258669. Diff MSE: 0.00024243361551.
Iteration 210. I-divergence: 1490.2519704. MSE: 0.768483157079. Diff MSE: 0.000242101590614.
Iteration 211. I-divergence: 1489.7905786. MSE: 0.768241387179. Diff MSE: 0.000241769899939.
Iteration 212. I-divergence: 1489.32981277. MSE: 0.76799994867. Diff MSE: 0.000241438508821.
Iteration 213. I-divergence: 1488.86967254. MSE: 0.767758841286. Diff MSE: 0.000241107383661.
Iteration 214. I-divergence: 1488.41015759. MSE: 0.767518064794. Diff MSE: 0.000240776492281.
Iteration 215. I-divergence: 1487.95126766. MSE: 0.76727761899. Diff MSE: 0.000240445803608.
Iteration 216. I-divergence: 1487.49300252. MSE: 0.767037503702. Diff MSE: 0.000240115287803.
Iteration 217. I-divergence: 1487.03536202. MSE: 0.766797718786. Diff MSE: 0.00023978491611.
Iteration 218. I-divergence: 1486.57834606. MSE: 0.766558264125. Diff MSE: 0.000239454660891.
Iteration 219. I-divergence: 1486.12195456. MSE: 0.76631913963. Diff MSE: 0.000239124495616.
Iteration 220. I-divergence: 1485.66618751. MSE: 0.766080345235. Diff MSE: 0.000238794394758.
Iteration 221. I-divergence: 1485.21104493. MSE: 0.765841880901. Diff MSE: 0.000238464333832.
Iteration 222. I-divergence: 1484.7565269. MSE: 0.765603746612. Diff MSE: 0.000238134289293.
Iteration 223. I-divergence: 1484.30263351. MSE: 0.765365942373. Diff MSE: 0.000237804238598.
Iteration 224. I-divergence: 1483.84936492. MSE: 0.765128468213. Diff MSE: 0.000237474160084.
Iteration 225. I-divergence: 1483.39672131. MSE: 0.76489132418. Diff MSE: 0.000237144033075.
Iteration 226. I-divergence: 1482.94470289. MSE: 0.764654510343. Diff MSE: 0.000236813837644.
Iteration 227. I-divergence: 1482.49330992. MSE: 0.764418026788. Diff MSE: 0.000236483554799.
Iteration 228. I-divergence: 1482.04254267. MSE: 0.764181873621. Diff MSE: 0.000236153166342.
Iteration 229. I-divergence: 1481.59240146. MSE: 0.763946050967. Diff MSE: 0.000235822654853.
Iteration 230. I-divergence: 1481.14288663. MSE: 0.763710558963. Diff MSE: 0.000235492003725.
Iteration 231. I-divergence: 1480.69399856. MSE: 0.763475397766. Diff MSE: 0.000235161197086.
Iteration 232. I-divergence: 1480.24573762. MSE: 0.763240567546. Diff MSE: 0.000234830219753.
Iteration 233. I-divergence: 1479.79810425. MSE: 0.763006068489. Diff MSE: 0.000234499057307.
Iteration 234. I-divergence: 1479.35109888. MSE: 0.762771900793. Diff MSE: 0.000234167695977.
Iteration 235. I-divergence: 1478.90472199. MSE: 0.76253806467. Diff MSE: 0.000233836122646.
Iteration 236. I-divergence: 1478.45897405. MSE: 0.762304560345. Diff MSE: 0.000233504324909.
Iteration 237. I-divergence: 1478.01385559. MSE: 0.762071388054. Diff MSE: 0.000233172290871.
Iteration 238. I-divergence: 1477.56936711. MSE: 0.761838548045. Diff MSE: 0.000232840009313.
Iteration 239. I-divergence: 1477.12550916. MSE: 0.761606040575. Diff MSE: 0.000232507469668.
Iteration 240. I-divergence: 1476.68228232. MSE: 0.761373865914. Diff MSE: 0.000232174661754.
Iteration 241. I-divergence: 1476.23968714. MSE: 0.761142024337. Diff MSE: 0.000231841576121.
Iteration 242. I-divergence: 1475.79772422. MSE: 0.760910516134. Diff MSE: 0.000231508203765.
Iteration 243. I-divergence: 1475.35639417. MSE: 0.760679341597. Diff MSE: 0.000231174536206.
Iteration 244. I-divergence: 1474.9156976. MSE: 0.760448501032. Diff MSE: 0.000230840565508.
Iteration 245. I-divergence: 1474.47563514. MSE: 0.760217994748. Diff MSE: 0.000230506284135.
Iteration 246. I-divergence: 1474.03620744. MSE: 0.759987823063. Diff MSE: 0.000230171685139.
Iteration 247. I-divergence: 1473.59741514. MSE: 0.759757986301. Diff MSE: 0.000229836761961.
Iteration 248. I-divergence: 1473.1592589. MSE: 0.759528484792. Diff MSE: 0.000229501508492.
Iteration 249. I-divergence: 1472.7217394. MSE: 0.759299318873. Diff MSE: 0.000229165919082.
Iteration 250. I-divergence: 1472.2848573. MSE: 0.759070488885. Diff MSE: 0.000228829988458.
Iteration 251. I-divergence: 1471.8486133. MSE: 0.758841995173. Diff MSE: 0.000228493711792.
Iteration 252. I-divergence: 1471.41300809. MSE: 0.758613838088. Diff MSE: 0.000228157084643.
Iteration 253. I-divergence: 1470.97804236. MSE: 0.758386017985. Diff MSE: 0.00022782010297.
Iteration 254. I-divergence: 1470.54371681. MSE: 0.758158535222. Diff MSE: 0.000227482763049.
Iteration 255. I-divergence: 1470.11003215. MSE: 0.757931390161. Diff MSE: 0.000227145061592.
Iteration 256. I-divergence: 1469.67698909. MSE: 0.757704583165. Diff MSE: 0.000226806995595.
Iteration 257. I-divergence: 1469.24458834. MSE: 0.757478114603. Diff MSE: 0.000226468562482.
Iteration 258. I-divergence: 1468.81283062. MSE: 0.757251984843. Diff MSE: 0.000226129759899.
Iteration 259. I-divergence: 1468.38171665. MSE: 0.757026194257. Diff MSE: 0.000225790585926.
Iteration 260. I-divergence: 1467.95124715. MSE: 0.756800743218. Diff MSE: 0.000225451038868.
Iteration 261. I-divergence: 1467.52142284. MSE: 0.7565756321. Diff MSE: 0.00022511111741.
Iteration 262. I-divergence: 1467.09224443. MSE: 0.75635086128. Diff MSE: 0.000224770820508.
Iteration 263. I-divergence: 1466.66371266. MSE: 0.756126431133. Diff MSE: 0.000224430147366.
Iteration 264. I-divergence: 1466.23582824. MSE: 0.755902342035. Diff MSE: 0.000224089097549.
Iteration 265. I-divergence: 1465.80859188. MSE: 0.755678594364. Diff MSE: 0.000223747670853.
Iteration 266. I-divergence: 1465.38200432. MSE: 0.755455188497. Diff MSE: 0.000223405867347.
Iteration 267. I-divergence: 1464.95606626. MSE: 0.755232124809. Diff MSE: 0.000223063687369.
Iteration 268. I-divergence: 1464.53077841. MSE: 0.755009403678. Diff MSE: 0.000222721131514.
Iteration 269. I-divergence: 1464.1061415. MSE: 0.754787025477. Diff MSE: 0.000222378200648.
Iteration 270. I-divergence: 1463.68215622. MSE: 0.754564990581. Diff MSE: 0.00022203489582.
Iteration 271. I-divergence: 1463.25882328. MSE: 0.754343299363. Diff MSE: 0.0002216912184.
Iteration 272. I-divergence: 1462.83614338. MSE: 0.754121952193. Diff MSE: 0.000221347169934.
Iteration 273. I-divergence: 1462.41411721. MSE: 0.753900949441. Diff MSE: 0.00022100275221.
Iteration 274. I-divergence: 1461.99274547. MSE: 0.753680291474. Diff MSE: 0.000220657967249.
Iteration 275. I-divergence: 1461.57202883. MSE: 0.753459978656. Diff MSE: 0.000220312817307.
Iteration 276. I-divergence: 1461.15196798. MSE: 0.753240011352. Diff MSE: 0.000219967304792.
Iteration 277. I-divergence: 1460.7325636. MSE: 0.753020389919. Diff MSE: 0.000219621432404.
Iteration 278. I-divergence: 1460.31381634. MSE: 0.752801114716. Diff MSE: 0.000219275202985.
Iteration 279. I-divergence: 1459.89572686. MSE: 0.752582186097. Diff MSE: 0.000218928619609.
Iteration 280. I-divergence: 1459.47829583. MSE: 0.752363604411. Diff MSE: 0.000218581685544.
Iteration 281. I-divergence: 1459.06152389. MSE: 0.752145370007. Diff MSE: 0.000218234404258.
Iteration 282. I-divergence: 1458.64541166. MSE: 0.751927483227. Diff MSE: 0.000217886779372.
Iteration 283. I-divergence: 1458.22995979. MSE: 0.751709944413. Diff MSE: 0.000217538814729.
Iteration 284. I-divergence: 1457.8151689. MSE: 0.751492753898. Diff MSE: 0.000217190514406.
Iteration 285. I-divergence: 1457.40103959. MSE: 0.751275912016. Diff MSE: 0.000216841882524.
Iteration 286. I-divergence: 1456.98757247. MSE: 0.751059419092. Diff MSE: 0.000216492923472.
Iteration 287. I-divergence: 1456.57476814. MSE: 0.75084327545. Diff MSE: 0.000216143641868.
Iteration 288. I-divergence: 1456.16262717. MSE: 0.750627481408. Diff MSE: 0.000215794042361.
Iteration 289. I-divergence: 1455.75115015. MSE: 0.750412037278. Diff MSE: 0.00021544412988.
Iteration 290. I-divergence: 1455.34033764. MSE: 0.750196943369. Diff MSE: 0.000215093909439.
Iteration 291. I-divergence: 1454.93019019. MSE: 0.749982199982. Diff MSE: 0.000214743386321.
Iteration 292. I-divergence: 1454.52070835. MSE: 0.749767807417. Diff MSE: 0.000214392565851.
Iteration 293. I-divergence: 1454.11189265. MSE: 0.749553765963. Diff MSE: 0.000214041453557.
Iteration 294. I-divergence: 1453.70374361. MSE: 0.749340075908. Diff MSE: 0.000213690055192.
Iteration 295. I-divergence: 1453.29626174. MSE: 0.749126737531. Diff MSE: 0.000213338376535.
Iteration 296. I-divergence: 1452.88944754. MSE: 0.748913751108. Diff MSE: 0.000212986423612.
Iteration 297. I-divergence: 1452.4833015. MSE: 0.748701116905. Diff MSE: 0.000212634202557.
Iteration 298. I-divergence: 1452.07782408. MSE: 0.748488835185. Diff MSE: 0.000212281719639.
Iteration 299. I-divergence: 1451.67301575. MSE: 0.748276906204. Diff MSE: 0.000211928981292.
Iteration 300. I-divergence: 1451.26887697. MSE: 0.74806533021. Diff MSE: 0.000211575994126.
Iteration 301. I-divergence: 1450.86540815. MSE: 0.747854107445. Diff MSE: 0.00021122276478.
Iteration 302. I-divergence: 1450.46260974. MSE: 0.747643238145. Diff MSE: 0.000210869300156.
Iteration 303. I-divergence: 1450.06048212. MSE: 0.747432722538. Diff MSE: 0.000210515607195.
Iteration 304. I-divergence: 1449.65902571. MSE: 0.747222560845. Diff MSE: 0.000210161693041.
Iteration 305. I-divergence: 1449.25824089. MSE: 0.74701275328. Diff MSE: 0.000209807564895.
Iteration 306. I-divergence: 1448.85812801. MSE: 0.74680330005. Diff MSE: 0.000209453230148.
Iteration 307. I-divergence: 1448.45868743. MSE: 0.746594201354. Diff MSE: 0.000209098696326.
Iteration 308. I-divergence: 1448.0599195. MSE: 0.746385457383. Diff MSE: 0.000208743970988.
Iteration 309. I-divergence: 1447.66182453. MSE: 0.746177068321. Diff MSE: 0.000208389061895.
Iteration 310. I-divergence: 1447.26440283. MSE: 0.745969034344. Diff MSE: 0.000208033976915.
Iteration 311. I-divergence: 1446.86765471. MSE: 0.74576135562. Diff MSE: 0.000207678724007.
Iteration 312. I-divergence: 1446.47158042. MSE: 0.745554032308. Diff MSE: 0.000207323311293.
Iteration 313. I-divergence: 1446.07618025. MSE: 0.745347064561. Diff MSE: 0.000206967746927.
Iteration 314. I-divergence: 1445.68145443. MSE: 0.745140452522. Diff MSE: 0.000206612039276.
Iteration 315. I-divergence: 1445.2874032. MSE: 0.744934196325. Diff MSE: 0.000206256196721.
Iteration 316. I-divergence: 1444.89402676. MSE: 0.744728296098. Diff MSE: 0.000205900227822.
Iteration 317. I-divergence: 1444.50132533. MSE: 0.744522751956. Diff MSE: 0.000205544141188.
Iteration 318. I-divergence: 1444.10929908. MSE: 0.744317564011. Diff MSE: 0.000205187945571.
Iteration 319. I-divergence: 1443.71794818. MSE: 0.744112732361. Diff MSE: 0.000204831649808.
Iteration 320. I-divergence: 1443.32727277. MSE: 0.743908257098. Diff MSE: 0.000204475262807.
Iteration 321. I-divergence: 1442.93727299. MSE: 0.743704138305. Diff MSE: 0.000204118793648.
Iteration 322. I-divergence: 1442.54794896. MSE: 0.743500376053. Diff MSE: 0.000203762251406.
Iteration 323. I-divergence: 1442.15930076. MSE: 0.743296970408. Diff MSE: 0.000203405645301.
Iteration 324. I-divergence: 1441.77132849. MSE: 0.743093921423. Diff MSE: 0.000203048984647.
Iteration 325. I-divergence: 1441.3840322. MSE: 0.742891229144. Diff MSE: 0.000202692278847.
Iteration 326. I-divergence: 1440.99741193. MSE: 0.742688893607. Diff MSE: 0.000202335537337.
Iteration 327. I-divergence: 1440.61146772. MSE: 0.742486914837. Diff MSE: 0.000201978769704.
Iteration 328. I-divergence: 1440.22619958. MSE: 0.742285292852. Diff MSE: 0.000201621985541.
Iteration 329. I-divergence: 1439.84160749. MSE: 0.742084027657. Diff MSE: 0.000201265194606.
Iteration 330. I-divergence: 1439.45769142. MSE: 0.741883119251. Diff MSE: 0.00020090840665.
Iteration 331. I-divergence: 1439.07445134. MSE: 0.741682567619. Diff MSE: 0.000200551631549.
Iteration 332. I-divergence: 1438.69188717. MSE: 0.74148237274. Diff MSE: 0.000200194879209.
Iteration 333. I-divergence: 1438.30999884. MSE: 0.74128253458. Diff MSE: 0.000199838159635.
Iteration 334. I-divergence: 1437.92878624. MSE: 0.741083053097. Diff MSE: 0.00019948148288.
Iteration 335. I-divergence: 1437.54824924. MSE: 0.740883928238. Diff MSE: 0.000199124859077.
Iteration 336. I-divergence: 1437.16838772. MSE: 0.74068515994. Diff MSE: 0.00019876829837.
Iteration 337. I-divergence: 1436.78920152. MSE: 0.740486748129. Diff MSE: 0.000198411811051.
Iteration 338. I-divergence: 1436.41069045. MSE: 0.740288692722. Diff MSE: 0.000198055407327.
Iteration 339. I-divergence: 1436.03285431. MSE: 0.740090993624. Diff MSE: 0.00019769909764.
Iteration 340. I-divergence: 1435.6556929. MSE: 0.739893650732. Diff MSE: 0.000197342892277.
Iteration 341. I-divergence: 1435.27920598. MSE: 0.73969666393. Diff MSE: 0.000196986801761.
Iteration 342. I-divergence: 1434.90339328. MSE: 0.739500033093. Diff MSE: 0.000196630836532.
Iteration 343. I-divergence: 1434.52825455. MSE: 0.739303758086. Diff MSE: 0.0001962750071.
Iteration 344. I-divergence: 1434.15378948. MSE: 0.739107838762. Diff MSE: 0.00019591932406.
Iteration 345. I-divergence: 1433.77999775. MSE: 0.738912274964. Diff MSE: 0.000195563797965.
Iteration 346. I-divergence: 1433.40687905. MSE: 0.738717066525. Diff MSE: 0.000195208439471.
Iteration 347. I-divergence: 1433.034433. MSE: 0.738522213265. Diff MSE: 0.000194853259253.
Iteration 348. I-divergence: 1432.66265924. MSE: 0.738327714998. Diff MSE: 0.000194498267939.
Iteration 349. I-divergence: 1432.29155739. MSE: 0.738133571521. Diff MSE: 0.0001941434763.
Iteration 350. I-divergence: 1431.92112701. MSE: 0.737939782626. Diff MSE: 0.000193788895026.
Iteration 351. I-divergence: 1431.55136769. MSE: 0.737746348091. Diff MSE: 0.000193434534923.
Iteration 352. I-divergence: 1431.18227896. MSE: 0.737553267685. Diff MSE: 0.000193080406668.
Iteration 353. I-divergence: 1430.81386036. MSE: 0.737360541163. Diff MSE: 0.000192726521138.
Iteration 354. I-divergence: 1430.4461114. MSE: 0.737168168274. Diff MSE: 0.000192372889067.
Iteration 355. I-divergence: 1430.07903155. MSE: 0.736976148753. Diff MSE: 0.000192019521267.
Iteration 356. I-divergence: 1429.7126203. MSE: 0.736784482325. Diff MSE: 0.000191666428575.
Iteration 357. I-divergence: 1429.34687708. MSE: 0.736593168703. Diff MSE: 0.000191313621749.
Iteration 358. I-divergence: 1428.98180132. MSE: 0.736402207591. Diff MSE: 0.000190961111633.
Iteration 359. I-divergence: 1428.61739244. MSE: 0.736211598682. Diff MSE: 0.000190608909029.
Iteration 360. I-divergence: 1428.25364981. MSE: 0.736021341657. Diff MSE: 0.000190257024726.
Iteration 361. I-divergence: 1427.89057281. MSE: 0.735831436188. Diff MSE: 0.00018990546951.
Iteration 362. I-divergence: 1427.52816079. MSE: 0.735641881934. Diff MSE: 0.000189554254184.
Iteration 363. I-divergence: 1427.16641306. MSE: 0.735452678544. Diff MSE: 0.000189203389508.
Iteration 364. I-divergence: 1426.80532895. MSE: 0.735263825658. Diff MSE: 0.000188852886195.
Iteration 365. I-divergence: 1426.44490773. MSE: 0.735075322903. Diff MSE: 0.000188502755036.
Iteration 366. I-divergence: 1426.08514868. MSE: 0.734887169896. Diff MSE: 0.00018815300669.
Iteration 367. I-divergence: 1425.72605104. MSE: 0.734699366244. Diff MSE: 0.000187803651868.
Iteration 368. I-divergence: 1425.36761405. MSE: 0.734511911543. Diff MSE: 0.000187454701209.
Iteration 369. I-divergence: 1425.00983691. MSE: 0.734324805378. Diff MSE: 0.000187106165341.
Iteration 370. I-divergence: 1424.65271881. MSE: 0.734138047323. Diff MSE: 0.000186758054864.
Iteration 371. I-divergence: 1424.29625893. MSE: 0.733951636943. Diff MSE: 0.000186410380337.
Iteration 372. I-divergence: 1423.94045641. MSE: 0.73376557379. Diff MSE: 0.000186063152256.
Iteration 373. I-divergence: 1423.58531038. MSE: 0.733579857409. Diff MSE: 0.000185716381121.
Iteration 374. I-divergence: 1423.23081996. MSE: 0.733394487332. Diff MSE: 0.000185370077377.
Iteration 375. I-divergence: 1422.87698424. MSE: 0.733209463081. Diff MSE: 0.000185024251374.
Iteration 376. I-divergence: 1422.52380229. MSE: 0.733024784167. Diff MSE: 0.000184678913493.
Iteration 377. I-divergence: 1422.17127317. MSE: 0.732840450093. Diff MSE: 0.000184334074014.
Iteration 378. I-divergence: 1421.81939592. MSE: 0.73265646035. Diff MSE: 0.000183989743131.
Iteration 379. I-divergence: 1421.46816954. MSE: 0.732472814419. Diff MSE: 0.000183645931087.
Iteration 380. I-divergence: 1421.11759305. MSE: 0.732289511771. Diff MSE: 0.000183302647982.
Iteration 381. I-divergence: 1420.76766541. MSE: 0.732106551867. Diff MSE: 0.000182959903876.
Iteration 382. I-divergence: 1420.4183856. MSE: 0.731923934158. Diff MSE: 0.000182617708753.
Iteration 383. I-divergence: 1420.06975255. MSE: 0.731741658086. Diff MSE: 0.000182276072573.
Iteration 384. I-divergence: 1419.72176519. MSE: 0.73155972308. Diff MSE: 0.000181935005168.
Iteration 385. I-divergence: 1419.37442242. MSE: 0.731378128564. Diff MSE: 0.000181594516359.
Iteration 386. I-divergence: 1419.02772314. MSE: 0.731196873948. Diff MSE: 0.000181254615907.
Iteration 387. I-divergence: 1418.68166621. MSE: 0.731015958635. Diff MSE: 0.000180915313397.
Iteration 388. I-divergence: 1418.33625049. MSE: 0.730835382016. Diff MSE: 0.000180576618415.
Iteration 389. I-divergence: 1417.99147481. MSE: 0.730655143476. Diff MSE: 0.000180238540491.
Iteration 390. I-divergence: 1417.647338. MSE: 0.730475242387. Diff MSE: 0.000179901089002.
Iteration 391. I-divergence: 1417.30383885. MSE: 0.730295678114. Diff MSE: 0.000179564273322.
Iteration 392. I-divergence: 1416.96097614. MSE: 0.730116450011. Diff MSE: 0.000179228102658.
Iteration 393. I-divergence: 1416.61874865. MSE: 0.729937557425. Diff MSE: 0.000178892586175.
Iteration 394. I-divergence: 1416.27715512. MSE: 0.729758999692. Diff MSE: 0.000178557732977.
Iteration 395. I-divergence: 1415.93619429. MSE: 0.72958077614. Diff MSE: 0.000178223551995.
Iteration 396. I-divergence: 1415.59586488. MSE: 0.729402886088. Diff MSE: 0.000177890052176.
Iteration 397. I-divergence: 1415.25616558. MSE: 0.729225328845. Diff MSE: 0.000177557242278.
Iteration 398. I-divergence: 1414.91709508. MSE: 0.729048103714. Diff MSE: 0.000177225130985.
Iteration 399. I-divergence: 1414.57865205. MSE: 0.728871209987. Diff MSE: 0.000176893726966.
Iteration 400. I-divergence: 1414.24083514. MSE: 0.728694646949. Diff MSE: 0.000176563038628.
Iteration 401. I-divergence: 1413.903643. MSE: 0.728518413874. Diff MSE: 0.000176233074448.
Iteration 402. I-divergence: 1413.56707423. MSE: 0.728342510032. Diff MSE: 0.000175903842695.
Iteration 403. I-divergence: 1413.23112746. MSE: 0.72816693468. Diff MSE: 0.000175575351549.
Iteration 404. I-divergence: 1412.89580127. MSE: 0.727991687071. Diff MSE: 0.000175247609135.
Iteration 405. I-divergence: 1412.56109424. MSE: 0.727816766448. Diff MSE: 0.000174920623385.
Iteration 406. I-divergence: 1412.22700493. MSE: 0.727642172045. Diff MSE: 0.000174594402215.
Iteration 407. I-divergence: 1411.8935319. MSE: 0.727467903092. Diff MSE: 0.000174268953365.
Iteration 408. I-divergence: 1411.56067367. MSE: 0.727293958807. Diff MSE: 0.000173944284489.
Iteration 409. I-divergence: 1411.22842877. MSE: 0.727120338404. Diff MSE: 0.000173620403111.
Iteration 410. I-divergence: 1410.8967957. MSE: 0.726947041088. Diff MSE: 0.0001732973167.
Iteration 411. I-divergence: 1410.56577296. MSE: 0.726774066055. Diff MSE: 0.000172975032496.
Iteration 412. I-divergence: 1410.23535903. MSE: 0.726601412497. Diff MSE: 0.000172653557752.
Iteration 413. I-divergence: 1409.90555237. MSE: 0.726429079598. Diff MSE: 0.000172332899517.
Iteration 414. I-divergence: 1409.57635143. MSE: 0.726257066533. Diff MSE: 0.000172013064725.
Iteration 415. I-divergence: 1409.24775467. MSE: 0.726085372473. Diff MSE: 0.000171694060269.
Iteration 416. I-divergence: 1408.9197605. MSE: 0.72591399658. Diff MSE: 0.000171375892812.
Iteration 417. I-divergence: 1408.59236735. MSE: 0.725742938011. Diff MSE: 0.00017105856897.
Iteration 418. I-divergence: 1408.26557362. MSE: 0.725572195916. Diff MSE: 0.000170742095219.
Iteration 419. I-divergence: 1407.9393777. MSE: 0.725401769438. Diff MSE: 0.000170426477885.
Iteration 420. I-divergence: 1407.61377797. MSE: 0.725231657715. Diff MSE: 0.000170111723219.
Iteration 421. I-divergence: 1407.28877281. MSE: 0.725061859877. Diff MSE: 0.000169797837308.
Iteration 422. I-divergence: 1406.96436057. MSE: 0.724892375051. Diff MSE: 0.000169484826148.
Iteration 423. I-divergence: 1406.6405396. MSE: 0.724723202356. Diff MSE: 0.00016917269553.
Iteration 424. I-divergence: 1406.31730824. MSE: 0.724554340905. Diff MSE: 0.00016886145125.
Iteration 425. I-divergence: 1405.99466482. MSE: 0.724385789806. Diff MSE: 0.00016855109883.
Iteration 426. I-divergence: 1405.67260765. MSE: 0.724217548162. Diff MSE: 0.000168241643782.
Iteration 427. I-divergence: 1405.35113504. MSE: 0.724049615071. Diff MSE: 0.000167933091432.
Iteration 428. I-divergence: 1405.03024529. MSE: 0.723881989624. Diff MSE: 0.000167625446977.
Iteration 429. I-divergence: 1404.70993668. MSE: 0.723714670908. Diff MSE: 0.000167318715502.
Iteration 430. I-divergence: 1404.3902075. MSE: 0.723547658006. Diff MSE: 0.000167012901966.
Iteration 431. I-divergence: 1404.07105602. MSE: 0.723380949995. Diff MSE: 0.000166708011167.
Iteration 432. I-divergence: 1403.75248049. MSE: 0.723214545947. Diff MSE: 0.000166404047812.
Iteration 433. I-divergence: 1403.43447917. MSE: 0.723048444931. Diff MSE: 0.000166101016441.
Iteration 434. I-divergence: 1403.11705031. MSE: 0.722882646009. Diff MSE: 0.000165798921508.
Iteration 435. I-divergence: 1402.80019213. MSE: 0.722717148242. Diff MSE: 0.000165497767257.
Iteration 436. I-divergence: 1402.48390287. MSE: 0.722551950684. Diff MSE: 0.000165197557907.
Iteration 437. I-divergence: 1402.16818076. MSE: 0.722387052387. Diff MSE: 0.000164898297468.
Iteration 438. I-divergence: 1401.853024. MSE: 0.722222452397. Diff MSE: 0.000164599989832.
Iteration 439. I-divergence: 1401.5384308. MSE: 0.722058149758. Diff MSE: 0.000164302638781.
Iteration 440. I-divergence: 1401.22439937. MSE: 0.72189414351. Diff MSE: 0.000164006247946.
Iteration 441. I-divergence: 1400.91092789. MSE: 0.721730432689. Diff MSE: 0.000163710820859.
Iteration 442. I-divergence: 1400.59801456. MSE: 0.721567016328. Diff MSE: 0.000163416360853.
Iteration 443. I-divergence: 1400.28565755. MSE: 0.721403893457. Diff MSE: 0.00016312287121.
Iteration 444. I-divergence: 1399.97385504. MSE: 0.721241063102. Diff MSE: 0.000162830355017.
Iteration 445. I-divergence: 1399.66260521. MSE: 0.721078524287. Diff MSE: 0.000162538815292.
Iteration 446. I-divergence: 1399.35190621. MSE: 0.720916276032. Diff MSE: 0.000162248254864.
Iteration 447. I-divergence: 1399.04175621. MSE: 0.720754317355. Diff MSE: 0.000161958676431.
Iteration 448. I-divergence: 1398.73215336. MSE: 0.720592647273. Diff MSE: 0.000161670082641.
Iteration 449. I-divergence: 1398.42309581. MSE: 0.720431264797. Diff MSE: 0.00016138247593.
Iteration 450. I-divergence: 1398.1145817. MSE: 0.720270168938. Diff MSE: 0.000161095858607.
Iteration 451. I-divergence: 1397.80660919. MSE: 0.720109358705. Diff MSE: 0.000160810232915.
Iteration 452. I-divergence: 1397.4991764. MSE: 0.719948833104. Diff MSE: 0.000160525600933.
Iteration 453. I-divergence: 1397.19228148. MSE: 0.71978859114. Diff MSE: 0.000160241964596.
Iteration 454. I-divergence: 1396.88592255. MSE: 0.719628631814. Diff MSE: 0.000159959325692.
Iteration 455. I-divergence: 1396.58009774. MSE: 0.719468954128. Diff MSE: 0.000159677685969.
Iteration 456. I-divergence: 1396.27480517. MSE: 0.719309557081. Diff MSE: 0.000159397046983.
Iteration 457. I-divergence: 1395.97004297. MSE: 0.719150439671. Diff MSE: 0.000159117410156.
Iteration 458. I-divergence: 1395.66580926. MSE: 0.718991600894. Diff MSE: 0.000158838776833.
Iteration 459. I-divergence: 1395.36210215. MSE: 0.718833039746. Diff MSE: 0.000158561148165.
Iteration 460. I-divergence: 1395.05891977. MSE: 0.718674755221. Diff MSE: 0.000158284525276.
Iteration 461. I-divergence: 1394.75626021. MSE: 0.718516746312. Diff MSE: 0.000158008909063.
Iteration 462. I-divergence: 1394.4541216. MSE: 0.718359012011. Diff MSE: 0.000157734300397.
Iteration 463. I-divergence: 1394.15250204. MSE: 0.718201551311. Diff MSE: 0.000157460699921.
Iteration 464. I-divergence: 1393.85139965. MSE: 0.718044363203. Diff MSE: 0.000157188108276.
Iteration 465. I-divergence: 1393.55081254. MSE: 0.717887446677. Diff MSE: 0.000156916525868.
Iteration 466. I-divergence: 1393.2507388. MSE: 0.717730800724. Diff MSE: 0.000156645953108.
Iteration 467. I-divergence: 1392.95117655. MSE: 0.717574424334. Diff MSE: 0.000156376390132.
Iteration 468. I-divergence: 1392.6521239. MSE: 0.717418316497. Diff MSE: 0.000156107837109.
Iteration 469. I-divergence: 1392.35357895. MSE: 0.717262476203. Diff MSE: 0.000155840294013.
Iteration 470. I-divergence: 1392.05553982. MSE: 0.717106902442. Diff MSE: 0.000155573760694.
Iteration 471. I-divergence: 1391.7580046. MSE: 0.716951594205. Diff MSE: 0.000155308236942.
Iteration 472. I-divergence: 1391.46097141. MSE: 0.716796550483. Diff MSE: 0.000155043722362.
Iteration 473. I-divergence: 1391.16443835. MSE: 0.716641770266. Diff MSE: 0.000154780216526.
Iteration 474. I-divergence: 1390.86840354. MSE: 0.716487252547. Diff MSE: 0.000154517718833.
Iteration 475. I-divergence: 1390.57286509. MSE: 0.716332996319. Diff MSE: 0.000154256228571.
Iteration 476. I-divergence: 1390.27782111. MSE: 0.716179000574. Diff MSE: 0.000153995744971.
Iteration 477. I-divergence: 1389.98326972. MSE: 0.716025264307. Diff MSE: 0.000153736267087.
Iteration 478. I-divergence: 1389.68920902. MSE: 0.715871786513. Diff MSE: 0.000153477793918.
Iteration 479. I-divergence: 1389.39563715. MSE: 0.715718566189. Diff MSE: 0.000153220324343.
Iteration 480. I-divergence: 1389.10255222. MSE: 0.715565602331. Diff MSE: 0.000152963857099.
Iteration 481. I-divergence: 1388.80995235. MSE: 0.715412893941. Diff MSE: 0.000152708390875.
Iteration 482. I-divergence: 1388.51783567. MSE: 0.715260440016. Diff MSE: 0.00015245392419.
Iteration 483. I-divergence: 1388.22620032. MSE: 0.715108239561. Diff MSE: 0.000152200455557.
Iteration 484. I-divergence: 1387.93504441. MSE: 0.714956291578. Diff MSE: 0.000151947983296.
Iteration 485. I-divergence: 1387.64436609. MSE: 0.714804595072. Diff MSE: 0.000151696505632.
Iteration 486. I-divergence: 1387.35416349. MSE: 0.714653149051. Diff MSE: 0.000151446020763.
Iteration 487. I-divergence: 1387.06443476. MSE: 0.714501952524. Diff MSE: 0.000151196526707.
Iteration 488. I-divergence: 1386.77517804. MSE: 0.714351004503. Diff MSE: 0.000150948021449.
Iteration 489. I-divergence: 1386.48639148. MSE: 0.714200304. Diff MSE: 0.000150700502836.
Iteration 490. I-divergence: 1386.19807323. MSE: 0.714049850032. Diff MSE: 0.000150453968622.
Iteration 491. I-divergence: 1385.91022146. MSE: 0.713899641615. Diff MSE: 0.000150208416506.
Iteration 492. I-divergence: 1385.62283432. MSE: 0.713749677771. Diff MSE: 0.000149963844048.
Iteration 493. I-divergence: 1385.33590998. MSE: 0.713599957522. Diff MSE: 0.000149720248744.
Iteration 494. I-divergence: 1385.04944662. MSE: 0.713450479894. Diff MSE: 0.000149477627985.
Iteration 495. I-divergence: 1384.7634424. MSE: 0.713301243915. Diff MSE: 0.000149235979094.
Iteration 496. I-divergence: 1384.47789552. MSE: 0.713152248616. Diff MSE: 0.000148995299291.
Iteration 497. I-divergence: 1384.19280416. MSE: 0.71300349303. Diff MSE: 0.000148755585679.
Iteration 498. I-divergence: 1383.90816651. MSE: 0.712854976195. Diff MSE: 0.000148516835358.
Iteration 499. I-divergence: 1383.62398077. MSE: 0.71270669715. Diff MSE: 0.000148279045263.
Iteration 500. I-divergence: 1383.34024515. MSE: 0.712558654937. Diff MSE: 0.000148042212274.
Iteration 501. I-divergence: 1383.05695785. MSE: 0.712410848604. Diff MSE: 0.000147806333211.
Iteration 502. I-divergence: 1382.77411709. MSE: 0.712263277199. Diff MSE: 0.000147571404791.
Iteration 503. I-divergence: 1382.49172109. MSE: 0.712115939776. Diff MSE: 0.000147337423641.
Iteration 504. I-divergence: 1382.20976808. MSE: 0.711968835389. Diff MSE: 0.000147104386351.
Iteration 505. I-divergence: 1381.9282563. MSE: 0.7118219631. Diff MSE: 0.000146872289385.
Iteration 506. I-divergence: 1381.64718398. MSE: 0.711675321971. Diff MSE: 0.000146641129179.
Iteration 507. I-divergence: 1381.36654938. MSE: 0.711528911069. Diff MSE: 0.000146410902041.
Iteration 508. I-divergence: 1381.08635075. MSE: 0.711382729464. Diff MSE: 0.000146181604269.
Iteration 509. I-divergence: 1380.80658635. MSE: 0.711236776232. Diff MSE: 0.000145953232022.
Iteration 510. I-divergence: 1380.52725446. MSE: 0.711091050451. Diff MSE: 0.000145725781469.
Iteration 511. I-divergence: 1380.24835335. MSE: 0.710945551202. Diff MSE: 0.000145499248626.
Iteration 512. I-divergence: 1379.9698813. MSE: 0.710800277573. Diff MSE: 0.000145273629504.
Iteration 513. I-divergence: 1379.6918366. MSE: 0.710655228653. Diff MSE: 0.000145048919998.
Iteration 514. I-divergence: 1379.41421756. MSE: 0.710510403537. Diff MSE: 0.000144825115984.
Iteration 515. I-divergence: 1379.13702249. MSE: 0.710365801324. Diff MSE: 0.000144602213238.
Iteration 516. I-divergence: 1378.86024969. MSE: 0.710221421116. Diff MSE: 0.00014438020752.
Iteration 517. I-divergence: 1378.58389749. MSE: 0.710077262022. Diff MSE: 0.000144159094447.
Iteration 518. I-divergence: 1378.30796423. MSE: 0.709933323152. Diff MSE: 0.00014393886968.
Iteration 519. I-divergence: 1378.03244824. MSE: 0.709789603623. Diff MSE: 0.000143719528697.
Iteration 520. I-divergence: 1377.75734786. MSE: 0.709646102556. Diff MSE: 0.000143501067066.
Iteration 521. I-divergence: 1377.48266147. MSE: 0.709502819076. Diff MSE: 0.000143283480162.
Iteration 522. I-divergence: 1377.20838742. MSE: 0.709359752313. Diff MSE: 0.00014306676336.
Iteration 523. I-divergence: 1376.93452408. MSE: 0.709216901401. Diff MSE: 0.00014285091204.
Iteration 524. I-divergence: 1376.66106984. MSE: 0.709074265479. Diff MSE: 0.000142635921407.
Iteration 525. I-divergence: 1376.38802309. MSE: 0.708931843693. Diff MSE: 0.000142421786699.
Iteration 526. I-divergence: 1376.11538223. MSE: 0.708789635189. Diff MSE: 0.000142208503104.
Iteration 527. I-divergence: 1375.84314567. MSE: 0.708647639124. Diff MSE: 0.000141996065726.
Iteration 528. I-divergence: 1375.57131183. MSE: 0.708505854654. Diff MSE: 0.000141784469621.
Iteration 529. I-divergence: 1375.29987914. MSE: 0.708364280944. Diff MSE: 0.000141573709817.
Iteration 530. I-divergence: 1375.02884603. MSE: 0.708222917163. Diff MSE: 0.000141363781309.
Iteration 531. I-divergence: 1374.75821095. MSE: 0.708081762484. Diff MSE: 0.000141154678996.
Iteration 532. I-divergence: 1374.48797236. MSE: 0.707940816086. Diff MSE: 0.000140946397802.
Iteration 533. I-divergence: 1374.21812872. MSE: 0.707800077154. Diff MSE: 0.00014073893256.
Iteration 534. I-divergence: 1373.94867851. MSE: 0.707659544876. Diff MSE: 0.000140532278041.
Iteration 535. I-divergence: 1373.67962021. MSE: 0.707519218446. Diff MSE: 0.000140326429057.
Iteration 536. I-divergence: 1373.41095232. MSE: 0.707379097066. Diff MSE: 0.000140121380313.
Iteration 537. I-divergence: 1373.14267335. MSE: 0.70723917994. Diff MSE: 0.000139917126504.
Iteration 538. I-divergence: 1372.8747818. MSE: 0.707099466277. Diff MSE: 0.000139713662253.
Iteration 539. I-divergence: 1372.60727621. MSE: 0.706959955295. Diff MSE: 0.000139510982227.
Iteration 540. I-divergence: 1372.3401551. MSE: 0.706820646214. Diff MSE: 0.000139309080963.
Iteration 541. I-divergence: 1372.07341703. MSE: 0.706681538261. Diff MSE: 0.000139107953036.
Iteration 542. I-divergence: 1371.80706055. MSE: 0.706542630668. Diff MSE: 0.000138907592936.
Iteration 543. I-divergence: 1371.54108422. MSE: 0.706403922673. Diff MSE: 0.000138707995158.
Iteration 544. I-divergence: 1371.27548662. MSE: 0.706265413519. Diff MSE: 0.000138509154205.
Iteration 545. I-divergence: 1371.01026634. MSE: 0.706127102454. Diff MSE: 0.00013831106441.
Iteration 546. I-divergence: 1370.74542197. MSE: 0.705988988734. Diff MSE: 0.00013811372024.
Iteration 547. I-divergence: 1370.48095213. MSE: 0.705851071618. Diff MSE: 0.000137917116044.
Iteration 548. I-divergence: 1370.21685542. MSE: 0.705713350372. Diff MSE: 0.000137721246173.
Iteration 549. I-divergence: 1369.95313048. MSE: 0.705575824267. Diff MSE: 0.00013752610495.
Iteration 550. I-divergence: 1369.68977595. MSE: 0.70543849258. Diff MSE: 0.000137331686673.
Iteration 551. I-divergence: 1369.42679047. MSE: 0.705301354595. Diff MSE: 0.000137137985598.
Iteration 552. I-divergence: 1369.16417271. MSE: 0.705164409599. Diff MSE: 0.000136944996009.
Iteration 553. I-divergence: 1368.90192134. MSE: 0.705027656887. Diff MSE: 0.000136752712109.
Iteration 554. I-divergence: 1368.64003504. MSE: 0.704891095759. Diff MSE: 0.000136561128143.
Iteration 555. I-divergence: 1368.37851251. MSE: 0.70475472552. Diff MSE: 0.000136370238263.
Iteration 556. I-divergence: 1368.11735244. MSE: 0.704618545484. Diff MSE: 0.000136180036708.
Iteration 557. I-divergence: 1367.85655355. MSE: 0.704482554966. Diff MSE: 0.000135990517572.
Iteration 558. I-divergence: 1367.59611457. MSE: 0.704346753291. Diff MSE: 0.000135801675044.
Iteration 559. I-divergence: 1367.33603424. MSE: 0.704211139788. Diff MSE: 0.000135613503239.
Iteration 560. I-divergence: 1367.07631129. MSE: 0.704075713791. Diff MSE: 0.00013542599627.
Iteration 561. I-divergence: 1366.8169445. MSE: 0.703940474643. Diff MSE: 0.000135239148256.
Iteration 562. I-divergence: 1366.55793263. MSE: 0.70380542169. Diff MSE: 0.000135052953284.
Iteration 563. I-divergence: 1366.29927446. MSE: 0.703670554285. Diff MSE: 0.000134867405402.
Iteration 564. I-divergence: 1366.04096878. MSE: 0.703535871786. Diff MSE: 0.000134682498759.
Iteration 565. I-divergence: 1365.78301439. MSE: 0.703401373558. Diff MSE: 0.000134498227322.
Iteration 566. I-divergence: 1365.52541012. MSE: 0.703267058973. Diff MSE: 0.000134314585224.
Iteration 567. I-divergence: 1365.26815478. MSE: 0.703132927407. Diff MSE: 0.000134131566462.
Iteration 568. I-divergence: 1365.01124721. MSE: 0.702998978242. Diff MSE: 0.00013394916509.
Iteration 569. I-divergence: 1364.75468626. MSE: 0.702865210866. Diff MSE: 0.000133767375181.
Iteration 570. I-divergence: 1364.49847079. MSE: 0.702731624676. Diff MSE: 0.000133586190696.
Iteration 571. I-divergence: 1364.24259967. MSE: 0.70259821907. Diff MSE: 0.000133405605724.
Iteration 572. I-divergence: 1363.98707177. MSE: 0.702464993456. Diff MSE: 0.000133225614258.
Iteration 573. I-divergence: 1363.731886. MSE: 0.702331947246. Diff MSE: 0.000133046210294.
Iteration 574. I-divergence: 1363.47704124. MSE: 0.702199079858. Diff MSE: 0.00013286738792.
Iteration 575. I-divergence: 1363.22253643. MSE: 0.702066390716. Diff MSE: 0.000132689141096.
Iteration 576. I-divergence: 1362.96837048. MSE: 0.701933879253. Diff MSE: 0.000132511463856.
Iteration 577. I-divergence: 1362.71454233. MSE: 0.701801544902. Diff MSE: 0.000132334350255.
Iteration 578. I-divergence: 1362.46105094. MSE: 0.701669387108. Diff MSE: 0.000132157794271.
Iteration 579. I-divergence: 1362.20789525. MSE: 0.701537405318. Diff MSE: 0.000131981789954.
Iteration 580. I-divergence: 1361.95507424. MSE: 0.701405598987. Diff MSE: 0.000131806331318.
Iteration 581. I-divergence: 1361.70258689. MSE: 0.701273967574. Diff MSE: 0.000131631412409.
Iteration 582. I-divergence: 1361.4504322. MSE: 0.701142510547. Diff MSE: 0.000131457027262.
Iteration 583. I-divergence: 1361.19860916. MSE: 0.701011227377. Diff MSE: 0.000131283169935.
Iteration 584. I-divergence: 1360.9471168. MSE: 0.700880117543. Diff MSE: 0.000131109834452.
Iteration 585. I-divergence: 1360.69595414. MSE: 0.700749180528. Diff MSE: 0.000130937014873.
Iteration 586. I-divergence: 1360.44512022. MSE: 0.700618415823. Diff MSE: 0.000130764705278.
Iteration 587. I-divergence: 1360.19461408. MSE: 0.700487822923. Diff MSE: 0.00013059289974.
Iteration 588. I-divergence: 1359.94443479. MSE: 0.700357401331. Diff MSE: 0.000130421592336.
Iteration 589. I-divergence: 1359.69458142. MSE: 0.700227150553. Diff MSE: 0.000130250777167.
Iteration 590. I-divergence: 1359.44505304. MSE: 0.700097070105. Diff MSE: 0.000130080448337.
Iteration 591. I-divergence: 1359.19584876. MSE: 0.699967159505. Diff MSE: 0.000129910599942.
Iteration 592. I-divergence: 1358.94696767. MSE: 0.699837418279. Diff MSE: 0.000129741226129.
Iteration 593. I-divergence: 1358.6984089. MSE: 0.699707845958. Diff MSE: 0.000129572321027.
Iteration 594. I-divergence: 1358.45017156. MSE: 0.699578442079. Diff MSE: 0.000129403878811.
Iteration 595. I-divergence: 1358.20225479. MSE: 0.699449206186. Diff MSE: 0.000129235893616.
Iteration 596. I-divergence: 1357.95465775. MSE: 0.699320137826. Diff MSE: 0.000129068359655.
Iteration 597. I-divergence: 1357.70737958. MSE: 0.699191236555. Diff MSE: 0.000128901271111.
Iteration 598. I-divergence: 1357.46041947. MSE: 0.699062501933. Diff MSE: 0.000128734622185.
Iteration 599. I-divergence: 1357.21377659. MSE: 0.698933933525. Diff MSE: 0.000128568407119.
Iteration 600. I-divergence: 1356.96745012. MSE: 0.698805530905. Diff MSE: 0.000128402620179.
Iteration 601. I-divergence: 1356.72143929. MSE: 0.69867729365. Diff MSE: 0.000128237255571.
Iteration 602. I-divergence: 1356.47574328. MSE: 0.698549221342. Diff MSE: 0.000128072307663.
Iteration 603. I-divergence: 1356.23036134. MSE: 0.698421313571. Diff MSE: 0.000127907770672.
Iteration 604. I-divergence: 1355.98529269. MSE: 0.698293569932. Diff MSE: 0.000127743638977.
Iteration 605. I-divergence: 1355.74053658. MSE: 0.698165990026. Diff MSE: 0.000127579906876.
Iteration 606. I-divergence: 1355.49609227. MSE: 0.698038573457. Diff MSE: 0.000127416568781.
Iteration 607. I-divergence: 1355.25195901. MSE: 0.697911319838. Diff MSE: 0.000127253619015.
Iteration 608. I-divergence: 1355.00813609. MSE: 0.697784228786. Diff MSE: 0.000127091052028.
Iteration 609. I-divergence: 1354.7646228. MSE: 0.697657299923. Diff MSE: 0.000126928862213.
Iteration 610. I-divergence: 1354.52141842. MSE: 0.697530532879. Diff MSE: 0.000126767044045.
Iteration 611. I-divergence: 1354.27852228. MSE: 0.697403927287. Diff MSE: 0.000126605591986.
Iteration 612. I-divergence: 1354.03593368. MSE: 0.697277482787. Diff MSE: 0.000126444500512.
Iteration 613. I-divergence: 1353.79365195. MSE: 0.697151199023. Diff MSE: 0.000126283764167.
Iteration 614. I-divergence: 1353.55167644. MSE: 0.697025075645. Diff MSE: 0.0001261233775.
Iteration 615. I-divergence: 1353.3100065. MSE: 0.69689911231. Diff MSE: 0.000125963335043.
Iteration 616. I-divergence: 1353.06864147. MSE: 0.696773308679. Diff MSE: 0.000125803631426.
Iteration 617. I-divergence: 1352.82758074. MSE: 0.696647664418. Diff MSE: 0.000125644261265.
Iteration 618. I-divergence: 1352.58682368. MSE: 0.696522179198. Diff MSE: 0.000125485219172.
Iteration 619. I-divergence: 1352.34636968. MSE: 0.696396852698. Diff MSE: 0.000125326499872.
Iteration 620. I-divergence: 1352.10621814. MSE: 0.6962716846. Diff MSE: 0.000125168098027.
Iteration 621. I-divergence: 1351.86636846. MSE: 0.696146674592. Diff MSE: 0.000125010008405.
Iteration 622. I-divergence: 1351.62682008. MSE: 0.696021822366. Diff MSE: 0.000124852225715.
Iteration 623. I-divergence: 1351.38757241. MSE: 0.695897127622. Diff MSE: 0.000124694744774.
Iteration 624. I-divergence: 1351.1486249. MSE: 0.695772590061. Diff MSE: 0.000124537560388.
Iteration 625. I-divergence: 1350.90997699. MSE: 0.695648209394. Diff MSE: 0.000124380667408.
Iteration 626. I-divergence: 1350.67162814. MSE: 0.695523985333. Diff MSE: 0.000124224060725.
Iteration 627. I-divergence: 1350.43357783. MSE: 0.695399917598. Diff MSE: 0.000124067735197.
Iteration 628. I-divergence: 1350.19582552. MSE: 0.695276005912. Diff MSE: 0.000123911685792.
Iteration 629. I-divergence: 1349.95837071. MSE: 0.695152250005. Diff MSE: 0.00012375590749.
Iteration 630. I-divergence: 1349.72121288. MSE: 0.695028649609. Diff MSE: 0.000123600395261.
Iteration 631. I-divergence: 1349.48435155. MSE: 0.694905204465. Diff MSE: 0.000123445144159.
Iteration 632. I-divergence: 1349.24778624. MSE: 0.694781914316. Diff MSE: 0.000123290149233.
Iteration 633. I-divergence: 1349.01151645. MSE: 0.69465877891. Diff MSE: 0.000123135405573.
Iteration 634. I-divergence: 1348.77554174. MSE: 0.694535798002. Diff MSE: 0.000122980908328.
Iteration 635. I-divergence: 1348.53986163. MSE: 0.694412971349. Diff MSE: 0.000122826652648.
Iteration 636. I-divergence: 1348.30447569. MSE: 0.694290298716. Diff MSE: 0.000122672633712.
Iteration 637. I-divergence: 1348.06938347. MSE: 0.694167779869. Diff MSE: 0.000122518846805.
Iteration 638. I-divergence: 1347.83458454. MSE: 0.694045414582. Diff MSE: 0.000122365287123.
Iteration 639. I-divergence: 1347.60007848. MSE: 0.693923202632. Diff MSE: 0.000122211950007.
Iteration 640. I-divergence: 1347.36586488. MSE: 0.693801143801. Diff MSE: 0.000122058830775.
Iteration 641. I-divergence: 1347.13194333. MSE: 0.693679237876. Diff MSE: 0.000121905924813.
Iteration 642. I-divergence: 1346.89831344. MSE: 0.693557484649. Diff MSE: 0.000121753227511.
Iteration 643. I-divergence: 1346.66497481. MSE: 0.693435883914. Diff MSE: 0.000121600734314.
Iteration 644. I-divergence: 1346.43192708. MSE: 0.693314435474. Diff MSE: 0.000121448440706.
Iteration 645. I-divergence: 1346.19916988. MSE: 0.693193139131. Diff MSE: 0.000121296342177.
Iteration 646. I-divergence: 1345.96670283. MSE: 0.693071994697. Diff MSE: 0.000121144434326.
Iteration 647. I-divergence: 1345.73452559. MSE: 0.692951001984. Diff MSE: 0.000120992712685.
Iteration 648. I-divergence: 1345.50263781. MSE: 0.692830160811. Diff MSE: 0.000120841172928.
Iteration 649. I-divergence: 1345.27103916. MSE: 0.692709471001. Diff MSE: 0.000120689810684.
Iteration 650. I-divergence: 1345.0397293. MSE: 0.692588932379. Diff MSE: 0.00012053862167.
Iteration 651. I-divergence: 1344.80870792. MSE: 0.692468544778. Diff MSE: 0.000120387601621.
Iteration 652. I-divergence: 1344.57797471. MSE: 0.692348308031. Diff MSE: 0.000120236746327.
Iteration 653. I-divergence: 1344.34752935. MSE: 0.69222822198. Diff MSE: 0.000120086051586.
Iteration 654. I-divergence: 1344.11737156. MSE: 0.692108286466. Diff MSE: 0.000119935513275.
Iteration 655. I-divergence: 1343.88750104. MSE: 0.691988501339. Diff MSE: 0.000119785127274.
Iteration 656. I-divergence: 1343.65791751. MSE: 0.69186886645. Diff MSE: 0.000119634889507.
Iteration 657. I-divergence: 1343.4286207. MSE: 0.691749381654. Diff MSE: 0.000119484795994.
Iteration 658. I-divergence: 1343.19961034. MSE: 0.691630046811. Diff MSE: 0.000119334842684.
Iteration 659. I-divergence: 1342.97088617. MSE: 0.691510861785. Diff MSE: 0.000119185025699.
Iteration 660. I-divergence: 1342.74244795. MSE: 0.691391826444. Diff MSE: 0.000119035341076.
Iteration 661. I-divergence: 1342.51429542. MSE: 0.691272940659. Diff MSE: 0.000118885784999.
Iteration 662. I-divergence: 1342.28642835. MSE: 0.691154204305. Diff MSE: 0.000118736353606.
Iteration 663. I-divergence: 1342.05884651. MSE: 0.691035617262. Diff MSE: 0.000118587043155.
Iteration 664. I-divergence: 1341.83154968. MSE: 0.690917179412. Diff MSE: 0.000118437849856.
Iteration 665. I-divergence: 1341.60453764. MSE: 0.690798890642. Diff MSE: 0.000118288770038.
Iteration 666. I-divergence: 1341.37781018. MSE: 0.690680750842. Diff MSE: 0.000118139800069.
Iteration 667. I-divergence: 1341.1513671. MSE: 0.690562759906. Diff MSE: 0.000117990936266.
Iteration 668. I-divergence: 1340.92520821. MSE: 0.690444917731. Diff MSE: 0.000117842175124.
Iteration 669. I-divergence: 1340.69933332. MSE: 0.690327224218. Diff MSE: 0.000117693513071.
Iteration 670. I-divergence: 1340.47374225. MSE: 0.690209679271. Diff MSE: 0.000117544946609.
Iteration 671. I-divergence: 1340.24843481. MSE: 0.690092282799. Diff MSE: 0.000117396472329.
Iteration 672. I-divergence: 1340.02341084. MSE: 0.689975034712. Diff MSE: 0.000117248086804.
Iteration 673. I-divergence: 1339.79867018. MSE: 0.689857934925. Diff MSE: 0.00011709978668.
Iteration 674. I-divergence: 1339.57421268. MSE: 0.689740983357. Diff MSE: 0.000116951568627.
Iteration 675. I-divergence: 1339.35003817. MSE: 0.689624179927. Diff MSE: 0.000116803429378.
Iteration 676. I-divergence: 1339.12614653. MSE: 0.689507524562. Diff MSE: 0.0001166553657.
Iteration 677. I-divergence: 1338.9025376. MSE: 0.689391017187. Diff MSE: 0.000116507374401.
Iteration 678. I-divergence: 1338.67921126. MSE: 0.689274657735. Diff MSE: 0.000116359452344.
Iteration 679. I-divergence: 1338.45616738. MSE: 0.689158446139. Diff MSE: 0.000116211596434.
Iteration 680. I-divergence: 1338.23340585. MSE: 0.689042382335. Diff MSE: 0.000116063803587.
Iteration 681. I-divergence: 1338.01092654. MSE: 0.688926466264. Diff MSE: 0.000115916070813.
Iteration 682. I-divergence: 1337.78872934. MSE: 0.688810697869. Diff MSE: 0.000115768395134.
Iteration 683. I-divergence: 1337.56681417. MSE: 0.688695077095. Diff MSE: 0.000115620773636.
Iteration 684. I-divergence: 1337.3451809. MSE: 0.688579603892. Diff MSE: 0.000115473203406.
Iteration 685. I-divergence: 1337.12382946. MSE: 0.68846427821. Diff MSE: 0.000115325681668.
Iteration 686. I-divergence: 1336.90275976. MSE: 0.688349100005. Diff MSE: 0.000115178205541.
Iteration 687. I-divergence: 1336.68197171. MSE: 0.688234069232. Diff MSE: 0.000115030772385.
Iteration 688. I-divergence: 1336.46146524. MSE: 0.688119185853. Diff MSE: 0.000114883379416.
Iteration 689. I-divergence: 1336.24124027. MSE: 0.688004449829. Diff MSE: 0.000114736024.
Iteration 690. I-divergence: 1336.02129674. MSE: 0.687889861125. Diff MSE: 0.000114588703541.
Iteration 691. I-divergence: 1335.80163458. MSE: 0.68777541971. Diff MSE: 0.000114441415441.
Iteration 692. I-divergence: 1335.58225374. MSE: 0.687661125553. Diff MSE: 0.000114294157207.
Iteration 693. I-divergence: 1335.36315416. MSE: 0.687546978626. Diff MSE: 0.000114146926358.
Iteration 694. I-divergence: 1335.14433581. MSE: 0.687432978906. Diff MSE: 0.000113999720431.
Iteration 695. I-divergence: 1334.92579862. MSE: 0.687319126369. Diff MSE: 0.000113852537084.
Iteration 696. I-divergence: 1334.70754257. MSE: 0.687205420995. Diff MSE: 0.000113705373929.
Iteration 697. I-divergence: 1334.48956762. MSE: 0.687091862766. Diff MSE: 0.000113558228722.
Iteration 698. I-divergence: 1334.27187373. MSE: 0.686978451667. Diff MSE: 0.000113411099155.
Iteration 699. I-divergence: 1334.05446089. MSE: 0.686865187684. Diff MSE: 0.00011326398307.
Iteration 700. I-divergence: 1333.83732906. MSE: 0.686752070806. Diff MSE: 0.000113116878273.
Iteration 701. I-divergence: 1333.62047824. MSE: 0.686639101023. Diff MSE: 0.000112969782699.
Iteration 702. I-divergence: 1333.4039084. MSE: 0.686526278329. Diff MSE: 0.000112822694221.
Iteration 703. I-divergence: 1333.18761954. MSE: 0.686413602718. Diff MSE: 0.000112675610853.
Iteration 704. I-divergence: 1332.97161165. MSE: 0.686301074187. Diff MSE: 0.000112528530594.
Iteration 705. I-divergence: 1332.75588473. MSE: 0.686188692736. Diff MSE: 0.000112381451541.
Iteration 706. I-divergence: 1332.54043877. MSE: 0.686076458364. Diff MSE: 0.000112234371794.
Iteration 707. I-divergence: 1332.32527378. MSE: 0.685964371075. Diff MSE: 0.000112087289516.
Iteration 708. I-divergence: 1332.11038977. MSE: 0.685852430872. Diff MSE: 0.000111940202896.
Iteration 709. I-divergence: 1331.89578675. MSE: 0.685740637761. Diff MSE: 0.000111793110222.
Iteration 710. I-divergence: 1331.68146473. MSE: 0.685628991752. Diff MSE: 0.000111646009757.
Iteration 711. I-divergence: 1331.46742373. MSE: 0.685517492852. Diff MSE: 0.000111498899861.
Iteration 712. I-divergence: 1331.25366377. MSE: 0.685406141073. Diff MSE: 0.000111351778924.
Iteration 713. I-divergence: 1331.04018487. MSE: 0.685294936428. Diff MSE: 0.000111204645368.
Iteration 714. I-divergence: 1330.82698706. MSE: 0.68518387893. Diff MSE: 0.00011105749771.
Iteration 715. I-divergence: 1330.61407037. MSE: 0.685072968595. Diff MSE: 0.000110910334426.
Iteration 716. I-divergence: 1330.40143482. MSE: 0.684962205441. Diff MSE: 0.000110763154123.
Iteration 717. I-divergence: 1330.18908046. MSE: 0.684851589486. Diff MSE: 0.000110615955429.
Iteration 718. I-divergence: 1329.97700732. MSE: 0.684741120749. Diff MSE: 0.000110468736966.
Iteration 719. I-divergence: 1329.76521543. MSE: 0.684630799251. Diff MSE: 0.000110321497469.
Iteration 720. I-divergence: 1329.55370484. MSE: 0.684520625016. Diff MSE: 0.000110174235717.
Iteration 721. I-divergence: 1329.3424756. MSE: 0.684410598065. Diff MSE: 0.000110026950446.
Iteration 722. I-divergence: 1329.13152774. MSE: 0.684300718425. Diff MSE: 0.000109879640578.
Iteration 723. I-divergence: 1328.92086132. MSE: 0.68419098612. Diff MSE: 0.000109732304963.
Iteration 724. I-divergence: 1328.71047639. MSE: 0.684081401177. Diff MSE: 0.000109584942529.
Iteration 725. I-divergence: 1328.50037299. MSE: 0.683971963625. Diff MSE: 0.000109437552312.
Iteration 726. I-divergence: 1328.29055119. MSE: 0.683862673492. Diff MSE: 0.000109290133275.
Iteration 727. I-divergence: 1328.08101103. MSE: 0.683753530807. Diff MSE: 0.000109142684529.
Iteration 728. I-divergence: 1327.87175258. MSE: 0.683644535602. Diff MSE: 0.000108995205203.
Iteration 729. I-divergence: 1327.66277589. MSE: 0.683535687907. Diff MSE: 0.00010884769443.
Iteration 730. I-divergence: 1327.45408103. MSE: 0.683426987756. Diff MSE: 0.000108700151433.
Iteration 731. I-divergence: 1327.24566805. MSE: 0.683318435181. Diff MSE: 0.00010855257548.
Iteration 732. I-divergence: 1327.03753702. MSE: 0.683210030215. Diff MSE: 0.000108404965862.
Iteration 733. I-divergence: 1326.829688. MSE: 0.683101772893. Diff MSE: 0.000108257321921.
Iteration 734. I-divergence: 1326.62212106. MSE: 0.68299366325. Diff MSE: 0.000108109643029.
Iteration 735. I-divergence: 1326.41483627. MSE: 0.682885701321. Diff MSE: 0.000107961928656.
Iteration 736. I-divergence: 1326.20783369. MSE: 0.682777887143. Diff MSE: 0.000107814178243.
Iteration 737. I-divergence: 1326.00111338. MSE: 0.682670220751. Diff MSE: 0.00010766639135.
Iteration 738. I-divergence: 1325.79467543. MSE: 0.682562702184. Diff MSE: 0.000107518567523.
Iteration 739. I-divergence: 1325.5885199. MSE: 0.682455331478. Diff MSE: 0.000107370706389.
Iteration 740. I-divergence: 1325.38264685. MSE: 0.68234810867. Diff MSE: 0.00010722280757.
Iteration 741. I-divergence: 1325.17705637. MSE: 0.682241033799. Diff MSE: 0.0001070748708.
Iteration 742. I-divergence: 1324.97174852. MSE: 0.682134106903. Diff MSE: 0.000106926895815.
Iteration 743. I-divergence: 1324.76672338. MSE: 0.682027328021. Diff MSE: 0.000106778882403.
Iteration 744. I-divergence: 1324.56198101. MSE: 0.681920697191. Diff MSE: 0.000106630830391.
Iteration 745. I-divergence: 1324.3575215. MSE: 0.681814214451. Diff MSE: 0.000106482739646.
Iteration 746. I-divergence: 1324.1533449. MSE: 0.681707879841. Diff MSE: 0.000106334610105.
Iteration 747. I-divergence: 1323.94945131. MSE: 0.681601693399. Diff MSE: 0.000106186441725.
Iteration 748. I-divergence: 1323.74584078. MSE: 0.681495655165. Diff MSE: 0.000106038234509.
Iteration 749. I-divergence: 1323.54251339. MSE: 0.681389765176. Diff MSE: 0.000105889988498.
Iteration 750. I-divergence: 1323.33946922. MSE: 0.681284023472. Diff MSE: 0.000105741703784.
Iteration 751. I-divergence: 1323.13670833. MSE: 0.681178430092. Diff MSE: 0.000105593380525.
Iteration 752. I-divergence: 1322.93423081. MSE: 0.681072985073. Diff MSE: 0.000105445018849.
Iteration 753. I-divergence: 1322.73203671. MSE: 0.680967688454. Diff MSE: 0.000105296619027.
Iteration 754. I-divergence: 1322.53012611. MSE: 0.680862540273. Diff MSE: 0.000105148181284.
Iteration 755. I-divergence: 1322.32849909. MSE: 0.680757540567. Diff MSE: 0.000104999705942.
Iteration 756. I-divergence: 1322.12715571. MSE: 0.680652689373. Diff MSE: 0.000104851193323.
Iteration 757. I-divergence: 1321.92609604. MSE: 0.68054798673. Diff MSE: 0.000104702643856.
Iteration 758. I-divergence: 1321.72532015. MSE: 0.680443432672. Diff MSE: 0.000104554057916.
Iteration 759. I-divergence: 1321.52482811. MSE: 0.680339027236. Diff MSE: 0.000104405436005.
Iteration 760. I-divergence: 1321.32461998. MSE: 0.680234770457. Diff MSE: 0.000104256778622.
Iteration 761. I-divergence: 1321.12469584. MSE: 0.680130662371. Diff MSE: 0.000104108086331.
Iteration 762. I-divergence: 1320.92505573. MSE: 0.680026703011. Diff MSE: 0.000103959359722.
Iteration 763. I-divergence: 1320.72569973. MSE: 0.679922892412. Diff MSE: 0.000103810599398.
Iteration 764. I-divergence: 1320.52662791. MSE: 0.679819230605. Diff MSE: 0.000103661806055.
Iteration 765. I-divergence: 1320.32784031. MSE: 0.679715717625. Diff MSE: 0.000103512980423.
Iteration 766. I-divergence: 1320.129337. MSE: 0.679612353502. Diff MSE: 0.000103364123221.
Iteration 767. I-divergence: 1319.93111804. MSE: 0.679509138267. Diff MSE: 0.000103215235267.
Iteration 768. I-divergence: 1319.73318348. MSE: 0.679406071949. Diff MSE: 0.00010306631737.
Iteration 769. I-divergence: 1319.53553338. MSE: 0.679303154579. Diff MSE: 0.00010291737041.
Iteration 770. I-divergence: 1319.33816779. MSE: 0.679200386183. Diff MSE: 0.00010276839533.
Iteration 771. I-divergence: 1319.14108676. MSE: 0.67909776679. Diff MSE: 0.000102619393006.
Iteration 772. I-divergence: 1318.94429034. MSE: 0.678995296426. Diff MSE: 0.0001024703645.
Iteration 773. I-divergence: 1318.74777858. MSE: 0.678892975115. Diff MSE: 0.000102321310774.
Iteration 774. I-divergence: 1318.55155152. MSE: 0.678790802882. Diff MSE: 0.000102172232958.
Iteration 775. I-divergence: 1318.3556092. MSE: 0.67868877975. Diff MSE: 0.000102023132096.
Iteration 776. I-divergence: 1318.15995168. MSE: 0.678586905741. Diff MSE: 0.000101874009358.
Iteration 777. I-divergence: 1317.96457898. MSE: 0.678485180875. Diff MSE: 0.0001017248659.
Iteration 778. I-divergence: 1317.76949114. MSE: 0.678383605172. Diff MSE: 0.000101575702954.
Iteration 779. I-divergence: 1317.5746882. MSE: 0.67828217865. Diff MSE: 0.000101426521765.
Iteration 780. I-divergence: 1317.38017019. MSE: 0.678180901327. Diff MSE: 0.000101277323604.
Iteration 781. I-divergence: 1317.18593713. MSE: 0.678079773217. Diff MSE: 0.000101128109818.
Iteration 782. I-divergence: 1316.99198906. MSE: 0.677978794335. Diff MSE: 0.000100978881737.
Iteration 783. I-divergence: 1316.79832599. MSE: 0.677877964694. Diff MSE: 0.000100829640797.
Iteration 784. I-divergence: 1316.60494796. MSE: 0.677777284306. Diff MSE: 0.000100680388376.
Iteration 785. I-divergence: 1316.41185497. MSE: 0.67767675318. Diff MSE: 0.000100531125985.
Iteration 786. I-divergence: 1316.21904704. MSE: 0.677576371325. Diff MSE: 0.000100381855091.
Iteration 787. I-divergence: 1316.02652419. MSE: 0.677476138747. Diff MSE: 0.000100232577235.
Iteration 788. I-divergence: 1315.83428643. MSE: 0.677376055453. Diff MSE: 0.000100083293994.
Iteration 789. I-divergence: 1315.64233376. MSE: 0.677276121447. Diff MSE: 9.99340069787e-05.
Iteration 790. I-divergence: 1315.45066618. MSE: 0.677176336729. Diff MSE: 9.9784717803e-05.
Iteration 791. I-divergence: 1315.25928371. MSE: 0.677076701301. Diff MSE: 9.96354281371e-05.
Iteration 792. I-divergence: 1315.06818632. MSE: 0.676977215161. Diff MSE: 9.94861397071e-05.
Iteration 793. I-divergence: 1314.87737403. MSE: 0.676877878307. Diff MSE: 9.93368542205e-05.
Iteration 794. I-divergence: 1314.68684681. MSE: 0.676778690733. Diff MSE: 9.91875734526e-05.
Iteration 795. I-divergence: 1314.49660466. MSE: 0.676679652434. Diff MSE: 9.90382992214e-05.
Iteration 796. I-divergence: 1314.30664756. MSE: 0.676580763401. Diff MSE: 9.88890333339e-05.
Iteration 797. I-divergence: 1314.11697549. MSE: 0.676482023623. Diff MSE: 9.87397776517e-05.
Iteration 798. I-divergence: 1313.92758843. MSE: 0.676383433089. Diff MSE: 9.85905340993e-05.
Iteration 799. I-divergence: 1313.73848634. MSE: 0.676284991784. Diff MSE: 9.84413045509e-05.
Iteration 800. I-divergence: 1313.54966921. MSE: 0.676186699693. Diff MSE: 9.82920910249e-05.
Iteration 801. I-divergence: 1313.36113699. MSE: 0.676088556798. Diff MSE: 9.81428954289e-05.
Iteration 802. I-divergence: 1313.17288965. MSE: 0.675990563078. Diff MSE: 9.79937198693e-05.
Iteration 803. I-divergence: 1312.98492715. MSE: 0.675892718512. Diff MSE: 9.78445662928e-05.
Iteration 804. I-divergence: 1312.79724943. MSE: 0.675795023075. Diff MSE: 9.76954368521e-05.
Iteration 805. I-divergence: 1312.60985645. MSE: 0.675697476741. Diff MSE: 9.75463335942e-05.
Iteration 806. I-divergence: 1312.42274816. MSE: 0.675600079483. Diff MSE: 9.73972587067e-05.
Iteration 807. I-divergence: 1312.2359245. MSE: 0.675502831268. Diff MSE: 9.72482142761e-05.
Iteration 808. I-divergence: 1312.0493854. MSE: 0.675405732066. Diff MSE: 9.70992025402e-05.
Iteration 809. I-divergence: 1311.8631308. MSE: 0.67530878184. Diff MSE: 9.69502257172e-05.
Iteration 810. I-divergence: 1311.67716062. MSE: 0.675211980554. Diff MSE: 9.6801285987e-05.
Iteration 811. I-divergence: 1311.49147481. MSE: 0.675115328168. Diff MSE: 9.66523856961e-05.
Iteration 812. I-divergence: 1311.30607326. MSE: 0.675018824641. Diff MSE: 9.65035270748e-05.
Iteration 813. I-divergence: 1311.12095591. MSE: 0.674922469929. Diff MSE: 9.63547124839e-05.
Iteration 814. I-divergence: 1310.93612266. MSE: 0.674826263985. Diff MSE: 9.62059442378e-05.
Iteration 815. I-divergence: 1310.75157342. MSE: 0.67473020676. Diff MSE: 9.60572247234e-05.
Iteration 816. I-divergence: 1310.56730809. MSE: 0.674634298203. Diff MSE: 9.59085563453e-05.
Iteration 817. I-divergence: 1310.38332657. MSE: 0.674538538262. Diff MSE: 9.57599414939e-05.
Iteration 818. I-divergence: 1310.19962876. MSE: 0.674442926879. Diff MSE: 9.56113826167e-05.
Iteration 819. I-divergence: 1310.01621455. MSE: 0.674347463997. Diff MSE: 9.54628822031e-05.
Iteration 820. I-divergence: 1309.83308381. MSE: 0.674252149554. Diff MSE: 9.53144427278e-05.
Iteration 821. I-divergence: 1309.65023644. MSE: 0.674156983488. Diff MSE: 9.51660667138e-05.
Iteration 822. I-divergence: 1309.46767229. MSE: 0.674061965731. Diff MSE: 9.50177566609e-05.
Iteration 823. I-divergence: 1309.28539125. MSE: 0.673967096216. Diff MSE: 9.48695151817e-05.
Iteration 824. I-divergence: 1309.10339318. MSE: 0.673872374871. Diff MSE: 9.47213448188e-05.
Iteration 825. I-divergence: 1308.92167794. MSE: 0.673777801623. Diff MSE: 9.45732481612e-05.
Iteration 826. I-divergence: 1308.74024538. MSE: 0.673683376395. Diff MSE: 9.44252278744e-05.
Iteration 827. I-divergence: 1308.55909536. MSE: 0.673589099108. Diff MSE: 9.42772865684e-05.
Iteration 828. I-divergence: 1308.37822772. MSE: 0.673494969682. Diff MSE: 9.41294269079e-05.
Iteration 829. I-divergence: 1308.1976423. MSE: 0.67340098803. Diff MSE: 9.39816515739e-05.
Iteration 830. I-divergence: 1308.01733893. MSE: 0.673307154067. Diff MSE: 9.38339632814e-05.
Iteration 831. I-divergence: 1307.83731745. MSE: 0.673213467702. Diff MSE: 9.36863647298e-05.
Iteration 832. I-divergence: 1307.65757768. MSE: 0.673119928843. Diff MSE: 9.35388586814e-05.
Iteration 833. I-divergence: 1307.47811944. MSE: 0.673026537395. Diff MSE: 9.33914478893e-05.
Iteration 834. I-divergence: 1307.29894254. MSE: 0.67293329326. Diff MSE: 9.32441350874e-05.
Iteration 835. I-divergence: 1307.1200468. MSE: 0.672840196337. Diff MSE: 9.3096923123e-05.
Iteration 836. I-divergence: 1306.94143201. MSE: 0.672747246522. Diff MSE: 9.2949814783e-05.
Iteration 837. I-divergence: 1306.76309798. MSE: 0.67265444371. Diff MSE: 9.2802812876e-05.
Iteration 838. I-divergence: 1306.5850445. MSE: 0.672561787789. Diff MSE: 9.26559202663e-05.
Iteration 839. I-divergence: 1306.40727135. MSE: 0.672469278649. Diff MSE: 9.25091397989e-05.
Iteration 840. I-divergence: 1306.22977832. MSE: 0.672376916175. Diff MSE: 9.23624743684e-05.
Iteration 841. I-divergence: 1306.05256519. MSE: 0.672284700248. Diff MSE: 9.22159268162e-05.
Iteration 842. I-divergence: 1305.87563172. MSE: 0.672192630748. Diff MSE: 9.20695001151e-05.
Iteration 843. I-divergence: 1305.69897768. MSE: 0.672100707551. Diff MSE: 9.19231971049e-05.
Iteration 844. I-divergence: 1305.52260284. MSE: 0.67200893053. Diff MSE: 9.17770207728e-05.
Iteration 845. I-divergence: 1305.34650695. MSE: 0.671917299556. Diff MSE: 9.16309740056e-05.
Iteration 846. I-divergence: 1305.17068975. MSE: 0.671825814496. Diff MSE: 9.14850598226e-05.
Iteration 847. I-divergence: 1304.99515099. MSE: 0.671734475215. Diff MSE: 9.13392811663e-05.
Iteration 848. I-divergence: 1304.8198904. MSE: 0.671643281574. Diff MSE: 9.11936409981e-05.
Iteration 849. I-divergence: 1304.64490773. MSE: 0.671552233432. Diff MSE: 9.10481423254e-05.
Iteration 850. I-divergence: 1304.47020269. MSE: 0.671461330644. Diff MSE: 9.09027881666e-05.
Iteration 851. I-divergence: 1304.29577501. MSE: 0.671370573062. Diff MSE: 9.0757581519e-05.
Iteration 852. I-divergence: 1304.1216244. MSE: 0.671279960537. Diff MSE: 9.06125254072e-05.
Iteration 853. I-divergence: 1303.94775057. MSE: 0.671189492914. Diff MSE: 9.04676228677e-05.
Iteration 854. I-divergence: 1303.77415323. MSE: 0.671099170037. Diff MSE: 9.03228769604e-05.
Iteration 855. I-divergence: 1303.60083207. MSE: 0.671008991746. Diff MSE: 9.01782906978e-05.
Iteration 856. I-divergence: 1303.42778678. MSE: 0.670918957879. Diff MSE: 9.00338672005e-05.
Iteration 857. I-divergence: 1303.25501705. MSE: 0.67082906827. Diff MSE: 8.98896095041e-05.
Iteration 858. I-divergence: 1303.08252257. MSE: 0.670739322749. Diff MSE: 8.97455206817e-05.
Iteration 859. I-divergence: 1302.910303. MSE: 0.670649721145. Diff MSE: 8.9601603845e-05.
Iteration 860. I-divergence: 1302.73835802. MSE: 0.670560263283. Diff MSE: 8.94578620707e-05.
Iteration 861. I-divergence: 1302.56668728. MSE: 0.670470948985. Diff MSE: 8.9314298455e-05.
Iteration 862. I-divergence: 1302.39529045. MSE: 0.670381778068. Diff MSE: 8.91709161265e-05.
Iteration 863. I-divergence: 1302.22416717. MSE: 0.67029275035. Diff MSE: 8.90277181733e-05.
Iteration 864. I-divergence: 1302.05331709. MSE: 0.670203865643. Diff MSE: 8.888470774e-05.
Iteration 865. I-divergence: 1301.88273985. MSE: 0.670115123755. Diff MSE: 8.87418879131e-05.
Iteration 866. I-divergence: 1301.71243509. MSE: 0.670026524493. Diff MSE: 8.85992618627e-05.
Iteration 867. I-divergence: 1301.54240243. MSE: 0.66993806766. Diff MSE: 8.84568327114e-05.
Iteration 868. I-divergence: 1301.37264149. MSE: 0.669849753057. Diff MSE: 8.83146035627e-05.
Iteration 869. I-divergence: 1301.20315188. MSE: 0.669761580479. Diff MSE: 8.81725775916e-05.
Iteration 870. I-divergence: 1301.03393323. MSE: 0.669673549721. Diff MSE: 8.80307579501e-05.
Iteration 871. I-divergence: 1300.86498513. MSE: 0.669585660573. Diff MSE: 8.78891477405e-05.
Iteration 872. I-divergence: 1300.69630717. MSE: 0.669497912823. Diff MSE: 8.77477501505e-05.
Iteration 873. I-divergence: 1300.52789896. MSE: 0.669410306255. Diff MSE: 8.7606568331e-05.
Iteration 874. I-divergence: 1300.35976007. MSE: 0.669322840649. Diff MSE: 8.74656053994e-05.
Iteration 875. I-divergence: 1300.19189009. MSE: 0.669235515785. Diff MSE: 8.73248645639e-05.
Iteration 876. I-divergence: 1300.02428859. MSE: 0.669148331436. Diff MSE: 8.71843489034e-05.
Iteration 877. I-divergence: 1299.85695514. MSE: 0.669061287374. Diff MSE: 8.70440616665e-05.
Iteration 878. I-divergence: 1299.6898893. MSE: 0.668974383368. Diff MSE: 8.69040059283e-05.
Iteration 879. I-divergence: 1299.52309063. MSE: 0.668887619183. Diff MSE: 8.67641848926e-05.
Iteration 880. I-divergence: 1299.35655867. MSE: 0.668800994582. Diff MSE: 8.66246016806e-05.
Iteration 881. I-divergence: 1299.19029298. MSE: 0.668714509322. Diff MSE: 8.6485259492e-05.
Iteration 882. I-divergence: 1299.02429308. MSE: 0.668628163161. Diff MSE: 8.6346161416e-05.
Iteration 883. I-divergence: 1298.85855852. MSE: 0.66854195585. Diff MSE: 8.62073106609e-05.
Iteration 884. I-divergence: 1298.69308881. MSE: 0.66845588714. Diff MSE: 8.60687103421e-05.
Iteration 885. I-divergence: 1298.52788349. MSE: 0.668369956776. Diff MSE: 8.59303635972e-05.
Iteration 886. I-divergence: 1298.36294205. MSE: 0.668284164503. Diff MSE: 8.57922736173e-05.
Iteration 887. I-divergence: 1298.19826402. MSE: 0.668198510059. Diff MSE: 8.56544434868e-05.
Iteration 888. I-divergence: 1298.03384889. MSE: 0.668112993183. Diff MSE: 8.5516876387e-05.
Iteration 889. I-divergence: 1297.86969615. MSE: 0.668027613607. Diff MSE: 8.53795754098e-05.
Iteration 890. I-divergence: 1297.70580532. MSE: 0.667942371064. Diff MSE: 8.52425437222e-05.
Iteration 891. I-divergence: 1297.54217585. MSE: 0.667857265279. Diff MSE: 8.51057843977e-05.
Iteration 892. I-divergence: 1297.37880724. MSE: 0.667772295979. Diff MSE: 8.49693006033e-05.
Iteration 893. I-divergence: 1297.21569896. MSE: 0.667687462883. Diff MSE: 8.4833095447e-05.
Iteration 894. I-divergence: 1297.05285047. MSE: 0.667602765711. Diff MSE: 8.46971719951e-05.
Iteration 895. I-divergence: 1296.89026124. MSE: 0.667518204178. Diff MSE: 8.45615334077e-05.
Iteration 896. I-divergence: 1296.72793073. MSE: 0.667433777995. Diff MSE: 8.44261827143e-05.
Iteration 897. I-divergence: 1296.56585837. MSE: 0.667349486872. Diff MSE: 8.42911230708e-05.
Iteration 898. I-divergence: 1296.40404362. MSE: 0.667265330514. Diff MSE: 8.41563575079e-05.
Iteration 899. I-divergence: 1296.24248591. MSE: 0.667181308625. Diff MSE: 8.40218891173e-05.
Iteration 900. I-divergence: 1296.08118468. MSE: 0.667097420904. Diff MSE: 8.3887720985e-05.
Iteration 901. I-divergence: 1295.92013935. MSE: 0.667013667048. Diff MSE: 8.3753856121e-05.
Iteration 902. I-divergence: 1295.75934934. MSE: 0.666930046751. Diff MSE: 8.36202976333e-05.
Iteration 903. I-divergence: 1295.59881407. MSE: 0.666846559702. Diff MSE: 8.3487048523e-05.
Iteration 904. I-divergence: 1295.43853295. MSE: 0.66676320559. Diff MSE: 8.33541118551e-05.
Iteration 905. I-divergence: 1295.27850537. MSE: 0.6666799841. Diff MSE: 8.32214906061e-05.
Iteration 906. I-divergence: 1295.11873075. MSE: 0.666596894912. Diff MSE: 8.30891878283e-05.
Iteration 907. I-divergence: 1294.95920846. MSE: 0.666513937705. Diff MSE: 8.2957206518e-05.
Iteration 908. I-divergence: 1294.79993791. MSE: 0.666431112156. Diff MSE: 8.28255496724e-05.
Iteration 909. I-divergence: 1294.64091846. MSE: 0.666348417935. Diff MSE: 8.26942202865e-05.
Iteration 910. I-divergence: 1294.48214949. MSE: 0.666265854714. Diff MSE: 8.25632212768e-05.
Iteration 911. I-divergence: 1294.32363038. MSE: 0.666183422158. Diff MSE: 8.24325556759e-05.
Iteration 912. I-divergence: 1294.16536048. MSE: 0.666101119932. Diff MSE: 8.23022264071e-05.
Iteration 913. I-divergence: 1294.00733916. MSE: 0.666018947696. Diff MSE: 8.21722363862e-05.
Iteration 914. I-divergence: 1293.84956576. MSE: 0.665936905107. Diff MSE: 8.20425885784e-05.
Iteration 915. I-divergence: 1293.69203965. MSE: 0.665854991821. Diff MSE: 8.1913285879e-05.
Iteration 916. I-divergence: 1293.53476015. MSE: 0.66577320749. Diff MSE: 8.17843311973e-05.
Iteration 917. I-divergence: 1293.3777266. MSE: 0.665691551762. Diff MSE: 8.16557274275e-05.
Iteration 918. I-divergence: 1293.22093834. MSE: 0.665610024285. Diff MSE: 8.15274774262e-05.
Iteration 919. I-divergence: 1293.06439469. MSE: 0.665528624701. Diff MSE: 8.13995840846e-05.
Iteration 920. I-divergence: 1292.90809497. MSE: 0.665447352651. Diff MSE: 8.12720502491e-05.
Iteration 921. I-divergence: 1292.7520385. MSE: 0.665366207772. Diff MSE: 8.11448787401e-05.
Iteration 922. I-divergence: 1292.59622459. MSE: 0.6652851897. Diff MSE: 8.10180723895e-05.
Iteration 923. I-divergence: 1292.44065253. MSE: 0.665204298066. Diff MSE: 8.08916340199e-05.
Iteration 924. I-divergence: 1292.28532164. MSE: 0.665123532499. Diff MSE: 8.07655664047e-05.
Iteration 925. I-divergence: 1292.1302312. MSE: 0.665042892627. Diff MSE: 8.06398723402e-05.
Iteration 926. I-divergence: 1291.9753805. MSE: 0.664962378072. Diff MSE: 8.05145545871e-05.
Iteration 927. I-divergence: 1291.82076882. MSE: 0.664881988456. Diff MSE: 8.03896159015e-05.
Iteration 928. I-divergence: 1291.66639545. MSE: 0.664801723397. Diff MSE: 8.02650589941e-05.
Iteration 929. I-divergence: 1291.51225966. MSE: 0.664721582511. Diff MSE: 8.01408866241e-05.
Iteration 930. I-divergence: 1291.35836071. MSE: 0.664641565409. Diff MSE: 8.00171014629e-05.
Iteration 931. I-divergence: 1291.20469787. MSE: 0.664561671703. Diff MSE: 7.98937062192e-05.
Iteration 932. I-divergence: 1291.0512704. MSE: 0.664481900999. Diff MSE: 7.9770703529e-05.
Iteration 933. I-divergence: 1290.89807754. MSE: 0.664402252903. Diff MSE: 7.96480961178e-05.
Iteration 934. I-divergence: 1290.74511855. MSE: 0.664322727017. Diff MSE: 7.95258865459e-05.
Iteration 935. I-divergence: 1290.59239267. MSE: 0.664243322939. Diff MSE: 7.94040774902e-05.
Iteration 936. I-divergence: 1290.43989913. MSE: 0.664164040268. Diff MSE: 7.92826715305e-05.
Iteration 937. I-divergence: 1290.28763718. MSE: 0.664084878597. Diff MSE: 7.91616712601e-05.
Iteration 938. I-divergence: 1290.13560604. MSE: 0.664005837517. Diff MSE: 7.90410792495e-05.
Iteration 939. I-divergence: 1289.98380492. MSE: 0.663926916619. Diff MSE: 7.89208980615e-05.
Iteration 940. I-divergence: 1289.83223306. MSE: 0.663848115489. Diff MSE: 7.88011302093e-05.
Iteration 941. I-divergence: 1289.68088967. MSE: 0.663769433711. Diff MSE: 7.86817782477e-05.
Iteration 942. I-divergence: 1289.52977394. MSE: 0.663690870866. Diff MSE: 7.85628446357e-05.
Iteration 943. I-divergence: 1289.3788851. MSE: 0.663612426534. Diff MSE: 7.84443318602e-05.
Iteration 944. I-divergence: 1289.22822234. MSE: 0.663534100292. Diff MSE: 7.83262424362e-05.
Iteration 945. I-divergence: 1289.07778484. MSE: 0.663455891713. Diff MSE: 7.82085787382e-05.
Iteration 946. I-divergence: 1288.92757182. MSE: 0.66337780037. Diff MSE: 7.80913432311e-05.
Iteration 947. I-divergence: 1288.77758244. MSE: 0.663299825832. Diff MSE: 7.79745383247e-05.
Iteration 948. I-divergence: 1288.6278159. MSE: 0.663221967665. Diff MSE: 7.78581663822e-05.
Iteration 949. I-divergence: 1288.47827137. MSE: 0.663144225435. Diff MSE: 7.77422297963e-05.
Iteration 950. I-divergence: 1288.32894802. MSE: 0.663066598704. Diff MSE: 7.76267309089e-05.
Iteration 951. I-divergence: 1288.17984502. MSE: 0.662989087032. Diff MSE: 7.75116720469e-05.
Iteration 952. I-divergence: 1288.03096153. MSE: 0.662911689977. Diff MSE: 7.7397055522e-05.
Iteration 953. I-divergence: 1287.88229672. MSE: 0.662834407093. Diff MSE: 7.72828836293e-05.
Iteration 954. I-divergence: 1287.73384974. MSE: 0.662757237935. Diff MSE: 7.7169158655e-05.
Iteration 955. I-divergence: 1287.58561974. MSE: 0.662680182052. Diff MSE: 7.70558828107e-05.
Iteration 956. I-divergence: 1287.43760587. MSE: 0.662603238993. Diff MSE: 7.69430583755e-05.
Iteration 957. I-divergence: 1287.28980727. MSE: 0.662526408306. Diff MSE: 7.68306875238e-05.
Iteration 958. I-divergence: 1287.14222307. MSE: 0.662449689533. Diff MSE: 7.67187724617e-05.
Iteration 959. I-divergence: 1286.99485243. MSE: 0.662373082218. Diff MSE: 7.66073153673e-05.
Iteration 960. I-divergence: 1286.84769445. MSE: 0.6622965859. Diff MSE: 7.64963183935e-05.
Iteration 961. I-divergence: 1286.70074828. MSE: 0.662220200116. Diff MSE: 7.63857836499e-05.
Iteration 962. I-divergence: 1286.55401303. MSE: 0.662143924403. Diff MSE: 7.62757132594e-05.
Iteration 963. I-divergence: 1286.40748782. MSE: 0.662067758293. Diff MSE: 7.61661093288e-05.
Iteration 964. I-divergence: 1286.26117177. MSE: 0.66199170132. Diff MSE: 7.60569738769e-05.
Iteration 965. I-divergence: 1286.11506399. MSE: 0.661915753011. Diff MSE: 7.59483090021e-05.
Iteration 966. I-divergence: 1285.96916358. MSE: 0.661839912894. Diff MSE: 7.58401167192e-05.
Iteration 967. I-divergence: 1285.82346965. MSE: 0.661764180495. Diff MSE: 7.57323990047e-05.
Iteration 968. I-divergence: 1285.6779813. MSE: 0.661688555337. Diff MSE: 7.56251578785e-05.
Iteration 969. I-divergence: 1285.53269762. MSE: 0.661613036942. Diff MSE: 7.55183952901e-05.
Iteration 970. I-divergence: 1285.3876177. MSE: 0.661537624828. Diff MSE: 7.54121131769e-05.
Iteration 971. I-divergence: 1285.24274064. MSE: 0.661462318515. Diff MSE: 7.53063134667e-05.
Iteration 972. I-divergence: 1285.09806551. MSE: 0.661387117517. Diff MSE: 7.52009980569e-05.
Iteration 973. I-divergence: 1284.95359141. MSE: 0.661312021348. Diff MSE: 7.50961688186e-05.
Iteration 974. I-divergence: 1284.8093174. MSE: 0.661237029521. Diff MSE: 7.49918276244e-05.
Iteration 975. I-divergence: 1284.66524256. MSE: 0.661162141544. Diff MSE: 7.48879763065e-05.
Iteration 976. I-divergence: 1284.52136597. MSE: 0.661087356928. Diff MSE: 7.47846166587e-05.
Iteration 977. I-divergence: 1284.37768669. MSE: 0.661012675177. Diff MSE: 7.46817504882e-05.
Iteration 978. I-divergence: 1284.23420378. MSE: 0.660938095798. Diff MSE: 7.45793795646e-05.
Iteration 979. I-divergence: 1284.09091631. MSE: 0.660863618292. Diff MSE: 7.44775056576e-05.
Iteration 980. I-divergence: 1283.94782333. MSE: 0.660789242161. Diff MSE: 7.43761304406e-05.
Iteration 981. I-divergence: 1283.8049239. MSE: 0.660714966906. Diff MSE: 7.42752556719e-05.
Iteration 982. I-divergence: 1283.66221707. MSE: 0.660640792023. Diff MSE: 7.41748830202e-05.
Iteration 983. I-divergence: 1283.51970189. MSE: 0.660566717009. Diff MSE: 7.40750141274e-05.
Iteration 984. I-divergence: 1283.3773774. MSE: 0.660492741358. Diff MSE: 7.39756506657e-05.
Iteration 985. I-divergence: 1283.23524265. MSE: 0.660418864564. Diff MSE: 7.3876794227e-05.
Iteration 986. I-divergence: 1283.09329667. MSE: 0.660345086117. Diff MSE: 7.37784464012e-05.
Iteration 987. I-divergence: 1282.95153849. MSE: 0.660271405508. Diff MSE: 7.36806088142e-05.
Iteration 988. I-divergence: 1282.80996717. MSE: 0.660197822226. Diff MSE: 7.35832829576e-05.
Iteration 989. I-divergence: 1282.66858171. MSE: 0.660124335755. Diff MSE: 7.34864704091e-05.
Iteration 990. I-divergence: 1282.52738116. MSE: 0.660050945582. Diff MSE: 7.339017264e-05.
Iteration 991. I-divergence: 1282.38636453. MSE: 0.659977651191. Diff MSE: 7.32943911799e-05.
Iteration 992. I-divergence: 1282.24553085. MSE: 0.659904452064. Diff MSE: 7.31991274585e-05.
Iteration 993. I-divergence: 1282.10487914. MSE: 0.659831347681. Diff MSE: 7.31043829227e-05.
Iteration 994. I-divergence: 1281.96440841. MSE: 0.659758337522. Diff MSE: 7.30101590122e-05.
Iteration 995. I-divergence: 1281.82411768. MSE: 0.659685421065. Diff MSE: 7.29164571267e-05.
Iteration 996. I-divergence: 1281.68400595. MSE: 0.659612597786. Diff MSE: 7.28232786243e-05.
Iteration 997. I-divergence: 1281.54407225. MSE: 0.659539867161. Diff MSE: 7.27306248947e-05.
Iteration 998. I-divergence: 1281.40431557. MSE: 0.659467228664. Diff MSE: 7.26384972266e-05.
Iteration 999. I-divergence: 1281.26473491. MSE: 0.659394681767. Diff MSE: 7.25468969667e-05.
Iteration 1000. I-divergence: 1281.12532929. MSE: 0.659322225942. Diff MSE: 7.24558254204e-05.
Performance on test set: MSE=0.714359674189, I-div=346.083598299.
0.714359674189
