Fold 1 for k=15,l=20.
Initialising F using KMeans.
Iteration: 1.
Iteration: 2.
Iteration: 3.
Iteration: 4.
Iteration: 5.
Iteration: 6.
Iteration: 7.
Iteration: 8.
Iteration: 9.
Iteration: 10.
Iteration: 11.
Iteration: 12.
Iteration: 13.
Iteration: 14.
Iteration: 15.
Iteration: 16.
Iteration: 17.
Iteration: 18.
Iteration: 19.
Iteration: 20.
Iteration: 21.
Iteration: 22.
Iteration: 23.
Iteration: 24.
Iteration: 25.
Iteration: 26.
Iteration: 27.
Iteration: 28.
[112.0, 46.0, 31.0, 61.0, 12.0, 66.0, 102.0, 6.0, 49.0, 65.0, 5.0, 40.0, 0.0, 1.0, 26.0]
Initialising G using KMeans.
Iteration: 1.
Iteration: 2.
Iteration: 3.
Iteration: 4.
Iteration: 5.
Iteration: 6.
Iteration: 7.
Iteration: 8.
Iteration: 9.
[6.0, 1.0, 6.0, 0.0, 18.0, 0.0, 0.0, 0.0, 10.0, 5.0, 0.0, 0.0, 42.0, 2.0, 11.0, 17.0, 0.0, 1.0, 6.0, 14.0]
Iteration 0. I-divergence: 44414.6534777. MSE: 28.5034778867. Diff MSE: -28.5034778867.
Iteration 1. I-divergence: 1735.03068104. MSE: 0.896714476075. Diff MSE: 27.6067634106.
Iteration 2. I-divergence: 1632.69491885. MSE: 0.843418219595. Diff MSE: 0.0532962564801.
Iteration 3. I-divergence: 1627.58598929. MSE: 0.840749609352. Diff MSE: 0.0026686102423.
Iteration 4. I-divergence: 1625.87876325. MSE: 0.839848352993. Diff MSE: 0.000901256359091.
Iteration 5. I-divergence: 1624.54711853. MSE: 0.839144268909. Diff MSE: 0.000704084084644.
Iteration 6. I-divergence: 1623.27111549. MSE: 0.838469561742. Diff MSE: 0.000674707166174.
Iteration 7. I-divergence: 1622.01344029. MSE: 0.837804512218. Diff MSE: 0.000665049524499.
Iteration 8. I-divergence: 1620.76894494. MSE: 0.837146377404. Diff MSE: 0.000658134813662.
Iteration 9. I-divergence: 1619.53655279. MSE: 0.836494585853. Diff MSE: 0.000651791551202.
Iteration 10. I-divergence: 1618.31581704. MSE: 0.835848904759. Diff MSE: 0.000645681093571.
Iteration 11. I-divergence: 1617.10642188. MSE: 0.83520917075. Diff MSE: 0.000639734009443.
Iteration 12. I-divergence: 1615.90809026. MSE: 0.834575240068. Diff MSE: 0.000633930681764.
Iteration 13. I-divergence: 1614.72056218. MSE: 0.833946977239. Diff MSE: 0.000628262829092.
Iteration 14. I-divergence: 1613.54358869. MSE: 0.833324252127. Diff MSE: 0.000622725112562.
Iteration 15. I-divergence: 1612.37692985. MSE: 0.832706939086. Diff MSE: 0.000617313040352.
Iteration 16. I-divergence: 1611.22035395. MSE: 0.832094916666. Diff MSE: 0.000612022420711.
Iteration 17. I-divergence: 1610.07363707. MSE: 0.831488067442. Diff MSE: 0.000606849223219.
Iteration 18. I-divergence: 1608.93656274. MSE: 0.830886277896. Diff MSE: 0.000601789546674.
Iteration 19. I-divergence: 1607.80892171. MSE: 0.830289438283. Diff MSE: 0.000596839612991.
Iteration 20. I-divergence: 1606.69051165. MSE: 0.829697442517. Diff MSE: 0.00059199576536.
Iteration 21. I-divergence: 1605.58113694. MSE: 0.829110188051. Diff MSE: 0.000587254466378.
Iteration 22. I-divergence: 1604.48060847. MSE: 0.828527575756. Diff MSE: 0.000582612295258.
Iteration 23. I-divergence: 1603.38874334. MSE: 0.827949509811. Diff MSE: 0.000578065944671.
Iteration 24. I-divergence: 1602.30536475. MSE: 0.827375897594. Diff MSE: 0.000573612216886.
Iteration 25. I-divergence: 1601.23030172. MSE: 0.826806649574. Diff MSE: 0.000569248020272.
Iteration 26. I-divergence: 1600.16338893. MSE: 0.826241679208. Diff MSE: 0.000564970365526.
Iteration 27. I-divergence: 1599.10446652. MSE: 0.825680902846. Diff MSE: 0.000560776362158.
Iteration 28. I-divergence: 1598.05337991. MSE: 0.825124239631. Diff MSE: 0.000556663215038.
Iteration 29. I-divergence: 1597.00997965. MSE: 0.82457161141. Diff MSE: 0.000552628221168.
Iteration 30. I-divergence: 1595.97412121. MSE: 0.824022942643. Diff MSE: 0.000548668766474.
Iteration 31. I-divergence: 1594.94566484. MSE: 0.82347816032. Diff MSE: 0.000544782322996.
Iteration 32. I-divergence: 1593.92447541. MSE: 0.822937193875. Diff MSE: 0.000540966445855.
Iteration 33. I-divergence: 1592.91042225. MSE: 0.822399975104. Diff MSE: 0.000537218770806.
Iteration 34. I-divergence: 1591.90337901. MSE: 0.821866438092. Diff MSE: 0.000533537011484.
Iteration 35. I-divergence: 1590.90322352. MSE: 0.821336519135. Diff MSE: 0.000529918957147.
Iteration 36. I-divergence: 1589.90983762. MSE: 0.820810156665. Diff MSE: 0.000526362470176.
Iteration 37. I-divergence: 1588.92310709. MSE: 0.820287291181. Diff MSE: 0.000522865484171.
Iteration 38. I-divergence: 1587.94292144. MSE: 0.819767865179. Diff MSE: 0.00051942600151.
Iteration 39. I-divergence: 1586.96917385. MSE: 0.819251823087. Diff MSE: 0.000516042091829.
Iteration 40. I-divergence: 1586.00176101. MSE: 0.818739111198. Diff MSE: 0.00051271188956.
Iteration 41. I-divergence: 1585.04058299. MSE: 0.818229677605. Diff MSE: 0.000509433592602.
Iteration 42. I-divergence: 1584.08554317. MSE: 0.817723472145. Diff MSE: 0.000506205460424.
Iteration 43. I-divergence: 1583.13654809. MSE: 0.817220446333. Diff MSE: 0.000503025812341.
Iteration 44. I-divergence: 1582.19350734. MSE: 0.816720553306. Diff MSE: 0.000499893026103.
Iteration 45. I-divergence: 1581.25633347. MSE: 0.81622374777. Diff MSE: 0.000496805536265.
Iteration 46. I-divergence: 1580.32494189. MSE: 0.815729985937. Diff MSE: 0.000493761832786.
Iteration 47. I-divergence: 1579.39925072. MSE: 0.815239225478. Diff MSE: 0.000490760459719.
Iteration 48. I-divergence: 1578.47918076. MSE: 0.814751425464. Diff MSE: 0.000487800013749.
Iteration 49. I-divergence: 1577.56465533. MSE: 0.814266546321. Diff MSE: 0.00048487914302.
Iteration 50. I-divergence: 1576.65560024. MSE: 0.813784549775. Diff MSE: 0.000481996545842.
Iteration 51. I-divergence: 1575.75194362. MSE: 0.813305398805. Diff MSE: 0.000479150969592.
Iteration 52. I-divergence: 1574.85361591. MSE: 0.812829057596. Diff MSE: 0.000476341209451.
Iteration 53. I-divergence: 1573.96054971. MSE: 0.812355491489. Diff MSE: 0.000473566107398.
Iteration 54. I-divergence: 1573.07267972. MSE: 0.811884666938. Diff MSE: 0.000470824551081.
Iteration 55. I-divergence: 1572.18994266. MSE: 0.811416551465. Diff MSE: 0.000468115472745.
Iteration 56. I-divergence: 1571.31227718. MSE: 0.810951113616. Diff MSE: 0.000465437848319.
Iteration 57. I-divergence: 1570.4396238. MSE: 0.81048832292. Diff MSE: 0.000462790696313.
Iteration 58. I-divergence: 1569.57192478. MSE: 0.810028149843. Diff MSE: 0.000460173076964.
Iteration 59. I-divergence: 1568.70912411. MSE: 0.809570565752. Diff MSE: 0.000457584091135.
Iteration 60. I-divergence: 1567.85116739. MSE: 0.809115542872. Diff MSE: 0.000455022879585.
Iteration 61. I-divergence: 1566.99800178. MSE: 0.808663054251. Diff MSE: 0.000452488621823.
Iteration 62. I-divergence: 1566.14957591. MSE: 0.808213073715. Diff MSE: 0.000449980535472.
Iteration 63. I-divergence: 1565.30583982. MSE: 0.80776557584. Diff MSE: 0.000447497875224.
Iteration 64. I-divergence: 1564.46674491. MSE: 0.807320535908. Diff MSE: 0.000445039931918.
Iteration 65. I-divergence: 1563.63224385. MSE: 0.806877929876. Diff MSE: 0.000442606031841.
Iteration 66. I-divergence: 1562.80229052. MSE: 0.80643773434. Diff MSE: 0.000440195535756.
Iteration 67. I-divergence: 1561.97683996. MSE: 0.805999926502. Diff MSE: 0.000437807838126.
Iteration 68. I-divergence: 1561.15584829. MSE: 0.805564484136. Diff MSE: 0.000435442366167.
Iteration 69. I-divergence: 1560.33927267. MSE: 0.805131385557. Diff MSE: 0.000433098579153.
Iteration 70. I-divergence: 1559.52707123. MSE: 0.80470060959. Diff MSE: 0.000430775967468.
Iteration 71. I-divergence: 1558.71920303. MSE: 0.804272135538. Diff MSE: 0.000428474051749.
Iteration 72. I-divergence: 1557.91562797. MSE: 0.803845943156. Diff MSE: 0.00042619238226.
Iteration 73. I-divergence: 1557.11630677. MSE: 0.803422012618. Diff MSE: 0.000423930537803.
Iteration 74. I-divergence: 1556.32120093. MSE: 0.803000324493. Diff MSE: 0.000421688125029.
Iteration 75. I-divergence: 1555.53027262. MSE: 0.802580859715. Diff MSE: 0.000419464777652.
Iteration 76. I-divergence: 1554.74348469. MSE: 0.80216359956. Diff MSE: 0.000417260155442.
Iteration 77. I-divergence: 1553.96080063. MSE: 0.801748525616. Diff MSE: 0.000415073943608.
Iteration 78. I-divergence: 1553.18218445. MSE: 0.801335619764. Diff MSE: 0.000412905851867.
Iteration 79. I-divergence: 1552.40760072. MSE: 0.800924864151. Diff MSE: 0.000410755613486.
Iteration 80. I-divergence: 1551.63701447. MSE: 0.800516241166. Diff MSE: 0.000408622984777.
Iteration 81. I-divergence: 1550.87039121. MSE: 0.800109733422. Diff MSE: 0.000406507743908.
Iteration 82. I-divergence: 1550.10769681. MSE: 0.799705323732. Diff MSE: 0.000404409690282.
Iteration 83. I-divergence: 1549.34889754. MSE: 0.799302995088. Diff MSE: 0.00040232864367.
Iteration 84. I-divergence: 1548.59395999. MSE: 0.798902730645. Diff MSE: 0.000400264443332.
Iteration 85. I-divergence: 1547.84285103. MSE: 0.798504513697. Diff MSE: 0.000398216947247.
Iteration 86. I-divergence: 1547.09553783. MSE: 0.798108327666. Diff MSE: 0.000396186031197.
Iteration 87. I-divergence: 1546.35198777. MSE: 0.797714156078. Diff MSE: 0.000394171588025.
Iteration 88. I-divergence: 1545.61216842. MSE: 0.797321982551. Diff MSE: 0.000392173526746.
Iteration 89. I-divergence: 1544.87604757. MSE: 0.79693179078. Diff MSE: 0.000390191771787.
Iteration 90. I-divergence: 1544.14359313. MSE: 0.796543564518. Diff MSE: 0.000388226262062.
Iteration 91. I-divergence: 1543.41477312. MSE: 0.796157287567. Diff MSE: 0.000386276950261.
Iteration 92. I-divergence: 1542.6895557. MSE: 0.795772943765. Diff MSE: 0.000384343802.
Iteration 93. I-divergence: 1541.96790907. MSE: 0.79539051697. Diff MSE: 0.000382426794953.
Iteration 94. I-divergence: 1541.24980153. MSE: 0.795009991052. Diff MSE: 0.000380525918167.
Iteration 95. I-divergence: 1540.53520137. MSE: 0.794631349881. Diff MSE: 0.000378641171167.
Iteration 96. I-divergence: 1539.82407695. MSE: 0.794254577318. Diff MSE: 0.00037677256329.
Iteration 97. I-divergence: 1539.11639661. MSE: 0.793879657205. Diff MSE: 0.000374920112732.
Iteration 98. I-divergence: 1538.41212867. MSE: 0.793506573359. Diff MSE: 0.00037308384591.
Iteration 99. I-divergence: 1537.71124146. MSE: 0.793135309562. Diff MSE: 0.000371263796775.
Iteration 100. I-divergence: 1537.01370325. MSE: 0.792765849557. Diff MSE: 0.000369460005856.
Iteration 101. I-divergence: 1536.31948228. MSE: 0.792398177037. Diff MSE: 0.000367672519765.
Iteration 102. I-divergence: 1535.62854671. MSE: 0.792032275646. Diff MSE: 0.000365901390274.
Iteration 103. I-divergence: 1534.94086466. MSE: 0.791668128973. Diff MSE: 0.000364146673759.
Iteration 104. I-divergence: 1534.25640418. MSE: 0.791305720542. Diff MSE: 0.000362408430488.
Iteration 105. I-divergence: 1533.57513323. MSE: 0.790945033818. Diff MSE: 0.000360686723898.
Iteration 106. I-divergence: 1532.89701971. MSE: 0.790586052198. Diff MSE: 0.000358981619963.
Iteration 107. I-divergence: 1532.2220314. MSE: 0.790228759012. Diff MSE: 0.000357293186631.
Iteration 108. I-divergence: 1531.55013604. MSE: 0.789873137519. Diff MSE: 0.000355621493084.
Iteration 109. I-divergence: 1530.88130124. MSE: 0.789519170909. Diff MSE: 0.000353966609269.
Iteration 110. I-divergence: 1530.21549455. MSE: 0.789166842304. Diff MSE: 0.000352328605177.
Iteration 111. I-divergence: 1529.55268343. MSE: 0.788816134754. Diff MSE: 0.000350707550491.
Iteration 112. I-divergence: 1528.89283524. MSE: 0.78846703124. Diff MSE: 0.000349103513774.
Iteration 113. I-divergence: 1528.23591727. MSE: 0.788119514678. Diff MSE: 0.000347516562267.
Iteration 114. I-divergence: 1527.58189672. MSE: 0.787773567917. Diff MSE: 0.000345946761136.
Iteration 115. I-divergence: 1526.93074072. MSE: 0.787429173743. Diff MSE: 0.000344394173159.
Iteration 116. I-divergence: 1526.28241634. MSE: 0.787086314885. Diff MSE: 0.000342858858159.
Iteration 117. I-divergence: 1525.63689058. MSE: 0.786744974012. Diff MSE: 0.000341340872766.
Iteration 118. I-divergence: 1524.99413038. MSE: 0.786405133743. Diff MSE: 0.000339840269787.
Iteration 119. I-divergence: 1524.35410262. MSE: 0.786066776645. Diff MSE: 0.000338357097993.
Iteration 120. I-divergence: 1523.71677416. MSE: 0.785729885243. Diff MSE: 0.000336891401675.
Iteration 121. I-divergence: 1523.08211181. MSE: 0.785394442023. Diff MSE: 0.000335443220449.
Iteration 122. I-divergence: 1522.45008235. MSE: 0.785060429434. Diff MSE: 0.000334012588721.
Iteration 123. I-divergence: 1521.82065258. MSE: 0.784727829898. Diff MSE: 0.000332599535661.
Iteration 124. I-divergence: 1521.19378924. MSE: 0.784396625813. Diff MSE: 0.000331204084696.
Iteration 125. I-divergence: 1520.56945912. MSE: 0.78406679956. Diff MSE: 0.000329826253486.
Iteration 126. I-divergence: 1519.94762901. MSE: 0.783738333506. Diff MSE: 0.000328466053616.
Iteration 127. I-divergence: 1519.32826572. MSE: 0.783411210016. Diff MSE: 0.000327123490371.
Iteration 128. I-divergence: 1518.7113361. MSE: 0.783085411453. Diff MSE: 0.000325798562629.
Iteration 129. I-divergence: 1518.09680707. MSE: 0.782760920191. Diff MSE: 0.000324491262686.
Iteration 130. I-divergence: 1517.48464558. MSE: 0.782437718615. Diff MSE: 0.000323201576163.
Iteration 131. I-divergence: 1516.87481867. MSE: 0.782115789133. Diff MSE: 0.000321929481883.
Iteration 132. I-divergence: 1516.26729347. MSE: 0.781795114181. Diff MSE: 0.000320674951769.
Iteration 133. I-divergence: 1515.66203719. MSE: 0.78147567623. Diff MSE: 0.000319437950753.
Iteration 134. I-divergence: 1515.05901717. MSE: 0.781157457793. Diff MSE: 0.000318218436914.
Iteration 135. I-divergence: 1514.45820086. MSE: 0.780840441432. Diff MSE: 0.000317016361215.
Iteration 136. I-divergence: 1513.85955584. MSE: 0.780524609764. Diff MSE: 0.000315831667629.
Iteration 137. I-divergence: 1513.26304984. MSE: 0.780209945471. Diff MSE: 0.000314664293177.
Iteration 138. I-divergence: 1512.66865076. MSE: 0.779896431303. Diff MSE: 0.00031351416783.
Iteration 139. I-divergence: 1512.07632665. MSE: 0.779584050089. Diff MSE: 0.000312381214738.
Iteration 140. I-divergence: 1511.48604575. MSE: 0.779272784738. Diff MSE: 0.000311265350129.
Iteration 141. I-divergence: 1510.89777651. MSE: 0.778962618255. Diff MSE: 0.000310166483479.
Iteration 142. I-divergence: 1510.31148757. MSE: 0.778653533737. Diff MSE: 0.000309084517531.
Iteration 143. I-divergence: 1509.72714777. MSE: 0.778345514389. Diff MSE: 0.000308019348547.
Iteration 144. I-divergence: 1509.14472622. MSE: 0.778038543523. Diff MSE: 0.000306970866179.
Iteration 145. I-divergence: 1508.56419223. MSE: 0.777732604569. Diff MSE: 0.000305938953944.
Iteration 146. I-divergence: 1507.98551537. MSE: 0.77742768108. Diff MSE: 0.00030492348895.
Iteration 147. I-divergence: 1507.40866549. MSE: 0.777123756737. Diff MSE: 0.000303924342439.
Iteration 148. I-divergence: 1506.83361269. MSE: 0.776820815358. Diff MSE: 0.000302941379671.
Iteration 149. I-divergence: 1506.26032735. MSE: 0.776518840897. Diff MSE: 0.000301974460254.
Iteration 150. I-divergence: 1505.68878014. MSE: 0.776217817459. Diff MSE: 0.000301023438237.
Iteration 151. I-divergence: 1505.11894204. MSE: 0.775917729297. Diff MSE: 0.000300088162297.
Iteration 152. I-divergence: 1504.55078432. MSE: 0.775618560821. Diff MSE: 0.000299168476077.
Iteration 153. I-divergence: 1503.98427857. MSE: 0.775320296603. Diff MSE: 0.000298264218095.
Iteration 154. I-divergence: 1503.41939672. MSE: 0.775022921381. Diff MSE: 0.000297375222254.
Iteration 155. I-divergence: 1502.85611102. MSE: 0.774726420063. Diff MSE: 0.000296501317849.
Iteration 156. I-divergence: 1502.29439404. MSE: 0.774430777733. Diff MSE: 0.000295642329812.
Iteration 157. I-divergence: 1501.73421871. MSE: 0.774135979654. Diff MSE: 0.000294798079086.
Iteration 158. I-divergence: 1501.17555833. MSE: 0.773842011271. Diff MSE: 0.000293968382516.
Iteration 159. I-divergence: 1500.61838652. MSE: 0.773548858218. Diff MSE: 0.000293153053445.
Iteration 160. I-divergence: 1500.0626773. MSE: 0.773256506316. Diff MSE: 0.000292351901617.
Iteration 161. I-divergence: 1499.50840503. MSE: 0.772964941583. Diff MSE: 0.00029156473363.
Iteration 162. I-divergence: 1498.95554446. MSE: 0.77267415023. Diff MSE: 0.000290791352998.
Iteration 163. I-divergence: 1498.40407072. MSE: 0.772384118669. Diff MSE: 0.000290031560394.
Iteration 164. I-divergence: 1497.85395931. MSE: 0.772094833515. Diff MSE: 0.000289285154027.
Iteration 165. I-divergence: 1497.30518612. MSE: 0.771806281586. Diff MSE: 0.000288551929646.
Iteration 166. I-divergence: 1496.75772743. MSE: 0.771518449905. Diff MSE: 0.000287831680807.
Iteration 167. I-divergence: 1496.21155992. MSE: 0.771231325705. Diff MSE: 0.000287124199295.
Iteration 168. I-divergence: 1495.66666065. MSE: 0.77094489643. Diff MSE: 0.000286429274958.
Iteration 169. I-divergence: 1495.1230071. MSE: 0.770659149734. Diff MSE: 0.000285746696285.
Iteration 170. I-divergence: 1494.58057712. MSE: 0.770374073484. Diff MSE: 0.000285076250361.
Iteration 171. I-divergence: 1494.03934898. MSE: 0.770089655761. Diff MSE: 0.000284417723193.
Iteration 172. I-divergence: 1493.49930136. MSE: 0.769805884861. Diff MSE: 0.000283770899862.
Iteration 173. I-divergence: 1492.96041331. MSE: 0.769522749296. Diff MSE: 0.000283135564717.
Iteration 174. I-divergence: 1492.42266432. MSE: 0.769240237794. Diff MSE: 0.00028251150158.
Iteration 175. I-divergence: 1491.88603426. MSE: 0.768958339301. Diff MSE: 0.000281898493907.
Iteration 176. I-divergence: 1491.35050341. MSE: 0.768677042976. Diff MSE: 0.000281296325026.
Iteration 177. I-divergence: 1490.81605246. MSE: 0.768396338197. Diff MSE: 0.000280704778177.
Iteration 178. I-divergence: 1490.28266249. MSE: 0.76811621456. Diff MSE: 0.000280123636843.
Iteration 179. I-divergence: 1489.75031498. MSE: 0.767836661876. Diff MSE: 0.000279552684802.
Iteration 180. I-divergence: 1489.21899183. MSE: 0.767557670169. Diff MSE: 0.00027899170634.
Iteration 181. I-divergence: 1488.68867532. MSE: 0.767279229683. Diff MSE: 0.000278440486384.
Iteration 182. I-divergence: 1488.15934814. MSE: 0.767001330872. Diff MSE: 0.000277898810621.
Iteration 183. I-divergence: 1487.63099335. MSE: 0.766723964407. Diff MSE: 0.000277366465678.
Iteration 184. I-divergence: 1487.10359443. MSE: 0.766447121167. Diff MSE: 0.000276843239278.
Iteration 185. I-divergence: 1486.57713523. MSE: 0.766170792247. Diff MSE: 0.000276328920295.
Iteration 186. I-divergence: 1486.05160001. MSE: 0.765894968948. Diff MSE: 0.000275823298944.
Iteration 187. I-divergence: 1485.52697339. MSE: 0.765619642781. Diff MSE: 0.000275326166862.
Iteration 188. I-divergence: 1485.00324039. MSE: 0.765344805464. Diff MSE: 0.00027483731723.
Iteration 189. I-divergence: 1484.48038639. MSE: 0.765070448919. Diff MSE: 0.000274356544939.
Iteration 190. I-divergence: 1483.95839716. MSE: 0.764796565273. Diff MSE: 0.000273883646517.
Iteration 191. I-divergence: 1483.43725884. MSE: 0.764523146852. Diff MSE: 0.000273418420483.
Iteration 192. I-divergence: 1482.91695792. MSE: 0.764250186185. Diff MSE: 0.000272960667187.
Iteration 193. I-divergence: 1482.39748127. MSE: 0.763977675996. Diff MSE: 0.000272510189095.
Iteration 194. I-divergence: 1481.87881611. MSE: 0.763705609205. Diff MSE: 0.000272066790673.
Iteration 195. I-divergence: 1481.36095003. MSE: 0.763433978926. Diff MSE: 0.000271630278703.
Iteration 196. I-divergence: 1480.84387094. MSE: 0.763162778464. Diff MSE: 0.0002712004621.
Iteration 197. I-divergence: 1480.32756714. MSE: 0.762892001312. Diff MSE: 0.000270777152126.
Iteration 198. I-divergence: 1479.81202723. MSE: 0.76262164115. Diff MSE: 0.000270360162474.
Iteration 199. I-divergence: 1479.29724018. MSE: 0.762351691841. Diff MSE: 0.000269949309196.
Iteration 200. I-divergence: 1478.78319526. MSE: 0.76208214743. Diff MSE: 0.000269544410824.
Iteration 201. I-divergence: 1478.26988209. MSE: 0.761813002141. Diff MSE: 0.000269145288501.
Iteration 202. I-divergence: 1477.75729061. MSE: 0.761544250375. Diff MSE: 0.000268751765828.
Iteration 203. I-divergence: 1477.24541108. MSE: 0.761275886706. Diff MSE: 0.000268363669029.
Iteration 204. I-divergence: 1476.73423406. MSE: 0.761007905879. Diff MSE: 0.000267980827075.
Iteration 205. I-divergence: 1476.22375044. MSE: 0.760740302808. Diff MSE: 0.000267603071409.
Iteration 206. I-divergence: 1475.71395138. MSE: 0.760473072572. Diff MSE: 0.000267230236361.
Iteration 207. I-divergence: 1475.20482837. MSE: 0.760206210413. Diff MSE: 0.00026686215882.
Iteration 208. I-divergence: 1474.69637319. MSE: 0.759939711734. Diff MSE: 0.000266498678478.
Iteration 209. I-divergence: 1474.18857788. MSE: 0.759673572096. Diff MSE: 0.00026613963778.
Iteration 210. I-divergence: 1473.68143478. MSE: 0.759407787215. Diff MSE: 0.000265784881869.
Iteration 211. I-divergence: 1473.17493653. MSE: 0.759142352956. Diff MSE: 0.000265434258709.
Iteration 212. I-divergence: 1472.66907601. MSE: 0.758877265337. Diff MSE: 0.000265087619006.
Iteration 213. I-divergence: 1472.16384638. MSE: 0.758612520521. Diff MSE: 0.000264744816183.
Iteration 214. I-divergence: 1471.65924105. MSE: 0.758348114814. Diff MSE: 0.000264405706573.
Iteration 215. I-divergence: 1471.15525371. MSE: 0.758084044665. Diff MSE: 0.000264070149118.
Iteration 216. I-divergence: 1470.6518783. MSE: 0.757820306659. Diff MSE: 0.000263738005623.
Iteration 217. I-divergence: 1470.14910897. MSE: 0.757556897519. Diff MSE: 0.000263409140594.
Iteration 218. I-divergence: 1469.64694017. MSE: 0.757293814097. Diff MSE: 0.000263083421315.
Iteration 219. I-divergence: 1469.14536653. MSE: 0.75703105338. Diff MSE: 0.000262760717755.
Iteration 220. I-divergence: 1468.64438295. MSE: 0.756768612477. Diff MSE: 0.000262440902659.
Iteration 221. I-divergence: 1468.14398455. MSE: 0.756506488626. Diff MSE: 0.000262123851436.
Iteration 222. I-divergence: 1467.64416666. MSE: 0.756244679183. Diff MSE: 0.000261809442137.
Iteration 223. I-divergence: 1467.14492483. MSE: 0.755983181628. Diff MSE: 0.000261497555593.
Iteration 224. I-divergence: 1466.64625484. MSE: 0.755721993553. Diff MSE: 0.000261188075156.
Iteration 225. I-divergence: 1466.14815265. MSE: 0.755461112666. Diff MSE: 0.000260880886853.
Iteration 226. I-divergence: 1465.65061444. MSE: 0.755200536787. Diff MSE: 0.000260575879306.
Iteration 227. I-divergence: 1465.15363659. MSE: 0.754940263843. Diff MSE: 0.000260272943687.
Iteration 228. I-divergence: 1464.65721566. MSE: 0.754680291869. Diff MSE: 0.000259971973735.
Iteration 229. I-divergence: 1464.16134842. MSE: 0.754420619003. Diff MSE: 0.000259672865731.
Iteration 230. I-divergence: 1463.66603179. MSE: 0.754161243485. Diff MSE: 0.000259375518365.
Iteration 231. I-divergence: 1463.17126291. MSE: 0.753902163652. Diff MSE: 0.000259079832841.
Iteration 232. I-divergence: 1462.67703907. MSE: 0.753643377939. Diff MSE: 0.000258785712817.
Iteration 233. I-divergence: 1462.18335773. MSE: 0.753384884875. Diff MSE: 0.000258493064322.
Iteration 234. I-divergence: 1461.69021652. MSE: 0.753126683079. Diff MSE: 0.000258201795728.
Iteration 235. I-divergence: 1461.19761325. MSE: 0.752868771262. Diff MSE: 0.000257911817804.
Iteration 236. I-divergence: 1460.70554586. MSE: 0.752611148218. Diff MSE: 0.000257623043538.
Iteration 237. I-divergence: 1460.21401246. MSE: 0.75235381283. Diff MSE: 0.000257335388334.
Iteration 238. I-divergence: 1459.72301131. MSE: 0.75209676406. Diff MSE: 0.000257048769676.
Iteration 239. I-divergence: 1459.23254081. MSE: 0.751840000953. Diff MSE: 0.00025676310735.
Iteration 240. I-divergence: 1458.7425995. MSE: 0.751583522629. Diff MSE: 0.00025647832331.
Iteration 241. I-divergence: 1458.25318607. MSE: 0.751327328288. Diff MSE: 0.000256194341579.
Iteration 242. I-divergence: 1457.76429932. MSE: 0.751071417199. Diff MSE: 0.000255911088423.
Iteration 243. I-divergence: 1457.27593821. MSE: 0.750815788707. Diff MSE: 0.000255628491996.
Iteration 244. I-divergence: 1456.78810181. MSE: 0.750560442225. Diff MSE: 0.000255346482676.
Iteration 245. I-divergence: 1456.30078931. MSE: 0.750305377232. Diff MSE: 0.000255064992652.
Iteration 246. I-divergence: 1455.81400002. MSE: 0.750050593276. Diff MSE: 0.000254783956313.
Iteration 247. I-divergence: 1455.32773338. MSE: 0.749796089966. Diff MSE: 0.000254503309742.
Iteration 248. I-divergence: 1454.84198893. MSE: 0.749541866975. Diff MSE: 0.000254222991084.
Iteration 249. I-divergence: 1454.35676631. MSE: 0.749287924035. Diff MSE: 0.000253942940308.
Iteration 250. I-divergence: 1453.87206529. MSE: 0.749034260935. Diff MSE: 0.000253663099186.
Iteration 251. I-divergence: 1453.38788571. MSE: 0.748780877524. Diff MSE: 0.000253383411293.
Iteration 252. I-divergence: 1452.90422754. MSE: 0.748527773702. Diff MSE: 0.00025310382206.
Iteration 253. I-divergence: 1452.42109084. MSE: 0.748274949424. Diff MSE: 0.000252824278502.
Iteration 254. I-divergence: 1451.93847573. MSE: 0.748022404694. Diff MSE: 0.000252544729436.
Iteration 255. I-divergence: 1451.45638247. MSE: 0.747770139569. Diff MSE: 0.000252265125353.
Iteration 256. I-divergence: 1450.97481137. MSE: 0.74751815415. Diff MSE: 0.000251985418287.
Iteration 257. I-divergence: 1450.49376283. MSE: 0.747266448588. Diff MSE: 0.000251705561956.
Iteration 258. I-divergence: 1450.01323734. MSE: 0.747015023077. Diff MSE: 0.000251425511635.
Iteration 259. I-divergence: 1449.53323546. MSE: 0.746763877853. Diff MSE: 0.000251145224118.
Iteration 260. I-divergence: 1449.05375784. MSE: 0.746513013195. Diff MSE: 0.00025086465771.
Iteration 261. I-divergence: 1448.57480518. MSE: 0.746262429423. Diff MSE: 0.000250583772185.
Iteration 262. I-divergence: 1448.09637826. MSE: 0.746012126894. Diff MSE: 0.000250302528816.
Iteration 263. I-divergence: 1447.61847794. MSE: 0.745762106004. Diff MSE: 0.000250020890204.
Iteration 264. I-divergence: 1447.14110512. MSE: 0.745512367183. Diff MSE: 0.000249738820408.
Iteration 265. I-divergence: 1446.66426078. MSE: 0.745262910899. Diff MSE: 0.000249456284823.
Iteration 266. I-divergence: 1446.18794596. MSE: 0.745013737648. Diff MSE: 0.000249173250173.
Iteration 267. I-divergence: 1445.71216175. MSE: 0.744764847964. Diff MSE: 0.000248889684457.
Iteration 268. I-divergence: 1445.23690929. MSE: 0.744516242407. Diff MSE: 0.000248605556978.
Iteration 269. I-divergence: 1444.76218979. MSE: 0.744267921569. Diff MSE: 0.000248320838296.
Iteration 270. I-divergence: 1444.28800449. MSE: 0.744019886069. Diff MSE: 0.000248035500131.
Iteration 271. I-divergence: 1443.81435471. MSE: 0.743772136553. Diff MSE: 0.000247749515434.
Iteration 272. I-divergence: 1443.34124177. MSE: 0.743524673695. Diff MSE: 0.000247462858321.
Iteration 273. I-divergence: 1442.86866707. MSE: 0.743277498191. Diff MSE: 0.000247175504045.
Iteration 274. I-divergence: 1442.39663205. MSE: 0.743030610762. Diff MSE: 0.000246887428926.
Iteration 275. I-divergence: 1441.92513818. MSE: 0.742784012151. Diff MSE: 0.000246598610472.
Iteration 276. I-divergence: 1441.45418696. MSE: 0.742537703124. Diff MSE: 0.000246309027106.
Iteration 277. I-divergence: 1440.98377995. MSE: 0.742291684466. Diff MSE: 0.000246018658443.
Iteration 278. I-divergence: 1440.51391872. MSE: 0.742045956981. Diff MSE: 0.000245727485015.
Iteration 279. I-divergence: 1440.04460489. MSE: 0.741800521492. Diff MSE: 0.000245435488352.
Iteration 280. I-divergence: 1439.57584011. MSE: 0.741555378841. Diff MSE: 0.000245142651015.
Iteration 281. I-divergence: 1439.10762604. MSE: 0.741310529885. Diff MSE: 0.000244848956434.
Iteration 282. I-divergence: 1438.6399644. MSE: 0.741065975496. Diff MSE: 0.000244554388979.
Iteration 283. I-divergence: 1438.1728569. MSE: 0.740821716562. Diff MSE: 0.000244258933966.
Iteration 284. I-divergence: 1437.70630531. MSE: 0.740577753985. Diff MSE: 0.00024396257754.
Iteration 285. I-divergence: 1437.24031139. MSE: 0.740334088678. Diff MSE: 0.000243665306713.
Iteration 286. I-divergence: 1436.77487694. MSE: 0.740090721568. Diff MSE: 0.000243367109389.
Iteration 287. I-divergence: 1436.31000377. MSE: 0.739847653594. Diff MSE: 0.000243067974202.
Iteration 288. I-divergence: 1435.84569372. MSE: 0.739604885704. Diff MSE: 0.000242767890638.
Iteration 289. I-divergence: 1435.38194864. MSE: 0.739362418855. Diff MSE: 0.000242466848948.
Iteration 290. I-divergence: 1434.9187704. MSE: 0.739120254014. Diff MSE: 0.000242164840153.
Iteration 291. I-divergence: 1434.45616087. MSE: 0.738878392158. Diff MSE: 0.000241861855984.
Iteration 292. I-divergence: 1433.99412195. MSE: 0.73863683427. Diff MSE: 0.000241557888917.
Iteration 293. I-divergence: 1433.53265554. MSE: 0.738395581337. Diff MSE: 0.000241252932166.
Iteration 294. I-divergence: 1433.07176356. MSE: 0.738154634358. Diff MSE: 0.000240946979527.
Iteration 295. I-divergence: 1432.61144792. MSE: 0.737913994332. Diff MSE: 0.000240640025603.
Iteration 296. I-divergence: 1432.15171056. MSE: 0.737673662267. Diff MSE: 0.000240332065499.
Iteration 297. I-divergence: 1431.69255342. MSE: 0.737433639172. Diff MSE: 0.000240023095091.
Iteration 298. I-divergence: 1431.23397843. MSE: 0.737193926061. Diff MSE: 0.000239713110783.
Iteration 299. I-divergence: 1430.77598755. MSE: 0.736954523951. Diff MSE: 0.000239402109643.
Iteration 300. I-divergence: 1430.31858273. MSE: 0.736715433862. Diff MSE: 0.00023909008924.
Iteration 301. I-divergence: 1429.86176591. MSE: 0.736476656814. Diff MSE: 0.000238777047834.
Iteration 302. I-divergence: 1429.40553906. MSE: 0.73623819383. Diff MSE: 0.000238462984122.
Iteration 303. I-divergence: 1428.94990413. MSE: 0.736000045933. Diff MSE: 0.00023814789743.
Iteration 304. I-divergence: 1428.49486306. MSE: 0.735762214145. Diff MSE: 0.000237831787579.
Iteration 305. I-divergence: 1428.04041782. MSE: 0.73552469949. Diff MSE: 0.000237514654879.
Iteration 306. I-divergence: 1427.58657035. MSE: 0.73528750299. Diff MSE: 0.000237196500179.
Iteration 307. I-divergence: 1427.1333226. MSE: 0.735050625665. Diff MSE: 0.000236877324784.
Iteration 308. I-divergence: 1426.6806765. MSE: 0.734814068535. Diff MSE: 0.000236557130514.
Iteration 309. I-divergence: 1426.22863401. MSE: 0.734577832615. Diff MSE: 0.000236235919581.
Iteration 310. I-divergence: 1425.77719703. MSE: 0.73434191892. Diff MSE: 0.000235913694705.
Iteration 311. I-divergence: 1425.32636751. MSE: 0.734106328461. Diff MSE: 0.000235590458995.
Iteration 312. I-divergence: 1424.87614735. MSE: 0.733871062245. Diff MSE: 0.000235266216012.
Iteration 313. I-divergence: 1424.42653847. MSE: 0.733636121276. Diff MSE: 0.000234940969724.
Iteration 314. I-divergence: 1423.97754276. MSE: 0.733401506551. Diff MSE: 0.000234614724491.
Iteration 315. I-divergence: 1423.52916211. MSE: 0.733167219066. Diff MSE: 0.000234287485039.
Iteration 316. I-divergence: 1423.08139841. MSE: 0.73293325981. Diff MSE: 0.000233959256499.
Iteration 317. I-divergence: 1422.63425351. MSE: 0.732699629765. Diff MSE: 0.000233630044345.
Iteration 318. I-divergence: 1422.18772929. MSE: 0.732466329911. Diff MSE: 0.000233299854446.
Iteration 319. I-divergence: 1421.74182757. MSE: 0.732233361218. Diff MSE: 0.000232968692943.
Iteration 320. I-divergence: 1421.29655019. MSE: 0.732000724652. Diff MSE: 0.000232636566338.
Iteration 321. I-divergence: 1420.85189897. MSE: 0.73176842117. Diff MSE: 0.000232303481537.
Iteration 322. I-divergence: 1420.40787572. MSE: 0.731536451724. Diff MSE: 0.00023196944561.
Iteration 323. I-divergence: 1419.96448222. MSE: 0.731304817258. Diff MSE: 0.000231634466052.
Iteration 324. I-divergence: 1419.52172024. MSE: 0.731073518708. Diff MSE: 0.000231298550581.
Iteration 325. I-divergence: 1419.07959156. MSE: 0.730842557001. Diff MSE: 0.00023096170722.
Iteration 326. I-divergence: 1418.6380979. MSE: 0.730611933056. Diff MSE: 0.000230623944316.
Iteration 327. I-divergence: 1418.19724099. MSE: 0.730381647786. Diff MSE: 0.000230285270395.
Iteration 328. I-divergence: 1417.75702255. MSE: 0.730151702092. Diff MSE: 0.000229945694284.
Iteration 329. I-divergence: 1417.31744427. MSE: 0.729922096867. Diff MSE: 0.00022960522505.
Iteration 330. I-divergence: 1416.87850781. MSE: 0.729692832994. Diff MSE: 0.000229263872035.
Iteration 331. I-divergence: 1416.44021483. MSE: 0.72946391135. Diff MSE: 0.000228921644767.
Iteration 332. I-divergence: 1416.00256698. MSE: 0.729235332797. Diff MSE: 0.00022857855302.
Iteration 333. I-divergence: 1415.56556587. MSE: 0.72900709819. Diff MSE: 0.00022823460675.
Iteration 334. I-divergence: 1415.12921309. MSE: 0.728779208374. Diff MSE: 0.00022788981622.
Iteration 335. I-divergence: 1414.69351023. MSE: 0.728551664182. Diff MSE: 0.000227544191775.
Iteration 336. I-divergence: 1414.25845883. MSE: 0.728324466438. Diff MSE: 0.000227197743994.
Iteration 337. I-divergence: 1413.82406045. MSE: 0.728097615954. Diff MSE: 0.000226850483677.
Iteration 338. I-divergence: 1413.3903166. MSE: 0.727871113533. Diff MSE: 0.000226502421781.
Iteration 339. I-divergence: 1412.95722877. MSE: 0.727644959963. Diff MSE: 0.000226153569446.
Iteration 340. I-divergence: 1412.52479843. MSE: 0.727419156025. Diff MSE: 0.00022580393794.
Iteration 341. I-divergence: 1412.09302705. MSE: 0.727193702486. Diff MSE: 0.000225453538729.
Iteration 342. I-divergence: 1411.66191604. MSE: 0.726968600103. Diff MSE: 0.000225102383428.
Iteration 343. I-divergence: 1411.23146682. MSE: 0.726743849619. Diff MSE: 0.000224750483786.
Iteration 344. I-divergence: 1410.80168078. MSE: 0.726519451767. Diff MSE: 0.00022439785169.
Iteration 345. I-divergence: 1410.37255927. MSE: 0.726295407268. Diff MSE: 0.00022404449919.
Iteration 346. I-divergence: 1409.94410364. MSE: 0.72607171683. Diff MSE: 0.000223690438415.
Iteration 347. I-divergence: 1409.51631521. MSE: 0.725848381148. Diff MSE: 0.000223335681699.
Iteration 348. I-divergence: 1409.08919526. MSE: 0.725625400907. Diff MSE: 0.000222980241387.
Iteration 349. I-divergence: 1408.66274507. MSE: 0.725402776777. Diff MSE: 0.000222624130007.
Iteration 350. I-divergence: 1408.23696588. MSE: 0.725180509417. Diff MSE: 0.000222267360212.
Iteration 351. I-divergence: 1407.81185893. MSE: 0.724958599472. Diff MSE: 0.000221909944665.
Iteration 352. I-divergence: 1407.38742539. MSE: 0.724737047576. Diff MSE: 0.000221551896216.
Iteration 353. I-divergence: 1406.96366646. MSE: 0.724515854348. Diff MSE: 0.000221193227772.
Iteration 354. I-divergence: 1406.54058328. MSE: 0.724295020396. Diff MSE: 0.000220833952326.
Iteration 355. I-divergence: 1406.11817697. MSE: 0.724074546313. Diff MSE: 0.000220474082944.
Iteration 356. I-divergence: 1405.69644864. MSE: 0.72385443268. Diff MSE: 0.000220113632784.
Iteration 357. I-divergence: 1405.27539936. MSE: 0.723634680065. Diff MSE: 0.000219752615047.
Iteration 358. I-divergence: 1404.85503018. MSE: 0.723415289022. Diff MSE: 0.000219391043088.
Iteration 359. I-divergence: 1404.43534214. MSE: 0.723196260092. Diff MSE: 0.000219028930165.
Iteration 360. I-divergence: 1404.01633622. MSE: 0.722977593802. Diff MSE: 0.000218666289793.
Iteration 361. I-divergence: 1403.59801341. MSE: 0.722759290666. Diff MSE: 0.000218303135369.
Iteration 362. I-divergence: 1403.18037466. MSE: 0.722541351186. Diff MSE: 0.000217939480482.
Iteration 363. I-divergence: 1402.76342089. MSE: 0.722323775847. Diff MSE: 0.000217575338594.
Iteration 364. I-divergence: 1402.347153. MSE: 0.722106565124. Diff MSE: 0.000217210723428.
Iteration 365. I-divergence: 1401.93157187. MSE: 0.721889719475. Diff MSE: 0.000216845648556.
Iteration 366. I-divergence: 1401.51667835. MSE: 0.721673239348. Diff MSE: 0.000216480127689.
Iteration 367. I-divergence: 1401.10247325. MSE: 0.721457125173. Diff MSE: 0.000216114174542.
Iteration 368. I-divergence: 1400.68895739. MSE: 0.72124137737. Diff MSE: 0.000215747802854.
Iteration 369. I-divergence: 1400.27613152. MSE: 0.721025996344. Diff MSE: 0.000215381026406.
Iteration 370. I-divergence: 1399.8639964. MSE: 0.720810982485. Diff MSE: 0.000215013858965.
Iteration 371. I-divergence: 1399.45255275. MSE: 0.720596336171. Diff MSE: 0.00021464631436.
Iteration 372. I-divergence: 1399.04180127. MSE: 0.720382057764. Diff MSE: 0.000214278406422.
Iteration 373. I-divergence: 1398.63174261. MSE: 0.720168147615. Diff MSE: 0.000213910148928.
Iteration 374. I-divergence: 1398.22237744. MSE: 0.719954606059. Diff MSE: 0.000213541555792.
Iteration 375. I-divergence: 1397.81370636. MSE: 0.719741433419. Diff MSE: 0.00021317264081.
Iteration 376. I-divergence: 1397.40572997. MSE: 0.719528630001. Diff MSE: 0.000212803417841.
Iteration 377. I-divergence: 1396.99844883. MSE: 0.7193161961. Diff MSE: 0.000212433900755.
Iteration 378. I-divergence: 1396.59186349. MSE: 0.719104131997. Diff MSE: 0.000212064103404.
Iteration 379. I-divergence: 1396.18597447. MSE: 0.718892437957. Diff MSE: 0.000211694039566.
Iteration 380. I-divergence: 1395.78078224. MSE: 0.718681114234. Diff MSE: 0.000211323723144.
Iteration 381. I-divergence: 1395.37628728. MSE: 0.718470161066. Diff MSE: 0.000210953167922.
Iteration 382. I-divergence: 1394.97249003. MSE: 0.718259578678. Diff MSE: 0.000210582387711.
Iteration 383. I-divergence: 1394.5693909. MSE: 0.718049367282. Diff MSE: 0.000210211396285.
Iteration 384. I-divergence: 1394.16699027. MSE: 0.717839527075. Diff MSE: 0.00020984020744.
Iteration 385. I-divergence: 1393.76528852. MSE: 0.71763005824. Diff MSE: 0.000209468834898.
Iteration 386. I-divergence: 1393.36428597. MSE: 0.717420960947. Diff MSE: 0.000209097292426.
Iteration 387. I-divergence: 1392.96398294. MSE: 0.717212235354. Diff MSE: 0.000208725593677.
Iteration 388. I-divergence: 1392.56437971. MSE: 0.717003881601. Diff MSE: 0.000208353752331.
Iteration 389. I-divergence: 1392.16547655. MSE: 0.716795899819. Diff MSE: 0.000207981782048.
Iteration 390. I-divergence: 1391.76727369. MSE: 0.716588290123. Diff MSE: 0.000207609696434.
Iteration 391. I-divergence: 1391.36977135. MSE: 0.716381052614. Diff MSE: 0.000207237509024.
Iteration 392. I-divergence: 1390.9729697. MSE: 0.71617418738. Diff MSE: 0.000206865233425.
Iteration 393. I-divergence: 1390.57686892. MSE: 0.715967694497. Diff MSE: 0.000206492883035.
Iteration 394. I-divergence: 1390.18146913. MSE: 0.715761574026. Diff MSE: 0.000206120471431.
Iteration 395. I-divergence: 1389.78677045. MSE: 0.715555826014. Diff MSE: 0.000205748011925.
Iteration 396. I-divergence: 1389.39277297. MSE: 0.715350450496. Diff MSE: 0.000205375517947.
Iteration 397. I-divergence: 1388.99947674. MSE: 0.715145447493. Diff MSE: 0.000205003002794.
Iteration 398. I-divergence: 1388.60688181. MSE: 0.714940817013. Diff MSE: 0.000204630479758.
Iteration 399. I-divergence: 1388.21498819. MSE: 0.714736559051. Diff MSE: 0.000204257962081.
Iteration 400. I-divergence: 1387.82379587. MSE: 0.714532673588. Diff MSE: 0.000203885462874.
Iteration 401. I-divergence: 1387.43330481. MSE: 0.714329160593. Diff MSE: 0.00020351299535.
Iteration 402. I-divergence: 1387.04351496. MSE: 0.714126020021. Diff MSE: 0.00020314057251.
Iteration 403. I-divergence: 1386.65442623. MSE: 0.713923251813. Diff MSE: 0.00020276820741.
Iteration 404. I-divergence: 1386.26603851. MSE: 0.7137208559. Diff MSE: 0.000202395912973.
Iteration 405. I-divergence: 1385.87835167. MSE: 0.713518832198. Diff MSE: 0.000202023702117.
Iteration 406. I-divergence: 1385.49136557. MSE: 0.71331718061. Diff MSE: 0.000201651587687.
Iteration 407. I-divergence: 1385.10508002. MSE: 0.713115901028. Diff MSE: 0.000201279582418.
Iteration 408. I-divergence: 1384.71949482. MSE: 0.712914993329. Diff MSE: 0.000200907699057.
Iteration 409. I-divergence: 1384.33460974. MSE: 0.712714457379. Diff MSE: 0.000200535950263.
Iteration 410. I-divergence: 1383.95042454. MSE: 0.71251429303. Diff MSE: 0.00020016434857.
Iteration 411. I-divergence: 1383.56693895. MSE: 0.712314500124. Diff MSE: 0.00019979290651.
Iteration 412. I-divergence: 1383.18415267. MSE: 0.712115078487. Diff MSE: 0.000199421636577.
Iteration 413. I-divergence: 1382.80206539. MSE: 0.711916027936. Diff MSE: 0.000199050551068.
Iteration 414. I-divergence: 1382.42067677. MSE: 0.711717348274. Diff MSE: 0.000198679662347.
Iteration 415. I-divergence: 1382.03998645. MSE: 0.711519039291. Diff MSE: 0.000198308982635.
Iteration 416. I-divergence: 1381.65999403. MSE: 0.711321100767. Diff MSE: 0.000197938524093.
Iteration 417. I-divergence: 1381.28069913. MSE: 0.711123532468. Diff MSE: 0.000197568298773.
Iteration 418. I-divergence: 1380.9021013. MSE: 0.710926334149. Diff MSE: 0.000197198318745.
Iteration 419. I-divergence: 1380.5242001. MSE: 0.710729505553. Diff MSE: 0.00019682859591.
Iteration 420. I-divergence: 1380.14699505. MSE: 0.710533046411. Diff MSE: 0.000196459142124.
Iteration 421. I-divergence: 1379.77048566. MSE: 0.710336956442. Diff MSE: 0.000196089969189.
Iteration 422. I-divergence: 1379.39467142. MSE: 0.710141235353. Diff MSE: 0.000195721088788.
Iteration 423. I-divergence: 1379.01955179. MSE: 0.709945882841. Diff MSE: 0.000195352512537.
Iteration 424. I-divergence: 1378.64512621. MSE: 0.709750898589. Diff MSE: 0.000194984252003.
Iteration 425. I-divergence: 1378.2713941. MSE: 0.70955628227. Diff MSE: 0.000194616318618.
Iteration 426. I-divergence: 1377.89835486. MSE: 0.709362033546. Diff MSE: 0.000194248723778.
Iteration 427. I-divergence: 1377.52600787. MSE: 0.709168152068. Diff MSE: 0.000193881478763.
Iteration 428. I-divergence: 1377.15435249. MSE: 0.708974637473. Diff MSE: 0.000193514594756.
Iteration 429. I-divergence: 1376.78338806. MSE: 0.70878148939. Diff MSE: 0.000193148082942.
Iteration 430. I-divergence: 1376.41311389. MSE: 0.708588707436. Diff MSE: 0.000192781954293.
Iteration 431. I-divergence: 1376.04352928. MSE: 0.708396291216. Diff MSE: 0.00019241621979.
Iteration 432. I-divergence: 1375.67463351. MSE: 0.708204240326. Diff MSE: 0.000192050890298.
Iteration 433. I-divergence: 1375.30642583. MSE: 0.708012554349. Diff MSE: 0.000191685976584.
Iteration 434. I-divergence: 1374.93890549. MSE: 0.70782123286. Diff MSE: 0.000191321489325.
Iteration 435. I-divergence: 1374.5720717. MSE: 0.70763027542. Diff MSE: 0.000190957439144.
Iteration 436. I-divergence: 1374.20592367. MSE: 0.707439681584. Diff MSE: 0.000190593836489.
Iteration 437. I-divergence: 1373.84046056. MSE: 0.707249450892. Diff MSE: 0.00019023069184.
Iteration 438. I-divergence: 1373.47568154. MSE: 0.707059582877. Diff MSE: 0.000189868015495.
Iteration 439. I-divergence: 1373.11158576. MSE: 0.706870077059. Diff MSE: 0.000189505817665.
Iteration 440. I-divergence: 1372.74817233. MSE: 0.70668093295. Diff MSE: 0.000189144108502.
Iteration 441. I-divergence: 1372.38544036. MSE: 0.706492150052. Diff MSE: 0.000188782898082.
Iteration 442. I-divergence: 1372.02338893. MSE: 0.706303727856. Diff MSE: 0.000188422196296.
Iteration 443. I-divergence: 1371.66201712. MSE: 0.706115665843. Diff MSE: 0.000188062013058.
Iteration 444. I-divergence: 1371.30132398. MSE: 0.705927963485. Diff MSE: 0.000187702358083.
Iteration 445. I-divergence: 1370.94130853. MSE: 0.705740620244. Diff MSE: 0.000187343241099.
Iteration 446. I-divergence: 1370.58196978. MSE: 0.705553635572. Diff MSE: 0.000186984671618.
Iteration 447. I-divergence: 1370.22330675. MSE: 0.705367008913. Diff MSE: 0.000186626659132.
Iteration 448. I-divergence: 1369.86531839. MSE: 0.7051807397. Diff MSE: 0.000186269213042.
Iteration 449. I-divergence: 1369.50800369. MSE: 0.704994827357. Diff MSE: 0.000185912342619.
Iteration 450. I-divergence: 1369.15136158. MSE: 0.7048092713. Diff MSE: 0.000185556057037.
Iteration 451. I-divergence: 1368.79539098. MSE: 0.704624070935. Diff MSE: 0.000185200365386.
Iteration 452. I-divergence: 1368.44009082. MSE: 0.704439225658. Diff MSE: 0.000184845276682.
Iteration 453. I-divergence: 1368.08545999. MSE: 0.704254734859. Diff MSE: 0.00018449079977.
Iteration 454. I-divergence: 1367.73149736. MSE: 0.704070597915. Diff MSE: 0.00018413694347.
Iteration 455. I-divergence: 1367.3782018. MSE: 0.703886814199. Diff MSE: 0.000183783716487.
Iteration 456. I-divergence: 1367.02557216. MSE: 0.703703383071. Diff MSE: 0.000183431127399.
Iteration 457. I-divergence: 1366.67360726. MSE: 0.703520303887. Diff MSE: 0.000183079184685.
Iteration 458. I-divergence: 1366.32230592. MSE: 0.70333757599. Diff MSE: 0.000182727896773.
Iteration 459. I-divergence: 1365.97166694. MSE: 0.703155198718. Diff MSE: 0.000182377271917.
Iteration 460. I-divergence: 1365.62168911. MSE: 0.702973171399. Diff MSE: 0.000182027318353.
Iteration 461. I-divergence: 1365.27237119. MSE: 0.702791493355. Diff MSE: 0.000181678044153.
Iteration 462. I-divergence: 1364.92371194. MSE: 0.702610163898. Diff MSE: 0.00018132945729.
Iteration 463. I-divergence: 1364.5757101. MSE: 0.702429182332. Diff MSE: 0.000180981565687.
Iteration 464. I-divergence: 1364.22836439. MSE: 0.702248547955. Diff MSE: 0.000180634377149.
Iteration 465. I-divergence: 1363.88167353. MSE: 0.702068260056. Diff MSE: 0.000180287899298.
Iteration 466. I-divergence: 1363.53563622. MSE: 0.701888317916. Diff MSE: 0.000179942139792.
Iteration 467. I-divergence: 1363.19025112. MSE: 0.70170872081. Diff MSE: 0.000179597106058.
Iteration 468. I-divergence: 1362.84551693. MSE: 0.701529468005. Diff MSE: 0.000179252805539.
Iteration 469. I-divergence: 1362.50143228. MSE: 0.701350558759. Diff MSE: 0.000178909245472.
Iteration 470. I-divergence: 1362.15799582. MSE: 0.701171992326. Diff MSE: 0.000178566433048.
Iteration 471. I-divergence: 1361.81520619. MSE: 0.700993767951. Diff MSE: 0.000178224375354.
Iteration 472. I-divergence: 1361.47306199. MSE: 0.700815884871. Diff MSE: 0.000177883079374.
Iteration 473. I-divergence: 1361.13156183. MSE: 0.700638342319. Diff MSE: 0.000177542551944.
Iteration 474. I-divergence: 1360.7907043. MSE: 0.700461139519. Diff MSE: 0.000177202799883.
Iteration 475. I-divergence: 1360.45048797. MSE: 0.70028427569. Diff MSE: 0.000176863829845.
Iteration 476. I-divergence: 1360.11091142. MSE: 0.700107750041. Diff MSE: 0.000176525648382.
Iteration 477. I-divergence: 1359.77197319. MSE: 0.699931561779. Diff MSE: 0.000176188261987.
Iteration 478. I-divergence: 1359.43367183. MSE: 0.699755710102. Diff MSE: 0.000175851676986.
Iteration 479. I-divergence: 1359.09600587. MSE: 0.699580194203. Diff MSE: 0.000175515899689.
Iteration 480. I-divergence: 1358.75897381. MSE: 0.699405013266. Diff MSE: 0.000175180936202.
Iteration 481. I-divergence: 1358.42257418. MSE: 0.699230166474. Diff MSE: 0.000174846792638.
Iteration 482. I-divergence: 1358.08680546. MSE: 0.699055652999. Diff MSE: 0.000174513474912.
Iteration 483. I-divergence: 1357.75166614. MSE: 0.69888147201. Diff MSE: 0.00017418098891.
Iteration 484. I-divergence: 1357.41715469. MSE: 0.69870762267. Diff MSE: 0.000173849340351.
Iteration 485. I-divergence: 1357.08326957. MSE: 0.698534104135. Diff MSE: 0.000173518534916.
Iteration 486. I-divergence: 1356.75000923. MSE: 0.698360915556. Diff MSE: 0.000173188578116.
Iteration 487. I-divergence: 1356.41737213. MSE: 0.698188056081. Diff MSE: 0.000172859475464.
Iteration 488. I-divergence: 1356.08535667. MSE: 0.698015524849. Diff MSE: 0.000172531232259.
Iteration 489. I-divergence: 1355.7539613. MSE: 0.697843320995. Diff MSE: 0.000172203853739.
Iteration 490. I-divergence: 1355.42318442. MSE: 0.69767144365. Diff MSE: 0.000171877345108.
Iteration 491. I-divergence: 1355.09302443. MSE: 0.697499891939. Diff MSE: 0.000171551711344.
Iteration 492. I-divergence: 1354.76347972. MSE: 0.697328664981. Diff MSE: 0.000171226957442.
Iteration 493. I-divergence: 1354.43454868. MSE: 0.697157761893. Diff MSE: 0.000170903088208.
Iteration 494. I-divergence: 1354.10622968. MSE: 0.696987181785. Diff MSE: 0.000170580108431.
Iteration 495. I-divergence: 1353.77852109. MSE: 0.696816923762. Diff MSE: 0.000170258022721.
Iteration 496. I-divergence: 1353.45142126. MSE: 0.696646986926. Diff MSE: 0.000169936835652.
Iteration 497. I-divergence: 1353.12492854. MSE: 0.696477370374. Diff MSE: 0.000169616551646.
Iteration 498. I-divergence: 1352.79904127. MSE: 0.696308073199. Diff MSE: 0.000169297175073.
Iteration 499. I-divergence: 1352.47375778. MSE: 0.696139094489. Diff MSE: 0.000168978710164.
Iteration 500. I-divergence: 1352.14907639. MSE: 0.695970433328. Diff MSE: 0.000168661161116.
Iteration 501. I-divergence: 1351.82499543. MSE: 0.695802088796. Diff MSE: 0.000168344531918.
Iteration 502. I-divergence: 1351.50151318. MSE: 0.69563405997. Diff MSE: 0.000168028826569.
Iteration 503. I-divergence: 1351.17862797. MSE: 0.695466345921. Diff MSE: 0.000167714048936.
Iteration 504. I-divergence: 1350.85633808. MSE: 0.695298945718. Diff MSE: 0.000167400202749.
Iteration 505. I-divergence: 1350.53464179. MSE: 0.695131858426. Diff MSE: 0.000167087291701.
Iteration 506. I-divergence: 1350.21353738. MSE: 0.694965083107. Diff MSE: 0.000166775319368.
Iteration 507. I-divergence: 1349.89302313. MSE: 0.694798618818. Diff MSE: 0.00016646428921.
Iteration 508. I-divergence: 1349.57309731. MSE: 0.694632464613. Diff MSE: 0.00016615420458.
Iteration 509. I-divergence: 1349.25375816. MSE: 0.694466619544. Diff MSE: 0.000165845068838.
Iteration 510. I-divergence: 1348.93500394. MSE: 0.694301082659. Diff MSE: 0.000165536885118.
Iteration 511. I-divergence: 1348.61683291. MSE: 0.694135853003. Diff MSE: 0.000165229656537.
Iteration 512. I-divergence: 1348.29924329. MSE: 0.693970929617. Diff MSE: 0.000164923386064.
Iteration 513. I-divergence: 1347.98223332. MSE: 0.69380631154. Diff MSE: 0.000164618076677.
Iteration 514. I-divergence: 1347.66580124. MSE: 0.693641997809. Diff MSE: 0.000164313731142.
Iteration 515. I-divergence: 1347.34994526. MSE: 0.693477987457. Diff MSE: 0.00016401035218.
Iteration 516. I-divergence: 1347.03466361. MSE: 0.693314279514. Diff MSE: 0.000163707942471.
Iteration 517. I-divergence: 1346.7199545. MSE: 0.69315087301. Diff MSE: 0.000163406504507.
Iteration 518. I-divergence: 1346.40581613. MSE: 0.692987766969. Diff MSE: 0.000163106040787.
Iteration 519. I-divergence: 1346.09224671. MSE: 0.692824960415. Diff MSE: 0.000162806553634.
Iteration 520. I-divergence: 1345.77924444. MSE: 0.69266245237. Diff MSE: 0.000162508045346.
Iteration 521. I-divergence: 1345.46680751. MSE: 0.692500241852. Diff MSE: 0.00016221051809.
Iteration 522. I-divergence: 1345.15493411. MSE: 0.692338327878. Diff MSE: 0.000161913973976.
Iteration 523. I-divergence: 1344.84362243. MSE: 0.692176709463. Diff MSE: 0.000161618414989.
Iteration 524. I-divergence: 1344.53287065. MSE: 0.69201538562. Diff MSE: 0.000161323843082.
Iteration 525. I-divergence: 1344.22267695. MSE: 0.69185435536. Diff MSE: 0.00016103026006.
Iteration 526. I-divergence: 1343.9130395. MSE: 0.691693617692. Diff MSE: 0.00016073766766.
Iteration 527. I-divergence: 1343.60395648. MSE: 0.691533171624. Diff MSE: 0.000160446067559.
Iteration 528. I-divergence: 1343.29542604. MSE: 0.691373016163. Diff MSE: 0.000160155461376.
Iteration 529. I-divergence: 1342.98744636. MSE: 0.691213150313. Diff MSE: 0.00015986585049.
Iteration 530. I-divergence: 1342.68001559. MSE: 0.691053573076. Diff MSE: 0.000159577236439.
Iteration 531. I-divergence: 1342.3731319. MSE: 0.690894283456. Diff MSE: 0.00015928962042.
Iteration 532. I-divergence: 1342.06679344. MSE: 0.690735280452. Diff MSE: 0.000159003003779.
Iteration 533. I-divergence: 1341.76099836. MSE: 0.690576563064. Diff MSE: 0.0001587173876.
Iteration 534. I-divergence: 1341.45574481. MSE: 0.690418130291. Diff MSE: 0.000158432773013.
Iteration 535. I-divergence: 1341.15103095. MSE: 0.69025998113. Diff MSE: 0.00015814916095.
Iteration 536. I-divergence: 1340.84685492. MSE: 0.690102114578. Diff MSE: 0.000157866552403.
Iteration 537. I-divergence: 1340.54321485. MSE: 0.68994452963. Diff MSE: 0.000157584948145.
Iteration 538. I-divergence: 1340.2401089. MSE: 0.689787225281. Diff MSE: 0.000157304348957.
Iteration 539. I-divergence: 1339.9375352. MSE: 0.689630200525. Diff MSE: 0.000157024755514.
Iteration 540. I-divergence: 1339.6354919. MSE: 0.689473454357. Diff MSE: 0.000156746168415.
Iteration 541. I-divergence: 1339.33397713. MSE: 0.689316985769. Diff MSE: 0.000156468588201.
Iteration 542. I-divergence: 1339.03298903. MSE: 0.689160793753. Diff MSE: 0.000156192015269.
Iteration 543. I-divergence: 1338.73252573. MSE: 0.689004877303. Diff MSE: 0.000155916450056.
Iteration 544. I-divergence: 1338.43258536. MSE: 0.688849235411. Diff MSE: 0.000155641892786.
Iteration 545. I-divergence: 1338.13316607. MSE: 0.688693867067. Diff MSE: 0.000155368343741.
Iteration 546. I-divergence: 1337.83426597. MSE: 0.688538771264. Diff MSE: 0.000155095803052.
Iteration 547. I-divergence: 1337.53588321. MSE: 0.688383946993. Diff MSE: 0.000154824270772.
Iteration 548. I-divergence: 1337.23801592. MSE: 0.688229393246. Diff MSE: 0.000154553746933.
Iteration 549. I-divergence: 1336.94066222. MSE: 0.688075109015. Diff MSE: 0.000154284231433.
Iteration 550. I-divergence: 1336.64382025. MSE: 0.68792109329. Diff MSE: 0.000154015724145.
Iteration 551. I-divergence: 1336.34748814. MSE: 0.687767345066. Diff MSE: 0.000153748224875.
Iteration 552. I-divergence: 1336.05166402. MSE: 0.687613863332. Diff MSE: 0.000153481733339.
Iteration 553. I-divergence: 1335.75634602. MSE: 0.687460647083. Diff MSE: 0.000153216249157.
Iteration 554. I-divergence: 1335.46153227. MSE: 0.687307695311. Diff MSE: 0.000152951771944.
Iteration 555. I-divergence: 1335.1672209. MSE: 0.68715500701. Diff MSE: 0.000152688301204.
Iteration 556. I-divergence: 1334.87341005. MSE: 0.687002581174. Diff MSE: 0.000152425836386.
Iteration 557. I-divergence: 1334.58009785. MSE: 0.686850416797. Diff MSE: 0.000152164376893.
Iteration 558. I-divergence: 1334.28728243. MSE: 0.686698512875. Diff MSE: 0.000151903921988.
Iteration 559. I-divergence: 1333.99496193. MSE: 0.686546868404. Diff MSE: 0.000151644470992.
Iteration 560. I-divergence: 1333.70313449. MSE: 0.686395482381. Diff MSE: 0.000151386023032.
Iteration 561. I-divergence: 1333.41179823. MSE: 0.686244353803. Diff MSE: 0.000151128577286.
Iteration 562. I-divergence: 1333.1209513. MSE: 0.686093481671. Diff MSE: 0.000150872132799.
Iteration 563. I-divergence: 1332.83059184. MSE: 0.685942864982. Diff MSE: 0.000150616688557.
Iteration 564. I-divergence: 1332.540718. MSE: 0.685792502739. Diff MSE: 0.000150362243511.
Iteration 565. I-divergence: 1332.2513279. MSE: 0.685642393942. Diff MSE: 0.000150108796549.
Iteration 566. I-divergence: 1331.9624197. MSE: 0.685492537595. Diff MSE: 0.000149856346509.
Iteration 567. I-divergence: 1331.67399155. MSE: 0.685342932703. Diff MSE: 0.000149604892086.
Iteration 568. I-divergence: 1331.38604159. MSE: 0.685193578271. Diff MSE: 0.000149354432086.
Iteration 569. I-divergence: 1331.09856797. MSE: 0.685044473306. Diff MSE: 0.00014910496508.
Iteration 570. I-divergence: 1330.81156885. MSE: 0.684895616817. Diff MSE: 0.000148856489678.
Iteration 571. I-divergence: 1330.52504238. MSE: 0.684747007812. Diff MSE: 0.000148609004422.
Iteration 572. I-divergence: 1330.23898671. MSE: 0.684598645304. Diff MSE: 0.00014836250779.
Iteration 573. I-divergence: 1329.95340002. MSE: 0.684450528306. Diff MSE: 0.000148116998221.
Iteration 574. I-divergence: 1329.66828045. MSE: 0.684302655832. Diff MSE: 0.000147872474068.
Iteration 575. I-divergence: 1329.38362619. MSE: 0.684155026898. Diff MSE: 0.000147628933634.
Iteration 576. I-divergence: 1329.09943538. MSE: 0.684007640523. Diff MSE: 0.000147386375238.
Iteration 577. I-divergence: 1328.81570621. MSE: 0.683860495726. Diff MSE: 0.000147144797048.
Iteration 578. I-divergence: 1328.53243685. MSE: 0.683713591529. Diff MSE: 0.000146904197268.
Iteration 579. I-divergence: 1328.24962547. MSE: 0.683566926955. Diff MSE: 0.000146664573979.
Iteration 580. I-divergence: 1327.96727026. MSE: 0.68342050103. Diff MSE: 0.000146425925255.
Iteration 581. I-divergence: 1327.6853694. MSE: 0.68327431278. Diff MSE: 0.000146188249146.
Iteration 582. I-divergence: 1327.40392107. MSE: 0.683128361237. Diff MSE: 0.000145951543561.
Iteration 583. I-divergence: 1327.12292347. MSE: 0.68298264543. Diff MSE: 0.000145715806473.
Iteration 584. I-divergence: 1326.84237478. MSE: 0.682837164395. Diff MSE: 0.000145481035752.
Iteration 585. I-divergence: 1326.56227322. MSE: 0.682691917166. Diff MSE: 0.000145247229176.
Iteration 586. I-divergence: 1326.28261697. MSE: 0.682546902781. Diff MSE: 0.000145014384625.
Iteration 587. I-divergence: 1326.00340425. MSE: 0.682402120281. Diff MSE: 0.000144782499757.
Iteration 588. I-divergence: 1325.72463325. MSE: 0.682257568709. Diff MSE: 0.000144551572286.
Iteration 589. I-divergence: 1325.44630221. MSE: 0.682113247109. Diff MSE: 0.000144321599913.
Iteration 590. I-divergence: 1325.16840932. MSE: 0.681969154529. Diff MSE: 0.000144092580184.
Iteration 591. I-divergence: 1324.89095281. MSE: 0.681825290018. Diff MSE: 0.000143864510725.
Iteration 592. I-divergence: 1324.61393092. MSE: 0.681681652629. Diff MSE: 0.000143637389019.
Iteration 593. I-divergence: 1324.33734185. MSE: 0.681538241416. Diff MSE: 0.00014341121261.
Iteration 594. I-divergence: 1324.06118386. MSE: 0.681395055437. Diff MSE: 0.000143185978908.
Iteration 595. I-divergence: 1323.78545518. MSE: 0.681252093752. Diff MSE: 0.000142961685315.
Iteration 596. I-divergence: 1323.51015405. MSE: 0.681109355423. Diff MSE: 0.000142738329254.
Iteration 597. I-divergence: 1323.23527872. MSE: 0.680966839515. Diff MSE: 0.000142515907997.
Iteration 598. I-divergence: 1322.96082744. MSE: 0.680824545096. Diff MSE: 0.000142294418923.
Iteration 599. I-divergence: 1322.68679847. MSE: 0.680682471237. Diff MSE: 0.000142073859218.
Iteration 600. I-divergence: 1322.41319006. MSE: 0.680540617011. Diff MSE: 0.000141854226173.
Iteration 601. I-divergence: 1322.1400005. MSE: 0.680398981494. Diff MSE: 0.000141635516934.
Iteration 602. I-divergence: 1321.86722804. MSE: 0.680257563765. Diff MSE: 0.000141417728673.
Iteration 603. I-divergence: 1321.59487096. MSE: 0.680116362906. Diff MSE: 0.00014120085853.
Iteration 604. I-divergence: 1321.32292755. MSE: 0.679975378003. Diff MSE: 0.000140984903592.
Iteration 605. I-divergence: 1321.05139608. MSE: 0.679834608142. Diff MSE: 0.000140769860924.
Iteration 606. I-divergence: 1320.78027487. MSE: 0.679694052414. Diff MSE: 0.000140555727536.
Iteration 607. I-divergence: 1320.50956219. MSE: 0.679553709914. Diff MSE: 0.00014034250046.
Iteration 608. I-divergence: 1320.23925636. MSE: 0.679413579737. Diff MSE: 0.000140130176647.
Iteration 609. I-divergence: 1319.96935567. MSE: 0.679273660984. Diff MSE: 0.000139918753007.
Iteration 610. I-divergence: 1319.69985845. MSE: 0.679133952758. Diff MSE: 0.000139708226522.
Iteration 611. I-divergence: 1319.43076301. MSE: 0.678994454164. Diff MSE: 0.000139498593994.
Iteration 612. I-divergence: 1319.16206768. MSE: 0.678855164311. Diff MSE: 0.000139289852347.
Iteration 613. I-divergence: 1318.89377078. MSE: 0.678716082313. Diff MSE: 0.000139081998362.
Iteration 614. I-divergence: 1318.62587066. MSE: 0.678577207284. Diff MSE: 0.00013887502885.
Iteration 615. I-divergence: 1318.35836565. MSE: 0.678438538344. Diff MSE: 0.000138668940587.
Iteration 616. I-divergence: 1318.09125409. MSE: 0.678300074613. Diff MSE: 0.000138463730357.
Iteration 617. I-divergence: 1317.82453435. MSE: 0.678161815218. Diff MSE: 0.000138259394824.
Iteration 618. I-divergence: 1317.55820479. MSE: 0.678023759288. Diff MSE: 0.000138055930718.
Iteration 619. I-divergence: 1317.29226375. MSE: 0.677885905953. Diff MSE: 0.000137853334736.
Iteration 620. I-divergence: 1317.02670962. MSE: 0.677748254349. Diff MSE: 0.000137651603519.
Iteration 621. I-divergence: 1316.76154078. MSE: 0.677610803616. Diff MSE: 0.000137450733676.
Iteration 622. I-divergence: 1316.4967556. MSE: 0.677473552894. Diff MSE: 0.000137250721842.
Iteration 623. I-divergence: 1316.23235247. MSE: 0.677336501329. Diff MSE: 0.000137051564613.
Iteration 624. I-divergence: 1315.96832979. MSE: 0.677199648071. Diff MSE: 0.000136853258533.
Iteration 625. I-divergence: 1315.70468596. MSE: 0.677062992271. Diff MSE: 0.00013665580018.
Iteration 626. I-divergence: 1315.44141939. MSE: 0.676926533085. Diff MSE: 0.000136459186035.
Iteration 627. I-divergence: 1315.17852848. MSE: 0.676790269672. Diff MSE: 0.00013626341267.
Iteration 628. I-divergence: 1314.91601167. MSE: 0.676654201195. Diff MSE: 0.000136068476516.
Iteration 629. I-divergence: 1314.65386736. MSE: 0.676518326821. Diff MSE: 0.000135874374106.
Iteration 630. I-divergence: 1314.39209401. MSE: 0.676382645719. Diff MSE: 0.000135681101853.
Iteration 631. I-divergence: 1314.13069004. MSE: 0.676247157063. Diff MSE: 0.00013548865621.
Iteration 632. I-divergence: 1313.8696539. MSE: 0.67611186003. Diff MSE: 0.000135297033593.
Iteration 633. I-divergence: 1313.60898405. MSE: 0.675976753799. Diff MSE: 0.00013510623043.
Iteration 634. I-divergence: 1313.34867893. MSE: 0.675841837556. Diff MSE: 0.000134916243085.
Iteration 635. I-divergence: 1313.08873702. MSE: 0.675707110488. Diff MSE: 0.000134727067958.
Iteration 636. I-divergence: 1312.82915679. MSE: 0.675572571787. Diff MSE: 0.000134538701394.
Iteration 637. I-divergence: 1312.56993671. MSE: 0.675438220647. Diff MSE: 0.000134351139742.
Iteration 638. I-divergence: 1312.31107527. MSE: 0.675304056268. Diff MSE: 0.000134164379367.
Iteration 639. I-divergence: 1312.05257096. MSE: 0.675170077851. Diff MSE: 0.000133978416546.
Iteration 640. I-divergence: 1311.79442227. MSE: 0.675036284604. Diff MSE: 0.000133793247625.
Iteration 641. I-divergence: 1311.53662772. MSE: 0.674902675735. Diff MSE: 0.000133608868874.
Iteration 642. I-divergence: 1311.27918581. MSE: 0.674769250458. Diff MSE: 0.000133425276611.
Iteration 643. I-divergence: 1311.02209506. MSE: 0.674636007991. Diff MSE: 0.000133242467074.
Iteration 644. I-divergence: 1310.765354. MSE: 0.674502947554. Diff MSE: 0.000133060436579.
Iteration 645. I-divergence: 1310.50896115. MSE: 0.674370068373. Diff MSE: 0.000132879181322.
Iteration 646. I-divergence: 1310.25291506. MSE: 0.674237369675. Diff MSE: 0.000132698697593.
Iteration 647. I-divergence: 1309.99721428. MSE: 0.674104850694. Diff MSE: 0.000132518981601.
Iteration 648. I-divergence: 1309.74185734. MSE: 0.673972510664. Diff MSE: 0.000132340029585.
Iteration 649. I-divergence: 1309.48684281. MSE: 0.673840348827. Diff MSE: 0.000132161837774.
Iteration 650. I-divergence: 1309.23216927. MSE: 0.673708364424. Diff MSE: 0.000131984402354.
Iteration 651. I-divergence: 1308.97783527. MSE: 0.673576556705. Diff MSE: 0.000131807719542.
Iteration 652. I-divergence: 1308.7238394. MSE: 0.673444924919. Diff MSE: 0.000131631785541.
Iteration 653. I-divergence: 1308.47018025. MSE: 0.673313468323. Diff MSE: 0.000131456596527.
Iteration 654. I-divergence: 1308.21685641. MSE: 0.673182186174. Diff MSE: 0.000131282148685.
Iteration 655. I-divergence: 1307.96386648. MSE: 0.673051077736. Diff MSE: 0.000131108438213.
Iteration 656. I-divergence: 1307.71120907. MSE: 0.672920142274. Diff MSE: 0.000130935461254.
Iteration 657. I-divergence: 1307.45888279. MSE: 0.67278937906. Diff MSE: 0.000130763213989.
Iteration 658. I-divergence: 1307.20688626. MSE: 0.672658787368. Diff MSE: 0.000130591692586.
Iteration 659. I-divergence: 1306.95521812. MSE: 0.672528366475. Diff MSE: 0.000130420893184.
Iteration 660. I-divergence: 1306.703877. MSE: 0.672398115663. Diff MSE: 0.00013025081195.
Iteration 661. I-divergence: 1306.45286154. MSE: 0.672268034218. Diff MSE: 0.000130081445041.
Iteration 662. I-divergence: 1306.20217039. MSE: 0.672138121429. Diff MSE: 0.000129912788577.
Iteration 663. I-divergence: 1305.95180221. MSE: 0.67200837659. Diff MSE: 0.000129744838744.
Iteration 664. I-divergence: 1305.70175567. MSE: 0.671878798999. Diff MSE: 0.000129577591634.
Iteration 665. I-divergence: 1305.45202943. MSE: 0.671749387955. Diff MSE: 0.000129411043443.
Iteration 666. I-divergence: 1305.20262216. MSE: 0.671620142765. Diff MSE: 0.000129245190237.
Iteration 667. I-divergence: 1304.95353257. MSE: 0.671491062737. Diff MSE: 0.000129080028217.
Iteration 668. I-divergence: 1304.70475934. MSE: 0.671362147183. Diff MSE: 0.000128915553503.
Iteration 669. I-divergence: 1304.45630116. MSE: 0.671233395421. Diff MSE: 0.000128751762195.
Iteration 670. I-divergence: 1304.20815676. MSE: 0.671104806771. Diff MSE: 0.00012858865047.
Iteration 671. I-divergence: 1303.96032483. MSE: 0.670976380556. Diff MSE: 0.000128426214427.
Iteration 672. I-divergence: 1303.7128041. MSE: 0.670848116106. Diff MSE: 0.000128264450218.
Iteration 673. I-divergence: 1303.46559331. MSE: 0.670720012752. Diff MSE: 0.000128103353968.
Iteration 674. I-divergence: 1303.21869118. MSE: 0.67059206983. Diff MSE: 0.000127942921832.
Iteration 675. I-divergence: 1302.97209645. MSE: 0.67046428668. Diff MSE: 0.000127783149919.
Iteration 676. I-divergence: 1302.72580788. MSE: 0.670336662646. Diff MSE: 0.000127624034391.
Iteration 677. I-divergence: 1302.47982422. MSE: 0.670209197075. Diff MSE: 0.000127465571352.
Iteration 678. I-divergence: 1302.23414424. MSE: 0.670081889318. Diff MSE: 0.000127307756986.
Iteration 679. I-divergence: 1301.98876671. MSE: 0.66995473873. Diff MSE: 0.000127150587394.
Iteration 680. I-divergence: 1301.74369041. MSE: 0.669827744671. Diff MSE: 0.00012699405876.
Iteration 681. I-divergence: 1301.49891411. MSE: 0.669700906504. Diff MSE: 0.000126838167221.
Iteration 682. I-divergence: 1301.25443662. MSE: 0.669574223595. Diff MSE: 0.000126682908891.
Iteration 683. I-divergence: 1301.01025673. MSE: 0.669447695315. Diff MSE: 0.000126528279972.
Iteration 684. I-divergence: 1300.76637325. MSE: 0.669321321039. Diff MSE: 0.00012637427661.
Iteration 685. I-divergence: 1300.522785. MSE: 0.669195100144. Diff MSE: 0.000126220894967.
Iteration 686. I-divergence: 1300.27949079. MSE: 0.669069032013. Diff MSE: 0.000126068131195.
Iteration 687. I-divergence: 1300.03648945. MSE: 0.668943116031. Diff MSE: 0.000125915981478.
Iteration 688. I-divergence: 1299.79377981. MSE: 0.668817351589. Diff MSE: 0.000125764441984.
Iteration 689. I-divergence: 1299.55136073. MSE: 0.66869173808. Diff MSE: 0.000125613508901.
Iteration 690. I-divergence: 1299.30923105. MSE: 0.668566274902. Diff MSE: 0.000125463178403.
Iteration 691. I-divergence: 1299.06738962. MSE: 0.668440961455. Diff MSE: 0.000125313446707.
Iteration 692. I-divergence: 1298.82583531. MSE: 0.668315797145. Diff MSE: 0.000125164309962.
Iteration 693. I-divergence: 1298.58456698. MSE: 0.668190781381. Diff MSE: 0.000125015764439.
Iteration 694. I-divergence: 1298.34358353. MSE: 0.668065913574. Diff MSE: 0.000124867806258.
Iteration 695. I-divergence: 1298.10288382. MSE: 0.667941193143. Diff MSE: 0.000124720431706.
Iteration 696. I-divergence: 1297.86246676. MSE: 0.667816619506. Diff MSE: 0.000124573636979.
Iteration 697. I-divergence: 1297.62233124. MSE: 0.667692192087. Diff MSE: 0.0001244274183.
Iteration 698. I-divergence: 1297.38247616. MSE: 0.667567910315. Diff MSE: 0.0001242817719.
Iteration 699. I-divergence: 1297.14290045. MSE: 0.667443773621. Diff MSE: 0.000124136694029.
Iteration 700. I-divergence: 1296.90360302. MSE: 0.667319781441. Diff MSE: 0.000123992180938.
Iteration 701. I-divergence: 1296.66458279. MSE: 0.667195933212. Diff MSE: 0.000123848228873.
Iteration 702. I-divergence: 1296.4258387. MSE: 0.667072228378. Diff MSE: 0.000123704834107.
Iteration 703. I-divergence: 1296.18736969. MSE: 0.666948666385. Diff MSE: 0.000123561992909.
Iteration 704. I-divergence: 1295.94917471. MSE: 0.666825246683. Diff MSE: 0.000123419701541.
Iteration 705. I-divergence: 1295.71125272. MSE: 0.666701968727. Diff MSE: 0.000123277956324.
Iteration 706. I-divergence: 1295.47360267. MSE: 0.666578831973. Diff MSE: 0.000123136753541.
Iteration 707. I-divergence: 1295.23622353. MSE: 0.666455835884. Diff MSE: 0.000122996089476.
Iteration 708. I-divergence: 1294.99911428. MSE: 0.666332979923. Diff MSE: 0.000122855960482.
Iteration 709. I-divergence: 1294.7622739. MSE: 0.66621026356. Diff MSE: 0.000122716362832.
Iteration 710. I-divergence: 1294.52570138. MSE: 0.666087686268. Diff MSE: 0.000122577292904.
Iteration 711. I-divergence: 1294.28939571. MSE: 0.665965247521. Diff MSE: 0.000122438747017.
Iteration 712. I-divergence: 1294.05335591. MSE: 0.665842946799. Diff MSE: 0.000122300721522.
Iteration 713. I-divergence: 1293.81758097. MSE: 0.665720783586. Diff MSE: 0.00012216321279.
Iteration 714. I-divergence: 1293.58206992. MSE: 0.665598757369. Diff MSE: 0.000122026217175.
Iteration 715. I-divergence: 1293.34682177. MSE: 0.665476867638. Diff MSE: 0.000121889731071.
Iteration 716. I-divergence: 1293.11183556. MSE: 0.665355113887. Diff MSE: 0.000121753750856.
Iteration 717. I-divergence: 1292.87711033. MSE: 0.665233495614. Diff MSE: 0.000121618272937.
Iteration 718. I-divergence: 1292.64264511. MSE: 0.66511201232. Diff MSE: 0.000121483293718.
Iteration 719. I-divergence: 1292.40843896. MSE: 0.664990663511. Diff MSE: 0.000121348809638.
Iteration 720. I-divergence: 1292.17449094. MSE: 0.664869448694. Diff MSE: 0.000121214817112.
Iteration 721. I-divergence: 1291.94080011. MSE: 0.664748367381. Diff MSE: 0.000121081312568.
Iteration 722. I-divergence: 1291.70736554. MSE: 0.664627419089. Diff MSE: 0.000120948292509.
Iteration 723. I-divergence: 1291.4741863. MSE: 0.664506603335. Diff MSE: 0.000120815753353.
Iteration 724. I-divergence: 1291.24126148. MSE: 0.664385919644. Diff MSE: 0.000120683691577.
Iteration 725. I-divergence: 1291.00859017. MSE: 0.66426536754. Diff MSE: 0.000120552103699.
Iteration 726. I-divergence: 1290.77617147. MSE: 0.664144946554. Diff MSE: 0.00012042098619.
Iteration 727. I-divergence: 1290.54400448. MSE: 0.664024656218. Diff MSE: 0.000120290335565.
Iteration 728. I-divergence: 1290.31208831. MSE: 0.66390449607. Diff MSE: 0.000120160148352.
Iteration 729. I-divergence: 1290.08042207. MSE: 0.663784465649. Diff MSE: 0.000120030421084.
Iteration 730. I-divergence: 1289.8490049. MSE: 0.663664564499. Diff MSE: 0.000119901150305.
Iteration 731. I-divergence: 1289.61783591. MSE: 0.663544792166. Diff MSE: 0.000119772332568.
Iteration 732. I-divergence: 1289.38691425. MSE: 0.663425148202. Diff MSE: 0.000119643964426.
Iteration 733. I-divergence: 1289.15623906. MSE: 0.663305632159. Diff MSE: 0.000119516042517.
Iteration 734. I-divergence: 1288.92580948. MSE: 0.663186243596. Diff MSE: 0.000119388563367.
Iteration 735. I-divergence: 1288.69562468. MSE: 0.663066982072. Diff MSE: 0.000119261523612.
Iteration 736. I-divergence: 1288.46568381. MSE: 0.662947847152. Diff MSE: 0.000119134919862.
Iteration 737. I-divergence: 1288.23598603. MSE: 0.662828838403. Diff MSE: 0.000119008748773.
Iteration 738. I-divergence: 1288.00653054. MSE: 0.662709955396. Diff MSE: 0.000118883006955.
Iteration 739. I-divergence: 1287.7773165. MSE: 0.662591197705. Diff MSE: 0.000118757691092.
Iteration 740. I-divergence: 1287.54834311. MSE: 0.662472564907. Diff MSE: 0.000118632797842.
Iteration 741. I-divergence: 1287.31960955. MSE: 0.662354056584. Diff MSE: 0.000118508323883.
Iteration 742. I-divergence: 1287.09111502. MSE: 0.662235672318. Diff MSE: 0.000118384265888.
Iteration 743. I-divergence: 1286.86285874. MSE: 0.662117411697. Diff MSE: 0.000118260620616.
Iteration 744. I-divergence: 1286.63483991. MSE: 0.661999274312. Diff MSE: 0.000118137384766.
Iteration 745. I-divergence: 1286.40705776. MSE: 0.661881259757. Diff MSE: 0.000118014555053.
Iteration 746. I-divergence: 1286.1795115. MSE: 0.661763367629. Diff MSE: 0.00011789212827.
Iteration 747. I-divergence: 1285.95220036. MSE: 0.661645597528. Diff MSE: 0.000117770101112.
Iteration 748. I-divergence: 1285.72512359. MSE: 0.661527949057. Diff MSE: 0.00011764847042.
Iteration 749. I-divergence: 1285.49828043. MSE: 0.661410421825. Diff MSE: 0.000117527232947.
Iteration 750. I-divergence: 1285.27167011. MSE: 0.661293015439. Diff MSE: 0.000117406385502.
Iteration 751. I-divergence: 1285.04529191. MSE: 0.661175729514. Diff MSE: 0.000117285924903.
Iteration 752. I-divergence: 1284.81914508. MSE: 0.661058563666. Diff MSE: 0.000117165847978.
Iteration 753. I-divergence: 1284.59322888. MSE: 0.660941517515. Diff MSE: 0.000117046151575.
Iteration 754. I-divergence: 1284.36754259. MSE: 0.660824590682. Diff MSE: 0.00011692683254.
Iteration 755. I-divergence: 1284.14208549. MSE: 0.660707782794. Diff MSE: 0.000116807887755.
Iteration 756. I-divergence: 1283.91685686. MSE: 0.66059109348. Diff MSE: 0.000116689314106.
Iteration 757. I-divergence: 1283.691856. MSE: 0.660474522372. Diff MSE: 0.000116571108497.
Iteration 758. I-divergence: 1283.46708219. MSE: 0.660358069104. Diff MSE: 0.000116453267825.
Iteration 759. I-divergence: 1283.24253474. MSE: 0.660241733315. Diff MSE: 0.000116335789015.
Iteration 760. I-divergence: 1283.01821296. MSE: 0.660125514646. Diff MSE: 0.00011621866903.
Iteration 761. I-divergence: 1282.79411616. MSE: 0.660009412741. Diff MSE: 0.000116101904813.
Iteration 762. I-divergence: 1282.57024367. MSE: 0.659893427248. Diff MSE: 0.000115985493326.
Iteration 763. I-divergence: 1282.3465948. MSE: 0.659777557816. Diff MSE: 0.000115869431596.
Iteration 764. I-divergence: 1282.12316889. MSE: 0.6596618041. Diff MSE: 0.000115753716565.
Iteration 765. I-divergence: 1281.89996527. MSE: 0.659546165754. Diff MSE: 0.000115638345279.
Iteration 766. I-divergence: 1281.67698329. MSE: 0.659430642439. Diff MSE: 0.000115523314762.
Iteration 767. I-divergence: 1281.45422229. MSE: 0.659315233817. Diff MSE: 0.00011540862204.
Iteration 768. I-divergence: 1281.23168164. MSE: 0.659199939553. Diff MSE: 0.000115294264208.
Iteration 769. I-divergence: 1281.00936067. MSE: 0.659084759315. Diff MSE: 0.000115180238307.
Iteration 770. I-divergence: 1280.78725877. MSE: 0.658969692773. Diff MSE: 0.000115066541418.
Iteration 771. I-divergence: 1280.5653753. MSE: 0.658854739603. Diff MSE: 0.000114953170661.
Iteration 772. I-divergence: 1280.34370964. MSE: 0.65873989948. Diff MSE: 0.000114840123157.
Iteration 773. I-divergence: 1280.12226116. MSE: 0.658625172084. Diff MSE: 0.000114727396009.
Iteration 774. I-divergence: 1279.90102926. MSE: 0.658510557097. Diff MSE: 0.000114614986385.
Iteration 775. I-divergence: 1279.68001333. MSE: 0.658396054206. Diff MSE: 0.000114502891437.
Iteration 776. I-divergence: 1279.45921275. MSE: 0.658281663098. Diff MSE: 0.000114391108336.
Iteration 777. I-divergence: 1279.23862695. MSE: 0.658167383463. Diff MSE: 0.000114279634309.
Iteration 778. I-divergence: 1279.01825532. MSE: 0.658053214997. Diff MSE: 0.000114168466474.
Iteration 779. I-divergence: 1278.79809727. MSE: 0.657939157395. Diff MSE: 0.000114057602143.
Iteration 780. I-divergence: 1278.57815223. MSE: 0.657825210356. Diff MSE: 0.000113947038494.
Iteration 781. I-divergence: 1278.35841962. MSE: 0.657711373583. Diff MSE: 0.000113836772793.
Iteration 782. I-divergence: 1278.13889887. MSE: 0.657597646781. Diff MSE: 0.00011372680234.
Iteration 783. I-divergence: 1277.91958941. MSE: 0.657484029657. Diff MSE: 0.000113617124341.
Iteration 784. I-divergence: 1277.70049068. MSE: 0.65737052192. Diff MSE: 0.000113507736135.
Iteration 785. I-divergence: 1277.48160213. MSE: 0.657257123285. Diff MSE: 0.00011339863505.
Iteration 786. I-divergence: 1277.2629232. MSE: 0.657143833467. Diff MSE: 0.000113289818354.
Iteration 787. I-divergence: 1277.04445336. MSE: 0.657030652184. Diff MSE: 0.000113181283436.
Iteration 788. I-divergence: 1276.82619205. MSE: 0.656917579156. Diff MSE: 0.000113073027631.
Iteration 789. I-divergence: 1276.60813875. MSE: 0.656804614108. Diff MSE: 0.000112965048299.
Iteration 790. I-divergence: 1276.39029292. MSE: 0.656691756765. Diff MSE: 0.000112857342852.
Iteration 791. I-divergence: 1276.17265405. MSE: 0.656579006856. Diff MSE: 0.000112749908671.
Iteration 792. I-divergence: 1275.9552216. MSE: 0.656466364113. Diff MSE: 0.000112642743155.
Iteration 793. I-divergence: 1275.73799506. MSE: 0.656353828269. Diff MSE: 0.000112535843757.
Iteration 794. I-divergence: 1275.52097393. MSE: 0.656241399061. Diff MSE: 0.000112429207932.
Iteration 795. I-divergence: 1275.3041577. MSE: 0.656129076228. Diff MSE: 0.000112322833104.
Iteration 796. I-divergence: 1275.08754586. MSE: 0.656016859511. Diff MSE: 0.000112216716783.
Iteration 797. I-divergence: 1274.87113792. MSE: 0.655904748655. Diff MSE: 0.000112110856435.
Iteration 798. I-divergence: 1274.65493339. MSE: 0.655792743405. Diff MSE: 0.000112005249574.
Iteration 799. I-divergence: 1274.43893178. MSE: 0.655680843512. Diff MSE: 0.000111899893738.
Iteration 800. I-divergence: 1274.22313261. MSE: 0.655569048725. Diff MSE: 0.000111794786436.
Iteration 801. I-divergence: 1274.00753541. MSE: 0.6554573588. Diff MSE: 0.000111689925211.
Iteration 802. I-divergence: 1273.79213969. MSE: 0.655345773492. Diff MSE: 0.000111585307676.
Iteration 803. I-divergence: 1273.576945. MSE: 0.655234292561. Diff MSE: 0.000111480931352.
Iteration 804. I-divergence: 1273.36195087. MSE: 0.655122915767. Diff MSE: 0.000111376793895.
Iteration 805. I-divergence: 1273.14715684. MSE: 0.655011642874. Diff MSE: 0.000111272892886.
Iteration 806. I-divergence: 1272.93256245. MSE: 0.654900473648. Diff MSE: 0.000111169225929.
Iteration 807. I-divergence: 1272.71816726. MSE: 0.654789407858. Diff MSE: 0.000111065790704.
Iteration 808. I-divergence: 1272.50397082. MSE: 0.654678445273. Diff MSE: 0.000110962584865.
Iteration 809. I-divergence: 1272.2899727. MSE: 0.654567585667. Diff MSE: 0.000110859606045.
Iteration 810. I-divergence: 1272.07617244. MSE: 0.654456828815. Diff MSE: 0.000110756851979.
Iteration 811. I-divergence: 1271.86256963. MSE: 0.654346174494. Diff MSE: 0.000110654320323.
Iteration 812. I-divergence: 1271.64916384. MSE: 0.654235622486. Diff MSE: 0.000110552008858.
Iteration 813. I-divergence: 1271.43595464. MSE: 0.65412517257. Diff MSE: 0.000110449915231.
Iteration 814. I-divergence: 1271.22294161. MSE: 0.654014824533. Diff MSE: 0.000110348037281.
Iteration 815. I-divergence: 1271.01012433. MSE: 0.65390457816. Diff MSE: 0.000110246372686.
Iteration 816. I-divergence: 1270.79750241. MSE: 0.653794433241. Diff MSE: 0.000110144919281.
Iteration 817. I-divergence: 1270.58507543. MSE: 0.653684389566. Diff MSE: 0.000110043674824.
Iteration 818. I-divergence: 1270.37284299. MSE: 0.653574446929. Diff MSE: 0.000109942637177.
Iteration 819. I-divergence: 1270.16080469. MSE: 0.653464605125. Diff MSE: 0.000109841804069.
Iteration 820. I-divergence: 1269.94896014. MSE: 0.653354863952. Diff MSE: 0.000109741173428.
Iteration 821. I-divergence: 1269.73730895. MSE: 0.653245223209. Diff MSE: 0.000109640743055.
Iteration 822. I-divergence: 1269.52585073. MSE: 0.653135682698. Diff MSE: 0.000109540510827.
Iteration 823. I-divergence: 1269.3145851. MSE: 0.653026242223. Diff MSE: 0.00010944047464.
Iteration 824. I-divergence: 1269.10351169. MSE: 0.652916901591. Diff MSE: 0.000109340632391.
Iteration 825. I-divergence: 1268.89263013. MSE: 0.652807660609. Diff MSE: 0.000109240981967.
Iteration 826. I-divergence: 1268.68194003. MSE: 0.652698519087. Diff MSE: 0.00010914152132.
Iteration 827. I-divergence: 1268.47144105. MSE: 0.652589476839. Diff MSE: 0.000109042248378.
Iteration 828. I-divergence: 1268.26113281. MSE: 0.652480533678. Diff MSE: 0.000108943161103.
Iteration 829. I-divergence: 1268.05101495. MSE: 0.65237168942. Diff MSE: 0.000108844257471.
Iteration 830. I-divergence: 1267.84108714. MSE: 0.652262943885. Diff MSE: 0.000108745535466.
Iteration 831. I-divergence: 1267.63134901. MSE: 0.652154296892. Diff MSE: 0.00010864699308.
Iteration 832. I-divergence: 1267.42180021. MSE: 0.652045748264. Diff MSE: 0.000108548628339.
Iteration 833. I-divergence: 1267.21244042. MSE: 0.651937297824. Diff MSE: 0.000108450439279.
Iteration 834. I-divergence: 1267.00326928. MSE: 0.6518289454. Diff MSE: 0.000108352423925.
Iteration 835. I-divergence: 1266.79428647. MSE: 0.65172069082. Diff MSE: 0.000108254580357.
Iteration 836. I-divergence: 1266.58549165. MSE: 0.651612533913. Diff MSE: 0.000108156906649.
Iteration 837. I-divergence: 1266.37688449. MSE: 0.651504474512. Diff MSE: 0.000108059400859.
Iteration 838. I-divergence: 1266.16846468. MSE: 0.651396512451. Diff MSE: 0.000107962061141.
Iteration 839. I-divergence: 1265.96023189. MSE: 0.651288647566. Diff MSE: 0.000107864885581.
Iteration 840. I-divergence: 1265.7521858. MSE: 0.651180879693. Diff MSE: 0.000107767872315.
Iteration 841. I-divergence: 1265.5443261. MSE: 0.651073208674. Diff MSE: 0.000107671019515.
Iteration 842. I-divergence: 1265.33665249. MSE: 0.650965634349. Diff MSE: 0.000107574325298.
Iteration 843. I-divergence: 1265.12916465. MSE: 0.650858156561. Diff MSE: 0.000107477787893.
Iteration 844. I-divergence: 1264.92186229. MSE: 0.650750775155. Diff MSE: 0.000107381405455.
Iteration 845. I-divergence: 1264.7147451. MSE: 0.650643489979. Diff MSE: 0.000107285176195.
Iteration 846. I-divergence: 1264.50781279. MSE: 0.650536300881. Diff MSE: 0.000107189098352.
Iteration 847. I-divergence: 1264.30106507. MSE: 0.650429207711. Diff MSE: 0.00010709317014.
Iteration 848. I-divergence: 1264.09450165. MSE: 0.650322210321. Diff MSE: 0.000106997389819.
Iteration 849. I-divergence: 1263.88812224. MSE: 0.650215308565. Diff MSE: 0.000106901755651.
Iteration 850. I-divergence: 1263.68192656. MSE: 0.650108502299. Diff MSE: 0.000106806265923.
Iteration 851. I-divergence: 1263.47591434. MSE: 0.65000179138. Diff MSE: 0.000106710918879.
Iteration 852. I-divergence: 1263.27008528. MSE: 0.649895175667. Diff MSE: 0.000106615712907.
Iteration 853. I-divergence: 1263.06443914. MSE: 0.649788655021. Diff MSE: 0.000106520646259.
Iteration 854. I-divergence: 1262.85897562. MSE: 0.649682229304. Diff MSE: 0.0001064257173.
Iteration 855. I-divergence: 1262.65369448. MSE: 0.649575898379. Diff MSE: 0.00010633092438.
Iteration 856. I-divergence: 1262.44859544. MSE: 0.649469662114. Diff MSE: 0.000106236265844.
Iteration 857. I-divergence: 1262.24367825. MSE: 0.649363520374. Diff MSE: 0.000106141740089.
Iteration 858. I-divergence: 1262.03894264. MSE: 0.649257473028. Diff MSE: 0.000106047345488.
Iteration 859. I-divergence: 1261.83438837. MSE: 0.649151519948. Diff MSE: 0.000105953080469.
Iteration 860. I-divergence: 1261.63001519. MSE: 0.649045661004. Diff MSE: 0.000105858943417.
Iteration 861. I-divergence: 1261.42582284. MSE: 0.648939896071. Diff MSE: 0.000105764932793.
Iteration 862. I-divergence: 1261.22181109. MSE: 0.648834225024. Diff MSE: 0.000105671047047.
Iteration 863. I-divergence: 1261.01797969. MSE: 0.64872864774. Diff MSE: 0.000105577284611.
Iteration 864. I-divergence: 1260.81432839. MSE: 0.648623164096. Diff MSE: 0.000105483643989.
Iteration 865. I-divergence: 1260.61085698. MSE: 0.648517773972. Diff MSE: 0.000105390123649.
Iteration 866. I-divergence: 1260.40756521. MSE: 0.64841247725. Diff MSE: 0.000105296722108.
Iteration 867. I-divergence: 1260.20445285. MSE: 0.648307273812. Diff MSE: 0.000105203437876.
Iteration 868. I-divergence: 1260.00151968. MSE: 0.648202163543. Diff MSE: 0.000105110269491.
Iteration 869. I-divergence: 1259.79876548. MSE: 0.648097146327. Diff MSE: 0.000105017215466.
Iteration 870. I-divergence: 1259.59619001. MSE: 0.647992222053. Diff MSE: 0.000104924274388.
Iteration 871. I-divergence: 1259.39379306. MSE: 0.647887390608. Diff MSE: 0.000104831444827.
Iteration 872. I-divergence: 1259.19157442. MSE: 0.647782651883. Diff MSE: 0.000104738725345.
Iteration 873. I-divergence: 1258.98953388. MSE: 0.647678005768. Diff MSE: 0.000104646114555.
Iteration 874. I-divergence: 1258.78767121. MSE: 0.647573452157. Diff MSE: 0.000104553611084.
Iteration 875. I-divergence: 1258.58598622. MSE: 0.647468990943. Diff MSE: 0.000104461213532.
Iteration 876. I-divergence: 1258.38447869. MSE: 0.647364622023. Diff MSE: 0.000104368920518.
Iteration 877. I-divergence: 1258.18314843. MSE: 0.647260345292. Diff MSE: 0.000104276730744.
Iteration 878. I-divergence: 1257.98199523. MSE: 0.647156160649. Diff MSE: 0.000104184642833.
Iteration 879. I-divergence: 1257.7810189. MSE: 0.647052067994. Diff MSE: 0.000104092655502.
Iteration 880. I-divergence: 1257.58021925. MSE: 0.646948067226. Diff MSE: 0.000104000767384.
Iteration 881. I-divergence: 1257.37959607. MSE: 0.646844158249. Diff MSE: 0.000103908977244.
Iteration 882. I-divergence: 1257.17914918. MSE: 0.646740340965. Diff MSE: 0.000103817283755.
Iteration 883. I-divergence: 1256.97887839. MSE: 0.64663661528. Diff MSE: 0.000103725685662.
Iteration 884. I-divergence: 1256.77878351. MSE: 0.646532981098. Diff MSE: 0.00010363418173.
Iteration 885. I-divergence: 1256.57886437. MSE: 0.646429438327. Diff MSE: 0.000103542770686.
Iteration 886. I-divergence: 1256.37912078. MSE: 0.646325986876. Diff MSE: 0.000103451451303.
Iteration 887. I-divergence: 1256.17955256. MSE: 0.646222626654. Diff MSE: 0.000103360222365.
Iteration 888. I-divergence: 1255.98015954. MSE: 0.646119357571. Diff MSE: 0.000103269082686.
Iteration 889. I-divergence: 1255.78094155. MSE: 0.64601617954. Diff MSE: 0.000103178031044.
Iteration 890. I-divergence: 1255.5818984. MSE: 0.645913092474. Diff MSE: 0.000103087066269.
Iteration 891. I-divergence: 1255.38302994. MSE: 0.645810096286. Diff MSE: 0.000102996187214.
Iteration 892. I-divergence: 1255.184336. MSE: 0.645707190894. Diff MSE: 0.000102905392717.
Iteration 893. I-divergence: 1254.9858164. MSE: 0.645604376212. Diff MSE: 0.000102814681597.
Iteration 894. I-divergence: 1254.787471. MSE: 0.645501652159. Diff MSE: 0.000102724052803.
Iteration 895. I-divergence: 1254.58929962. MSE: 0.645399018654. Diff MSE: 0.000102633505137.
Iteration 896. I-divergence: 1254.39130212. MSE: 0.645296475617. Diff MSE: 0.000102543037548.
Iteration 897. I-divergence: 1254.19347832. MSE: 0.645194022968. Diff MSE: 0.000102452648917.
Iteration 898. I-divergence: 1253.99582809. MSE: 0.64509166063. Diff MSE: 0.0001023623382.
Iteration 899. I-divergence: 1253.79835127. MSE: 0.644989388525. Diff MSE: 0.000102272104283.
Iteration 900. I-divergence: 1253.6010477. MSE: 0.644887206579. Diff MSE: 0.00010218194615.
Iteration 901. I-divergence: 1253.40391724. MSE: 0.644785114716. Diff MSE: 0.000102091862748.
Iteration 902. I-divergence: 1253.20695975. MSE: 0.644683112863. Diff MSE: 0.000102001853035.
Iteration 903. I-divergence: 1253.01017508. MSE: 0.644581200947. Diff MSE: 0.000101911916005.
Iteration 904. I-divergence: 1252.81356308. MSE: 0.644479378897. Diff MSE: 0.00010182205067.
Iteration 905. I-divergence: 1252.61712362. MSE: 0.644377646641. Diff MSE: 0.000101732255992.
Iteration 906. I-divergence: 1252.42085657. MSE: 0.64427600411. Diff MSE: 0.000101642531041.
Iteration 907. I-divergence: 1252.22476177. MSE: 0.644174451235. Diff MSE: 0.000101552874799.
Iteration 908. I-divergence: 1252.0288391. MSE: 0.644072987948. Diff MSE: 0.000101463286362.
Iteration 909. I-divergence: 1251.83308843. MSE: 0.643971614184. Diff MSE: 0.000101373764717.
Iteration 910. I-divergence: 1251.63750962. MSE: 0.643870329875. Diff MSE: 0.000101284309006.
Iteration 911. I-divergence: 1251.44210255. MSE: 0.643769134956. Diff MSE: 0.00010119491825.
Iteration 912. I-divergence: 1251.24686708. MSE: 0.643668029365. Diff MSE: 0.00010110559156.
Iteration 913. I-divergence: 1251.0518031. MSE: 0.643567013037. Diff MSE: 0.000101016328051.
Iteration 914. I-divergence: 1250.85691047. MSE: 0.64346608591. Diff MSE: 0.000100927126805.
Iteration 915. I-divergence: 1250.66218908. MSE: 0.643365247923. Diff MSE: 0.000100837986979.
Iteration 916. I-divergence: 1250.46763881. MSE: 0.643264499015. Diff MSE: 0.000100748907699.
Iteration 917. I-divergence: 1250.27325953. MSE: 0.643163839127. Diff MSE: 0.0001006598881.
Iteration 918. I-divergence: 1250.07905113. MSE: 0.6430632682. Diff MSE: 0.000100570927343.
Iteration 919. I-divergence: 1249.88501349. MSE: 0.642962786175. Diff MSE: 0.000100482024612.
Iteration 920. I-divergence: 1249.6911465. MSE: 0.642862392996. Diff MSE: 0.000100393179095.
Iteration 921. I-divergence: 1249.49745005. MSE: 0.642762088606. Diff MSE: 0.000100304389975.
Iteration 922. I-divergence: 1249.30392402. MSE: 0.64266187295. Diff MSE: 0.000100215656439.
Iteration 923. I-divergence: 1249.11056831. MSE: 0.642561745972. Diff MSE: 0.000100126977738.
Iteration 924. I-divergence: 1248.9173828. MSE: 0.642461707619. Diff MSE: 0.000100038353076.
Iteration 925. I-divergence: 1248.7243674. MSE: 0.642361757837. Diff MSE: 9.9949781688e-05.
Iteration 926. I-divergence: 1248.53152199. MSE: 0.642261896574. Diff MSE: 9.98612628446e-05.
Iteration 927. I-divergence: 1248.33884647. MSE: 0.642162123779. Diff MSE: 9.97727957867e-05.
Iteration 928. I-divergence: 1248.14634075. MSE: 0.642062439399. Diff MSE: 9.96843797956e-05.
Iteration 929. I-divergence: 1247.95400471. MSE: 0.641962843385. Diff MSE: 9.95960141495e-05.
Iteration 930. I-divergence: 1247.76183825. MSE: 0.641863335687. Diff MSE: 9.95076981348e-05.
Iteration 931. I-divergence: 1247.56984129. MSE: 0.641763916256. Diff MSE: 9.94194310764e-05.
Iteration 932. I-divergence: 1247.37801373. MSE: 0.641664585043. Diff MSE: 9.93312122701e-05.
Iteration 933. I-divergence: 1247.18635546. MSE: 0.641565342002. Diff MSE: 9.92430410377e-05.
Iteration 934. I-divergence: 1246.99486639. MSE: 0.641466187085. Diff MSE: 9.91549167287e-05.
Iteration 935. I-divergence: 1246.80354644. MSE: 0.641367120247. Diff MSE: 9.90668386817e-05.
Iteration 936. I-divergence: 1246.6123955. MSE: 0.641268141441. Diff MSE: 9.89788062493e-05.
Iteration 937. I-divergence: 1246.4214135. MSE: 0.641169250622. Diff MSE: 9.8890818818e-05.
Iteration 938. I-divergence: 1246.23060033. MSE: 0.641070447746. Diff MSE: 9.880287574e-05.
Iteration 939. I-divergence: 1246.03995591. MSE: 0.64097173277. Diff MSE: 9.87149764125e-05.
Iteration 940. I-divergence: 1245.84948015. MSE: 0.640873105649. Diff MSE: 9.86271202466e-05.
Iteration 941. I-divergence: 1245.65917298. MSE: 0.640774566343. Diff MSE: 9.85393066464e-05.
Iteration 942. I-divergence: 1245.46903429. MSE: 0.640676114808. Diff MSE: 9.84515350005e-05.
Iteration 943. I-divergence: 1245.27906401. MSE: 0.640577751003. Diff MSE: 9.83638047836e-05.
Iteration 944. I-divergence: 1245.08926206. MSE: 0.640479474888. Diff MSE: 9.82761153947e-05.
Iteration 945. I-divergence: 1244.89962836. MSE: 0.640381286421. Diff MSE: 9.81884663245e-05.
Iteration 946. I-divergence: 1244.71016282. MSE: 0.640283185564. Diff MSE: 9.81008569902e-05.
Iteration 947. I-divergence: 1244.52086536. MSE: 0.640185172277. Diff MSE: 9.80132868782e-05.
Iteration 948. I-divergence: 1244.33173591. MSE: 0.640087246522. Diff MSE: 9.79257554629e-05.
Iteration 949. I-divergence: 1244.14277439. MSE: 0.63998940826. Diff MSE: 9.78382622558e-05.
Iteration 950. I-divergence: 1243.95398072. MSE: 0.639891657453. Diff MSE: 9.77508067282e-05.
Iteration 951. I-divergence: 1243.76535483. MSE: 0.639793994064. Diff MSE: 9.76633883841e-05.
Iteration 952. I-divergence: 1243.57689664. MSE: 0.639696418058. Diff MSE: 9.75760067783e-05.
Iteration 953. I-divergence: 1243.38860608. MSE: 0.639598929396. Diff MSE: 9.74886613877e-05.
Iteration 954. I-divergence: 1243.20048308. MSE: 0.639501528045. Diff MSE: 9.74013517843e-05.
Iteration 955. I-divergence: 1243.01252756. MSE: 0.639404213967. Diff MSE: 9.7314077505e-05.
Iteration 956. I-divergence: 1242.82473945. MSE: 0.639306987129. Diff MSE: 9.72268381035e-05.
Iteration 957. I-divergence: 1242.63711868. MSE: 0.639209847496. Diff MSE: 9.71396331454e-05.
Iteration 958. I-divergence: 1242.44966519. MSE: 0.639112795034. Diff MSE: 9.70524621954e-05.
Iteration 959. I-divergence: 1242.2623789. MSE: 0.639015829709. Diff MSE: 9.69653248685e-05.
Iteration 960. I-divergence: 1242.07525975. MSE: 0.638918951488. Diff MSE: 9.68782207288e-05.
Iteration 961. I-divergence: 1241.88830766. MSE: 0.638822160339. Diff MSE: 9.67911493693e-05.
Iteration 962. I-divergence: 1241.70152258. MSE: 0.638725456228. Diff MSE: 9.67041104133e-05.
Iteration 963. I-divergence: 1241.51490444. MSE: 0.638628839125. Diff MSE: 9.66171035001e-05.
Iteration 964. I-divergence: 1241.32845317. MSE: 0.638532308996. Diff MSE: 9.65301282418e-05.
Iteration 965. I-divergence: 1241.14216871. MSE: 0.638435865812. Diff MSE: 9.64431842795e-05.
Iteration 966. I-divergence: 1240.956051. MSE: 0.638339509541. Diff MSE: 9.63562712438e-05.
Iteration 967. I-divergence: 1240.77009996. MSE: 0.638243240152. Diff MSE: 9.62693887973e-05.
Iteration 968. I-divergence: 1240.58431555. MSE: 0.638147057616. Diff MSE: 9.61825366382e-05.
Iteration 969. I-divergence: 1240.3986977. MSE: 0.638050961901. Diff MSE: 9.6095714379e-05.
Iteration 970. I-divergence: 1240.21324634. MSE: 0.637954952979. Diff MSE: 9.60089217539e-05.
Iteration 971. I-divergence: 1240.02796143. MSE: 0.637859030821. Diff MSE: 9.59221584155e-05.
Iteration 972. I-divergence: 1239.84284289. MSE: 0.637763195397. Diff MSE: 9.58354241033e-05.
Iteration 973. I-divergence: 1239.65789067. MSE: 0.637667446678. Diff MSE: 9.57487184818e-05.
Iteration 974. I-divergence: 1239.47310471. MSE: 0.637571784637. Diff MSE: 9.56620412922e-05.
Iteration 975. I-divergence: 1239.28848495. MSE: 0.637476209245. Diff MSE: 9.55753922448e-05.
Iteration 976. I-divergence: 1239.10403134. MSE: 0.637380720474. Diff MSE: 9.54887710725e-05.
Iteration 977. I-divergence: 1238.91974381. MSE: 0.637285318296. Diff MSE: 9.54021775491e-05.
Iteration 978. I-divergence: 1238.73562232. MSE: 0.637190002685. Diff MSE: 9.53156113547e-05.
Iteration 979. I-divergence: 1238.5516668. MSE: 0.637094773613. Diff MSE: 9.52290723271e-05.
Iteration 980. I-divergence: 1238.3678772. MSE: 0.636999631052. Diff MSE: 9.51425601631e-05.
Iteration 981. I-divergence: 1238.18425347. MSE: 0.636904574978. Diff MSE: 9.50560746671e-05.
Iteration 982. I-divergence: 1238.00079554. MSE: 0.636809605362. Diff MSE: 9.49696156238e-05.
Iteration 983. I-divergence: 1237.81750337. MSE: 0.636714722179. Diff MSE: 9.48831827891e-05.
Iteration 984. I-divergence: 1237.63437691. MSE: 0.636619925403. Diff MSE: 9.47967760189e-05.
Iteration 985. I-divergence: 1237.45141609. MSE: 0.636525215008. Diff MSE: 9.47103950546e-05.
Iteration 986. I-divergence: 1237.26862086. MSE: 0.636430590968. Diff MSE: 9.46240397462e-05.
Iteration 987. I-divergence: 1237.08599118. MSE: 0.636336053259. Diff MSE: 9.45377099084e-05.
Iteration 988. I-divergence: 1236.90352699. MSE: 0.636241601853. Diff MSE: 9.44514053448e-05.
Iteration 989. I-divergence: 1236.72122823. MSE: 0.636147236727. Diff MSE: 9.43651259092e-05.
Iteration 990. I-divergence: 1236.53909487. MSE: 0.636052957856. Diff MSE: 9.42788714627e-05.
Iteration 991. I-divergence: 1236.35712683. MSE: 0.635958765214. Diff MSE: 9.41926418224e-05.
Iteration 992. I-divergence: 1236.17532408. MSE: 0.635864658777. Diff MSE: 9.41064368587e-05.
Iteration 993. I-divergence: 1235.99368656. MSE: 0.635770638521. Diff MSE: 9.40202564177e-05.
Iteration 994. I-divergence: 1235.81221422. MSE: 0.63567670442. Diff MSE: 9.39341004103e-05.
Iteration 995. I-divergence: 1235.63090701. MSE: 0.635582856452. Diff MSE: 9.38479686891e-05.
Iteration 996. I-divergence: 1235.44976489. MSE: 0.635489094591. Diff MSE: 9.37618611327e-05.
Iteration 997. I-divergence: 1235.26878779. MSE: 0.635395418813. Diff MSE: 9.36757776508e-05.
Iteration 998. I-divergence: 1235.08797567. MSE: 0.635301829095. Diff MSE: 9.35897181497e-05.
Iteration 999. I-divergence: 1234.90732849. MSE: 0.635208325412. Diff MSE: 9.35036825098e-05.
Iteration 1000. I-divergence: 1234.72684618. MSE: 0.635114907742. Diff MSE: 9.34176706617e-05.
Performance on test set: MSE=0.690654537093, I-div=334.767215857.
0.690654537093
