Fold 1 for k=15,l=5.
Initialising F using KMeans.
Iteration: 1.
Iteration: 2.
Iteration: 3.
Iteration: 4.
Iteration: 5.
Iteration: 6.
Iteration: 7.
Iteration: 8.
Iteration: 9.
Iteration: 10.
Iteration: 11.
Iteration: 12.
Iteration: 13.
Iteration: 14.
Iteration: 15.
Iteration: 16.
Iteration: 17.
Iteration: 18.
Iteration: 19.
Iteration: 20.
Iteration: 21.
Iteration: 22.
Iteration: 23.
Iteration: 24.
Iteration: 25.
Iteration: 26.
Iteration: 27.
Iteration: 28.
[112.0, 46.0, 31.0, 61.0, 12.0, 66.0, 102.0, 6.0, 49.0, 65.0, 5.0, 40.0, 0.0, 1.0, 26.0]
Initialising G using KMeans.
Iteration: 1.
Iteration: 2.
Iteration: 3.
Iteration: 4.
Iteration: 5.
Iteration: 6.
[44.0, 4.0, 60.0, 10.0, 21.0]
Iteration 0. I-divergence: 129749.192267. MSE: 46.6447284031. Diff MSE: -46.6447284031.
Iteration 1. I-divergence: 1874.92305161. MSE: 0.970611632237. Diff MSE: 45.6741167708.
Iteration 2. I-divergence: 1630.80304182. MSE: 0.842467024528. Diff MSE: 0.128144607709.
Iteration 3. I-divergence: 1618.6317702. MSE: 0.836000936736. Diff MSE: 0.0064660877924.
Iteration 4. I-divergence: 1613.85054918. MSE: 0.833472417781. Diff MSE: 0.0025285189547.
Iteration 5. I-divergence: 1609.97187836. MSE: 0.831422776706. Diff MSE: 0.00204964107495.
Iteration 6. I-divergence: 1606.35528187. MSE: 0.82951149278. Diff MSE: 0.00191128392658.
Iteration 7. I-divergence: 1602.92521189. MSE: 0.827698495924. Diff MSE: 0.00181299685612.
Iteration 8. I-divergence: 1599.66379314. MSE: 0.825974374765. Diff MSE: 0.00172412115874.
Iteration 9. I-divergence: 1596.55991233. MSE: 0.824333292126. Diff MSE: 0.00164108263847.
Iteration 10. I-divergence: 1593.60387035. MSE: 0.822770151043. Diff MSE: 0.00156314108297.
Iteration 11. I-divergence: 1590.78673629. MSE: 0.821280257201. Diff MSE: 0.0014898938422.
Iteration 12. I-divergence: 1588.10021653. MSE: 0.819859251315. Diff MSE: 0.0014210058867.
Iteration 13. I-divergence: 1585.53659038. MSE: 0.818503075378. Diff MSE: 0.00135617593649.
Iteration 14. I-divergence: 1583.08865982. MSE: 0.817207946108. Diff MSE: 0.00129512927056.
Iteration 15. I-divergence: 1580.74970604. MSE: 0.815970331892. Diff MSE: 0.00123761421535.
Iteration 16. I-divergence: 1578.51345075. MSE: 0.814786932351. Diff MSE: 0.00118339954095.
Iteration 17. I-divergence: 1576.37402143. MSE: 0.813654660036. Diff MSE: 0.00113227231519.
Iteration 18. I-divergence: 1574.32592008. MSE: 0.81257062396. Diff MSE: 0.0010840360756.
Iteration 19. I-divergence: 1572.36399489. MSE: 0.811532114716. Diff MSE: 0.001038509244.
Iteration 20. I-divergence: 1570.48341457. MSE: 0.810536590981. Diff MSE: 0.000995523735356.
Iteration 21. I-divergence: 1568.67964495. MSE: 0.809581667253. Diff MSE: 0.000954923727848.
Iteration 22. I-divergence: 1566.94842773. MSE: 0.808665102684. Diff MSE: 0.000916564568842.
Iteration 23. I-divergence: 1565.285761. MSE: 0.807784790886. Diff MSE: 0.000880311798502.
Iteration 24. I-divergence: 1563.68788151. MSE: 0.80693875061. Diff MSE: 0.000846040275645.
Iteration 25. I-divergence: 1562.15124835. MSE: 0.806125117217. Diff MSE: 0.000813633393257.
Iteration 26. I-divergence: 1560.67252801. MSE: 0.805342134844. Diff MSE: 0.000782982372993.
Iteration 27. I-divergence: 1559.24858066. MSE: 0.804588149214. Diff MSE: 0.000753985629859.
Iteration 28. I-divergence: 1557.87644752. MSE: 0.803861601015. Diff MSE: 0.000726548198666.
Iteration 29. I-divergence: 1556.55333916. MSE: 0.8031610198. Diff MSE: 0.000700581215586.
Iteration 30. I-divergence: 1555.27662478. MSE: 0.802485018351. Diff MSE: 0.00067600144908.
Iteration 31. I-divergence: 1554.04382226. MSE: 0.801832287477. Diff MSE: 0.000652730874094.
Iteration 32. I-divergence: 1552.85258892. MSE: 0.801201591191. Diff MSE: 0.000630696285709.
Iteration 33. I-divergence: 1551.70071302. MSE: 0.800591762244. Diff MSE: 0.000609828947375.
Iteration 34. I-divergence: 1550.5861058. MSE: 0.800001697973. Diff MSE: 0.000590064270666.
Iteration 35. I-divergence: 1549.50679412. MSE: 0.79943035645. Diff MSE: 0.000571341522834.
Iteration 36. I-divergence: 1548.4609136. MSE: 0.798876752891. Diff MSE: 0.000553603559628.
Iteration 37. I-divergence: 1547.44670224. MSE: 0.79833995631. Diff MSE: 0.000536796580717.
Iteration 38. I-divergence: 1546.46249445. MSE: 0.797819086405. Diff MSE: 0.000520869905233.
Iteration 39. I-divergence: 1545.50671547. MSE: 0.797313310639. Diff MSE: 0.000505775766042.
Iteration 40. I-divergence: 1544.57787618. MSE: 0.796821841518. Diff MSE: 0.000491469120189.
Iteration 41. I-divergence: 1543.67456821. MSE: 0.796343934044. Diff MSE: 0.000477907474281.
Iteration 42. I-divergence: 1542.7954594. MSE: 0.79587888332. Diff MSE: 0.000465050723768.
Iteration 43. I-divergence: 1541.9392895. MSE: 0.795426022316. Diff MSE: 0.000452861003922.
Iteration 44. I-divergence: 1541.10486619. MSE: 0.794984719764. Diff MSE: 0.000441302552362.
Iteration 45. I-divergence: 1540.29106123. MSE: 0.794554378183. Diff MSE: 0.000430341581473.
Iteration 46. I-divergence: 1539.49680702. MSE: 0.794134432023. Diff MSE: 0.000419946159939.
Iteration 47. I-divergence: 1538.7210932. MSE: 0.79372434592. Diff MSE: 0.000410086102882.
Iteration 48. I-divergence: 1537.96296351. MSE: 0.79332361305. Diff MSE: 0.000400732869364.
Iteration 49. I-divergence: 1537.22151288. MSE: 0.792931753583. Diff MSE: 0.000391859467059.
Iteration 50. I-divergence: 1536.4958846. MSE: 0.79254831322. Diff MSE: 0.000383440363271.
Iteration 51. I-divergence: 1535.78526775. MSE: 0.792172861818. Diff MSE: 0.000375451401777.
Iteration 52. I-divergence: 1535.08889465. MSE: 0.791804992093. Diff MSE: 0.00036786972505.
Iteration 53. I-divergence: 1534.40603861. MSE: 0.791444318392. Diff MSE: 0.000360673701505.
Iteration 54. I-divergence: 1533.73601165. MSE: 0.791090475534. Diff MSE: 0.000353842857271.
Iteration 55. I-divergence: 1533.07816247. MSE: 0.790743117722. Diff MSE: 0.000347357812178.
Iteration 56. I-divergence: 1532.43187446. MSE: 0.790401917503. Diff MSE: 0.000341200219565.
Iteration 57. I-divergence: 1531.79656384. MSE: 0.790066564793. Diff MSE: 0.000335352709947.
Iteration 58. I-divergence: 1531.17167792. MSE: 0.789736765955. Diff MSE: 0.000329798837676.
Iteration 59. I-divergence: 1530.55669341. MSE: 0.789412242924. Diff MSE: 0.000324523030994.
Iteration 60. I-divergence: 1529.95111489. MSE: 0.789092732379. Diff MSE: 0.000319510544886.
Iteration 61. I-divergence: 1529.35447328. MSE: 0.788777984963. Diff MSE: 0.000314747416605.
Iteration 62. I-divergence: 1528.76632448. MSE: 0.788467764539. Diff MSE: 0.000310220423697.
Iteration 63. I-divergence: 1528.18624798. MSE: 0.788161847494. Diff MSE: 0.000305917044524.
Iteration 64. I-divergence: 1527.61384567. MSE: 0.787860022074. Diff MSE: 0.000301825420794.
Iteration 65. I-divergence: 1527.04874062. MSE: 0.787562087751. Diff MSE: 0.000297934322278.
Iteration 66. I-divergence: 1526.49057591. MSE: 0.787267854638. Diff MSE: 0.00029423311337.
Iteration 67. I-divergence: 1525.93901365. MSE: 0.786977142916. Diff MSE: 0.000290711721606.
Iteration 68. I-divergence: 1525.3937339. MSE: 0.786689782309. Diff MSE: 0.000287360607777.
Iteration 69. I-divergence: 1524.85443372. MSE: 0.786405611571. Diff MSE: 0.000284170737607.
Iteration 70. I-divergence: 1524.32082632. MSE: 0.786124478016. Diff MSE: 0.000281133555085.
Iteration 71. I-divergence: 1523.79264013. MSE: 0.785846237059. Diff MSE: 0.000278240957144.
Iteration 72. I-divergence: 1523.26961805. MSE: 0.785570751789. Diff MSE: 0.00027548526958.
Iteration 73. I-divergence: 1522.75151664. MSE: 0.785297892565. Diff MSE: 0.000272859224579.
Iteration 74. I-divergence: 1522.23810541. MSE: 0.785027536626. Diff MSE: 0.000270355938943.
Iteration 75. I-divergence: 1521.72916613. MSE: 0.784759567732. Diff MSE: 0.000267968893951.
Iteration 76. I-divergence: 1521.22449219. MSE: 0.784493875816. Diff MSE: 0.000265691915907.
Iteration 77. I-divergence: 1520.72388795. MSE: 0.784230356658. Diff MSE: 0.000263519157962.
Iteration 78. I-divergence: 1520.2271682. MSE: 0.783968911575. Diff MSE: 0.000261445082734.
Iteration 79. I-divergence: 1519.73415757. MSE: 0.783709447129. Diff MSE: 0.000259464445905.
Iteration 80. I-divergence: 1519.24469003. MSE: 0.783451874848. Diff MSE: 0.00025757228074.
Iteration 81. I-divergence: 1518.75860838. MSE: 0.783196110965. Diff MSE: 0.00025576388322.
Iteration 82. I-divergence: 1518.27576379. MSE: 0.782942076167. Diff MSE: 0.000254034798215.
Iteration 83. I-divergence: 1517.79601534. MSE: 0.782689695361. Diff MSE: 0.000252380806179.
Iteration 84. I-divergence: 1517.31922963. MSE: 0.78243889745. Diff MSE: 0.000250797910679.
Iteration 85. I-divergence: 1516.84528037. MSE: 0.782189615124. Diff MSE: 0.000249282326445.
Iteration 86. I-divergence: 1516.37404797. MSE: 0.781941784655. Diff MSE: 0.000247830468187.
Iteration 87. I-divergence: 1515.90541924. MSE: 0.781695345716. Diff MSE: 0.000246438939897.
Iteration 88. I-divergence: 1515.43928702. MSE: 0.781450241191. Diff MSE: 0.000245104524821.
Iteration 89. I-divergence: 1514.97554984. MSE: 0.781206417015. Diff MSE: 0.000243824175799.
Iteration 90. I-divergence: 1514.51411169. MSE: 0.780963822009. Diff MSE: 0.000242595006348.
Iteration 91. I-divergence: 1514.05488165. MSE: 0.780722407727. Diff MSE: 0.000241414281917.
Iteration 92. I-divergence: 1513.59777367. MSE: 0.780482128315. Diff MSE: 0.00024027941191.
Iteration 93. I-divergence: 1513.14270631. MSE: 0.780242940373. Diff MSE: 0.000239187941959.
Iteration 94. I-divergence: 1512.68960247. MSE: 0.780004802826. Diff MSE: 0.000238137546622.
Iteration 95. I-divergence: 1512.23838921. MSE: 0.779767676804. Diff MSE: 0.000237126022422.
Iteration 96. I-divergence: 1511.78899748. MSE: 0.779531525522. Diff MSE: 0.000236151281548.
Iteration 97. I-divergence: 1511.34136193. MSE: 0.779296314177. Diff MSE: 0.000235211345386.
Iteration 98. I-divergence: 1510.89542076. MSE: 0.779062009838. Diff MSE: 0.000234304338929.
Iteration 99. I-divergence: 1510.45111547. MSE: 0.778828581353. Diff MSE: 0.000233428485042.
Iteration 100. I-divergence: 1510.00839073. MSE: 0.778595999253. Diff MSE: 0.000232582099436.
Iteration 101. I-divergence: 1509.56719418. MSE: 0.778364235668. Diff MSE: 0.000231763585461.
Iteration 102. I-divergence: 1509.12747634. MSE: 0.778133264238. Diff MSE: 0.000230971429613.
Iteration 103. I-divergence: 1508.68919036. MSE: 0.777903060041. Diff MSE: 0.000230204197089.
Iteration 104. I-divergence: 1508.25229199. MSE: 0.777673599514. Diff MSE: 0.000229460527429.
Iteration 105. I-divergence: 1507.81673938. MSE: 0.777444860383. Diff MSE: 0.000228739130748.
Iteration 106. I-divergence: 1507.38249294. MSE: 0.777216821599. Diff MSE: 0.000228038783819.
Iteration 107. I-divergence: 1506.94951531. MSE: 0.776989463273. Diff MSE: 0.000227358326678.
Iteration 108. I-divergence: 1506.51777115. MSE: 0.776762766614. Diff MSE: 0.000226696659043.
Iteration 109. I-divergence: 1506.08722709. MSE: 0.776536713876. Diff MSE: 0.000226052737364.
Iteration 110. I-divergence: 1505.6578516. MSE: 0.776311288304. Diff MSE: 0.000225425571701.
Iteration 111. I-divergence: 1505.22961493. MSE: 0.776086474082. Diff MSE: 0.000224814222873.
Iteration 112. I-divergence: 1504.802489. MSE: 0.775862256282. Diff MSE: 0.00022421779982.
Iteration 113. I-divergence: 1504.37644728. MSE: 0.775638620825. Diff MSE: 0.000223635457003.
Iteration 114. I-divergence: 1503.95146479. MSE: 0.775415554433. Diff MSE: 0.000223066392083.
Iteration 115. I-divergence: 1503.52751795. MSE: 0.775193044589. Diff MSE: 0.000222509843522.
Iteration 116. I-divergence: 1503.10458453. MSE: 0.774971079501. Diff MSE: 0.000221965088614.
Iteration 117. I-divergence: 1502.6826436. MSE: 0.774749648059. Diff MSE: 0.000221431441235.
Iteration 118. I-divergence: 1502.26167544. MSE: 0.774528739809. Diff MSE: 0.000220908250097.
Iteration 119. I-divergence: 1501.8416615. MSE: 0.774308344912. Diff MSE: 0.000220394896832.
Iteration 120. I-divergence: 1501.42258433. MSE: 0.774088454118. Diff MSE: 0.000219890794354.
Iteration 121. I-divergence: 1501.00442752. MSE: 0.773869058733. Diff MSE: 0.000219395385136.
Iteration 122. I-divergence: 1500.58717564. MSE: 0.773650150593. Diff MSE: 0.00021890813975.
Iteration 123. I-divergence: 1500.17081422. MSE: 0.773431722038. Diff MSE: 0.000218428555364.
Iteration 124. I-divergence: 1499.75532969. MSE: 0.773213765883. Diff MSE: 0.000217956154462.
Iteration 125. I-divergence: 1499.34070931. MSE: 0.7729962754. Diff MSE: 0.000217490483385.
Iteration 126. I-divergence: 1498.92694117. MSE: 0.772779244289. Diff MSE: 0.000217031111267.
Iteration 127. I-divergence: 1498.51401412. MSE: 0.77256266666. Diff MSE: 0.000216577628738.
Iteration 128. I-divergence: 1498.10191774. MSE: 0.772346537013. Diff MSE: 0.000216129646976.
Iteration 129. I-divergence: 1497.69064229. MSE: 0.772130850216. Diff MSE: 0.000215686796485.
Iteration 130. I-divergence: 1497.28017871. MSE: 0.77191560149. Diff MSE: 0.000215248726298.
Iteration 131. I-divergence: 1496.87051855. MSE: 0.771700786387. Diff MSE: 0.000214815102879.
Iteration 132. I-divergence: 1496.46165398. MSE: 0.771486400778. Diff MSE: 0.000214385609404.
Iteration 133. I-divergence: 1496.0535777. MSE: 0.771272440833. Diff MSE: 0.000213959944786.
Iteration 134. I-divergence: 1495.64628297. MSE: 0.77105890301. Diff MSE: 0.000213537822986.
Iteration 135. I-divergence: 1495.23976357. MSE: 0.770845784038. Diff MSE: 0.000213118972256.
Iteration 136. I-divergence: 1494.83401374. MSE: 0.770633080903. Diff MSE: 0.000212703134384.
Iteration 137. I-divergence: 1494.4290282. MSE: 0.770420790839. Diff MSE: 0.000212290064091.
Iteration 138. I-divergence: 1494.0248021. MSE: 0.770208911311. Diff MSE: 0.000211879528342.
Iteration 139. I-divergence: 1493.621331. MSE: 0.769997440005. Diff MSE: 0.000211471305801.
Iteration 140. I-divergence: 1493.21861089. MSE: 0.769786374819. Diff MSE: 0.000211065186269.
Iteration 141. I-divergence: 1492.81663809. MSE: 0.769575713849. Diff MSE: 0.000210660970104.
Iteration 142. I-divergence: 1492.41540931. MSE: 0.769365455381. Diff MSE: 0.000210258467716.
Iteration 143. I-divergence: 1492.01492158. MSE: 0.769155597882. Diff MSE: 0.000209857499184.
Iteration 144. I-divergence: 1491.61517226. MSE: 0.768946139988. Diff MSE: 0.000209457893661.
Iteration 145. I-divergence: 1491.21615903. MSE: 0.768737080499. Diff MSE: 0.000209059489058.
Iteration 146. I-divergence: 1490.81787984. MSE: 0.768528418368. Diff MSE: 0.000208662131621.
Iteration 147. I-divergence: 1490.42033292. MSE: 0.768320152692. Diff MSE: 0.000208265675434.
Iteration 148. I-divergence: 1490.02351677. MSE: 0.76811228271. Diff MSE: 0.00020786998224.
Iteration 149. I-divergence: 1489.62743012. MSE: 0.767904807789. Diff MSE: 0.000207474920979.
Iteration 150. I-divergence: 1489.23207196. MSE: 0.767697727422. Diff MSE: 0.000207080367423.
Iteration 151. I-divergence: 1488.83744149. MSE: 0.767491041218. Diff MSE: 0.000206686203971.
Iteration 152. I-divergence: 1488.44353812. MSE: 0.767284748898. Diff MSE: 0.000206292319326.
Iteration 153. I-divergence: 1488.05036146. MSE: 0.76707885029. Diff MSE: 0.000205898608186.
Iteration 154. I-divergence: 1487.6579113. MSE: 0.766873345319. Diff MSE: 0.000205504970936.
Iteration 155. I-divergence: 1487.26618764. MSE: 0.766668234006. Diff MSE: 0.000205111313529.
Iteration 156. I-divergence: 1486.87519062. MSE: 0.766463516458. Diff MSE: 0.000204717547162.
Iteration 157. I-divergence: 1486.48492055. MSE: 0.76625919287. Diff MSE: 0.000204323588008.
Iteration 158. I-divergence: 1486.09537788. MSE: 0.766055263513. Diff MSE: 0.000203929357113.
Iteration 159. I-divergence: 1485.70656323. MSE: 0.765851728733. Diff MSE: 0.000203534780114.
Iteration 160. I-divergence: 1485.31847731. MSE: 0.765648588946. Diff MSE: 0.000203139787028.
Iteration 161. I-divergence: 1484.931121. MSE: 0.765445844634. Diff MSE: 0.000202744312199.
Iteration 162. I-divergence: 1484.54449528. MSE: 0.76524349634. Diff MSE: 0.000202348293905.
Iteration 163. I-divergence: 1484.15860122. MSE: 0.765041544666. Diff MSE: 0.000201951674411.
Iteration 164. I-divergence: 1483.77344004. MSE: 0.764839990266. Diff MSE: 0.000201554399699.
Iteration 165. I-divergence: 1483.38901302. MSE: 0.764638833847. Diff MSE: 0.000201156419305.
Iteration 166. I-divergence: 1483.00532154. MSE: 0.76443807616. Diff MSE: 0.000200757686235.
Iteration 167. I-divergence: 1482.62236707. MSE: 0.764237718004. Diff MSE: 0.000200358156738.
Iteration 168. I-divergence: 1482.24015116. MSE: 0.764037760213. Diff MSE: 0.000199957790393.
Iteration 169. I-divergence: 1481.85867542. MSE: 0.763838203664. Diff MSE: 0.00019955654961.
Iteration 170. I-divergence: 1481.47794155. MSE: 0.763639049264. Diff MSE: 0.000199154399909.
Iteration 171. I-divergence: 1481.09795129. MSE: 0.763440297954. Diff MSE: 0.000198751309542.
Iteration 172. I-divergence: 1480.71870645. MSE: 0.763241950705. Diff MSE: 0.000198347249505.
Iteration 173. I-divergence: 1480.34020889. MSE: 0.763044008511. Diff MSE: 0.000197942193387.
Iteration 174. I-divergence: 1479.96246051. MSE: 0.762846472394. Diff MSE: 0.000197536117294.
Iteration 175. I-divergence: 1479.58546327. MSE: 0.762649343394. Diff MSE: 0.000197128999734.
Iteration 176. I-divergence: 1479.20921916. MSE: 0.762452622573. Diff MSE: 0.000196720821575.
Iteration 177. I-divergence: 1478.83373019. MSE: 0.762256311007. Diff MSE: 0.000196311565911.
Iteration 178. I-divergence: 1478.45899842. MSE: 0.762060409789. Diff MSE: 0.000195901217957.
Iteration 179. I-divergence: 1478.08502594. MSE: 0.761864920024. Diff MSE: 0.000195489765085.
Iteration 180. I-divergence: 1477.71181485. MSE: 0.761669842827. Diff MSE: 0.000195077196594.
Iteration 181. I-divergence: 1477.33936726. MSE: 0.761475179323. Diff MSE: 0.000194663503751.
Iteration 182. I-divergence: 1476.96768533. MSE: 0.761280930644. Diff MSE: 0.000194248679676.
Iteration 183. I-divergence: 1476.5967712. MSE: 0.761087097924. Diff MSE: 0.000193832719285.
Iteration 184. I-divergence: 1476.22662702. MSE: 0.760893682305. Diff MSE: 0.000193415619224.
Iteration 185. I-divergence: 1475.85725498. MSE: 0.760700684927. Diff MSE: 0.000192997377787.
Iteration 186. I-divergence: 1475.48865723. MSE: 0.760508106933. Diff MSE: 0.000192577994939.
Iteration 187. I-divergence: 1475.12083596. MSE: 0.76031594946. Diff MSE: 0.000192157472073.
Iteration 188. I-divergence: 1474.75379332. MSE: 0.760124213648. Diff MSE: 0.000191735812208.
Iteration 189. I-divergence: 1474.38753148. MSE: 0.759932900629. Diff MSE: 0.000191313019706.
Iteration 190. I-divergence: 1474.02205259. MSE: 0.759742011528. Diff MSE: 0.00019088910037.
Iteration 191. I-divergence: 1473.6573588. MSE: 0.759551547467. Diff MSE: 0.000190464061334.
Iteration 192. I-divergence: 1473.29345225. MSE: 0.759361509556. Diff MSE: 0.000190037910974.
Iteration 193. I-divergence: 1472.93033504. MSE: 0.759171898897. Diff MSE: 0.000189610658951.
Iteration 194. I-divergence: 1472.56800927. MSE: 0.758982716581. Diff MSE: 0.000189182316153.
Iteration 195. I-divergence: 1472.20647703. MSE: 0.758793963686. Diff MSE: 0.000188752894536.
Iteration 196. I-divergence: 1471.84574037. MSE: 0.758605641279. Diff MSE: 0.0001883224072.
Iteration 197. I-divergence: 1471.48580132. MSE: 0.758417750411. Diff MSE: 0.000187890868397.
Iteration 198. I-divergence: 1471.1266619. MSE: 0.758230292117. Diff MSE: 0.000187458293216.
Iteration 199. I-divergence: 1470.76832409. MSE: 0.758043267419. Diff MSE: 0.000187024697945.
Iteration 200. I-divergence: 1470.41078984. MSE: 0.75785667732. Diff MSE: 0.00018659009967.
Iteration 201. I-divergence: 1470.05406106. MSE: 0.757670522803. Diff MSE: 0.000186154516441.
Iteration 202. I-divergence: 1469.69813966. MSE: 0.757484804836. Diff MSE: 0.000185717967192.
Iteration 203. I-divergence: 1469.34302747. MSE: 0.757299524364. Diff MSE: 0.000185280471701.
Iteration 204. I-divergence: 1468.98872632. MSE: 0.757114682314. Diff MSE: 0.000184842050518.
Iteration 205. I-divergence: 1468.635238. MSE: 0.756930279589. Diff MSE: 0.00018440272497.
Iteration 206. I-divergence: 1468.28256424. MSE: 0.756746317072. Diff MSE: 0.000183962517175.
Iteration 207. I-divergence: 1467.93070675. MSE: 0.756562795622. Diff MSE: 0.000183521449868.
Iteration 208. I-divergence: 1467.57966719. MSE: 0.756379716075. Diff MSE: 0.000183079546536.
Iteration 209. I-divergence: 1467.22944718. MSE: 0.756197079244. Diff MSE: 0.000182636831287.
Iteration 210. I-divergence: 1466.88004829. MSE: 0.756014885915. Diff MSE: 0.0001821933288.
Iteration 211. I-divergence: 1466.53147206. MSE: 0.755833136851. Diff MSE: 0.000181749064423.
Iteration 212. I-divergence: 1466.18371997. MSE: 0.755651832787. Diff MSE: 0.000181304063974.
Iteration 213. I-divergence: 1465.83679346. MSE: 0.755470974433. Diff MSE: 0.000180858353836.
Iteration 214. I-divergence: 1465.49069392. MSE: 0.755290562472. Diff MSE: 0.000180411960914.
Iteration 215. I-divergence: 1465.14542269. MSE: 0.75511059756. Diff MSE: 0.00017996491253.
Iteration 216. I-divergence: 1464.80098108. MSE: 0.754931080323. Diff MSE: 0.00017951723648.
Iteration 217. I-divergence: 1464.45737031. MSE: 0.754752011362. Diff MSE: 0.000179068961038.
Iteration 218. I-divergence: 1464.11459158. MSE: 0.754573391247. Diff MSE: 0.000178620114729.
Iteration 219. I-divergence: 1463.77264604. MSE: 0.754395220521. Diff MSE: 0.000178170726576.
Iteration 220. I-divergence: 1463.43153476. MSE: 0.754217499695. Diff MSE: 0.000177720825914.
Iteration 221. I-divergence: 1463.09125879. MSE: 0.754040229253. Diff MSE: 0.000177270442348.
Iteration 222. I-divergence: 1462.7518191. MSE: 0.753863409647. Diff MSE: 0.00017681960583.
Iteration 223. I-divergence: 1462.41321663. MSE: 0.7536870413. Diff MSE: 0.000176368346582.
Iteration 224. I-divergence: 1462.07545223. MSE: 0.753511124605. Diff MSE: 0.000175916695071.
Iteration 225. I-divergence: 1461.73852674. MSE: 0.753335659923. Diff MSE: 0.000175464681926.
Iteration 226. I-divergence: 1461.40244091. MSE: 0.753160647585. Diff MSE: 0.00017501233809.
Iteration 227. I-divergence: 1461.06719545. MSE: 0.75298608789. Diff MSE: 0.000174559694656.
Iteration 228. I-divergence: 1460.732791. MSE: 0.752811981108. Diff MSE: 0.000174106782801.
Iteration 229. I-divergence: 1460.39922817. MSE: 0.752638327474. Diff MSE: 0.000173653633939.
Iteration 230. I-divergence: 1460.06650748. MSE: 0.752465127194. Diff MSE: 0.000173200279579.
Iteration 231. I-divergence: 1459.73462942. MSE: 0.752292380443. Diff MSE: 0.000172746751336.
Iteration 232. I-divergence: 1459.40359441. MSE: 0.752120087362. Diff MSE: 0.000172293080824.
Iteration 233. I-divergence: 1459.0734028. MSE: 0.751948248062. Diff MSE: 0.000171839299871.
Iteration 234. I-divergence: 1458.74405492. MSE: 0.751776862622. Diff MSE: 0.000171385440245.
Iteration 235. I-divergence: 1458.41555101. MSE: 0.751605931088. Diff MSE: 0.000170931533739.
Iteration 236. I-divergence: 1458.08789125. MSE: 0.751435453476. Diff MSE: 0.000170477612207.
Iteration 237. I-divergence: 1457.76107579. MSE: 0.751265429768. Diff MSE: 0.000170023707468.
Iteration 238. I-divergence: 1457.4351047. MSE: 0.751095859917. Diff MSE: 0.000169569851245.
Iteration 239. I-divergence: 1457.10997801. MSE: 0.750926743842. Diff MSE: 0.000169116075385.
Iteration 240. I-divergence: 1456.78569567. MSE: 0.75075808143. Diff MSE: 0.000168662411513.
Iteration 241. I-divergence: 1456.46225758. MSE: 0.750589872539. Diff MSE: 0.000168208891221.
Iteration 242. I-divergence: 1456.1396636. MSE: 0.750422116993. Diff MSE: 0.000167755546079.
Iteration 243. I-divergence: 1455.81791351. MSE: 0.750254814586. Diff MSE: 0.000167302407422.
Iteration 244. I-divergence: 1455.49700705. MSE: 0.750087965079. Diff MSE: 0.000166849506594.
Iteration 245. I-divergence: 1455.17694389. MSE: 0.749921568204. Diff MSE: 0.000166396874749.
Iteration 246. I-divergence: 1454.85772365. MSE: 0.749755623661. Diff MSE: 0.00016594454283.
Iteration 247. I-divergence: 1454.53934591. MSE: 0.74959013112. Diff MSE: 0.00016549254171.
Iteration 248. I-divergence: 1454.22181015. MSE: 0.749425090218. Diff MSE: 0.000165040902011.
Iteration 249. I-divergence: 1453.90511585. MSE: 0.749260500563. Diff MSE: 0.00016458965422.
Iteration 250. I-divergence: 1453.58926239. MSE: 0.749096361735. Diff MSE: 0.000164138828593.
Iteration 251. I-divergence: 1453.27424911. MSE: 0.74893267328. Diff MSE: 0.000163688455155.
Iteration 252. I-divergence: 1452.96007531. MSE: 0.748769434716. Diff MSE: 0.000163238563724.
Iteration 253. I-divergence: 1452.64674022. MSE: 0.748606645532. Diff MSE: 0.00016278918385.
Iteration 254. I-divergence: 1452.33424301. MSE: 0.748444305187. Diff MSE: 0.000162340344886.
Iteration 255. I-divergence: 1452.02258282. MSE: 0.748282413111. Diff MSE: 0.000161892075852.
Iteration 256. I-divergence: 1451.71175872. MSE: 0.748120968706. Diff MSE: 0.000161444405578.
Iteration 257. I-divergence: 1451.40176973. MSE: 0.747959971343. Diff MSE: 0.000160997362513.
Iteration 258. I-divergence: 1451.09261482. MSE: 0.747799420368. Diff MSE: 0.000160550974863.
Iteration 259. I-divergence: 1450.7842929. MSE: 0.747639315098. Diff MSE: 0.000160105270583.
Iteration 260. I-divergence: 1450.47680286. MSE: 0.747479654821. Diff MSE: 0.000159660277227.
Iteration 261. I-divergence: 1450.1701435. MSE: 0.747320438799. Diff MSE: 0.000159216022043.
Iteration 262. I-divergence: 1449.86431359. MSE: 0.747161666267. Diff MSE: 0.000158772532005.
Iteration 263. I-divergence: 1449.55931186. MSE: 0.747003336433. Diff MSE: 0.000158329833743.
Iteration 264. I-divergence: 1449.25513696. MSE: 0.746845448479. Diff MSE: 0.000157887953453.
Iteration 265. I-divergence: 1448.95178754. MSE: 0.746688001562. Diff MSE: 0.000157446917058.
Iteration 266. I-divergence: 1448.64926216. MSE: 0.746530994812. Diff MSE: 0.000157006750179.
Iteration 267. I-divergence: 1448.34755935. MSE: 0.746374427334. Diff MSE: 0.000156567477915.
Iteration 268. I-divergence: 1448.0466776. MSE: 0.746218298209. Diff MSE: 0.000156129125113.
Iteration 269. I-divergence: 1447.74661534. MSE: 0.746062606493. Diff MSE: 0.000155691716196.
Iteration 270. I-divergence: 1447.44737097. MSE: 0.745907351218. Diff MSE: 0.000155255275216.
Iteration 271. I-divergence: 1447.14894283. MSE: 0.745752531392. Diff MSE: 0.000154819825848.
Iteration 272. I-divergence: 1446.85132925. MSE: 0.745598146. Diff MSE: 0.000154385391349.
Iteration 273. I-divergence: 1446.55452847. MSE: 0.745444194006. Diff MSE: 0.000153951994584.
Iteration 274. I-divergence: 1446.25853872. MSE: 0.745290674348. Diff MSE: 0.000153519658018.
Iteration 275. I-divergence: 1445.96335819. MSE: 0.745137585944. Diff MSE: 0.000153088403714.
Iteration 276. I-divergence: 1445.66898501. MSE: 0.744984927691. Diff MSE: 0.000152658253333.
Iteration 277. I-divergence: 1445.37541729. MSE: 0.744832698463. Diff MSE: 0.000152229228078.
Iteration 278. I-divergence: 1445.08265309. MSE: 0.744680897114. Diff MSE: 0.000151801348809.
Iteration 279. I-divergence: 1444.79069044. MSE: 0.744529522478. Diff MSE: 0.000151374635847.
Iteration 280. I-divergence: 1444.49952732. MSE: 0.744378573369. Diff MSE: 0.000150949109245.
Iteration 281. I-divergence: 1444.20916167. MSE: 0.74422804858. Diff MSE: 0.000150524788518.
Iteration 282. I-divergence: 1443.91959143. MSE: 0.744077946888. Diff MSE: 0.000150101692775.
Iteration 283. I-divergence: 1443.63081446. MSE: 0.743928267047. Diff MSE: 0.000149679840714.
Iteration 284. I-divergence: 1443.34282862. MSE: 0.743779007796. Diff MSE: 0.000149259250618.
Iteration 285. I-divergence: 1443.05563171. MSE: 0.743630167856. Diff MSE: 0.000148839940283.
Iteration 286. I-divergence: 1442.76922152. MSE: 0.743481745929. Diff MSE: 0.000148421927128.
Iteration 287. I-divergence: 1442.48359578. MSE: 0.743333740701. Diff MSE: 0.000148005228112.
Iteration 288. I-divergence: 1442.19875222. MSE: 0.743186150841. Diff MSE: 0.000147589859762.
Iteration 289. I-divergence: 1441.91468853. MSE: 0.743038975003. Diff MSE: 0.000147175838174.
Iteration 290. I-divergence: 1441.63140235. MSE: 0.742892211824. Diff MSE: 0.000146763179006.
Iteration 291. I-divergence: 1441.34889132. MSE: 0.742745859926. Diff MSE: 0.000146351897519.
Iteration 292. I-divergence: 1441.06715302. MSE: 0.742599917918. Diff MSE: 0.000145942008476.
Iteration 293. I-divergence: 1440.78618504. MSE: 0.742454384392. Diff MSE: 0.000145533526234.
Iteration 294. I-divergence: 1440.50598492. MSE: 0.742309257927. Diff MSE: 0.000145126464734.
Iteration 295. I-divergence: 1440.22655018. MSE: 0.742164537089. Diff MSE: 0.000144720837515.
Iteration 296. I-divergence: 1439.9478783. MSE: 0.742020220432. Diff MSE: 0.000144316657612.
Iteration 297. I-divergence: 1439.66996677. MSE: 0.741876306494. Diff MSE: 0.00014391393767.
Iteration 298. I-divergence: 1439.39281301. MSE: 0.741732793804. Diff MSE: 0.000143512689921.
Iteration 299. I-divergence: 1439.11641447. MSE: 0.741589680878. Diff MSE: 0.000143112926166.
Iteration 300. I-divergence: 1438.84076853. MSE: 0.74144696622. Diff MSE: 0.000142714657762.
Iteration 301. I-divergence: 1438.56587258. MSE: 0.741304648324. Diff MSE: 0.000142317895706.
Iteration 302. I-divergence: 1438.29172397. MSE: 0.741162725674. Diff MSE: 0.000141922650489.
Iteration 303. I-divergence: 1438.01832004. MSE: 0.741021196742. Diff MSE: 0.000141528932262.
Iteration 304. I-divergence: 1437.74565812. MSE: 0.740880059991. Diff MSE: 0.000141136750741.
Iteration 305. I-divergence: 1437.4737355. MSE: 0.740739313876. Diff MSE: 0.000140746115203.
Iteration 306. I-divergence: 1437.20254946. MSE: 0.740598956841. Diff MSE: 0.000140357034599.
Iteration 307. I-divergence: 1436.93209728. MSE: 0.740458987324. Diff MSE: 0.000139969517378.
Iteration 308. I-divergence: 1436.66237621. MSE: 0.740319403752. Diff MSE: 0.000139583571671.
Iteration 309. I-divergence: 1436.39338347. MSE: 0.740180204547. Diff MSE: 0.000139199205171.
Iteration 310. I-divergence: 1436.12511629. MSE: 0.740041388122. Diff MSE: 0.0001388164252.
Iteration 311. I-divergence: 1435.85757188. MSE: 0.739902952883. Diff MSE: 0.00013843523863.
Iteration 312. I-divergence: 1435.59074742. MSE: 0.739764897231. Diff MSE: 0.000138055652083.
Iteration 313. I-divergence: 1435.3246401. MSE: 0.739627219559. Diff MSE: 0.000137677671663.
Iteration 314. I-divergence: 1435.05924709. MSE: 0.739489918256. Diff MSE: 0.00013730130317.
Iteration 315. I-divergence: 1434.79456553. MSE: 0.739352991704. Diff MSE: 0.000136926552019.
Iteration 316. I-divergence: 1434.53059258. MSE: 0.739216438281. Diff MSE: 0.000136553423231.
Iteration 317. I-divergence: 1434.26732537. MSE: 0.739080256359. Diff MSE: 0.000136181921512.
Iteration 318. I-divergence: 1434.00476103. MSE: 0.738944444308. Diff MSE: 0.000135812051166.
Iteration 319. I-divergence: 1433.74289668. MSE: 0.738809000492. Diff MSE: 0.000135443816169.
Iteration 320. I-divergence: 1433.48172941. MSE: 0.738673923272. Diff MSE: 0.000135077220138.
Iteration 321. I-divergence: 1433.22125634. MSE: 0.738539211006. Diff MSE: 0.000134712266324.
Iteration 322. I-divergence: 1432.96147456. MSE: 0.738404862048. Diff MSE: 0.000134348957669.
Iteration 323. I-divergence: 1432.70238116. MSE: 0.738270874751. Diff MSE: 0.000133987296764.
Iteration 324. I-divergence: 1432.44397321. MSE: 0.738137247465. Diff MSE: 0.000133627285885.
Iteration 325. I-divergence: 1432.18624781. MSE: 0.738003978538. Diff MSE: 0.000133268926938.
Iteration 326. I-divergence: 1431.92920201. MSE: 0.737871066317. Diff MSE: 0.000132912221548.
Iteration 327. I-divergence: 1431.6728329. MSE: 0.737738509146. Diff MSE: 0.000132557171011.
Iteration 328. I-divergence: 1431.41713752. MSE: 0.737606305369. Diff MSE: 0.000132203776336.
Iteration 329. I-divergence: 1431.16211296. MSE: 0.737474453331. Diff MSE: 0.00013185203814.
Iteration 330. I-divergence: 1430.90775626. MSE: 0.737342951374. Diff MSE: 0.000131501956878.
Iteration 331. I-divergence: 1430.65406448. MSE: 0.737211797842. Diff MSE: 0.00013115353253.
Iteration 332. I-divergence: 1430.40103469. MSE: 0.737080991077. Diff MSE: 0.000130806764987.
Iteration 333. I-divergence: 1430.14866394. MSE: 0.736950529423. Diff MSE: 0.000130461653678.
Iteration 334. I-divergence: 1429.89694929. MSE: 0.736820411225. Diff MSE: 0.000130118197835.
Iteration 335. I-divergence: 1429.64588779. MSE: 0.736690634829. Diff MSE: 0.000129776396408.
Iteration 336. I-divergence: 1429.3954765. MSE: 0.736561198581. Diff MSE: 0.000129436248081.
Iteration 337. I-divergence: 1429.14571248. MSE: 0.73643210083. Diff MSE: 0.000129097751221.
Iteration 338. I-divergence: 1428.89659279. MSE: 0.736303339926. Diff MSE: 0.000128760903998.
Iteration 339. I-divergence: 1428.64811449. MSE: 0.736174914221. Diff MSE: 0.000128425704285.
Iteration 340. I-divergence: 1428.40027465. MSE: 0.736046822072. Diff MSE: 0.000128092149719.
Iteration 341. I-divergence: 1428.15307033. MSE: 0.735919061834. Diff MSE: 0.0001277602377.
Iteration 342. I-divergence: 1427.90649862. MSE: 0.735791631869. Diff MSE: 0.000127429965345.
Iteration 343. I-divergence: 1427.66055658. MSE: 0.735664530539. Diff MSE: 0.000127101329595.
Iteration 344. I-divergence: 1427.4152413. MSE: 0.735537756212. Diff MSE: 0.000126774327114.
Iteration 345. I-divergence: 1427.17054986. MSE: 0.735411307258. Diff MSE: 0.000126448954376.
Iteration 346. I-divergence: 1426.92647935. MSE: 0.73528518205. Diff MSE: 0.000126125207573.
Iteration 347. I-divergence: 1426.68302687. MSE: 0.735159378967. Diff MSE: 0.000125803082777.
Iteration 348. I-divergence: 1426.44018953. MSE: 0.735033896391. Diff MSE: 0.000125482575747.
Iteration 349. I-divergence: 1426.19796442. MSE: 0.734908732709. Diff MSE: 0.000125163682091.
Iteration 350. I-divergence: 1425.95634867. MSE: 0.734783886312. Diff MSE: 0.000124846397242.
Iteration 351. I-divergence: 1425.71533941. MSE: 0.734659355596. Diff MSE: 0.000124530716371.
Iteration 352. I-divergence: 1425.47493375. MSE: 0.734535138961. Diff MSE: 0.000124216634458.
Iteration 353. I-divergence: 1425.23512884. MSE: 0.734411234815. Diff MSE: 0.000123904146414.
Iteration 354. I-divergence: 1424.99592183. MSE: 0.734287641568. Diff MSE: 0.000123593246812.
Iteration 355. I-divergence: 1424.75730987. MSE: 0.734164357638. Diff MSE: 0.000123283930114.
Iteration 356. I-divergence: 1424.51929012. MSE: 0.734041381447. Diff MSE: 0.000122976190635.
Iteration 357. I-divergence: 1424.28185977. MSE: 0.733918711425. Diff MSE: 0.000122670022488.
Iteration 358. I-divergence: 1424.04501598. MSE: 0.733796346005. Diff MSE: 0.000122365419666.
Iteration 359. I-divergence: 1423.80875596. MSE: 0.733674283629. Diff MSE: 0.000122062375897.
Iteration 360. I-divergence: 1423.5730769. MSE: 0.733552522744. Diff MSE: 0.000121760884882.
Iteration 361. I-divergence: 1423.33797603. MSE: 0.733431061804. Diff MSE: 0.000121460940092.
Iteration 362. I-divergence: 1423.10345055. MSE: 0.733309899269. Diff MSE: 0.000121162534896.
Iteration 363. I-divergence: 1422.86949771. MSE: 0.733189033607. Diff MSE: 0.000120865662495.
Iteration 364. I-divergence: 1422.63611476. MSE: 0.733068463291. Diff MSE: 0.000120570315939.
Iteration 365. I-divergence: 1422.40329894. MSE: 0.732948186803. Diff MSE: 0.00012027648819.
Iteration 366. I-divergence: 1422.17104754. MSE: 0.732828202631. Diff MSE: 0.000119984172035.
Iteration 367. I-divergence: 1421.93935782. MSE: 0.732708509271. Diff MSE: 0.000119693360164.
Iteration 368. I-divergence: 1421.70822709. MSE: 0.732589105225. Diff MSE: 0.000119404045186.
Iteration 369. I-divergence: 1421.47765264. MSE: 0.732469989006. Diff MSE: 0.000119116219445.
Iteration 370. I-divergence: 1421.24763179. MSE: 0.732351159131. Diff MSE: 0.00011882987538.
Iteration 371. I-divergence: 1421.01816188. MSE: 0.732232614125. Diff MSE: 0.000118545005158.
Iteration 372. I-divergence: 1420.78924025. MSE: 0.732114352524. Diff MSE: 0.000118261600919.
Iteration 373. I-divergence: 1420.56086425. MSE: 0.73199637287. Diff MSE: 0.000117979654675.
Iteration 374. I-divergence: 1420.33303126. MSE: 0.731878673711. Diff MSE: 0.000117699158356.
Iteration 375. I-divergence: 1420.10573865. MSE: 0.731761253608. Diff MSE: 0.000117420103762.
Iteration 376. I-divergence: 1419.87898383. MSE: 0.731644111125. Diff MSE: 0.000117142482676.
Iteration 377. I-divergence: 1419.6527642. MSE: 0.731527244838. Diff MSE: 0.000116866286725.
Iteration 378. I-divergence: 1419.42707719. MSE: 0.731410653331. Diff MSE: 0.000116591507497.
Iteration 379. I-divergence: 1419.20192024. MSE: 0.731294335194. Diff MSE: 0.000116318136423.
Iteration 380. I-divergence: 1418.97729081. MSE: 0.731178289029. Diff MSE: 0.000116046165005.
Iteration 381. I-divergence: 1418.75318635. MSE: 0.731062513445. Diff MSE: 0.000115775584521.
Iteration 382. I-divergence: 1418.52960435. MSE: 0.730947007059. Diff MSE: 0.000115506386273.
Iteration 383. I-divergence: 1418.30654232. MSE: 0.730831768497. Diff MSE: 0.000115238561448.
Iteration 384. I-divergence: 1418.08399776. MSE: 0.730716796396. Diff MSE: 0.000114972101197.
Iteration 385. I-divergence: 1417.86196819. MSE: 0.730602089399. Diff MSE: 0.000114706996619.
Iteration 386. I-divergence: 1417.64045117. MSE: 0.730487646161. Diff MSE: 0.000114443238723.
Iteration 387. I-divergence: 1417.41944424. MSE: 0.730373465342. Diff MSE: 0.00011418081848.
Iteration 388. I-divergence: 1417.19894499. MSE: 0.730259545615. Diff MSE: 0.000113919726855.
Iteration 389. I-divergence: 1416.97895099. MSE: 0.730145885661. Diff MSE: 0.000113659954652.
Iteration 390. I-divergence: 1416.75945986. MSE: 0.730032484168. Diff MSE: 0.000113401492768.
Iteration 391. I-divergence: 1416.54046921. MSE: 0.729919339836. Diff MSE: 0.000113144331951.
Iteration 392. I-divergence: 1416.32197668. MSE: 0.729806451373. Diff MSE: 0.000112888462996.
Iteration 393. I-divergence: 1416.10397991. MSE: 0.729693817496. Diff MSE: 0.000112633876548.
Iteration 394. I-divergence: 1415.88647657. MSE: 0.729581436933. Diff MSE: 0.000112380563346.
Iteration 395. I-divergence: 1415.66946436. MSE: 0.729469308419. Diff MSE: 0.000112128514028.
Iteration 396. I-divergence: 1415.45294095. MSE: 0.7293574307. Diff MSE: 0.0001118777192.
Iteration 397. I-divergence: 1415.23690408. MSE: 0.72924580253. Diff MSE: 0.000111628169463.
Iteration 398. I-divergence: 1415.02135146. MSE: 0.729134422675. Diff MSE: 0.000111379855388.
Iteration 399. I-divergence: 1414.80628085. MSE: 0.729023289907. Diff MSE: 0.000111132767543.
Iteration 400. I-divergence: 1414.59169001. MSE: 0.728912403011. Diff MSE: 0.000110886896419.
Iteration 401. I-divergence: 1414.37757672. MSE: 0.728801760778. Diff MSE: 0.00011064223257.
Iteration 402. I-divergence: 1414.16393877. MSE: 0.728691362012. Diff MSE: 0.000110398766492.
Iteration 403. I-divergence: 1413.95077397. MSE: 0.728581205523. Diff MSE: 0.000110156488652.
Iteration 404. I-divergence: 1413.73808015. MSE: 0.728471290134. Diff MSE: 0.000109915389532.
Iteration 405. I-divergence: 1413.52585516. MSE: 0.728361614674. Diff MSE: 0.000109675459635.
Iteration 406. I-divergence: 1413.31409686. MSE: 0.728252177985. Diff MSE: 0.000109436689385.
Iteration 407. I-divergence: 1413.10280312. MSE: 0.728142978915. Diff MSE: 0.000109199069298.
Iteration 408. I-divergence: 1412.89197183. MSE: 0.728034016326. Diff MSE: 0.000108962589767.
Iteration 409. I-divergence: 1412.68160092. MSE: 0.727925289084. Diff MSE: 0.000108727241304.
Iteration 410. I-divergence: 1412.47168829. MSE: 0.72781679607. Diff MSE: 0.000108493014379.
Iteration 411. I-divergence: 1412.2622319. MSE: 0.72770853617. Diff MSE: 0.000108259899453.
Iteration 412. I-divergence: 1412.05322971. MSE: 0.727600508284. Diff MSE: 0.000108027886936.
Iteration 413. I-divergence: 1411.84467968. MSE: 0.727492711316. Diff MSE: 0.000107796967418.
Iteration 414. I-divergence: 1411.63657981. MSE: 0.727385144185. Diff MSE: 0.000107567131318.
Iteration 415. I-divergence: 1411.42892812. MSE: 0.727277805816. Diff MSE: 0.000107338369183.
Iteration 416. I-divergence: 1411.22172262. MSE: 0.727170695144. Diff MSE: 0.000107110671488.
Iteration 417. I-divergence: 1411.01496135. MSE: 0.727063811115. Diff MSE: 0.000106884028816.
Iteration 418. I-divergence: 1410.80864238. MSE: 0.726957152684. Diff MSE: 0.000106658431667.
Iteration 419. I-divergence: 1410.60276377. MSE: 0.726850718813. Diff MSE: 0.00010643387063.
Iteration 420. I-divergence: 1410.39732362. MSE: 0.726744508477. Diff MSE: 0.000106210336305.
Iteration 421. I-divergence: 1410.19232003. MSE: 0.726638520657. Diff MSE: 0.000105987819283.
Iteration 422. I-divergence: 1409.98775113. MSE: 0.726532754347. Diff MSE: 0.000105766310198.
Iteration 423. I-divergence: 1409.78361505. MSE: 0.726427208548. Diff MSE: 0.000105545799695.
Iteration 424. I-divergence: 1409.57990995. MSE: 0.726321882269. Diff MSE: 0.000105326278468.
Iteration 425. I-divergence: 1409.376634. MSE: 0.726216774532. Diff MSE: 0.000105107737224.
Iteration 426. I-divergence: 1409.17378539. MSE: 0.726111884365. Diff MSE: 0.000104890166682.
Iteration 427. I-divergence: 1408.97136232. MSE: 0.726007210808. Diff MSE: 0.000104673557603.
Iteration 428. I-divergence: 1408.76936301. MSE: 0.725902752907. Diff MSE: 0.000104457900815.
Iteration 429. I-divergence: 1408.5677857. MSE: 0.72579850972. Diff MSE: 0.000104243187101.
Iteration 430. I-divergence: 1408.36662864. MSE: 0.725694480312. Diff MSE: 0.000104029407337.
Iteration 431. I-divergence: 1408.16589009. MSE: 0.72559066376. Diff MSE: 0.000103816552429.
Iteration 432. I-divergence: 1407.96556834. MSE: 0.725487059147. Diff MSE: 0.000103604613271.
Iteration 433. I-divergence: 1407.76566168. MSE: 0.725383665566. Diff MSE: 0.000103393580874.
Iteration 434. I-divergence: 1407.56616844. MSE: 0.72528048212. Diff MSE: 0.000103183446211.
Iteration 435. I-divergence: 1407.36708694. MSE: 0.725177507919. Diff MSE: 0.0001029742003.
Iteration 436. I-divergence: 1407.16841553. MSE: 0.725074742085. Diff MSE: 0.000102765834285.
Iteration 437. I-divergence: 1406.97015256. MSE: 0.724972183746. Diff MSE: 0.000102558339218.
Iteration 438. I-divergence: 1406.77229643. MSE: 0.724869832039. Diff MSE: 0.000102351706305.
Iteration 439. I-divergence: 1406.57484551. MSE: 0.724767686113. Diff MSE: 0.000102145926741.
Iteration 440. I-divergence: 1406.37779822. MSE: 0.724665745121. Diff MSE: 0.000101940991772.
Iteration 441. I-divergence: 1406.18115298. MSE: 0.724564008228. Diff MSE: 0.000101736892687.
Iteration 442. I-divergence: 1405.98490822. MSE: 0.724462474607. Diff MSE: 0.000101533620817.
Iteration 443. I-divergence: 1405.78906241. MSE: 0.72436114344. Diff MSE: 0.000101331167592.
Iteration 444. I-divergence: 1405.59361401. MSE: 0.724260013915. Diff MSE: 0.000101129524374.
Iteration 445. I-divergence: 1405.3985615. MSE: 0.724159085233. Diff MSE: 0.00010092868269.
Iteration 446. I-divergence: 1405.20390338. MSE: 0.724058356599. Diff MSE: 0.000100728634048.
Iteration 447. I-divergence: 1405.00963817. MSE: 0.723957827229. Diff MSE: 0.00010052937003.
Iteration 448. I-divergence: 1404.81576439. MSE: 0.723857496346. Diff MSE: 0.000100330882275.
Iteration 449. I-divergence: 1404.62228058. MSE: 0.723757363184. Diff MSE: 0.000100133162464.
Iteration 450. I-divergence: 1404.42918531. MSE: 0.723657426982. Diff MSE: 9.99362022602e-05.
Iteration 451. I-divergence: 1404.23647714. MSE: 0.723557686988. Diff MSE: 9.97399935396e-05.
Iteration 452. I-divergence: 1404.04415466. MSE: 0.72345814246. Diff MSE: 9.95445280788e-05.
Iteration 453. I-divergence: 1403.85221646. MSE: 0.723358792662. Diff MSE: 9.93497977806e-05.
Iteration 454. I-divergence: 1403.66066118. MSE: 0.723259636868. Diff MSE: 9.91557945897e-05.
Iteration 455. I-divergence: 1403.46948742. MSE: 0.723160674357. Diff MSE: 9.89625104983e-05.
Iteration 456. I-divergence: 1403.27869385. MSE: 0.72306190442. Diff MSE: 9.8769937555e-05.
Iteration 457. I-divergence: 1403.0882791. MSE: 0.722963326352. Diff MSE: 9.85780678942e-05.
Iteration 458. I-divergence: 1402.89824186. MSE: 0.722864939458. Diff MSE: 9.83868936258e-05.
Iteration 459. I-divergence: 1402.7085808. MSE: 0.722766743051. Diff MSE: 9.81964070385e-05.
Iteration 460. I-divergence: 1402.51929463. MSE: 0.722668736451. Diff MSE: 9.8006600358e-05.
Iteration 461. I-divergence: 1402.33038206. MSE: 0.722570918985. Diff MSE: 9.7817465931e-05.
Iteration 462. I-divergence: 1402.14184181. MSE: 0.722473289989. Diff MSE: 9.76289961948e-05.
Iteration 463. I-divergence: 1401.95367262. MSE: 0.722375848805. Diff MSE: 9.74411835644e-05.
Iteration 464. I-divergence: 1401.76587324. MSE: 0.722278594785. Diff MSE: 9.72540205104e-05.
Iteration 465. I-divergence: 1401.57844244. MSE: 0.722181527285. Diff MSE: 9.7067499726e-05.
Iteration 466. I-divergence: 1401.39137899. MSE: 0.722084645671. Diff MSE: 9.68816137285e-05.
Iteration 467. I-divergence: 1401.20468169. MSE: 0.721987949316. Diff MSE: 9.66963552979e-05.
Iteration 468. I-divergence: 1401.01834934. MSE: 0.721891437599. Diff MSE: 9.65117171161e-05.
Iteration 469. I-divergence: 1400.83238076. MSE: 0.721795109907. Diff MSE: 9.63276920747e-05.
Iteration 470. I-divergence: 1400.64677477. MSE: 0.721698965634. Diff MSE: 9.6144272985e-05.
Iteration 471. I-divergence: 1400.46153022. MSE: 0.721603004181. Diff MSE: 9.59614528351e-05.
Iteration 472. I-divergence: 1400.27664596. MSE: 0.721507224956. Diff MSE: 9.57792245901e-05.
Iteration 473. I-divergence: 1400.09212086. MSE: 0.721411627375. Diff MSE: 9.5597581356e-05.
Iteration 474. I-divergence: 1399.9079538. MSE: 0.721316210859. Diff MSE: 9.5416516239e-05.
Iteration 475. I-divergence: 1399.72414366. MSE: 0.721220974836. Diff MSE: 9.523602245e-05.
Iteration 476. I-divergence: 1399.54068936. MSE: 0.721125918743. Diff MSE: 9.50560932125e-05.
Iteration 477. I-divergence: 1399.3575898. MSE: 0.721031042021. Diff MSE: 9.48767218807e-05.
Iteration 478. I-divergence: 1399.17484391. MSE: 0.720936344119. Diff MSE: 9.46979018137e-05.
Iteration 479. I-divergence: 1398.99245064. MSE: 0.720841824493. Diff MSE: 9.45196264899e-05.
Iteration 480. I-divergence: 1398.81040893. MSE: 0.720747482603. Diff MSE: 9.4341889402e-05.
Iteration 481. I-divergence: 1398.62871774. MSE: 0.720653317919. Diff MSE: 9.4164684131e-05.
Iteration 482. I-divergence: 1398.44737604. MSE: 0.720559329915. Diff MSE: 9.39880043249e-05.
Iteration 483. I-divergence: 1398.26638283. MSE: 0.720465518071. Diff MSE: 9.38118436725e-05.
Iteration 484. I-divergence: 1398.08573709. MSE: 0.720371881875. Diff MSE: 9.36361960105e-05.
Iteration 485. I-divergence: 1397.90543784. MSE: 0.72027842082. Diff MSE: 9.34610551002e-05.
Iteration 486. I-divergence: 1397.72548408. MSE: 0.720185134405. Diff MSE: 9.32864148951e-05.
Iteration 487. I-divergence: 1397.54587485. MSE: 0.720092022136. Diff MSE: 9.31122693358e-05.
Iteration 488. I-divergence: 1397.36660919. MSE: 0.719999083523. Diff MSE: 9.29386125235e-05.
Iteration 489. I-divergence: 1397.18768614. MSE: 0.719906318085. Diff MSE: 9.27654384781e-05.
Iteration 490. I-divergence: 1397.00910477. MSE: 0.719813725343. Diff MSE: 9.25927414331e-05.
Iteration 491. I-divergence: 1396.83086414. MSE: 0.719721304828. Diff MSE: 9.24205155957e-05.
Iteration 492. I-divergence: 1396.65296333. MSE: 0.719629056073. Diff MSE: 9.22487552841e-05.
Iteration 493. I-divergence: 1396.47540145. MSE: 0.719536978618. Diff MSE: 9.20774548316e-05.
Iteration 494. I-divergence: 1396.29817757. MSE: 0.719445072009. Diff MSE: 9.19066087455e-05.
Iteration 495. I-divergence: 1396.12129083. MSE: 0.719353335798. Diff MSE: 9.17362114552e-05.
Iteration 496. I-divergence: 1395.94474033. MSE: 0.71926176954. Diff MSE: 9.15662575701e-05.
Iteration 497. I-divergence: 1395.76852521. MSE: 0.719170372798. Diff MSE: 9.13967417291e-05.
Iteration 498. I-divergence: 1395.59264461. MSE: 0.71907914514. Diff MSE: 9.12276586057e-05.
Iteration 499. I-divergence: 1395.41709767. MSE: 0.718988086137. Diff MSE: 9.1059003005e-05.
Iteration 500. I-divergence: 1395.24188355. MSE: 0.718897195367. Diff MSE: 9.08907697499e-05.
Iteration 501. I-divergence: 1395.06700143. MSE: 0.718806472413. Diff MSE: 9.07229537254e-05.
Iteration 502. I-divergence: 1394.89245047. MSE: 0.718715916863. Diff MSE: 9.05555499282e-05.
Iteration 503. I-divergence: 1394.71822986. MSE: 0.71862552831. Diff MSE: 9.03885533898e-05.
Iteration 504. I-divergence: 1394.5443388. MSE: 0.718535306351. Diff MSE: 9.02219591901e-05.
Iteration 505. I-divergence: 1394.37077649. MSE: 0.718445250588. Diff MSE: 9.00557625581e-05.
Iteration 506. I-divergence: 1394.19754213. MSE: 0.718355360629. Diff MSE: 8.98899586569e-05.
Iteration 507. I-divergence: 1394.02463496. MSE: 0.718265636087. Diff MSE: 8.97245428393e-05.
Iteration 508. I-divergence: 1393.8520542. MSE: 0.718176076576. Diff MSE: 8.95595104496e-05.
Iteration 509. I-divergence: 1393.67979908. MSE: 0.718086681719. Diff MSE: 8.93948569555e-05.
Iteration 510. I-divergence: 1393.50786886. MSE: 0.717997451141. Diff MSE: 8.92305778279e-05.
Iteration 511. I-divergence: 1393.33626278. MSE: 0.717908384473. Diff MSE: 8.90666686529e-05.
Iteration 512. I-divergence: 1393.1649801. MSE: 0.717819481348. Diff MSE: 8.89031250433e-05.
Iteration 513. I-divergence: 1392.99402009. MSE: 0.717730741405. Diff MSE: 8.87399427376e-05.
Iteration 514. I-divergence: 1392.82338204. MSE: 0.717642164287. Diff MSE: 8.8577117477e-05.
Iteration 515. I-divergence: 1392.65306521. MSE: 0.717553749642. Diff MSE: 8.84146451149e-05.
Iteration 516. I-divergence: 1392.48306891. MSE: 0.717465497121. Diff MSE: 8.82525214725e-05.
Iteration 517. I-divergence: 1392.31339243. MSE: 0.717377406378. Diff MSE: 8.80907426446e-05.
Iteration 518. I-divergence: 1392.14403509. MSE: 0.717289477074. Diff MSE: 8.79293045617e-05.
Iteration 519. I-divergence: 1391.97499618. MSE: 0.71720170887. Diff MSE: 8.77682033174e-05.
Iteration 520. I-divergence: 1391.80627503. MSE: 0.717114101435. Diff MSE: 8.76074351635e-05.
Iteration 521. I-divergence: 1391.63787097. MSE: 0.717026654439. Diff MSE: 8.74469962066e-05.
Iteration 522. I-divergence: 1391.46978334. MSE: 0.716939367556. Diff MSE: 8.7286882804e-05.
Iteration 523. I-divergence: 1391.30201146. MSE: 0.716852240465. Diff MSE: 8.71270912676e-05.
Iteration 524. I-divergence: 1391.1345547. MSE: 0.716765272847. Diff MSE: 8.69676180584e-05.
Iteration 525. I-divergence: 1390.9674124. MSE: 0.716678464387. Diff MSE: 8.68084596191e-05.
Iteration 526. I-divergence: 1390.80058392. MSE: 0.716591814775. Diff MSE: 8.66496125237e-05.
Iteration 527. I-divergence: 1390.63406862. MSE: 0.716505323701. Diff MSE: 8.64910733479e-05.
Iteration 528. I-divergence: 1390.46786589. MSE: 0.716418990863. Diff MSE: 8.6332838774e-05.
Iteration 529. I-divergence: 1390.30197509. MSE: 0.716332815957. Diff MSE: 8.61749055651e-05.
Iteration 530. I-divergence: 1390.13639562. MSE: 0.716246798686. Diff MSE: 8.60172704759e-05.
Iteration 531. I-divergence: 1389.97112685. MSE: 0.716160938756. Diff MSE: 8.58599303434e-05.
Iteration 532. I-divergence: 1389.8061682. MSE: 0.716075235874. Diff MSE: 8.57028821827e-05.
Iteration 533. I-divergence: 1389.64151904. MSE: 0.715989689751. Diff MSE: 8.55461228632e-05.
Iteration 534. I-divergence: 1389.4771788. MSE: 0.715904300102. Diff MSE: 8.5389649525e-05.
Iteration 535. I-divergence: 1389.31314689. MSE: 0.715819066642. Diff MSE: 8.52334592016e-05.
Iteration 536. I-divergence: 1389.14942271. MSE: 0.715733989093. Diff MSE: 8.5077549089e-05.
Iteration 537. I-divergence: 1388.9860057. MSE: 0.715649067177. Diff MSE: 8.49219164131e-05.
Iteration 538. I-divergence: 1388.82289528. MSE: 0.715564300618. Diff MSE: 8.47665584743e-05.
Iteration 539. I-divergence: 1388.66009088. MSE: 0.715479689146. Diff MSE: 8.461147258e-05.
Iteration 540. I-divergence: 1388.49759193. MSE: 0.71539523249. Diff MSE: 8.4456656164e-05.
Iteration 541. I-divergence: 1388.33539789. MSE: 0.715310930383. Diff MSE: 8.43021067085e-05.
Iteration 542. I-divergence: 1388.17350818. MSE: 0.715226782561. Diff MSE: 8.41478216789e-05.
Iteration 543. I-divergence: 1388.01192228. MSE: 0.715142788763. Diff MSE: 8.39937987286e-05.
Iteration 544. I-divergence: 1387.85063962. MSE: 0.715058948727. Diff MSE: 8.38400354686e-05.
Iteration 545. I-divergence: 1387.68965967. MSE: 0.714975262197. Diff MSE: 8.36865295799e-05.
Iteration 546. I-divergence: 1387.5289819. MSE: 0.714891728919. Diff MSE: 8.35332788321e-05.
Iteration 547. I-divergence: 1387.36860576. MSE: 0.714808348638. Diff MSE: 8.33802810665e-05.
Iteration 548. I-divergence: 1387.20853073. MSE: 0.714725121103. Diff MSE: 8.32275341156e-05.
Iteration 549. I-divergence: 1387.04875628. MSE: 0.714642046068. Diff MSE: 8.3075035905e-05.
Iteration 550. I-divergence: 1386.8892819. MSE: 0.714559123283. Diff MSE: 8.29227844613e-05.
Iteration 551. I-divergence: 1386.73010707. MSE: 0.714476352505. Diff MSE: 8.27707777979e-05.
Iteration 552. I-divergence: 1386.57123126. MSE: 0.714393733491. Diff MSE: 8.26190139791e-05.
Iteration 553. I-divergence: 1386.41265398. MSE: 0.714311266. Diff MSE: 8.24674911969e-05.
Iteration 554. I-divergence: 1386.25437471. MSE: 0.714228949792. Diff MSE: 8.23162076633e-05.
Iteration 555. I-divergence: 1386.09639295. MSE: 0.714146784631. Diff MSE: 8.21651615608e-05.
Iteration 556. I-divergence: 1385.9387082. MSE: 0.71406477028. Diff MSE: 8.20143512793e-05.
Iteration 557. I-divergence: 1385.78131996. MSE: 0.713982906505. Diff MSE: 8.18637751321e-05.
Iteration 558. I-divergence: 1385.62422774. MSE: 0.713901193073. Diff MSE: 8.17134315946e-05.
Iteration 559. I-divergence: 1385.46743105. MSE: 0.713819629754. Diff MSE: 8.15633190528e-05.
Iteration 560. I-divergence: 1385.31092939. MSE: 0.713738216318. Diff MSE: 8.14134360928e-05.
Iteration 561. I-divergence: 1385.15472228. MSE: 0.713656952537. Diff MSE: 8.12637812434e-05.
Iteration 562. I-divergence: 1384.99880924. MSE: 0.713575838183. Diff MSE: 8.11143531774e-05.
Iteration 563. I-divergence: 1384.84318978. MSE: 0.713494873033. Diff MSE: 8.09651504888e-05.
Iteration 564. I-divergence: 1384.68786343. MSE: 0.713414056861. Diff MSE: 8.08161719794e-05.
Iteration 565. I-divergence: 1384.53282971. MSE: 0.713333389444. Diff MSE: 8.06674163832e-05.
Iteration 566. I-divergence: 1384.37808814. MSE: 0.713252870562. Diff MSE: 8.05188825035e-05.
Iteration 567. I-divergence: 1384.22363827. MSE: 0.713172499993. Diff MSE: 8.0370569259e-05.
Iteration 568. I-divergence: 1384.0694796. MSE: 0.713092277517. Diff MSE: 8.02224755088e-05.
Iteration 569. I-divergence: 1383.91561169. MSE: 0.713012202917. Diff MSE: 8.00746002648e-05.
Iteration 570. I-divergence: 1383.76203405. MSE: 0.712932275974. Diff MSE: 7.99269425108e-05.
Iteration 571. I-divergence: 1383.60874624. MSE: 0.712852496473. Diff MSE: 7.97795013128e-05.
Iteration 572. I-divergence: 1383.45574778. MSE: 0.712772864197. Diff MSE: 7.96322757679e-05.
Iteration 573. I-divergence: 1383.30303821. MSE: 0.712693378932. Diff MSE: 7.94852650573e-05.
Iteration 574. I-divergence: 1383.15061708. MSE: 0.712614040464. Diff MSE: 7.9338468315e-05.
Iteration 575. I-divergence: 1382.99848393. MSE: 0.712534848579. Diff MSE: 7.91918848329e-05.
Iteration 576. I-divergence: 1382.84663831. MSE: 0.712455803065. Diff MSE: 7.90455138837e-05.
Iteration 577. I-divergence: 1382.69507975. MSE: 0.712376903711. Diff MSE: 7.88993547456e-05.
Iteration 578. I-divergence: 1382.54380781. MSE: 0.712298150304. Diff MSE: 7.87534068585e-05.
Iteration 579. I-divergence: 1382.39282203. MSE: 0.712219542634. Diff MSE: 7.86076695932e-05.
Iteration 580. I-divergence: 1382.24212196. MSE: 0.712141080492. Diff MSE: 7.84621424074e-05.
Iteration 581. I-divergence: 1382.09170715. MSE: 0.712062763667. Diff MSE: 7.83168248072e-05.
Iteration 582. I-divergence: 1381.94157716. MSE: 0.711984591951. Diff MSE: 7.81717162901e-05.
Iteration 583. I-divergence: 1381.79173154. MSE: 0.711906565134. Diff MSE: 7.80268164932e-05.
Iteration 584. I-divergence: 1381.64216983. MSE: 0.711828683009. Diff MSE: 7.78821249754e-05.
Iteration 585. I-divergence: 1381.4928916. MSE: 0.711750945368. Diff MSE: 7.77376414296e-05.
Iteration 586. I-divergence: 1381.34389639. MSE: 0.711673352002. Diff MSE: 7.75933655022e-05.
Iteration 587. I-divergence: 1381.19518376. MSE: 0.711595902705. Diff MSE: 7.74492969832e-05.
Iteration 588. I-divergence: 1381.04675327. MSE: 0.71151859727. Diff MSE: 7.73054355886e-05.
Iteration 589. I-divergence: 1380.89860448. MSE: 0.711441435488. Diff MSE: 7.7161781169e-05.
Iteration 590. I-divergence: 1380.75073693. MSE: 0.711364417155. Diff MSE: 7.70183335167e-05.
Iteration 591. I-divergence: 1380.60315019. MSE: 0.711287542062. Diff MSE: 7.68750925692e-05.
Iteration 592. I-divergence: 1380.45584382. MSE: 0.711210810004. Diff MSE: 7.67320581705e-05.
Iteration 593. I-divergence: 1380.30881737. MSE: 0.711134220774. Diff MSE: 7.65892303355e-05.
Iteration 594. I-divergence: 1380.16207039. MSE: 0.711057774165. Diff MSE: 7.64466089705e-05.
Iteration 595. I-divergence: 1380.01560246. MSE: 0.710981469971. Diff MSE: 7.63041941881e-05.
Iteration 596. I-divergence: 1379.86941311. MSE: 0.710905307985. Diff MSE: 7.61619859488e-05.
Iteration 597. I-divergence: 1379.72350192. MSE: 0.710829288. Diff MSE: 7.60199843763e-05.
Iteration 598. I-divergence: 1379.57786844. MSE: 0.710753409811. Diff MSE: 7.58781895706e-05.
Iteration 599. I-divergence: 1379.43251223. MSE: 0.710677673209. Diff MSE: 7.57366017031e-05.
Iteration 600. I-divergence: 1379.28743285. MSE: 0.710602077988. Diff MSE: 7.55952209169e-05.
Iteration 601. I-divergence: 1379.14262984. MSE: 0.710526623941. Diff MSE: 7.54540474227e-05.
Iteration 602. I-divergence: 1378.99810278. MSE: 0.710451310859. Diff MSE: 7.53130814687e-05.
Iteration 603. I-divergence: 1378.85385121. MSE: 0.710376138536. Diff MSE: 7.51723233143e-05.
Iteration 604. I-divergence: 1378.7098747. MSE: 0.710301106763. Diff MSE: 7.50317732596e-05.
Iteration 605. I-divergence: 1378.56617279. MSE: 0.710226215331. Diff MSE: 7.48914316122e-05.
Iteration 606. I-divergence: 1378.42274505. MSE: 0.710151464032. Diff MSE: 7.4751298719e-05.
Iteration 607. I-divergence: 1378.27959103. MSE: 0.710076852657. Diff MSE: 7.46113749952e-05.
Iteration 608. I-divergence: 1378.13671028. MSE: 0.710002380997. Diff MSE: 7.44716607756e-05.
Iteration 609. I-divergence: 1377.99410236. MSE: 0.70992804884. Diff MSE: 7.43321565668e-05.
Iteration 610. I-divergence: 1377.85176682. MSE: 0.709853855977. Diff MSE: 7.41928627523e-05.
Iteration 611. I-divergence: 1377.70970321. MSE: 0.709779802197. Diff MSE: 7.4053779857e-05.
Iteration 612. I-divergence: 1377.56791108. MSE: 0.709705887289. Diff MSE: 7.39149083584e-05.
Iteration 613. I-divergence: 1377.42638999. MSE: 0.70963211104. Diff MSE: 7.37762487985e-05.
Iteration 614. I-divergence: 1377.28513948. MSE: 0.709558473239. Diff MSE: 7.36378017342e-05.
Iteration 615. I-divergence: 1377.14415911. MSE: 0.709484973671. Diff MSE: 7.34995677156e-05.
Iteration 616. I-divergence: 1377.00344842. MSE: 0.709411612123. Diff MSE: 7.33615473311e-05.
Iteration 617. I-divergence: 1376.86300696. MSE: 0.709338388382. Diff MSE: 7.32237412057e-05.
Iteration 618. I-divergence: 1376.72283427. MSE: 0.709265302232. Diff MSE: 7.30861500103e-05.
Iteration 619. I-divergence: 1376.5829299. MSE: 0.709192353458. Diff MSE: 7.29487743464e-05.
Iteration 620. I-divergence: 1376.4432934. MSE: 0.709119541843. Diff MSE: 7.28116149258e-05.
Iteration 621. I-divergence: 1376.3039243. MSE: 0.709046867171. Diff MSE: 7.26746724337e-05.
Iteration 622. I-divergence: 1376.16482215. MSE: 0.708974329223. Diff MSE: 7.2537947581e-05.
Iteration 623. I-divergence: 1376.02598649. MSE: 0.708901927782. Diff MSE: 7.24014411059e-05.
Iteration 624. I-divergence: 1375.88741686. MSE: 0.708829662628. Diff MSE: 7.22651537617e-05.
Iteration 625. I-divergence: 1375.7491128. MSE: 0.708757533542. Diff MSE: 7.21290863013e-05.
Iteration 626. I-divergence: 1375.61107384. MSE: 0.708685540302. Diff MSE: 7.19932395113e-05.
Iteration 627. I-divergence: 1375.47329953. MSE: 0.708613682688. Diff MSE: 7.18576142364e-05.
Iteration 628. I-divergence: 1375.33578938. MSE: 0.708541960477. Diff MSE: 7.17222112401e-05.
Iteration 629. I-divergence: 1375.19854295. MSE: 0.708470373445. Diff MSE: 7.15870313337e-05.
Iteration 630. I-divergence: 1375.06155975. MSE: 0.70839892137. Diff MSE: 7.14520754286e-05.
Iteration 631. I-divergence: 1374.92483932. MSE: 0.708327604026. Diff MSE: 7.13173443385e-05.
Iteration 632. I-divergence: 1374.78838119. MSE: 0.708256421187. Diff MSE: 7.11828389651e-05.
Iteration 633. I-divergence: 1374.65218488. MSE: 0.708185372627. Diff MSE: 7.10485601662e-05.
Iteration 634. I-divergence: 1374.51624993. MSE: 0.708114458118. Diff MSE: 7.09145088356e-05.
Iteration 635. I-divergence: 1374.38057585. MSE: 0.708043677432. Diff MSE: 7.078068594e-05.
Iteration 636. I-divergence: 1374.24516217. MSE: 0.707973030339. Diff MSE: 7.06470923344e-05.
Iteration 637. I-divergence: 1374.11000841. MSE: 0.70790251661. Diff MSE: 7.05137289947e-05.
Iteration 638. I-divergence: 1373.97511408. MSE: 0.707832136014. Diff MSE: 7.03805968179e-05.
Iteration 639. I-divergence: 1373.84047872. MSE: 0.707761888317. Diff MSE: 7.02476967909e-05.
Iteration 640. I-divergence: 1373.70610183. MSE: 0.707691773287. Diff MSE: 7.01150299017e-05.
Iteration 641. I-divergence: 1373.57198293. MSE: 0.70762179069. Diff MSE: 6.99825970477e-05.
Iteration 642. I-divergence: 1373.43812154. MSE: 0.707551940291. Diff MSE: 6.98503992871e-05.
Iteration 643. I-divergence: 1373.30451715. MSE: 0.707482221853. Diff MSE: 6.97184375578e-05.
Iteration 644. I-divergence: 1373.1711693. MSE: 0.70741263514. Diff MSE: 6.95867128595e-05.
Iteration 645. I-divergence: 1373.03807747. MSE: 0.707343179914. Diff MSE: 6.94552262174e-05.
Iteration 646. I-divergence: 1372.90524119. MSE: 0.707273855935. Diff MSE: 6.93239786166e-05.
Iteration 647. I-divergence: 1372.77265995. MSE: 0.707204662964. Diff MSE: 6.91929710933e-05.
Iteration 648. I-divergence: 1372.64033327. MSE: 0.70713560076. Diff MSE: 6.90622046496e-05.
Iteration 649. I-divergence: 1372.50826063. MSE: 0.707066669079. Diff MSE: 6.89316803356e-05.
Iteration 650. I-divergence: 1372.37644154. MSE: 0.70699786768. Diff MSE: 6.88013991514e-05.
Iteration 651. I-divergence: 1372.24487551. MSE: 0.706929196318. Diff MSE: 6.86713621548e-05.
Iteration 652. I-divergence: 1372.11356202. MSE: 0.706860654748. Diff MSE: 6.85415703771e-05.
Iteration 653. I-divergence: 1371.98250057. MSE: 0.706792242723. Diff MSE: 6.84120248721e-05.
Iteration 654. I-divergence: 1371.85169065. MSE: 0.706723959996. Diff MSE: 6.8282726665e-05.
Iteration 655. I-divergence: 1371.72113176. MSE: 0.706655806319. Diff MSE: 6.8153676838e-05.
Iteration 656. I-divergence: 1371.59082338. MSE: 0.706587781443. Diff MSE: 6.80248763923e-05.
Iteration 657. I-divergence: 1371.46076501. MSE: 0.706519885116. Diff MSE: 6.78963264358e-05.
Iteration 658. I-divergence: 1371.33095613. MSE: 0.706452117088. Diff MSE: 6.77680279799e-05.
Iteration 659. I-divergence: 1371.20139622. MSE: 0.706384477106. Diff MSE: 6.76399820901e-05.
Iteration 660. I-divergence: 1371.07208477. MSE: 0.706316964917. Diff MSE: 6.75121898541e-05.
Iteration 661. I-divergence: 1370.94302125. MSE: 0.706249580264. Diff MSE: 6.73846522826e-05.
Iteration 662. I-divergence: 1370.81420515. MSE: 0.706182322894. Diff MSE: 6.72573704593e-05.
Iteration 663. I-divergence: 1370.68563595. MSE: 0.706115192548. Diff MSE: 6.71303454221e-05.
Iteration 664. I-divergence: 1370.55731312. MSE: 0.70604818897. Diff MSE: 6.70035782595e-05.
Iteration 665. I-divergence: 1370.42923612. MSE: 0.7059813119. Diff MSE: 6.68770699792e-05.
Iteration 666. I-divergence: 1370.30140445. MSE: 0.705914561078. Diff MSE: 6.67508216626e-05.
Iteration 667. I-divergence: 1370.17381756. MSE: 0.705847936244. Diff MSE: 6.66248343419e-05.
Iteration 668. I-divergence: 1370.04647493. MSE: 0.705781437135. Diff MSE: 6.64991090935e-05.
Iteration 669. I-divergence: 1369.91937602. MSE: 0.705715063488. Diff MSE: 6.63736469246e-05.
Iteration 670. I-divergence: 1369.7925203. MSE: 0.705648815039. Diff MSE: 6.6248448884e-05.
Iteration 671. I-divergence: 1369.66590723. MSE: 0.705582691523. Diff MSE: 6.6123516047e-05.
Iteration 672. I-divergence: 1369.53953627. MSE: 0.705516692674. Diff MSE: 6.59988494084e-05.
Iteration 673. I-divergence: 1369.41340688. MSE: 0.705450818224. Diff MSE: 6.58744499945e-05.
Iteration 674. I-divergence: 1369.28751853. MSE: 0.705385067905. Diff MSE: 6.57503188655e-05.
Iteration 675. I-divergence: 1369.16187066. MSE: 0.705319441448. Diff MSE: 6.56264570269e-05.
Iteration 676. I-divergence: 1369.03646274. MSE: 0.705253938582. Diff MSE: 6.55028654707e-05.
Iteration 677. I-divergence: 1368.91129422. MSE: 0.705188559037. Diff MSE: 6.53795452287e-05.
Iteration 678. I-divergence: 1368.78636454. MSE: 0.70512330254. Diff MSE: 6.5256497318e-05.
Iteration 679. I-divergence: 1368.66167316. MSE: 0.705058168817. Diff MSE: 6.51337227302e-05.
Iteration 680. I-divergence: 1368.53721953. MSE: 0.704993157595. Diff MSE: 6.50112224164e-05.
Iteration 681. I-divergence: 1368.4130031. MSE: 0.704928268597. Diff MSE: 6.4888997432e-05.
Iteration 682. I-divergence: 1368.2890233. MSE: 0.704863501549. Diff MSE: 6.4767048703e-05.
Iteration 683. I-divergence: 1368.16527959. MSE: 0.704798856171. Diff MSE: 6.46453772327e-05.
Iteration 684. I-divergence: 1368.0417714. MSE: 0.704734332187. Diff MSE: 6.45239839561e-05.
Iteration 685. I-divergence: 1367.91849818. MSE: 0.704669929318. Diff MSE: 6.44028698423e-05.
Iteration 686. I-divergence: 1367.79545937. MSE: 0.704605647282. Diff MSE: 6.42820358764e-05.
Iteration 687. I-divergence: 1367.67265439. MSE: 0.704541485799. Diff MSE: 6.41614829374e-05.
Iteration 688. I-divergence: 1367.5500827. MSE: 0.704477444587. Diff MSE: 6.40412119901e-05.
Iteration 689. I-divergence: 1367.42774372. MSE: 0.704413523363. Diff MSE: 6.39212239685e-05.
Iteration 690. I-divergence: 1367.30563688. MSE: 0.704349721843. Diff MSE: 6.38015197547e-05.
Iteration 691. I-divergence: 1367.18376162. MSE: 0.704286039743. Diff MSE: 6.36821002844e-05.
Iteration 692. I-divergence: 1367.06211737. MSE: 0.704222476776. Diff MSE: 6.35629664515e-05.
Iteration 693. I-divergence: 1366.94070355. MSE: 0.704159032657. Diff MSE: 6.34441191245e-05.
Iteration 694. I-divergence: 1366.81951959. MSE: 0.704095707098. Diff MSE: 6.33255591819e-05.
Iteration 695. I-divergence: 1366.69856493. MSE: 0.70403249981. Diff MSE: 6.320728752e-05.
Iteration 696. I-divergence: 1366.57783897. MSE: 0.703969410505. Diff MSE: 6.30893049679e-05.
Iteration 697. I-divergence: 1366.45734115. MSE: 0.703906438893. Diff MSE: 6.29716123466e-05.
Iteration 698. I-divergence: 1366.33707089. MSE: 0.703843584683. Diff MSE: 6.28542105605e-05.
Iteration 699. I-divergence: 1366.21702761. MSE: 0.703780847582. Diff MSE: 6.27371003732e-05.
Iteration 700. I-divergence: 1366.09721072. MSE: 0.7037182273. Diff MSE: 6.26202826386e-05.
Iteration 701. I-divergence: 1365.97761965. MSE: 0.703655723541. Diff MSE: 6.25037581207e-05.
Iteration 702. I-divergence: 1365.85825381. MSE: 0.703593336014. Diff MSE: 6.23875276512e-05.
Iteration 703. I-divergence: 1365.73911261. MSE: 0.703531064422. Diff MSE: 6.2271591968e-05.
Iteration 704. I-divergence: 1365.62019547. MSE: 0.70346890847. Diff MSE: 6.21559518722e-05.
Iteration 705. I-divergence: 1365.50150181. MSE: 0.703406867862. Diff MSE: 6.20406081214e-05.
Iteration 706. I-divergence: 1365.38303103. MSE: 0.7033449423. Diff MSE: 6.19255614137e-05.
Iteration 707. I-divergence: 1365.26478254. MSE: 0.703283131488. Diff MSE: 6.18108125547e-05.
Iteration 708. I-divergence: 1365.14675576. MSE: 0.703221435126. Diff MSE: 6.16963621826e-05.
Iteration 709. I-divergence: 1365.02895009. MSE: 0.703159852915. Diff MSE: 6.15822110716e-05.
Iteration 710. I-divergence: 1364.91136494. MSE: 0.703098384555. Diff MSE: 6.14683598631e-05.
Iteration 711. I-divergence: 1364.79399971. MSE: 0.703037029745. Diff MSE: 6.13548092929e-05.
Iteration 712. I-divergence: 1364.67685382. MSE: 0.702975788185. Diff MSE: 6.12415599794e-05.
Iteration 713. I-divergence: 1364.55992665. MSE: 0.702914659573. Diff MSE: 6.11286126031e-05.
Iteration 714. I-divergence: 1364.44321763. MSE: 0.702853643605. Diff MSE: 6.10159678137e-05.
Iteration 715. I-divergence: 1364.32672614. MSE: 0.702792739979. Diff MSE: 6.09036262247e-05.
Iteration 716. I-divergence: 1364.21045159. MSE: 0.70273194839. Diff MSE: 6.07915884463e-05.
Iteration 717. I-divergence: 1364.09439338. MSE: 0.702671268535. Diff MSE: 6.06798551195e-05.
Iteration 718. I-divergence: 1363.97855092. MSE: 0.702610700108. Diff MSE: 6.05684267886e-05.
Iteration 719. I-divergence: 1363.86292358. MSE: 0.702550242804. Diff MSE: 6.04573040551e-05.
Iteration 720. I-divergence: 1363.74751079. MSE: 0.702489896317. Diff MSE: 6.03464874793e-05.
Iteration 721. I-divergence: 1363.63231192. MSE: 0.702429660339. Diff MSE: 6.02359776095e-05.
Iteration 722. I-divergence: 1363.51732638. MSE: 0.702369534564. Diff MSE: 6.01257749541e-05.
Iteration 723. I-divergence: 1363.40255357. MSE: 0.702309518684. Diff MSE: 6.00158800854e-05.
Iteration 724. I-divergence: 1363.28799287. MSE: 0.702249612391. Diff MSE: 5.99062934495e-05.
Iteration 725. I-divergence: 1363.17364368. MSE: 0.702189815375. Diff MSE: 5.97970155964e-05.
Iteration 726. I-divergence: 1363.05950539. MSE: 0.702130127328. Diff MSE: 5.96880469722e-05.
Iteration 727. I-divergence: 1362.9455774. MSE: 0.70207054794. Diff MSE: 5.95793880489e-05.
Iteration 728. I-divergence: 1362.8318591. MSE: 0.702011076901. Diff MSE: 5.94710392703e-05.
Iteration 729. I-divergence: 1362.71834987. MSE: 0.7019517139. Diff MSE: 5.93630010943e-05.
Iteration 730. I-divergence: 1362.60504911. MSE: 0.701892458626. Diff MSE: 5.92552739144e-05.
Iteration 731. I-divergence: 1362.49195621. MSE: 0.701833310768. Diff MSE: 5.91478581701e-05.
Iteration 732. I-divergence: 1362.37907056. MSE: 0.701774270014. Diff MSE: 5.90407542165e-05.
Iteration 733. I-divergence: 1362.26639154. MSE: 0.701715336051. Diff MSE: 5.89339624545e-05.
Iteration 734. I-divergence: 1362.15391854. MSE: 0.701656508568. Diff MSE: 5.88274832576e-05.
Iteration 735. I-divergence: 1362.04165096. MSE: 0.701597787251. Diff MSE: 5.87213169729e-05.
Iteration 736. I-divergence: 1361.92958818. MSE: 0.701539171787. Diff MSE: 5.86154639113e-05.
Iteration 737. I-divergence: 1361.81772958. MSE: 0.701480661863. Diff MSE: 5.8509924428e-05.
Iteration 738. I-divergence: 1361.70607455. MSE: 0.701422257164. Diff MSE: 5.84046987944e-05.
Iteration 739. I-divergence: 1361.59462248. MSE: 0.701363957376. Diff MSE: 5.8299787343e-05.
Iteration 740. I-divergence: 1361.48337276. MSE: 0.701305762186. Diff MSE: 5.81951903119e-05.
Iteration 741. I-divergence: 1361.37232476. MSE: 0.701247671278. Diff MSE: 5.80909080041e-05.
Iteration 742. I-divergence: 1361.26147788. MSE: 0.701189684337. Diff MSE: 5.7986940647e-05.
Iteration 743. I-divergence: 1361.1508315. MSE: 0.701131801049. Diff MSE: 5.78832884648e-05.
Iteration 744. I-divergence: 1361.040385. MSE: 0.701074021097. Diff MSE: 5.77799517095e-05.
Iteration 745. I-divergence: 1360.93013777. MSE: 0.701016344167. Diff MSE: 5.76769305316e-05.
Iteration 746. I-divergence: 1360.8200892. MSE: 0.700958769942. Diff MSE: 5.75742251996e-05.
Iteration 747. I-divergence: 1360.71023866. MSE: 0.700901298106. Diff MSE: 5.74718358387e-05.
Iteration 748. I-divergence: 1360.60058554. MSE: 0.700843928343. Diff MSE: 5.73697626124e-05.
Iteration 749. I-divergence: 1360.49112923. MSE: 0.700786660337. Diff MSE: 5.72680056915e-05.
Iteration 750. I-divergence: 1360.38186911. MSE: 0.700729493772. Diff MSE: 5.71665651959e-05.
Iteration 751. I-divergence: 1360.27280456. MSE: 0.700672428331. Diff MSE: 5.70654412386e-05.
Iteration 752. I-divergence: 1360.16393497. MSE: 0.700615463697. Diff MSE: 5.69646339442e-05.
Iteration 753. I-divergence: 1360.05525971. MSE: 0.700558599554. Diff MSE: 5.68641433925e-05.
Iteration 754. I-divergence: 1359.94677818. MSE: 0.700501835584. Diff MSE: 5.67639696615e-05.
Iteration 755. I-divergence: 1359.83848976. MSE: 0.700445171471. Diff MSE: 5.66641128313e-05.
Iteration 756. I-divergence: 1359.73039383. MSE: 0.700388606898. Diff MSE: 5.65645729033e-05.
Iteration 757. I-divergence: 1359.62248977. MSE: 0.700332141548. Diff MSE: 5.64653499842e-05.
Iteration 758. I-divergence: 1359.51477698. MSE: 0.700275775104. Diff MSE: 5.6366444027e-05.
Iteration 759. I-divergence: 1359.40725482. MSE: 0.700219507249. Diff MSE: 5.62678550832e-05.
Iteration 760. I-divergence: 1359.2999227. MSE: 0.700163337666. Diff MSE: 5.6169583128e-05.
Iteration 761. I-divergence: 1359.19277999. MSE: 0.700107266038. Diff MSE: 5.60716281467e-05.
Iteration 762. I-divergence: 1359.08582608. MSE: 0.700051292048. Diff MSE: 5.59739901018e-05.
Iteration 763. I-divergence: 1358.97906035. MSE: 0.699995415379. Diff MSE: 5.5876668952e-05.
Iteration 764. I-divergence: 1358.87248219. MSE: 0.699939635714. Diff MSE: 5.57796646203e-05.
Iteration 765. I-divergence: 1358.76609098. MSE: 0.699883952737. Diff MSE: 5.56829770589e-05.
Iteration 766. I-divergence: 1358.65988611. MSE: 0.699828366131. Diff MSE: 5.55866061701e-05.
Iteration 767. I-divergence: 1358.55386697. MSE: 0.699772875579. Diff MSE: 5.5490551834e-05.
Iteration 768. I-divergence: 1358.44803294. MSE: 0.699717480765. Diff MSE: 5.5394813941e-05.
Iteration 769. I-divergence: 1358.34238341. MSE: 0.699662181373. Diff MSE: 5.52993923945e-05.
Iteration 770. I-divergence: 1358.23691777. MSE: 0.699606977086. Diff MSE: 5.52042870179e-05.
Iteration 771. I-divergence: 1358.13163541. MSE: 0.699551867588. Diff MSE: 5.51094976717e-05.
Iteration 772. I-divergence: 1358.0265357. MSE: 0.699496852564. Diff MSE: 5.50150241908e-05.
Iteration 773. I-divergence: 1357.92161806. MSE: 0.699441931697. Diff MSE: 5.49208664048e-05.
Iteration 774. I-divergence: 1357.81688185. MSE: 0.699387104673. Diff MSE: 5.48270240855e-05.
Iteration 775. I-divergence: 1357.71232648. MSE: 0.699332371176. Diff MSE: 5.47334970532e-05.
Iteration 776. I-divergence: 1357.60795133. MSE: 0.699277730891. Diff MSE: 5.46402851052e-05.
Iteration 777. I-divergence: 1357.50375579. MSE: 0.699223183503. Diff MSE: 5.45473879794e-05.
Iteration 778. I-divergence: 1357.39973926. MSE: 0.699168728698. Diff MSE: 5.44548054551e-05.
Iteration 779. I-divergence: 1357.29590112. MSE: 0.699114366161. Diff MSE: 5.43625372652e-05.
Iteration 780. I-divergence: 1357.19224078. MSE: 0.699060095577. Diff MSE: 5.4270583148e-05.
Iteration 781. I-divergence: 1357.08875762. MSE: 0.699005916635. Diff MSE: 5.41789428457e-05.
Iteration 782. I-divergence: 1356.98545104. MSE: 0.698951829019. Diff MSE: 5.40876160201e-05.
Iteration 783. I-divergence: 1356.88232043. MSE: 0.698897832416. Diff MSE: 5.39966024017e-05.
Iteration 784. I-divergence: 1356.77936519. MSE: 0.698843926514. Diff MSE: 5.3905901658e-05.
Iteration 785. I-divergence: 1356.67658472. MSE: 0.698790111001. Diff MSE: 5.38155134816e-05.
Iteration 786. I-divergence: 1356.57397841. MSE: 0.698736385563. Diff MSE: 5.37254375218e-05.
Iteration 787. I-divergence: 1356.47154566. MSE: 0.69868274989. Diff MSE: 5.36356734265e-05.
Iteration 788. I-divergence: 1356.36928587. MSE: 0.698629203669. Diff MSE: 5.35462208593e-05.
Iteration 789. I-divergence: 1356.26719844. MSE: 0.69857574659. Diff MSE: 5.34570794036e-05.
Iteration 790. I-divergence: 1356.16528277. MSE: 0.698522378341. Diff MSE: 5.33682487096e-05.
Iteration 791. I-divergence: 1356.06353826. MSE: 0.698469098613. Diff MSE: 5.32797283678e-05.
Iteration 792. I-divergence: 1355.96196432. MSE: 0.698415907095. Diff MSE: 5.31915179783e-05.
Iteration 793. I-divergence: 1355.86056034. MSE: 0.698362803478. Diff MSE: 5.31036171385e-05.
Iteration 794. I-divergence: 1355.75932573. MSE: 0.698309787452. Diff MSE: 5.30160254005e-05.
Iteration 795. I-divergence: 1355.6582599. MSE: 0.69825685871. Diff MSE: 5.29287423198e-05.
Iteration 796. I-divergence: 1355.55736225. MSE: 0.698204016942. Diff MSE: 5.28417674723e-05.
Iteration 797. I-divergence: 1355.45663219. MSE: 0.698151261842. Diff MSE: 5.27551003935e-05.
Iteration 798. I-divergence: 1355.35606912. MSE: 0.698098593101. Diff MSE: 5.26687406112e-05.
Iteration 799. I-divergence: 1355.25567246. MSE: 0.698046010414. Diff MSE: 5.25826876366e-05.
Iteration 800. I-divergence: 1355.15544162. MSE: 0.697993513473. Diff MSE: 5.24969409899e-05.
Iteration 801. I-divergence: 1355.055376. MSE: 0.697941101973. Diff MSE: 5.24115001717e-05.
Iteration 802. I-divergence: 1354.95547502. MSE: 0.697888775608. Diff MSE: 5.23263646793e-05.
Iteration 803. I-divergence: 1354.85573809. MSE: 0.697836534074. Diff MSE: 5.22415339906e-05.
Iteration 804. I-divergence: 1354.75616463. MSE: 0.697784377066. Diff MSE: 5.21570075718e-05.
Iteration 805. I-divergence: 1354.65675406. MSE: 0.697732304281. Diff MSE: 5.20727848805e-05.
Iteration 806. I-divergence: 1354.55750578. MSE: 0.697680315416. Diff MSE: 5.1988865396e-05.
Iteration 807. I-divergence: 1354.45841921. MSE: 0.697628410168. Diff MSE: 5.19052485317e-05.
Iteration 808. I-divergence: 1354.35949378. MSE: 0.697576588234. Diff MSE: 5.18219337478e-05.
Iteration 809. I-divergence: 1354.26072891. MSE: 0.697524849313. Diff MSE: 5.17389204456e-05.
Iteration 810. I-divergence: 1354.16212401. MSE: 0.697473193105. Diff MSE: 5.165620808e-05.
Iteration 811. I-divergence: 1354.06367852. MSE: 0.697421619309. Diff MSE: 5.15737960008e-05.
Iteration 812. I-divergence: 1353.96539184. MSE: 0.697370127626. Diff MSE: 5.14916836615e-05.
Iteration 813. I-divergence: 1353.86726341. MSE: 0.697318717755. Diff MSE: 5.14098704438e-05.
Iteration 814. I-divergence: 1353.76929266. MSE: 0.697267389399. Diff MSE: 5.13283557043e-05.
Iteration 815. I-divergence: 1353.67147901. MSE: 0.697216142261. Diff MSE: 5.12471388441e-05.
Iteration 816. I-divergence: 1353.57382189. MSE: 0.697164976041. Diff MSE: 5.11662192304e-05.
Iteration 817. I-divergence: 1353.47632073. MSE: 0.697113890445. Diff MSE: 5.10855961933e-05.
Iteration 818. I-divergence: 1353.37897496. MSE: 0.697062885176. Diff MSE: 5.10052691226e-05.
Iteration 819. I-divergence: 1353.28178402. MSE: 0.697011959939. Diff MSE: 5.09252373215e-05.
Iteration 820. I-divergence: 1353.18474733. MSE: 0.696961114439. Diff MSE: 5.08455001644e-05.
Iteration 821. I-divergence: 1353.08786434. MSE: 0.696910348382. Diff MSE: 5.07660569589e-05.
Iteration 822. I-divergence: 1352.99113448. MSE: 0.696859661475. Diff MSE: 5.06869070191e-05.
Iteration 823. I-divergence: 1352.89455719. MSE: 0.696809053425. Diff MSE: 5.06080496658e-05.
Iteration 824. I-divergence: 1352.79813191. MSE: 0.696758523941. Diff MSE: 5.05294842146e-05.
Iteration 825. I-divergence: 1352.70185808. MSE: 0.696708072731. Diff MSE: 5.04512099531e-05.
Iteration 826. I-divergence: 1352.60573515. MSE: 0.696657699505. Diff MSE: 5.03732261723e-05.
Iteration 827. I-divergence: 1352.50976255. MSE: 0.696607403972. Diff MSE: 5.02955321704e-05.
Iteration 828. I-divergence: 1352.41393973. MSE: 0.696557185845. Diff MSE: 5.02181272108e-05.
Iteration 829. I-divergence: 1352.31826614. MSE: 0.696507044835. Diff MSE: 5.01410105747e-05.
Iteration 830. I-divergence: 1352.22274122. MSE: 0.696456980653. Diff MSE: 5.00641815446e-05.
Iteration 831. I-divergence: 1352.12736444. MSE: 0.696406993014. Diff MSE: 4.99876393275e-05.
Iteration 832. I-divergence: 1352.03213523. MSE: 0.696357081631. Diff MSE: 4.99113832121e-05.
Iteration 833. I-divergence: 1351.93705305. MSE: 0.696307246218. Diff MSE: 4.98354124824e-05.
Iteration 834. I-divergence: 1351.84211735. MSE: 0.696257486492. Diff MSE: 4.97597263045e-05.
Iteration 835. I-divergence: 1351.7473276. MSE: 0.696207802168. Diff MSE: 4.96843239514e-05.
Iteration 836. I-divergence: 1351.65268324. MSE: 0.696158192963. Diff MSE: 4.9609204664e-05.
Iteration 837. I-divergence: 1351.55818374. MSE: 0.696108658596. Diff MSE: 4.95343676332e-05.
Iteration 838. I-divergence: 1351.46382856. MSE: 0.696059198783. Diff MSE: 4.94598121229e-05.
Iteration 839. I-divergence: 1351.36961715. MSE: 0.696009813246. Diff MSE: 4.93855372929e-05.
Iteration 840. I-divergence: 1351.27554899. MSE: 0.695960501704. Diff MSE: 4.93115424048e-05.
Iteration 841. I-divergence: 1351.18162354. MSE: 0.695911263877. Diff MSE: 4.92378266163e-05.
Iteration 842. I-divergence: 1351.08784026. MSE: 0.695862099488. Diff MSE: 4.91643891399e-05.
Iteration 843. I-divergence: 1350.99419862. MSE: 0.695813008259. Diff MSE: 4.90912291625e-05.
Iteration 844. I-divergence: 1350.90069809. MSE: 0.695763989913. Diff MSE: 4.90183458896e-05.
Iteration 845. I-divergence: 1350.80733815. MSE: 0.695715044174. Diff MSE: 4.89457385116e-05.
Iteration 846. I-divergence: 1350.71411826. MSE: 0.695666170768. Diff MSE: 4.88734061453e-05.
Iteration 847. I-divergence: 1350.6210379. MSE: 0.69561736942. Diff MSE: 4.88013480362e-05.
Iteration 848. I-divergence: 1350.52809655. MSE: 0.695568639857. Diff MSE: 4.8729563314e-05.
Iteration 849. I-divergence: 1350.43529369. MSE: 0.695519981806. Diff MSE: 4.86580511552e-05.
Iteration 850. I-divergence: 1350.34262879. MSE: 0.695471394995. Diff MSE: 4.85868107034e-05.
Iteration 851. I-divergence: 1350.25010133. MSE: 0.695422879154. Diff MSE: 4.85158411542e-05.
Iteration 852. I-divergence: 1350.15771081. MSE: 0.695374434012. Diff MSE: 4.84451416084e-05.
Iteration 853. I-divergence: 1350.0654567. MSE: 0.695326059301. Diff MSE: 4.83747112662e-05.
Iteration 854. I-divergence: 1349.97333849. MSE: 0.695277754752. Diff MSE: 4.83045492269e-05.
Iteration 855. I-divergence: 1349.88135566. MSE: 0.695229520097. Diff MSE: 4.82346546573e-05.
Iteration 856. I-divergence: 1349.78950772. MSE: 0.69518135507. Diff MSE: 4.81650266855e-05.
Iteration 857. I-divergence: 1349.69779414. MSE: 0.695133259406. Diff MSE: 4.80956644515e-05.
Iteration 858. I-divergence: 1349.60621442. MSE: 0.695085232839. Diff MSE: 4.80265670927e-05.
Iteration 859. I-divergence: 1349.51476806. MSE: 0.695037275105. Diff MSE: 4.79577337019e-05.
Iteration 860. I-divergence: 1349.42345455. MSE: 0.694989385942. Diff MSE: 4.78891634418e-05.
Iteration 861. I-divergence: 1349.33227339. MSE: 0.694941565086. Diff MSE: 4.7820855411e-05.
Iteration 862. I-divergence: 1349.24122408. MSE: 0.694893812278. Diff MSE: 4.77528087425e-05.
Iteration 863. I-divergence: 1349.15030613. MSE: 0.694846127255. Diff MSE: 4.76850225439e-05.
Iteration 864. I-divergence: 1349.05951903. MSE: 0.694798509759. Diff MSE: 4.76174959144e-05.
Iteration 865. I-divergence: 1348.96886228. MSE: 0.694750959531. Diff MSE: 4.75502279708e-05.
Iteration 866. I-divergence: 1348.87833541. MSE: 0.694703476313. Diff MSE: 4.74832178388e-05.
Iteration 867. I-divergence: 1348.78793791. MSE: 0.694656059849. Diff MSE: 4.74164645925e-05.
Iteration 868. I-divergence: 1348.69766929. MSE: 0.694608709881. Diff MSE: 4.7349967366e-05.
Iteration 869. I-divergence: 1348.60752908. MSE: 0.694561426156. Diff MSE: 4.72837252161e-05.
Iteration 870. I-divergence: 1348.51751677. MSE: 0.694514208419. Diff MSE: 4.72177372911e-05.
Iteration 871. I-divergence: 1348.42763189. MSE: 0.694467056416. Diff MSE: 4.71520026398e-05.
Iteration 872. I-divergence: 1348.33787395. MSE: 0.694419969896. Diff MSE: 4.70865203732e-05.
Iteration 873. I-divergence: 1348.24824248. MSE: 0.694372948606. Diff MSE: 4.70212895965e-05.
Iteration 874. I-divergence: 1348.15873699. MSE: 0.694325992297. Diff MSE: 4.69563093607e-05.
Iteration 875. I-divergence: 1348.069357. MSE: 0.694279100718. Diff MSE: 4.68915787971e-05.
Iteration 876. I-divergence: 1347.98010204. MSE: 0.694232273621. Diff MSE: 4.68270969585e-05.
Iteration 877. I-divergence: 1347.89097164. MSE: 0.694185510758. Diff MSE: 4.67628629403e-05.
Iteration 878. I-divergence: 1347.80196533. MSE: 0.694138811882. Diff MSE: 4.66988758346e-05.
Iteration 879. I-divergence: 1347.71308262. MSE: 0.694092176748. Diff MSE: 4.66351346819e-05.
Iteration 880. I-divergence: 1347.62432306. MSE: 0.694045605109. Diff MSE: 4.65716386343e-05.
Iteration 881. I-divergence: 1347.53568618. MSE: 0.693999096722. Diff MSE: 4.65083866767e-05.
Iteration 882. I-divergence: 1347.44717151. MSE: 0.693952651344. Diff MSE: 4.64453779581e-05.
Iteration 883. I-divergence: 1347.35877859. MSE: 0.693906268733. Diff MSE: 4.63826115363e-05.
Iteration 884. I-divergence: 1347.27050695. MSE: 0.693859948646. Diff MSE: 4.63200864521e-05.
Iteration 885. I-divergence: 1347.18235615. MSE: 0.693813690845. Diff MSE: 4.62578018136e-05.
Iteration 886. I-divergence: 1347.09432571. MSE: 0.693767495088. Diff MSE: 4.61957566882e-05.
Iteration 887. I-divergence: 1347.00641518. MSE: 0.693721361138. Diff MSE: 4.61339501434e-05.
Iteration 888. I-divergence: 1346.91862412. MSE: 0.693675288757. Diff MSE: 4.60723812306e-05.
Iteration 889. I-divergence: 1346.83095206. MSE: 0.693629277707. Diff MSE: 4.60110490561e-05.
Iteration 890. I-divergence: 1346.74339856. MSE: 0.693583327755. Diff MSE: 4.59499526606e-05.
Iteration 891. I-divergence: 1346.65596316. MSE: 0.693537438664. Diff MSE: 4.58890911011e-05.
Iteration 892. I-divergence: 1346.56864542. MSE: 0.6934916102. Diff MSE: 4.58284634939e-05.
Iteration 893. I-divergence: 1346.48144489. MSE: 0.693445842131. Diff MSE: 4.57680688618e-05.
Iteration 894. I-divergence: 1346.39436114. MSE: 0.693400134225. Diff MSE: 4.57079062707e-05.
Iteration 895. I-divergence: 1346.30739371. MSE: 0.69335448625. Diff MSE: 4.56479748232e-05.
Iteration 896. I-divergence: 1346.22054217. MSE: 0.693308897977. Diff MSE: 4.55882735607e-05.
Iteration 897. I-divergence: 1346.13380608. MSE: 0.693263369175. Diff MSE: 4.5528801547e-05.
Iteration 898. I-divergence: 1346.047185. MSE: 0.693217899617. Diff MSE: 4.54695578522e-05.
Iteration 899. I-divergence: 1345.9606785. MSE: 0.693172489076. Diff MSE: 4.54105415327e-05.
Iteration 900. I-divergence: 1345.87428615. MSE: 0.693127137324. Diff MSE: 4.53517517134e-05.
Iteration 901. I-divergence: 1345.7880075. MSE: 0.693081844137. Diff MSE: 4.52931873521e-05.
Iteration 902. I-divergence: 1345.70184215. MSE: 0.693036609289. Diff MSE: 4.5234847591e-05.
Iteration 903. I-divergence: 1345.61578965. MSE: 0.692991432558. Diff MSE: 4.51767314986e-05.
Iteration 904. I-divergence: 1345.52984958. MSE: 0.692946313719. Diff MSE: 4.51188381175e-05.
Iteration 905. I-divergence: 1345.44402151. MSE: 0.692901252553. Diff MSE: 4.50611664812e-05.
Iteration 906. I-divergence: 1345.35830503. MSE: 0.692856248837. Diff MSE: 4.50037157372e-05.
Iteration 907. I-divergence: 1345.27269972. MSE: 0.692811302352. Diff MSE: 4.49464849066e-05.
Iteration 908. I-divergence: 1345.18720515. MSE: 0.692766412879. Diff MSE: 4.48894730406e-05.
Iteration 909. I-divergence: 1345.10182091. MSE: 0.6927215802. Diff MSE: 4.48326792256e-05.
Iteration 910. I-divergence: 1345.01654658. MSE: 0.692676804098. Diff MSE: 4.47761025542e-05.
Iteration 911. I-divergence: 1344.93138175. MSE: 0.692632084355. Diff MSE: 4.47197420609e-05.
Iteration 912. I-divergence: 1344.84632601. MSE: 0.692587420759. Diff MSE: 4.46635968203e-05.
Iteration 913. I-divergence: 1344.76137894. MSE: 0.692542813093. Diff MSE: 4.46076659202e-05.
Iteration 914. I-divergence: 1344.67654015. MSE: 0.692498261144. Diff MSE: 4.45519484157e-05.
Iteration 915. I-divergence: 1344.59180922. MSE: 0.692453764701. Diff MSE: 4.44964434132e-05.
Iteration 916. I-divergence: 1344.50718575. MSE: 0.692409323551. Diff MSE: 4.44411499351e-05.
Iteration 917. I-divergence: 1344.42266934. MSE: 0.692364937484. Diff MSE: 4.43860670916e-05.
Iteration 918. I-divergence: 1344.33825958. MSE: 0.69232060629. Diff MSE: 4.43311939557e-05.
Iteration 919. I-divergence: 1344.25395608. MSE: 0.69227632976. Diff MSE: 4.42765295775e-05.
Iteration 920. I-divergence: 1344.16975843. MSE: 0.692232107687. Diff MSE: 4.42220730666e-05.
Iteration 921. I-divergence: 1344.08566625. MSE: 0.692187939864. Diff MSE: 4.41678234859e-05.
Iteration 922. I-divergence: 1344.00167914. MSE: 0.692143826084. Diff MSE: 4.41137799001e-05.
Iteration 923. I-divergence: 1343.9177967. MSE: 0.692099766142. Diff MSE: 4.40599414541e-05.
Iteration 924. I-divergence: 1343.83401855. MSE: 0.692055759835. Diff MSE: 4.40063071374e-05.
Iteration 925. I-divergence: 1343.75034429. MSE: 0.692011806959. Diff MSE: 4.39528760959e-05.
Iteration 926. I-divergence: 1343.66677355. MSE: 0.691967907312. Diff MSE: 4.38996473999e-05.
Iteration 927. I-divergence: 1343.58330593. MSE: 0.691924060692. Diff MSE: 4.38466201343e-05.
Iteration 928. I-divergence: 1343.49994105. MSE: 0.691880266898. Diff MSE: 4.37937933839e-05.
Iteration 929. I-divergence: 1343.41667853. MSE: 0.691836525732. Diff MSE: 4.37411662547e-05.
Iteration 930. I-divergence: 1343.33351798. MSE: 0.691792836994. Diff MSE: 4.3688737815e-05.
Iteration 931. I-divergence: 1343.25045904. MSE: 0.691749200487. Diff MSE: 4.36365071697e-05.
Iteration 932. I-divergence: 1343.16750132. MSE: 0.691705616014. Diff MSE: 4.35844734036e-05.
Iteration 933. I-divergence: 1343.08464445. MSE: 0.691662083378. Diff MSE: 4.35326356131e-05.
Iteration 934. I-divergence: 1343.00188806. MSE: 0.691618602385. Diff MSE: 4.34809929235e-05.
Iteration 935. I-divergence: 1342.91923177. MSE: 0.691575172841. Diff MSE: 4.34295443938e-05.
Iteration 936. I-divergence: 1342.83667521. MSE: 0.691531794552. Diff MSE: 4.3378289136e-05.
Iteration 937. I-divergence: 1342.75421802. MSE: 0.691488467325. Diff MSE: 4.33272262671e-05.
Iteration 938. I-divergence: 1342.67185983. MSE: 0.69144519097. Diff MSE: 4.32763548914e-05.
Iteration 939. I-divergence: 1342.58960027. MSE: 0.691401965296. Diff MSE: 4.32256740995e-05.
Iteration 940. I-divergence: 1342.50743898. MSE: 0.691358790113. Diff MSE: 4.31751829971e-05.
Iteration 941. I-divergence: 1342.4253756. MSE: 0.691315665233. Diff MSE: 4.31248807108e-05.
Iteration 942. I-divergence: 1342.34340978. MSE: 0.691272590466. Diff MSE: 4.30747663523e-05.
Iteration 943. I-divergence: 1342.26154114. MSE: 0.691229565627. Diff MSE: 4.30248390028e-05.
Iteration 944. I-divergence: 1342.17976934. MSE: 0.691186590529. Diff MSE: 4.29750978231e-05.
Iteration 945. I-divergence: 1342.09809402. MSE: 0.691143664988. Diff MSE: 4.29255419128e-05.
Iteration 946. I-divergence: 1342.01651483. MSE: 0.691100788817. Diff MSE: 4.28761704038e-05.
Iteration 947. I-divergence: 1341.93503141. MSE: 0.691057961835. Diff MSE: 4.28269823798e-05.
Iteration 948. I-divergence: 1341.85364342. MSE: 0.691015183858. Diff MSE: 4.27779769737e-05.
Iteration 949. I-divergence: 1341.77235051. MSE: 0.690972454704. Diff MSE: 4.27291533629e-05.
Iteration 950. I-divergence: 1341.69115233. MSE: 0.690929774194. Diff MSE: 4.26805106273e-05.
Iteration 951. I-divergence: 1341.61004854. MSE: 0.690887142146. Diff MSE: 4.26320479048e-05.
Iteration 952. I-divergence: 1341.52903879. MSE: 0.690844558382. Diff MSE: 4.25837643488e-05.
Iteration 953. I-divergence: 1341.44812274. MSE: 0.690802022722. Diff MSE: 4.25356590583e-05.
Iteration 954. I-divergence: 1341.36730006. MSE: 0.690759534991. Diff MSE: 4.24877312161e-05.
Iteration 955. I-divergence: 1341.2865704. MSE: 0.690717095011. Diff MSE: 4.24399799285e-05.
Iteration 956. I-divergence: 1341.20593342. MSE: 0.690674702607. Diff MSE: 4.23924043502e-05.
Iteration 957. I-divergence: 1341.1253888. MSE: 0.690632357603. Diff MSE: 4.23450035976e-05.
Iteration 958. I-divergence: 1341.0449362. MSE: 0.690590059827. Diff MSE: 4.22977768736e-05.
Iteration 959. I-divergence: 1340.96457528. MSE: 0.690547809103. Diff MSE: 4.22507232786e-05.
Iteration 960. I-divergence: 1340.88430572. MSE: 0.690505605261. Diff MSE: 4.22038419878e-05.
Iteration 961. I-divergence: 1340.80412719. MSE: 0.690463448129. Diff MSE: 4.21571321542e-05.
Iteration 962. I-divergence: 1340.72403936. MSE: 0.690421337536. Diff MSE: 4.21105929154e-05.
Iteration 963. I-divergence: 1340.64404191. MSE: 0.690379273313. Diff MSE: 4.20642234392e-05.
Iteration 964. I-divergence: 1340.5641345. MSE: 0.69033725529. Diff MSE: 4.20180229221e-05.
Iteration 965. I-divergence: 1340.48431683. MSE: 0.690295283299. Diff MSE: 4.19719904713e-05.
Iteration 966. I-divergence: 1340.40458856. MSE: 0.690253357174. Diff MSE: 4.19261252744e-05.
Iteration 967. I-divergence: 1340.32494939. MSE: 0.690211476748. Diff MSE: 4.18804265215e-05.
Iteration 968. I-divergence: 1340.24539898. MSE: 0.690169641854. Diff MSE: 4.18348933671e-05.
Iteration 969. I-divergence: 1340.16593703. MSE: 0.690127852329. Diff MSE: 4.1789524969e-05.
Iteration 970. I-divergence: 1340.08656322. MSE: 0.690086108009. Diff MSE: 4.17443205475e-05.
Iteration 971. I-divergence: 1340.00727724. MSE: 0.690044408729. Diff MSE: 4.1699279232e-05.
Iteration 972. I-divergence: 1339.92807877. MSE: 0.690002754329. Diff MSE: 4.16544002364e-05.
Iteration 973. I-divergence: 1339.84896751. MSE: 0.689961144646. Diff MSE: 4.16096827408e-05.
Iteration 974. I-divergence: 1339.76994315. MSE: 0.689919579521. Diff MSE: 4.1565125928e-05.
Iteration 975. I-divergence: 1339.69100538. MSE: 0.689878058792. Diff MSE: 4.15207289871e-05.
Iteration 976. I-divergence: 1339.61215389. MSE: 0.6898365823. Diff MSE: 4.14764911107e-05.
Iteration 977. I-divergence: 1339.53338839. MSE: 0.689795149889. Diff MSE: 4.14324115008e-05.
Iteration 978. I-divergence: 1339.45470857. MSE: 0.6897537614. Diff MSE: 4.1388489351e-05.
Iteration 979. I-divergence: 1339.37611412. MSE: 0.689712416676. Diff MSE: 4.1344723852e-05.
Iteration 980. I-divergence: 1339.29760475. MSE: 0.689671115562. Diff MSE: 4.13011142173e-05.
Iteration 981. I-divergence: 1339.21918017. MSE: 0.689629857902. Diff MSE: 4.12576596746e-05.
Iteration 982. I-divergence: 1339.14084007. MSE: 0.689588643542. Diff MSE: 4.12143593932e-05.
Iteration 983. I-divergence: 1339.06258416. MSE: 0.68954747233. Diff MSE: 4.11712126152e-05.
Iteration 984. I-divergence: 1338.98441215. MSE: 0.689506344111. Diff MSE: 4.11282185219e-05.
Iteration 985. I-divergence: 1338.90632374. MSE: 0.689465258735. Diff MSE: 4.10853763946e-05.
Iteration 986. I-divergence: 1338.82831864. MSE: 0.68942421605. Diff MSE: 4.10426853625e-05.
Iteration 987. I-divergence: 1338.75039657. MSE: 0.689383215905. Diff MSE: 4.10001447412e-05.
Iteration 988. I-divergence: 1338.67255724. MSE: 0.689342258151. Diff MSE: 4.09577536862e-05.
Iteration 989. I-divergence: 1338.59480036. MSE: 0.68930134264. Diff MSE: 4.09155114773e-05.
Iteration 990. I-divergence: 1338.51712565. MSE: 0.689260469222. Diff MSE: 4.08734173163e-05.
Iteration 991. I-divergence: 1338.43953282. MSE: 0.689219637752. Diff MSE: 4.08314704258e-05.
Iteration 992. I-divergence: 1338.36202159. MSE: 0.689178848082. Diff MSE: 4.07896700904e-05.
Iteration 993. I-divergence: 1338.28459168. MSE: 0.689138100066. Diff MSE: 4.07480155109e-05.
Iteration 994. I-divergence: 1338.20724282. MSE: 0.68909739356. Diff MSE: 4.07065059387e-05.
Iteration 995. I-divergence: 1338.12997472. MSE: 0.68905672842. Diff MSE: 4.06651406328e-05.
Iteration 996. I-divergence: 1338.05278711. MSE: 0.689016104501. Diff MSE: 4.06239188305e-05.
Iteration 997. I-divergence: 1337.97567971. MSE: 0.688975521661. Diff MSE: 4.05828397776e-05.
Iteration 998. I-divergence: 1337.89865225. MSE: 0.688934979758. Diff MSE: 4.05419027711e-05.
Iteration 999. I-divergence: 1337.82170446. MSE: 0.688894478651. Diff MSE: 4.05011069907e-05.
Iteration 1000. I-divergence: 1337.74483607. MSE: 0.6888540182. Diff MSE: 4.04604517863e-05.
Performance on test set: MSE=0.73683041152, I-div=357.38435836.
0.73683041152
