Fold 1 for k=1,l=25.
Initialising F using KMeans.
Iteration: 1.
Iteration: 2.
[622.0]
Initialising G using KMeans.
Iteration: 1.
Iteration: 2.
Iteration: 3.
Iteration: 4.
Iteration: 5.
[6.0, 0.0, 0.0, 0.0, 0.0, 0.0, 0.0, 31.0, 8.0, 14.0, 0.0, 1.0, 0.0, 11.0, 1.0, 0.0, 0.0, 3.0, 10.0, 0.0, 0.0, 10.0, 11.0, 13.0, 20.0]
Iteration 0. I-divergence: 172099.247171. MSE: 58.0941451041. Diff MSE: -58.0941451041.
Iteration 1. I-divergence: 1651.61058573. MSE: 0.85342787773. Diff MSE: 57.2407172264.
Iteration 2. I-divergence: 1633.7806508. MSE: 0.844018662235. Diff MSE: 0.00940921549526.
Iteration 3. I-divergence: 1631.69737527. MSE: 0.842923482007. Diff MSE: 0.00109518022762.
Iteration 4. I-divergence: 1631.4503186. MSE: 0.842794197668. Diff MSE: 0.000129284338913.
Iteration 5. I-divergence: 1631.42038689. MSE: 0.842778652567. Diff MSE: 1.55451015994e-05.
Iteration 6. I-divergence: 1631.41663893. MSE: 0.842776722156. Diff MSE: 1.93041022134e-06.
Iteration 7. I-divergence: 1631.41614598. MSE: 0.842776464197. Diff MSE: 2.57959206884e-07.
Iteration 8. I-divergence: 1631.41607664. MSE: 0.842776422642. Diff MSE: 4.15553301769e-08.
Iteration 9. I-divergence: 1631.41606607. MSE: 0.842776412938. Diff MSE: 9.70357127983e-09.
Iteration 10. I-divergence: 1631.41606431. MSE: 0.842776409549. Diff MSE: 3.38887640172e-09.
Iteration 11. I-divergence: 1631.416064. MSE: 0.842776408078. Diff MSE: 1.4716835528e-09.
Iteration 12. I-divergence: 1631.41606394. MSE: 0.842776407393. Diff MSE: 6.84414747099e-10.
Iteration 13. I-divergence: 1631.41606393. MSE: 0.842776407071. Diff MSE: 3.22019300114e-10.
Iteration 14. I-divergence: 1631.41606393. MSE: 0.84277640692. Diff MSE: 1.50919610142e-10.
Iteration 15. I-divergence: 1631.41606393. MSE: 0.84277640685. Diff MSE: 7.03108682387e-11.
Iteration 16. I-divergence: 1631.41606393. MSE: 0.842776406817. Diff MSE: 3.25524052158e-11.
Iteration 17. I-divergence: 1631.41606393. MSE: 0.842776406802. Diff MSE: 1.50157664081e-11.
Iteration 18. I-divergence: 1631.41606393. MSE: 0.842776406796. Diff MSE: 6.90580925777e-12.
Iteration 19. I-divergence: 1631.41606393. MSE: 0.842776406792. Diff MSE: 3.17090798063e-12.
Iteration 20. I-divergence: 1631.41606393. MSE: 0.842776406791. Diff MSE: 1.43673961617e-12.
Iteration 21. I-divergence: 1631.41606393. MSE: 0.84277640679. Diff MSE: 6.77347067324e-13.
Iteration 22. I-divergence: 1631.41606393. MSE: 0.84277640679. Diff MSE: 3.06088487889e-13.
Iteration 23. I-divergence: 1631.41606393. MSE: 0.84277640679. Diff MSE: 1.34670052887e-13.
Iteration 24. I-divergence: 1631.41606393. MSE: 0.84277640679. Diff MSE: 7.06101843662e-14.
Iteration 25. I-divergence: 1631.41606393. MSE: 0.84277640679. Diff MSE: 2.94209101526e-14.
Iteration 26. I-divergence: 1631.41606393. MSE: 0.84277640679. Diff MSE: 1.13242748512e-14.
Iteration 27. I-divergence: 1631.41606393. MSE: 0.84277640679. Diff MSE: 6.2172489379e-15.
Iteration 28. I-divergence: 1631.41606393. MSE: 0.84277640679. Diff MSE: 1.38777878078e-14.
Iteration 29. I-divergence: 1631.41606393. MSE: 0.84277640679. Diff MSE: -8.65973959208e-15.
Iteration 30. I-divergence: 1631.41606393. MSE: 0.84277640679. Diff MSE: 7.21644966006e-15.
Iteration 31. I-divergence: 1631.41606393. MSE: 0.84277640679. Diff MSE: -1.09912079438e-14.
Iteration 32. I-divergence: 1631.41606393. MSE: 0.84277640679. Diff MSE: 5.55111512313e-15.
Iteration 33. I-divergence: 1631.41606393. MSE: 0.84277640679. Diff MSE: 1.55431223448e-15.
Iteration 34. I-divergence: 1631.41606393. MSE: 0.84277640679. Diff MSE: 6.66133814775e-16.
Iteration 35. I-divergence: 1631.41606393. MSE: 0.84277640679. Diff MSE: -2.6645352591e-15.
Iteration 36. I-divergence: 1631.41606393. MSE: 0.84277640679. Diff MSE: 1.7763568394e-15.
Iteration 37. I-divergence: 1631.41606393. MSE: 0.84277640679. Diff MSE: -1.11022302463e-16.
Iteration 38. I-divergence: 1631.41606393. MSE: 0.84277640679. Diff MSE: -7.77156117238e-16.
Iteration 39. I-divergence: 1631.41606393. MSE: 0.84277640679. Diff MSE: 1.33226762955e-15.
Iteration 40. I-divergence: 1631.41606393. MSE: 0.84277640679. Diff MSE: -1.33226762955e-15.
Iteration