Fold 1 for k=20,l=10.
Initialising F using KMeans.
Iteration: 1.
Iteration: 2.
Iteration: 3.
Iteration: 4.
Iteration: 5.
Iteration: 6.
Iteration: 7.
Iteration: 8.
Iteration: 9.
Iteration: 10.
Iteration: 11.
Iteration: 12.
Iteration: 13.
Iteration: 14.
Iteration: 15.
Iteration: 16.
Iteration: 17.
Iteration: 18.
Iteration: 19.
Iteration: 20.
[91.0, 35.0, 14.0, 42.0, 4.0, 53.0, 106.0, 5.0, 51.0, 90.0, 3.0, 66.0, 0.0, 1.0, 24.0, 31.0, 6.0, 0.0, 0.0, 0.0]
Initialising G using KMeans.
Iteration: 1.
Iteration: 2.
Iteration: 3.
Iteration: 4.
Iteration: 5.
Iteration: 6.
Iteration: 7.
Iteration: 8.
Iteration: 9.
[16.0, 1.0, 12.0, 4.0, 5.0, 6.0, 2.0, 41.0, 36.0, 16.0]
Iteration 0. I-divergence: 2047.28131549. MSE: 1.0623322685. Diff MSE: -1.0623322685.
Iteration 1. I-divergence: 1664.47202978. MSE: 0.860155204019. Diff MSE: 0.202177064485.
Iteration 2. I-divergence: 1631.21787761. MSE: 0.842661359081. Diff MSE: 0.0174938449382.
Iteration 3. I-divergence: 1625.55451149. MSE: 0.839671457834. Diff MSE: 0.00298990124713.
Iteration 4. I-divergence: 1623.1165582. MSE: 0.838381911396. Diff MSE: 0.0012895464384.
Iteration 5. I-divergence: 1621.09793392. MSE: 0.837313371411. Diff MSE: 0.00106853998475.
Iteration 6. I-divergence: 1619.16441635. MSE: 0.836289675636. Diff MSE: 0.00102369577485.
Iteration 7. I-divergence: 1617.27326929. MSE: 0.835288342501. Diff MSE: 0.00100133313505.
Iteration 8. I-divergence: 1615.41765977. MSE: 0.834305789954. Diff MSE: 0.00098255254725.
Iteration 9. I-divergence: 1613.59559833. MSE: 0.833340975825. Diff MSE: 0.000964814128608.
Iteration 10. I-divergence: 1611.8058835. MSE: 0.832393268486. Diff MSE: 0.000947707339379.
Iteration 11. I-divergence: 1610.0474968. MSE: 0.831462131305. Diff MSE: 0.000931137180981.
Iteration 12. I-divergence: 1608.31949204. MSE: 0.830547065421. Diff MSE: 0.000915065883555.
Iteration 13. I-divergence: 1606.62096926. MSE: 0.829647596368. Diff MSE: 0.00089946905296.
Iteration 14. I-divergence: 1604.95106663. MSE: 0.828763269881. Diff MSE: 0.000884326487056.
Iteration 15. I-divergence: 1603.30895688. MSE: 0.827893650025. Diff MSE: 0.00086961985589.
Iteration 16. I-divergence: 1601.69384511. MSE: 0.827038318007. Diff MSE: 0.000855332018049.
Iteration 17. I-divergence: 1600.10496703. MSE: 0.826196871226. Diff MSE: 0.000841446780895.
Iteration 18. I-divergence: 1598.54158737. MSE: 0.825368922434. Diff MSE: 0.000827948792132.
Iteration 19. I-divergence: 1597.00299848. MSE: 0.824554098961. Diff MSE: 0.000814823473782.
Iteration 20. I-divergence: 1595.48851897. MSE: 0.823752041989. Diff MSE: 0.000802056971299.
Iteration 21. I-divergence: 1593.9974924. MSE: 0.822962405879. Diff MSE: 0.000789636109977.
Iteration 22. I-divergence: 1592.52928609. MSE: 0.822184857524. Diff MSE: 0.000777548355208.
Iteration 23. I-divergence: 1591.08329. MSE: 0.821419075748. Diff MSE: 0.000765781775815.
Iteration 24. I-divergence: 1589.65891563. MSE: 0.820664750738. Diff MSE: 0.000754325010002.
Iteration 25. I-divergence: 1588.25559502. MSE: 0.819921583505. Diff MSE: 0.000743167233344.
Iteration 26. I-divergence: 1586.87277978. MSE: 0.819189285376. Diff MSE: 0.000732298129177.
Iteration 27. I-divergence: 1585.50994018. MSE: 0.818467577515. Diff MSE: 0.000721707860339.
Iteration 28. I-divergence: 1584.16656433. MSE: 0.817756190472. Diff MSE: 0.000711387043102.
Iteration 29. I-divergence: 1582.8421573. MSE: 0.81705486375. Diff MSE: 0.000701326722557.
Iteration 30. I-divergence: 1581.53624043. MSE: 0.816363345401. Diff MSE: 0.000691518349243.
Iteration 31. I-divergence: 1580.24835054. MSE: 0.815681391643. Diff MSE: 0.000681953757583.
Iteration 32. I-divergence: 1578.97803929. MSE: 0.815008766498. Diff MSE: 0.000672625145281.
Iteration 33. I-divergence: 1577.72487249. MSE: 0.814345241444. Diff MSE: 0.000663525054101.
Iteration 34. I-divergence: 1576.48842953. MSE: 0.813690595092. Diff MSE: 0.000654646351589.
Iteration 35. I-divergence: 1575.26830273. MSE: 0.813044612878. Diff MSE: 0.00064598221411.
Iteration 36. I-divergence: 1574.06409686. MSE: 0.812407086767. Diff MSE: 0.000637526110479.
Iteration 37. I-divergence: 1572.87542856. MSE: 0.81177781498. Diff MSE: 0.000629271787033.
Iteration 38. I-divergence: 1571.70192588. MSE: 0.811156601727. Diff MSE: 0.000621213252934.
Iteration 39. I-divergence: 1570.54322779. MSE: 0.810543256961. Diff MSE: 0.000613344766747.
Iteration 40. I-divergence: 1569.3989837. MSE: 0.809937596137. Diff MSE: 0.000605660823641.
Iteration 41. I-divergence: 1568.26885312. MSE: 0.809339439994. Diff MSE: 0.000598156143236.
Iteration 42. I-divergence: 1567.15250518. MSE: 0.808748614336. Diff MSE: 0.000590825658037.
Iteration 43. I-divergence: 1566.04961826. MSE: 0.808164949833. Diff MSE: 0.000583664502746.
Iteration 44. I-divergence: 1564.95987967. MSE: 0.807588281829. Diff MSE: 0.00057666800394.
Iteration 45. I-divergence: 1563.88298526. MSE: 0.807018450159. Diff MSE: 0.000569831670323.
Iteration 46. I-divergence: 1562.8186391. MSE: 0.806455298975. Diff MSE: 0.000563151183594.
Iteration 47. I-divergence: 1561.7665532. MSE: 0.805898676585. Diff MSE: 0.000556622389756.
Iteration 48. I-divergence: 1560.72644716. MSE: 0.805348435295. Diff MSE: 0.000550241290751.
Iteration 49. I-divergence: 1559.69804796. MSE: 0.804804431258. Diff MSE: 0.000544004036857.
Iteration 50. I-divergence: 1558.68108961. MSE: 0.804266524339. Diff MSE: 0.000537906919135.
Iteration 51. I-divergence: 1557.67531298. MSE: 0.803734577976. Diff MSE: 0.000531946362431.
Iteration 52. I-divergence: 1556.68046548. MSE: 0.803208459057. Diff MSE: 0.000526118918851.
Iteration 53. I-divergence: 1555.69630091. MSE: 0.802688037796. Diff MSE: 0.000520421261302.
Iteration 54. I-divergence: 1554.72257917. MSE: 0.802173187618. Diff MSE: 0.00051485017765.
Iteration 55. I-divergence: 1553.75906609. MSE: 0.801663785053. Diff MSE: 0.00050940256505.
Iteration 56. I-divergence: 1552.80553323. MSE: 0.801159709629. Diff MSE: 0.000504075424519.
Iteration 57. I-divergence: 1551.86175771. MSE: 0.800660843773. Diff MSE: 0.000498865855966.
Iteration 58. I-divergence: 1550.92752198. MSE: 0.80016707272. Diff MSE: 0.000493771053245.
Iteration 59. I-divergence: 1550.00261368. MSE: 0.79967828442. Diff MSE: 0.000488788299731.
Iteration 60. I-divergence: 1549.08682551. MSE: 0.799194369456. Diff MSE: 0.000483914963908.
Iteration 61. I-divergence: 1548.17995501. MSE: 0.798715220961. Diff MSE: 0.000479148495324.
Iteration 62. I-divergence: 1547.28180448. MSE: 0.79824073454. Diff MSE: 0.000474486420712.
Iteration 63. I-divergence: 1546.39218077. MSE: 0.7977708082. Diff MSE: 0.000469926340264.
Iteration 64. I-divergence: 1545.51089521. MSE: 0.797305342275. Diff MSE: 0.000465465924245.
Iteration 65. I-divergence: 1544.63776346. MSE: 0.796844239366. Diff MSE: 0.000461102909685.
Iteration 66. I-divergence: 1543.77260536. MSE: 0.796387404269. Diff MSE: 0.000456835097179.
Iteration 67. I-divergence: 1542.91524488. MSE: 0.79593474392. Diff MSE: 0.000452660348095.
Iteration 68. I-divergence: 1542.06550993. MSE: 0.795486167339. Diff MSE: 0.000448576581615.
Iteration 69. I-divergence: 1541.2232323. MSE: 0.795041585567. Diff MSE: 0.000444581772318.
Iteration 70. I-divergence: 1540.38824759. MSE: 0.794600911619. Diff MSE: 0.000440673947517.
Iteration 71. I-divergence: 1539.56039502. MSE: 0.794164060434. Diff MSE: 0.000436851184941.
Iteration 72. I-divergence: 1538.73951744. MSE: 0.793730948823. Diff MSE: 0.000433111610663.
Iteration 73. I-divergence: 1537.92546118. MSE: 0.793301495427. Diff MSE: 0.000429453396785.
Iteration 74. I-divergence: 1537.11807596. MSE: 0.792875620667. Diff MSE: 0.000425874759655.
Iteration 75. I-divergence: 1536.31721487. MSE: 0.792453246709. Diff MSE: 0.000422373957952.
Iteration 76. I-divergence: 1535.52273421. MSE: 0.792034297418. Diff MSE: 0.000418949290811.
Iteration 77. I-divergence: 1534.73449349. MSE: 0.791618698322. Diff MSE: 0.000415599096411.
Iteration 78. I-divergence: 1533.95235532. MSE: 0.791206376572. Diff MSE: 0.000412321750175.
Iteration 79. I-divergence: 1533.17618532. MSE: 0.790797260908. Diff MSE: 0.000409115663507.
Iteration 80. I-divergence: 1532.40585212. MSE: 0.790391281626. Diff MSE: 0.000405979282242.
Iteration 81. I-divergence: 1531.64122722. MSE: 0.78998837054. Diff MSE: 0.000402911085493.
Iteration 82. I-divergence: 1530.88218499. MSE: 0.789588460956. Diff MSE: 0.000399909584345.
Iteration 83. I-divergence: 1530.12860257. MSE: 0.789191487635. Diff MSE: 0.000396973320724.
Iteration 84. I-divergence: 1529.38035984. MSE: 0.788797386769. Diff MSE: 0.000394100866405.
Iteration 85. I-divergence: 1528.63733934. MSE: 0.788406095947. Diff MSE: 0.000391290821825.
Iteration 86. I-divergence: 1527.89942625. MSE: 0.788017554132. Diff MSE: 0.00038854181539.
Iteration 87. I-divergence: 1527.16650828. MSE: 0.787631701629. Diff MSE: 0.000385852502283.
Iteration 88. I-divergence: 1526.43847568. MSE: 0.787248480066. Diff MSE: 0.000383221563896.
Iteration 89. I-divergence: 1525.71522118. MSE: 0.786867832359. Diff MSE: 0.000380647706914.
Iteration 90. I-divergence: 1524.99663991. MSE: 0.786489702696. Diff MSE: 0.000378129662573.
Iteration 91. I-divergence: 1524.28262937. MSE: 0.78611403651. Diff MSE: 0.000375666186082.
Iteration 92. I-divergence: 1523.5730894. MSE: 0.785740780454. Diff MSE: 0.000373256055809.
Iteration 93. I-divergence: 1522.86792213. MSE: 0.785369882381. Diff MSE: 0.000370898072829.
Iteration 94. I-divergence: 1522.16703191. MSE: 0.785001291321. Diff MSE: 0.000368591060313.
Iteration 95. I-divergence: 1521.47032533. MSE: 0.784634957458. Diff MSE: 0.000366333862946.
Iteration 96. I-divergence: 1520.77771109. MSE: 0.784270832112. Diff MSE: 0.000364125346436.
Iteration 97. I-divergence: 1520.08910005. MSE: 0.783908867714. Diff MSE: 0.000361964397177.
Iteration 98. I-divergence: 1519.40440514. MSE: 0.783549017793. Diff MSE: 0.00035984992157.
Iteration 99. I-divergence: 1518.72354132. MSE: 0.783191236947. Diff MSE: 0.000357780845837.
Iteration 100. I-divergence: 1518.04642556. MSE: 0.782835480831. Diff MSE: 0.000355756115557.
Iteration 101. I-divergence: 1517.37297683. MSE: 0.782481706136. Diff MSE: 0.000353774695168.
Iteration 102. I-divergence: 1516.70311598. MSE: 0.782129870568. Diff MSE: 0.000351835567914.
Iteration 103. I-divergence: 1516.03676581. MSE: 0.781779932833. Diff MSE: 0.000349937735137.
Iteration 104. I-divergence: 1515.37385095. MSE: 0.781431852617. Diff MSE: 0.000348080216356.
Iteration 105. I-divergence: 1514.71429786. MSE: 0.781085590568. Diff MSE: 0.000346262048681.
Iteration 106. I-divergence: 1514.05803481. MSE: 0.780741108282. Diff MSE: 0.000344482286715.
Iteration 107. I-divergence: 1513.40499183. MSE: 0.780398368279. Diff MSE: 0.000342740002202.
Iteration 108. I-divergence: 1512.75510067. MSE: 0.780057333996. Diff MSE: 0.000341034283811.
Iteration 109. I-divergence: 1512.10829479. MSE: 0.779717969759. Diff MSE: 0.000339364236868.
Iteration 110. I-divergence: 1511.46450929. MSE: 0.779380240775. Diff MSE: 0.000337728983194.
Iteration 111. I-divergence: 1510.82368095. MSE: 0.779044113115. Diff MSE: 0.000336127660804.
Iteration 112. I-divergence: 1510.1857481. MSE: 0.778709553691. Diff MSE: 0.000334559423788.
Iteration 113. I-divergence: 1509.55065069. MSE: 0.778376530249. Diff MSE: 0.00033302344199.
Iteration 114. I-divergence: 1508.91833018. MSE: 0.778045011348. Diff MSE: 0.000331518900928.
Iteration 115. I-divergence: 1508.28872957. MSE: 0.777714966346. Diff MSE: 0.000330045001544.
Iteration 116. I-divergence: 1507.66179332. MSE: 0.777386365386. Diff MSE: 0.000328600960029.
Iteration 117. I-divergence: 1507.03746735. MSE: 0.777059179379. Diff MSE: 0.00032718600766.
Iteration 118. I-divergence: 1506.41569903. MSE: 0.776733379988. Diff MSE: 0.000325799390624.
Iteration 119. I-divergence: 1505.79643711. MSE: 0.776408939618. Diff MSE: 0.000324440369775.
Iteration 120. I-divergence: 1505.1796317. MSE: 0.776085831398. Diff MSE: 0.000323108220601.
Iteration 121. I-divergence: 1504.56523427. MSE: 0.775764029165. Diff MSE: 0.000321802232925.
Iteration 122. I-divergence: 1503.9531976. MSE: 0.775443507454. Diff MSE: 0.00032052171085.
Iteration 123. I-divergence: 1503.34347576. MSE: 0.775124241481. Diff MSE: 0.000319265972502.
Iteration 124. I-divergence: 1502.73602409. MSE: 0.774806207131. Diff MSE: 0.000318034349946.
Iteration 125. I-divergence: 1502.13079914. MSE: 0.774489380943. Diff MSE: 0.000316826188962.
Iteration 126. I-divergence: 1501.52775871. MSE: 0.774173740094. Diff MSE: 0.000315640848986.
Iteration 127. I-divergence: 1500.92686175. MSE: 0.773859262391. Diff MSE: 0.00031447770278.
Iteration 128. I-divergence: 1500.32806838. MSE: 0.773545926254. Diff MSE: 0.000313336136504.
Iteration 129. I-divergence: 1499.73133986. MSE: 0.773233710705. Diff MSE: 0.000312215549332.
Iteration 130. I-divergence: 1499.13663854. MSE: 0.772922595351. Diff MSE: 0.000311115353466.
Iteration 131. I-divergence: 1498.54392789. MSE: 0.772612560378. Diff MSE: 0.00031003497391.
Iteration 132. I-divergence: 1497.95317241. MSE: 0.772303586529. Diff MSE: 0.000308973848247.
Iteration 133. I-divergence: 1497.36433764. MSE: 0.771995655103. Diff MSE: 0.000307931426668.
Iteration 134. I-divergence: 1496.77739015. MSE: 0.771688747931. Diff MSE: 0.000306907171604.
Iteration 135. I-divergence: 1496.19229749. MSE: 0.771382847373. Diff MSE: 0.000305900557704.
Iteration 136. I-divergence: 1495.60902816. MSE: 0.771077936302. Diff MSE: 0.000304911071627.
Iteration 137. I-divergence: 1495.02755164. MSE: 0.77077399809. Diff MSE: 0.000303938211922.
Iteration 138. I-divergence: 1494.44783831. MSE: 0.770471016601. Diff MSE: 0.000302981488746.
Iteration 139. I-divergence: 1493.86985944. MSE: 0.770168976177. Diff MSE: 0.000302040423926.
Iteration 140. I-divergence: 1493.29358721. MSE: 0.769867861627. Diff MSE: 0.000301114550583.
Iteration 141. I-divergence: 1492.71899464. MSE: 0.769567658213. Diff MSE: 0.000300203413074.
Iteration 142. I-divergence: 1492.14605557. MSE: 0.769268351647. Diff MSE: 0.000299306566842.
Iteration 143. I-divergence: 1491.57474469. MSE: 0.768969928068. Diff MSE: 0.000298423578186.
Iteration 144. I-divergence: 1491.00503745. MSE: 0.768672374044. Diff MSE: 0.000297554024206.
Iteration 145. I-divergence: 1490.43691011. MSE: 0.768375676552. Diff MSE: 0.000296697492463.
Iteration 146. I-divergence: 1489.87033966. MSE: 0.768079822971. Diff MSE: 0.000295853581062.
Iteration 147. I-divergence: 1489.30530383. MSE: 0.767784801072. Diff MSE: 0.000295021898268.
Iteration 148. I-divergence: 1488.74178108. MSE: 0.76749059901. Diff MSE: 0.000294202062421.
Iteration 149. I-divergence: 1488.17975055. MSE: 0.767197205308. Diff MSE: 0.000293393701868.
Iteration 150. I-divergence: 1487.61919207. MSE: 0.766904608853. Diff MSE: 0.000292596454627.
Iteration 151. I-divergence: 1487.06008613. MSE: 0.766612798885. Diff MSE: 0.000291809968336.
Iteration 152. I-divergence: 1486.50241387. MSE: 0.766321764985. Diff MSE: 0.00029103390006.
Iteration 153. I-divergence: 1485.94615703. MSE: 0.766031497069. Diff MSE: 0.000290267916115.
Iteration 154. I-divergence: 1485.39129799. MSE: 0.765741985377. Diff MSE: 0.000289511691995.
Iteration 155. I-divergence: 1484.8378197. MSE: 0.765453220465. Diff MSE: 0.000288764912028.
Iteration 156. I-divergence: 1484.2857057. MSE: 0.765165193196. Diff MSE: 0.000288027269366.
Iteration 157. I-divergence: 1483.73494008. MSE: 0.76487789473. Diff MSE: 0.000287298465789.
Iteration 158. I-divergence: 1483.18550747. MSE: 0.764591316518. Diff MSE: 0.000286578211475.
Iteration 159. I-divergence: 1482.63739302. MSE: 0.764305450293. Diff MSE: 0.000285866224966.
Iteration 160. I-divergence: 1482.09058242. MSE: 0.76402028806. Diff MSE: 0.000285162232879.
Iteration 161. I-divergence: 1481.54506183. MSE: 0.763735822091. Diff MSE: 0.000284465969838.
Iteration 162. I-divergence: 1481.0008179. MSE: 0.763452044912. Diff MSE: 0.000283777178204.
Iteration 163. I-divergence: 1480.45783773. MSE: 0.763168949304. Diff MSE: 0.00028309560805.
Iteration 164. I-divergence: 1479.91610891. MSE: 0.762886528287. Diff MSE: 0.00028242101694.
Iteration 165. I-divergence: 1479.37561943. MSE: 0.762604775118. Diff MSE: 0.000281753169776.
Iteration 166. I-divergence: 1478.83635774. MSE: 0.762323683279. Diff MSE: 0.000281091838586.
Iteration 167. I-divergence: 1478.29831266. MSE: 0.762043246477. Diff MSE: 0.000280436802475.
Iteration 168. I-divergence: 1477.76147345. MSE: 0.761763458629. Diff MSE: 0.000279787847421.
Iteration 169. I-divergence: 1477.22582972. MSE: 0.761484313863. Diff MSE: 0.000279144766056.
Iteration 170. I-divergence: 1476.69137149. MSE: 0.761205806505. Diff MSE: 0.00027850735768.
Iteration 171. I-divergence: 1476.15808911. MSE: 0.760927931078. Diff MSE: 0.000277875427892.
Iteration 172. I-divergence: 1475.62597329. MSE: 0.760650682289. Diff MSE: 0.000277248788698.
Iteration 173. I-divergence: 1475.09501509. MSE: 0.760374055031. Diff MSE: 0.000276627258085.
Iteration 174. I-divergence: 1474.56520587. MSE: 0.760098044371. Diff MSE: 0.000276010660085.
Iteration 175. I-divergence: 1474.03653734. MSE: 0.759822645546. Diff MSE: 0.000275398824612.
Iteration 176. I-divergence: 1473.50900147. MSE: 0.759547853959. Diff MSE: 0.000274791587105.
Iteration 177. I-divergence: 1472.98259057. MSE: 0.75927366517. Diff MSE: 0.000274188788775.
Iteration 178. I-divergence: 1472.45729721. MSE: 0.759000074894. Diff MSE: 0.000273590276044.
Iteration 179. I-divergence: 1471.93311423. MSE: 0.758727078993. Diff MSE: 0.000272995900688.
Iteration 180. I-divergence: 1471.41003474. MSE: 0.758454673474. Diff MSE: 0.000272405519645.
Iteration 181. I-divergence: 1470.8880521. MSE: 0.758182854479. Diff MSE: 0.00027181899477.
Iteration 182. I-divergence: 1470.36715993. MSE: 0.757911618286. Diff MSE: 0.000271236192869.
Iteration 183. I-divergence: 1469.84735207. MSE: 0.757640961301. Diff MSE: 0.000270656985446.
Iteration 184. I-divergence: 1469.3286226. MSE: 0.757370880052. Diff MSE: 0.000270081248592.
Iteration 185. I-divergence: 1468.8109658. MSE: 0.757101371189. Diff MSE: 0.000269508862929.
Iteration 186. I-divergence: 1468.29437618. MSE: 0.756832431476. Diff MSE: 0.000268939713372.
Iteration 187. I-divergence: 1467.77884844. MSE: 0.756564057787. Diff MSE: 0.00026837368914.
Iteration 188. I-divergence: 1467.26437748. MSE: 0.756296247103. Diff MSE: 0.000267810683482.
Iteration 189. I-divergence: 1466.75095838. MSE: 0.75602899651. Diff MSE: 0.000267250593722.
Iteration 190. I-divergence: 1466.23858643. MSE: 0.755762303188. Diff MSE: 0.000266693321043.
Iteration 191. I-divergence: 1465.72725704. MSE: 0.755496164418. Diff MSE: 0.000266138770273.
Iteration 192. I-divergence: 1465.21696583. MSE: 0.755230577568. Diff MSE: 0.000265586850078.
Iteration 193. I-divergence: 1464.70770856. MSE: 0.754965540096. Diff MSE: 0.000265037472505.
Iteration 194. I-divergence: 1464.19948115. MSE: 0.754701049543. Diff MSE: 0.000264490553084.
Iteration 195. I-divergence: 1463.69227965. MSE: 0.754437103532. Diff MSE: 0.000263946010692.
Iteration 196. I-divergence: 1463.18610027. MSE: 0.754173699764. Diff MSE: 0.000263403767369.
Iteration 197. I-divergence: 1462.68093934. MSE: 0.753910836016. Diff MSE: 0.000262863748309.
Iteration 198. I-divergence: 1462.17679333. MSE: 0.753648510134. Diff MSE: 0.000262325881659.
Iteration 199. I-divergence: 1461.67365882. MSE: 0.753386720036. Diff MSE: 0.00026179009854.
Iteration 200. I-divergence: 1461.17153252. MSE: 0.753125463703. Diff MSE: 0.000261256332865.
Iteration 201. I-divergence: 1460.67041124. MSE: 0.752864739182. Diff MSE: 0.000260724521275.
Iteration 202. I-divergence: 1460.1702919. MSE: 0.752604544579. Diff MSE: 0.000260194602983.
Iteration 203. I-divergence: 1459.67117154. MSE: 0.752344878059. Diff MSE: 0.000259666519857.
Iteration 204. I-divergence: 1459.17304727. MSE: 0.752085737843. Diff MSE: 0.000259140216072.
Iteration 205. I-divergence: 1458.6759163. MSE: 0.751827122205. Diff MSE: 0.000258615638301.
Iteration 206. I-divergence: 1458.17977596. MSE: 0.751569029469. Diff MSE: 0.000258092735362.
Iteration 207. I-divergence: 1457.68462362. MSE: 0.751311458011. Diff MSE: 0.000257571458381.
Iteration 208. I-divergence: 1457.19045675. MSE: 0.75105440625. Diff MSE: 0.000257051760566.
Iteration 209. I-divergence: 1456.69727291. MSE: 0.750797872653. Diff MSE: 0.000256533597105.
Iteration 210. I-divergence: 1456.20506971. MSE: 0.750541855728. Diff MSE: 0.000256016925215.
Iteration 211. I-divergence: 1455.71384484. MSE: 0.750286354024. Diff MSE: 0.000255501704025.
Iteration 212. I-divergence: 1455.22359606. MSE: 0.75003136613. Diff MSE: 0.000254987894339.
Iteration 213. I-divergence: 1454.73432119. MSE: 0.749776890671. Diff MSE: 0.000254475458871.
Iteration 214. I-divergence: 1454.2460181. MSE: 0.749522926309. Diff MSE: 0.000253964361918.
Iteration 215. I-divergence: 1453.75868474. MSE: 0.749269471739. Diff MSE: 0.000253454569388.
Iteration 216. I-divergence: 1453.27231908. MSE: 0.749016525691. Diff MSE: 0.000252946048735.
Iteration 217. I-divergence: 1452.78691917. MSE: 0.748764086922. Diff MSE: 0.000252438768955.
Iteration 218. I-divergence: 1452.3024831. MSE: 0.748512154221. Diff MSE: 0.000251932700388.
Iteration 219. I-divergence: 1451.81900899. MSE: 0.748260726407. Diff MSE: 0.000251427814749.
Iteration 220. I-divergence: 1451.33649503. MSE: 0.748009802322. Diff MSE: 0.000250924085095.
Iteration 221. I-divergence: 1450.85493942. MSE: 0.747759380836. Diff MSE: 0.000250421485712.
Iteration 222. I-divergence: 1450.37434044. MSE: 0.747509460844. Diff MSE: 0.00024991999203.
Iteration 223. I-divergence: 1449.89469635. MSE: 0.747260041263. Diff MSE: 0.000249419580751.
Iteration 224. I-divergence: 1449.4160055. MSE: 0.747011121033. Diff MSE: 0.000248920229519.
Iteration 225. I-divergence: 1448.93826625. MSE: 0.746762699116. Diff MSE: 0.00024842191707.
Iteration 226. I-divergence: 1448.46147697. MSE: 0.746514774493. Diff MSE: 0.000247924623214.
Iteration 227. I-divergence: 1447.98563608. MSE: 0.746267346165. Diff MSE: 0.000247428328637.
Iteration 228. I-divergence: 1447.51074203. MSE: 0.74602041315. Diff MSE: 0.00024693301492.
Iteration 229. I-divergence: 1447.0367933. MSE: 0.745773974485. Diff MSE: 0.000246438664548.
Iteration 230. I-divergence: 1446.56378836. MSE: 0.745528029224. Diff MSE: 0.000245945260828.
Iteration 231. I-divergence: 1446.09172575. MSE: 0.745282576436. Diff MSE: 0.000245452787804.
Iteration 232. I-divergence: 1445.62060399. MSE: 0.745037615206. Diff MSE: 0.00024496123036.
Iteration 233. I-divergence: 1445.15042163. MSE: 0.744793144632. Diff MSE: 0.000244470573985.
Iteration 234. I-divergence: 1444.68117727. MSE: 0.744549163827. Diff MSE: 0.000243980804915.
Iteration 235. I-divergence: 1444.21286948. MSE: 0.744305671917. Diff MSE: 0.000243491910021.
Iteration 236. I-divergence: 1443.74549688. MSE: 0.74406266804. Diff MSE: 0.000243003876725.
Iteration 237. I-divergence: 1443.27905809. MSE: 0.743820151347. Diff MSE: 0.000242516693115.
Iteration 238. I-divergence: 1442.81355174. MSE: 0.743578121. Diff MSE: 0.000242030347755.
Iteration 239. I-divergence: 1442.34897649. MSE: 0.74333657617. Diff MSE: 0.000241544829799.
Iteration 240. I-divergence: 1441.88533101. MSE: 0.743095516041. Diff MSE: 0.000241060128824.
Iteration 241. I-divergence: 1441.42261395. MSE: 0.742854939806. Diff MSE: 0.000240576234914.
Iteration 242. I-divergence: 1440.96082402. MSE: 0.742614846667. Diff MSE: 0.000240093138603.
Iteration 243. I-divergence: 1440.49995991. MSE: 0.742375235837. Diff MSE: 0.000239610830854.
Iteration 244. I-divergence: 1440.04002031. MSE: 0.742136106534. Diff MSE: 0.000239129302951.
Iteration 245. I-divergence: 1439.58100394. MSE: 0.741897457987. Diff MSE: 0.000238648546689.
Iteration 246. I-divergence: 1439.12290953. MSE: 0.741659289433. Diff MSE: 0.000238168554049.
Iteration 247. I-divergence: 1438.6657358. MSE: 0.741421600115. Diff MSE: 0.000237689317537.
Iteration 248. I-divergence: 1438.20948149. MSE: 0.741184389286. Diff MSE: 0.000237210829813.
Iteration 249. I-divergence: 1437.75414533. MSE: 0.740947656202. Diff MSE: 0.000236733083958.
Iteration 250. I-divergence: 1437.29972608. MSE: 0.740711400128. Diff MSE: 0.000236256073214.
Iteration 251. I-divergence: 1436.84622249. MSE: 0.740475620337. Diff MSE: 0.000235779791248.
Iteration 252. I-divergence: 1436.39363332. MSE: 0.740240316105. Diff MSE: 0.000235304231845.
Iteration 253. I-divergence: 1435.94195733. MSE: 0.740005486716. Diff MSE: 0.000234829389109.
Iteration 254. I-divergence: 1435.49119328. MSE: 0.739771131459. Diff MSE: 0.000234355257326.
Iteration 255. I-divergence: 1435.04133995. MSE: 0.739537249628. Diff MSE: 0.000233881831025.
Iteration 256. I-divergence: 1434.59239611. MSE: 0.739303840523. Diff MSE: 0.000233409104915.
Iteration 257. I-divergence: 1434.14436054. MSE: 0.739070903449. Diff MSE: 0.000232937073948.
Iteration 258. I-divergence: 1433.69723202. MSE: 0.738838437716. Diff MSE: 0.000232465733164.
Iteration 259. I-divergence: 1433.25100933. MSE: 0.738606442638. Diff MSE: 0.000231995077887.
Iteration 260. I-divergence: 1432.80569127. MSE: 0.738374917534. Diff MSE: 0.00023152510352.
Iteration 261. I-divergence: 1432.36127662. MSE: 0.738143861729. Diff MSE: 0.000231055805662.
Iteration 262. I-divergence: 1431.91776417. MSE: 0.737913274549. Diff MSE: 0.000230587180033.
Iteration 263. I-divergence: 1431.47515271. MSE: 0.737683155326. Diff MSE: 0.000230119222542.
Iteration 264. I-divergence: 1431.03344104. MSE: 0.737453503397. Diff MSE: 0.000229651929165.
Iteration 265. I-divergence: 1430.59262796. MSE: 0.737224318101. Diff MSE: 0.00022918529609.
Iteration 266. I-divergence: 1430.15271226. MSE: 0.736995598781. Diff MSE: 0.000228719319507.
Iteration 267. I-divergence: 1429.71369275. MSE: 0.736767344786. Diff MSE: 0.000228253995856.
Iteration 268. I-divergence: 1429.27556823. MSE: 0.736539555464. Diff MSE: 0.0002277893216.
Iteration 269. I-divergence: 1428.83833749. MSE: 0.736312230171. Diff MSE: 0.000227325293335.
Iteration 270. I-divergence: 1428.40199934. MSE: 0.736085368263. Diff MSE: 0.000226861907802.
Iteration 271. I-divergence: 1427.9665526. MSE: 0.735858969101. Diff MSE: 0.000226399161749.
Iteration 272. I-divergence: 1427.53199605. MSE: 0.735633032049. Diff MSE: 0.000225937052109.
Iteration 273. I-divergence: 1427.09832851. MSE: 0.735407556473. Diff MSE: 0.000225475575878.
Iteration 274. I-divergence: 1426.66554878. MSE: 0.735182541743. Diff MSE: 0.000225014730141.
Iteration 275. I-divergence: 1426.23365568. MSE: 0.734957987231. Diff MSE: 0.000224554512078.
Iteration 276. I-divergence: 1425.802648. MSE: 0.734733892312. Diff MSE: 0.00022409491898.
Iteration 277. I-divergence: 1425.37252457. MSE: 0.734510256364. Diff MSE: 0.000223635948135.
Iteration 278. I-divergence: 1424.94328418. MSE: 0.734287078767. Diff MSE: 0.000223177597075.
Iteration 279. I-divergence: 1424.51492565. MSE: 0.734064358903. Diff MSE: 0.00022271986322.
Iteration 280. I-divergence: 1424.08744778. MSE: 0.733842096159. Diff MSE: 0.000222262744275.
Iteration 281. I-divergence: 1423.66084939. MSE: 0.733620289921. Diff MSE: 0.000221806237846.
Iteration 282. I-divergence: 1423.23512928. MSE: 0.73339893958. Diff MSE: 0.000221350341756.
Iteration 283. I-divergence: 1422.81028626. MSE: 0.733178044526. Diff MSE: 0.000220895053845.
Iteration 284. I-divergence: 1422.38631915. MSE: 0.732957604154. Diff MSE: 0.000220440372041.
Iteration 285. I-divergence: 1421.96322676. MSE: 0.732737617859. Diff MSE: 0.00021998629435.
Iteration 286. I-divergence: 1421.54100789. MSE: 0.73251808504. Diff MSE: 0.000219532818863.
Iteration 287. I-divergence: 1421.11966135. MSE: 0.732299005097. Diff MSE: 0.000219079943777.
Iteration 288. I-divergence: 1420.69918595. MSE: 0.732080377429. Diff MSE: 0.000218627667305.
Iteration 289. I-divergence: 1420.2795805. MSE: 0.731862201442. Diff MSE: 0.000218175987828.
Iteration 290. I-divergence: 1419.86084381. MSE: 0.731644476538. Diff MSE: 0.000217724903755.
Iteration 291. I-divergence: 1419.44297469. MSE: 0.731427202124. Diff MSE: 0.00021727441358.
Iteration 292. I-divergence: 1419.02597194. MSE: 0.731210377608. Diff MSE: 0.000216824515854.
Iteration 293. I-divergence: 1418.60983438. MSE: 0.730994002399. Diff MSE: 0.000216375209294.
Iteration 294. I-divergence: 1418.1945608. MSE: 0.730778075906. Diff MSE: 0.000215926492626.
Iteration 295. I-divergence: 1417.78015001. MSE: 0.730562597542. Diff MSE: 0.000215478364673.
Iteration 296. I-divergence: 1417.36660081. MSE: 0.730347566717. Diff MSE: 0.000215030824379.
Iteration 297. I-divergence: 1416.95391202. MSE: 0.730132982847. Diff MSE: 0.000214583870734.
Iteration 298. I-divergence: 1416.54208243. MSE: 0.729918845344. Diff MSE: 0.000214137502813.
Iteration 299. I-divergence: 1416.13111084. MSE: 0.729705153624. Diff MSE: 0.000213691719821.
Iteration 300. I-divergence: 1415.72099606. MSE: 0.729491907103. Diff MSE: 0.000213246521006.
Iteration 301. I-divergence: 1415.31173687. MSE: 0.729279105197. Diff MSE: 0.000212801905727.
Iteration 302. I-divergence: 1414.90333209. MSE: 0.729066747324. Diff MSE: 0.000212357873408.
Iteration 303. I-divergence: 1414.4957805. MSE: 0.7288548329. Diff MSE: 0.00021191442361.
Iteration 304. I-divergence: 1414.08908091. MSE: 0.728643361344. Diff MSE: 0.000211471555935.
Iteration 305. I-divergence: 1413.68323209. MSE: 0.728432332074. Diff MSE: 0.000211029270076.
Iteration 306. I-divergence: 1413.27823285. MSE: 0.728221744508. Diff MSE: 0.000210587565879.
Iteration 307. I-divergence: 1412.87408198. MSE: 0.728011598065. Diff MSE: 0.000210146443196.
Iteration 308. I-divergence: 1412.47077825. MSE: 0.727801892163. Diff MSE: 0.000209705902023.
Iteration 309. I-divergence: 1412.06832046. MSE: 0.727592626221. Diff MSE: 0.000209265942426.
Iteration 310. I-divergence: 1411.66670739. MSE: 0.727383799656. Diff MSE: 0.000208826564608.
Iteration 311. I-divergence: 1411.26593783. MSE: 0.727175411887. Diff MSE: 0.000208387768794.
Iteration 312. I-divergence: 1410.86601054. MSE: 0.726967462332. Diff MSE: 0.000207949555345.
Iteration 313. I-divergence: 1410.46692431. MSE: 0.726759950407. Diff MSE: 0.000207511924718.
Iteration 314. I-divergence: 1410.0686779. MSE: 0.72655287553. Diff MSE: 0.000207074877428.
Iteration 315. I-divergence: 1409.6712701. MSE: 0.726346237116. Diff MSE: 0.000206638414152.
Iteration 316. I-divergence: 1409.27469966. MSE: 0.72614003458. Diff MSE: 0.000206202535563.
Iteration 317. I-divergence: 1408.87896536. MSE: 0.725934267338. Diff MSE: 0.000205767242499.
Iteration 318. I-divergence: 1408.48406595. MSE: 0.725728934802. Diff MSE: 0.00020533253587.
Iteration 319. I-divergence: 1408.0900002. MSE: 0.725524036385. Diff MSE: 0.000204898416679.
Iteration 320. I-divergence: 1407.69676686. MSE: 0.725319571499. Diff MSE: 0.000204464886.
Iteration 321. I-divergence: 1407.30436469. MSE: 0.725115539554. Diff MSE: 0.000204031945054.
Iteration 322. I-divergence: 1406.91279243. MSE: 0.724911939959. Diff MSE: 0.000203599595083.
Iteration 323. I-divergence: 1406.52204882. MSE: 0.724708772122. Diff MSE: 0.000203167837452.
Iteration 324. I-divergence: 1406.13213262. MSE: 0.724506035448. Diff MSE: 0.00020273667364.
Iteration 325. I-divergence: 1405.74304256. MSE: 0.724303729343. Diff MSE: 0.000202306105167.
Iteration 326. I-divergence: 1405.35477737. MSE: 0.724101853209. Diff MSE: 0.00020187613368.
Iteration 327. I-divergence: 1404.96733578. MSE: 0.723900406448. Diff MSE: 0.00020144676087.
Iteration 328. I-divergence: 1404.58071653. MSE: 0.72369938846. Diff MSE: 0.000201017988574.
Iteration 329. I-divergence: 1404.19491832. MSE: 0.723498798641. Diff MSE: 0.000200589818683.
Iteration 330. I-divergence: 1403.80993989. MSE: 0.723298636388. Diff MSE: 0.000200162253128.
Iteration 331. I-divergence: 1403.42577994. MSE: 0.723098901094. Diff MSE: 0.000199735294015.
Iteration 332. I-divergence: 1403.04243719. MSE: 0.72289959215. Diff MSE: 0.000199308943446.
Iteration 333. I-divergence: 1402.65991033. MSE: 0.722700708947. Diff MSE: 0.000198883203702.
Iteration 334. I-divergence: 1402.27819806. MSE: 0.72250225087. Diff MSE: 0.000198458076997.
Iteration 335. I-divergence: 1401.89729909. MSE: 0.722304217304. Diff MSE: 0.000198033565786.
Iteration 336. I-divergence: 1401.5172121. MSE: 0.722106607631. Diff MSE: 0.000197609672468.
Iteration 337. I-divergence: 1401.13793578. MSE: 0.721909421232. Diff MSE: 0.00019718639963.
Iteration 338. I-divergence: 1400.7594688. MSE: 0.721712657482. Diff MSE: 0.000196763749802.
Iteration 339. I-divergence: 1400.38180984. MSE: 0.721516315756. Diff MSE: 0.000196341725745.
Iteration 340. I-divergence: 1400.00495757. MSE: 0.721320395426. Diff MSE: 0.000195920330144.
Iteration 341. I-divergence: 1399.62891066. MSE: 0.72112489586. Diff MSE: 0.000195499565836.
Iteration 342. I-divergence: 1399.25366776. MSE: 0.720929816424. Diff MSE: 0.000195079435724.
Iteration 343. I-divergence: 1398.87922752. MSE: 0.720735156482. Diff MSE: 0.000194659942695.
Iteration 344. I-divergence: 1398.50558859. MSE: 0.720540915392. Diff MSE: 0.000194241089853.
Iteration 345. I-divergence: 1398.13274962. MSE: 0.720347092512. Diff MSE: 0.0001938228802.
Iteration 346. I-divergence: 1397.76070924. MSE: 0.720153687195. Diff MSE: 0.000193405316902.
Iteration 347. I-divergence: 1397.38946607. MSE: 0.719960698792. Diff MSE: 0.000192988403157.
Iteration 348. I-divergence: 1397.01901875. MSE: 0.719768126649. Diff MSE: 0.000192572142186.
Iteration 349. I-divergence: 1396.64936589. MSE: 0.719575970112. Diff MSE: 0.000192156537331.
Iteration 350. I-divergence: 1396.28050611. MSE: 0.71938422852. Diff MSE: 0.000191741591923.
Iteration 351. I-divergence: 1395.91243801. MSE: 0.719192901211. Diff MSE: 0.000191327309347.
Iteration 352. I-divergence: 1395.54516018. MSE: 0.719001987518. Diff MSE: 0.000190913693113.
Iteration 353. I-divergence: 1395.17867123. MSE: 0.718811486771. Diff MSE: 0.000190500746712.
Iteration 354. I-divergence: 1394.81296974. MSE: 0.718621398297. Diff MSE: 0.00019008847363.
Iteration 355. I-divergence: 1394.44805429. MSE: 0.71843172142. Diff MSE: 0.0001896768775.
Iteration 356. I-divergence: 1394.08392346. MSE: 0.718242455458. Diff MSE: 0.000189265961951.
Iteration 357. I-divergence: 1393.72057581. MSE: 0.718053599727. Diff MSE: 0.000188855730645.
Iteration 358. I-divergence: 1393.35800991. MSE: 0.71786515354. Diff MSE: 0.000188446187266.
Iteration 359. I-divergence: 1392.99622431. MSE: 0.717677116205. Diff MSE: 0.000188037335551.
Iteration 360. I-divergence: 1392.63521757. MSE: 0.717489487025. Diff MSE: 0.000187629179275.
Iteration 361. I-divergence: 1392.27498822. MSE: 0.717302265303. Diff MSE: 0.000187221722237.
Iteration 362. I-divergence: 1391.91553479. MSE: 0.717115450335. Diff MSE: 0.000186814968226.
Iteration 363. I-divergence: 1391.55685583. MSE: 0.716929041414. Diff MSE: 0.000186408921112.
Iteration 364. I-divergence: 1391.19894985. MSE: 0.716743037829. Diff MSE: 0.000186003584747.
Iteration 365. I-divergence: 1390.84181536. MSE: 0.716557438866. Diff MSE: 0.000185598963049.
Iteration 366. I-divergence: 1390.48545089. MSE: 0.716372243806. Diff MSE: 0.000185195059892.
Iteration 367. I-divergence: 1390.12985492. MSE: 0.716187451927. Diff MSE: 0.000184791879203.
Iteration 368. I-divergence: 1389.77502596. MSE: 0.716003062502. Diff MSE: 0.000184389424935.
Iteration 369. I-divergence: 1389.4209625. MSE: 0.715819074801. Diff MSE: 0.000183987701015.
Iteration 370. I-divergence: 1389.06766302. MSE: 0.715635488089. Diff MSE: 0.000183586711404.
Iteration 371. I-divergence: 1388.715126. MSE: 0.715452301629. Diff MSE: 0.000183186460087.
Iteration 372. I-divergence: 1388.3633499. MSE: 0.715269514678. Diff MSE: 0.000182786951013.
Iteration 373. I-divergence: 1388.0123332. MSE: 0.71508712649. Diff MSE: 0.000182388188154.
Iteration 374. I-divergence: 1387.66207434. MSE: 0.714905136315. Diff MSE: 0.000181990175493.
Iteration 375. I-divergence: 1387.31257177. MSE: 0.714723543398. Diff MSE: 0.000181592916995.
Iteration 376. I-divergence: 1386.96382395. MSE: 0.714542346981. Diff MSE: 0.000181196416646.
Iteration 377. I-divergence: 1386.61582931. MSE: 0.714361546303. Diff MSE: 0.000180800678395.
Iteration 378. I-divergence: 1386.26858628. MSE: 0.714181140596. Diff MSE: 0.000180405706215.
Iteration 379. I-divergence: 1385.92209328. MSE: 0.714001129092. Diff MSE: 0.000180011504035.
Iteration 380. I-divergence: 1385.57634873. MSE: 0.713821511017. Diff MSE: 0.000179618075816.
Iteration 381. I-divergence: 1385.23135105. MSE: 0.713642285591. Diff MSE: 0.00017922542548.
Iteration 382. I-divergence: 1384.88709864. MSE: 0.713463452034. Diff MSE: 0.000178833556911.
Iteration 383. I-divergence: 1384.54358989. MSE: 0.71328500956. Diff MSE: 0.000178442474058.
Iteration 384. I-divergence: 1384.20082321. MSE: 0.713106957379. Diff MSE: 0.000178052180749.
Iteration 385. I-divergence: 1383.85879698. MSE: 0.712929294698. Diff MSE: 0.000177662680871.
Iteration 386. I-divergence: 1383.51750957. MSE: 0.71275202072. Diff MSE: 0.000177273978224.
Iteration 387. I-divergence: 1383.17695937. MSE: 0.712575134644. Diff MSE: 0.000176886076671.
Iteration 388. I-divergence: 1382.83714474. MSE: 0.712398635664. Diff MSE: 0.000176498979969.
Iteration 389. I-divergence: 1382.49806405. MSE: 0.712222522972. Diff MSE: 0.000176112691868.
Iteration 390. I-divergence: 1382.15971564. MSE: 0.712046795756. Diff MSE: 0.000175727216117.
Iteration 391. I-divergence: 1381.82209788. MSE: 0.711871453199. Diff MSE: 0.00017534255642.
Iteration 392. I-divergence: 1381.48520911. MSE: 0.711696494483. Diff MSE: 0.000174958716411.
Iteration 393. I-divergence: 1381.14904767. MSE: 0.711521918783. Diff MSE: 0.000174575699786.
Iteration 394. I-divergence: 1380.81361189. MSE: 0.711347725273. Diff MSE: 0.000174193510103.
Iteration 395. I-divergence: 1380.4789001. MSE: 0.711173913122. Diff MSE: 0.000173812150946.
Iteration 396. I-divergence: 1380.14491063. MSE: 0.711000481496. Diff MSE: 0.000173431625822.
Iteration 397. I-divergence: 1379.81164178. MSE: 0.710827429558. Diff MSE: 0.000173051938251.
Iteration 398. I-divergence: 1379.47909188. MSE: 0.710654756466. Diff MSE: 0.000172673091653.
Iteration 399. I-divergence: 1379.14725923. MSE: 0.710482461377. Diff MSE: 0.000172295089481.
Iteration 400. I-divergence: 1378.81614214. MSE: 0.710310543442. Diff MSE: 0.000171917935034.
Iteration 401. I-divergence: 1378.4857389. MSE: 0.71013900181. Diff MSE: 0.000171541631708.
Iteration 402. I-divergence: 1378.1560478. MSE: 0.709967835627. Diff MSE: 0.000171166182705.
Iteration 403. I-divergence: 1377.82706713. MSE: 0.709797044036. Diff MSE: 0.000170791591323.
Iteration 404. I-divergence: 1377.49879518. MSE: 0.709626626175. Diff MSE: 0.000170417860714.
Iteration 405. I-divergence: 1377.17123022. MSE: 0.709456581181. Diff MSE: 0.000170044994005.
Iteration 406. I-divergence: 1376.84437052. MSE: 0.709286908187. Diff MSE: 0.0001696729943.
Iteration 407. I-divergence: 1376.51821436. MSE: 0.709117606322. Diff MSE: 0.000169301864636.
Iteration 408. I-divergence: 1376.19276. MSE: 0.708948674714. Diff MSE: 0.000168931607992.
Iteration 409. I-divergence: 1375.8680057. MSE: 0.708780112487. Diff MSE: 0.000168562227288.
Iteration 410. I-divergence: 1375.54394972. MSE: 0.708611918762. Diff MSE: 0.000168193725428.
Iteration 411. I-divergence: 1375.22059031. MSE: 0.708444092656. Diff MSE: 0.000167826105228.
Iteration 412. I-divergence: 1374.89792571. MSE: 0.708276633287. Diff MSE: 0.000167459369458.
Iteration 413. I-divergence: 1374.57595418. MSE: 0.708109539766. Diff MSE: 0.000167093520845.
Iteration 414. I-divergence: 1374.25467395. MSE: 0.707942811204. Diff MSE: 0.000166728562037.
Iteration 415. I-divergence: 1373.93408327. MSE: 0.707776446708. Diff MSE: 0.000166364495676.
Iteration 416. I-divergence: 1373.61418035. MSE: 0.707610445384. Diff MSE: 0.000166001324246.
Iteration 417. I-divergence: 1373.29496345. MSE: 0.707444806334. Diff MSE: 0.000165639050317.
Iteration 418. I-divergence: 1372.97643077. MSE: 0.707279528658. Diff MSE: 0.000165277676239.
Iteration 419. I-divergence: 1372.65858056. MSE: 0.707114611453. Diff MSE: 0.000164917204451.
Iteration 420. I-divergence: 1372.34141102. MSE: 0.706950053816. Diff MSE: 0.000164557637264.
Iteration 421. I-divergence: 1372.02492037. MSE: 0.706785854839. Diff MSE: 0.000164198976892.
Iteration 422. I-divergence: 1371.70910684. MSE: 0.706622013613. Diff MSE: 0.000163841225572.
Iteration 423. I-divergence: 1371.39396863. MSE: 0.706458529228. Diff MSE: 0.000163484385423.
Iteration 424. I-divergence: 1371.07950395. MSE: 0.706295400769. Diff MSE: 0.00016312845852.
Iteration 425. I-divergence: 1370.76571101. MSE: 0.706132627323. Diff MSE: 0.000162773446898.
Iteration 426. I-divergence: 1370.45258802. MSE: 0.70597020797. Diff MSE: 0.000162419352499.
Iteration 427. I-divergence: 1370.14013317. MSE: 0.705808141793. Diff MSE: 0.000162066177211.
Iteration 428. I-divergence: 1369.82834468. MSE: 0.70564642787. Diff MSE: 0.000161713922867.
Iteration 429. I-divergence: 1369.51722072. MSE: 0.705485065279. Diff MSE: 0.000161362591261.
Iteration 430. I-divergence: 1369.20675952. MSE: 0.705324053095. Diff MSE: 0.00016101218407.
Iteration 431. I-divergence: 1368.89695924. MSE: 0.705163390392. Diff MSE: 0.000160662702971.
Iteration 432. I-divergence: 1368.5878181. MSE: 0.705003076242. Diff MSE: 0.000160314149529.
Iteration 433. I-divergence: 1368.27933428. MSE: 0.704843109717. Diff MSE: 0.000159966525298.
Iteration 434. I-divergence: 1367.97150597. MSE: 0.704683489885. Diff MSE: 0.000159619831704.
Iteration 435. I-divergence: 1367.66433136. MSE: 0.704524215815. Diff MSE: 0.000159274070174.
Iteration 436. I-divergence: 1367.35780864. MSE: 0.704365286573. Diff MSE: 0.000158929242056.
Iteration 437. I-divergence: 1367.05193599. MSE: 0.704206701224. Diff MSE: 0.000158585348579.
Iteration 438. I-divergence: 1366.74671159. MSE: 0.704048458833. Diff MSE: 0.000158242391055.
Iteration 439. I-divergence: 1366.44213364. MSE: 0.703890558463. Diff MSE: 0.000157900370549.
Iteration 440. I-divergence: 1366.13820031. MSE: 0.703732999175. Diff MSE: 0.000157559288202.
Iteration 441. I-divergence: 1365.83490978. MSE: 0.703575780029. Diff MSE: 0.000157219145043.
Iteration 442. I-divergence: 1365.53226025. MSE: 0.703418900087. Diff MSE: 0.000156879942024.
Iteration 443. I-divergence: 1365.23024988. MSE: 0.703262358407. Diff MSE: 0.000156541680131.
Iteration 444. I-divergence: 1364.92887686. MSE: 0.703106154047. Diff MSE: 0.000156204360128.
Iteration 445. I-divergence: 1364.62813937. MSE: 0.702950286064. Diff MSE: 0.000155867982865.
Iteration 446. I-divergence: 1364.32803559. MSE: 0.702794753515. Diff MSE: 0.000155532549076.
Iteration 447. I-divergence: 1364.02856371. MSE: 0.702639555456. Diff MSE: 0.000155198059408.
Iteration 448. I-divergence: 1363.72972189. MSE: 0.702484690941. Diff MSE: 0.00015486451451.
Iteration 449. I-divergence: 1363.43150832. MSE: 0.702330159026. Diff MSE: 0.000154531914955.
Iteration 450. I-divergence: 1363.13392119. MSE: 0.702175958765. Diff MSE: 0.000154200261182.
Iteration 451. I-divergence: 1362.83695866. MSE: 0.702022089212. Diff MSE: 0.000153869553712.
Iteration 452. I-divergence: 1362.54061893. MSE: 0.701868549419. Diff MSE: 0.000153539792878.
Iteration 453. I-divergence: 1362.24490017. MSE: 0.70171533844. Diff MSE: 0.000153210979052.
Iteration 454. I-divergence: 1361.94980057. MSE: 0.701562455327. Diff MSE: 0.000152883112469.
Iteration 455. I-divergence: 1361.65531831. MSE: 0.701409899134. Diff MSE: 0.000152556193384.
Iteration 456. I-divergence: 1361.36145158. MSE: 0.701257668912. Diff MSE: 0.00015223022195.
Iteration 457. I-divergence: 1361.06819855. MSE: 0.701105763713. Diff MSE: 0.000151905198278.
Iteration 458. I-divergence: 1360.77555742. MSE: 0.700954182591. Diff MSE: 0.000151581122408.
Iteration 459. I-divergence: 1360.48352636. MSE: 0.700802924597. Diff MSE: 0.000151257994373.
Iteration 460. I-divergence: 1360.19210358. MSE: 0.700651988783. Diff MSE: 0.000150935814108.
Iteration 461. I-divergence: 1359.90128725. MSE: 0.700501374201. Diff MSE: 0.000150614581512.
Iteration 462. I-divergence: 1359.61107557. MSE: 0.700351079905. Diff MSE: 0.000150294296417.
Iteration 463. I-divergence: 1359.32146673. MSE: 0.700201104946. Diff MSE: 0.000149974958654.
Iteration 464. I-divergence: 1359.03245893. MSE: 0.700051448378. Diff MSE: 0.000149656567917.
Iteration 465. I-divergence: 1358.74405035. MSE: 0.699902109254. Diff MSE: 0.000149339123938.
Iteration 466. I-divergence: 1358.4562392. MSE: 0.699753086628. Diff MSE: 0.000149022626355.
Iteration 467. I-divergence: 1358.16902368. MSE: 0.699604379553. Diff MSE: 0.000148707074774.
Iteration 468. I-divergence: 1357.88240197. MSE: 0.699455987084. Diff MSE: 0.000148392468678.
Iteration 469. I-divergence: 1357.5963723. MSE: 0.699307908277. Diff MSE: 0.000148078807659.
Iteration 470. I-divergence: 1357.31093285. MSE: 0.699160142186. Diff MSE: 0.000147766091117.
Iteration 471. I-divergence: 1357.02608184. MSE: 0.699012687867. Diff MSE: 0.000147454318463.
Iteration 472. I-divergence: 1356.74181748. MSE: 0.698865544378. Diff MSE: 0.000147143489063.
Iteration 473. I-divergence: 1356.45813797. MSE: 0.698718710776. Diff MSE: 0.000146833602238.
Iteration 474. I-divergence: 1356.17504154. MSE: 0.698572186119. Diff MSE: 0.000146524657257.
Iteration 475. I-divergence: 1355.89252639. MSE: 0.698425969465. Diff MSE: 0.000146216653334.
Iteration 476. I-divergence: 1355.61059074. MSE: 0.698280059876. Diff MSE: 0.000145909589673.
Iteration 477. I-divergence: 1355.32923281. MSE: 0.69813445641. Diff MSE: 0.000145603465418.
Iteration 478. I-divergence: 1355.04845084. MSE: 0.697989158131. Diff MSE: 0.000145298279639.
Iteration 479. I-divergence: 1354.76824303. MSE: 0.697844164099. Diff MSE: 0.000144994031437.
Iteration 480. I-divergence: 1354.48860763. MSE: 0.697699473379. Diff MSE: 0.000144690719814.
Iteration 481. I-divergence: 1354.20954285. MSE: 0.697555085036. Diff MSE: 0.000144388343722.
Iteration 482. I-divergence: 1353.93104695. MSE: 0.697410998133. Diff MSE: 0.000144086902154.
Iteration 483. I-divergence: 1353.65311815. MSE: 0.697267211739. Diff MSE: 0.000143786393965.
Iteration 484. I-divergence: 1353.37575469. MSE: 0.697123724921. Diff MSE: 0.000143486818072.
Iteration 485. I-divergence: 1353.09895481. MSE: 0.696980536748. Diff MSE: 0.000143188173233.
Iteration 486. I-divergence: 1352.82271677. MSE: 0.69683764629. Diff MSE: 0.000142890458299.
Iteration 487. I-divergence: 1352.54703881. MSE: 0.696695052618. Diff MSE: 0.000142593672011.
Iteration 488. I-divergence: 1352.27191919. MSE: 0.696552754805. Diff MSE: 0.000142297813075.
Iteration 489. I-divergence: 1351.99735616. MSE: 0.696410751925. Diff MSE: 0.000142002880181.
Iteration 490. I-divergence: 1351.72334797. MSE: 0.696269043053. Diff MSE: 0.000141708871987.
Iteration 491. I-divergence: 1351.4498929. MSE: 0.696127627265. Diff MSE: 0.000141415787136.
Iteration 492. I-divergence: 1351.1769892. MSE: 0.695986503641. Diff MSE: 0.00014112362417.
Iteration 493. I-divergence: 1350.90463515. MSE: 0.69584567126. Diff MSE: 0.000140832381672.
Iteration 494. I-divergence: 1350.63282902. MSE: 0.695705129201. Diff MSE: 0.000140542058182.
Iteration 495. I-divergence: 1350.36156909. MSE: 0.695564876549. Diff MSE: 0.000140252652155.
Iteration 496. I-divergence: 1350.09085363. MSE: 0.695424912387. Diff MSE: 0.000139964162088.
Iteration 497. I-divergence: 1349.82068094. MSE: 0.695285235801. Diff MSE: 0.000139676586411.
Iteration 498. I-divergence: 1349.55104929. MSE: 0.695145845877. Diff MSE: 0.000139389923524.
Iteration 499. I-divergence: 1349.28195697. MSE: 0.695006741705. Diff MSE: 0.0001391041718.
Iteration 500. I-divergence: 1349.01340229. MSE: 0.694867922376. Diff MSE: 0.000138819329622.
Iteration 501. I-divergence: 1348.74538354. MSE: 0.694729386981. Diff MSE: 0.00013853539529.
Iteration 502. I-divergence: 1348.47789903. MSE: 0.694591134613. Diff MSE: 0.000138252367102.
Iteration 503. I-divergence: 1348.21094706. MSE: 0.69445316437. Diff MSE: 0.000137970243358.
Iteration 504. I-divergence: 1347.94452593. MSE: 0.694315475348. Diff MSE: 0.0001376890223.
Iteration 505. I-divergence: 1347.67863398. MSE: 0.694178066646. Diff MSE: 0.000137408702131.
Iteration 506. I-divergence: 1347.4132695. MSE: 0.694040937365. Diff MSE: 0.000137129281078.
Iteration 507. I-divergence: 1347.14843083. MSE: 0.693904086607. Diff MSE: 0.000136850757328.
Iteration 508. I-divergence: 1346.8841163. MSE: 0.693767513478. Diff MSE: 0.000136573129006.
Iteration 509. I-divergence: 1346.62032422. MSE: 0.693631217084. Diff MSE: 0.000136296394301.
Iteration 510. I-divergence: 1346.35705295. MSE: 0.693495196533. Diff MSE: 0.000136020551256.
Iteration 511. I-divergence: 1346.09430081. MSE: 0.693359450935. Diff MSE: 0.000135745598039.
Iteration 512. I-divergence: 1345.83206615. MSE: 0.693223979402. Diff MSE: 0.000135471532687.
Iteration 513. I-divergence: 1345.57034731. MSE: 0.693088781049. Diff MSE: 0.000135198353259.
Iteration 514. I-divergence: 1345.30914265. MSE: 0.692953854991. Diff MSE: 0.000134926057801.
Iteration 515. I-divergence: 1345.04845052. MSE: 0.692819200347. Diff MSE: 0.000134654644304.
Iteration 516. I-divergence: 1344.78826929. MSE: 0.692684816236. Diff MSE: 0.000134384110822.
Iteration 517. I-divergence: 1344.52859731. MSE: 0.69255070178. Diff MSE: 0.000134114455293.
Iteration 518. I-divergence: 1344.26943296. MSE: 0.692416856105. Diff MSE: 0.000133845675686.
Iteration 519. I-divergence: 1344.01077461. MSE: 0.692283278335. Diff MSE: 0.000133577769988.
Iteration 520. I-divergence: 1343.75262063. MSE: 0.692149967599. Diff MSE: 0.00013331073608.
Iteration 521. I-divergence: 1343.49496941. MSE: 0.692016923027. Diff MSE: 0.000133044571942.
Iteration 522. I-divergence: 1343.23781933. MSE: 0.691884143751. Diff MSE: 0.000132779275426.
Iteration 523. I-divergence: 1342.98116879. MSE: 0.691751628907. Diff MSE: 0.000132514844453.
Iteration 524. I-divergence: 1342.72501617. MSE: 0.69161937763. Diff MSE: 0.000132251276888.
Iteration 525. I-divergence: 1342.46935988. MSE: 0.691487389059. Diff MSE: 0.000131988570623.
Iteration 526. I-divergence: 1342.21419832. MSE: 0.691355662336. Diff MSE: 0.000131726723459.
Iteration 527. I-divergence: 1341.9595299. MSE: 0.691224196603. Diff MSE: 0.000131465733274.
Iteration 528. I-divergence: 1341.70535303. MSE: 0.691092991005. Diff MSE: 0.000131205597869.
Iteration 529. I-divergence: 1341.45166613. MSE: 0.69096204469. Diff MSE: 0.000130946315099.
Iteration 530. I-divergence: 1341.19846762. MSE: 0.690831356807. Diff MSE: 0.000130687882723.
Iteration 531. I-divergence: 1340.94575593. MSE: 0.690700926508. Diff MSE: 0.000130430298563.
Iteration 532. I-divergence: 1340.69352948. MSE: 0.690570752948. Diff MSE: 0.000130173560423.
Iteration 533. I-divergence: 1340.44178672. MSE: 0.690440835282. Diff MSE: 0.000129917665998.
Iteration 534. I-divergence: 1340.19052608. MSE: 0.690311172669. Diff MSE: 0.000129662613135.
Iteration 535. I-divergence: 1339.939746. MSE: 0.690181764269. Diff MSE: 0.000129408399559.
Iteration 536. I-divergence: 1339.68944494. MSE: 0.690052609246. Diff MSE: 0.000129155023026.
Iteration 537. I-divergence: 1339.43962135. MSE: 0.689923706765. Diff MSE: 0.000128902481244.
Iteration 538. I-divergence: 1339.19027369. MSE: 0.689795055993. Diff MSE: 0.000128650771992.
Iteration 539. I-divergence: 1338.94140042. MSE: 0.6896666561. Diff MSE: 0.00012839989297.
Iteration 540. I-divergence: 1338.693. MSE: 0.689538506258. Diff MSE: 0.000128149841898.
Iteration 541. I-divergence: 1338.44507091. MSE: 0.689410605642. Diff MSE: 0.000127900616457.
Iteration 542. I-divergence: 1338.19761163. MSE: 0.689282953427. Diff MSE: 0.000127652214416.
Iteration 543. I-divergence: 1337.95062063. MSE: 0.689155548794. Diff MSE: 0.000127404633436.
Iteration 544. I-divergence: 1337.70409641. MSE: 0.689028390923. Diff MSE: 0.000127157871206.
Iteration 545. I-divergence: 1337.45803745. MSE: 0.688901478997. Diff MSE: 0.000126911925411.
Iteration 546. I-divergence: 1337.21244224. MSE: 0.688774812203. Diff MSE: 0.000126666793738.
Iteration 547. I-divergence: 1336.96730929. MSE: 0.68864838973. Diff MSE: 0.000126422473879.
Iteration 548. I-divergence: 1336.7226371. MSE: 0.688522210766. Diff MSE: 0.000126178963518.
Iteration 549. I-divergence: 1336.47842417. MSE: 0.688396274506. Diff MSE: 0.000125936260271.
Iteration 550. I-divergence: 1336.23466903. MSE: 0.688270580144. Diff MSE: 0.000125694361863.
Iteration 551. I-divergence: 1335.99137019. MSE: 0.688145126878. Diff MSE: 0.000125453265919.
Iteration 552. I-divergence: 1335.74852617. MSE: 0.688019913908. Diff MSE: 0.000125212970105.
Iteration 553. I-divergence: 1335.5061355. MSE: 0.687894940436. Diff MSE: 0.00012497347209.
Iteration 554. I-divergence: 1335.26419671. MSE: 0.687770205666. Diff MSE: 0.00012473476953.
Iteration 555. I-divergence: 1335.02270834. MSE: 0.687645708806. Diff MSE: 0.000124496860064.
Iteration 556. I-divergence: 1334.78166892. MSE: 0.687521449065. Diff MSE: 0.000124259741346.
Iteration 557. I-divergence: 1334.541077. MSE: 0.687397425654. Diff MSE: 0.000124023411014.
Iteration 558. I-divergence: 1334.30093114. MSE: 0.687273637787. Diff MSE: 0.000123787866721.
Iteration 559. I-divergence: 1334.06122988. MSE: 0.687150084681. Diff MSE: 0.000123553106138.
Iteration 560. I-divergence: 1333.82197179. MSE: 0.687026765554. Diff MSE: 0.000123319126866.
Iteration 561. I-divergence: 1333.58315543. MSE: 0.686903679628. Diff MSE: 0.000123085926555.
Iteration 562. I-divergence: 1333.34477937. MSE: 0.686780826125. Diff MSE: 0.000122853502895.
Iteration 563. I-divergence: 1333.10684217. MSE: 0.686658204271. Diff MSE: 0.000122621853477.
Iteration 564. I-divergence: 1332.86934243. MSE: 0.686535813295. Diff MSE: 0.000122390975949.
Iteration 565. I-divergence: 1332.63227871. MSE: 0.686413652427. Diff MSE: 0.000122160867944.
Iteration 566. I-divergence: 1332.3956496. MSE: 0.6862917209. Diff MSE: 0.000121931527161.
Iteration 567. I-divergence: 1332.15945371. MSE: 0.686170017949. Diff MSE: 0.000121702951191.
Iteration 568. I-divergence: 1331.92368961. MSE: 0.686048542811. Diff MSE: 0.000121475137666.
Iteration 569. I-divergence: 1331.68835591. MSE: 0.685927294727. Diff MSE: 0.00012124808427.
Iteration 570. I-divergence: 1331.45345122. MSE: 0.685806272938. Diff MSE: 0.000121021788637.
Iteration 571. I-divergence: 1331.21897414. MSE: 0.68568547669. Diff MSE: 0.000120796248395.
Iteration 572. I-divergence: 1330.98492329. MSE: 0.685564905229. Diff MSE: 0.000120571461196.
Iteration 573. I-divergence: 1330.75129729. MSE: 0.685444557804. Diff MSE: 0.000120347424702.
Iteration 574. I-divergence: 1330.51809475. MSE: 0.685324433668. Diff MSE: 0.000120124136559.
Iteration 575. I-divergence: 1330.2853143. MSE: 0.685204532073. Diff MSE: 0.000119901594396.
Iteration 576. I-divergence: 1330.05295458. MSE: 0.685084852277. Diff MSE: 0.00011967979591.
Iteration 577. I-divergence: 1329.82101421. MSE: 0.684965393538. Diff MSE: 0.000119458738729.
Iteration 578. I-divergence: 1329.58949185. MSE: 0.684846155118. Diff MSE: 0.000119238420515.
Iteration 579. I-divergence: 1329.35838613. MSE: 0.684727136279. Diff MSE: 0.000119018838917.
Iteration 580. I-divergence: 1329.12769571. MSE: 0.684608336287. Diff MSE: 0.000118799991623.
Iteration 581. I-divergence: 1328.89741922. MSE: 0.684489754411. Diff MSE: 0.000118581876295.
Iteration 582. I-divergence: 1328.66755535. MSE: 0.684371389921. Diff MSE: 0.000118364490579.
Iteration 583. I-divergence: 1328.43810273. MSE: 0.684253242088. Diff MSE: 0.000118147832162.
Iteration 584. I-divergence: 1328.20906005. MSE: 0.68413531019. Diff MSE: 0.000117931898736.
Iteration 585. I-divergence: 1327.98042596. MSE: 0.684017593502. Diff MSE: 0.000117716687952.
Iteration 586. I-divergence: 1327.75219916. MSE: 0.683900091304. Diff MSE: 0.000117502197491.
Iteration 587. I-divergence: 1327.52437831. MSE: 0.683782802879. Diff MSE: 0.00011728842507.
Iteration 588. I-divergence: 1327.29696209. MSE: 0.683665727511. Diff MSE: 0.000117075368334.
Iteration 589. I-divergence: 1327.06994921. MSE: 0.683548864486. Diff MSE: 0.000116863025009.
Iteration 590. I-divergence: 1326.84333834. MSE: 0.683432213093. Diff MSE: 0.000116651392767.
Iteration 591. I-divergence: 1326.61712818. MSE: 0.683315772624. Diff MSE: 0.000116440469348.
Iteration 592. I-divergence: 1326.39131744. MSE: 0.683199542371. Diff MSE: 0.000116230252383.
Iteration 593. I-divergence: 1326.16590482. MSE: 0.683083521632. Diff MSE: 0.000116020739656.
Iteration 594. I-divergence: 1325.94088902. MSE: 0.682967709703. Diff MSE: 0.000115811928811.
Iteration 595. I-divergence: 1325.71626877. MSE: 0.682852105885. Diff MSE: 0.000115603817623.
Iteration 596. I-divergence: 1325.49204278. MSE: 0.682736709481. Diff MSE: 0.000115396403778.
Iteration 597. I-divergence: 1325.26820977. MSE: 0.682621519796. Diff MSE: 0.000115189685003.
Iteration 598. I-divergence: 1325.04476846. MSE: 0.682506536137. Diff MSE: 0.000114983659027.
Iteration 599. I-divergence: 1324.82171759. MSE: 0.682391757814. Diff MSE: 0.000114778323588.
Iteration 600. I-divergence: 1324.59905589. MSE: 0.682277184137. Diff MSE: 0.000114573676443.
Iteration 601. I-divergence: 1324.37678209. MSE: 0.682162814422. Diff MSE: 0.00011436971528.
Iteration 602. I-divergence: 1324.15489495. MSE: 0.682048647984. Diff MSE: 0.000114166437887.
Iteration 603. I-divergence: 1323.9333932. MSE: 0.681934684142. Diff MSE: 0.000113963842022.
Iteration 604. I-divergence: 1323.7122756. MSE: 0.681820922217. Diff MSE: 0.000113761925398.
Iteration 605. I-divergence: 1323.49154091. MSE: 0.681707361531. Diff MSE: 0.000113560685826.
Iteration 606. I-divergence: 1323.27118787. MSE: 0.68159400141. Diff MSE: 0.000113360121035.
Iteration 607. I-divergence: 1323.05121525. MSE: 0.681480841181. Diff MSE: 0.000113160228823.
Iteration 608. I-divergence: 1322.83162183. MSE: 0.681367880174. Diff MSE: 0.000112961006949.
Iteration 609. I-divergence: 1322.61240637. MSE: 0.681255117721. Diff MSE: 0.000112762453188.
Iteration 610. I-divergence: 1322.39356764. MSE: 0.681142553156. Diff MSE: 0.000112564565355.
Iteration 611. I-divergence: 1322.17510442. MSE: 0.681030185814. Diff MSE: 0.000112367341185.
Iteration 612. I-divergence: 1321.9570155. MSE: 0.680918015036. Diff MSE: 0.000112170778529.
Iteration 613. I-divergence: 1321.73929967. MSE: 0.680806040161. Diff MSE: 0.000111974875187.
Iteration 614. I-divergence: 1321.52195571. MSE: 0.680694260532. Diff MSE: 0.000111779628931.
Iteration 615. I-divergence: 1321.30498242. MSE: 0.680582675494. Diff MSE: 0.000111585037594.
Iteration 616. I-divergence: 1321.0883786. MSE: 0.680471284395. Diff MSE: 0.000111391098994.
Iteration 617. I-divergence: 1320.87214304. MSE: 0.680360086584. Diff MSE: 0.000111197810923.
Iteration 618. I-divergence: 1320.65627457. MSE: 0.680249081413. Diff MSE: 0.000111005171256.
Iteration 619. I-divergence: 1320.44077198. MSE: 0.680138268235. Diff MSE: 0.000110813177813.
Iteration 620. I-divergence: 1320.22563409. MSE: 0.680027646407. Diff MSE: 0.000110621828417.
Iteration 621. I-divergence: 1320.01085972. MSE: 0.679917215286. Diff MSE: 0.000110431120917.
Iteration 622. I-divergence: 1319.79644769. MSE: 0.679806974233. Diff MSE: 0.000110241053158.
Iteration 623. I-divergence: 1319.58239683. MSE: 0.67969692261. Diff MSE: 0.000110051623011.
Iteration 624. I-divergence: 1319.36870596. MSE: 0.679587059781. Diff MSE: 0.000109862828327.
Iteration 625. I-divergence: 1319.15537393. MSE: 0.679477385114. Diff MSE: 0.000109674666972.
Iteration 626. I-divergence: 1318.94239956. MSE: 0.679367897978. Diff MSE: 0.000109487136831.
Iteration 627. I-divergence: 1318.7297817. MSE: 0.679258597742. Diff MSE: 0.000109300235754.
Iteration 628. I-divergence: 1318.51751919. MSE: 0.67914948378. Diff MSE: 0.000109113961647.
Iteration 629. I-divergence: 1318.30561088. MSE: 0.679040555468. Diff MSE: 0.000108928312393.
Iteration 630. I-divergence: 1318.09405563. MSE: 0.678931812182. Diff MSE: 0.00010874328589.
Iteration 631. I-divergence: 1317.88285229. MSE: 0.678823253302. Diff MSE: 0.000108558879991.
Iteration 632. I-divergence: 1317.67199971. MSE: 0.678714878209. Diff MSE: 0.000108375092711.
Iteration 633. I-divergence: 1317.46149677. MSE: 0.678606686287. Diff MSE: 0.00010819192184.
Iteration 634. I-divergence: 1317.25134232. MSE: 0.678498676922. Diff MSE: 0.000108009365373.
Iteration 635. I-divergence: 1317.04153525. MSE: 0.678390849501. Diff MSE: 0.000107827421201.
Iteration 636. I-divergence: 1316.83207442. MSE: 0.678283203414. Diff MSE: 0.00010764608725.
Iteration 637. I-divergence: 1316.62295872. MSE: 0.678175738052. Diff MSE: 0.000107465361468.
Iteration 638. I-divergence: 1316.41418702. MSE: 0.67806845281. Diff MSE: 0.000107285241798.
Iteration 639. I-divergence: 1316.20575821. MSE: 0.677961347084. Diff MSE: 0.000107105726163.
Iteration 640. I-divergence: 1315.99767117. MSE: 0.677854420272. Diff MSE: 0.000106926812526.
Iteration 641. I-divergence: 1315.78992481. MSE: 0.677747671773. Diff MSE: 0.000106748498854.
Iteration 642. I-divergence: 1315.58251802. MSE: 0.67764110099. Diff MSE: 0.000106570783103.
Iteration 643. I-divergence: 1315.3754497. MSE: 0.677534707326. Diff MSE: 0.000106393663225.
Iteration 644. I-divergence: 1315.16871874. MSE: 0.677428490189. Diff MSE: 0.000106217137202.
Iteration 645. I-divergence: 1314.96232407. MSE: 0.677322448986. Diff MSE: 0.000106041203033.
Iteration 646. I-divergence: 1314.75626458. MSE: 0.677216583127. Diff MSE: 0.000105865858697.
Iteration 647. I-divergence: 1314.55053919. MSE: 0.677110892025. Diff MSE: 0.000105691102146.
Iteration 648. I-divergence: 1314.34514682. MSE: 0.677005375094. Diff MSE: 0.000105516931412.
Iteration 649. I-divergence: 1314.1400864. MSE: 0.676900031749. Diff MSE: 0.000105343344514.
Iteration 650. I-divergence: 1313.93535683. MSE: 0.67679486141. Diff MSE: 0.000105170339427.
Iteration 651. I-divergence: 1313.73095706. MSE: 0.676689863496. Diff MSE: 0.000104997914173.
Iteration 652. I-divergence: 1313.52688602. MSE: 0.676585037429. Diff MSE: 0.000104826066755.
Iteration 653. I-divergence: 1313.32314263. MSE: 0.676480382634. Diff MSE: 0.00010465479526.
Iteration 654. I-divergence: 1313.11972584. MSE: 0.676375898536. Diff MSE: 0.000104484097646.
Iteration 655. I-divergence: 1312.91663459. MSE: 0.676271584564. Diff MSE: 0.000104313971977.
Iteration 656. I-divergence: 1312.71386782. MSE: 0.676167440148. Diff MSE: 0.000104144416298.
Iteration 657. I-divergence: 1312.51142449. MSE: 0.676063464719. Diff MSE: 0.000103975428673.
Iteration 658. I-divergence: 1312.30930353. MSE: 0.675959657712. Diff MSE: 0.000103807007116.
Iteration 659. I-divergence: 1312.10750392. MSE: 0.675856018562. Diff MSE: 0.000103639149718.
Iteration 660. I-divergence: 1311.90602461. MSE: 0.675752546708. Diff MSE: 0.000103471854541.
Iteration 661. I-divergence: 1311.70486455. MSE: 0.675649241588. Diff MSE: 0.00010330511964.
Iteration 662. I-divergence: 1311.50402273. MSE: 0.675546102645. Diff MSE: 0.000103138943096.
Iteration 663. I-divergence: 1311.30349809. MSE: 0.675443129322. Diff MSE: 0.000102973322993.
Iteration 664. I-divergence: 1311.10328962. MSE: 0.675340321065. Diff MSE: 0.000102808257424.
Iteration 665. I-divergence: 1310.9033963. MSE: 0.67523767732. Diff MSE: 0.000102643744484.
Iteration 666. I-divergence: 1310.70381709. MSE: 0.675135197538. Diff MSE: 0.00010247978226.
Iteration 667. I-divergence: 1310.50455098. MSE: 0.675032881169. Diff MSE: 0.000102316368846.
Iteration 668. I-divergence: 1310.30559697. MSE: 0.674930727667. Diff MSE: 0.000102153502373.
Iteration 669. I-divergence: 1310.10695402. MSE: 0.674828736486. Diff MSE: 0.000101991180961.
Iteration 670. I-divergence: 1309.90862115. MSE: 0.674726907083. Diff MSE: 0.000101829402706.
Iteration 671. I-divergence: 1309.71059733. MSE: 0.674625238917. Diff MSE: 0.000101668165752.
Iteration 672. I-divergence: 1309.51288158. MSE: 0.674523731449. Diff MSE: 0.000101507468217.
Iteration 673. I-divergence: 1309.31547288. MSE: 0.674422384141. Diff MSE: 0.000101347308266.
Iteration 674. I-divergence: 1309.11837026. MSE: 0.674321196457. Diff MSE: 0.000101187684008.
Iteration 675. I-divergence: 1308.92157271. MSE: 0.674220167863. Diff MSE: 0.00010102859361.
Iteration 676. I-divergence: 1308.72507924. MSE: 0.674119297828. Diff MSE: 0.000100870035225.
Iteration 677. I-divergence: 1308.52888887. MSE: 0.674018585821. Diff MSE: 0.000100712007002.
Iteration 678. I-divergence: 1308.33300061. MSE: 0.673918031314. Diff MSE: 0.00010055450712.
Iteration 679. I-divergence: 1308.1374135. MSE: 0.67381763378. Diff MSE: 0.00010039753375.
Iteration 680. I-divergence: 1307.94212654. MSE: 0.673717392695. Diff MSE: 0.000100241085045.
Iteration 681. I-divergence: 1307.74713877. MSE: 0.673617307536. Diff MSE: 0.000100085159227.
Iteration 682. I-divergence: 1307.55244922. MSE: 0.673517377781. Diff MSE: 9.99297544277e-05.
Iteration 683. I-divergence: 1307.35805691. MSE: 0.673417602912. Diff MSE: 9.97748688853e-05.
Iteration 684. I-divergence: 1307.1639609. MSE: 0.673317982412. Diff MSE: 9.96205007932e-05.
Iteration 685. I-divergence: 1306.9701602. MSE: 0.673218515763. Diff MSE: 9.94666483271e-05.
Iteration 686. I-divergence: 1306.77665388. MSE: 0.673119202454. Diff MSE: 9.93133097184e-05.
Iteration 687. I-divergence: 1306.58344096. MSE: 0.67302004197. Diff MSE: 9.91604831744e-05.
Iteration 688. I-divergence: 1306.39052051. MSE: 0.672921033804. Diff MSE: 9.90081669064e-05.
Iteration 689. I-divergence: 1306.19789157. MSE: 0.672822177444. Diff MSE: 9.88563591477e-05.
Iteration 690. I-divergence: 1306.0055532. MSE: 0.672723472386. Diff MSE: 9.8705058157e-05.
Iteration 691. I-divergence: 1305.81350445. MSE: 0.672624918124. Diff MSE: 9.85542621054e-05.
Iteration 692. I-divergence: 1305.62174439. MSE: 0.672526514155. Diff MSE: 9.84039692805e-05.
Iteration 693. I-divergence: 1305.43027207. MSE: 0.672428259977. Diff MSE: 9.82541779126e-05.
Iteration 694. I-divergence: 1305.23908657. MSE: 0.672330155091. Diff MSE: 9.81048862622e-05.
Iteration 695. I-divergence: 1305.04818695. MSE: 0.672232198998. Diff MSE: 9.79560925704e-05.
Iteration 696. I-divergence: 1304.85757229. MSE: 0.672134391203. Diff MSE: 9.78077951288e-05.
Iteration 697. I-divergence: 1304.66724166. MSE: 0.672036731211. Diff MSE: 9.76599921612e-05.
Iteration 698. I-divergence: 1304.47719415. MSE: 0.671939218529. Diff MSE: 9.75126819838e-05.
Iteration 699. I-divergence: 1304.28742882. MSE: 0.671841852666. Diff MSE: 9.73658628596e-05.
Iteration 700. I-divergence: 1304.09794478. MSE: 0.671744633133. Diff MSE: 9.72195330536e-05.
Iteration 701. I-divergence: 1303.90874109. MSE: 0.671647559442. Diff MSE: 9.70736908741e-05.
Iteration 702. I-divergence: 1303.71981686. MSE: 0.671550631107. Diff MSE: 9.69283345943e-05.
Iteration 703. I-divergence: 1303.53117118. MSE: 0.671453847645. Diff MSE: 9.67834625395e-05.
Iteration 704. I-divergence: 1303.34280314. MSE: 0.671357208572. Diff MSE: 9.66390730099e-05.
Iteration 705. I-divergence: 1303.15471185. MSE: 0.671260713408. Diff MSE: 9.64951642818e-05.
Iteration 706. I-divergence: 1302.96689639. MSE: 0.671164361673. Diff MSE: 9.63517347411e-05.
Iteration 707. I-divergence: 1302.77935589. MSE: 0.67106815289. Diff MSE: 9.62087826138e-05.
Iteration 708. I-divergence: 1302.59208944. MSE: 0.670972086584. Diff MSE: 9.60663062969e-05.
Iteration 709. I-divergence: 1302.40509616. MSE: 0.67087616228. Diff MSE: 9.59243040836e-05.
Iteration 710. I-divergence: 1302.21837516. MSE: 0.670780379506. Diff MSE: 9.57827743306e-05.
Iteration 711. I-divergence: 1302.03192556. MSE: 0.67068473779. Diff MSE: 9.5641715359e-05.
Iteration 712. I-divergence: 1301.84574647. MSE: 0.670589236665. Diff MSE: 9.55011255542e-05.
Iteration 713. I-divergence: 1301.65983702. MSE: 0.670493875661. Diff MSE: 9.53610031966e-05.
Iteration 714. I-divergence: 1301.47419633. MSE: 0.670398654315. Diff MSE: 9.52213467105e-05.
Iteration 715. I-divergence: 1301.28882353. MSE: 0.67030357216. Diff MSE: 9.50821544289e-05.
Iteration 716. I-divergence: 1301.10371775. MSE: 0.670208628736. Diff MSE: 9.49434247176e-05.
Iteration 717. I-divergence: 1300.91887812. MSE: 0.67011382358. Diff MSE: 9.48051559621e-05.
Iteration 718. I-divergence: 1300.73430378. MSE: 0.670019156233. Diff MSE: 9.46673464899e-05.
Iteration 719. I-divergence: 1300.54999386. MSE: 0.669924626238. Diff MSE: 9.45299947557e-05.
Iteration 720. I-divergence: 1300.36594752. MSE: 0.669830233139. Diff MSE: 9.4393099094e-05.
Iteration 721. I-divergence: 1300.18216389. MSE: 0.669735976481. Diff MSE: 9.42566579213e-05.
Iteration 722. I-divergence: 1299.99864211. MSE: 0.669641855812. Diff MSE: 9.4120669618e-05.
Iteration 723. I-divergence: 1299.81538135. MSE: 0.669547870679. Diff MSE: 9.39851326032e-05.
Iteration 724. I-divergence: 1299.63238074. MSE: 0.669454020634. Diff MSE: 9.38500452693e-05.
Iteration 725. I-divergence: 1299.44963946. MSE: 0.669360305228. Diff MSE: 9.37154060352e-05.
Iteration 726. I-divergence: 1299.26715664. MSE: 0.669266724015. Diff MSE: 9.35812133219e-05.
Iteration 727. I-divergence: 1299.08493146. MSE: 0.669173276549. Diff MSE: 9.34474655438e-05.
Iteration 728. I-divergence: 1298.90296308. MSE: 0.669079962388. Diff MSE: 9.33141611301e-05.
Iteration 729. I-divergence: 1298.72125067. MSE: 0.668986781089. Diff MSE: 9.31812985223e-05.
Iteration 730. I-divergence: 1298.53979338. MSE: 0.668893732213. Diff MSE: 9.30488761426e-05.
Iteration 731. I-divergence: 1298.3585904. MSE: 0.668800815321. Diff MSE: 9.2916892443e-05.
Iteration 732. I-divergence: 1298.17764089. MSE: 0.668708029975. Diff MSE: 9.27853458682e-05.
Iteration 733. I-divergence: 1297.99694404. MSE: 0.66861537574. Diff MSE: 9.26542349e-05.
Iteration 734. I-divergence: 1297.81649903. MSE: 0.668522852182. Diff MSE: 9.25235579144e-05.
Iteration 735. I-divergence: 1297.63630502. MSE: 0.668430458869. Diff MSE: 9.23933134558e-05.
Iteration 736. I-divergence: 1297.45636122. MSE: 0.668338195369. Diff MSE: 9.22634999858e-05.
Iteration 737. I-divergence: 1297.27666681. MSE: 0.668246061253. Diff MSE: 9.21341159192e-05.
Iteration 738. I-divergence: 1297.09722097. MSE: 0.668154056093. Diff MSE: 9.20051597894e-05.
Iteration 739. I-divergence: 1296.9180229. MSE: 0.668062179463. Diff MSE: 9.18766300403e-05.
Iteration 740. I-divergence: 1296.73907179. MSE: 0.667970430938. Diff MSE: 9.17485251962e-05.
Iteration 741. I-divergence: 1296.56036684. MSE: 0.667878810094. Diff MSE: 9.16208437326e-05.
Iteration 742. I-divergence: 1296.38190726. MSE: 0.66778731651. Diff MSE: 9.14935841241e-05.
Iteration 743. I-divergence: 1296.20369224. MSE: 0.667695949765. Diff MSE: 9.13667449081e-05.
Iteration 744. I-divergence: 1296.02572099. MSE: 0.66760470944. Diff MSE: 9.12403245996e-05.
Iteration 745. I-divergence: 1295.84799272. MSE: 0.667513595119. Diff MSE: 9.11143216539e-05.
Iteration 746. I-divergence: 1295.67050663. MSE: 0.667422606384. Diff MSE: 9.09887346388e-05.
Iteration 747. I-divergence: 1295.49326195. MSE: 0.667331742822. Diff MSE: 9.08635620561e-05.
Iteration 748. I-divergence: 1295.31625788. MSE: 0.66724100402. Diff MSE: 9.07388024453e-05.
Iteration 749. I-divergence: 1295.13949365. MSE: 0.667150389565. Diff MSE: 9.06144543366e-05.
Iteration 750. I-divergence: 1294.96296847. MSE: 0.667059899049. Diff MSE: 9.04905162535e-05.
Iteration 751. I-divergence: 1294.78668157. MSE: 0.666969532062. Diff MSE: 9.03669867582e-05.
Iteration 752. I-divergence: 1294.61063218. MSE: 0.666879288198. Diff MSE: 9.02438643652e-05.
Iteration 753. I-divergence: 1294.43481951. MSE: 0.66678916705. Diff MSE: 9.01211476699e-05.
Iteration 754. I-divergence: 1294.25924281. MSE: 0.666699168215. Diff MSE: 8.99988351952e-05.
Iteration 755. I-divergence: 1294.08390131. MSE: 0.666609291289. Diff MSE: 8.98769255205e-05.
Iteration 756. I-divergence: 1293.90879423. MSE: 0.666519535872. Diff MSE: 8.9755417196e-05.
Iteration 757. I-divergence: 1293.73392083. MSE: 0.666429901563. Diff MSE: 8.96343088164e-05.
Iteration 758. I-divergence: 1293.55928033. MSE: 0.666340387964. Diff MSE: 8.95135989293e-05.
Iteration 759. I-divergence: 1293.38487199. MSE: 0.666250994678. Diff MSE: 8.9393286162e-05.
Iteration 760. I-divergence: 1293.21069505. MSE: 0.666161721309. Diff MSE: 8.92733690366e-05.
Iteration 761. I-divergence: 1293.03674875. MSE: 0.666072567463. Diff MSE: 8.91538461927e-05.
Iteration 762. I-divergence: 1292.86303235. MSE: 0.665983532747. Diff MSE: 8.90347161981e-05.
Iteration 763. I-divergence: 1292.6895451. MSE: 0.665894616769. Diff MSE: 8.89159776782e-05.
Iteration 764. I-divergence: 1292.51628625. MSE: 0.66580581914. Diff MSE: 8.87976292412e-05.
Iteration 765. I-divergence: 1292.34325507. MSE: 0.665717139471. Diff MSE: 8.86796694592e-05.
Iteration 766. I-divergence: 1292.17045081. MSE: 0.665628577374. Diff MSE: 8.85620969836e-05.
Iteration 767. I-divergence: 1291.99787273. MSE: 0.665540132463. Diff MSE: 8.8444910409e-05.
Iteration 768. I-divergence: 1291.82552011. MSE: 0.665451804355. Diff MSE: 8.8328108401e-05.
Iteration 769. I-divergence: 1291.6533922. MSE: 0.665363592665. Diff MSE: 8.82116895464e-05.
Iteration 770. I-divergence: 1291.48148827. MSE: 0.665275497013. Diff MSE: 8.80956524896e-05.
Iteration 771. I-divergence: 1291.30980761. MSE: 0.665187517017. Diff MSE: 8.7979995914e-05.
Iteration 772. I-divergence: 1291.13834947. MSE: 0.665099652298. Diff MSE: 8.78647183825e-05.
Iteration 773. I-divergence: 1290.96711315. MSE: 0.66501190248. Diff MSE: 8.7749818606e-05.
Iteration 774. I-divergence: 1290.79609791. MSE: 0.664924267185. Diff MSE: 8.76352952387e-05.
Iteration 775. I-divergence: 1290.62530305. MSE: 0.664836746038. Diff MSE: 8.75211469039e-05.
Iteration 776. I-divergence: 1290.45472784. MSE: 0.664749338665. Diff MSE: 8.74073722957e-05.
Iteration 777. I-divergence: 1290.28437157. MSE: 0.664662044695. Diff MSE: 8.72939700641e-05.
Iteration 778. I-divergence: 1290.11423352. MSE: 0.664574863756. Diff MSE: 8.71809388983e-05.
Iteration 779. I-divergence: 1289.944313. MSE: 0.664487795479. Diff MSE: 8.70682774632e-05.
Iteration 780. I-divergence: 1289.77460928. MSE: 0.664400839494. Diff MSE: 8.69559844574e-05.
Iteration 781. I-divergence: 1289.60512168. MSE: 0.664313995436. Diff MSE: 8.68440585406e-05.
Iteration 782. I-divergence: 1289.43584947. MSE: 0.664227262937. Diff MSE: 8.67324984429e-05.
Iteration 783. I-divergence: 1289.26679198. MSE: 0.664140641635. Diff MSE: 8.6621302844e-05.
Iteration 784. I-divergence: 1289.09794848. MSE: 0.664054131164. Diff MSE: 8.65104704304e-05.
Iteration 785. I-divergence: 1288.92931831. MSE: 0.663967731164. Diff MSE: 8.63999999235e-05.
Iteration 786. I-divergence: 1288.76090074. MSE: 0.663881441274. Diff MSE: 8.62898900587e-05.
Iteration 787. I-divergence: 1288.59269511. MSE: 0.663795261135. Diff MSE: 8.61801395052e-05.
Iteration 788. I-divergence: 1288.42470071. MSE: 0.663709190388. Diff MSE: 8.60707470429e-05.
Iteration 789. I-divergence: 1288.25691687. MSE: 0.663623228676. Diff MSE: 8.59617113208e-05.
Iteration 790. I-divergence: 1288.08934289. MSE: 0.663537375645. Diff MSE: 8.58530311604e-05.
Iteration 791. I-divergence: 1287.9219781. MSE: 0.66345163094. Diff MSE: 8.57447052007e-05.
Iteration 792. I-divergence: 1287.75482181. MSE: 0.663365994208. Diff MSE: 8.56367322805e-05.
Iteration 793. I-divergence: 1287.58787335. MSE: 0.663280465097. Diff MSE: 8.5529111077e-05.
Iteration 794. I-divergence: 1287.42113204. MSE: 0.663195043256. Diff MSE: 8.54218403552e-05.
Iteration 795. I-divergence: 1287.25459721. MSE: 0.663109728337. Diff MSE: 8.53149188911e-05.
Iteration 796. I-divergence: 1287.08826819. MSE: 0.663024519992. Diff MSE: 8.52083454215e-05.
Iteration 797. I-divergence: 1286.92214431. MSE: 0.662939417873. Diff MSE: 8.51021187219e-05.
Iteration 798. I-divergence: 1286.75622491. MSE: 0.662854421636. Diff MSE: 8.49962375495e-05.
Iteration 799. I-divergence: 1286.59050931. MSE: 0.662769530935. Diff MSE: 8.48907006947e-05.
Iteration 800. I-divergence: 1286.42499686. MSE: 0.662684745428. Diff MSE: 8.47855069293e-05.
Iteration 801. I-divergence: 1286.25968689. MSE: 0.662600064773. Diff MSE: 8.46806550422e-05.
Iteration 802. I-divergence: 1286.09457875. MSE: 0.662515488629. Diff MSE: 8.45761438018e-05.
Iteration 803. I-divergence: 1285.92967179. MSE: 0.662431016657. Diff MSE: 8.44719720278e-05.
Iteration 804. I-divergence: 1285.76496534. MSE: 0.662346648519. Diff MSE: 8.43681384931e-05.
Iteration 805. I-divergence: 1285.60045876. MSE: 0.662262383877. Diff MSE: 8.42646420182e-05.
Iteration 806. I-divergence: 1285.4361514. MSE: 0.662178222395. Diff MSE: 8.41614814119e-05.
Iteration 807. I-divergence: 1285.2720426. MSE: 0.66209416374. Diff MSE: 8.40586554564e-05.
Iteration 808. I-divergence: 1285.10813174. MSE: 0.662010207577. Diff MSE: 8.39561630128e-05.
Iteration 809. I-divergence: 1284.94441815. MSE: 0.661926353574. Diff MSE: 8.38540028654e-05.
Iteration 810. I-divergence: 1284.78090121. MSE: 0.6618426014. Diff MSE: 8.3752173851e-05.
Iteration 811. I-divergence: 1284.61758027. MSE: 0.661758950725. Diff MSE: 8.36506748226e-05.
Iteration 812. I-divergence: 1284.4544547. MSE: 0.661675401221. Diff MSE: 8.35495045658e-05.
Iteration 813. I-divergence: 1284.29152385. MSE: 0.661591952559. Diff MSE: 8.34486619735e-05.
Iteration 814. I-divergence: 1284.12878711. MSE: 0.661508604413. Diff MSE: 8.33481458645e-05.
Iteration 815. I-divergence: 1283.96624383. MSE: 0.661425356458. Diff MSE: 8.32479550819e-05.
Iteration 816. I-divergence: 1283.8038934. MSE: 0.661342208369. Diff MSE: 8.31480884834e-05.
Iteration 817. I-divergence: 1283.64173517. MSE: 0.661259159824. Diff MSE: 8.304854494e-05.
Iteration 818. I-divergence: 1283.47976854. MSE: 0.661176210501. Diff MSE: 8.29493233157e-05.
Iteration 819. I-divergence: 1283.31799287. MSE: 0.661093360079. Diff MSE: 8.2850422469e-05.
Iteration 820. I-divergence: 1283.15640755. MSE: 0.661010608237. Diff MSE: 8.27518412588e-05.
Iteration 821. I-divergence: 1282.99501195. MSE: 0.660927954659. Diff MSE: 8.26535785777e-05.
Iteration 822. I-divergence: 1282.83380547. MSE: 0.660845399025. Diff MSE: 8.25556333114e-05.
Iteration 823. I-divergence: 1282.67278749. MSE: 0.660762941021. Diff MSE: 8.245800434e-05.
Iteration 824. I-divergence: 1282.51195739. MSE: 0.660680580331. Diff MSE: 8.23606905687e-05.
Iteration 825. I-divergence: 1282.35131456. MSE: 0.66059831664. Diff MSE: 8.22636908542e-05.
Iteration 826. I-divergence: 1282.19085841. MSE: 0.660516149636. Diff MSE: 8.21670041506e-05.
Iteration 827. I-divergence: 1282.03058831. MSE: 0.660434079006. Diff MSE: 8.20706293183e-05.
Iteration 828. I-divergence: 1281.87050367. MSE: 0.660352104441. Diff MSE: 8.19745652718e-05.
Iteration 829. I-divergence: 1281.71060388. MSE: 0.66027022563. Diff MSE: 8.1878810966e-05.
Iteration 830. I-divergence: 1281.55088835. MSE: 0.660188442265. Diff MSE: 8.17833652642e-05.
Iteration 831. I-divergence: 1281.39135647. MSE: 0.660106754038. Diff MSE: 8.16882271166e-05.
Iteration 832. I-divergence: 1281.23200765. MSE: 0.660025160642. Diff MSE: 8.15933954565e-05.
Iteration 833. I-divergence: 1281.0728413. MSE: 0.659943661773. Diff MSE: 8.14988692102e-05.
Iteration 834. I-divergence: 1280.91385682. MSE: 0.659862257126. Diff MSE: 8.14046473013e-05.
Iteration 835. I-divergence: 1280.75505362. MSE: 0.659780946397. Diff MSE: 8.13107287094e-05.
Iteration 836. I-divergence: 1280.59643111. MSE: 0.659699729285. Diff MSE: 8.12171123217e-05.
Iteration 837. I-divergence: 1280.43798871. MSE: 0.659618605487. Diff MSE: 8.11237971259e-05.
Iteration 838. I-divergence: 1280.27972583. MSE: 0.659537574705. Diff MSE: 8.10307820821e-05.
Iteration 839. I-divergence: 1280.12164189. MSE: 0.659456636639. Diff MSE: 8.09380661364e-05.
Iteration 840. I-divergence: 1279.9637363. MSE: 0.659375790991. Diff MSE: 8.08456482506e-05.
Iteration 841. I-divergence: 1279.8060085. MSE: 0.659295037464. Diff MSE: 8.07535273962e-05.
Iteration 842. I-divergence: 1279.64845789. MSE: 0.659214375761. Diff MSE: 8.06617025542e-05.
Iteration 843. I-divergence: 1279.49108392. MSE: 0.659133805588. Diff MSE: 8.05701726906e-05.
Iteration 844. I-divergence: 1279.33388599. MSE: 0.659053326652. Diff MSE: 8.04789367853e-05.
Iteration 845. I-divergence: 1279.17686354. MSE: 0.658972938658. Diff MSE: 8.03879938266e-05.
Iteration 846. I-divergence: 1279.02001601. MSE: 0.658892641315. Diff MSE: 8.02973428373e-05.
Iteration 847. I-divergence: 1278.86334282. MSE: 0.658812434332. Diff MSE: 8.02069827568e-05.
Iteration 848. I-divergence: 1278.7068434. MSE: 0.65873231742. Diff MSE: 8.01169126057e-05.
Iteration 849. I-divergence: 1278.5505172. MSE: 0.658652290288. Diff MSE: 8.00271314364e-05.
Iteration 850. I-divergence: 1278.39436365. MSE: 0.65857235265. Diff MSE: 7.99376381709e-05.
Iteration 851. I-divergence: 1278.23838219. MSE: 0.658492504218. Diff MSE: 7.98484318896e-05.
Iteration 852. I-divergence: 1278.08257226. MSE: 0.658412744706. Diff MSE: 7.97595115728e-05.
Iteration 853. I-divergence: 1277.9269333. MSE: 0.65833307383. Diff MSE: 7.96708762644e-05.
Iteration 854. I-divergence: 1277.77146476. MSE: 0.658253491305. Diff MSE: 7.95825249973e-05.
Iteration 855. I-divergence: 1277.61616609. MSE: 0.658173996848. Diff MSE: 7.94944567581e-05.
Iteration 856. I-divergence: 1277.46103673. MSE: 0.658094590178. Diff MSE: 7.9406670612e-05.
Iteration 857. I-divergence: 1277.30607614. MSE: 0.658015271012. Diff MSE: 7.93191656181e-05.
Iteration 858. I-divergence: 1277.15128377. MSE: 0.657936039071. Diff MSE: 7.92319407759e-05.
Iteration 859. I-divergence: 1276.99665906. MSE: 0.657856894076. Diff MSE: 7.91449951704e-05.
Iteration 860. I-divergence: 1276.84220148. MSE: 0.657777835748. Diff MSE: 7.90583278261e-05.
Iteration 861. I-divergence: 1276.68791049. MSE: 0.657698863811. Diff MSE: 7.89719378146e-05.
Iteration 862. I-divergence: 1276.53378554. MSE: 0.657619977986. Diff MSE: 7.88858241905e-05.
Iteration 863. I-divergence: 1276.37982609. MSE: 0.657541178. Diff MSE: 7.87999860309e-05.
Iteration 864. I-divergence: 1276.2260316. MSE: 0.657462463578. Diff MSE: 7.87144223862e-05.
Iteration 865. I-divergence: 1276.07240155. MSE: 0.657383834446. Diff MSE: 7.8629132337e-05.
Iteration 866. I-divergence: 1275.9189354. MSE: 0.657305290331. Diff MSE: 7.85441149808e-05.
Iteration 867. I-divergence: 1275.76563261. MSE: 0.657226830961. Diff MSE: 7.84593693581e-05.
Iteration 868. I-divergence: 1275.61249265. MSE: 0.657148456067. Diff MSE: 7.83748945895e-05.
Iteration 869. I-divergence: 1275.459515. MSE: 0.657070165377. Diff MSE: 7.82906897677e-05.
Iteration 870. I-divergence: 1275.30669913. MSE: 0.656991958623. Diff MSE: 7.82067539589e-05.
Iteration 871. I-divergence: 1275.15404451. MSE: 0.656913835537. Diff MSE: 7.81230862605e-05.
Iteration 872. I-divergence: 1275.00155062. MSE: 0.656835795851. Diff MSE: 7.80396858453e-05.
Iteration 873. I-divergence: 1274.84921693. MSE: 0.656757839299. Diff MSE: 7.79565517247e-05.
Iteration 874. I-divergence: 1274.69704294. MSE: 0.656679965616. Diff MSE: 7.78736830601e-05.
Iteration 875. I-divergence: 1274.54502811. MSE: 0.656602174537. Diff MSE: 7.77910789652e-05.
Iteration 876. I-divergence: 1274.39317193. MSE: 0.656524465799. Diff MSE: 7.7708738552e-05.
Iteration 877. I-divergence: 1274.24147389. MSE: 0.656446839138. Diff MSE: 7.76266609579e-05.
Iteration 878. I-divergence: 1274.08993348. MSE: 0.656369294292. Diff MSE: 7.75448452808e-05.
Iteration 879. I-divergence: 1273.93855017. MSE: 0.656291831002. Diff MSE: 7.74632907018e-05.
Iteration 880. I-divergence: 1273.78732346. MSE: 0.656214449005. Diff MSE: 7.73819962897e-05.
Iteration 881. I-divergence: 1273.63625285. MSE: 0.656137148044. Diff MSE: 7.73009612508e-05.
Iteration 882. I-divergence: 1273.48533782. MSE: 0.656059927859. Diff MSE: 7.72201846868e-05.
Iteration 883. I-divergence: 1273.33457786. MSE: 0.655982788194. Diff MSE: 7.71396657789e-05.
Iteration 884. I-divergence: 1273.18397249. MSE: 0.65590572879. Diff MSE: 7.70594036293e-05.
Iteration 885. I-divergence: 1273.03352118. MSE: 0.655828749393. Diff MSE: 7.69793974484e-05.
Iteration 886. I-divergence: 1272.88322345. MSE: 0.655751849746. Diff MSE: 7.68996463626e-05.
Iteration 887. I-divergence: 1272.73307879. MSE: 0.655675029597. Diff MSE: 7.68201495636e-05.
Iteration 888. I-divergence: 1272.58308671. MSE: 0.65559828869. Diff MSE: 7.67409061863e-05.
Iteration 889. I-divergence: 1272.4332467. MSE: 0.655521626775. Diff MSE: 7.66619154413e-05.
Iteration 890. I-divergence: 1272.28355828. MSE: 0.655445043599. Diff MSE: 7.65831764546e-05.
Iteration 891. I-divergence: 1272.13402096. MSE: 0.65536853891. Diff MSE: 7.65046884798e-05.
Iteration 892. I-divergence: 1271.98463424. MSE: 0.655292112459. Diff MSE: 7.64264506313e-05.
Iteration 893. I-divergence: 1271.83539762. MSE: 0.655215763997. Diff MSE: 7.63484621017e-05.
Iteration 894. I-divergence: 1271.68631064. MSE: 0.655139493275. Diff MSE: 7.6270722149e-05.
Iteration 895. I-divergence: 1271.53737279. MSE: 0.655063300045. Diff MSE: 7.61932298974e-05.
Iteration 896. I-divergence: 1271.38858359. MSE: 0.654987184061. Diff MSE: 7.6115984586e-05.
Iteration 897. I-divergence: 1271.23994256. MSE: 0.654911145075. Diff MSE: 7.60389854007e-05.
Iteration 898. I-divergence: 1271.09144922. MSE: 0.654835182844. Diff MSE: 7.59622315737e-05.
Iteration 899. I-divergence: 1270.94310309. MSE: 0.654759297121. Diff MSE: 7.58857222826e-05.
Iteration 900. I-divergence: 1270.79490368. MSE: 0.654683487665. Diff MSE: 7.58094567559e-05.
Iteration 901. I-divergence: 1270.64685052. MSE: 0.654607754231. Diff MSE: 7.57334342146e-05.
Iteration 902. I-divergence: 1270.49894314. MSE: 0.654532096577. Diff MSE: 7.56576538939e-05.
Iteration 903. I-divergence: 1270.35118107. MSE: 0.654456514462. Diff MSE: 7.55821150025e-05.
Iteration 904. I-divergence: 1270.20356381. MSE: 0.654381007645. Diff MSE: 7.55068167877e-05.
Iteration 905. I-divergence: 1270.05609092. MSE: 0.654305575886. Diff MSE: 7.54317584554e-05.
Iteration 906. I-divergence: 1269.90876191. MSE: 0.654230218947. Diff MSE: 7.53569392744e-05.
Iteration 907. I-divergence: 1269.76157632. MSE: 0.654154936589. Diff MSE: 7.52823584781e-05.
Iteration 908. I-divergence: 1269.61453368. MSE: 0.654079728573. Diff MSE: 7.52080152904e-05.
Iteration 909. I-divergence: 1269.46763353. MSE: 0.654004594664. Diff MSE: 7.51339089768e-05.
Iteration 910. I-divergence: 1269.32087539. MSE: 0.653929534626. Diff MSE: 7.50600388089e-05.
Iteration 911. I-divergence: 1269.17425882. MSE: 0.653854548222. Diff MSE: 7.49864040039e-05.
Iteration 912. I-divergence: 1269.02778335. MSE: 0.653779635218. Diff MSE: 7.49130038636e-05.
Iteration 913. I-divergence: 1268.88144851. MSE: 0.65370479538. Diff MSE: 7.48398376078e-05.
Iteration 914. I-divergence: 1268.73525386. MSE: 0.653630028476. Diff MSE: 7.47669045382e-05.
Iteration 915. I-divergence: 1268.58919893. MSE: 0.653555334272. Diff MSE: 7.46942039163e-05.
Iteration 916. I-divergence: 1268.44328326. MSE: 0.653480712537. Diff MSE: 7.46217349979e-05.
Iteration 917. I-divergence: 1268.29750641. MSE: 0.65340616304. Diff MSE: 7.4549497099e-05.
Iteration 918. I-divergence: 1268.15186793. MSE: 0.65333168555. Diff MSE: 7.44774894675e-05.
Iteration 919. I-divergence: 1268.00636735. MSE: 0.653257279839. Diff MSE: 7.44057114027e-05.
Iteration 920. I-divergence: 1267.86100423. MSE: 0.653182945676. Diff MSE: 7.43341621819e-05.
Iteration 921. I-divergence: 1267.71577813. MSE: 0.653108682835. Diff MSE: 7.42628411127e-05.
Iteration 922. I-divergence: 1267.57068859. MSE: 0.653034491088. Diff MSE: 7.4191747478e-05.
Iteration 923. I-divergence: 1267.42573517. MSE: 0.652960370207. Diff MSE: 7.41208805809e-05.
Iteration 924. I-divergence: 1267.28091743. MSE: 0.652886319968. Diff MSE: 7.40502397466e-05.
Iteration 925. I-divergence: 1267.13623492. MSE: 0.652812340143. Diff MSE: 7.39798242286e-05.
Iteration 926. I-divergence: 1266.9916872. MSE: 0.65273843051. Diff MSE: 7.39096333915e-05.
Iteration 927. I-divergence: 1266.84727384. MSE: 0.652664590843. Diff MSE: 7.38396665091e-05.
Iteration 928. I-divergence: 1266.70299438. MSE: 0.652590820921. Diff MSE: 7.3769922909e-05.
Iteration 929. I-divergence: 1266.5588484. MSE: 0.652517120519. Diff MSE: 7.37004019357e-05.
Iteration 930. I-divergence: 1266.41483546. MSE: 0.652443489416. Diff MSE: 7.36311028632e-05.
Iteration 931. I-divergence: 1266.27095513. MSE: 0.652369927391. Diff MSE: 7.3562025058e-05.
Iteration 932. I-divergence: 1266.12720697. MSE: 0.652296434223. Diff MSE: 7.3493167847e-05.
Iteration 933. I-divergence: 1265.98359054. MSE: 0.652223009692. Diff MSE: 7.34245305241e-05.
Iteration 934. I-divergence: 1265.84010542. MSE: 0.65214965358. Diff MSE: 7.33561124771e-05.
Iteration 935. I-divergence: 1265.69675119. MSE: 0.652076365667. Diff MSE: 7.32879130121e-05.
Iteration 936. I-divergence: 1265.5535274. MSE: 0.652003145735. Diff MSE: 7.32199314775e-05.
Iteration 937. I-divergence: 1265.41043364. MSE: 0.651929993568. Diff MSE: 7.31521672178e-05.
Iteration 938. I-divergence: 1265.26746947. MSE: 0.651856908948. Diff MSE: 7.30846196132e-05.
Iteration 939. I-divergence: 1265.12463448. MSE: 0.651783891661. Diff MSE: 7.30172879608e-05.
Iteration 940. I-divergence: 1264.98192825. MSE: 0.651710941489. Diff MSE: 7.29501716557e-05.
Iteration 941. I-divergence: 1264.83935034. MSE: 0.651638058219. Diff MSE: 7.28832700529e-05.
Iteration 942. I-divergence: 1264.69690034. MSE: 0.651565241636. Diff MSE: 7.28165824904e-05.
Iteration 943. I-divergence: 1264.55457783. MSE: 0.651492491528. Diff MSE: 7.27501083447e-05.
Iteration 944. I-divergence: 1264.4123824. MSE: 0.651419807681. Diff MSE: 7.26838470114e-05.
Iteration 945. I-divergence: 1264.27031362. MSE: 0.651347189883. Diff MSE: 7.26177978101e-05.
Iteration 946. I-divergence: 1264.12837108. MSE: 0.651274637923. Diff MSE: 7.25519601669e-05.
Iteration 947. I-divergence: 1263.98655437. MSE: 0.65120215159. Diff MSE: 7.2486333423e-05.
Iteration 948. I-divergence: 1263.84486307. MSE: 0.651129730673. Diff MSE: 7.24209169781e-05.
Iteration 949. I-divergence: 1263.70329677. MSE: 0.651057374962. Diff MSE: 7.23557101954e-05.
Iteration 950. I-divergence: 1263.56185507. MSE: 0.65098508425. Diff MSE: 7.22907124806e-05.
Iteration 951. I-divergence: 1263.42053755. MSE: 0.650912858327. Diff MSE: 7.22259231964e-05.
Iteration 952. I-divergence: 1263.27934381. MSE: 0.650840696985. Diff MSE: 7.21613417786e-05.
Iteration 953. I-divergence: 1263.13827343. MSE: 0.650768600017. Diff MSE: 7.20969676118e-05.
Iteration 954. I-divergence: 1262.99732602. MSE: 0.650696567217. Diff MSE: 7.20328000312e-05.
Iteration 955. I-divergence: 1262.85650117. MSE: 0.650624598379. Diff MSE: 7.19688385097e-05.
Iteration 956. I-divergence: 1262.71579847. MSE: 0.650552693296. Diff MSE: 7.19050824433e-05.
Iteration 957. I-divergence: 1262.57521753. MSE: 0.650480851765. Diff MSE: 7.18415312005e-05.
Iteration 958. I-divergence: 1262.43475794. MSE: 0.650409073581. Diff MSE: 7.17781842182e-05.
Iteration 959. I-divergence: 1262.29441931. MSE: 0.65033735854. Diff MSE: 7.17150409025e-05.
Iteration 960. I-divergence: 1262.15420123. MSE: 0.650265706439. Diff MSE: 7.16521006721e-05.
Iteration 961. I-divergence: 1262.01410332. MSE: 0.650194117076. Diff MSE: 7.1589362948e-05.
Iteration 962. I-divergence: 1261.87412516. MSE: 0.650122590249. Diff MSE: 7.15268271396e-05.
Iteration 963. I-divergence: 1261.73426638. MSE: 0.650051125757. Diff MSE: 7.14644926746e-05.
Iteration 964. I-divergence: 1261.59452657. MSE: 0.649979723398. Diff MSE: 7.14023589816e-05.
Iteration 965. I-divergence: 1261.45490535. MSE: 0.649908382972. Diff MSE: 7.13404254843e-05.
Iteration 966. I-divergence: 1261.31540231. MSE: 0.649837104281. Diff MSE: 7.12786916167e-05.
Iteration 967. I-divergence: 1261.17601708. MSE: 0.649765887124. Diff MSE: 7.1217156843e-05.
Iteration 968. I-divergence: 1261.03674927. MSE: 0.649694731303. Diff MSE: 7.11558205326e-05.
Iteration 969. I-divergence: 1260.89759847. MSE: 0.649623636621. Diff MSE: 7.10946821956e-05.
Iteration 970. I-divergence: 1260.75856432. MSE: 0.64955260288. Diff MSE: 7.10337412344e-05.
Iteration 971. I-divergence: 1260.61964642. MSE: 0.649481629883. Diff MSE: 7.09729970918e-05.
Iteration 972. I-divergence: 1260.48084439. MSE: 0.649410717433. Diff MSE: 7.09124492451e-05.
Iteration 973. I-divergence: 1260.34215785. MSE: 0.649339865336. Diff MSE: 7.08520971079e-05.
Iteration 974. I-divergence: 1260.20358641. MSE: 0.649269073396. Diff MSE: 7.07919401609e-05.
Iteration 975. I-divergence: 1260.06512969. MSE: 0.649198341418. Diff MSE: 7.07319778627e-05.
Iteration 976. I-divergence: 1259.92678732. MSE: 0.649127669209. Diff MSE: 7.0672209627e-05.
Iteration 977. I-divergence: 1259.78855892. MSE: 0.649057056574. Diff MSE: 7.0612634975e-05.
Iteration 978. I-divergence: 1259.6504441. MSE: 0.64898650332. Diff MSE: 7.05532533287e-05.
Iteration 979. I-divergence: 1259.51244249. MSE: 0.648916009256. Diff MSE: 7.04940641626e-05.
Iteration 980. I-divergence: 1259.37455371. MSE: 0.648845574189. Diff MSE: 7.0435066945e-05.
Iteration 981. I-divergence: 1259.2367774. MSE: 0.648775197928. Diff MSE: 7.03762611418e-05.
Iteration 982. I-divergence: 1259.09911318. MSE: 0.648704880282. Diff MSE: 7.03176462403e-05.
Iteration 983. I-divergence: 1258.96156067. MSE: 0.64863462106. Diff MSE: 7.02592217107e-05.
Iteration 984. I-divergence: 1258.82411951. MSE: 0.648564420073. Diff MSE: 7.02009870223e-05.
Iteration 985. I-divergence: 1258.68678932. MSE: 0.648494277131. Diff MSE: 7.01429416394e-05.
Iteration 986. I-divergence: 1258.54956974. MSE: 0.648424192046. Diff MSE: 7.00850850904e-05.
Iteration 987. I-divergence: 1258.4124604. MSE: 0.64835416463. Diff MSE: 7.00274168118e-05.
Iteration 988. I-divergence: 1258.27546092. MSE: 0.648284194693. Diff MSE: 6.99699363315e-05.
Iteration 989. I-divergence: 1258.13857096. MSE: 0.64821428205. Diff MSE: 6.99126431051e-05.
Iteration 990. I-divergence: 1258.00179014. MSE: 0.648144426513. Diff MSE: 6.98555366176e-05.
Iteration 991. I-divergence: 1257.86511809. MSE: 0.648074627897. Diff MSE: 6.979861641e-05.
Iteration 992. I-divergence: 1257.72855446. MSE: 0.648004886015. Diff MSE: 6.97418819285e-05.
Iteration 993. I-divergence: 1257.59209888. MSE: 0.647935200682. Diff MSE: 6.96853327197e-05.
Iteration 994. I-divergence: 1257.455751. MSE: 0.647865571714. Diff MSE: 6.96289682175e-05.
Iteration 995. I-divergence: 1257.31951045. MSE: 0.647795998926. Diff MSE: 6.9572787997e-05.
Iteration 996. I-divergence: 1257.18337688. MSE: 0.647726482135. Diff MSE: 6.95167915026e-05.
Iteration 997. I-divergence: 1257.04734992. MSE: 0.647657021156. Diff MSE: 6.94609782866e-05.
Iteration 998. I-divergence: 1256.91142923. MSE: 0.647587615809. Diff MSE: 6.94053478197e-05.
Iteration 999. I-divergence: 1256.77561444. MSE: 0.647518265909. Diff MSE: 6.93498996419e-05.
Iteration 1000. I-divergence: 1256.63990521. MSE: 0.647448971276. Diff MSE: 6.92946332462e-05.
Performance on test set: MSE=0.719804977301, I-div=348.882124061.
0.719804977301
