Fold 1 for k=20,l=5.
Initialising F using KMeans.
Iteration: 1.
Iteration: 2.
Iteration: 3.
Iteration: 4.
Iteration: 5.
Iteration: 6.
Iteration: 7.
Iteration: 8.
Iteration: 9.
Iteration: 10.
Iteration: 11.
Iteration: 12.
Iteration: 13.
Iteration: 14.
Iteration: 15.
Iteration: 16.
Iteration: 17.
Iteration: 18.
Iteration: 19.
Iteration: 20.
[91.0, 35.0, 14.0, 42.0, 4.0, 53.0, 106.0, 5.0, 51.0, 90.0, 3.0, 66.0, 0.0, 1.0, 24.0, 31.0, 6.0, 0.0, 0.0, 0.0]
Initialising G using KMeans.
Iteration: 1.
Iteration: 2.
Iteration: 3.
Iteration: 4.
Iteration: 5.
Iteration: 6.
Iteration: 7.
Iteration: 8.
[57.0, 21.0, 27.0, 20.0, 14.0]
Iteration 0. I-divergence: 57209.1232586. MSE: 23.6211866503. Diff MSE: -23.6211866503.
Iteration 1. I-divergence: 1741.26470486. MSE: 0.901181965838. Diff MSE: 22.7200046845.
Iteration 2. I-divergence: 1629.28464804. MSE: 0.841660374698. Diff MSE: 0.0595215911404.
Iteration 3. I-divergence: 1620.72288998. MSE: 0.837111241854. Diff MSE: 0.00454913284418.
Iteration 4. I-divergence: 1616.24182086. MSE: 0.834739326664. Diff MSE: 0.00237191518953.
Iteration 5. I-divergence: 1612.37027363. MSE: 0.832690231518. Diff MSE: 0.00204909514683.
Iteration 6. I-divergence: 1608.68282585. MSE: 0.830738279022. Diff MSE: 0.00195195249583.
Iteration 7. I-divergence: 1605.11732663. MSE: 0.828850620907. Diff MSE: 0.00188765811471.
Iteration 8. I-divergence: 1601.66000226. MSE: 0.827020010471. Diff MSE: 0.00183061043566.
Iteration 9. I-divergence: 1598.30466286. MSE: 0.825243198505. Diff MSE: 0.00177681196629.
Iteration 10. I-divergence: 1595.04670154. MSE: 0.823517767098. Diff MSE: 0.00172543140743.
Iteration 11. I-divergence: 1591.88203195. MSE: 0.821841571675. Diff MSE: 0.00167619542299.
Iteration 12. I-divergence: 1588.8068522. MSE: 0.820212617285. Diff MSE: 0.0016289543898.
Iteration 13. I-divergence: 1585.81757624. MSE: 0.818629022517. Diff MSE: 0.00158359476762.
Iteration 14. I-divergence: 1582.91080587. MSE: 0.817089004685. Diff MSE: 0.00154001783249.
Iteration 15. I-divergence: 1580.08331442. MSE: 0.81559087114. Diff MSE: 0.0014981335447.
Iteration 16. I-divergence: 1577.33203441. MSE: 0.814133012747. Diff MSE: 0.00145785839274.
Iteration 17. I-divergence: 1574.65404712. MSE: 0.812713898336. Diff MSE: 0.00141911441139.
Iteration 18. I-divergence: 1572.04657317. MSE: 0.811332069744. Diff MSE: 0.001381828592.
Iteration 19. I-divergence: 1569.50696393. MSE: 0.809986137298. Diff MSE: 0.00134593244588.
Iteration 20. I-divergence: 1567.03269363. MSE: 0.808674775656. Diff MSE: 0.00131136164183.
Iteration 21. I-divergence: 1564.62135202. MSE: 0.807396719968. Diff MSE: 0.00127805568802.
Iteration 22. I-divergence: 1562.27063767. MSE: 0.806150762322. Diff MSE: 0.00124595764664.
Iteration 23. I-divergence: 1559.97835161. MSE: 0.804935748447. Diff MSE: 0.00121501387429.
Iteration 24. I-divergence: 1557.74239155. MSE: 0.803750574662. Diff MSE: 0.00118517378531.
Iteration 25. I-divergence: 1555.56074645. MSE: 0.802594185027. Diff MSE: 0.00115638963493.
Iteration 26. I-divergence: 1553.43149151. MSE: 0.801465568707. Diff MSE: 0.00112861632015.
Iteration 27. I-divergence: 1551.35278342. MSE: 0.80036375751. Diff MSE: 0.00110181119711.
Iteration 28. I-divergence: 1549.32285608. MSE: 0.799287823597. Diff MSE: 0.00107593391282.
Iteration 29. I-divergence: 1547.34001644. MSE: 0.798236877347. Diff MSE: 0.00105094625039.
Iteration 30. I-divergence: 1545.40264077. MSE: 0.79721006536. Diff MSE: 0.00102681198637.
Iteration 31. I-divergence: 1543.50917106. MSE: 0.796206568601. Diff MSE: 0.00100349675906.
Iteration 32. I-divergence: 1541.65811172. MSE: 0.795225600654. Diff MSE: 0.000980967947093.
Iteration 33. I-divergence: 1539.84802647. MSE: 0.794266406097. Diff MSE: 0.000959194557029.
Iteration 34. I-divergence: 1538.07753544. MSE: 0.793328258977. Diff MSE: 0.000938147119566.
Iteration 35. I-divergence: 1536.34531244. MSE: 0.792410461384. Diff MSE: 0.000917797593389.
Iteration 36. I-divergence: 1534.65008241. MSE: 0.791512342108. Diff MSE: 0.000898119276165.
Iteration 37. I-divergence: 1532.99061899. MSE: 0.790633255386. Diff MSE: 0.000879086722019.
Iteration 38. I-divergence: 1531.36574232. MSE: 0.789772579721. Diff MSE: 0.000860675664885.
Iteration 39. I-divergence: 1529.77431686. MSE: 0.788929716773. Diff MSE: 0.000842862947592.
Iteration 40. I-divergence: 1528.21524947. MSE: 0.788104090318. Diff MSE: 0.000825626455782.
Iteration 41. I-divergence: 1526.68748747. MSE: 0.787295145261. Diff MSE: 0.000808945056658.
Iteration 42. I-divergence: 1525.19001688. MSE: 0.786502346719. Diff MSE: 0.000792798541815.
Iteration 43. I-divergence: 1523.7218608. MSE: 0.785725179145. Diff MSE: 0.00077716757442.
Iteration 44. I-divergence: 1522.28207778. MSE: 0.784963145505. Diff MSE: 0.000762033639631.
Iteration 45. I-divergence: 1520.86976037. MSE: 0.784215766506. Diff MSE: 0.000747378998741.
Iteration 46. I-divergence: 1519.4840337. MSE: 0.78348257986. Diff MSE: 0.000733186646341.
Iteration 47. I-divergence: 1518.12405415. MSE: 0.78276313959. Diff MSE: 0.000719440270366.
Iteration 48. I-divergence: 1516.78900811. MSE: 0.782057015375. Diff MSE: 0.000706124214921.
Iteration 49. I-divergence: 1515.47811074. MSE: 0.781363791929. Diff MSE: 0.000693223445581.
Iteration 50. I-divergence: 1514.19060491. MSE: 0.780683068412. Diff MSE: 0.000680723517033.
Iteration 51. I-divergence: 1512.92576006. MSE: 0.780014457869. Diff MSE: 0.000668610542844.
Iteration 52. I-divergence: 1511.68287122. MSE: 0.779357586702. Diff MSE: 0.00065687116727.
Iteration 53. I-divergence: 1510.46125801. MSE: 0.778712094163. Diff MSE: 0.000645492538872.
Iteration 54. I-divergence: 1509.26026377. MSE: 0.778077631877. Diff MSE: 0.000634462286117.
Iteration 55. I-divergence: 1508.0792546. MSE: 0.777453863383. Diff MSE: 0.000623768494102.
Iteration 56. I-divergence: 1506.91761859. MSE: 0.7768404637. Diff MSE: 0.000613399683249.
Iteration 57. I-divergence: 1505.77476499. MSE: 0.77623711891. Diff MSE: 0.000603344789218.
Iteration 58. I-divergence: 1504.65012345. MSE: 0.775643525766. Diff MSE: 0.000593593144061.
Iteration 59. I-divergence: 1503.54314329. MSE: 0.775059391308. Diff MSE: 0.000584134458603.
Iteration 60. I-divergence: 1502.45329278. MSE: 0.774484432502. Diff MSE: 0.000574958806045.
Iteration 61. I-divergence: 1501.38005851. MSE: 0.773918375895. Diff MSE: 0.000566056606467.
Iteration 62. I-divergence: 1500.32294472. MSE: 0.773360957283. Diff MSE: 0.000557418612317.
Iteration 63. I-divergence: 1499.28147269. MSE: 0.772811921388. Diff MSE: 0.000549035895029.
Iteration 64. I-divergence: 1498.25518014. MSE: 0.772271021556. Diff MSE: 0.000540899831944.
Iteration 65. I-divergence: 1497.24362067. MSE: 0.771738019461. Diff MSE: 0.000533002094652.
Iteration 66. I-divergence: 1496.24636321. MSE: 0.771212684824. Diff MSE: 0.000525334637507.
Iteration 67. I-divergence: 1495.2629915. MSE: 0.770694795137. Diff MSE: 0.000517889687069.
Iteration 68. I-divergence: 1494.29310356. MSE: 0.770184135405. Diff MSE: 0.000510659732134.
Iteration 69. I-divergence: 1493.33631122. MSE: 0.76968049789. Diff MSE: 0.000503637514227.
Iteration 70. I-divergence: 1492.39223967. MSE: 0.769183681872. Diff MSE: 0.000496816018717.
Iteration 71. I-divergence: 1491.46052694. MSE: 0.768693493405. Diff MSE: 0.000490188466317.
Iteration 72. I-divergence: 1490.54082352. MSE: 0.7682097451. Diff MSE: 0.000483748305044.
Iteration 73. I-divergence: 1489.63279191. MSE: 0.767732255898. Diff MSE: 0.000477489202753.
Iteration 74. I-divergence: 1488.73610619. MSE: 0.767260850858. Diff MSE: 0.00047140503975.
Iteration 75. I-divergence: 1487.85045168. MSE: 0.766795360956. Diff MSE: 0.000465489901883.
Iteration 76. I-divergence: 1486.97552448. MSE: 0.766335622882. Diff MSE: 0.000459738074139.
Iteration 77. I-divergence: 1486.11103116. MSE: 0.765881478848. Diff MSE: 0.00045414403413.
Iteration 78. I-divergence: 1485.25668836. MSE: 0.765432776401. Diff MSE: 0.000448702446214.
Iteration 79. I-divergence: 1484.41222246. MSE: 0.764989368246. Diff MSE: 0.000443408155626.
Iteration 80. I-divergence: 1483.57736925. MSE: 0.764551112063. Diff MSE: 0.000438256183037.
Iteration 81. I-divergence: 1482.75187355. MSE: 0.764117870344. Diff MSE: 0.000433241719058.
Iteration 82. I-divergence: 1481.93548897. MSE: 0.763689510225. Diff MSE: 0.000428360119057.
Iteration 83. I-divergence: 1481.12797753. MSE: 0.763265903326. Diff MSE: 0.000423606898395.
Iteration 84. I-divergence: 1480.32910942. MSE: 0.762846925599. Diff MSE: 0.00041897772736.
Iteration 85. I-divergence: 1479.53866265. MSE: 0.762432457172. Diff MSE: 0.000414468426584.
Iteration 86. I-divergence: 1478.75642282. MSE: 0.76202238221. Diff MSE: 0.00041007496245.
Iteration 87. I-divergence: 1477.98218285. MSE: 0.761616588767. Diff MSE: 0.000405793442775.
Iteration 88. I-divergence: 1477.21574266. MSE: 0.761214968655. Diff MSE: 0.000401620112376.
Iteration 89. I-divergence: 1476.45690898. MSE: 0.760817417306. Diff MSE: 0.000397551349005.
Iteration 90. I-divergence: 1475.70549505. MSE: 0.760423833647. Diff MSE: 0.000393583659152.
Iteration 91. I-divergence: 1474.96132043. MSE: 0.760034119972. Diff MSE: 0.000389713674198.
Iteration 92. I-divergence: 1474.22421074. MSE: 0.759648181826. Diff MSE: 0.00038593814639.
Iteration 93. I-divergence: 1473.49399741. MSE: 0.759265927881. Diff MSE: 0.000382253945102.
Iteration 94. I-divergence: 1472.77051754. MSE: 0.758887269828. Diff MSE: 0.000378658053142.
Iteration 95. I-divergence: 1472.05361361. MSE: 0.758512122265. Diff MSE: 0.000375147563074.
Iteration 96. I-divergence: 1471.34313333. MSE: 0.758140402591. Diff MSE: 0.000371719673614.
Iteration 97. I-divergence: 1470.6389294. MSE: 0.757772030905. Diff MSE: 0.000368371686313.
Iteration 98. I-divergence: 1469.94085936. MSE: 0.757406929903. Diff MSE: 0.000365101002033.
Iteration 99. I-divergence: 1469.24878542. MSE: 0.757045024785. Diff MSE: 0.000361905117563.
Iteration 100. I-divergence: 1468.5625742. MSE: 0.756686243163. Diff MSE: 0.000358781622463.
Iteration 101. I-divergence: 1467.88209667. MSE: 0.756330514967. Diff MSE: 0.000355728195876.
Iteration 102. I-divergence: 1467.20722791. MSE: 0.755977772363. Diff MSE: 0.000352742603417.
Iteration 103. I-divergence: 1466.53784696. MSE: 0.755627949669. Diff MSE: 0.00034982269397.
Iteration 104. I-divergence: 1465.87383671. MSE: 0.755280983272. Diff MSE: 0.000346966396942.
Iteration 105. I-divergence: 1465.21508372. MSE: 0.754936811553. Diff MSE: 0.000344171719202.
Iteration 106. I-divergence: 1464.56147807. MSE: 0.754595374811. Diff MSE: 0.000341436742332.
Iteration 107. I-divergence: 1463.91291326. MSE: 0.754256615191. Diff MSE: 0.000338759619791.
Iteration 108. I-divergence: 1463.26928603. MSE: 0.753920476617. Diff MSE: 0.000336138574251.
Iteration 109. I-divergence: 1462.6304963. MSE: 0.753586904722. Diff MSE: 0.000333571894986.
Iteration 110. I-divergence: 1461.99644699. MSE: 0.753255846787. Diff MSE: 0.00033105793529.
Iteration 111. I-divergence: 1461.36704393. MSE: 0.752927251677. Diff MSE: 0.000328595109995.
Iteration 112. I-divergence: 1460.74219576. MSE: 0.752601069784. Diff MSE: 0.000326181893082.
Iteration 113. I-divergence: 1460.12181379. MSE: 0.752277252968. Diff MSE: 0.000323816815235.
Iteration 114. I-divergence: 1459.50581193. MSE: 0.751955754507. Diff MSE: 0.000321498461773.
Iteration 115. I-divergence: 1458.89410658. MSE: 0.751636529036. Diff MSE: 0.000319225470148.
Iteration 116. I-divergence: 1458.28661655. MSE: 0.751319532508. Diff MSE: 0.000316996528062.
Iteration 117. I-divergence: 1457.68326293. MSE: 0.751004722137. Diff MSE: 0.000314810371269.
Iteration 118. I-divergence: 1457.08396905. MSE: 0.750692056355. Diff MSE: 0.000312665781579.
Iteration 119. I-divergence: 1456.48866038. MSE: 0.75038149477. Diff MSE: 0.000310561584978.
Iteration 120. I-divergence: 1455.89726445. MSE: 0.750072998121. Diff MSE: 0.000308496649651.
Iteration 121. I-divergence: 1455.30971077. MSE: 0.749766528236. Diff MSE: 0.000306469884375.
Iteration 122. I-divergence: 1454.72593077. MSE: 0.749462048. Diff MSE: 0.000304480236537.
Iteration 123. I-divergence: 1454.14585773. MSE: 0.749159521309. Diff MSE: 0.000302526690631.
Iteration 124. I-divergence: 1453.56942671. MSE: 0.748858913043. Diff MSE: 0.00030060826663.
Iteration 125. I-divergence: 1452.99657448. MSE: 0.748560189024. Diff MSE: 0.000298724018374.
Iteration 126. I-divergence: 1452.42723946. MSE: 0.748263315992. Diff MSE: 0.000296873032159.
Iteration 127. I-divergence: 1451.86136171. MSE: 0.747968261567. Diff MSE: 0.00029505442523.
Iteration 128. I-divergence: 1451.2988828. MSE: 0.747674994222. Diff MSE: 0.000293267344569.
Iteration 129. I-divergence: 1450.73974581. MSE: 0.747383483257. Diff MSE: 0.000291510965356.
Iteration 130. I-divergence: 1450.18389527. MSE: 0.747093698767. Diff MSE: 0.000289784489989.
Iteration 131. I-divergence: 1449.63127709. MSE: 0.74680561162. Diff MSE: 0.000288087146661.
Iteration 132. I-divergence: 1449.08183856. MSE: 0.746519193432. Diff MSE: 0.00028641818835.
Iteration 133. I-divergence: 1448.53552826. MSE: 0.74623441654. Diff MSE: 0.000284776891696.
Iteration 134. I-divergence: 1447.99229606. MSE: 0.745951253984. Diff MSE: 0.000283162555945.
Iteration 135. I-divergence: 1447.45209304. MSE: 0.745669679482. Diff MSE: 0.000281574501963.
Iteration 136. I-divergence: 1446.91487147. MSE: 0.745389667411. Diff MSE: 0.000280012071374.
Iteration 137. I-divergence: 1446.38058481. MSE: 0.745111192785. Diff MSE: 0.000278474625536.
Iteration 138. I-divergence: 1445.8491876. MSE: 0.744834231241. Diff MSE: 0.000276961544801.
Iteration 139. I-divergence: 1445.32063551. MSE: 0.744558759013. Diff MSE: 0.000275472227586.
Iteration 140. I-divergence: 1444.79488524. MSE: 0.744284752923. Diff MSE: 0.000274006089787.
Iteration 141. I-divergence: 1444.27189453. MSE: 0.744012190359. Diff MSE: 0.000272562563897.
Iteration 142. I-divergence: 1443.75162213. MSE: 0.743741049261. Diff MSE: 0.000271141098308.
Iteration 143. I-divergence: 1443.23402774. MSE: 0.743471308104. Diff MSE: 0.000269741156818.
Iteration 144. I-divergence: 1442.71907203. MSE: 0.743202945886. Diff MSE: 0.00026836221787.
Iteration 145. I-divergence: 1442.20671658. MSE: 0.742935942112. Diff MSE: 0.00026700377398.
Iteration 146. I-divergence: 1441.69692388. MSE: 0.742670276781. Diff MSE: 0.00026566533125.
Iteration 147. I-divergence: 1441.18965728. MSE: 0.742405930372. Diff MSE: 0.0002643464088.
Iteration 148. I-divergence: 1440.68488097. MSE: 0.742142883834. Diff MSE: 0.000263046538279.
Iteration 149. I-divergence: 1440.18256002. MSE: 0.741881118571. Diff MSE: 0.000261765263429.
Iteration 150. I-divergence: 1439.68266026. MSE: 0.741620616431. Diff MSE: 0.00026050213956.
Iteration 151. I-divergence: 1439.18514833. MSE: 0.741361359698. Diff MSE: 0.000259256733229.
Iteration 152. I-divergence: 1438.68999164. MSE: 0.741103331076. Diff MSE: 0.000258028621855.
Iteration 153. I-divergence: 1438.19715836. MSE: 0.740846513683. Diff MSE: 0.000256817393189.
Iteration 154. I-divergence: 1437.70661739. MSE: 0.740590891038. Diff MSE: 0.000255622645212.
Iteration 155. I-divergence: 1437.21833834. MSE: 0.740336447052. Diff MSE: 0.000254443985579.
Iteration 156. I-divergence: 1436.73229153. MSE: 0.740083166021. Diff MSE: 0.000253281031452.
Iteration 157. I-divergence: 1436.24844796. MSE: 0.739831032611. Diff MSE: 0.000252133409131.
Iteration 158. I-divergence: 1435.76677931. MSE: 0.739580031858. Diff MSE: 0.000251000753817.
Iteration 159. I-divergence: 1435.28725789. MSE: 0.739330149148. Diff MSE: 0.000249882709321.
Iteration 160. I-divergence: 1434.80985668. MSE: 0.73908137022. Diff MSE: 0.000248778927848.
Iteration 161. I-divergence: 1434.33454927. MSE: 0.738833681151. Diff MSE: 0.00024768906972.
Iteration 162. I-divergence: 1433.86130985. MSE: 0.738587068348. Diff MSE: 0.00024661280321.
Iteration 163. I-divergence: 1433.39011322. MSE: 0.738341518543. Diff MSE: 0.000245549804279.
Iteration 164. I-divergence: 1432.92093477. MSE: 0.738097018787. Diff MSE: 0.000244499756417.
Iteration 165. I-divergence: 1432.45375044. MSE: 0.737853556436. Diff MSE: 0.000243462350374.
Iteration 166. I-divergence: 1431.98853676. MSE: 0.737611119152. Diff MSE: 0.000242437284143.
Iteration 167. I-divergence: 1431.52527077. MSE: 0.73736969489. Diff MSE: 0.000241424262635.
Iteration 168. I-divergence: 1431.06393008. MSE: 0.737129271892. Diff MSE: 0.000240422997533.
Iteration 169. I-divergence: 1430.60449279. MSE: 0.736889838685. Diff MSE: 0.000239433207248.
Iteration 170. I-divergence: 1430.14693753. MSE: 0.736651384068. Diff MSE: 0.000238454616663.
Iteration 171. I-divergence: 1429.69124342. MSE: 0.736413897111. Diff MSE: 0.00023748695703.
Iteration 172. I-divergence: 1429.23739008. MSE: 0.736177367145. Diff MSE: 0.000236529965829.
Iteration 173. I-divergence: 1428.7853576. MSE: 0.735941783759. Diff MSE: 0.000235583386613.
Iteration 174. I-divergence: 1428.33512653. MSE: 0.73570713679. Diff MSE: 0.000234646968981.
Iteration 175. I-divergence: 1427.8866779. MSE: 0.735473416321. Diff MSE: 0.000233720468325.
Iteration 176. I-divergence: 1427.43999315. MSE: 0.735240612676. Diff MSE: 0.000232803645809.
Iteration 177. I-divergence: 1426.99505419. MSE: 0.735008716407. Diff MSE: 0.000231896268211.
Iteration 178. I-divergence: 1426.55184334. MSE: 0.7347777183. Diff MSE: 0.00023099810784.
Iteration 179. I-divergence: 1426.11034334. MSE: 0.734547609357. Diff MSE: 0.000230108942407.
Iteration 180. I-divergence: 1425.67053733. MSE: 0.734318380802. Diff MSE: 0.000229228554956.
Iteration 181. I-divergence: 1425.23240886. MSE: 0.734090024069. Diff MSE: 0.000228356733721.
Iteration 182. I-divergence: 1424.79594186. MSE: 0.733862530796. Diff MSE: 0.000227493272094.
Iteration 183. I-divergence: 1424.36112064. MSE: 0.733635892828. Diff MSE: 0.000226637968459.
Iteration 184. I-divergence: 1423.92792988. MSE: 0.733410102202. Diff MSE: 0.00022579062615.
Iteration 185. I-divergence: 1423.49635463. MSE: 0.733185151148. Diff MSE: 0.000224951053339.
Iteration 186. I-divergence: 1423.06638028. MSE: 0.732961032086. Diff MSE: 0.000224119062956.
Iteration 187. I-divergence: 1422.63799258. MSE: 0.732737737613. Diff MSE: 0.000223294472603.
Iteration 188. I-divergence: 1422.2111776. MSE: 0.732515260508. Diff MSE: 0.000222477104485.
Iteration 189. I-divergence: 1421.78592175. MSE: 0.732293593723. Diff MSE: 0.000221666785294.
Iteration 190. I-divergence: 1421.36221174. MSE: 0.732072730377. Diff MSE: 0.000220863346143.
Iteration 191. I-divergence: 1420.94003463. MSE: 0.731852663754. Diff MSE: 0.000220066622495.
Iteration 192. I-divergence: 1420.51937774. MSE: 0.7316333873. Diff MSE: 0.000219276454087.
Iteration 193. I-divergence: 1420.10022872. MSE: 0.731414894616. Diff MSE: 0.000218492684831.
Iteration 194. I-divergence: 1419.6825755. MSE: 0.731197179453. Diff MSE: 0.000217715162715.
Iteration 195. I-divergence: 1419.26640628. MSE: 0.730980235713. Diff MSE: 0.000216943739852.
Iteration 196. I-divergence: 1418.85170954. MSE: 0.730764057441. Diff MSE: 0.000216178272207.
Iteration 197. I-divergence: 1418.43847403. MSE: 0.730548638821. Diff MSE: 0.000215418619714.
Iteration 198. I-divergence: 1418.02668877. MSE: 0.730333974175. Diff MSE: 0.000214664646047.
Iteration 199. I-divergence: 1417.61634301. MSE: 0.730120057956. Diff MSE: 0.000213916218699.
Iteration 200. I-divergence: 1417.20742626. MSE: 0.729906884748. Diff MSE: 0.000213173208774.
Iteration 201. I-divergence: 1416.79992828. MSE: 0.729694449257. Diff MSE: 0.000212435490981.
Iteration 202. I-divergence: 1416.39383905. MSE: 0.729482746313. Diff MSE: 0.000211702943557.
Iteration 203. I-divergence: 1415.98914876. MSE: 0.729271770865. Diff MSE: 0.000210975448237.
Iteration 204. I-divergence: 1415.58584786. MSE: 0.729061517975. Diff MSE: 0.000210252890077.
Iteration 205. I-divergence: 1415.18392698. MSE: 0.728851982817. Diff MSE: 0.000209535157504.
Iteration 206. I-divergence: 1414.78337698. MSE: 0.728643160675. Diff MSE: 0.000208822142197.
Iteration 207. I-divergence: 1414.38418891. MSE: 0.728435046936. Diff MSE: 0.000208113739038.
Iteration 208. I-divergence: 1413.98635401. MSE: 0.72822763709. Diff MSE: 0.000207409845939.
Iteration 209. I-divergence: 1413.58986374. MSE: 0.728020926726. Diff MSE: 0.000206710364013.
Iteration 210. I-divergence: 1413.1947097. MSE: 0.727814911529. Diff MSE: 0.000206015197277.
Iteration 211. I-divergence: 1412.80088372. MSE: 0.727609587276. Diff MSE: 0.000205324252672.
Iteration 212. I-divergence: 1412.40837777. MSE: 0.727404949836. Diff MSE: 0.000204637440053.
Iteration 213. I-divergence: 1412.01718398. MSE: 0.727200995164. Diff MSE: 0.000203954672083.
Iteration 214. I-divergence: 1411.62729469. MSE: 0.7269977193. Diff MSE: 0.000203275864104.
Iteration 215. I-divergence: 1411.23870235. MSE: 0.726795118366. Diff MSE: 0.000202600934245.
Iteration 216. I-divergence: 1410.85139959. MSE: 0.726593188562. Diff MSE: 0.000201929803154.
Iteration 217. I-divergence: 1410.46537918. MSE: 0.726391926168. Diff MSE: 0.000201262394101.
Iteration 218. I-divergence: 1410.08063403. MSE: 0.726191327535. Diff MSE: 0.000200598632881.
Iteration 219. I-divergence: 1409.69715721. MSE: 0.725991389088. Diff MSE: 0.000199938447702.
Iteration 220. I-divergence: 1409.3149419. MSE: 0.725792107319. Diff MSE: 0.000199281769158.
Iteration 221. I-divergence: 1408.93398143. MSE: 0.725593478788. Diff MSE: 0.000198628530235.
Iteration 222. I-divergence: 1408.55426923. MSE: 0.725395500122. Diff MSE: 0.000197978666116.
Iteration 223. I-divergence: 1408.17579888. MSE: 0.725198168008. Diff MSE: 0.000197332114304.
Iteration 224. I-divergence: 1407.79856406. MSE: 0.725001479194. Diff MSE: 0.000196688814409.
Iteration 225. I-divergence: 1407.42255858. MSE: 0.724805430485. Diff MSE: 0.000196048708168.
Iteration 226. I-divergence: 1407.04777634. MSE: 0.724610018746. Diff MSE: 0.000195411739429.
Iteration 227. I-divergence: 1406.67421136. MSE: 0.724415240892. Diff MSE: 0.000194777853972.
Iteration 228. I-divergence: 1406.30185776. MSE: 0.724221093892. Diff MSE: 0.000194146999667.
Iteration 229. I-divergence: 1405.93070975. MSE: 0.724027574766. Diff MSE: 0.00019351912617.
Iteration 230. I-divergence: 1405.56076164. MSE: 0.723834680581. Diff MSE: 0.000192894185099.
Iteration 231. I-divergence: 1405.19200783. MSE: 0.723642408451. Diff MSE: 0.000192272129822.
Iteration 232. I-divergence: 1404.82444282. MSE: 0.723450755536. Diff MSE: 0.000191652915515.
Iteration 233. I-divergence: 1404.45806118. MSE: 0.723259719037. Diff MSE: 0.000191036499043.
Iteration 234. I-divergence: 1404.09285757. MSE: 0.723069296198. Diff MSE: 0.000190422839033.
Iteration 235. I-divergence: 1403.72882671. MSE: 0.722879484302. Diff MSE: 0.00018981189562.
Iteration 236. I-divergence: 1403.36596342. MSE: 0.722690280671. Diff MSE: 0.000189203630623.
Iteration 237. I-divergence: 1403.00426259. MSE: 0.722501682664. Diff MSE: 0.000188598007345.
Iteration 238. I-divergence: 1402.64371915. MSE: 0.722313687673. Diff MSE: 0.00018799499061.
Iteration 239. I-divergence: 1402.28432814. MSE: 0.722126293127. Diff MSE: 0.000187394546734.
Iteration 240. I-divergence: 1401.92608463. MSE: 0.721939496483. Diff MSE: 0.000186796643351.
Iteration 241. I-divergence: 1401.56898376. MSE: 0.721753295234. Diff MSE: 0.000186201249637.
Iteration 242. I-divergence: 1401.21302074. MSE: 0.721567686898. Diff MSE: 0.000185608335879.
Iteration 243. I-divergence: 1400.85819083. MSE: 0.721382669024. Diff MSE: 0.000185017873866.
Iteration 244. I-divergence: 1400.50448933. MSE: 0.721198239187. Diff MSE: 0.000184429836514.
Iteration 245. I-divergence: 1400.15191161. MSE: 0.721014394989. Diff MSE: 0.000183844198003.
Iteration 246. I-divergence: 1399.80045307. MSE: 0.720831134056. Diff MSE: 0.00018326093373.
Iteration 247. I-divergence: 1399.45010919. MSE: 0.720648454036. Diff MSE: 0.000182680020151.
Iteration 248. I-divergence: 1399.10087546. MSE: 0.720466352601. Diff MSE: 0.000182101434902.
Iteration 249. I-divergence: 1398.75274742. MSE: 0.720284827444. Diff MSE: 0.000181525156664.
Iteration 250. I-divergence: 1398.40572066. MSE: 0.720103876279. Diff MSE: 0.00018095116519.
Iteration 251. I-divergence: 1398.05979081. MSE: 0.719923496838. Diff MSE: 0.000180379441179.
Iteration 252. I-divergence: 1397.71495353. MSE: 0.719743686871. Diff MSE: 0.000179809966339.
Iteration 253. I-divergence: 1397.37120451. MSE: 0.719564444148. Diff MSE: 0.000179242723352.
Iteration 254. I-divergence: 1397.02853948. MSE: 0.719385766452. Diff MSE: 0.000178677695729.
Iteration 255. I-divergence: 1396.68695421. MSE: 0.719207651584. Diff MSE: 0.000178114867954.
Iteration 256. I-divergence: 1396.34644448. MSE: 0.719030097359. Diff MSE: 0.000177554225258.
Iteration 257. I-divergence: 1396.0070061. MSE: 0.718853101605. Diff MSE: 0.000176995753794.
Iteration 258. I-divergence: 1395.66863494. MSE: 0.718676662165. Diff MSE: 0.000176439440433.
Iteration 259. I-divergence: 1395.33132684. MSE: 0.718500776892. Diff MSE: 0.000175885272786.
Iteration 260. I-divergence: 1394.99507771. MSE: 0.718325443653. Diff MSE: 0.000175333239322.
Iteration 261. I-divergence: 1394.65988347. MSE: 0.718150660324. Diff MSE: 0.000174783329046.
Iteration 262. I-divergence: 1394.32574004. MSE: 0.717976424792. Diff MSE: 0.000174235531777.
Iteration 263. I-divergence: 1393.99264339. MSE: 0.717802734954. Diff MSE: 0.000173689837933.
Iteration 264. I-divergence: 1393.66058948. MSE: 0.717629588715. Diff MSE: 0.000173146238539.
Iteration 265. I-divergence: 1393.32957431. MSE: 0.71745698399. Diff MSE: 0.000172604725287.
Iteration 266. I-divergence: 1392.99959389. MSE: 0.7172849187. Diff MSE: 0.000172065290383.
Iteration 267. I-divergence: 1392.67064424. MSE: 0.717113390773. Diff MSE: 0.000171527926606.
Iteration 268. I-divergence: 1392.34272138. MSE: 0.716942398146. Diff MSE: 0.000170992627297.
Iteration 269. I-divergence: 1392.01582138. MSE: 0.716771938759. Diff MSE: 0.000170459386303.
Iteration 270. I-divergence: 1391.68994029. MSE: 0.716602010562. Diff MSE: 0.000169928197861.
Iteration 271. I-divergence: 1391.36507418. MSE: 0.716432611505. Diff MSE: 0.000169399056855.
Iteration 272. I-divergence: 1391.04121913. MSE: 0.716263739546. Diff MSE: 0.00016887195845.
Iteration 273. I-divergence: 1390.71837124. MSE: 0.716095392648. Diff MSE: 0.000168346898298.
Iteration 274. I-divergence: 1390.3965266. MSE: 0.715927568776. Diff MSE: 0.000167823872469.
Iteration 275. I-divergence: 1390.07568132. MSE: 0.715760265898. Diff MSE: 0.000167302877418.
Iteration 276. I-divergence: 1389.75583152. MSE: 0.715593481988. Diff MSE: 0.000166783909896.
Iteration 277. I-divergence: 1389.4369733. MSE: 0.715427215021. Diff MSE: 0.000166266967123.
Iteration 278. I-divergence: 1389.1191028. MSE: 0.715261462975. Diff MSE: 0.000165752046557.
Iteration 279. I-divergence: 1388.80221615. MSE: 0.715096223829. Diff MSE: 0.000165239145968.
Iteration 280. I-divergence: 1388.48630949. MSE: 0.714931495565. Diff MSE: 0.000164728263465.
Iteration 281. I-divergence: 1388.17137894. MSE: 0.714767276168. Diff MSE: 0.000164219397417.
Iteration 282. I-divergence: 1387.85742065. MSE: 0.714603563621. Diff MSE: 0.00016371254645.
Iteration 283. I-divergence: 1387.54443076. MSE: 0.714440355912. Diff MSE: 0.000163207709435.
Iteration 284. I-divergence: 1387.23240543. MSE: 0.714277651026. Diff MSE: 0.000162704885489.
Iteration 285. I-divergence: 1386.92134079. MSE: 0.714115446952. Diff MSE: 0.000162204073915.
Iteration 286. I-divergence: 1386.611233. MSE: 0.713953741678. Diff MSE: 0.00016170527424.
Iteration 287. I-divergence: 1386.30207822. MSE: 0.713792533192. Diff MSE: 0.000161208486174.
Iteration 288. I-divergence: 1385.99387258. MSE: 0.713631819482. Diff MSE: 0.000160713709614.
Iteration 289. I-divergence: 1385.68661224. MSE: 0.713471598538. Diff MSE: 0.000160220944583.
Iteration 290. I-divergence: 1385.38029335. MSE: 0.713311868347. Diff MSE: 0.000159730191261.
Iteration 291. I-divergence: 1385.07491207. MSE: 0.713152626897. Diff MSE: 0.000159241450008.
Iteration 292. I-divergence: 1384.77046454. MSE: 0.712993872175. Diff MSE: 0.000158754721228.
Iteration 293. I-divergence: 1384.46694691. MSE: 0.71283560217. Diff MSE: 0.000158270005489.
Iteration 294. I-divergence: 1384.16435534. MSE: 0.712677814866. Diff MSE: 0.00015778730349.
Iteration 295. I-divergence: 1383.86268597. MSE: 0.71252050825. Diff MSE: 0.000157306615906.
Iteration 296. I-divergence: 1383.56193494. MSE: 0.712363680307. Diff MSE: 0.000156827943597.
Iteration 297. I-divergence: 1383.26209841. MSE: 0.712207329019. Diff MSE: 0.000156351287415.
Iteration 298. I-divergence: 1382.96317251. MSE: 0.712051452371. Diff MSE: 0.000155876648365.
Iteration 299. I-divergence: 1382.66515339. MSE: 0.711896048344. Diff MSE: 0.000155404027373.
Iteration 300. I-divergence: 1382.36803719. MSE: 0.711741114918. Diff MSE: 0.000154933425496.
Iteration 301. I-divergence: 1382.07182004. MSE: 0.711586650074. Diff MSE: 0.000154464843792.
Iteration 302. I-divergence: 1381.77649808. MSE: 0.711432651791. Diff MSE: 0.000153998283304.
Iteration 303. I-divergence: 1381.48206745. MSE: 0.711279118046. Diff MSE: 0.000153533745151.
Iteration 304. I-divergence: 1381.18852427. MSE: 0.711126046816. Diff MSE: 0.00015307123039.
Iteration 305. I-divergence: 1380.89586468. MSE: 0.710973436075. Diff MSE: 0.000152610740139.
Iteration 306. I-divergence: 1380.60408481. MSE: 0.7108212838. Diff MSE: 0.000152152275441.
Iteration 307. I-divergence: 1380.31318078. MSE: 0.710669587963. Diff MSE: 0.00015169583733.
Iteration 308. I-divergence: 1380.02314871. MSE: 0.710518346536. Diff MSE: 0.000151241426859.
Iteration 309. I-divergence: 1379.73398473. MSE: 0.710367557491. Diff MSE: 0.000150789044974.
Iteration 310. I-divergence: 1379.44568497. MSE: 0.710217218798. Diff MSE: 0.000150338692674.
Iteration 311. I-divergence: 1379.15824553. MSE: 0.710067328427. Diff MSE: 0.000149890370763.
Iteration 312. I-divergence: 1378.87166253. MSE: 0.709917884347. Diff MSE: 0.000149444080212.
Iteration 313. I-divergence: 1378.5859321. MSE: 0.709768884525. Diff MSE: 0.000148999821677.
Iteration 314. I-divergence: 1378.30105034. MSE: 0.70962032693. Diff MSE: 0.000148557595946.
Iteration 315. I-divergence: 1378.01701337. MSE: 0.709472209526. Diff MSE: 0.000148117403662.
Iteration 316. I-divergence: 1377.7338173. MSE: 0.70932453028. Diff MSE: 0.000147679245377.
Iteration 317. I-divergence: 1377.45145824. MSE: 0.709177287159. Diff MSE: 0.000147243121596.
Iteration 318. I-divergence: 1377.16993231. MSE: 0.709030478126. Diff MSE: 0.000146809032697.
Iteration 319. I-divergence: 1376.8892356. MSE: 0.708884101147. Diff MSE: 0.000146376979029.
Iteration 320. I-divergence: 1376.60936423. MSE: 0.708738154186. Diff MSE: 0.000145946960823.
Iteration 321. I-divergence: 1376.33031432. MSE: 0.708592635208. Diff MSE: 0.000145518978148.
Iteration 322. I-divergence: 1376.05208195. MSE: 0.708447542177. Diff MSE: 0.00014509303109.
Iteration 323. I-divergence: 1375.77466326. MSE: 0.708302873058. Diff MSE: 0.000144669119508.
Iteration 324. I-divergence: 1375.49805433. MSE: 0.708158625814. Diff MSE: 0.000144247243259.
Iteration 325. I-divergence: 1375.22225129. MSE: 0.708014798412. Diff MSE: 0.000143827402016.
Iteration 326. I-divergence: 1374.94725024. MSE: 0.707871388817. Diff MSE: 0.000143409595352.
Iteration 327. I-divergence: 1374.67304729. MSE: 0.707728394994. Diff MSE: 0.000142993822719.
Iteration 328. I-divergence: 1374.39963855. MSE: 0.707585814911. Diff MSE: 0.000142580083528.
Iteration 329. I-divergence: 1374.12702014. MSE: 0.707443646534. Diff MSE: 0.000142168376906.
Iteration 330. I-divergence: 1373.85518817. MSE: 0.707301887832. Diff MSE: 0.000141758701974.
Iteration 331. I-divergence: 1373.58413876. MSE: 0.707160536774. Diff MSE: 0.000141351057735.
Iteration 332. I-divergence: 1373.31386802. MSE: 0.707019591331. Diff MSE: 0.000140945442979.
Iteration 333. I-divergence: 1373.04437208. MSE: 0.706879049475. Diff MSE: 0.000140541856398.
Iteration 334. I-divergence: 1372.77564706. MSE: 0.706738909178. Diff MSE: 0.000140140296626.
Iteration 335. I-divergence: 1372.50768908. MSE: 0.706599168416. Diff MSE: 0.000139740762019.
Iteration 336. I-divergence: 1372.24049428. MSE: 0.706459825165. Diff MSE: 0.000139343250885.
Iteration 337. I-divergence: 1371.97405878. MSE: 0.706320877404. Diff MSE: 0.000138947761441.
Iteration 338. I-divergence: 1371.70837872. MSE: 0.706182323112. Diff MSE: 0.000138554291644.
Iteration 339. I-divergence: 1371.44345025. MSE: 0.706044160273. Diff MSE: 0.000138162839358.
Iteration 340. I-divergence: 1371.1792695. MSE: 0.70590638687. Diff MSE: 0.000137773402381.
Iteration 341. I-divergence: 1370.91583263. MSE: 0.705769000892. Diff MSE: 0.000137385978237.
Iteration 342. I-divergence: 1370.65313578. MSE: 0.705632000328. Diff MSE: 0.000137000564471.
Iteration 343. I-divergence: 1370.39117511. MSE: 0.705495383169. Diff MSE: 0.000136617158279.
Iteration 344. I-divergence: 1370.12994679. MSE: 0.705359147413. Diff MSE: 0.000136235756864.
Iteration 345. I-divergence: 1369.86944699. MSE: 0.705223291055. Diff MSE: 0.000135856357286.
Iteration 346. I-divergence: 1369.60967188. MSE: 0.705087812099. Diff MSE: 0.000135478956372.
Iteration 347. I-divergence: 1369.35061763. MSE: 0.704952708548. Diff MSE: 0.000135103550859.
Iteration 348. I-divergence: 1369.09228045. MSE: 0.704817978411. Diff MSE: 0.000134730137342.
Iteration 349. I-divergence: 1368.83465651. MSE: 0.704683619698. Diff MSE: 0.000134358712261.
Iteration 350. I-divergence: 1368.57774202. MSE: 0.704549630427. Diff MSE: 0.000133989271886.
Iteration 351. I-divergence: 1368.32153319. MSE: 0.704416008614. Diff MSE: 0.000133621812398.
Iteration 352. I-divergence: 1368.06602623. MSE: 0.704282752284. Diff MSE: 0.000133256329791.
Iteration 353. I-divergence: 1367.81121736. MSE: 0.704149859464. Diff MSE: 0.000132892819933.
Iteration 354. I-divergence: 1367.55710281. MSE: 0.704017328186. Diff MSE: 0.000132531278547.
Iteration 355. I-divergence: 1367.30367883. MSE: 0.703885156485. Diff MSE: 0.000132171701212.
Iteration 356. I-divergence: 1367.05094165. MSE: 0.703753342401. Diff MSE: 0.000131814083352.
Iteration 357. I-divergence: 1366.79888753. MSE: 0.703621883981. Diff MSE: 0.000131458420264.
Iteration 358. I-divergence: 1366.54751275. MSE: 0.703490779274. Diff MSE: 0.000131104707157.
Iteration 359. I-divergence: 1366.29681356. MSE: 0.703360026335. Diff MSE: 0.000130752938972.
Iteration 360. I-divergence: 1366.04678626. MSE: 0.703229623224. Diff MSE: 0.000130403110634.
Iteration 361. I-divergence: 1365.79742714. MSE: 0.703099568007. Diff MSE: 0.000130055216885.
Iteration 362. I-divergence: 1365.5487325. MSE: 0.702969858755. Diff MSE: 0.000129709252317.
Iteration 363. I-divergence: 1365.30069866. MSE: 0.702840493544. Diff MSE: 0.000129365211412.
Iteration 364. I-divergence: 1365.05332193. MSE: 0.702711470455. Diff MSE: 0.000129023088517.
Iteration 365. I-divergence: 1364.80659866. MSE: 0.702582787577. Diff MSE: 0.000128682877842.
Iteration 366. I-divergence: 1364.56052519. MSE: 0.702454443004. Diff MSE: 0.000128344573439.
Iteration 367. I-divergence: 1364.31509788. MSE: 0.702326434835. Diff MSE: 0.000128008169271.
Iteration 368. I-divergence: 1364.0703131. MSE: 0.702198761175. Diff MSE: 0.000127673659163.
Iteration 369. I-divergence: 1363.82616722. MSE: 0.702071420139. Diff MSE: 0.000127341036799.
Iteration 370. I-divergence: 1363.58265665. MSE: 0.701944409843. Diff MSE: 0.000127010295751.
Iteration 371. I-divergence: 1363.33977779. MSE: 0.701817728413. Diff MSE: 0.000126681429463.
Iteration 372. I-divergence: 1363.09752705. MSE: 0.701691373982. Diff MSE: 0.000126354431279.
Iteration 373. I-divergence: 1362.85590086. MSE: 0.701565344688. Diff MSE: 0.000126029294356.
Iteration 374. I-divergence: 1362.61489568. MSE: 0.701439638676. Diff MSE: 0.000125706011816.
Iteration 375. I-divergence: 1362.37450795. MSE: 0.701314254099. Diff MSE: 0.00012538457662.
Iteration 376. I-divergence: 1362.13473416. MSE: 0.701189189118. Diff MSE: 0.000125064981608.
Iteration 377. I-divergence: 1361.89557077. MSE: 0.701064441898. Diff MSE: 0.00012474721954.
Iteration 378. I-divergence: 1361.65701429. MSE: 0.700940010615. Diff MSE: 0.000124431283041.
Iteration 379. I-divergence: 1361.41906124. MSE: 0.70081589345. Diff MSE: 0.000124117164624.
Iteration 380. I-divergence: 1361.18170814. MSE: 0.700692088594. Diff MSE: 0.000123804856675.
Iteration 381. I-divergence: 1360.94495152. MSE: 0.700568594242. Diff MSE: 0.000123494351557.
Iteration 382. I-divergence: 1360.70878795. MSE: 0.700445408601. Diff MSE: 0.000123185641428.
Iteration 383. I-divergence: 1360.473214. MSE: 0.700322529882. Diff MSE: 0.000122878718398.
Iteration 384. I-divergence: 1360.23822626. MSE: 0.700199956308. Diff MSE: 0.000122573574489.
Iteration 385. I-divergence: 1360.00382132. MSE: 0.700077686106. Diff MSE: 0.000122270201577.
Iteration 386. I-divergence: 1359.7699958. MSE: 0.699955717515. Diff MSE: 0.000121968591461.
Iteration 387. I-divergence: 1359.53674633. MSE: 0.699834048779. Diff MSE: 0.000121668735898.
Iteration 388. I-divergence: 1359.30406957. MSE: 0.699712678153. Diff MSE: 0.00012137062647.
Iteration 389. I-divergence: 1359.07196217. MSE: 0.699591603898. Diff MSE: 0.000121074254699.
Iteration 390. I-divergence: 1358.84042082. MSE: 0.699470824286. Diff MSE: 0.000120779612072.
Iteration 391. I-divergence: 1358.60944222. MSE: 0.699350337596. Diff MSE: 0.000120486689912.
Iteration 392. I-divergence: 1358.37902307. MSE: 0.699230142116. Diff MSE: 0.00012019547949.
Iteration 393. I-divergence: 1358.14916012. MSE: 0.699110236144. Diff MSE: 0.000119905972016.
Iteration 394. I-divergence: 1357.9198501. MSE: 0.698990617986. Diff MSE: 0.000119618158586.
Iteration 395. I-divergence: 1357.69108978. MSE: 0.698871285956. Diff MSE: 0.000119332030234.
Iteration 396. I-divergence: 1357.46287594. MSE: 0.698752238378. Diff MSE: 0.000119047577926.
Iteration 397. I-divergence: 1357.23520539. MSE: 0.698633473585. Diff MSE: 0.000118764792534.
Iteration 398. I-divergence: 1357.00807493. MSE: 0.69851498992. Diff MSE: 0.000118483664893.
Iteration 399. I-divergence: 1356.7814814. MSE: 0.698396785734. Diff MSE: 0.000118204185719.
Iteration 400. I-divergence: 1356.55542165. MSE: 0.698278859389. Diff MSE: 0.000117926345687.
Iteration 401. I-divergence: 1356.32989256. MSE: 0.698161209253. Diff MSE: 0.000117650135433.
Iteration 402. I-divergence: 1356.10489101. MSE: 0.698043833708. Diff MSE: 0.000117375545476.
Iteration 403. I-divergence: 1355.8804139. MSE: 0.697926731142. Diff MSE: 0.000117102566312.
Iteration 404. I-divergence: 1355.65645816. MSE: 0.697809899953. Diff MSE: 0.000116831188374.
Iteration 405. I-divergence: 1355.43302073. MSE: 0.697693338551. Diff MSE: 0.000116561402014.
Iteration 406. I-divergence: 1355.21009857. MSE: 0.697577045354. Diff MSE: 0.000116293197553.
Iteration 407. I-divergence: 1354.98768867. MSE: 0.697461018788. Diff MSE: 0.000116026565239.
Iteration 408. I-divergence: 1354.76578801. MSE: 0.697345257293. Diff MSE: 0.000115761495296.
Iteration 409. I-divergence: 1354.54439362. MSE: 0.697229759315. Diff MSE: 0.000115497977898.
Iteration 410. I-divergence: 1354.32350253. MSE: 0.697114523312. Diff MSE: 0.000115236003088.
Iteration 411. I-divergence: 1354.10311179. MSE: 0.696999547751. Diff MSE: 0.000114975561015.
Iteration 412. I-divergence: 1353.88321849. MSE: 0.696884831109. Diff MSE: 0.000114716641644.
Iteration 413. I-divergence: 1353.6638197. MSE: 0.696770371874. Diff MSE: 0.000114459234984.
Iteration 414. I-divergence: 1353.44491255. MSE: 0.696656168543. Diff MSE: 0.000114203330965.
Iteration 415. I-divergence: 1353.22649416. MSE: 0.696542219624. Diff MSE: 0.000113948919458.
Iteration 416. I-divergence: 1353.00856168. MSE: 0.696428523634. Diff MSE: 0.000113695990426.
Iteration 417. I-divergence: 1352.79111229. MSE: 0.6963150791. Diff MSE: 0.000113444533576.
Iteration 418. I-divergence: 1352.57414317. MSE: 0.696201884561. Diff MSE: 0.000113194538811.
Iteration 419. I-divergence: 1352.35765154. MSE: 0.696088938565. Diff MSE: 0.000112945995847.
Iteration 420. I-divergence: 1352.14163461. MSE: 0.695976239671. Diff MSE: 0.000112698894438.
Iteration 421. I-divergence: 1351.92608964. MSE: 0.695863786447. Diff MSE: 0.000112453224314.
Iteration 422. I-divergence: 1351.7110139. MSE: 0.695751577471. Diff MSE: 0.000112208975135.
Iteration 423. I-divergence: 1351.49640467. MSE: 0.695639611335. Diff MSE: 0.000111966136593.
Iteration 424. I-divergence: 1351.28225927. MSE: 0.695527886637. Diff MSE: 0.000111724698335.
Iteration 425. I-divergence: 1351.06857501. MSE: 0.695416401987. Diff MSE: 0.000111484649981.
Iteration 426. I-divergence: 1350.85534925. MSE: 0.695305156005. Diff MSE: 0.000111245981121.
Iteration 427. I-divergence: 1350.64257935. MSE: 0.695194147324. Diff MSE: 0.000111008681378.
Iteration 428. I-divergence: 1350.43026269. MSE: 0.695083374584. Diff MSE: 0.000110772740311.
Iteration 429. I-divergence: 1350.2183967. MSE: 0.694972836436. Diff MSE: 0.000110538147483.
Iteration 430. I-divergence: 1350.00697879. MSE: 0.694862531544. Diff MSE: 0.000110304892448.
Iteration 431. I-divergence: 1349.7960064. MSE: 0.694752458579. Diff MSE: 0.000110072964772.
Iteration 432. I-divergence: 1349.58547702. MSE: 0.694642616225. Diff MSE: 0.000109842353949.
Iteration 433. I-divergence: 1349.37538811. MSE: 0.694533003176. Diff MSE: 0.000109613049556.
Iteration 434. I-divergence: 1349.1657372. MSE: 0.694423618134. Diff MSE: 0.00010938504107.
Iteration 435. I-divergence: 1348.95652181. MSE: 0.694314459816. Diff MSE: 0.000109158318025.
Iteration 436. I-divergence: 1348.74773948. MSE: 0.694205526946. Diff MSE: 0.00010893286998.
Iteration 437. I-divergence: 1348.53938778. MSE: 0.69409681826. Diff MSE: 0.000108708686388.
Iteration 438. I-divergence: 1348.3314643. MSE: 0.693988332503. Diff MSE: 0.000108485756802.
Iteration 439. I-divergence: 1348.12396665. MSE: 0.693880068433. Diff MSE: 0.000108264070744.
Iteration 440. I-divergence: 1347.91689246. MSE: 0.693772024815. Diff MSE: 0.000108043617731.
Iteration 441. I-divergence: 1347.71023937. MSE: 0.693664200428. Diff MSE: 0.000107824387292.
Iteration 442. I-divergence: 1347.50400504. MSE: 0.693556594059. Diff MSE: 0.000107606368967.
Iteration 443. I-divergence: 1347.29818718. MSE: 0.693449204506. Diff MSE: 0.000107389552289.
Iteration 444. I-divergence: 1347.09278348. MSE: 0.693342030579. Diff MSE: 0.000107173926848.
Iteration 445. I-divergence: 1346.88779168. MSE: 0.693235071097. Diff MSE: 0.000106959482149.
Iteration 446. I-divergence: 1346.68320951. MSE: 0.693128324889. Diff MSE: 0.000106746207815.
Iteration 447. I-divergence: 1346.47903476. MSE: 0.693021790796. Diff MSE: 0.000106534093403.
Iteration 448. I-divergence: 1346.2752652. MSE: 0.692915467668. Diff MSE: 0.000106323128536.
Iteration 449. I-divergence: 1346.07189865. MSE: 0.692809354365. Diff MSE: 0.00010611330284.
Iteration 450. I-divergence: 1345.86893293. MSE: 0.692703449759. Diff MSE: 0.000105904605914.
Iteration 451. I-divergence: 1345.66636589. MSE: 0.692597752731. Diff MSE: 0.00010569702746.
Iteration 452. I-divergence: 1345.4641954. MSE: 0.692492262174. Diff MSE: 0.000105490557103.
Iteration 453. I-divergence: 1345.26241935. MSE: 0.69238697699. Diff MSE: 0.000105285184517.
Iteration 454. I-divergence: 1345.06103563. MSE: 0.69228189609. Diff MSE: 0.000105080899504.
Iteration 455. I-divergence: 1344.86004219. MSE: 0.692177018398. Diff MSE: 0.000104877691725.
Iteration 456. I-divergence: 1344.65943695. MSE: 0.692072342848. Diff MSE: 0.000104675550952.
Iteration 457. I-divergence: 1344.4592179. MSE: 0.691967868381. Diff MSE: 0.000104474466963.
Iteration 458. I-divergence: 1344.25938302. MSE: 0.691863593951. Diff MSE: 0.000104274429587.
Iteration 459. I-divergence: 1344.0599303. MSE: 0.691759518522. Diff MSE: 0.000104075428641.
Iteration 460. I-divergence: 1343.86085779. MSE: 0.691655641068. Diff MSE: 0.000103877453967.
Iteration 461. I-divergence: 1343.66216351. MSE: 0.691551960573. Diff MSE: 0.000103680495495.
Iteration 462. I-divergence: 1343.46384554. MSE: 0.69144847603. Diff MSE: 0.000103484543117.
Iteration 463. I-divergence: 1343.26590195. MSE: 0.691345186443. Diff MSE: 0.000103289586787.
Iteration 464. I-divergence: 1343.06833085. MSE: 0.691242090826. Diff MSE: 0.000103095616485.
Iteration 465. I-divergence: 1342.87113036. MSE: 0.691139188204. Diff MSE: 0.0001029026222.
Iteration 466. I-divergence: 1342.67429862. MSE: 0.69103647761. Diff MSE: 0.000102710594029.
Iteration 467. I-divergence: 1342.47783379. MSE: 0.690933958088. Diff MSE: 0.000102519521961.
Iteration 468. I-divergence: 1342.28173405. MSE: 0.690831628692. Diff MSE: 0.000102329396206.
Iteration 469. I-divergence: 1342.08599759. MSE: 0.690729488485. Diff MSE: 0.000102140206823.
Iteration 470. I-divergence: 1341.89062264. MSE: 0.690627536541. Diff MSE: 0.000101951944045.
Iteration 471. I-divergence: 1341.69560742. MSE: 0.690525771943. Diff MSE: 0.000101764598081.
Iteration 472. I-divergence: 1341.5009502. MSE: 0.690424193784. Diff MSE: 0.000101578159163.
Iteration 473. I-divergence: 1341.30664924. MSE: 0.690322801166. Diff MSE: 0.00010139261761.
Iteration 474. I-divergence: 1341.11270283. MSE: 0.690221593203. Diff MSE: 0.000101207963726.
Iteration 475. I-divergence: 1340.91910929. MSE: 0.690120569015. Diff MSE: 0.000101024187909.
Iteration 476. I-divergence: 1340.72586694. MSE: 0.690019727734. Diff MSE: 0.000100841280543.
Iteration 477. I-divergence: 1340.53297414. MSE: 0.689919068502. Diff MSE: 0.000100659232095.
Iteration 478. I-divergence: 1340.34042924. MSE: 0.689818590469. Diff MSE: 0.00010047803305.
Iteration 479. I-divergence: 1340.14823063. MSE: 0.689718292795. Diff MSE: 0.000100297673939.
Iteration 480. I-divergence: 1339.9563767. MSE: 0.68961817465. Diff MSE: 0.000100118145338.
Iteration 481. I-divergence: 1339.76486589. MSE: 0.689518235212. Diff MSE: 9.99394378461e-05.
Iteration 482. I-divergence: 1339.57369663. MSE: 0.68941847367. Diff MSE: 9.97615421809e-05.
Iteration 483. I-divergence: 1339.38286737. MSE: 0.689318889221. Diff MSE: 9.95844489777e-05.
Iteration 484. I-divergence: 1339.19237658. MSE: 0.689219481072. Diff MSE: 9.94081490067e-05.
Iteration 485. I-divergence: 1339.00222277. MSE: 0.689120248439. Diff MSE: 9.9232633105e-05.
Iteration 486. I-divergence: 1338.81240442. MSE: 0.689021190547. Diff MSE: 9.90578920271e-05.
Iteration 487. I-divergence: 1338.62292008. MSE: 0.68892230663. Diff MSE: 9.88839167437e-05.
Iteration 488. I-divergence: 1338.43376829. MSE: 0.688823595932. Diff MSE: 9.87106981253e-05.
Iteration 489. I-divergence: 1338.2449476. MSE: 0.688725057705. Diff MSE: 9.85382271916e-05.
Iteration 490. I-divergence: 1338.0564566. MSE: 0.68862669121. Diff MSE: 9.83664949158e-05.
Iteration 491. I-divergence: 1337.86829388. MSE: 0.688528495717. Diff MSE: 9.81954924248e-05.
Iteration 492. I-divergence: 1337.68045806. MSE: 0.688430470506. Diff MSE: 9.80252107865e-05.
Iteration 493. I-divergence: 1337.49294775. MSE: 0.688332614865. Diff MSE: 9.7855641189e-05.
Iteration 494. I-divergence: 1337.30576162. MSE: 0.68823492809. Diff MSE: 9.76867748941e-05.
Iteration 495. I-divergence: 1337.11889832. MSE: 0.688137409487. Diff MSE: 9.75186030724e-05.
Iteration 496. I-divergence: 1336.93235654. MSE: 0.68804005837. Diff MSE: 9.73511171096e-05.
Iteration 497. I-divergence: 1336.74613497. MSE: 0.687942874062. Diff MSE: 9.71843083261e-05.
Iteration 498. I-divergence: 1336.56023232. MSE: 0.687845855894. Diff MSE: 9.70181681664e-05.
Iteration 499. I-divergence: 1336.37464733. MSE: 0.687749003206. Diff MSE: 9.68526880865e-05.
Iteration 500. I-divergence: 1336.18937874. MSE: 0.687652315346. Diff MSE: 9.66878595636e-05.
Iteration 501. I-divergence: 1336.00442531. MSE: 0.687555791672. Diff MSE: 9.65236742165e-05.
Iteration 502. I-divergence: 1335.81978583. MSE: 0.687459431548. Diff MSE: 9.63601236162e-05.
Iteration 503. I-divergence: 1335.63545909. MSE: 0.687363234349. Diff MSE: 9.61971994174e-05.
Iteration 504. I-divergence: 1335.45144389. MSE: 0.687267199455. Diff MSE: 9.60348934134e-05.
Iteration 505. I-divergence: 1335.26773907. MSE: 0.687171326258. Diff MSE: 9.58731972723e-05.
Iteration 506. I-divergence: 1335.08434347. MSE: 0.687075614155. Diff MSE: 9.57121028495e-05.
Iteration 507. I-divergence: 1334.90125595. MSE: 0.686980062553. Diff MSE: 9.55516020561e-05.
Iteration 508. I-divergence: 1334.71847538. MSE: 0.686884670866. Diff MSE: 9.53916867706e-05.
Iteration 509. I-divergence: 1334.53600065. MSE: 0.686789438517. Diff MSE: 9.52323489546e-05.
Iteration 510. I-divergence: 1334.35383066. MSE: 0.686694364937. Diff MSE: 9.50735806747e-05.
Iteration 511. I-divergence: 1334.17196434. MSE: 0.686599449563. Diff MSE: 9.49153739872e-05.
Iteration 512. I-divergence: 1333.99040062. MSE: 0.686504691842. Diff MSE: 9.47577210512e-05.
Iteration 513. I-divergence: 1333.80913845. MSE: 0.686410091228. Diff MSE: 9.46006139906e-05.
Iteration 514. I-divergence: 1333.62817679. MSE: 0.686315647183. Diff MSE: 9.44440451012e-05.
Iteration 515. I-divergence: 1333.44751464. MSE: 0.686221359176. Diff MSE: 9.4288006657e-05.
Iteration 516. I-divergence: 1333.26715097. MSE: 0.686127226685. Diff MSE: 9.41324909778e-05.
Iteration 517. I-divergence: 1333.0870848. MSE: 0.686033249194. Diff MSE: 9.39774905011e-05.
Iteration 518. I-divergence: 1332.90731516. MSE: 0.685939426197. Diff MSE: 9.38229976316e-05.
Iteration 519. I-divergence: 1332.72784109. MSE: 0.685845757192. Diff MSE: 9.36690048998e-05.
Iteration 520. I-divergence: 1332.54866163. MSE: 0.685752241687. Diff MSE: 9.35155048575e-05.
Iteration 521. I-divergence: 1332.36977585. MSE: 0.685658879197. Diff MSE: 9.33624901045e-05.
Iteration 522. I-divergence: 1332.19118284. MSE: 0.685565669244. Diff MSE: 9.32099533217e-05.
Iteration 523. I-divergence: 1332.0128817. MSE: 0.685472611356. Diff MSE: 9.30578872038e-05.
Iteration 524. I-divergence: 1331.83487152. MSE: 0.685379705072. Diff MSE: 9.29062845367e-05.
Iteration 525. I-divergence: 1331.65715144. MSE: 0.685286949934. Diff MSE: 9.27551381247e-05.
Iteration 526. I-divergence: 1331.47972059. MSE: 0.685194345493. Diff MSE: 9.2604440874e-05.
Iteration 527. I-divergence: 1331.30257812. MSE: 0.685101891307. Diff MSE: 9.24541856726e-05.
Iteration 528. I-divergence: 1331.1257232. MSE: 0.685009586942. Diff MSE: 9.2304365554e-05.
Iteration 529. I-divergence: 1330.949155. MSE: 0.684917431968. Diff MSE: 9.21549735291e-05.
Iteration 530. I-divergence: 1330.77287272. MSE: 0.684825425966. Diff MSE: 9.20060026811e-05.
Iteration 531. I-divergence: 1330.59687556. MSE: 0.684733568519. Diff MSE: 9.18574461666e-05.
Iteration 532. I-divergence: 1330.42116273. MSE: 0.684641859222. Diff MSE: 9.17092971844e-05.
Iteration 533. I-divergence: 1330.24573347. MSE: 0.684550297673. Diff MSE: 9.15615490051e-05.
Iteration 534. I-divergence: 1330.07058703. MSE: 0.684458883478. Diff MSE: 9.14141948721e-05.
Iteration 535. I-divergence: 1329.89572265. MSE: 0.68436761625. Diff MSE: 9.12672282158e-05.
Iteration 536. I-divergence: 1329.7211396. MSE: 0.684276495608. Diff MSE: 9.11206424071e-05.
Iteration 537. I-divergence: 1329.54683718. MSE: 0.684185521177. Diff MSE: 9.09744309325e-05.
Iteration 538. I-divergence: 1329.37281466. MSE: 0.684094692589. Diff MSE: 9.08285873082e-05.
Iteration 539. I-divergence: 1329.19907137. MSE: 0.684004009484. Diff MSE: 9.06831050848e-05.
Iteration 540. I-divergence: 1329.02560661. MSE: 0.683913471506. Diff MSE: 9.05379779196e-05.
Iteration 541. I-divergence: 1328.85241972. MSE: 0.683823078307. Diff MSE: 9.03931994657e-05.
Iteration 542. I-divergence: 1328.67951003. MSE: 0.683732829543. Diff MSE: 9.02487634832e-05.
Iteration 543. I-divergence: 1328.50687692. MSE: 0.68364272488. Diff MSE: 9.01046637392e-05.
Iteration 544. I-divergence: 1328.33451974. MSE: 0.683552763986. Diff MSE: 8.99608940689e-05.
Iteration 545. I-divergence: 1328.16243786. MSE: 0.683462946537. Diff MSE: 8.98174483933e-05.
Iteration 546. I-divergence: 1327.99063069. MSE: 0.683373272217. Diff MSE: 8.96743206017e-05.
Iteration 547. I-divergence: 1327.81909763. MSE: 0.683283740712. Diff MSE: 8.95315047525e-05.
Iteration 548. I-divergence: 1327.64783808. MSE: 0.683194351717. Diff MSE: 8.93889948727e-05.
Iteration 549. I-divergence: 1327.47685147. MSE: 0.683105104932. Diff MSE: 8.92467850371e-05.
Iteration 550. I-divergence: 1327.30613724. MSE: 0.683016000063. Diff MSE: 8.91048694561e-05.
Iteration 551. I-divergence: 1327.13569483. MSE: 0.68292703682. Diff MSE: 8.89632422971e-05.
Iteration 552. I-divergence: 1326.9655237. MSE: 0.682838214922. Diff MSE: 8.88218978561e-05.
Iteration 553. I-divergence: 1326.79562333. MSE: 0.682749534092. Diff MSE: 8.86808303953e-05.
Iteration 554. I-divergence: 1326.62599319. MSE: 0.682660994058. Diff MSE: 8.85400343228e-05.
Iteration 555. I-divergence: 1326.45663278. MSE: 0.682572594554. Diff MSE: 8.83995040528e-05.
Iteration 556. I-divergence: 1326.28754158. MSE: 0.68248433532. Diff MSE: 8.82592340309e-05.
Iteration 557. I-divergence: 1326.11871913. MSE: 0.682396216101. Diff MSE: 8.8119218798e-05.
Iteration 558. I-divergence: 1325.95016493. MSE: 0.682308236648. Diff MSE: 8.79794529608e-05.
Iteration 559. I-divergence: 1325.78187853. MSE: 0.682220396717. Diff MSE: 8.78399310643e-05.
Iteration 560. I-divergence: 1325.61385945. MSE: 0.682132696069. Diff MSE: 8.7700647849e-05.
Iteration 561. I-divergence: 1325.44610727. MSE: 0.682045134471. Diff MSE: 8.75615980321e-05.
Iteration 562. I-divergence: 1325.27862154. MSE: 0.681957711694. Diff MSE: 8.74227763972e-05.
Iteration 563. I-divergence: 1325.11140183. MSE: 0.681870427517. Diff MSE: 8.72841777536e-05.
Iteration 564. I-divergence: 1324.94444774. MSE: 0.68178328172. Diff MSE: 8.7145797006e-05.
Iteration 565. I-divergence: 1324.77775884. MSE: 0.681696274091. Diff MSE: 8.70076290816e-05.
Iteration 566. I-divergence: 1324.61133474. MSE: 0.681609404422. Diff MSE: 8.68696689691e-05.
Iteration 567. I-divergence: 1324.44517506. MSE: 0.68152267251. Diff MSE: 8.67319117176e-05.
Iteration 568. I-divergence: 1324.27927942. MSE: 0.681436078158. Diff MSE: 8.65943523858e-05.
Iteration 569. I-divergence: 1324.11364744. MSE: 0.681349621171. Diff MSE: 8.64569861231e-05.
Iteration 570. I-divergence: 1323.94827877. MSE: 0.681263301363. Diff MSE: 8.63198081481e-05.
Iteration 571. I-divergence: 1323.78317306. MSE: 0.68117711855. Diff MSE: 8.61828136363e-05.
Iteration 572. I-divergence: 1323.61832996. MSE: 0.681091072552. Diff MSE: 8.60459979496e-05.
Iteration 573. I-divergence: 1323.45374914. MSE: 0.681005163195. Diff MSE: 8.59093563867e-05.
Iteration 574. I-divergence: 1323.28943029. MSE: 0.680919390311. Diff MSE: 8.57728843355e-05.
Iteration 575. I-divergence: 1323.12537307. MSE: 0.680833753734. Diff MSE: 8.563657726e-05.
Iteration 576. I-divergence: 1322.9615772. MSE: 0.680748253303. Diff MSE: 8.55004306397e-05.
Iteration 577. I-divergence: 1322.79804236. MSE: 0.680662888863. Diff MSE: 8.53644400117e-05.
Iteration 578. I-divergence: 1322.63476827. MSE: 0.680577660262. Diff MSE: 8.52286009442e-05.
Iteration 579. I-divergence: 1322.47175465. MSE: 0.680492567353. Diff MSE: 8.5092909115e-05.
Iteration 580. I-divergence: 1322.30900122. MSE: 0.680407609993. Diff MSE: 8.49573602114e-05.
Iteration 581. I-divergence: 1322.14650773. MSE: 0.680322788043. Diff MSE: 8.482194995e-05.
Iteration 582. I-divergence: 1321.98427391. MSE: 0.680238101369. Diff MSE: 8.46866741225e-05.
Iteration 583. I-divergence: 1321.82229952. MSE: 0.68015354984. Diff MSE: 8.45515285588e-05.
Iteration 584. I-divergence: 1321.66058431. MSE: 0.680069133331. Diff MSE: 8.44165091904e-05.
Iteration 585. I-divergence: 1321.49912806. MSE: 0.679984851719. Diff MSE: 8.4281611862e-05.
Iteration 586. I-divergence: 1321.33793053. MSE: 0.679900704886. Diff MSE: 8.41468326698e-05.
Iteration 587. I-divergence: 1321.17699152. MSE: 0.679816692719. Diff MSE: 8.40121675546e-05.
Iteration 588. I-divergence: 1321.0163108. MSE: 0.679732815106. Diff MSE: 8.38776126393e-05.
Iteration 589. I-divergence: 1320.85588818. MSE: 0.679649071942. Diff MSE: 8.37431640435e-05.
Iteration 590. I-divergence: 1320.69572347. MSE: 0.679565463124. Diff MSE: 8.36088179288e-05.
Iteration 591. I-divergence: 1320.53581646. MSE: 0.679481988554. Diff MSE: 8.34745705696e-05.
Iteration 592. I-divergence: 1320.376167. MSE: 0.679398648136. Diff MSE: 8.33404181845e-05.
Iteration 593. I-divergence: 1320.21677489. MSE: 0.679315441778. Diff MSE: 8.32063571274e-05.
Iteration 594. I-divergence: 1320.05763997. MSE: 0.679232369395. Diff MSE: 8.30723837544e-05.
Iteration 595. I-divergence: 1319.89876209. MSE: 0.6791494309. Diff MSE: 8.29384944916e-05.
Iteration 596. I-divergence: 1319.74014109. MSE: 0.679066626214. Diff MSE: 8.28046857916e-05.
Iteration 597. I-divergence: 1319.58177682. MSE: 0.67898395526. Diff MSE: 8.26709541702e-05.
Iteration 598. I-divergence: 1319.42366914. MSE: 0.678901417964. Diff MSE: 8.25372962063e-05.
Iteration 599. I-divergence: 1319.26581793. MSE: 0.678819014256. Diff MSE: 8.24037084866e-05.
Iteration 600. I-divergence: 1319.10822304. MSE: 0.678736744068. Diff MSE: 8.22701876563e-05.
Iteration 601. I-divergence: 1318.95088437. MSE: 0.678654607337. Diff MSE: 8.21367304676e-05.
Iteration 602. I-divergence: 1318.79380179. MSE: 0.678572604004. Diff MSE: 8.20033335778e-05.
Iteration 603. I-divergence: 1318.6369752. MSE: 0.67849073401. Diff MSE: 8.18699939046e-05.
Iteration 604. I-divergence: 1318.4804045. MSE: 0.678408997302. Diff MSE: 8.17367081476e-05.
Iteration 605. I-divergence: 1318.32408959. MSE: 0.678327393828. Diff MSE: 8.16034733405e-05.
Iteration 606. I-divergence: 1318.16803037. MSE: 0.678245923542. Diff MSE: 8.14702863086e-05.
Iteration 607. I-divergence: 1318.01222677. MSE: 0.678164586398. Diff MSE: 8.13371440751e-05.
Iteration 608. I-divergence: 1317.85667871. MSE: 0.678083382354. Diff MSE: 8.12040436787e-05.
Iteration 609. I-divergence: 1317.7013861. MSE: 0.678002311372. Diff MSE: 8.10709821775e-05.
Iteration 610. I-divergence: 1317.54634889. MSE: 0.677921373415. Diff MSE: 8.09379566773e-05.
Iteration 611. I-divergence: 1317.39156701. MSE: 0.677840568451. Diff MSE: 8.08049643864e-05.
Iteration 612. I-divergence: 1317.23704039. MSE: 0.677759896449. Diff MSE: 8.06720024871e-05.
Iteration 613. I-divergence: 1317.082769. MSE: 0.67767935738. Diff MSE: 8.05390682288e-05.
Iteration 614. I-divergence: 1316.92875279. MSE: 0.677598951221. Diff MSE: 8.04061589401e-05.
Iteration 615. I-divergence: 1316.7749917. MSE: 0.67751867795. Diff MSE: 8.02732719439e-05.
Iteration 616. I-divergence: 1316.6214857. MSE: 0.677438537545. Diff MSE: 8.01404046741e-05.
Iteration 617. I-divergence: 1316.46823477. MSE: 0.67735852999. Diff MSE: 8.00075545151e-05.
Iteration 618. I-divergence: 1316.31523887. MSE: 0.677278655271. Diff MSE: 7.98747190041e-05.
Iteration 619. I-divergence: 1316.16249798. MSE: 0.677198913376. Diff MSE: 7.97418956617e-05.
Iteration 620. I-divergence: 1316.01001208. MSE: 0.677119304294. Diff MSE: 7.96090820052e-05.
Iteration 621. I-divergence: 1315.85778116. MSE: 0.677039828018. Diff MSE: 7.94762757376e-05.
Iteration 622. I-divergence: 1315.70580521. MSE: 0.676960484543. Diff MSE: 7.93434744811e-05.
Iteration 623. I-divergence: 1315.55408423. MSE: 0.676881273867. Diff MSE: 7.92106759333e-05.
Iteration 624. I-divergence: 1315.40261821. MSE: 0.67680219599. Diff MSE: 7.90778778946e-05.
Iteration 625. I-divergence: 1315.25140715. MSE: 0.676723250911. Diff MSE: 7.89450781049e-05.
Iteration 626. I-divergence: 1315.10045107. MSE: 0.676644438637. Diff MSE: 7.88122744642e-05.
Iteration 627. I-divergence: 1314.94974998. MSE: 0.676565759172. Diff MSE: 7.86794648163e-05.
Iteration 628. I-divergence: 1314.79930388. MSE: 0.676487212525. Diff MSE: 7.85466471065e-05.
Iteration 629. I-divergence: 1314.64911281. MSE: 0.676408798706. Diff MSE: 7.84138193299e-05.
Iteration 630. I-divergence: 1314.49917678. MSE: 0.676330517726. Diff MSE: 7.82809794887e-05.
Iteration 631. I-divergence: 1314.34949582. MSE: 0.676252369601. Diff MSE: 7.81481256338e-05.
Iteration 632. I-divergence: 1314.20006995. MSE: 0.676174354345. Diff MSE: 7.80152559011e-05.
Iteration 633. I-divergence: 1314.05089923. MSE: 0.676096471976. Diff MSE: 7.78823684141e-05.
Iteration 634. I-divergence: 1313.90198367. MSE: 0.676018722515. Diff MSE: 7.77494613911e-05.
Iteration 635. I-divergence: 1313.75332332. MSE: 0.675941105982. Diff MSE: 7.76165330504e-05.
Iteration 636. I-divergence: 1313.60491823. MSE: 0.6758636224. Diff MSE: 7.74835816967e-05.
Iteration 637. I-divergence: 1313.45676844. MSE: 0.675786271795. Diff MSE: 7.73506056357e-05.
Iteration 638. I-divergence: 1313.308874. MSE: 0.675709054191. Diff MSE: 7.7217603239e-05.
Iteration 639. I-divergence: 1313.16123496. MSE: 0.675631969618. Diff MSE: 7.70845728936e-05.
Iteration 640. I-divergence: 1313.01385139. MSE: 0.675555018105. Diff MSE: 7.69515131227e-05.
Iteration 641. I-divergence: 1312.86672333. MSE: 0.675478199683. Diff MSE: 7.68184223405e-05.
Iteration 642. I-divergence: 1312.71985084. MSE: 0.675401514384. Diff MSE: 7.66852991489e-05.
Iteration 643. I-divergence: 1312.573234. MSE: 0.675324962242. Diff MSE: 7.65521421019e-05.
Iteration 644. I-divergence: 1312.42687287. MSE: 0.675248543292. Diff MSE: 7.6418949799e-05.
Iteration 645. I-divergence: 1312.28076752. MSE: 0.675172257571. Diff MSE: 7.62857209536e-05.
Iteration 646. I-divergence: 1312.13491802. MSE: 0.675096105117. Diff MSE: 7.61524542617e-05.
Iteration 647. I-divergence: 1311.98932443. MSE: 0.675020085968. Diff MSE: 7.6019148465e-05.
Iteration 648. I-divergence: 1311.84398685. MSE: 0.674944200166. Diff MSE: 7.5885802351e-05.
Iteration 649. I-divergence: 1311.69890534. MSE: 0.674868447751. Diff MSE: 7.57524147614e-05.
Iteration 650. I-divergence: 1311.55407999. MSE: 0.674792828767. Diff MSE: 7.56189845703e-05.
Iteration 651. I-divergence: 1311.40951087. MSE: 0.674717343256. Diff MSE: 7.54855107183e-05.
Iteration 652. I-divergence: 1311.26519808. MSE: 0.674641991264. Diff MSE: 7.53519921315e-05.
Iteration 653. I-divergence: 1311.12114169. MSE: 0.674566772836. Diff MSE: 7.5218427824e-05.
Iteration 654. I-divergence: 1310.9773418. MSE: 0.674491688019. Diff MSE: 7.5084816835e-05.
Iteration 655. I-divergence: 1310.8337985. MSE: 0.674416736861. Diff MSE: 7.49511582872e-05.
Iteration 656. I-divergence: 1310.69051186. MSE: 0.67434191941. Diff MSE: 7.48174512405e-05.
Iteration 657. I-divergence: 1310.547482. MSE: 0.674267235715. Diff MSE: 7.46836948848e-05.
Iteration 658. I-divergence: 1310.40470899. MSE: 0.674192685826. Diff MSE: 7.45498884704e-05.
Iteration 659. I-divergence: 1310.26219294. MSE: 0.674118269795. Diff MSE: 7.4416031188e-05.
Iteration 660. I-divergence: 1310.11993395. MSE: 0.674043987673. Diff MSE: 7.42821223271e-05.
Iteration 661. I-divergence: 1309.9779321. MSE: 0.673969839511. Diff MSE: 7.41481612615e-05.
Iteration 662. I-divergence: 1309.8361875. MSE: 0.673895825364. Diff MSE: 7.40141473284e-05.
Iteration 663. I-divergence: 1309.69470025. MSE: 0.673821945284. Diff MSE: 7.38800799308e-05.
Iteration 664. I-divergence: 1309.55347045. MSE: 0.673748199326. Diff MSE: 7.37459585378e-05.
Iteration 665. I-divergence: 1309.4124982. MSE: 0.673674587543. Diff MSE: 7.36117826186e-05.
Iteration 666. I-divergence: 1309.2717836. MSE: 0.673601109991. Diff MSE: 7.34775517158e-05.
Iteration 667. I-divergence: 1309.13132675. MSE: 0.673527766726. Diff MSE: 7.33432653954e-05.
Iteration 668. I-divergence: 1308.99112777. MSE: 0.673454557803. Diff MSE: 7.32089232346e-05.
Iteration 669. I-divergence: 1308.85118675. MSE: 0.673381483278. Diff MSE: 7.30745249486e-05.
Iteration 670. I-divergence: 1308.7115038. MSE: 0.673308543208. Diff MSE: 7.29400701622e-05.
Iteration 671. I-divergence: 1308.57207902. MSE: 0.673235737649. Diff MSE: 7.28055586124e-05.
Iteration 672. I-divergence: 1308.43291252. MSE: 0.673163066659. Diff MSE: 7.26709900852e-05.
Iteration 673. I-divergence: 1308.29400441. MSE: 0.673090530294. Diff MSE: 7.25363643602e-05.
Iteration 674. I-divergence: 1308.15535479. MSE: 0.673018128613. Diff MSE: 7.24016812914e-05.
Iteration 675. I-divergence: 1308.01696377. MSE: 0.672945861672. Diff MSE: 7.22669407539e-05.
Iteration 676. I-divergence: 1307.87883145. MSE: 0.67287372953. Diff MSE: 7.21321426489e-05.
Iteration 677. I-divergence: 1307.74095794. MSE: 0.672801732243. Diff MSE: 7.1997286977e-05.
Iteration 678. I-divergence: 1307.60334335. MSE: 0.672729869869. Diff MSE: 7.18623736801e-05.
Iteration 679. I-divergence: 1307.46598779. MSE: 0.672658142466. Diff MSE: 7.17274028332e-05.
Iteration 680. I-divergence: 1307.32889135. MSE: 0.672586550092. Diff MSE: 7.15923744564e-05.
Iteration 681. I-divergence: 1307.19205415. MSE: 0.672515092803. Diff MSE: 7.14572887215e-05.
Iteration 682. I-divergence: 1307.0554763. MSE: 0.672443770657. Diff MSE: 7.13221457107e-05.
Iteration 683. I-divergence: 1306.91915788. MSE: 0.672372583712. Diff MSE: 7.11869456436e-05.
Iteration 684. I-divergence: 1306.78309902. MSE: 0.672301532023. Diff MSE: 7.10516887241e-05.
Iteration 685. I-divergence: 1306.64729981. MSE: 0.672230615648. Diff MSE: 7.09163752008e-05.
Iteration 686. I-divergence: 1306.51176035. MSE: 0.672159834642. Diff MSE: 7.07810053764e-05.
Iteration 687. I-divergence: 1306.37648076. MSE: 0.672089189063. Diff MSE: 7.06455795736e-05.
Iteration 688. I-divergence: 1306.24146113. MSE: 0.672018678965. Diff MSE: 7.05100981659e-05.
Iteration 689. I-divergence: 1306.10670156. MSE: 0.671948304403. Diff MSE: 7.03745615256e-05.
Iteration 690. I-divergence: 1305.97220215. MSE: 0.671878065433. Diff MSE: 7.02389701143e-05.
Iteration 691. I-divergence: 1305.837963. MSE: 0.671807962109. Diff MSE: 7.01033243985e-05.
Iteration 692. I-divergence: 1305.70398421. MSE: 0.671737994484. Diff MSE: 6.99676248762e-05.
Iteration 693. I-divergence: 1305.57026588. MSE: 0.671668162612. Diff MSE: 6.9831872097e-05.
Iteration 694. I-divergence: 1305.4368081. MSE: 0.671598466545. Diff MSE: 6.96960666385e-05.
Iteration 695. I-divergence: 1305.30361096. MSE: 0.671528906336. Diff MSE: 6.95602090969e-05.
Iteration 696. I-divergence: 1305.17067456. MSE: 0.671459482036. Diff MSE: 6.94243001356e-05.
Iteration 697. I-divergence: 1305.03799899. MSE: 0.671390193695. Diff MSE: 6.92883404217e-05.
Iteration 698. I-divergence: 1304.90558435. MSE: 0.671321041365. Diff MSE: 6.91523306937e-05.
Iteration 699. I-divergence: 1304.77343071. MSE: 0.671252025093. Diff MSE: 6.90162716651e-05.
Iteration 700. I-divergence: 1304.64153816. MSE: 0.671183144929. Diff MSE: 6.88801641315e-05.
Iteration 701. I-divergence: 1304.5099068. MSE: 0.67111440092. Diff MSE: 6.87440089352e-05.
Iteration 702. I-divergence: 1304.37853671. MSE: 0.671045793113. Diff MSE: 6.86078068785e-05.
Iteration 703. I-divergence: 1304.24742796. MSE: 0.670977321554. Diff MSE: 6.84715588962e-05.
Iteration 704. I-divergence: 1304.11658064. MSE: 0.670908986288. Diff MSE: 6.8335265841e-05.
Iteration 705. I-divergence: 1303.98599482. MSE: 0.67084078736. Diff MSE: 6.81989287121e-05.
Iteration 706. I-divergence: 1303.85567059. MSE: 0.670772724811. Diff MSE: 6.80625484684e-05.
Iteration 707. I-divergence: 1303.72560801. MSE: 0.670704798685. Diff MSE: 6.79261261166e-05.
Iteration 708. I-divergence: 1303.59580716. MSE: 0.670637009022. Diff MSE: 6.77896627128e-05.
Iteration 709. I-divergence: 1303.46626811. MSE: 0.670569355863. Diff MSE: 6.76531593057e-05.
Iteration 710. I-divergence: 1303.33699093. MSE: 0.670501839246. Diff MSE: 6.75166170585e-05.
Iteration 711. I-divergence: 1303.20797568. MSE: 0.670434459209. Diff MSE: 6.73800370529e-05.
Iteration 712. I-divergence: 1303.07922242. MSE: 0.670367215788. Diff MSE: 6.72434204695e-05.
Iteration 713. I-divergence: 1302.95073123. MSE: 0.67030010902. Diff MSE: 6.71067685204e-05.
Iteration 714. I-divergence: 1302.82250214. MSE: 0.670233138938. Diff MSE: 6.69700824298e-05.
Iteration 715. I-divergence: 1302.69453523. MSE: 0.670166305574. Diff MSE: 6.68333634639e-05.
Iteration 716. I-divergence: 1302.56683055. MSE: 0.670099608961. Diff MSE: 6.66966128743e-05.
Iteration 717. I-divergence: 1302.43938814. MSE: 0.670033049129. Diff MSE: 6.65598320294e-05.
Iteration 718. I-divergence: 1302.31220806. MSE: 0.669966626107. Diff MSE: 6.64230222545e-05.
Iteration 719. I-divergence: 1302.18529034. MSE: 0.669900339922. Diff MSE: 6.62861849189e-05.
Iteration 720. I-divergence: 1302.05863504. MSE: 0.669834190601. Diff MSE: 6.61493214358e-05.
Iteration 721. I-divergence: 1301.9322422. MSE: 0.669768178167. Diff MSE: 6.6012433248e-05.
Iteration 722. I-divergence: 1301.80611184. MSE: 0.669702302645. Diff MSE: 6.58755217982e-05.
Iteration 723. I-divergence: 1301.68024401. MSE: 0.669636564057. Diff MSE: 6.57385886006e-05.
Iteration 724. I-divergence: 1301.55463874. MSE: 0.669570962422. Diff MSE: 6.56016351273e-05.
Iteration 725. I-divergence: 1301.42929605. MSE: 0.669505497759. Diff MSE: 6.54646629795e-05.
Iteration 726. I-divergence: 1301.30421597. MSE: 0.669440170085. Diff MSE: 6.53276736812e-05.
Iteration 727. I-divergence: 1301.17939852. MSE: 0.669374979416. Diff MSE: 6.51906688595e-05.
Iteration 728. I-divergence: 1301.05484373. MSE: 0.669309925766. Diff MSE: 6.50536501203e-05.
Iteration 729. I-divergence: 1300.9305516. MSE: 0.669245009147. Diff MSE: 6.49166191261e-05.
Iteration 730. I-divergence: 1300.80652215. MSE: 0.669180229569. Diff MSE: 6.47795775461e-05.
Iteration 731. I-divergence: 1300.6827554. MSE: 0.669115587042. Diff MSE: 6.46425270898e-05.
Iteration 732. I-divergence: 1300.55925133. MSE: 0.669051081573. Diff MSE: 6.45054694423e-05.
Iteration 733. I-divergence: 1300.43600997. MSE: 0.668986713166. Diff MSE: 6.43684064396e-05.
Iteration 734. I-divergence: 1300.3130313. MSE: 0.668922481827. Diff MSE: 6.42313397481e-05.
Iteration 735. I-divergence: 1300.19031533. MSE: 0.668858387555. Diff MSE: 6.40942712629e-05.
Iteration 736. I-divergence: 1300.06786204. MSE: 0.668794430353. Diff MSE: 6.39572027431e-05.
Iteration 737. I-divergence: 1299.94567143. MSE: 0.668730610217. Diff MSE: 6.38201360784e-05.
Iteration 738. I-divergence: 1299.82374347. MSE: 0.668666927144. Diff MSE: 6.36830730879e-05.
Iteration 739. I-divergence: 1299.70207815. MSE: 0.668603381128. Diff MSE: 6.35460157201e-05.
Iteration 740. I-divergence: 1299.58067545. MSE: 0.668539972162. Diff MSE: 6.34089658472e-05.
Iteration 741. I-divergence: 1299.45953534. MSE: 0.668476700237. Diff MSE: 6.32719254213e-05.
Iteration 742. I-divergence: 1299.33865779. MSE: 0.66841356534. Diff MSE: 6.3134896396e-05.
Iteration 743. I-divergence: 1299.21804277. MSE: 0.668350567459. Diff MSE: 6.29978807735e-05.
Iteration 744. I-divergence: 1299.09769024. MSE: 0.668287706579. Diff MSE: 6.28608804942e-05.
Iteration 745. I-divergence: 1298.97760016. MSE: 0.668224982681. Diff MSE: 6.27238976557e-05.
Iteration 746. I-divergence: 1298.85777248. MSE: 0.668162395747. Diff MSE: 6.25869342528e-05.
Iteration 747. I-divergence: 1298.73820715. MSE: 0.668099945755. Diff MSE: 6.24499923413e-05.
Iteration 748. I-divergence: 1298.61890413. MSE: 0.668037632681. Diff MSE: 6.23130740321e-05.
Iteration 749. I-divergence: 1298.49986334. MSE: 0.667975456499. Diff MSE: 6.217618141e-05.
Iteration 750. I-divergence: 1298.38108474. MSE: 0.667913417183. Diff MSE: 6.20393165908e-05.
Iteration 751. I-divergence: 1298.26256825. MSE: 0.667851514701. Diff MSE: 6.19024817012e-05.
Iteration 752. I-divergence: 1298.14431381. MSE: 0.667789749022. Diff MSE: 6.17656789156e-05.
Iteration 753. I-divergence: 1298.02632134. MSE: 0.667728120112. Diff MSE: 6.16289104006e-05.
Iteration 754. I-divergence: 1297.90859076. MSE: 0.667666627933. Diff MSE: 6.14921783553e-05.
Iteration 755. I-divergence: 1297.79112199. MSE: 0.667605272448. Diff MSE: 6.13554849698e-05.
Iteration 756. I-divergence: 1297.67391495. MSE: 0.667544053616. Diff MSE: 6.12188324759e-05.
Iteration 757. I-divergence: 1297.55696954. MSE: 0.667482971393. Diff MSE: 6.10822231197e-05.
Iteration 758. I-divergence: 1297.44028567. MSE: 0.667422025734. Diff MSE: 6.09456591442e-05.
Iteration 759. I-divergence: 1297.32386323. MSE: 0.667361216591. Diff MSE: 6.08091428461e-05.
Iteration 760. I-divergence: 1297.20770213. MSE: 0.667300543914. Diff MSE: 6.06726764613e-05.
Iteration 761. I-divergence: 1297.09180226. MSE: 0.667240007652. Diff MSE: 6.05362623513e-05.
Iteration 762. I-divergence: 1296.9761635. MSE: 0.667179607749. Diff MSE: 6.03999027913e-05.
Iteration 763. I-divergence: 1296.86078573. MSE: 0.667119344149. Diff MSE: 6.02636001222e-05.
Iteration 764. I-divergence: 1296.74566884. MSE: 0.667059216792. Diff MSE: 6.0127356707e-05.
Iteration 765. I-divergence: 1296.63081269. MSE: 0.666999225617. Diff MSE: 5.99911748658e-05.
Iteration 766. I-divergence: 1296.51621716. MSE: 0.66693937056. Diff MSE: 5.98550570006e-05.
Iteration 767. I-divergence: 1296.40188211. MSE: 0.666879651555. Diff MSE: 5.97190054478e-05.
Iteration 768. I-divergence: 1296.2878074. MSE: 0.666820068532. Diff MSE: 5.95830226517e-05.
Iteration 769. I-divergence: 1296.17399289. MSE: 0.666760621421. Diff MSE: 5.94471109876e-05.
Iteration 770. I-divergence: 1296.06043842. MSE: 0.666701310148. Diff MSE: 5.93112728881e-05.
Iteration 771. I-divergence: 1295.94714385. MSE: 0.666642134638. Diff MSE: 5.91755107658e-05.
Iteration 772. I-divergence: 1295.83410901. MSE: 0.666583094811. Diff MSE: 5.90398270499e-05.
Iteration 773. I-divergence: 1295.72133374. MSE: 0.666524190586. Diff MSE: 5.8904224206e-05.
Iteration 774. I-divergence: 1295.60881787. MSE: 0.666465421882. Diff MSE: 5.87687046938e-05.
Iteration 775. I-divergence: 1295.49656124. MSE: 0.666406788611. Diff MSE: 5.86332709678e-05.
Iteration 776. I-divergence: 1295.38456365. MSE: 0.666348290685. Diff MSE: 5.84979254857e-05.
Iteration 777. I-divergence: 1295.27282494. MSE: 0.666289928014. Diff MSE: 5.83626707724e-05.
Iteration 778. I-divergence: 1295.16134491. MSE: 0.666231700505. Diff MSE: 5.82275092847e-05.
Iteration 779. I-divergence: 1295.05012338. MSE: 0.666173608062. Diff MSE: 5.80924435294e-05.
Iteration 780. I-divergence: 1294.93916014. MSE: 0.666115650586. Diff MSE: 5.79574760117e-05.
Iteration 781. I-divergence: 1294.82845499. MSE: 0.666057827976. Diff MSE: 5.78226092356e-05.
Iteration 782. I-divergence: 1294.71800774. MSE: 0.666000140131. Diff MSE: 5.7687845757e-05.
Iteration 783. I-divergence: 1294.60781816. MSE: 0.665942586943. Diff MSE: 5.75531880425e-05.
Iteration 784. I-divergence: 1294.49788605. MSE: 0.665885168304. Diff MSE: 5.74186386723e-05.
Iteration 785. I-divergence: 1294.38821118. MSE: 0.665827884104. Diff MSE: 5.72842001507e-05.
Iteration 786. I-divergence: 1294.27879332. MSE: 0.665770734229. Diff MSE: 5.71498750266e-05.
Iteration 787. I-divergence: 1294.16963225. MSE: 0.665713718563. Diff MSE: 5.70156658509e-05.
Iteration 788. I-divergence: 1294.06072774. MSE: 0.665656836988. Diff MSE: 5.68815751597e-05.
Iteration 789. I-divergence: 1293.95207953. MSE: 0.665600089382. Diff MSE: 5.67476055202e-05.
Iteration 790. I-divergence: 1293.84368739. MSE: 0.665543475623. Diff MSE: 5.6613759467e-05.
Iteration 791. I-divergence: 1293.73555107. MSE: 0.665486995583. Diff MSE: 5.64800395756e-05.
Iteration 792. I-divergence: 1293.62767032. MSE: 0.665430649135. Diff MSE: 5.63464483823e-05.
Iteration 793. I-divergence: 1293.52004487. MSE: 0.665374436146. Diff MSE: 5.62129884654e-05.
Iteration 794. I-divergence: 1293.41267446. MSE: 0.665318356484. Diff MSE: 5.60796624072e-05.
Iteration 795. I-divergence: 1293.30555882. MSE: 0.665262410011. Diff MSE: 5.59464727263e-05.
Iteration 796. I-divergence: 1293.19869768. MSE: 0.665206596589. Diff MSE: 5.58134220332e-05.
Iteration 797. I-divergence: 1293.09209075. MSE: 0.665150916076. Diff MSE: 5.56805128483e-05.
Iteration 798. I-divergence: 1292.98573776. MSE: 0.665095368329. Diff MSE: 5.55477477583e-05.
Iteration 799. I-divergence: 1292.87963842. MSE: 0.665039953199. Diff MSE: 5.54151293418e-05.
Iteration 800. I-divergence: 1292.77379243. MSE: 0.664984670539. Diff MSE: 5.52826601486e-05.
Iteration 801. I-divergence: 1292.6681995. MSE: 0.664929520196. Diff MSE: 5.51503427328e-05.
Iteration 802. I-divergence: 1292.56285932. MSE: 0.664874502017. Diff MSE: 5.50181796616e-05.
Iteration 803. I-divergence: 1292.45777158. MSE: 0.664819615843. Diff MSE: 5.48861735016e-05.
Iteration 804. I-divergence: 1292.35293598. MSE: 0.664764861516. Diff MSE: 5.47543267951e-05.
Iteration 805. I-divergence: 1292.24835219. MSE: 0.664710238874. Diff MSE: 5.46226421091e-05.
Iteration 806. I-divergence: 1292.14401989. MSE: 0.664655747752. Diff MSE: 5.44911219778e-05.
Iteration 807. I-divergence: 1292.03993875. MSE: 0.664601387983. Diff MSE: 5.43597689635e-05.
Iteration 808. I-divergence: 1291.93610845. MSE: 0.664547159398. Diff MSE: 5.4228585592e-05.
Iteration 809. I-divergence: 1291.83252864. MSE: 0.664493061823. Diff MSE: 5.40975744072e-05.
Iteration 810. I-divergence: 1291.72919898. MSE: 0.664439095085. Diff MSE: 5.39667379555e-05.
Iteration 811. I-divergence: 1291.62611914. MSE: 0.664385259007. Diff MSE: 5.38360787442e-05.
Iteration 812. I-divergence: 1291.52328875. MSE: 0.664331553407. Diff MSE: 5.37055993077e-05.
Iteration 813. I-divergence: 1291.42070746. MSE: 0.664277978105. Diff MSE: 5.3575302173e-05.
Iteration 814. I-divergence: 1291.31837491. MSE: 0.664224532915. Diff MSE: 5.3445189821e-05.
Iteration 815. I-divergence: 1291.21629073. MSE: 0.664171217651. Diff MSE: 5.33152647915e-05.
Iteration 816. I-divergence: 1291.11445456. MSE: 0.664118032121. Diff MSE: 5.31855295381e-05.
Iteration 817. I-divergence: 1291.01286601. MSE: 0.664064976134. Diff MSE: 5.3055986586e-05.
Iteration 818. I-divergence: 1290.91152472. MSE: 0.664012049496. Diff MSE: 5.29266383996e-05.
Iteration 819. I-divergence: 1290.81043029. MSE: 0.663959252009. Diff MSE: 5.27974874811e-05.
Iteration 820. I-divergence: 1290.70958234. MSE: 0.663906583472. Diff MSE: 5.26685362444e-05.
Iteration 821. I-divergence: 1290.60898047. MSE: 0.663854043685. Diff MSE: 5.25397871873e-05.
Iteration 822. I-divergence: 1290.50862429. MSE: 0.663801632442. Diff MSE: 5.24112427384e-05.
Iteration 823. I-divergence: 1290.40851338. MSE: 0.663749349537. Diff MSE: 5.22829053515e-05.
Iteration 824. I-divergence: 1290.30864736. MSE: 0.66369719476. Diff MSE: 5.21547774525e-05.
Iteration 825. I-divergence: 1290.20902579. MSE: 0.663645167898. Diff MSE: 5.20268614292e-05.
Iteration 826. I-divergence: 1290.10964827. MSE: 0.663593268738. Diff MSE: 5.18991597229e-05.
Iteration 827. I-divergence: 1290.01051438. MSE: 0.663541497064. Diff MSE: 5.17716747253e-05.
Iteration 828. I-divergence: 1289.91162369. MSE: 0.663489852655. Diff MSE: 5.16444088146e-05.
Iteration 829. I-divergence: 1289.81297576. MSE: 0.663438335291. Diff MSE: 5.15173643586e-05.
Iteration 830. I-divergence: 1289.71457018. MSE: 0.663386944747. Diff MSE: 5.13905437441e-05.
Iteration 831. I-divergence: 1289.61640649. MSE: 0.663335680797. Diff MSE: 5.12639492871e-05.
Iteration 832. I-divergence: 1289.51848425. MSE: 0.663284543214. Diff MSE: 5.11375833653e-05.
Iteration 833. I-divergence: 1289.42080302. MSE: 0.663233531766. Diff MSE: 5.10114482583e-05.
Iteration 834. I-divergence: 1289.32336235. MSE: 0.66318264622. Diff MSE: 5.08855463311e-05.
Iteration 835. I-divergence: 1289.22616177. MSE: 0.66313188634. Diff MSE: 5.07598798352e-05.
Iteration 836. I-divergence: 1289.12920083. MSE: 0.663081251889. Diff MSE: 5.06344510787e-05.
Iteration 837. I-divergence: 1289.03247906. MSE: 0.663030742626. Diff MSE: 5.05092623434e-05.
Iteration 838. I-divergence: 1288.93599599. MSE: 0.66298035831. Diff MSE: 5.03843158509e-05.
Iteration 839. I-divergence: 1288.83975116. MSE: 0.662930098697. Diff MSE: 5.02596139035e-05.
Iteration 840. I-divergence: 1288.74374407. MSE: 0.662879963538. Diff MSE: 5.01351586453e-05.
Iteration 841. I-divergence: 1288.64797426. MSE: 0.662829952585. Diff MSE: 5.00109523698e-05.
Iteration 842. I-divergence: 1288.55244124. MSE: 0.662780065588. Diff MSE: 4.98869972118e-05.
Iteration 843. I-divergence: 1288.4571445. MSE: 0.662730302293. Diff MSE: 4.97632953997e-05.
Iteration 844. I-divergence: 1288.36208357. MSE: 0.662680662444. Diff MSE: 4.96398490986e-05.
Iteration 845. I-divergence: 1288.26725795. MSE: 0.662631145783. Diff MSE: 4.95166604085e-05.
Iteration 846. I-divergence: 1288.17266712. MSE: 0.662581752052. Diff MSE: 4.93937315099e-05.
Iteration 847. I-divergence: 1288.07831059. MSE: 0.662532480987. Diff MSE: 4.92710644959e-05.
Iteration 848. I-divergence: 1287.98418784. MSE: 0.662483332326. Diff MSE: 4.91486614964e-05.
Iteration 849. I-divergence: 1287.89029837. MSE: 0.662434305801. Diff MSE: 4.90265245662e-05.
Iteration 850. I-divergence: 1287.79664164. MSE: 0.662385401146. Diff MSE: 4.8904655766e-05.
Iteration 851. I-divergence: 1287.70321716. MSE: 0.662336618088. Diff MSE: 4.87830571639e-05.
Iteration 852. I-divergence: 1287.61002437. MSE: 0.662287956358. Diff MSE: 4.86617307758e-05.
Iteration 853. I-divergence: 1287.51706277. MSE: 0.662239415679. Diff MSE: 4.8540678619e-05.
Iteration 854. I-divergence: 1287.42433181. MSE: 0.662190995776. Diff MSE: 4.84199026924e-05.
Iteration 855. I-divergence: 1287.33183095. MSE: 0.662142696371. Diff MSE: 4.82994049501e-05.
Iteration 856. I-divergence: 1287.23955967. MSE: 0.662094517184. Diff MSE: 4.81791873795e-05.
Iteration 857. I-divergence: 1287.14751741. MSE: 0.662046457932. Diff MSE: 4.80592518824e-05.
Iteration 858. I-divergence: 1287.05570362. MSE: 0.661998518332. Diff MSE: 4.79396004034e-05.
Iteration 859. I-divergence: 1286.96411776. MSE: 0.661950698097. Diff MSE: 4.78202348244e-05.
Iteration 860. I-divergence: 1286.87275927. MSE: 0.66190299694. Diff MSE: 4.77011570458e-05.
Iteration 861. I-divergence: 1286.7816276. MSE: 0.661855414571. Diff MSE: 4.75823688917e-05.
Iteration 862. I-divergence: 1286.69072217. MSE: 0.661807950699. Diff MSE: 4.74638722185e-05.
Iteration 863. I-divergence: 1286.60004243. MSE: 0.66176060503. Diff MSE: 4.73456688689e-05.
Iteration 864. I-divergence: 1286.50958781. MSE: 0.661713377269. Diff MSE: 4.72277606012e-05.
Iteration 865. I-divergence: 1286.41935774. MSE: 0.66166626712. Diff MSE: 4.71101492208e-05.
Iteration 866. I-divergence: 1286.32935164. MSE: 0.661619274284. Diff MSE: 4.69928364616e-05.
Iteration 867. I-divergence: 1286.23956893. MSE: 0.661572398459. Diff MSE: 4.6875824076e-05.
Iteration 868. I-divergence: 1286.15000903. MSE: 0.661525639346. Diff MSE: 4.67591137844e-05.
Iteration 869. I-divergence: 1286.06067137. MSE: 0.661478996638. Diff MSE: 4.66427072702e-05.
Iteration 870. I-divergence: 1285.97155534. MSE: 0.661432470032. Diff MSE: 4.65266062024e-05.
Iteration 871. I-divergence: 1285.88266036. MSE: 0.66138605922. Diff MSE: 4.64108122398e-05.
Iteration 872. I-divergence: 1285.79398584. MSE: 0.661339763893. Diff MSE: 4.62953270143e-05.
Iteration 873. I-divergence: 1285.70553118. MSE: 0.661293583741. Diff MSE: 4.61801521272e-05.
Iteration 874. I-divergence: 1285.61729578. MSE: 0.661247518452. Diff MSE: 4.60652891543e-05.
Iteration 875. I-divergence: 1285.52927903. MSE: 0.661201567712. Diff MSE: 4.59507396816e-05.
Iteration 876. I-divergence: 1285.44148034. MSE: 0.661155731207. Diff MSE: 4.5836505233e-05.
Iteration 877. I-divergence: 1285.35389909. MSE: 0.661110008619. Diff MSE: 4.57225873399e-05.
Iteration 878. I-divergence: 1285.26653467. MSE: 0.661064399632. Diff MSE: 4.56089875001e-05.
Iteration 879. I-divergence: 1285.17938647. MSE: 0.661018903925. Diff MSE: 4.54957071717e-05.
Iteration 880. I-divergence: 1285.09245387. MSE: 0.660973521177. Diff MSE: 4.53827478279e-05.
Iteration 881. I-divergence: 1285.00573626. MSE: 0.660928251066. Diff MSE: 4.5270110883e-05.
Iteration 882. I-divergence: 1284.919233. MSE: 0.660883093268. Diff MSE: 4.51577977284e-05.
Iteration 883. I-divergence: 1284.83294349. MSE: 0.660838047459. Diff MSE: 4.50458097939e-05.
Iteration 884. I-divergence: 1284.74686708. MSE: 0.66079311331. Diff MSE: 4.49341484028e-05.
Iteration 885. I-divergence: 1284.66100315. MSE: 0.660748290495. Diff MSE: 4.48228149132e-05.
Iteration 886. I-divergence: 1284.57535107. MSE: 0.660703578685. Diff MSE: 4.47118105855e-05.
Iteration 887. I-divergence: 1284.48991021. MSE: 0.660658977548. Diff MSE: 4.46011368057e-05.
Iteration 888. I-divergence: 1284.40467992. MSE: 0.660614486753. Diff MSE: 4.44907947738e-05.
Iteration 889. I-divergence: 1284.31965958. MSE: 0.660570105967. Diff MSE: 4.43807857412e-05.
Iteration 890. I-divergence: 1284.23484853. MSE: 0.660525834856. Diff MSE: 4.42711109461e-05.
Iteration 891. I-divergence: 1284.15024613. MSE: 0.660481673085. Diff MSE: 4.41617715841e-05.
Iteration 892. I-divergence: 1284.06585175. MSE: 0.660437620316. Diff MSE: 4.40527687871e-05.
Iteration 893. I-divergence: 1283.98166472. MSE: 0.660393676212. Diff MSE: 4.39441038078e-05.
Iteration 894. I-divergence: 1283.89768441. MSE: 0.660349840435. Diff MSE: 4.38357776599e-05.
Iteration 895. I-divergence: 1283.81391016. MSE: 0.660306112643. Diff MSE: 4.37277914965e-05.
Iteration 896. I-divergence: 1283.73034131. MSE: 0.660262492497. Diff MSE: 4.36201464333e-05.
Iteration 897. I-divergence: 1283.64697721. MSE: 0.660218979653. Diff MSE: 4.35128434557e-05.
Iteration 898. I-divergence: 1283.56381721. MSE: 0.660175573769. Diff MSE: 4.34058836317e-05.
Iteration 899. I-divergence: 1283.48086064. MSE: 0.660132274501. Diff MSE: 4.32992679996e-05.
Iteration 900. I-divergence: 1283.39810684. MSE: 0.660089081504. Diff MSE: 4.31929974742e-05.
Iteration 901. I-divergence: 1283.31555515. MSE: 0.660045994431. Diff MSE: 4.30870730922e-05.
Iteration 902. I-divergence: 1283.2332049. MSE: 0.660003012935. Diff MSE: 4.29814957255e-05.
Iteration 903. I-divergence: 1283.15105544. MSE: 0.659960136669. Diff MSE: 4.2876266361e-05.
Iteration 904. I-divergence: 1283.06910608. MSE: 0.659917365283. Diff MSE: 4.27713858029e-05.
Iteration 905. I-divergence: 1282.98735616. MSE: 0.659874698428. Diff MSE: 4.26668549897e-05.
Iteration 906. I-divergence: 1282.905805. MSE: 0.659832135753. Diff MSE: 4.2562674709e-05.
Iteration 907. I-divergence: 1282.82445195. MSE: 0.659789676907. Diff MSE: 4.24588458495e-05.
Iteration 908. I-divergence: 1282.74329631. MSE: 0.659747321538. Diff MSE: 4.23553691397e-05.
Iteration 909. I-divergence: 1282.66233743. MSE: 0.659705069293. Diff MSE: 4.2252245379e-05.
Iteration 910. I-divergence: 1282.58157461. MSE: 0.659662919818. Diff MSE: 4.21494753154e-05.
Iteration 911. I-divergence: 1282.50100718. MSE: 0.659620872758. Diff MSE: 4.20470596725e-05.
Iteration 912. I-divergence: 1282.42063446. MSE: 0.659578927759. Diff MSE: 4.19449991622e-05.
Iteration 913. I-divergence: 1282.34045577. MSE: 0.659537084464. Diff MSE: 4.18432944305e-05.
Iteration 914. I-divergence: 1282.26047043. MSE: 0.659495342518. Diff MSE: 4.17419461873e-05.
Iteration 915. I-divergence: 1282.18067775. MSE: 0.659453701563. Diff MSE: 4.16409549922e-05.
Iteration 916. I-divergence: 1282.10107706. MSE: 0.659412161242. Diff MSE: 4.15403215086e-05.
Iteration 917. I-divergence: 1282.02166766. MSE: 0.659370721195. Diff MSE: 4.14400463045e-05.
Iteration 918. I-divergence: 1281.94244886. MSE: 0.659329381065. Diff MSE: 4.1340129928e-05.
Iteration 919. I-divergence: 1281.86341999. MSE: 0.659288140493. Diff MSE: 4.12405729664e-05.
Iteration 920. I-divergence: 1281.78458036. MSE: 0.659246999117. Diff MSE: 4.11413758399e-05.
Iteration 921. I-divergence: 1281.70592926. MSE: 0.659205956578. Diff MSE: 4.10425391446e-05.
Iteration 922. I-divergence: 1281.62746602. MSE: 0.659165012514. Diff MSE: 4.09440632826e-05.
Iteration 923. I-divergence: 1281.54918995. MSE: 0.659124166566. Diff MSE: 4.0845948711e-05.
Iteration 924. I-divergence: 1281.47110034. MSE: 0.65908341837. Diff MSE: 4.07481958759e-05.
Iteration 925. I-divergence: 1281.39319652. MSE: 0.659042767564. Diff MSE: 4.0650805165e-05.
Iteration 926. I-divergence: 1281.31547778. MSE: 0.659002213788. Diff MSE: 4.05537769345e-05.
Iteration 927. I-divergence: 1281.23794344. MSE: 0.658961756676. Diff MSE: 4.04571115871e-05.
Iteration 928. I-divergence: 1281.16059279. MSE: 0.658921395867. Diff MSE: 4.03608094157e-05.
Iteration 929. I-divergence: 1281.08342515. MSE: 0.658881130996. Diff MSE: 4.02648707413e-05.
Iteration 930. I-divergence: 1281.00643982. MSE: 0.6588409617. Diff MSE: 4.01692958683e-05.
Iteration 931. I-divergence: 1280.9296361. MSE: 0.658800887615. Diff MSE: 4.00740850203e-05.
Iteration 932. I-divergence: 1280.8530133. MSE: 0.658760908376. Diff MSE: 3.99792385074e-05.
Iteration 933. I-divergence: 1280.77657072. MSE: 0.65872102362. Diff MSE: 3.9884756491e-05.
Iteration 934. I-divergence: 1280.70030767. MSE: 0.658681232981. Diff MSE: 3.9790639196e-05.
Iteration 935. I-divergence: 1280.62422344. MSE: 0.658641536094. Diff MSE: 3.96968868224e-05.
Iteration 936. I-divergence: 1280.54831734. MSE: 0.658601932594. Diff MSE: 3.96034994814e-05.
Iteration 937. I-divergence: 1280.47258868. MSE: 0.658562422117. Diff MSE: 3.95104773445e-05.
Iteration 938. I-divergence: 1280.39703675. MSE: 0.658523004297. Diff MSE: 3.94178205109e-05.
Iteration 939. I-divergence: 1280.32166085. MSE: 0.658483678767. Diff MSE: 3.93255290814e-05.
Iteration 940. I-divergence: 1280.2464603. MSE: 0.658444445164. Diff MSE: 3.92336031179e-05.
Iteration 941. I-divergence: 1280.17143439. MSE: 0.658405303122. Diff MSE: 3.91420426823e-05.
Iteration 942. I-divergence: 1280.09658242. MSE: 0.658366252274. Diff MSE: 3.90508478018e-05.
Iteration 943. I-divergence: 1280.0219037. MSE: 0.658327292255. Diff MSE: 3.89600184785e-05.
Iteration 944. I-divergence: 1279.94739752. MSE: 0.658288422701. Diff MSE: 3.88695546949e-05.
Iteration 945. I-divergence: 1279.8730632. MSE: 0.658249643244. Diff MSE: 3.87794564666e-05.
Iteration 946. I-divergence: 1279.79890002. MSE: 0.658210953521. Diff MSE: 3.86897236726e-05.
Iteration 947. I-divergence: 1279.72490731. MSE: 0.658172353164. Diff MSE: 3.86003562703e-05.
Iteration 948. I-divergence: 1279.65108435. MSE: 0.65813384181. Diff MSE: 3.85113542116e-05.
Iteration 949. I-divergence: 1279.57743045. MSE: 0.658095419093. Diff MSE: 3.84227173134e-05.
Iteration 950. I-divergence: 1279.50394491. MSE: 0.658057084647. Diff MSE: 3.83344454743e-05.
Iteration 951. I-divergence: 1279.43062704. MSE: 0.658018838109. Diff MSE: 3.82465385613e-05.
Iteration 952. I-divergence: 1279.35747615. MSE: 0.657980679112. Diff MSE: 3.81589963705e-05.
Iteration 953. I-divergence: 1279.28449153. MSE: 0.657942607294. Diff MSE: 3.80718187495e-05.
Iteration 954. I-divergence: 1279.21167249. MSE: 0.657904622288. Diff MSE: 3.79850054648e-05.
Iteration 955. I-divergence: 1279.13901833. MSE: 0.657866723732. Diff MSE: 3.78985562823e-05.
Iteration 956. I-divergence: 1279.06652837. MSE: 0.657828911261. Diff MSE: 3.78124709659e-05.
Iteration 957. I-divergence: 1278.99420191. MSE: 0.657791184512. Diff MSE: 3.77267492501e-05.
Iteration 958. I-divergence: 1278.92203825. MSE: 0.657753543121. Diff MSE: 3.76413908535e-05.
Iteration 959. I-divergence: 1278.85003671. MSE: 0.657715986725. Diff MSE: 3.75563954952e-05.
Iteration 960. I-divergence: 1278.77819659. MSE: 0.657678514963. Diff MSE: 3.74717627942e-05.
Iteration 961. I-divergence: 1278.70651719. MSE: 0.65764112747. Diff MSE: 3.73874924852e-05.
Iteration 962. I-divergence: 1278.63499784. MSE: 0.657603823886. Diff MSE: 3.73035841572e-05.
Iteration 963. I-divergence: 1278.56363784. MSE: 0.657566603848. Diff MSE: 3.72200374646e-05.
Iteration 964. I-divergence: 1278.4924365. MSE: 0.657529466996. Diff MSE: 3.71368520102e-05.
Iteration 965. I-divergence: 1278.42139313. MSE: 0.657492412969. Diff MSE: 3.7054027391e-05.
Iteration 966. I-divergence: 1278.35050705. MSE: 0.657455441406. Diff MSE: 3.69715631739e-05.
Iteration 967. I-divergence: 1278.27977756. MSE: 0.657418551947. Diff MSE: 3.68894589113e-05.
Iteration 968. I-divergence: 1278.20920399. MSE: 0.657381744233. Diff MSE: 3.68077141554e-05.
Iteration 969. I-divergence: 1278.13878566. MSE: 0.657345017904. Diff MSE: 3.67263284433e-05.
Iteration 970. I-divergence: 1278.06852186. MSE: 0.657308372603. Diff MSE: 3.66453012617e-05.
Iteration 971. I-divergence: 1277.99841193. MSE: 0.657271807971. Diff MSE: 3.65646321023e-05.
Iteration 972. I-divergence: 1277.92845519. MSE: 0.657235323651. Diff MSE: 3.64843204445e-05.
Iteration 973. I-divergence: 1277.85865094. MSE: 0.657198919285. Diff MSE: 3.64043657637e-05.
Iteration 974. I-divergence: 1277.78899852. MSE: 0.657162594517. Diff MSE: 3.63247674988e-05.
Iteration 975. I-divergence: 1277.71949724. MSE: 0.657126348992. Diff MSE: 3.62455250535e-05.
Iteration 976. I-divergence: 1277.65014643. MSE: 0.657090182354. Diff MSE: 3.61666378801e-05.
Iteration 977. I-divergence: 1277.5809454. MSE: 0.657054094249. Diff MSE: 3.60881053513e-05.
Iteration 978. I-divergence: 1277.5118935. MSE: 0.657018084322. Diff MSE: 3.6009926869e-05.
Iteration 979. I-divergence: 1277.44299004. MSE: 0.65698215222. Diff MSE: 3.59321017621e-05.
Iteration 980. I-divergence: 1277.37423434. MSE: 0.656946297591. Diff MSE: 3.58546294459e-05.
Iteration 981. I-divergence: 1277.30562575. MSE: 0.656910520082. Diff MSE: 3.57775092032e-05.
Iteration 982. I-divergence: 1277.23716359. MSE: 0.656874819341. Diff MSE: 3.57007403962e-05.
Iteration 983. I-divergence: 1277.16884719. MSE: 0.656839195019. Diff MSE: 3.56243223363e-05.
Iteration 984. I-divergence: 1277.10067588. MSE: 0.656803646765. Diff MSE: 3.5548254297e-05.
Iteration 985. I-divergence: 1277.032649. MSE: 0.656768174229. Diff MSE: 3.54725355743e-05.
Iteration 986. I-divergence: 1276.96476589. MSE: 0.656732777064. Diff MSE: 3.53971654388e-05.
Iteration 987. I-divergence: 1276.89702588. MSE: 0.65669745492. Diff MSE: 3.53221431657e-05.
Iteration 988. I-divergence: 1276.82942831. MSE: 0.656662207453. Diff MSE: 3.52474679738e-05.
Iteration 989. I-divergence: 1276.76197252. MSE: 0.656627034313. Diff MSE: 3.51731391022e-05.
Iteration 990. I-divergence: 1276.69465785. MSE: 0.656591935158. Diff MSE: 3.50991557776e-05.
Iteration 991. I-divergence: 1276.62748365. MSE: 0.65655690964. Diff MSE: 3.50255172133e-05.
Iteration 992. I-divergence: 1276.56044927. MSE: 0.656521957418. Diff MSE: 3.495222255e-05.
Iteration 993. I-divergence: 1276.49355403. MSE: 0.656487078147. Diff MSE: 3.48792710504e-05.
Iteration 994. I-divergence: 1276.42679731. MSE: 0.656452271485. Diff MSE: 3.48066618334e-05.
Iteration 995. I-divergence: 1276.36017844. MSE: 0.656417537091. Diff MSE: 3.47343940728e-05.
Iteration 996. I-divergence: 1276.29369677. MSE: 0.656382874624. Diff MSE: 3.46624668849e-05.
Iteration 997. I-divergence: 1276.22735167. MSE: 0.656348283745. Diff MSE: 3.45908794568e-05.
Iteration 998. I-divergence: 1276.16114248. MSE: 0.656313764114. Diff MSE: 3.45196308797e-05.
Iteration 999. I-divergence: 1276.09506855. MSE: 0.656279315393. Diff MSE: 3.4448720269e-05.
Iteration 1000. I-divergence: 1276.02912926. MSE: 0.656244937247. Diff MSE: 3.43781467369e-05.
Performance on test set: MSE=0.714004331058, I-div=345.899109208.
0.714004331058
