Fold 1 for k=5,l=10.
Initialising F using KMeans.
Iteration: 1.
Iteration: 2.
Iteration: 3.
Iteration: 4.
Iteration: 5.
Iteration: 6.
Iteration: 7.
Iteration: 8.
Iteration: 9.
Iteration: 10.
Iteration: 11.
Iteration: 12.
Iteration: 13.
Iteration: 14.
Iteration: 15.
[191.0, 106.0, 143.0, 125.0, 57.0]
Initialising G using KMeans.
Iteration: 1.
Iteration: 2.
Iteration: 3.
Iteration: 4.
Iteration: 5.
Iteration: 6.
[5.0, 2.0, 20.0, 29.0, 1.0, 27.0, 0.0, 29.0, 25.0, 1.0]
Iteration 0. I-divergence: 255729.820105. MSE: 77.6682701558.
Iteration 1. I-divergence: 2154.28569877. MSE: 1.11082753042.
Iteration 2. I-divergence: 1624.0490284. MSE: 0.838971287348.
Iteration 3. I-divergence: 1606.1695088. MSE: 0.829592733354.
Iteration 4. I-divergence: 1599.57469334. MSE: 0.826119346119.
Iteration 5. I-divergence: 1594.02286263. MSE: 0.823196535083.
Iteration 6. I-divergence: 1588.95638296. MSE: 0.820530556169.
Iteration 7. I-divergence: 1584.29829397. MSE: 0.818080272167.
Iteration 8. I-divergence: 1580.00878257. MSE: 0.815824467133.
Iteration 9. I-divergence: 1576.05513854. MSE: 0.813745808049.
Iteration 10. I-divergence: 1572.40824131. MSE: 0.811828901351.
Iteration 11. I-divergence: 1569.04175207. MSE: 0.81005983637.
Iteration 12. I-divergence: 1565.93174745. MSE: 0.80842598219.
Iteration 13. I-divergence: 1563.05646247. MSE: 0.806915848758.
Iteration 14. I-divergence: 1560.39607696. MSE: 0.805518973109.
Iteration 15. I-divergence: 1557.9325289. MSE: 0.804225820472.
Iteration 16. I-divergence: 1555.64934837. MSE: 0.803027696589.
Iteration 17. I-divergence: 1553.53150909. MSE: 0.801916669357.
Iteration 18. I-divergence: 1551.56529512. MSE: 0.800885498507.
Iteration 19. I-divergence: 1549.73818086. MSE: 0.799927572326.
Iteration 20. I-divergence: 1548.03872287. MSE: 0.799036850595.
Iteration 21. I-divergence: 1546.45646221. MSE: 0.798207813057.
Iteration 22. I-divergence: 1544.98183607. MSE: 0.797435412807.
Iteration 23. I-divergence: 1543.60609783. MSE: 0.796715034089.
Iteration 24. I-divergence: 1542.32124457. MSE: 0.796042454041.
Iteration 25. I-divergence: 1541.11995134. MSE: 0.795413807989.
Iteration 26. I-divergence: 1539.99551149. MSE: 0.794825557938.
Iteration 27. I-divergence: 1538.94178245. MSE: 0.794274463939.
Iteration 28. I-divergence: 1537.95313649. MSE: 0.793757558059.
Iteration 29. I-divergence: 1537.02441586. MSE: 0.793272120711.
Iteration 30. I-divergence: 1536.15089206. MSE: 0.792815659095.
Iteration 31. I-divergence: 1535.32822869. MSE: 0.792385887592.
Iteration 32. I-divergence: 1534.55244766. MSE: 0.791980709885.
Iteration 33. I-divergence: 1533.81989839. MSE: 0.791598202684.
Iteration 34. I-divergence: 1533.12722976. MSE: 0.791236600885.
Iteration 35. I-divergence: 1532.47136447. MSE: 0.790894284043.
Iteration 36. I-divergence: 1531.8494758. MSE: 0.790569764035.
Iteration 37. I-divergence: 1531.25896624. MSE: 0.790261673806.
Iteration 38. I-divergence: 1530.69744815. MSE: 0.789968757103.
Iteration 39. I-divergence: 1530.16272599. MSE: 0.789689859107.
Iteration 40. I-divergence: 1529.65278019. MSE: 0.78942391788.
Iteration 41. I-divergence: 1529.16575236. MSE: 0.789169956558.
Iteration 42. I-divergence: 1528.69993182. MSE: 0.788927076219.
Iteration 43. I-divergence: 1528.25374331. MSE: 0.788694449375.
Iteration 44. I-divergence: 1527.82573568. MSE: 0.788471314023.
Iteration 45. I-divergence: 1527.4145717. MSE: 0.788256968205.
Iteration 46. I-divergence: 1527.01901856. MSE: 0.788050765046.
Iteration 47. I-divergence: 1526.63793938. MSE: 0.787852108208.
Iteration 48. I-divergence: 1526.27028529. MSE: 0.787660447742.
Iteration 49. I-divergence: 1525.91508827. MSE: 0.787475276286.
Iteration 50. I-divergence: 1525.57145458. MSE: 0.787296125595.
Iteration 51. I-divergence: 1525.23855874. MSE: 0.787122563361.
Iteration 52. I-divergence: 1524.91563801. MSE: 0.786954190303.
Iteration 53. I-divergence: 1524.60198737. MSE: 0.786790637506.
Iteration 54. I-divergence: 1524.2969549. MSE: 0.786631563978.
Iteration 55. I-divergence: 1523.99993754. MSE: 0.78647665442.
Iteration 56. I-divergence: 1523.7103772. MSE: 0.786325617178.
Iteration 57. I-divergence: 1523.42775725. MSE: 0.786178182366.
Iteration 58. I-divergence: 1523.15159921. MSE: 0.786034100146.
Iteration 59. I-divergence: 1522.88145979. MSE: 0.785893139153.
Iteration 60. I-divergence: 1522.61692815. MSE: 0.785755085045.
Iteration 61. I-divergence: 1522.35762333. MSE: 0.785619739179.
Iteration 62. I-divergence: 1522.10319204. MSE: 0.785486917386.
Iteration 63. I-divergence: 1521.85330642. MSE: 0.785356448859.
Iteration 64. I-divergence: 1521.60766217. MSE: 0.78522817512.
Iteration 65. I-divergence: 1521.36597672. MSE: 0.785101949077.
Iteration 66. I-divergence: 1521.12798759. MSE: 0.784977634154.
Iteration 67. I-divergence: 1520.89345088. MSE: 0.784855103496.
Iteration 68. I-divergence: 1520.66213985. MSE: 0.784734239231.
Iteration 69. I-divergence: 1520.43384366. MSE: 0.784614931795.
Iteration 70. I-divergence: 1520.20836618. MSE: 0.78449707931.
Iteration 71. I-divergence: 1519.98552487. MSE: 0.784380587012.
Iteration 72. I-divergence: 1519.76514984. MSE: 0.784265366721.
Iteration 73. I-divergence: 1519.54708285. MSE: 0.784151336358.
Iteration 74. I-divergence: 1519.33117651. MSE: 0.784038419492.
Iteration 75. I-divergence: 1519.11729347. MSE: 0.78392654493.
Iteration 76. I-divergence: 1518.90530569. MSE: 0.783815646334.
Iteration 77. I-divergence: 1518.69509377. MSE: 0.78370566187.
Iteration 78. I-divergence: 1518.48654634. MSE: 0.783596533881.
Iteration 79. I-divergence: 1518.27955948. MSE: 0.783488208589.
Iteration 80. I-divergence: 1518.07403617. MSE: 0.783380635816.
Iteration 81. I-divergence: 1517.86988586. MSE: 0.783273768727.
Iteration 82. I-divergence: 1517.66702393. MSE: 0.783167563595.
Iteration 83. I-divergence: 1517.46537135. MSE: 0.783061979581.
Iteration 84. I-divergence: 1517.26485424. MSE: 0.78295697853.
Iteration 85. I-divergence: 1517.06540353. MSE: 0.782852524783.
Iteration 86. I-divergence: 1516.86695465. MSE: 0.782748585007.
Iteration 87. I-divergence: 1516.66944716. MSE: 0.782645128027.
Iteration 88. I-divergence: 1516.47282452. MSE: 0.782542124683.
Iteration 89. I-divergence: 1516.27703382. MSE: 0.782439547689.
Iteration 90. I-divergence: 1516.0820255. MSE: 0.782337371503.
Iteration 91. I-divergence: 1515.88775315. MSE: 0.782235572213.
Iteration 92. I-divergence: 1515.69417327. MSE: 0.782134127421.
Iteration 93. I-divergence: 1515.50124512. MSE: 0.782033016143.
Iteration 94. I-divergence: 1515.30893051. MSE: 0.781932218714.
Iteration 95. I-divergence: 1515.11719359. MSE: 0.7818317167.
Iteration 96. I-divergence: 1514.92600077. MSE: 0.781731492815.
Iteration 97. I-divergence: 1514.73532054. MSE: 0.781631530844.
Iteration 98. I-divergence: 1514.54512328. MSE: 0.781531815572.
Iteration 99. I-divergence: 1514.35538123. MSE: 0.781432332721.
Iteration 100. I-divergence: 1514.16606831. MSE: 0.781333068885.
Iteration 101. I-divergence: 1513.97716. MSE: 0.781234011475.
Iteration 102. I-divergence: 1513.78863328. MSE: 0.781135148664.
Iteration 103. I-divergence: 1513.60046651. MSE: 0.781036469339.
Iteration 104. I-divergence: 1513.41263935. MSE: 0.780937963054.
Iteration 105. I-divergence: 1513.22513266. MSE: 0.780839619987.
Iteration 106. I-divergence: 1513.03792845. MSE: 0.780741430903.
Iteration 107. I-divergence: 1512.85100977. MSE: 0.78064338711.
Iteration 108. I-divergence: 1512.66436069. MSE: 0.78054548043.
Iteration 109. I-divergence: 1512.47796619. MSE: 0.780447703166.
Iteration 110. I-divergence: 1512.29181214. MSE: 0.780350048068.
Iteration 111. I-divergence: 1512.10588523. MSE: 0.780252508308.
Iteration 112. I-divergence: 1511.92017291. MSE: 0.780155077452.
Iteration 113. I-divergence: 1511.73466334. MSE: 0.780057749439.
Iteration 114. I-divergence: 1511.54934538. MSE: 0.779960518551.
Iteration 115. I-divergence: 1511.36420851. MSE: 0.779863379397.
Iteration 116. I-divergence: 1511.1792428. MSE: 0.779766326894.
Iteration 117. I-divergence: 1510.99443889. MSE: 0.779669356241.
Iteration 118. I-divergence: 1510.80978793. MSE: 0.779572462909.
Iteration 119. I-divergence: 1510.62528159. MSE: 0.779475642622.
Iteration 120. I-divergence: 1510.44091196. MSE: 0.779378891341.
Iteration 121. I-divergence: 1510.25667161. MSE: 0.779282205248.
Iteration 122. I-divergence: 1510.0725535. MSE: 0.779185580738.
Iteration 123. I-divergence: 1509.88855095. MSE: 0.7790890144.
Iteration 124. I-divergence: 1509.70465769. MSE: 0.77899250301.
Iteration 125. I-divergence: 1509.52086774. MSE: 0.778896043516.
Iteration 126. I-divergence: 1509.33717549. MSE: 0.778799633034.
Iteration 127. I-divergence: 1509.15357558. MSE: 0.77870326883.
Iteration 128. I-divergence: 1508.97006298. MSE: 0.778606948318.
Iteration 129. I-divergence: 1508.7866329. MSE: 0.778510669046.
Iteration 130. I-divergence: 1508.6032808. MSE: 0.778414428693.
Iteration 131. I-divergence: 1508.42000239. MSE: 0.778318225059.
Iteration 132. I-divergence: 1508.2367936. MSE: 0.778222056056.
Iteration 133. I-divergence: 1508.05365056. MSE: 0.778125919708.
Iteration 134. I-divergence: 1507.87056961. MSE: 0.778029814136.
Iteration 135. I-divergence: 1507.68754729. MSE: 0.777933737559.
Iteration 136. I-divergence: 1507.50458027. MSE: 0.777837688287.
Iteration 137. I-divergence: 1507.32166544. MSE: 0.777741664713.
Iteration 138. I-divergence: 1507.13879983. MSE: 0.777645665312.
Iteration 139. I-divergence: 1506.95598059. MSE: 0.777549688635.
Iteration 140. I-divergence: 1506.77320505. MSE: 0.777453733305.
Iteration 141. I-divergence: 1506.59047065. MSE: 0.777357798012.
Iteration 142. I-divergence: 1506.40777496. MSE: 0.777261881509.
Iteration 143. I-divergence: 1506.22511568. MSE: 0.777165982612.
Iteration 144. I-divergence: 1506.04249061. MSE: 0.777070100194.
Iteration 145. I-divergence: 1505.85989765. MSE: 0.77697423318.
Iteration 146. I-divergence: 1505.67733481. MSE: 0.776878380548.
Iteration 147. I-divergence: 1505.4948002. MSE: 0.776782541324.
Iteration 148. I-divergence: 1505.31229202. MSE: 0.776686714581.
Iteration 149. I-divergence: 1505.12980853. MSE: 0.776590899434.
Iteration 150. I-divergence: 1504.94734811. MSE: 0.776495095041.
Iteration 151. I-divergence: 1504.76490918. MSE: 0.776399300596.
Iteration 152. I-divergence: 1504.58249025. MSE: 0.776303515334.
Iteration 153. I-divergence: 1504.40008991. MSE: 0.776207738523.
Iteration 154. I-divergence: 1504.2177068. MSE: 0.776111969465.
Iteration 155. I-divergence: 1504.03533961. MSE: 0.776016207493.
Iteration 156. I-divergence: 1503.85298712. MSE: 0.77592045197.
Iteration 157. I-divergence: 1503.67064814. MSE: 0.775824702288.
Iteration 158. I-divergence: 1503.48832155. MSE: 0.775728957868.
Iteration 159. I-divergence: 1503.30600627. MSE: 0.775633218153.
Iteration 160. I-divergence: 1503.12370127. MSE: 0.775537482615.
Iteration 161. I-divergence: 1502.94140558. MSE: 0.775441750744.
Iteration 162. I-divergence: 1502.75911824. MSE: 0.775346022058.
Iteration 163. I-divergence: 1502.57683836. MSE: 0.775250296092.
Iteration 164. I-divergence: 1502.39456508. MSE: 0.775154572403.
Iteration 165. I-divergence: 1502.21229759. MSE: 0.775058850567.
Iteration 166. I-divergence: 1502.03003509. MSE: 0.774963130177.
Iteration 167. I-divergence: 1501.84777684. MSE: 0.774867410847.
Iteration 168. I-divergence: 1501.66552211. MSE: 0.774771692203.
Iteration 169. I-divergence: 1501.48327022. MSE: 0.77467597389.
Iteration 170. I-divergence: 1501.30102052. MSE: 0.774580255567.
Iteration 171. I-divergence: 1501.11877236. MSE: 0.774484536909.
Iteration 172. I-divergence: 1500.93652516. MSE: 0.774388817603.
Iteration 173. I-divergence: 1500.75427832. MSE: 0.77429309735.
Iteration 174. I-divergence: 1500.57203131. MSE: 0.774197375864.
Iteration 175. I-divergence: 1500.38978359. MSE: 0.774101652871.
Iteration 176. I-divergence: 1500.20753465. MSE: 0.774005928107.
Iteration 177. I-divergence: 1500.02528401. MSE: 0.773910201323.
Iteration 178. I-divergence: 1499.84303122. MSE: 0.773814472276.
Iteration 179. I-divergence: 1499.66077582. MSE: 0.773718740737.
Iteration 180. I-divergence: 1499.47851739. MSE: 0.773623006484.
Iteration 181. I-divergence: 1499.29625552. MSE: 0.773527269306.
Iteration 182. I-divergence: 1499.11398983. MSE: 0.773431529001.
Iteration 183. I-divergence: 1498.93171995. MSE: 0.773335785375.
Iteration 184. I-divergence: 1498.74944551. MSE: 0.773240038242.
Iteration 185. I-divergence: 1498.56716618. MSE: 0.773144287426.
Iteration 186. I-divergence: 1498.38488164. MSE: 0.773048532755.
Iteration 187. I-divergence: 1498.20259156. MSE: 0.772952774068.
Iteration 188. I-divergence: 1498.02029566. MSE: 0.772857011209.
Iteration 189. I-divergence: 1497.83799365. MSE: 0.772761244031.
Iteration 190. I-divergence: 1497.65568526. MSE: 0.772665472389.
Iteration 191. I-divergence: 1497.47337022. MSE: 0.77256969615.
Iteration 192. I-divergence: 1497.2910483. MSE: 0.772473915183.
Iteration 193. I-divergence: 1497.10871926. MSE: 0.772378129365.
Iteration 194. I-divergence: 1496.92638287. MSE: 0.772282338578.
Iteration 195. I-divergence: 1496.74403891. MSE: 0.772186542709.
Iteration 196. I-divergence: 1496.56168719. MSE: 0.77209074165.
Iteration 197. I-divergence: 1496.3793275. MSE: 0.7719949353.
Iteration 198. I-divergence: 1496.19695966. MSE: 0.77189912356.
Iteration 199. I-divergence: 1496.01458351. MSE: 0.771803306339.
Iteration 200. I-divergence: 1495.83219886. MSE: 0.771707483548.
Iteration 201. I-divergence: 1495.64980556. MSE: 0.771611655104.
Iteration 202. I-divergence: 1495.46740346. MSE: 0.771515820926.
Iteration 203. I-divergence: 1495.28499242. MSE: 0.771419980941.
Iteration 204. I-divergence: 1495.10257231. MSE: 0.771324135076.
Iteration 205. I-divergence: 1494.92014299. MSE: 0.771228283264.
Iteration 206. I-divergence: 1494.73770434. MSE: 0.771132425441.
Iteration 207. I-divergence: 1494.55525626. MSE: 0.771036561548.
Iteration 208. I-divergence: 1494.37279863. MSE: 0.770940691527.
Iteration 209. I-divergence: 1494.19033136. MSE: 0.770844815326.
Iteration 210. I-divergence: 1494.00785436. MSE: 0.770748932895.
Iteration 211. I-divergence: 1493.82536752. MSE: 0.770653044186.
Iteration 212. I-divergence: 1493.64287079. MSE: 0.770557149157.
Iteration 213. I-divergence: 1493.46036406. MSE: 0.770461247767.
Iteration 214. I-divergence: 1493.27784729. MSE: 0.770365339977.
Iteration 215. I-divergence: 1493.0953204. MSE: 0.770269425753.
Iteration 216. I-divergence: 1492.91278333. MSE: 0.770173505063.
Iteration 217. I-divergence: 1492.73023603. MSE: 0.770077577878.
Iteration 218. I-divergence: 1492.54767844. MSE: 0.76998164417.
Iteration 219. I-divergence: 1492.36511053. MSE: 0.769885703914.
Iteration 220. I-divergence: 1492.18253226. MSE: 0.76978975709.
Iteration 221. I-divergence: 1491.99994358. MSE: 0.769693803677.
Iteration 222. I-divergence: 1491.81734447. MSE: 0.769597843657.
Iteration 223. I-divergence: 1491.63473489. MSE: 0.769501877016.
Iteration 224. I-divergence: 1491.45211484. MSE: 0.769405903741.
Iteration 225. I-divergence: 1491.26948427. MSE: 0.76930992382.
Iteration 226. I-divergence: 1491.0868432. MSE: 0.769213937245.
Iteration 227. I-divergence: 1490.90419159. MSE: 0.76911794401.
Iteration 228. I-divergence: 1490.72152944. MSE: 0.769021944108.
Iteration 229. I-divergence: 1490.53885675. MSE: 0.768925937537.
Iteration 230. I-divergence: 1490.35617352. MSE: 0.768829924296.
Iteration 231. I-divergence: 1490.17347975. MSE: 0.768733904386.
Iteration 232. I-divergence: 1489.99077545. MSE: 0.768637877808.
Iteration 233. I-divergence: 1489.80806062. MSE: 0.768541844566.
Iteration 234. I-divergence: 1489.62533529. MSE: 0.768445804667.
Iteration 235. I-divergence: 1489.44259945. MSE: 0.768349758117.
Iteration 236. I-divergence: 1489.25985314. MSE: 0.768253704924.
Iteration 237. I-divergence: 1489.07709637. MSE: 0.768157645101.
Iteration 238. I-divergence: 1488.89432916. MSE: 0.768061578657.
Iteration 239. I-divergence: 1488.71155155. MSE: 0.767965505606.
Iteration 240. I-divergence: 1488.52876356. MSE: 0.767869425963.
Iteration 241. I-divergence: 1488.34596523. MSE: 0.767773339743.
Iteration 242. I-divergence: 1488.16315658. MSE: 0.767677246964.
Iteration 243. I-divergence: 1487.98033766. MSE: 0.767581147644.
Iteration 244. I-divergence: 1487.7975085. MSE: 0.767485041804.
Iteration 245. I-divergence: 1487.61466915. MSE: 0.767388929463.
Iteration 246. I-divergence: 1487.43181964. MSE: 0.767292810644.
Iteration 247. I-divergence: 1487.24896003. MSE: 0.76719668537.
Iteration 248. I-divergence: 1487.06609036. MSE: 0.767100553667.
Iteration 249. I-divergence: 1486.88321069. MSE: 0.767004415558.
Iteration 250. I-divergence: 1486.70032106. MSE: 0.766908271072.
Iteration 251. I-divergence: 1486.51742152. MSE: 0.766812120234.
Iteration 252. I-divergence: 1486.33451214. MSE: 0.766715963075.
Iteration 253. I-divergence: 1486.15159297. MSE: 0.766619799624.
Iteration 254. I-divergence: 1485.96866407. MSE: 0.766523629911.
Iteration 255. I-divergence: 1485.7857255. MSE: 0.766427453968.
Iteration 256. I-divergence: 1485.60277732. MSE: 0.766331271827.
Iteration 257. I-divergence: 1485.41981961. MSE: 0.766235083521.
Iteration 258. I-divergence: 1485.23685241. MSE: 0.766138889086.
Iteration 259. I-divergence: 1485.05387581. MSE: 0.766042688555.
Iteration 260. I-divergence: 1484.87088987. MSE: 0.765946481965.
Iteration 261. I-divergence: 1484.68789467. MSE: 0.765850269351.
Iteration 262. I-divergence: 1484.50489026. MSE: 0.765754050753.
Iteration 263. I-divergence: 1484.32187673. MSE: 0.765657826207.
Iteration 264. I-divergence: 1484.13885416. MSE: 0.765561595753.
Iteration 265. I-divergence: 1483.95582261. MSE: 0.76546535943.
Iteration 266. I-divergence: 1483.77278216. MSE: 0.765369117278.
Iteration 267. I-divergence: 1483.5897329. MSE: 0.765272869339.
Iteration 268. I-divergence: 1483.40667491. MSE: 0.765176615654.
Iteration 269. I-divergence: 1483.22360825. MSE: 0.765080356265.
Iteration 270. I-divergence: 1483.04053303. MSE: 0.764984091216.
Iteration 271. I-divergence: 1482.85744931. MSE: 0.764887820549.
Iteration 272. I-divergence: 1482.67435719. MSE: 0.764791544309.
Iteration 273. I-divergence: 1482.49125674. MSE: 0.764695262541.
Iteration 274. I-divergence: 1482.30814806. MSE: 0.764598975289.
Iteration 275. I-divergence: 1482.12503124. MSE: 0.7645026826.
Iteration 276. I-divergence: 1481.94190635. MSE: 0.764406384519.
Iteration 277. I-divergence: 1481.7587735. MSE: 0.764310081094.
Iteration 278. I-divergence: 1481.57563276. MSE: 0.764213772371.
Iteration 279. I-divergence: 1481.39248424. MSE: 0.764117458399.
Iteration 280. I-divergence: 1481.20932802. MSE: 0.764021139226.
Iteration 281. I-divergence: 1481.0261642. MSE: 0.7639248149.
Iteration 282. I-divergence: 1480.84299286. MSE: 0.76382848547.
Iteration 283. I-divergence: 1480.65981411. MSE: 0.763732150986.
Iteration 284. I-divergence: 1480.47662803. MSE: 0.763635811498.
Iteration 285. I-divergence: 1480.29343473. MSE: 0.763539467056.
Iteration 286. I-divergence: 1480.1102343. MSE: 0.763443117712.
Iteration 287. I-divergence: 1479.92702684. MSE: 0.763346763515.
Iteration 288. I-divergence: 1479.74381244. MSE: 0.763250404517.
Iteration 289. I-divergence: 1479.5605912. MSE: 0.763154040771.
Iteration 290. I-divergence: 1479.37736322. MSE: 0.763057672329.
Iteration 291. I-divergence: 1479.19412861. MSE: 0.762961299242.
Iteration 292. I-divergence: 1479.01088745. MSE: 0.762864921564.
Iteration 293. I-divergence: 1478.82763985. MSE: 0.762768539347.
Iteration 294. I-divergence: 1478.64438592. MSE: 0.762672152646.
Iteration 295. I-divergence: 1478.46112575. MSE: 0.762575761513.
Iteration 296. I-divergence: 1478.27785945. MSE: 0.762479366004.
Iteration 297. I-divergence: 1478.09458711. MSE: 0.762382966171.
Iteration 298. I-divergence: 1477.91130884. MSE: 0.762286562069.
Iteration 299. I-divergence: 1477.72802475. MSE: 0.762190153754.
Iteration 300. I-divergence: 1477.54473493. MSE: 0.762093741279.
Iteration 301. I-divergence: 1477.3614395. MSE: 0.761997324701.
Iteration 302. I-divergence: 1477.17813855. MSE: 0.761900904075.
Iteration 303. I-divergence: 1476.99483219. MSE: 0.761804479455.
Iteration 304. I-divergence: 1476.81152053. MSE: 0.761708050898.
Iteration 305. I-divergence: 1476.62820366. MSE: 0.76161161846.
Iteration 306. I-divergence: 1476.4448817. MSE: 0.761515182197.
Iteration 307. I-divergence: 1476.26155476. MSE: 0.761418742166.
Iteration 308. I-divergence: 1476.07822293. MSE: 0.761322298422.
Iteration 309. I-divergence: 1475.89488632. MSE: 0.761225851023.
Iteration 310. I-divergence: 1475.71154505. MSE: 0.761129400025.
Iteration 311. I-divergence: 1475.52819921. MSE: 0.761032945485.
Iteration 312. I-divergence: 1475.34484892. MSE: 0.76093648746.
Iteration 313. I-divergence: 1475.16149428. MSE: 0.760840026008.
Iteration 314. I-divergence: 1474.9781354. MSE: 0.760743561185.
Iteration 315. I-divergence: 1474.79477239. MSE: 0.76064709305.
Iteration 316. I-divergence: 1474.61140535. MSE: 0.760550621659.
Iteration 317. I-divergence: 1474.42803439. MSE: 0.76045414707.
Iteration 318. I-divergence: 1474.24465962. MSE: 0.760357669341.
Iteration 319. I-divergence: 1474.06128115. MSE: 0.76026118853.
Iteration 320. I-divergence: 1473.87789909. MSE: 0.760164704695.
Iteration 321. I-divergence: 1473.69451354. MSE: 0.760068217893.
Iteration 322. I-divergence: 1473.51112462. MSE: 0.759971728182.
Iteration 323. I-divergence: 1473.32773242. MSE: 0.759875235621.
Iteration 324. I-divergence: 1473.14433707. MSE: 0.759778740268.
Iteration 325. I-divergence: 1472.96093866. MSE: 0.75968224218.
Iteration 326. I-divergence: 1472.77753731. MSE: 0.759585741416.
Iteration 327. I-divergence: 1472.59413312. MSE: 0.759489238035.
Iteration 328. I-divergence: 1472.41072621. MSE: 0.759392732094.
Iteration 329. I-divergence: 1472.22731668. MSE: 0.759296223651.
Iteration 330. I-divergence: 1472.04390463. MSE: 0.759199712766.
Iteration 331. I-divergence: 1471.86049019. MSE: 0.759103199496.
Iteration 332. I-divergence: 1471.67707345. MSE: 0.759006683899.
Iteration 333. I-divergence: 1471.49365453. MSE: 0.758910166034.
Iteration 334. I-divergence: 1471.31023353. MSE: 0.75881364596.
Iteration 335. I-divergence: 1471.12681056. MSE: 0.758717123733.
Iteration 336. I-divergence: 1470.94338573. MSE: 0.758620599414.
Iteration 337. I-divergence: 1470.75995914. MSE: 0.758524073059.
Iteration 338. I-divergence: 1470.57653091. MSE: 0.758427544727.
Iteration 339. I-divergence: 1470.39310114. MSE: 0.758331014477.
Iteration 340. I-divergence: 1470.20966995. MSE: 0.758234482366.
Iteration 341. I-divergence: 1470.02623743. MSE: 0.758137948453.
Iteration 342. I-divergence: 1469.84280369. MSE: 0.758041412796.
Iteration 343. I-divergence: 1469.65936885. MSE: 0.757944875452.
Iteration 344. I-divergence: 1469.475933. MSE: 0.75784833648.
Iteration 345. I-divergence: 1469.29249626. MSE: 0.757751795937.
Iteration 346. I-divergence: 1469.10905874. MSE: 0.757655253882.
Iteration 347. I-divergence: 1468.92562053. MSE: 0.757558710372.
Iteration 348. I-divergence: 1468.74218175. MSE: 0.757462165465.
Iteration 349. I-divergence: 1468.5587425. MSE: 0.757365619219.
Iteration 350. I-divergence: 1468.37530289. MSE: 0.757269071691.
Iteration 351. I-divergence: 1468.19186302. MSE: 0.757172522939.
Iteration 352. I-divergence: 1468.008423. MSE: 0.757075973019.
Iteration 353. I-divergence: 1467.82498293. MSE: 0.75697942199.
Iteration 354. I-divergence: 1467.64154292. MSE: 0.756882869909.
Iteration 355. I-divergence: 1467.45810307. MSE: 0.756786316833.
Iteration 356. I-divergence: 1467.2746635. MSE: 0.756689762818.
Iteration 357. I-divergence: 1467.0912243. MSE: 0.756593207922.
Iteration 358. I-divergence: 1466.90778557. MSE: 0.756496652202.
Iteration 359. I-divergence: 1466.72434742. MSE: 0.756400095714.
Iteration 360. I-divergence: 1466.54090996. MSE: 0.756303538514.
Iteration 361. I-divergence: 1466.35747329. MSE: 0.756206980661.
Iteration 362. I-divergence: 1466.1740375. MSE: 0.756110422209.
Iteration 363. I-divergence: 1465.99060271. MSE: 0.756013863215.
Iteration 364. I-divergence: 1465.80716902. MSE: 0.755917303735.
Iteration 365. I-divergence: 1465.62373652. MSE: 0.755820743826.
Iteration 366. I-divergence: 1465.44030533. MSE: 0.755724183542.
Iteration 367. I-divergence: 1465.25687553. MSE: 0.755627622941.
Iteration 368. I-divergence: 1465.07344724. MSE: 0.755531062077.
Iteration 369. I-divergence: 1464.89002055. MSE: 0.755434501006.
Iteration 370. I-divergence: 1464.70659556. MSE: 0.755337939783.
Iteration 371. I-divergence: 1464.52317238. MSE: 0.755241378463.
Iteration 372. I-divergence: 1464.3397511. MSE: 0.755144817102.
Iteration 373. I-divergence: 1464.15633182. MSE: 0.755048255754.
Iteration 374. I-divergence: 1463.97291465. MSE: 0.754951694475.
Iteration 375. I-divergence: 1463.78949968. MSE: 0.754855133318.
Iteration 376. I-divergence: 1463.60608702. MSE: 0.754758572339.
Iteration 377. I-divergence: 1463.42267674. MSE: 0.754662011591.
Iteration 378. I-divergence: 1463.23926897. MSE: 0.754565451128.
Iteration 379. I-divergence: 1463.05586379. MSE: 0.754468891005.
Iteration 380. I-divergence: 1462.8724613. MSE: 0.754372331276.
Iteration 381. I-divergence: 1462.6890616. MSE: 0.754275771994.
Iteration 382. I-divergence: 1462.50566479. MSE: 0.754179213212.
Iteration 383. I-divergence: 1462.32227095. MSE: 0.754082654984.
Iteration 384. I-divergence: 1462.13888019. MSE: 0.753986097363.
Iteration 385. I-divergence: 1461.9554926. MSE: 0.753889540401.
Iteration 386. I-divergence: 1461.77210828. MSE: 0.753792984153.
Iteration 387. I-divergence: 1461.58872732. MSE: 0.75369642867.
Iteration 388. I-divergence: 1461.40534981. MSE: 0.753599874004.
Iteration 389. I-divergence: 1461.22197585. MSE: 0.753503320209.
Iteration 390. I-divergence: 1461.03860554. MSE: 0.753406767336.
Iteration 391. I-divergence: 1460.85523896. MSE: 0.753310215437.
Iteration 392. I-divergence: 1460.6718762. MSE: 0.753213664563.
Iteration 393. I-divergence: 1460.48851737. MSE: 0.753117114767.
Iteration 394. I-divergence: 1460.30516255. MSE: 0.753020566099.
Iteration 395. I-divergence: 1460.12181183. MSE: 0.752924018612.
Iteration 396. I-divergence: 1459.9384653. MSE: 0.752827472355.
Iteration 397. I-divergence: 1459.75512306. MSE: 0.752730927379.
Iteration 398. I-divergence: 1459.57178519. MSE: 0.752634383736.
Iteration 399. I-divergence: 1459.38845178. MSE: 0.752537841475.
Iteration 400. I-divergence: 1459.20512293. MSE: 0.752441300647.
Iteration 401. I-divergence: 1459.02179872. MSE: 0.752344761302.
Iteration 402. I-divergence: 1458.83847924. MSE: 0.752248223489.
Iteration 403. I-divergence: 1458.65516458. MSE: 0.752151687258.
Iteration 404. I-divergence: 1458.47185483. MSE: 0.752055152659.
Iteration 405. I-divergence: 1458.28855006. MSE: 0.751958619741.
Iteration 406. I-divergence: 1458.10525038. MSE: 0.751862088553.
Iteration 407. I-divergence: 1457.92195586. MSE: 0.751765559144.
Iteration 408. I-divergence: 1457.7386666. MSE: 0.751669031562.
Iteration 409. I-divergence: 1457.55538267. MSE: 0.751572505856.
Iteration 410. I-divergence: 1457.37210417. MSE: 0.751475982074.
Iteration 411. I-divergence: 1457.18883117. MSE: 0.751379460264.
Iteration 412. I-divergence: 1457.00556377. MSE: 0.751282940474.
Iteration 413. I-divergence: 1456.82230203. MSE: 0.751186422752.
Iteration 414. I-divergence: 1456.63904606. MSE: 0.751089907145.
Iteration 415. I-divergence: 1456.45579593. MSE: 0.7509933937.
Iteration 416. I-divergence: 1456.27255172. MSE: 0.750896882464.
Iteration 417. I-divergence: 1456.08931352. MSE: 0.750800373485.
Iteration 418. I-divergence: 1455.9060814. MSE: 0.750703866808.
Iteration 419. I-divergence: 1455.72285546. MSE: 0.75060736248.
Iteration 420. I-divergence: 1455.53963576. MSE: 0.750510860549.
Iteration 421. I-divergence: 1455.35642239. MSE: 0.750414361058.
Iteration 422. I-divergence: 1455.17321543. MSE: 0.750317864055.
Iteration 423. I-divergence: 1454.99001496. MSE: 0.750221369585.
Iteration 424. I-divergence: 1454.80682106. MSE: 0.750124877693.
Iteration 425. I-divergence: 1454.62363381. MSE: 0.750028388425.
Iteration 426. I-divergence: 1454.44045328. MSE: 0.749931901825.
Iteration 427. I-divergence: 1454.25727955. MSE: 0.749835417939.
Iteration 428. I-divergence: 1454.0741127. MSE: 0.74973893681.
Iteration 429. I-divergence: 1453.8909528. MSE: 0.749642458485.
Iteration 430. I-divergence: 1453.70779994. MSE: 0.749545983005.
Iteration 431. I-divergence: 1453.52465419. MSE: 0.749449510417.
Iteration 432. I-divergence: 1453.34151562. MSE: 0.749353040763.
Iteration 433. I-divergence: 1453.15838432. MSE: 0.749256574087.
Iteration 434. I-divergence: 1452.97526034. MSE: 0.749160110432.
Iteration 435. I-divergence: 1452.79214378. MSE: 0.749063649843.
Iteration 436. I-divergence: 1452.6090347. MSE: 0.748967192361.
Iteration 437. I-divergence: 1452.42593317. MSE: 0.748870738029.
Iteration 438. I-divergence: 1452.24283928. MSE: 0.748774286891.
Iteration 439. I-divergence: 1452.05975308. MSE: 0.748677838989.
Iteration 440. I-divergence: 1451.87667466. MSE: 0.748581394364.
Iteration 441. I-divergence: 1451.69360409. MSE: 0.748484953059.
Iteration 442. I-divergence: 1451.51054144. MSE: 0.748388515117.
Iteration 443. I-divergence: 1451.32748677. MSE: 0.748292080577.
Iteration 444. I-divergence: 1451.14444016. MSE: 0.748195649483.
Iteration 445. I-divergence: 1450.96140169. MSE: 0.748099221874.
Iteration 446. I-divergence: 1450.77837141. MSE: 0.748002797793.
Iteration 447. I-divergence: 1450.5953494. MSE: 0.747906377281.
Iteration 448. I-divergence: 1450.41233573. MSE: 0.747809960377.
Iteration 449. I-divergence: 1450.22933047. MSE: 0.747713547123.
Iteration 450. I-divergence: 1450.04633368. MSE: 0.747617137558.
Iteration 451. I-divergence: 1449.86334543. MSE: 0.747520731724.
Iteration 452. I-divergence: 1449.6803658. MSE: 0.74742432966.
Iteration 453. I-divergence: 1449.49739485. MSE: 0.747327931406.
Iteration 454. I-divergence: 1449.31443264. MSE: 0.747231537001.
Iteration 455. I-divergence: 1449.13147924. MSE: 0.747135146485.
Iteration 456. I-divergence: 1448.94853472. MSE: 0.747038759897.
Iteration 457. I-divergence: 1448.76559914. MSE: 0.746942377277.
Iteration 458. I-divergence: 1448.58267257. MSE: 0.746845998663.
Iteration 459. I-divergence: 1448.39975507. MSE: 0.746749624095.
Iteration 460. I-divergence: 1448.21684672. MSE: 0.74665325361.
Iteration 461. I-divergence: 1448.03394756. MSE: 0.746556887247.
Iteration 462. I-divergence: 1447.85105768. MSE: 0.746460525045.
Iteration 463. I-divergence: 1447.66817712. MSE: 0.746364167042.
Iteration 464. I-divergence: 1447.48530596. MSE: 0.746267813275.
Iteration 465. I-divergence: 1447.30244425. MSE: 0.746171463782.
Iteration 466. I-divergence: 1447.11959206. MSE: 0.746075118602.
Iteration 467. I-divergence: 1446.93674946. MSE: 0.745978777771.
Iteration 468. I-divergence: 1446.7539165. MSE: 0.745882441327.
Iteration 469. I-divergence: 1446.57109324. MSE: 0.745786109306.
Iteration 470. I-divergence: 1446.38827975. MSE: 0.745689781748.
Iteration 471. I-divergence: 1446.20547609. MSE: 0.745593458687.
Iteration 472. I-divergence: 1446.02268232. MSE: 0.745497140161.
Iteration 473. I-divergence: 1445.8398985. MSE: 0.745400826206.
Iteration 474. I-divergence: 1445.65712469. MSE: 0.745304516859.
Iteration 475. I-divergence: 1445.47436095. MSE: 0.745208212156.
Iteration 476. I-divergence: 1445.29160733. MSE: 0.745111912134.
Iteration 477. I-divergence: 1445.10886391. MSE: 0.745015616829.
Iteration 478. I-divergence: 1444.92613073. MSE: 0.744919326276.
Iteration 479. I-divergence: 1444.74340786. MSE: 0.744823040511.
Iteration 480. I-divergence: 1444.56069536. MSE: 0.74472675957.
Iteration 481. I-divergence: 1444.37799328. MSE: 0.744630483488.
Iteration 482. I-divergence: 1444.19530168. MSE: 0.744534212302.
Iteration 483. I-divergence: 1444.01262063. MSE: 0.744437946046.
Iteration 484. I-divergence: 1443.82995017. MSE: 0.744341684756.
Iteration 485. I-divergence: 1443.64729036. MSE: 0.744245428466.
Iteration 486. I-divergence: 1443.46464127. MSE: 0.744149177213.
Iteration 487. I-divergence: 1443.28200295. MSE: 0.74405293103.
Iteration 488. I-divergence: 1443.09937545. MSE: 0.743956689952.
Iteration 489. I-divergence: 1442.91675884. MSE: 0.743860454014.
Iteration 490. I-divergence: 1442.73415316. MSE: 0.743764223252.
Iteration 491. I-divergence: 1442.55155848. MSE: 0.743667997699.
Iteration 492. I-divergence: 1442.36897485. MSE: 0.743571777389.
Iteration 493. I-divergence: 1442.18640233. MSE: 0.743475562358.
Iteration 494. I-divergence: 1442.00384097. MSE: 0.743379352639.
Iteration 495. I-divergence: 1441.82129083. MSE: 0.743283148267.
Iteration 496. I-divergence: 1441.63875196. MSE: 0.743186949275.
Iteration 497. I-divergence: 1441.45622443. MSE: 0.743090755698.
Iteration 498. I-divergence: 1441.27370827. MSE: 0.74299456757.
Iteration 499. I-divergence: 1441.09120356. MSE: 0.742898384925.
Iteration 500. I-divergence: 1440.90871034. MSE: 0.742802207796.
Iteration 501. I-divergence: 1440.72622867. MSE: 0.742706036218.
Iteration 502. I-divergence: 1440.5437586. MSE: 0.742609870223.
Iteration 503. I-divergence: 1440.36130019. MSE: 0.742513709846.
Iteration 504. I-divergence: 1440.17885349. MSE: 0.742417555121.
Iteration 505. I-divergence: 1439.99641856. MSE: 0.74232140608.
Iteration 506. I-divergence: 1439.81399544. MSE: 0.742225262759.
Iteration 507. I-divergence: 1439.63158421. MSE: 0.742129125189.
Iteration 508. I-divergence: 1439.4491849. MSE: 0.742032993404.
Iteration 509. I-divergence: 1439.26679757. MSE: 0.741936867439.
Iteration 510. I-divergence: 1439.08442228. MSE: 0.741840747326.
Iteration 511. I-divergence: 1438.90205908. MSE: 0.741744633098.
Iteration 512. I-divergence: 1438.71970803. MSE: 0.74164852479.
Iteration 513. I-divergence: 1438.53736918. MSE: 0.741552422435.
Iteration 514. I-divergence: 1438.35504257. MSE: 0.741456326065.
Iteration 515. I-divergence: 1438.17272827. MSE: 0.741360235715.
Iteration 516. I-divergence: 1437.99042634. MSE: 0.741264151417.
Iteration 517. I-divergence: 1437.80813681. MSE: 0.741168073206.
Iteration 518. I-divergence: 1437.62585976. MSE: 0.741072001114.
Iteration 519. I-divergence: 1437.44359523. MSE: 0.740975935174.
Iteration 520. I-divergence: 1437.26134327. MSE: 0.740879875421.
Iteration 521. I-divergence: 1437.07910394. MSE: 0.740783821888.
Iteration 522. I-divergence: 1436.89687729. MSE: 0.740687774608.
Iteration 523. I-divergence: 1436.71466339. MSE: 0.740591733614.
Iteration 524. I-divergence: 1436.53246227. MSE: 0.74049569894.
Iteration 525. I-divergence: 1436.350274. MSE: 0.74039967062.
Iteration 526. I-divergence: 1436.16809863. MSE: 0.740303648687.
Iteration 527. I-divergence: 1435.98593622. MSE: 0.740207633175.
Iteration 528. I-divergence: 1435.80378682. MSE: 0.740111624118.
Iteration 529. I-divergence: 1435.62165048. MSE: 0.740015621549.
Iteration 530. I-divergence: 1435.43952725. MSE: 0.739919625503.
Iteration 531. I-divergence: 1435.25741721. MSE: 0.739823636012.
Iteration 532. I-divergence: 1435.07532039. MSE: 0.739727653111.
Iteration 533. I-divergence: 1434.89323686. MSE: 0.739631676835.
Iteration 534. I-divergence: 1434.71116666. MSE: 0.739535707217.
Iteration 535. I-divergence: 1434.52910987. MSE: 0.739439744291.
Iteration 536. I-divergence: 1434.34706652. MSE: 0.739343788092.
Iteration 537. I-divergence: 1434.16503668. MSE: 0.739247838654.
Iteration 538. I-divergence: 1433.98302041. MSE: 0.739151896012.
Iteration 539. I-divergence: 1433.80101775. MSE: 0.7390559602.
Iteration 540. I-divergence: 1433.61902877. MSE: 0.738960031252.
Iteration 541. I-divergence: 1433.43705353. MSE: 0.738864109205.
Iteration 542. I-divergence: 1433.25509208. MSE: 0.738768194093.
Iteration 543. I-divergence: 1433.07314447. MSE: 0.73867228595.
Iteration 544. I-divergence: 1432.89121077. MSE: 0.738576384813.
Iteration 545. I-divergence: 1432.70929104. MSE: 0.738480490716.
Iteration 546. I-divergence: 1432.52738533. MSE: 0.738384603695.
Iteration 547. I-divergence: 1432.3454937. MSE: 0.738288723786.
Iteration 548. I-divergence: 1432.16361621. MSE: 0.738192851024.
Iteration 549. I-divergence: 1431.98175292. MSE: 0.738096985446.
Iteration 550. I-divergence: 1431.79990389. MSE: 0.738001127088.
Iteration 551. I-divergence: 1431.61806918. MSE: 0.737905275986.
Iteration 552. I-divergence: 1431.43624884. MSE: 0.737809432176.
Iteration 553. I-divergence: 1431.25444295. MSE: 0.737713595696.
Iteration 554. I-divergence: 1431.07265156. MSE: 0.737617766581.
Iteration 555. I-divergence: 1430.89087474. MSE: 0.73752194487.
Iteration 556. I-divergence: 1430.70911254. MSE: 0.7374261306.
Iteration 557. I-divergence: 1430.52736502. MSE: 0.737330323808.
Iteration 558. I-divergence: 1430.34563226. MSE: 0.737234524531.
Iteration 559. I-divergence: 1430.16391431. MSE: 0.737138732809.
Iteration 560. I-divergence: 1429.98221124. MSE: 0.737042948678.
Iteration 561. I-divergence: 1429.80052311. MSE: 0.736947172177.
Iteration 562. I-divergence: 1429.61884999. MSE: 0.736851403346.
Iteration 563. I-divergence: 1429.43719194. MSE: 0.736755642223.
Iteration 564. I-divergence: 1429.25554903. MSE: 0.736659888847.
Iteration 565. I-divergence: 1429.07392133. MSE: 0.736564143257.
Iteration 566. I-divergence: 1428.89230889. MSE: 0.736468405494.
Iteration 567. I-divergence: 1428.7107118. MSE: 0.736372675597.
Iteration 568. I-divergence: 1428.52913011. MSE: 0.736276953606.
Iteration 569. I-divergence: 1428.3475639. MSE: 0.736181239562.
Iteration 570. I-divergence: 1428.16601323. MSE: 0.736085533507.
Iteration 571. I-divergence: 1427.98447818. MSE: 0.73598983548.
Iteration 572. I-divergence: 1427.80295881. MSE: 0.735894145524.
Iteration 573. I-divergence: 1427.6214552. MSE: 0.73579846368.
Iteration 574. I-divergence: 1427.43996741. MSE: 0.73570278999.
Iteration 575. I-divergence: 1427.25849553. MSE: 0.735607124497.
Iteration 576. I-divergence: 1427.07703963. MSE: 0.735511467244.
Iteration 577. I-divergence: 1426.89559977. MSE: 0.735415818273.
Iteration 578. I-divergence: 1426.71417603. MSE: 0.735320177628.
Iteration 579. I-divergence: 1426.53276849. MSE: 0.735224545353.
Iteration 580. I-divergence: 1426.35137722. MSE: 0.735128921493.
Iteration 581. I-divergence: 1426.17000231. MSE: 0.735033306091.
Iteration 582. I-divergence: 1425.98864382. MSE: 0.734937699192.
Iteration 583. I-divergence: 1425.80730184. MSE: 0.734842100842.
Iteration 584. I-divergence: 1425.62597645. MSE: 0.734746511087.
Iteration 585. I-divergence: 1425.44466772. MSE: 0.734650929973.
Iteration 586. I-divergence: 1425.26337574. MSE: 0.734555357546.
Iteration 587. I-divergence: 1425.08210059. MSE: 0.734459793853.
Iteration 588. I-divergence: 1424.90084235. MSE: 0.734364238942.
Iteration 589. I-divergence: 1424.7196011. MSE: 0.73426869286.
Iteration 590. I-divergence: 1424.53837694. MSE: 0.734173155657.
Iteration 591. I-divergence: 1424.35716993. MSE: 0.734077627379.
Iteration 592. I-divergence: 1424.17598018. MSE: 0.733982108077.
Iteration 593. I-divergence: 1423.99480777. MSE: 0.733886597801.
Iteration 594. I-divergence: 1423.81365278. MSE: 0.7337910966.
Iteration 595. I-divergence: 1423.63251531. MSE: 0.733695604524.
Iteration 596. I-divergence: 1423.45139544. MSE: 0.733600121626.
Iteration 597. I-divergence: 1423.27029327. MSE: 0.733504647957.
Iteration 598. I-divergence: 1423.08920888. MSE: 0.733409183569.
Iteration 599. I-divergence: 1422.90814238. MSE: 0.733313728514.
Iteration 600. I-divergence: 1422.72709386. MSE: 0.733218282845.
Iteration 601. I-divergence: 1422.5460634. MSE: 0.733122846617.
Iteration 602. I-divergence: 1422.36505112. MSE: 0.733027419884.
Iteration 603. I-divergence: 1422.1840571. MSE: 0.7329320027.
Iteration 604. I-divergence: 1422.00308144. MSE: 0.73283659512.
Iteration 605. I-divergence: 1421.82212425. MSE: 0.732741197201.
Iteration 606. I-divergence: 1421.64118562. MSE: 0.732645809.
Iteration 607. I-divergence: 1421.46026566. MSE: 0.732550430572.
Iteration 608. I-divergence: 1421.27936447. MSE: 0.732455061977.
Iteration 609. I-divergence: 1421.09848215. MSE: 0.732359703271.
Iteration 610. I-divergence: 1420.91761882. MSE: 0.732264354515.
Iteration 611. I-divergence: 1420.73677457. MSE: 0.732169015767.
Iteration 612. I-divergence: 1420.55594952. MSE: 0.732073687089.
Iteration 613. I-divergence: 1420.37514378. MSE: 0.731978368539.
Iteration 614. I-divergence: 1420.19435745. MSE: 0.731883060181.
Iteration 615. I-divergence: 1420.01359065. MSE: 0.731787762077.
Iteration 616. I-divergence: 1419.8328435. MSE: 0.731692474288.
Iteration 617. I-divergence: 1419.6521161. MSE: 0.731597196878.
Iteration 618. I-divergence: 1419.47140858. MSE: 0.731501929913.
Iteration 619. I-divergence: 1419.29072106. MSE: 0.731406673456.
Iteration 620. I-divergence: 1419.11005364. MSE: 0.731311427573.
Iteration 621. I-divergence: 1418.92940646. MSE: 0.73121619233.
Iteration 622. I-divergence: 1418.74877963. MSE: 0.731120967795.
Iteration 623. I-divergence: 1418.56817328. MSE: 0.731025754035.
Iteration 624. I-divergence: 1418.38758753. MSE: 0.730930551119.
Iteration 625. I-divergence: 1418.20702251. MSE: 0.730835359116.
Iteration 626. I-divergence: 1418.02647836. MSE: 0.730740178097.
Iteration 627. I-divergence: 1417.84595519. MSE: 0.730645008131.
Iteration 628. I-divergence: 1417.66545314. MSE: 0.730549849291.
Iteration 629. I-divergence: 1417.48497234. MSE: 0.730454701649.
Iteration 630. I-divergence: 1417.30451293. MSE: 0.730359565278.
Iteration 631. I-divergence: 1417.12407504. MSE: 0.730264440252.
Iteration 632. I-divergence: 1416.94365882. MSE: 0.730169326647.
Iteration 633. I-divergence: 1416.76326439. MSE: 0.730074224538.
Iteration 634. I-divergence: 1416.58289191. MSE: 0.729979134001.
Iteration 635. I-divergence: 1416.40254151. MSE: 0.729884055114.
Iteration 636. I-divergence: 1416.22221335. MSE: 0.729788987956.
Iteration 637. I-divergence: 1416.04190756. MSE: 0.729693932605.
Iteration 638. I-divergence: 1415.86162429. MSE: 0.729598889142.
Iteration 639. I-divergence: 1415.6813637. MSE: 0.729503857648.
Iteration 640. I-divergence: 1415.50112594. MSE: 0.729408838204.
Iteration 641. I-divergence: 1415.32091115. MSE: 0.729313830894.
Iteration 642. I-divergence: 1415.14071951. MSE: 0.729218835801.
Iteration 643. I-divergence: 1414.96055115. MSE: 0.729123853011.
Iteration 644. I-divergence: 1414.78040625. MSE: 0.729028882608.
Iteration 645. I-divergence: 1414.60028497. MSE: 0.72893392468.
Iteration 646. I-divergence: 1414.42018746. MSE: 0.728838979314.
Iteration 647. I-divergence: 1414.24011389. MSE: 0.728744046599.
Iteration 648. I-divergence: 1414.06006444. MSE: 0.728649126625.
Iteration 649. I-divergence: 1413.88003927. MSE: 0.728554219482.
Iteration 650. I-divergence: 1413.70003854. MSE: 0.728459325262.
Iteration 651. I-divergence: 1413.52006245. MSE: 0.728364444057.
Iteration 652. I-divergence: 1413.34011115. MSE: 0.728269575963.
Iteration 653. I-divergence: 1413.16018483. MSE: 0.728174721073.
Iteration 654. I-divergence: 1412.98028367. MSE: 0.728079879483.
Iteration 655. I-divergence: 1412.80040785. MSE: 0.727985051291.
Iteration 656. I-divergence: 1412.62055755. MSE: 0.727890236595.
Iteration 657. I-divergence: 1412.44073296. MSE: 0.727795435493.
Iteration 658. I-divergence: 1412.26093427. MSE: 0.727700648087.
Iteration 659. I-divergence: 1412.08116167. MSE: 0.727605874478.
Iteration 660. I-divergence: 1411.90141535. MSE: 0.727511114769.
Iteration 661. I-divergence: 1411.72169551. MSE: 0.727416369063.
Iteration 662. I-divergence: 1411.54200234. MSE: 0.727321637465.
Iteration 663. I-divergence: 1411.36233605. MSE: 0.727226920081.
Iteration 664. I-divergence: 1411.18269684. MSE: 0.72713221702.
Iteration 665. I-divergence: 1411.00308491. MSE: 0.727037528389.
Iteration 666. I-divergence: 1410.82350047. MSE: 0.726942854298.
Iteration 667. I-divergence: 1410.64394372. MSE: 0.726848194859.
Iteration 668. I-divergence: 1410.46441489. MSE: 0.726753550182.
Iteration 669. I-divergence: 1410.28491418. MSE: 0.726658920383.
Iteration 670. I-divergence: 1410.10544181. MSE: 0.726564305576.
Iteration 671. I-divergence: 1409.92599801. MSE: 0.726469705877.
Iteration 672. I-divergence: 1409.74658299. MSE: 0.726375121402.
Iteration 673. I-divergence: 1409.56719697. MSE: 0.726280552272.
Iteration 674. I-divergence: 1409.38784019. MSE: 0.726185998605.
Iteration 675. I-divergence: 1409.20851287. MSE: 0.726091460523.
Iteration 676. I-divergence: 1409.02921526. MSE: 0.725996938148.
Iteration 677. I-divergence: 1408.84994757. MSE: 0.725902431605.
Iteration 678. I-divergence: 1408.67071005. MSE: 0.725807941019.
Iteration 679. I-divergence: 1408.49150294. MSE: 0.725713466516.
Iteration 680. I-divergence: 1408.31232648. MSE: 0.725619008225.
Iteration 681. I-divergence: 1408.13318092. MSE: 0.725524566275.
Iteration 682. I-divergence: 1407.95406651. MSE: 0.725430140797.
Iteration 683. I-divergence: 1407.7749835. MSE: 0.725335731923.
Iteration 684. I-divergence: 1407.59593213. MSE: 0.725241339786.
Iteration 685. I-divergence: 1407.41691268. MSE: 0.725146964523.
Iteration 686. I-divergence: 1407.2379254. MSE: 0.725052606269.
Iteration 687. I-divergence: 1407.05897054. MSE: 0.724958265163.
Iteration 688. I-divergence: 1406.88004839. MSE: 0.724863941344.
Iteration 689. I-divergence: 1406.70115919. MSE: 0.724769634953.
Iteration 690. I-divergence: 1406.52230324. MSE: 0.724675346133.
Iteration 691. I-divergence: 1406.3434808. MSE: 0.724581075028.
Iteration 692. I-divergence: 1406.16469214. MSE: 0.724486821784.
Iteration 693. I-divergence: 1405.98593756. MSE: 0.724392586547.
Iteration 694. I-divergence: 1405.80721732. MSE: 0.724298369466.
Iteration 695. I-divergence: 1405.62853173. MSE: 0.724204170691.
Iteration 696. I-divergence: 1405.44988106. MSE: 0.724109990375.
Iteration 697. I-divergence: 1405.27126561. MSE: 0.724015828671.
Iteration 698. I-divergence: 1405.09268568. MSE: 0.723921685733.
Iteration 699. I-divergence: 1404.91414157. MSE: 0.723827561718.
Iteration 700. I-divergence: 1404.73563357. MSE: 0.723733456784.
Iteration 701. I-divergence: 1404.557162. MSE: 0.723639371092.
Iteration 702. I-divergence: 1404.37872715. MSE: 0.723545304802.
Iteration 703. I-divergence: 1404.20032935. MSE: 0.723451258079.
Iteration 704. I-divergence: 1404.02196891. MSE: 0.723357231085.
Iteration 705. I-divergence: 1403.84364614. MSE: 0.723263223989.
Iteration 706. I-divergence: 1403.66536136. MSE: 0.723169236958.
Iteration 707. I-divergence: 1403.48711491. MSE: 0.723075270162.
Iteration 708. I-divergence: 1403.30890711. MSE: 0.722981323772.
Iteration 709. I-divergence: 1403.13073829. MSE: 0.722887397963.
Iteration 710. I-divergence: 1402.95260878. MSE: 0.722793492907.
Iteration 711. I-divergence: 1402.77451893. MSE: 0.722699608784.
Iteration 712. I-divergence: 1402.59646907. MSE: 0.72260574577.
Iteration 713. I-divergence: 1402.41845955. MSE: 0.722511904047.
Iteration 714. I-divergence: 1402.24049072. MSE: 0.722418083795.
Iteration 715. I-divergence: 1402.06256293. MSE: 0.7223242852.
Iteration 716. I-divergence: 1401.88467653. MSE: 0.722230508446.
Iteration 717. I-divergence: 1401.70683189. MSE: 0.72213675372.
Iteration 718. I-divergence: 1401.52902937. MSE: 0.722043021213.
Iteration 719. I-divergence: 1401.35126932. MSE: 0.721949311115.
Iteration 720. I-divergence: 1401.17355213. MSE: 0.721855623618.
Iteration 721. I-divergence: 1400.99587816. MSE: 0.721761958918.
Iteration 722. I-divergence: 1400.81824779. MSE: 0.72166831721.
Iteration 723. I-divergence: 1400.64066141. MSE: 0.721574698694.
Iteration 724. I-divergence: 1400.46311939. MSE: 0.72148110357.
Iteration 725. I-divergence: 1400.28562211. MSE: 0.721387532038.
Iteration 726. I-divergence: 1400.10816999. MSE: 0.721293984305.
Iteration 727. I-divergence: 1399.93076339. MSE: 0.721200460574.
Iteration 728. I-divergence: 1399.75340274. MSE: 0.721106961055.
Iteration 729. I-divergence: 1399.57608842. MSE: 0.721013485956.
Iteration 730. I-divergence: 1399.39882085. MSE: 0.720920035489.
Iteration 731. I-divergence: 1399.22160042. MSE: 0.720826609868.
Iteration 732. I-divergence: 1399.04442757. MSE: 0.720733209309.
Iteration 733. I-divergence: 1398.8673027. MSE: 0.720639834028.
Iteration 734. I-divergence: 1398.69022623. MSE: 0.720546484244.
Iteration 735. I-divergence: 1398.51319858. MSE: 0.72045316018.
Iteration 736. I-divergence: 1398.3362202. MSE: 0.720359862058.
Iteration 737. I-divergence: 1398.1592915. MSE: 0.720266590104.
Iteration 738. I-divergence: 1397.98241293. MSE: 0.720173344544.
Iteration 739. I-divergence: 1397.80558492. MSE: 0.720080125607.
Iteration 740. I-divergence: 1397.62880792. MSE: 0.719986933526.
Iteration 741. I-divergence: 1397.45208237. MSE: 0.719893768532.
Iteration 742. I-divergence: 1397.27540873. MSE: 0.719800630862.
Iteration 743. I-divergence: 1397.09878745. MSE: 0.719707520751.
Iteration 744. I-divergence: 1396.92221899. MSE: 0.71961443844.
Iteration 745. I-divergence: 1396.74570381. MSE: 0.719521384169.
Iteration 746. I-divergence: 1396.56924238. MSE: 0.719428358182.
Iteration 747. I-divergence: 1396.39283517. MSE: 0.719335360723.
Iteration 748. I-divergence: 1396.21648266. MSE: 0.719242392041.
Iteration 749. I-divergence: 1396.04018532. MSE: 0.719149452383.
Iteration 750. I-divergence: 1395.86394363. MSE: 0.719056542002.
Iteration 751. I-divergence: 1395.68775809. MSE: 0.71896366115.
Iteration 752. I-divergence: 1395.51162918. MSE: 0.718870810083.
Iteration 753. I-divergence: 1395.33555739. MSE: 0.718777989058.
Iteration 754. I-divergence: 1395.15954323. MSE: 0.718685198336.
Iteration 755. I-divergence: 1394.9835872. MSE: 0.718592438176.
Iteration 756. I-divergence: 1394.8076898. MSE: 0.718499708843.
Iteration 757. I-divergence: 1394.63185154. MSE: 0.718407010603.
Iteration 758. I-divergence: 1394.45607294. MSE: 0.718314343723.
Iteration 759. I-divergence: 1394.28035451. MSE: 0.718221708472.
Iteration 760. I-divergence: 1394.10469678. MSE: 0.718129105123.
Iteration 761. I-divergence: 1393.92910028. MSE: 0.71803653395.
Iteration 762. I-divergence: 1393.75356552. MSE: 0.717943995227.
Iteration 763. I-divergence: 1393.57809305. MSE: 0.717851489234.
Iteration 764. I-divergence: 1393.40268341. MSE: 0.71775901625.
Iteration 765. I-divergence: 1393.22733713. MSE: 0.717666576558.
Iteration 766. I-divergence: 1393.05205476. MSE: 0.717574170441.
Iteration 767. I-divergence: 1392.87683685. MSE: 0.717481798186.
Iteration 768. I-divergence: 1392.70168396. MSE: 0.71738946008.
Iteration 769. I-divergence: 1392.52659664. MSE: 0.717297156415.
Iteration 770. I-divergence: 1392.35157545. MSE: 0.717204887483.
Iteration 771. I-divergence: 1392.17662097. MSE: 0.717112653578.
Iteration 772. I-divergence: 1392.00173375. MSE: 0.717020454997.
Iteration 773. I-divergence: 1391.82691437. MSE: 0.716928292037.
Iteration 774. I-divergence: 1391.65216342. MSE: 0.716836165001.
Iteration 775. I-divergence: 1391.47748146. MSE: 0.71674407419.
Iteration 776. I-divergence: 1391.30286909. MSE: 0.71665201991.
Iteration 777. I-divergence: 1391.1283269. MSE: 0.716560002466.
Iteration 778. I-divergence: 1390.95385547. MSE: 0.716468022168.
Iteration 779. I-divergence: 1390.77945541. MSE: 0.716376079327.
Iteration 780. I-divergence: 1390.60512731. MSE: 0.716284174254.
Iteration 781. I-divergence: 1390.43087179. MSE: 0.716192307266.
Iteration 782. I-divergence: 1390.25668944. MSE: 0.716100478679.
Iteration 783. I-divergence: 1390.08258088. MSE: 0.716008688812.
Iteration 784. I-divergence: 1389.90854674. MSE: 0.715916937986.
Iteration 785. I-divergence: 1389.73458761. MSE: 0.715825226523.
Iteration 786. I-divergence: 1389.56070414. MSE: 0.715733554748.
Iteration 787. I-divergence: 1389.38689695. MSE: 0.715641922989.
Iteration 788. I-divergence: 1389.21316667. MSE: 0.715550331574.
Iteration 789. I-divergence: 1389.03951393. MSE: 0.715458780833.
Iteration 790. I-divergence: 1388.86593937. MSE: 0.7153672711.
Iteration 791. I-divergence: 1388.69244365. MSE: 0.715275802709.
Iteration 792. I-divergence: 1388.51902739. MSE: 0.715184375997.
Iteration 793. I-divergence: 1388.34569126. MSE: 0.715092991302.
Iteration 794. I-divergence: 1388.1724359. MSE: 0.715001648965.
Iteration 795. I-divergence: 1387.99926197. MSE: 0.714910349327.
Iteration 796. I-divergence: 1387.82617014. MSE: 0.714819092733.
Iteration 797. I-divergence: 1387.65316107. MSE: 0.71472787953.
Iteration 798. I-divergence: 1387.48023542. MSE: 0.714636710065.
Iteration 799. I-divergence: 1387.30739387. MSE: 0.714545584688.
Iteration 800. I-divergence: 1387.1346371. MSE: 0.714454503751.
Iteration 801. I-divergence: 1386.96196577. MSE: 0.714363467607.
Iteration 802. I-divergence: 1386.78938058. MSE: 0.714272476611.
Iteration 803. I-divergence: 1386.61688221. MSE: 0.714181531121.
Iteration 804. I-divergence: 1386.44447134. MSE: 0.714090631496.
Iteration 805. I-divergence: 1386.27214868. MSE: 0.713999778096.
Iteration 806. I-divergence: 1386.09991491. MSE: 0.713908971283.
Iteration 807. I-divergence: 1385.92777074. MSE: 0.713818211423.
Iteration 808. I-divergence: 1385.75571686. MSE: 0.71372749888.
Iteration 809. I-divergence: 1385.58375398. MSE: 0.713636834023.
Iteration 810. I-divergence: 1385.41188282. MSE: 0.71354621722.
Iteration 811. I-divergence: 1385.24010408. MSE: 0.713455648844.
Iteration 812. I-divergence: 1385.06841848. MSE: 0.713365129265.
Iteration 813. I-divergence: 1384.89682673. MSE: 0.71327465886.
Iteration 814. I-divergence: 1384.72532957. MSE: 0.713184238003.
Iteration 815. I-divergence: 1384.5539277. MSE: 0.713093867073.
Iteration 816. I-divergence: 1384.38262187. MSE: 0.713003546448.
Iteration 817. I-divergence: 1384.21141279. MSE: 0.712913276509.
Iteration 818. I-divergence: 1384.04030121. MSE: 0.712823057638.
Iteration 819. I-divergence: 1383.86928786. MSE: 0.71273289022.
Iteration 820. I-divergence: 1383.69837347. MSE: 0.712642774639.
Iteration 821. I-divergence: 1383.5275588. MSE: 0.712552711282.
Iteration 822. I-divergence: 1383.35684458. MSE: 0.712462700537.
Iteration 823. I-divergence: 1383.18623157. MSE: 0.712372742795.
Iteration 824. I-divergence: 1383.0157205. MSE: 0.712282838445.
Iteration 825. I-divergence: 1382.84531215. MSE: 0.712192987882.
Iteration 826. I-divergence: 1382.67500725. MSE: 0.712103191497.
Iteration 827. I-divergence: 1382.50480657. MSE: 0.712013449687.
Iteration 828. I-divergence: 1382.33471088. MSE: 0.711923762849.
Iteration 829. I-divergence: 1382.16472092. MSE: 0.711834131379.
Iteration 830. I-divergence: 1381.99483747. MSE: 0.711744555677.
Iteration 831. I-divergence: 1381.8250613. MSE: 0.711655036144.
Iteration 832. I-divergence: 1381.65539317. MSE: 0.711565573181.
Iteration 833. I-divergence: 1381.48583386. MSE: 0.71147616719.
Iteration 834. I-divergence: 1381.31638414. MSE: 0.711386818576.
Iteration 835. I-divergence: 1381.14704479. MSE: 0.711297527744.
Iteration 836. I-divergence: 1380.97781659. MSE: 0.711208295099.
Iteration 837. I-divergence: 1380.80870031. MSE: 0.71111912105.
Iteration 838. I-divergence: 1380.63969675. MSE: 0.711030006003.
Iteration 839. I-divergence: 1380.47080668. MSE: 0.71094095037.
Iteration 840. I-divergence: 1380.30203089. MSE: 0.71085195456.
Iteration 841. I-divergence: 1380.13337017. MSE: 0.710763018984.
Iteration 842. I-divergence: 1379.96482531. MSE: 0.710674144055.
Iteration 843. I-divergence: 1379.79639711. MSE: 0.710585330186.
Iteration 844. I-divergence: 1379.62808635. MSE: 0.71049657779.
Iteration 845. I-divergence: 1379.45989383. MSE: 0.710407887283.
Iteration 846. I-divergence: 1379.29182035. MSE: 0.710319259081.
Iteration 847. I-divergence: 1379.12386671. MSE: 0.7102306936.
Iteration 848. I-divergence: 1378.9560337. MSE: 0.710142191257.
Iteration 849. I-divergence: 1378.78832212. MSE: 0.710053752471.
Iteration 850. I-divergence: 1378.62073279. MSE: 0.709965377659.
Iteration 851. I-divergence: 1378.45326649. MSE: 0.709877067241.
Iteration 852. I-divergence: 1378.28592405. MSE: 0.709788821638.
Iteration 853. I-divergence: 1378.11870625. MSE: 0.709700641269.
Iteration 854. I-divergence: 1377.95161392. MSE: 0.709612526556.
Iteration 855. I-divergence: 1377.78464785. MSE: 0.709524477921.
Iteration 856. I-divergence: 1377.61780886. MSE: 0.709436495785.
Iteration 857. I-divergence: 1377.45109775. MSE: 0.709348580571.
Iteration 858. I-divergence: 1377.28451533. MSE: 0.709260732702.
Iteration 859. I-divergence: 1377.11806242. MSE: 0.709172952602.
Iteration 860. I-divergence: 1376.95173983. MSE: 0.709085240693.
Iteration 861. I-divergence: 1376.78554837. MSE: 0.708997597401.
Iteration 862. I-divergence: 1376.61948885. MSE: 0.708910023148.
Iteration 863. I-divergence: 1376.45356208. MSE: 0.708822518361.
Iteration 864. I-divergence: 1376.28776888. MSE: 0.708735083463.
Iteration 865. I-divergence: 1376.12211006. MSE: 0.708647718879.
Iteration 866. I-divergence: 1375.95658644. MSE: 0.708560425034.
Iteration 867. I-divergence: 1375.79119883. MSE: 0.708473202354.
Iteration 868. I-divergence: 1375.62594804. MSE: 0.708386051263.
Iteration 869. I-divergence: 1375.46083488. MSE: 0.708298972187.
Iteration 870. I-divergence: 1375.29586018. MSE: 0.70821196555.
Iteration 871. I-divergence: 1375.13102474. MSE: 0.708125031778.
Iteration 872. I-divergence: 1374.96632938. MSE: 0.708038171295.
Iteration 873. I-divergence: 1374.80177491. MSE: 0.707951384526.
Iteration 874. I-divergence: 1374.63736214. MSE: 0.707864671896.
Iteration 875. I-divergence: 1374.47309189. MSE: 0.707778033829.
Iteration 876. I-divergence: 1374.30896496. MSE: 0.70769147075.
Iteration 877. I-divergence: 1374.14498218. MSE: 0.707604983081.
Iteration 878. I-divergence: 1373.98114434. MSE: 0.707518571246.
Iteration 879. I-divergence: 1373.81745226. MSE: 0.707432235668.
Iteration 880. I-divergence: 1373.65390674. MSE: 0.70734597677.
Iteration 881. I-divergence: 1373.4905086. MSE: 0.707259794974.
Iteration 882. I-divergence: 1373.32725864. MSE: 0.707173690702.
Iteration 883. I-divergence: 1373.16415767. MSE: 0.707087664374.
Iteration 884. I-divergence: 1373.00120649. MSE: 0.70700171641.
Iteration 885. I-divergence: 1372.83840591. MSE: 0.706915847232.
Iteration 886. I-divergence: 1372.67575672. MSE: 0.706830057257.
Iteration 887. I-divergence: 1372.51325972. MSE: 0.706744346904.
Iteration 888. I-divergence: 1372.35091573. MSE: 0.706658716591.
Iteration 889. I-divergence: 1372.18872552. MSE: 0.706573166735.
Iteration 890. I-divergence: 1372.02668991. MSE: 0.706487697751.
Iteration 891. I-divergence: 1371.86480968. MSE: 0.706402310055.
Iteration 892. I-divergence: 1371.70308562. MSE: 0.70631700406.
Iteration 893. I-divergence: 1371.54151853. MSE: 0.706231780181.
Iteration 894. I-divergence: 1371.38010919. MSE: 0.706146638828.
Iteration 895. I-divergence: 1371.21885839. MSE: 0.706061580414.
Iteration 896. I-divergence: 1371.05776692. MSE: 0.705976605348.
Iteration 897. I-divergence: 1370.89683555. MSE: 0.705891714039.
Iteration 898. I-divergence: 1370.73606507. MSE: 0.705806906895.
Iteration 899. I-divergence: 1370.57545625. MSE: 0.705722184322.
Iteration 900. I-divergence: 1370.41500987. MSE: 0.705637546725.
Iteration 901. I-divergence: 1370.2547267. MSE: 0.705552994508.
Iteration 902. I-divergence: 1370.09460751. MSE: 0.705468528074.
Iteration 903. I-divergence: 1369.93465306. MSE: 0.705384147824.
Iteration 904. I-divergence: 1369.77486413. MSE: 0.705299854157.
Iteration 905. I-divergence: 1369.61524146. MSE: 0.705215647472.
Iteration 906. I-divergence: 1369.45578583. MSE: 0.705131528165.
Iteration 907. I-divergence: 1369.29649798. MSE: 0.705047496631.
Iteration 908. I-divergence: 1369.13737867. MSE: 0.704963553264.
Iteration 909. I-divergence: 1368.97842865. MSE: 0.704879698456.
Iteration 910. I-divergence: 1368.81964866. MSE: 0.704795932596.
Iteration 911. I-divergence: 1368.66103944. MSE: 0.704712256074.
Iteration 912. I-divergence: 1368.50260173. MSE: 0.704628669275.
Iteration 913. I-divergence: 1368.34433628. MSE: 0.704545172585.
Iteration 914. I-divergence: 1368.18624381. MSE: 0.704461766386.
Iteration 915. I-divergence: 1368.02832504. MSE: 0.704378451059.
Iteration 916. I-divergence: 1367.87058071. MSE: 0.704295226984.
Iteration 917. I-divergence: 1367.71301153. MSE: 0.704212094538.
Iteration 918. I-divergence: 1367.55561822. MSE: 0.704129054096.
Iteration 919. I-divergence: 1367.3984015. MSE: 0.70404610603.
Iteration 920. I-divergence: 1367.24136207. MSE: 0.703963250711.
Iteration 921. I-divergence: 1367.08450064. MSE: 0.70388048851.
Iteration 922. I-divergence: 1366.9278179. MSE: 0.703797819791.
Iteration 923. I-divergence: 1366.77131455. MSE: 0.703715244919.
Iteration 924. I-divergence: 1366.61499129. MSE: 0.703632764256.
Iteration 925. I-divergence: 1366.45884881. MSE: 0.703550378163.
Iteration 926. I-divergence: 1366.30288778. MSE: 0.703468086996.
Iteration 927. I-divergence: 1366.14710888. MSE: 0.703385891111.
Iteration 928. I-divergence: 1365.99151278. MSE: 0.703303790859.
Iteration 929. I-divergence: 1365.83610017. MSE: 0.703221786592.
Iteration 930. I-divergence: 1365.68087169. MSE: 0.703139878657.
Iteration 931. I-divergence: 1365.52582801. MSE: 0.703058067399.
Iteration 932. I-divergence: 1365.37096979. MSE: 0.702976353161.
Iteration 933. I-divergence: 1365.21629766. MSE: 0.702894736281.
Iteration 934. I-divergence: 1365.06181228. MSE: 0.702813217099.
Iteration 935. I-divergence: 1364.90751429. MSE: 0.702731795948.
Iteration 936. I-divergence: 1364.75340432. MSE: 0.70265047316.
Iteration 937. I-divergence: 1364.59948299. MSE: 0.702569249064.
Iteration 938. I-divergence: 1364.44575093. MSE: 0.702488123987.
Iteration 939. I-divergence: 1364.29220876. MSE: 0.702407098251.
Iteration 940. I-divergence: 1364.13885709. MSE: 0.702326172179.
Iteration 941. I-divergence: 1363.98569653. MSE: 0.702245346086.
Iteration 942. I-divergence: 1363.83272767. MSE: 0.702164620289.
Iteration 943. I-divergence: 1363.67995112. MSE: 0.702083995098.
Iteration 944. I-divergence: 1363.52736746. MSE: 0.702003470823.
Iteration 945. I-divergence: 1363.37497727. MSE: 0.70192304777.
Iteration 946. I-divergence: 1363.22278114. MSE: 0.70184272624.
Iteration 947. I-divergence: 1363.07077963. MSE: 0.701762506534.
Iteration 948. I-divergence: 1362.91897331. MSE: 0.701682388949.
Iteration 949. I-divergence: 1362.76736275. MSE: 0.701602373777.
Iteration 950. I-divergence: 1362.61594849. MSE: 0.701522461308.
Iteration 951. I-divergence: 1362.46473108. MSE: 0.70144265183.
Iteration 952. I-divergence: 1362.31371106. MSE: 0.701362945626.
Iteration 953. I-divergence: 1362.16288897. MSE: 0.701283342976.
Iteration 954. I-divergence: 1362.01226534. MSE: 0.701203844158.
Iteration 955. I-divergence: 1361.86184069. MSE: 0.701124449445.
Iteration 956. I-divergence: 1361.71161554. MSE: 0.701045159108.
Iteration 957. I-divergence: 1361.56159038. MSE: 0.700965973413.
Iteration 958. I-divergence: 1361.41176574. MSE: 0.700886892624.
Iteration 959. I-divergence: 1361.2621421. MSE: 0.700807917001.
Iteration 960. I-divergence: 1361.11271995. MSE: 0.7007290468.
Iteration 961. I-divergence: 1360.96349977. MSE: 0.700650282275.
Iteration 962. I-divergence: 1360.81448205. MSE: 0.700571623675.
Iteration 963. I-divergence: 1360.66566725. MSE: 0.700493071247.
Iteration 964. I-divergence: 1360.51705583. MSE: 0.700414625232.
Iteration 965. I-divergence: 1360.36864825. MSE: 0.700336285869.
Iteration 966. I-divergence: 1360.22044496. MSE: 0.700258053395.
Iteration 967. I-divergence: 1360.07244639. MSE: 0.700179928039.
Iteration 968. I-divergence: 1359.92465299. MSE: 0.70010191003.
Iteration 969. I-divergence: 1359.77706518. MSE: 0.700023999593.
Iteration 970. I-divergence: 1359.62968338. MSE: 0.699946196948.
Iteration 971. I-divergence: 1359.482508. MSE: 0.699868502311.
Iteration 972. I-divergence: 1359.33553946. MSE: 0.699790915896.
Iteration 973. I-divergence: 1359.18877814. MSE: 0.699713437912.
Iteration 974. I-divergence: 1359.04222445. MSE: 0.699636068564.
Iteration 975. I-divergence: 1358.89587876. MSE: 0.699558808054.
Iteration 976. I-divergence: 1358.74974146. MSE: 0.69948165658.
Iteration 977. I-divergence: 1358.6038129. MSE: 0.699404614335.
Iteration 978. I-divergence: 1358.45809347. MSE: 0.699327681511.
Iteration 979. I-divergence: 1358.3125835. MSE: 0.699250858293.
Iteration 980. I-divergence: 1358.16728335. MSE: 0.699174144864.
Iteration 981. I-divergence: 1358.02219336. MSE: 0.699097541402.
Iteration 982. I-divergence: 1357.87731385. MSE: 0.699021048082.
Iteration 983. I-divergence: 1357.73264517. MSE: 0.698944665074.
Iteration 984. I-divergence: 1357.58818761. MSE: 0.698868392546.
Iteration 985. I-divergence: 1357.4439415. MSE: 0.698792230659.
Iteration 986. I-divergence: 1357.29990714. MSE: 0.698716179574.
Iteration 987. I-divergence: 1357.15608482. MSE: 0.698640239444.
Iteration 988. I-divergence: 1357.01247482. MSE: 0.698564410421.
Iteration 989. I-divergence: 1356.86907743. MSE: 0.698488692651.
Iteration 990. I-divergence: 1356.72589293. MSE: 0.698413086277.
Iteration 991. I-divergence: 1356.58292156. MSE: 0.698337591439.
Iteration 992. I-divergence: 1356.4401636. MSE: 0.698262208271.
Iteration 993. I-divergence: 1356.29761929. MSE: 0.698186936903.
Iteration 994. I-divergence: 1356.15528887. MSE: 0.698111777463.
Iteration 995. I-divergence: 1356.01317257. MSE: 0.698036730074.
Iteration 996. I-divergence: 1355.87127063. MSE: 0.697961794854.
Iteration 997. I-divergence: 1355.72958325. MSE: 0.697886971918.
Iteration 998. I-divergence: 1355.58811066. MSE: 0.697812261376.
Iteration 999. I-divergence: 1355.44685305. MSE: 0.697737663335.
Iteration 1000. I-divergence: 1355.30581061. MSE: 0.697663177898.
Performance on test set: MSE=0.731950845563, I-div=354.362187273.
0.731950845563
