Fold 1 for k=5,l=15.
Initialising F using KMeans.
Iteration: 1.
Iteration: 2.
Iteration: 3.
Iteration: 4.
Iteration: 5.
Iteration: 6.
Iteration: 7.
Iteration: 8.
Iteration: 9.
Iteration: 10.
Iteration: 11.
Iteration: 12.
Iteration: 13.
Iteration: 14.
Iteration: 15.
[191.0, 106.0, 143.0, 125.0, 57.0]
Initialising G using KMeans.
Iteration: 1.
Iteration: 2.
Iteration: 3.
Iteration: 4.
Iteration: 5.
[5.0, 2.0, 18.0, 25.0, 1.0, 5.0, 0.0, 26.0, 35.0, 1.0, 5.0, 9.0, 0.0, 7.0, 0.0]
Iteration 0. I-divergence: 129749.192267. MSE: 46.6447284031.
Iteration 1. I-divergence: 1873.40721263. MSE: 0.968654761377.
Iteration 2. I-divergence: 1623.59455518. MSE: 0.838717075448.
Iteration 3. I-divergence: 1614.61283268. MSE: 0.834000236059.
Iteration 4. I-divergence: 1610.22858062. MSE: 0.831694038276.
Iteration 5. I-divergence: 1606.29912575. MSE: 0.829627844462.
Iteration 6. I-divergence: 1602.61055526. MSE: 0.827688972647.
Iteration 7. I-divergence: 1599.13529544. MSE: 0.825862647814.
Iteration 8. I-divergence: 1595.85807935. MSE: 0.824140731309.
Iteration 9. I-divergence: 1592.76562903. MSE: 0.822516193244.
Iteration 10. I-divergence: 1589.84573976. MSE: 0.820982588856.
Iteration 11. I-divergence: 1587.08710445. MSE: 0.819533952422.
Iteration 12. I-divergence: 1584.47922628. MSE: 0.818164747015.
Iteration 13. I-divergence: 1582.01235038. MSE: 0.816869827219.
Iteration 14. I-divergence: 1579.6774041. MSE: 0.815644407275.
Iteration 15. I-divergence: 1577.46594333. MSE: 0.814484032745.
Iteration 16. I-divergence: 1575.37010413. MSE: 0.813384554976.
Iteration 17. I-divergence: 1573.38255867. MSE: 0.812342107951.
Iteration 18. I-divergence: 1571.49647525. MSE: 0.811353087222.
Iteration 19. I-divergence: 1569.70548174. MSE: 0.810414130687.
Iteration 20. I-divergence: 1568.00363218. MSE: 0.809522101012.
Iteration 21. I-divergence: 1566.38537619. MSE: 0.808674069508.
Iteration 22. I-divergence: 1564.84553079. MSE: 0.807867301334.
Iteration 23. I-divergence: 1563.37925457. MSE: 0.807099241878.
Iteration 24. I-divergence: 1561.98202388. MSE: 0.806367504204.
Iteration 25. I-divergence: 1560.64961079. MSE: 0.805669857473.
Iteration 26. I-divergence: 1559.37806281. MSE: 0.805004216238.
Iteration 27. I-divergence: 1558.16368408. MSE: 0.804368630538.
Iteration 28. I-divergence: 1557.00301796. MSE: 0.803761276718.
Iteration 29. I-divergence: 1555.89283087. MSE: 0.803180448925.
Iteration 30. I-divergence: 1554.83009732. MSE: 0.802624551199.
Iteration 31. I-divergence: 1553.81198601. MSE: 0.80209209014.
Iteration 32. I-divergence: 1552.83584686. MSE: 0.801581668077.
Iteration 33. I-divergence: 1551.89919898. MSE: 0.801091976722.
Iteration 34. I-divergence: 1550.99971947. MSE: 0.800621791252.
Iteration 35. I-divergence: 1550.13523301. MSE: 0.800169964805.
Iteration 36. I-divergence: 1549.3037021. MSE: 0.799735423348.
Iteration 37. I-divergence: 1548.503218. MSE: 0.799317160887.
Iteration 38. I-divergence: 1547.73199233. MSE: 0.798914235004.
Iteration 39. I-divergence: 1546.9883491. MSE: 0.798525762697.
Iteration 40. I-divergence: 1546.27071745. MSE: 0.798150916487.
Iteration 41. I-divergence: 1545.5776247. MSE: 0.797788920792.
Iteration 42. I-divergence: 1544.90768999. MSE: 0.797439048545.
Iteration 43. I-divergence: 1544.25961831. MSE: 0.797100618023.
Iteration 44. I-divergence: 1543.63219485. MSE: 0.796772989899.
Iteration 45. I-divergence: 1543.02427986. MSE: 0.796455564484.
Iteration 46. I-divergence: 1542.43480371. MSE: 0.796147779145.
Iteration 47. I-divergence: 1541.86276241. MSE: 0.795849105907.
Iteration 48. I-divergence: 1541.3072133. MSE: 0.795559049195.
Iteration 49. I-divergence: 1540.76727109. MSE: 0.795277143741.
Iteration 50. I-divergence: 1540.24210418. MSE: 0.79500295262.
Iteration 51. I-divergence: 1539.73093118. MSE: 0.794736065418.
Iteration 52. I-divergence: 1539.23301768. MSE: 0.794476096516.
Iteration 53. I-divergence: 1538.7476732. MSE: 0.794222683497.
Iteration 54. I-divergence: 1538.27424842. MSE: 0.793975485648.
Iteration 55. I-divergence: 1537.81213247. MSE: 0.793734182564.
Iteration 56. I-divergence: 1537.36075056. MSE: 0.793498472846.
Iteration 57. I-divergence: 1536.91956157. MSE: 0.793268072883.
Iteration 58. I-divergence: 1536.488056. MSE: 0.793042715711.
Iteration 59. I-divergence: 1536.06575389. MSE: 0.792822149957.
Iteration 60. I-divergence: 1535.652203. MSE: 0.79260613884.
Iteration 61. I-divergence: 1535.246977. MSE: 0.792394459246.
Iteration 62. I-divergence: 1534.84967388. MSE: 0.792186900863.
Iteration 63. I-divergence: 1534.45991439. MSE: 0.79198326537.
Iteration 64. I-divergence: 1534.07734064. MSE: 0.791783365683.
Iteration 65. I-divergence: 1533.70161473. MSE: 0.791587025246.
Iteration 66. I-divergence: 1533.33241755. MSE: 0.791394077376.
Iteration 67. I-divergence: 1532.96944755. MSE: 0.791204364643.
Iteration 68. I-divergence: 1532.61241972. MSE: 0.791017738294.
Iteration 69. I-divergence: 1532.26106453. MSE: 0.790834057718.
Iteration 70. I-divergence: 1531.91512696. MSE: 0.790653189942.
Iteration 71. I-divergence: 1531.57436569. MSE: 0.79047500916.
Iteration 72. I-divergence: 1531.23855219. MSE: 0.790299396298.
Iteration 73. I-divergence: 1530.90746997. MSE: 0.790126238597.
Iteration 74. I-divergence: 1530.58091386. MSE: 0.789955429237.
Iteration 75. I-divergence: 1530.25868934. MSE: 0.789786866973.
Iteration 76. I-divergence: 1529.94061188. MSE: 0.789620455804.
Iteration 77. I-divergence: 1529.62650637. MSE: 0.789456104656.
Iteration 78. I-divergence: 1529.31620654. MSE: 0.789293727091.
Iteration 79. I-divergence: 1529.00955445. MSE: 0.789133241033.
Iteration 80. I-divergence: 1528.70640003. MSE: 0.78897456851.
Iteration 81. I-divergence: 1528.40660057. MSE: 0.788817635416.
Iteration 82. I-divergence: 1528.11002036. MSE: 0.788662371285.
Iteration 83. I-divergence: 1527.81653024. MSE: 0.788508709082.
Iteration 84. I-divergence: 1527.52600722. MSE: 0.788356585006.
Iteration 85. I-divergence: 1527.2383342. MSE: 0.788205938303.
Iteration 86. I-divergence: 1526.95339955. MSE: 0.788056711099.
Iteration 87. I-divergence: 1526.67109688. MSE: 0.787908848233.
Iteration 88. I-divergence: 1526.3913247. MSE: 0.787762297108.
Iteration 89. I-divergence: 1526.11398616. MSE: 0.787617007549.
Iteration 90. I-divergence: 1525.83898884. MSE: 0.787472931671.
Iteration 91. I-divergence: 1525.56624445. MSE: 0.787330023749.
Iteration 92. I-divergence: 1525.29566864. MSE: 0.787188240109.
Iteration 93. I-divergence: 1525.02718078. MSE: 0.787047539009.
Iteration 94. I-divergence: 1524.76070377. MSE: 0.786907880545.
Iteration 95. I-divergence: 1524.49616386. MSE: 0.786769226546.
Iteration 96. I-divergence: 1524.23349047. MSE: 0.786631540489.
Iteration 97. I-divergence: 1523.97261602. MSE: 0.786494787411.
Iteration 98. I-divergence: 1523.71347578. MSE: 0.786358933827.
Iteration 99. I-divergence: 1523.45600772. MSE: 0.786223947658.
Iteration 100. I-divergence: 1523.20015241. MSE: 0.786089798157.
Iteration 101. I-divergence: 1522.94585284. MSE: 0.785956455846.
Iteration 102. I-divergence: 1522.69305433. MSE: 0.785823892446.
Iteration 103. I-divergence: 1522.44170441. MSE: 0.785692080826.
Iteration 104. I-divergence: 1522.19175271. MSE: 0.785560994942.
Iteration 105. I-divergence: 1521.94315087. MSE: 0.785430609785.
Iteration 106. I-divergence: 1521.69585243. MSE: 0.785300901333.
Iteration 107. I-divergence: 1521.44981274. MSE: 0.785171846505.
Iteration 108. I-divergence: 1521.2049889. MSE: 0.785043423111.
Iteration 109. I-divergence: 1520.96133965. MSE: 0.784915609818.
Iteration 110. I-divergence: 1520.7188253. MSE: 0.784788386107.
Iteration 111. I-divergence: 1520.47740768. MSE: 0.784661732235.
Iteration 112. I-divergence: 1520.23705005. MSE: 0.7845356292.
Iteration 113. I-divergence: 1519.99771705. MSE: 0.784410058711.
Iteration 114. I-divergence: 1519.75937461. MSE: 0.784285003153.
Iteration 115. I-divergence: 1519.52198994. MSE: 0.784160445557.
Iteration 116. I-divergence: 1519.28553143. MSE: 0.784036369577.
Iteration 117. I-divergence: 1519.04996864. MSE: 0.783912759456.
Iteration 118. I-divergence: 1518.81527222. MSE: 0.783789600007.
Iteration 119. I-divergence: 1518.58141387. MSE: 0.783666876583.
Iteration 120. I-divergence: 1518.3483663. MSE: 0.783544575061.
Iteration 121. I-divergence: 1518.1161032. MSE: 0.783422681814.
Iteration 122. I-divergence: 1517.88459917. MSE: 0.783301183696.
Iteration 123. I-divergence: 1517.65382972. MSE: 0.783180068019.
Iteration 124. I-divergence: 1517.42377119. MSE: 0.783059322533.
Iteration 125. I-divergence: 1517.19440076. MSE: 0.782938935415.
Iteration 126. I-divergence: 1516.96569641. MSE: 0.782818895244.
Iteration 127. I-divergence: 1516.73763683. MSE: 0.782699190991.
Iteration 128. I-divergence: 1516.51020149. MSE: 0.782579812003.
Iteration 129. I-divergence: 1516.28337053. MSE: 0.782460747984.
Iteration 130. I-divergence: 1516.05712477. MSE: 0.782341988988.
Iteration 131. I-divergence: 1515.83144567. MSE: 0.782223525399.
Iteration 132. I-divergence: 1515.60631532. MSE: 0.782105347925.
Iteration 133. I-divergence: 1515.38171641. MSE: 0.78198744758.
Iteration 134. I-divergence: 1515.15763221. MSE: 0.781869815678.
Iteration 135. I-divergence: 1514.93404653. MSE: 0.781752443818.
Iteration 136. I-divergence: 1514.71094374. MSE: 0.781635323873.
Iteration 137. I-divergence: 1514.48830869. MSE: 0.781518447987.
Iteration 138. I-divergence: 1514.26612677. MSE: 0.781401808555.
Iteration 139. I-divergence: 1514.04438382. MSE: 0.781285398222.
Iteration 140. I-divergence: 1513.82306614. MSE: 0.781169209873.
Iteration 141. I-divergence: 1513.60216051. MSE: 0.781053236618.
Iteration 142. I-divergence: 1513.3816541. MSE: 0.780937471795.
Iteration 143. I-divergence: 1513.16153452. MSE: 0.780821908952.
Iteration 144. I-divergence: 1512.94178976. MSE: 0.780706541845.
Iteration 145. I-divergence: 1512.72240823. MSE: 0.780591364432.
Iteration 146. I-divergence: 1512.50337869. MSE: 0.78047637086.
Iteration 147. I-divergence: 1512.28469025. MSE: 0.780361555466.
Iteration 148. I-divergence: 1512.0663324. MSE: 0.780246912766.
Iteration 149. I-divergence: 1511.84829495. MSE: 0.780132437449.
Iteration 150. I-divergence: 1511.63056804. MSE: 0.780018124374.
Iteration 151. I-divergence: 1511.41314211. MSE: 0.779903968561.
Iteration 152. I-divergence: 1511.19600792. MSE: 0.77978996519.
Iteration 153. I-divergence: 1510.97915653. MSE: 0.77967610959.
Iteration 154. I-divergence: 1510.76257926. MSE: 0.779562397241.
Iteration 155. I-divergence: 1510.54626774. MSE: 0.779448823761.
Iteration 156. I-divergence: 1510.33021384. MSE: 0.77933538491.
Iteration 157. I-divergence: 1510.11440969. MSE: 0.779222076578.
Iteration 158. I-divergence: 1509.89884768. MSE: 0.779108894788.
Iteration 159. I-divergence: 1509.68352043. MSE: 0.778995835684.
Iteration 160. I-divergence: 1509.46842081. MSE: 0.778882895534.
Iteration 161. I-divergence: 1509.25354189. MSE: 0.778770070722.
Iteration 162. I-divergence: 1509.03887699. MSE: 0.778657357744.
Iteration 163. I-divergence: 1508.82441963. MSE: 0.77854475321.
Iteration 164. I-divergence: 1508.61016351. MSE: 0.778432253832.
Iteration 165. I-divergence: 1508.39610258. MSE: 0.778319856428.
Iteration 166. I-divergence: 1508.18223093. MSE: 0.778207557915.
Iteration 167. I-divergence: 1507.96854287. MSE: 0.778095355307.
Iteration 168. I-divergence: 1507.75503288. MSE: 0.777983245713.
Iteration 169. I-divergence: 1507.54169561. MSE: 0.77787122633.
Iteration 170. I-divergence: 1507.3285259. MSE: 0.777759294446.
Iteration 171. I-divergence: 1507.11551873. MSE: 0.777647447433.
Iteration 172. I-divergence: 1506.90266925. MSE: 0.777535682747.
Iteration 173. I-divergence: 1506.68997277. MSE: 0.777423997923.
Iteration 174. I-divergence: 1506.47742474. MSE: 0.777312390575.
Iteration 175. I-divergence: 1506.26502076. MSE: 0.777200858391.
Iteration 176. I-divergence: 1506.05275656. MSE: 0.777089399133.
Iteration 177. I-divergence: 1505.84062803. MSE: 0.776978010636.
Iteration 178. I-divergence: 1505.62863117. MSE: 0.7768666908.
Iteration 179. I-divergence: 1505.41676211. MSE: 0.776755437595.
Iteration 180. I-divergence: 1505.20501713. MSE: 0.776644249054.
Iteration 181. I-divergence: 1504.99339259. MSE: 0.776533123273.
Iteration 182. I-divergence: 1504.781885. MSE: 0.776422058409.
Iteration 183. I-divergence: 1504.57049097. MSE: 0.77631105268.
Iteration 184. I-divergence: 1504.35920721. MSE: 0.776200104357.
Iteration 185. I-divergence: 1504.14803056. MSE: 0.776089211772.
Iteration 186. I-divergence: 1503.93695795. MSE: 0.775978373306.
Iteration 187. I-divergence: 1503.7259864. MSE: 0.775867587396.
Iteration 188. I-divergence: 1503.51511305. MSE: 0.775756852528.
Iteration 189. I-divergence: 1503.30433512. MSE: 0.775646167236.
Iteration 190. I-divergence: 1503.09364992. MSE: 0.775535530106.
Iteration 191. I-divergence: 1502.88305485. MSE: 0.775424939766.
Iteration 192. I-divergence: 1502.6725474. MSE: 0.775314394892.
Iteration 193. I-divergence: 1502.46212515. MSE: 0.775203894201.
Iteration 194. I-divergence: 1502.25178575. MSE: 0.775093436455.
Iteration 195. I-divergence: 1502.04152693. MSE: 0.774983020456.
Iteration 196. I-divergence: 1501.83134649. MSE: 0.774872645045.
Iteration 197. I-divergence: 1501.62124233. MSE: 0.774762309103.
Iteration 198. I-divergence: 1501.41121239. MSE: 0.774652011548.
Iteration 199. I-divergence: 1501.20125469. MSE: 0.774541751335.
Iteration 200. I-divergence: 1500.99136733. MSE: 0.774431527455.
Iteration 201. I-divergence: 1500.78154847. MSE: 0.77432133893.
Iteration 202. I-divergence: 1500.57179632. MSE: 0.77421118482.
Iteration 203. I-divergence: 1500.36210916. MSE: 0.774101064214.
Iteration 204. I-divergence: 1500.15248534. MSE: 0.773990976233.
Iteration 205. I-divergence: 1499.94292325. MSE: 0.77388092003.
Iteration 206. I-divergence: 1499.73342136. MSE: 0.773770894785.
Iteration 207. I-divergence: 1499.52397816. MSE: 0.77366089971.
Iteration 208. I-divergence: 1499.31459223. MSE: 0.773550934041.
Iteration 209. I-divergence: 1499.10526218. MSE: 0.773440997045.
Iteration 210. I-divergence: 1498.89598667. MSE: 0.773331088011.
Iteration 211. I-divergence: 1498.68676442. MSE: 0.773221206258.
Iteration 212. I-divergence: 1498.47759418. MSE: 0.773111351126.
Iteration 213. I-divergence: 1498.26847477. MSE: 0.77300152198.
Iteration 214. I-divergence: 1498.05940502. MSE: 0.772891718209.
Iteration 215. I-divergence: 1497.85038384. MSE: 0.772781939225.
Iteration 216. I-divergence: 1497.64141016. MSE: 0.772672184459.
Iteration 217. I-divergence: 1497.43248295. MSE: 0.772562453367.
Iteration 218. I-divergence: 1497.22360122. MSE: 0.772452745423.
Iteration 219. I-divergence: 1497.01476403. MSE: 0.772343060123.
Iteration 220. I-divergence: 1496.80597047. MSE: 0.772233396979.
Iteration 221. I-divergence: 1496.59721965. MSE: 0.772123755526.
Iteration 222. I-divergence: 1496.38851075. MSE: 0.772014135314.
Iteration 223. I-divergence: 1496.17984294. MSE: 0.771904535914.
Iteration 224. I-divergence: 1495.97121546. MSE: 0.77179495691.
Iteration 225. I-divergence: 1495.76262756. MSE: 0.771685397906.
Iteration 226. I-divergence: 1495.55407853. MSE: 0.771575858521.
Iteration 227. I-divergence: 1495.34556769. MSE: 0.77146633839.
Iteration 228. I-divergence: 1495.13709438. MSE: 0.771356837163.
Iteration 229. I-divergence: 1494.92865797. MSE: 0.771247354504.
Iteration 230. I-divergence: 1494.72025787. MSE: 0.771137890092.
Iteration 231. I-divergence: 1494.5118935. MSE: 0.771028443622.
Iteration 232. I-divergence: 1494.30356432. MSE: 0.770919014798.
Iteration 233. I-divergence: 1494.0952698. MSE: 0.770809603341.
Iteration 234. I-divergence: 1493.88700945. MSE: 0.770700208982.
Iteration 235. I-divergence: 1493.67878279. MSE: 0.770590831466.
Iteration 236. I-divergence: 1493.47058936. MSE: 0.77048147055.
Iteration 237. I-divergence: 1493.26242873. MSE: 0.770372126002.
Iteration 238. I-divergence: 1493.0543005. MSE: 0.770262797599.
Iteration 239. I-divergence: 1492.84620428. MSE: 0.770153485133.
Iteration 240. I-divergence: 1492.63813969. MSE: 0.770044188404.
Iteration 241. I-divergence: 1492.43010639. MSE: 0.769934907222.
Iteration 242. I-divergence: 1492.22210404. MSE: 0.769825641408.
Iteration 243. I-divergence: 1492.01413233. MSE: 0.769716390792.
Iteration 244. I-divergence: 1491.80619097. MSE: 0.769607155214.
Iteration 245. I-divergence: 1491.59827967. MSE: 0.769497934521.
Iteration 246. I-divergence: 1491.39039817. MSE: 0.769388728571.
Iteration 247. I-divergence: 1491.18254623. MSE: 0.76927953723.
Iteration 248. I-divergence: 1490.97472361. MSE: 0.76917036037.
Iteration 249. I-divergence: 1490.7669301. MSE: 0.769061197874.
Iteration 250. I-divergence: 1490.55916549. MSE: 0.768952049631.
Iteration 251. I-divergence: 1490.3514296. MSE: 0.768842915537.
Iteration 252. I-divergence: 1490.14372226. MSE: 0.768733795497.
Iteration 253. I-divergence: 1489.93604329. MSE: 0.768624689421.
Iteration 254. I-divergence: 1489.72839256. MSE: 0.768515597226.
Iteration 255. I-divergence: 1489.52076992. MSE: 0.768406518837.
Iteration 256. I-divergence: 1489.31317526. MSE: 0.768297454184.
Iteration 257. I-divergence: 1489.10560845. MSE: 0.768188403204.
Iteration 258. I-divergence: 1488.89806939. MSE: 0.768079365839.
Iteration 259. I-divergence: 1488.69055801. MSE: 0.767970342037.
Iteration 260. I-divergence: 1488.4830742. MSE: 0.767861331751.
Iteration 261. I-divergence: 1488.27561791. MSE: 0.767752334941.
Iteration 262. I-divergence: 1488.06818907. MSE: 0.76764335157.
Iteration 263. I-divergence: 1487.86078763. MSE: 0.767534381608.
Iteration 264. I-divergence: 1487.65341355. MSE: 0.767425425029.
Iteration 265. I-divergence: 1487.44606679. MSE: 0.767316481811.
Iteration 266. I-divergence: 1487.23874733. MSE: 0.767207551937.
Iteration 267. I-divergence: 1487.03145514. MSE: 0.767098635395.
Iteration 268. I-divergence: 1486.82419023. MSE: 0.766989732175.
Iteration 269. I-divergence: 1486.61695259. MSE: 0.766880842275.
Iteration 270. I-divergence: 1486.40974221. MSE: 0.766771965693.
Iteration 271. I-divergence: 1486.20255913. MSE: 0.766663102433.
Iteration 272. I-divergence: 1485.99540335. MSE: 0.766554252502.
Iteration 273. I-divergence: 1485.7882749. MSE: 0.766445415909.
Iteration 274. I-divergence: 1485.58117381. MSE: 0.76633659267.
Iteration 275. I-divergence: 1485.37410013. MSE: 0.766227782801.
Iteration 276. I-divergence: 1485.16705389. MSE: 0.766118986322.
Iteration 277. I-divergence: 1484.96003514. MSE: 0.766010203256.
Iteration 278. I-divergence: 1484.75304395. MSE: 0.765901433631.
Iteration 279. I-divergence: 1484.54608036. MSE: 0.765792677474.
Iteration 280. I-divergence: 1484.33914445. MSE: 0.765683934817.
Iteration 281. I-divergence: 1484.13223629. MSE: 0.765575205695.
Iteration 282. I-divergence: 1483.92535595. MSE: 0.765466490145.
Iteration 283. I-divergence: 1483.7185035. MSE: 0.765357788205.
Iteration 284. I-divergence: 1483.51167904. MSE: 0.765249099917.
Iteration 285. I-divergence: 1483.30488266. MSE: 0.765140425324.
Iteration 286. I-divergence: 1483.09811443. MSE: 0.765031764473.
Iteration 287. I-divergence: 1482.89137446. MSE: 0.76492311741.
Iteration 288. I-divergence: 1482.68466285. MSE: 0.764814484187.
Iteration 289. I-divergence: 1482.4779797. MSE: 0.764705864853.
Iteration 290. I-divergence: 1482.27132511. MSE: 0.764597259463.
Iteration 291. I-divergence: 1482.0646992. MSE: 0.764488668072.
Iteration 292. I-divergence: 1481.85810207. MSE: 0.764380090736.
Iteration 293. I-divergence: 1481.65153384. MSE: 0.764271527513.
Iteration 294. I-divergence: 1481.44499463. MSE: 0.764162978464.
Iteration 295. I-divergence: 1481.23848456. MSE: 0.764054443648.
Iteration 296. I-divergence: 1481.03200374. MSE: 0.76394592313.
Iteration 297. I-divergence: 1480.82555232. MSE: 0.763837416971.
Iteration 298. I-divergence: 1480.6191304. MSE: 0.763728925237.
Iteration 299. I-divergence: 1480.41273812. MSE: 0.763620447995.
Iteration 300. I-divergence: 1480.20637562. MSE: 0.763511985311.
Iteration 301. I-divergence: 1480.00004302. MSE: 0.763403537253.
Iteration 302. I-divergence: 1479.79374046. MSE: 0.76329510389.
Iteration 303. I-divergence: 1479.58746807. MSE: 0.763186685293.
Iteration 304. I-divergence: 1479.381226. MSE: 0.763078281533.
Iteration 305. I-divergence: 1479.17501438. MSE: 0.762969892681.
Iteration 306. I-divergence: 1478.96883336. MSE: 0.762861518809.
Iteration 307. I-divergence: 1478.76268307. MSE: 0.762753159991.
Iteration 308. I-divergence: 1478.55656366. MSE: 0.7626448163.
Iteration 309. I-divergence: 1478.35047528. MSE: 0.762536487811.
Iteration 310. I-divergence: 1478.14441806. MSE: 0.7624281746.
Iteration 311. I-divergence: 1477.93839216. MSE: 0.76231987674.
Iteration 312. I-divergence: 1477.73239772. MSE: 0.762211594309.
Iteration 313. I-divergence: 1477.5264349. MSE: 0.762103327383.
Iteration 314. I-divergence: 1477.32050383. MSE: 0.761995076038.
Iteration 315. I-divergence: 1477.11460466. MSE: 0.761886840353.
Iteration 316. I-divergence: 1476.90873756. MSE: 0.761778620403.
Iteration 317. I-divergence: 1476.70290266. MSE: 0.761670416268.
Iteration 318. I-divergence: 1476.49710012. MSE: 0.761562228025.
Iteration 319. I-divergence: 1476.29133009. MSE: 0.761454055752.
Iteration 320. I-divergence: 1476.08559272. MSE: 0.761345899528.
Iteration 321. I-divergence: 1475.87988817. MSE: 0.761237759431.
Iteration 322. I-divergence: 1475.67421657. MSE: 0.761129635541.
Iteration 323. I-divergence: 1475.46857809. MSE: 0.761021527935.
Iteration 324. I-divergence: 1475.26297288. MSE: 0.760913436693.
Iteration 325. I-divergence: 1475.05740109. MSE: 0.760805361894.
Iteration 326. I-divergence: 1474.85186287. MSE: 0.760697303615.
Iteration 327. I-divergence: 1474.64635836. MSE: 0.760589261938.
Iteration 328. I-divergence: 1474.44088774. MSE: 0.760481236939.
Iteration 329. I-divergence: 1474.23545113. MSE: 0.760373228697.
Iteration 330. I-divergence: 1474.0300487. MSE: 0.760265237292.
Iteration 331. I-divergence: 1473.8246806. MSE: 0.760157262802.
Iteration 332. I-divergence: 1473.61934697. MSE: 0.760049305305.
Iteration 333. I-divergence: 1473.41404797. MSE: 0.759941364878.
Iteration 334. I-divergence: 1473.20878375. MSE: 0.759833441601.
Iteration 335. I-divergence: 1473.00355444. MSE: 0.75972553555.
Iteration 336. I-divergence: 1472.79836022. MSE: 0.759617646804.
Iteration 337. I-divergence: 1472.59320121. MSE: 0.759509775439.
Iteration 338. I-divergence: 1472.38807757. MSE: 0.759401921533.
Iteration 339. I-divergence: 1472.18298944. MSE: 0.759294085161.
Iteration 340. I-divergence: 1471.97793698. MSE: 0.759186266401.
Iteration 341. I-divergence: 1471.77292032. MSE: 0.759078465328.
Iteration 342. I-divergence: 1471.56793961. MSE: 0.758970682018.
Iteration 343. I-divergence: 1471.36299499. MSE: 0.758862916546.
Iteration 344. I-divergence: 1471.15808662. MSE: 0.758755168988.
Iteration 345. I-divergence: 1470.95321462. MSE: 0.758647439417.
Iteration 346. I-divergence: 1470.74837915. MSE: 0.758539727909.
Iteration 347. I-divergence: 1470.54358034. MSE: 0.758432034536.
Iteration 348. I-divergence: 1470.33881833. MSE: 0.758324359371.
Iteration 349. I-divergence: 1470.13409326. MSE: 0.758216702489.
Iteration 350. I-divergence: 1469.92940527. MSE: 0.758109063961.
Iteration 351. I-divergence: 1469.7247545. MSE: 0.758001443859.
Iteration 352. I-divergence: 1469.52014108. MSE: 0.757893842254.
Iteration 353. I-divergence: 1469.31556515. MSE: 0.757786259218.
Iteration 354. I-divergence: 1469.11102683. MSE: 0.75767869482.
Iteration 355. I-divergence: 1468.90652628. MSE: 0.757571149132.
Iteration 356. I-divergence: 1468.70206361. MSE: 0.757463622222.
Iteration 357. I-divergence: 1468.49763896. MSE: 0.757356114159.
Iteration 358. I-divergence: 1468.29325245. MSE: 0.757248625012.
Iteration 359. I-divergence: 1468.08890423. MSE: 0.757141154849.
Iteration 360. I-divergence: 1467.88459441. MSE: 0.757033703736.
Iteration 361. I-divergence: 1467.68032312. MSE: 0.756926271741.
Iteration 362. I-divergence: 1467.47609048. MSE: 0.75681885893.
Iteration 363. I-divergence: 1467.27189663. MSE: 0.756711465368.
Iteration 364. I-divergence: 1467.06774169. MSE: 0.75660409112.
Iteration 365. I-divergence: 1466.86362577. MSE: 0.756496736251.
Iteration 366. I-divergence: 1466.659549. MSE: 0.756389400826.
Iteration 367. I-divergence: 1466.45551149. MSE: 0.756282084906.
Iteration 368. I-divergence: 1466.25151338. MSE: 0.756174788555.
Iteration 369. I-divergence: 1466.04755476. MSE: 0.756067511835.
Iteration 370. I-divergence: 1465.84363577. MSE: 0.755960254808.
Iteration 371. I-divergence: 1465.63975651. MSE: 0.755853017534.
Iteration 372. I-divergence: 1465.43591711. MSE: 0.755745800073.
Iteration 373. I-divergence: 1465.23211766. MSE: 0.755638602487.
Iteration 374. I-divergence: 1465.02835829. MSE: 0.755531424832.
Iteration 375. I-divergence: 1464.8246391. MSE: 0.755424267169.
Iteration 376. I-divergence: 1464.62096021. MSE: 0.755317129554.
Iteration 377. I-divergence: 1464.41732171. MSE: 0.755210012046.
Iteration 378. I-divergence: 1464.21372373. MSE: 0.7551029147.
Iteration 379. I-divergence: 1464.01016636. MSE: 0.754995837574.
Iteration 380. I-divergence: 1463.8066497. MSE: 0.754888780721.
Iteration 381. I-divergence: 1463.60317386. MSE: 0.754781744198.
Iteration 382. I-divergence: 1463.39973895. MSE: 0.754674728057.
Iteration 383. I-divergence: 1463.19634506. MSE: 0.754567732354.
Iteration 384. I-divergence: 1462.99299229. MSE: 0.75446075714.
Iteration 385. I-divergence: 1462.78968074. MSE: 0.754353802468.
Iteration 386. I-divergence: 1462.58641051. MSE: 0.75424686839.
Iteration 387. I-divergence: 1462.38318168. MSE: 0.754139954956.
Iteration 388. I-divergence: 1462.17999437. MSE: 0.754033062218.
Iteration 389. I-divergence: 1461.97684865. MSE: 0.753926190226.
Iteration 390. I-divergence: 1461.77374463. MSE: 0.753819339027.
Iteration 391. I-divergence: 1461.57068239. MSE: 0.753712508672.
Iteration 392. I-divergence: 1461.36766202. MSE: 0.753605699208.
Iteration 393. I-divergence: 1461.16468361. MSE: 0.753498910682.
Iteration 394. I-divergence: 1460.96174725. MSE: 0.753392143142.
Iteration 395. I-divergence: 1460.75885303. MSE: 0.753285396634.
Iteration 396. I-divergence: 1460.55600102. MSE: 0.753178671203.
Iteration 397. I-divergence: 1460.35319132. MSE: 0.753071966894.
Iteration 398. I-divergence: 1460.150424. MSE: 0.752965283753.
Iteration 399. I-divergence: 1459.94769914. MSE: 0.752858621823.
Iteration 400. I-divergence: 1459.74501684. MSE: 0.752751981146.
Iteration 401. I-divergence: 1459.54237716. MSE: 0.752645361767.
Iteration 402. I-divergence: 1459.33978018. MSE: 0.752538763727.
Iteration 403. I-divergence: 1459.13722599. MSE: 0.752432187068.
Iteration 404. I-divergence: 1458.93471465. MSE: 0.752325631831.
Iteration 405. I-divergence: 1458.73224624. MSE: 0.752219098057.
Iteration 406. I-divergence: 1458.52982084. MSE: 0.752112585785.
Iteration 407. I-divergence: 1458.32743851. MSE: 0.752006095055.
Iteration 408. I-divergence: 1458.12509933. MSE: 0.751899625906.
Iteration 409. I-divergence: 1457.92280337. MSE: 0.751793178376.
Iteration 410. I-divergence: 1457.7205507. MSE: 0.751686752504.
Iteration 411. I-divergence: 1457.51834139. MSE: 0.751580348326.
Iteration 412. I-divergence: 1457.3161755. MSE: 0.751473965879.
Iteration 413. I-divergence: 1457.1140531. MSE: 0.7513676052.
Iteration 414. I-divergence: 1456.91197426. MSE: 0.751261266324.
Iteration 415. I-divergence: 1456.70993904. MSE: 0.751154949287.
Iteration 416. I-divergence: 1456.5079475. MSE: 0.751048654124.
Iteration 417. I-divergence: 1456.3059997. MSE: 0.750942380869.
Iteration 418. I-divergence: 1456.10409571. MSE: 0.750836129556.
Iteration 419. I-divergence: 1455.90223559. MSE: 0.750729900218.
Iteration 420. I-divergence: 1455.7004194. MSE: 0.750623692889.
Iteration 421. I-divergence: 1455.49864719. MSE: 0.750517507601.
Iteration 422. I-divergence: 1455.29691903. MSE: 0.750411344386.
Iteration 423. I-divergence: 1455.09523497. MSE: 0.750305203275.
Iteration 424. I-divergence: 1454.89359506. MSE: 0.7501990843.
Iteration 425. I-divergence: 1454.69199937. MSE: 0.750092987493.
Iteration 426. I-divergence: 1454.49044794. MSE: 0.749986912882.
Iteration 427. I-divergence: 1454.28894083. MSE: 0.749880860499.
Iteration 428. I-divergence: 1454.0874781. MSE: 0.749774830372.
Iteration 429. I-divergence: 1453.88605979. MSE: 0.749668822532.
Iteration 430. I-divergence: 1453.68468595. MSE: 0.749562837007.
Iteration 431. I-divergence: 1453.48335664. MSE: 0.749456873825.
Iteration 432. I-divergence: 1453.28207191. MSE: 0.749350933016.
Iteration 433. I-divergence: 1453.08083181. MSE: 0.749245014605.
Iteration 434. I-divergence: 1452.87963638. MSE: 0.749139118622.
Iteration 435. I-divergence: 1452.67848567. MSE: 0.749033245093.
Iteration 436. I-divergence: 1452.47737973. MSE: 0.748927394045.
Iteration 437. I-divergence: 1452.2763186. MSE: 0.748821565505.
Iteration 438. I-divergence: 1452.07530234. MSE: 0.748715759499.
Iteration 439. I-divergence: 1451.87433098. MSE: 0.748609976052.
Iteration 440. I-divergence: 1451.67340458. MSE: 0.748504215191.
Iteration 441. I-divergence: 1451.47252317. MSE: 0.748398476941.
Iteration 442. I-divergence: 1451.2716868. MSE: 0.748292761326.
Iteration 443. I-divergence: 1451.07089552. MSE: 0.748187068373.
Iteration 444. I-divergence: 1450.87014936. MSE: 0.748081398106.
Iteration 445. I-divergence: 1450.66944836. MSE: 0.747975750548.
Iteration 446. I-divergence: 1450.46879258. MSE: 0.747870125725.
Iteration 447. I-divergence: 1450.26818205. MSE: 0.74776452366.
Iteration 448. I-divergence: 1450.0676168. MSE: 0.747658944377.
Iteration 449. I-divergence: 1449.86709689. MSE: 0.7475533879.
Iteration 450. I-divergence: 1449.66662236. MSE: 0.747447854252.
Iteration 451. I-divergence: 1449.46619323. MSE: 0.747342343457.
Iteration 452. I-divergence: 1449.26580955. MSE: 0.747236855538.
Iteration 453. I-divergence: 1449.06547137. MSE: 0.747131390517.
Iteration 454. I-divergence: 1448.86517871. MSE: 0.747025948418.
Iteration 455. I-divergence: 1448.66493162. MSE: 0.746920529263.
Iteration 456. I-divergence: 1448.46473014. MSE: 0.746815133076.
Iteration 457. I-divergence: 1448.2645743. MSE: 0.746709759878.
Iteration 458. I-divergence: 1448.06446414. MSE: 0.746604409692.
Iteration 459. I-divergence: 1447.8643997. MSE: 0.74649908254.
Iteration 460. I-divergence: 1447.66438102. MSE: 0.746393778446.
Iteration 461. I-divergence: 1447.46440813. MSE: 0.746288497431.
Iteration 462. I-divergence: 1447.26448108. MSE: 0.746183239517.
Iteration 463. I-divergence: 1447.06459989. MSE: 0.746078004727.
Iteration 464. I-divergence: 1446.86476461. MSE: 0.745972793083.
Iteration 465. I-divergence: 1446.66497527. MSE: 0.745867604607.
Iteration 466. I-divergence: 1446.46523191. MSE: 0.745762439322.
Iteration 467. I-divergence: 1446.26553457. MSE: 0.745657297249.
Iteration 468. I-divergence: 1446.06588329. MSE: 0.745552178411.
Iteration 469. I-divergence: 1445.86627809. MSE: 0.74544708283.
Iteration 470. I-divergence: 1445.66671903. MSE: 0.74534201053.
Iteration 471. I-divergence: 1445.46720613. MSE: 0.745236961531.
Iteration 472. I-divergence: 1445.26773943. MSE: 0.745131935857.
Iteration 473. I-divergence: 1445.06831897. MSE: 0.745026933531.
Iteration 474. I-divergence: 1444.8689448. MSE: 0.744921954574.
Iteration 475. I-divergence: 1444.66961693. MSE: 0.744816999011.
Iteration 476. I-divergence: 1444.47033543. MSE: 0.744712066863.
Iteration 477. I-divergence: 1444.27110032. MSE: 0.744607158155.
Iteration 478. I-divergence: 1444.07191163. MSE: 0.74450227291.
Iteration 479. I-divergence: 1443.87276942. MSE: 0.74439741115.
Iteration 480. I-divergence: 1443.67367372. MSE: 0.7442925729.
Iteration 481. I-divergence: 1443.47462457. MSE: 0.744187758183.
Iteration 482. I-divergence: 1443.27562201. MSE: 0.744082967024.
Iteration 483. I-divergence: 1443.07666607. MSE: 0.743978199447.
Iteration 484. I-divergence: 1442.87775681. MSE: 0.743873455476.
Iteration 485. I-divergence: 1442.67889425. MSE: 0.743768735136.
Iteration 486. I-divergence: 1442.48007846. MSE: 0.743664038453.
Iteration 487. I-divergence: 1442.28130945. MSE: 0.74355936545.
Iteration 488. I-divergence: 1442.08258728. MSE: 0.743454716155.
Iteration 489. I-divergence: 1441.88391199. MSE: 0.743350090592.
Iteration 490. I-divergence: 1441.68528363. MSE: 0.743245488789.
Iteration 491. I-divergence: 1441.48670224. MSE: 0.743140910771.
Iteration 492. I-divergence: 1441.28816785. MSE: 0.743036356565.
Iteration 493. I-divergence: 1441.08968053. MSE: 0.742931826199.
Iteration 494. I-divergence: 1440.89124031. MSE: 0.7428273197.
Iteration 495. I-divergence: 1440.69284724. MSE: 0.742722837096.
Iteration 496. I-divergence: 1440.49450137. MSE: 0.742618378415.
Iteration 497. I-divergence: 1440.29620275. MSE: 0.742513943686.
Iteration 498. I-divergence: 1440.09795142. MSE: 0.742409532937.
Iteration 499. I-divergence: 1439.89974744. MSE: 0.7423051462.
Iteration 500. I-divergence: 1439.70159085. MSE: 0.742200783503.
Iteration 501. I-divergence: 1439.50348171. MSE: 0.742096444877.
Iteration 502. I-divergence: 1439.30542007. MSE: 0.741992130352.
Iteration 503. I-divergence: 1439.10740598. MSE: 0.741887839961.
Iteration 504. I-divergence: 1438.9094395. MSE: 0.741783573734.
Iteration 505. I-divergence: 1438.71152068. MSE: 0.741679331705.
Iteration 506. I-divergence: 1438.51364958. MSE: 0.741575113906.
Iteration 507. I-divergence: 1438.31582624. MSE: 0.74147092037.
Iteration 508. I-divergence: 1438.11805074. MSE: 0.741366751132.
Iteration 509. I-divergence: 1437.92032313. MSE: 0.741262606225.
Iteration 510. I-divergence: 1437.72264347. MSE: 0.741158485686.
Iteration 511. I-divergence: 1437.52501182. MSE: 0.741054389548.
Iteration 512. I-divergence: 1437.32742824. MSE: 0.74095031785.
Iteration 513. I-divergence: 1437.1298928. MSE: 0.740846270626.
Iteration 514. I-divergence: 1436.93240556. MSE: 0.740742247916.
Iteration 515. I-divergence: 1436.73496658. MSE: 0.740638249756.
Iteration 516. I-divergence: 1436.53757594. MSE: 0.740534276186.
Iteration 517. I-divergence: 1436.34023369. MSE: 0.740430327244.
Iteration 518. I-divergence: 1436.14293991. MSE: 0.740326402972.
Iteration 519. I-divergence: 1435.94569467. MSE: 0.740222503408.
Iteration 520. I-divergence: 1435.74849804. MSE: 0.740118628596.
Iteration 521. I-divergence: 1435.55135009. MSE: 0.740014778576.
Iteration 522. I-divergence: 1435.3542509. MSE: 0.739910953391.
Iteration 523. I-divergence: 1435.15720055. MSE: 0.739807153086.
Iteration 524. I-divergence: 1434.9601991. MSE: 0.739703377704.
Iteration 525. I-divergence: 1434.76324664. MSE: 0.73959962729.
Iteration 526. I-divergence: 1434.56634325. MSE: 0.739495901891.
Iteration 527. I-divergence: 1434.369489. MSE: 0.739392201551.
Iteration 528. I-divergence: 1434.17268399. MSE: 0.73928852632.
Iteration 529. I-divergence: 1433.9759283. MSE: 0.739184876244.
Iteration 530. I-divergence: 1433.779222. MSE: 0.739081251373.
Iteration 531. I-divergence: 1433.5825652. MSE: 0.738977651757.
Iteration 532. I-divergence: 1433.38595797. MSE: 0.738874077446.
Iteration 533. I-divergence: 1433.18940041. MSE: 0.738770528491.
Iteration 534. I-divergence: 1432.99289261. MSE: 0.738667004945.
Iteration 535. I-divergence: 1432.79643466. MSE: 0.738563506861.
Iteration 536. I-divergence: 1432.60002666. MSE: 0.738460034293.
Iteration 537. I-divergence: 1432.40366871. MSE: 0.738356587296.
Iteration 538. I-divergence: 1432.2073609. MSE: 0.738253165925.
Iteration 539. I-divergence: 1432.01110334. MSE: 0.738149770238.
Iteration 540. I-divergence: 1431.81489612. MSE: 0.738046400292.
Iteration 541. I-divergence: 1431.61873936. MSE: 0.737943056146.
Iteration 542. I-divergence: 1431.42263315. MSE: 0.737839737859.
Iteration 543. I-divergence: 1431.2265776. MSE: 0.737736445491.
Iteration 544. I-divergence: 1431.03057283. MSE: 0.737633179105.
Iteration 545. I-divergence: 1430.83461895. MSE: 0.737529938763.
Iteration 546. I-divergence: 1430.63871606. MSE: 0.737426724529.
Iteration 547. I-divergence: 1430.44286429. MSE: 0.737323536465.
Iteration 548. I-divergence: 1430.24706374. MSE: 0.73722037464.
Iteration 549. I-divergence: 1430.05131455. MSE: 0.737117239118.
Iteration 550. I-divergence: 1429.85561682. MSE: 0.737014129967.
Iteration 551. I-divergence: 1429.65997069. MSE: 0.736911047257.
Iteration 552. I-divergence: 1429.46437627. MSE: 0.736807991056.
Iteration 553. I-divergence: 1429.2688337. MSE: 0.736704961435.
Iteration 554. I-divergence: 1429.0733431. MSE: 0.736601958467.
Iteration 555. I-divergence: 1428.87790461. MSE: 0.736498982224.
Iteration 556. I-divergence: 1428.68251835. MSE: 0.736396032781.
Iteration 557. I-divergence: 1428.48718447. MSE: 0.736293110211.
Iteration 558. I-divergence: 1428.29190309. MSE: 0.736190214593.
Iteration 559. I-divergence: 1428.09667437. MSE: 0.736087346002.
Iteration 560. I-divergence: 1427.90149843. MSE: 0.735984504519.
Iteration 561. I-divergence: 1427.70637543. MSE: 0.735881690221.
Iteration 562. I-divergence: 1427.51130551. MSE: 0.735778903191.
Iteration 563. I-divergence: 1427.31628882. MSE: 0.73567614351.
Iteration 564. I-divergence: 1427.12132551. MSE: 0.735573411261.
Iteration 565. I-divergence: 1426.92641573. MSE: 0.735470706529.
Iteration 566. I-divergence: 1426.73155963. MSE: 0.7353680294.
Iteration 567. I-divergence: 1426.53675739. MSE: 0.73526537996.
Iteration 568. I-divergence: 1426.34200914. MSE: 0.735162758297.
Iteration 569. I-divergence: 1426.14731506. MSE: 0.735060164501.
Iteration 570. I-divergence: 1425.95267531. MSE: 0.734957598662.
Iteration 571. I-divergence: 1425.75809006. MSE: 0.734855060871.
Iteration 572. I-divergence: 1425.56355947. MSE: 0.734752551223.
Iteration 573. I-divergence: 1425.36908372. MSE: 0.73465006981.
Iteration 574. I-divergence: 1425.17466298. MSE: 0.734547616729.
Iteration 575. I-divergence: 1424.98029743. MSE: 0.734445192077.
Iteration 576. I-divergence: 1424.78598724. MSE: 0.73434279595.
Iteration 577. I-divergence: 1424.5917326. MSE: 0.73424042845.
Iteration 578. I-divergence: 1424.3975337. MSE: 0.734138089676.
Iteration 579. I-divergence: 1424.2033907. MSE: 0.734035779731.
Iteration 580. I-divergence: 1424.00930382. MSE: 0.733933498718.
Iteration 581. I-divergence: 1423.81527323. MSE: 0.733831246742.
Iteration 582. I-divergence: 1423.62129913. MSE: 0.733729023907.
Iteration 583. I-divergence: 1423.42738172. MSE: 0.733626830323.
Iteration 584. I-divergence: 1423.23352119. MSE: 0.733524666098.
Iteration 585. I-divergence: 1423.03971775. MSE: 0.733422531341.
Iteration 586. I-divergence: 1422.8459716. MSE: 0.733320426163.
Iteration 587. I-divergence: 1422.65228295. MSE: 0.733218350679.
Iteration 588. I-divergence: 1422.45865201. MSE: 0.733116305002.
Iteration 589. I-divergence: 1422.26507898. MSE: 0.733014289247.
Iteration 590. I-divergence: 1422.07156409. MSE: 0.732912303531.
Iteration 591. I-divergence: 1421.87810755. MSE: 0.732810347973.
Iteration 592. I-divergence: 1421.68470958. MSE: 0.732708422692.
Iteration 593. I-divergence: 1421.4913704. MSE: 0.73260652781.
Iteration 594. I-divergence: 1421.29809024. MSE: 0.732504663449.
Iteration 595. I-divergence: 1421.10486933. MSE: 0.732402829733.
Iteration 596. I-divergence: 1420.91170789. MSE: 0.732301026787.
Iteration 597. I-divergence: 1420.71860616. MSE: 0.732199254739.
Iteration 598. I-divergence: 1420.52556438. MSE: 0.732097513716.
Iteration 599. I-divergence: 1420.33258279. MSE: 0.731995803848.
Iteration 600. I-divergence: 1420.13966162. MSE: 0.731894125266.
Iteration 601. I-divergence: 1419.94680112. MSE: 0.731792478103.
Iteration 602. I-divergence: 1419.75400155. MSE: 0.731690862494.
Iteration 603. I-divergence: 1419.56126314. MSE: 0.731589278572.
Iteration 604. I-divergence: 1419.36858615. MSE: 0.731487726477.
Iteration 605. I-divergence: 1419.17597084. MSE: 0.731386206345.
Iteration 606. I-divergence: 1418.98341747. MSE: 0.731284718316.
Iteration 607. I-divergence: 1418.79092629. MSE: 0.731183262533.
Iteration 608. I-divergence: 1418.59849757. MSE: 0.731081839139.
Iteration 609. I-divergence: 1418.40613158. MSE: 0.730980448276.
Iteration 610. I-divergence: 1418.21382859. MSE: 0.730879090092.
Iteration 611. I-divergence: 1418.02158887. MSE: 0.730777764734.
Iteration 612. I-divergence: 1417.8294127. MSE: 0.73067647235.
Iteration 613. I-divergence: 1417.63730035. MSE: 0.730575213091.
Iteration 614. I-divergence: 1417.4452521. MSE: 0.730473987109.
Iteration 615. I-divergence: 1417.25326825. MSE: 0.730372794557.
Iteration 616. I-divergence: 1417.06134907. MSE: 0.73027163559.
Iteration 617. I-divergence: 1416.86949485. MSE: 0.730170510364.
Iteration 618. I-divergence: 1416.6777059. MSE: 0.730069419037.
Iteration 619. I-divergence: 1416.4859825. MSE: 0.729968361769.
Iteration 620. I-divergence: 1416.29432496. MSE: 0.72986733872.
Iteration 621. I-divergence: 1416.10273357. MSE: 0.729766350054.
Iteration 622. I-divergence: 1415.91120863. MSE: 0.729665395933.
Iteration 623. I-divergence: 1415.71975047. MSE: 0.729564476524.
Iteration 624. I-divergence: 1415.52835938. MSE: 0.729463591993.
Iteration 625. I-divergence: 1415.33703569. MSE: 0.729362742509.
Iteration 626. I-divergence: 1415.14577969. MSE: 0.729261928242.
Iteration 627. I-divergence: 1414.95459173. MSE: 0.729161149363.
Iteration 628. I-divergence: 1414.76347211. MSE: 0.729060406046.
Iteration 629. I-divergence: 1414.57242116. MSE: 0.728959698465.
Iteration 630. I-divergence: 1414.38143921. MSE: 0.728859026796.
Iteration 631. I-divergence: 1414.1905266. MSE: 0.728758391218.
Iteration 632. I-divergence: 1413.99968364. MSE: 0.728657791908.
Iteration 633. I-divergence: 1413.80891069. MSE: 0.728557229049.
Iteration 634. I-divergence: 1413.61820807. MSE: 0.728456702821.
Iteration 635. I-divergence: 1413.42757614. MSE: 0.72835621341.
Iteration 636. I-divergence: 1413.23701524. MSE: 0.728255760999.
Iteration 637. I-divergence: 1413.04652571. MSE: 0.728155345777.
Iteration 638. I-divergence: 1412.8561079. MSE: 0.728054967931.
Iteration 639. I-divergence: 1412.66576218. MSE: 0.727954627651.
Iteration 640. I-divergence: 1412.4754889. MSE: 0.727854325128.
Iteration 641. I-divergence: 1412.28528841. MSE: 0.727754060556.
Iteration 642. I-divergence: 1412.09516108. MSE: 0.727653834129.
Iteration 643. I-divergence: 1411.90510728. MSE: 0.727553646042.
Iteration 644. I-divergence: 1411.71512738. MSE: 0.727453496494.
Iteration 645. I-divergence: 1411.52522174. MSE: 0.727353385682.
Iteration 646. I-divergence: 1411.33539074. MSE: 0.727253313808.
Iteration 647. I-divergence: 1411.14563475. MSE: 0.727153281073.
Iteration 648. I-divergence: 1410.95595417. MSE: 0.727053287681.
Iteration 649. I-divergence: 1410.76634936. MSE: 0.726953333837.
Iteration 650. I-divergence: 1410.57682072. MSE: 0.726853419746.
Iteration 651. I-divergence: 1410.38736864. MSE: 0.726753545618.
Iteration 652. I-divergence: 1410.1979935. MSE: 0.72665371166.
Iteration 653. I-divergence: 1410.00869571. MSE: 0.726553918085.
Iteration 654. I-divergence: 1409.81947565. MSE: 0.726454165105.
Iteration 655. I-divergence: 1409.63033373. MSE: 0.726354452932.
Iteration 656. I-divergence: 1409.44127035. MSE: 0.726254781783.
Iteration 657. I-divergence: 1409.25228592. MSE: 0.726155151875.
Iteration 658. I-divergence: 1409.06338084. MSE: 0.726055563424.
Iteration 659. I-divergence: 1408.87455553. MSE: 0.725956016652.
Iteration 660. I-divergence: 1408.6858104. MSE: 0.725856511779.
Iteration 661. I-divergence: 1408.49714586. MSE: 0.725757049027.
Iteration 662. I-divergence: 1408.30856235. MSE: 0.72565762862.
Iteration 663. I-divergence: 1408.12006027. MSE: 0.725558250784.
Iteration 664. I-divergence: 1407.93164005. MSE: 0.725458915746.
Iteration 665. I-divergence: 1407.74330213. MSE: 0.725359623734.
Iteration 666. I-divergence: 1407.55504693. MSE: 0.725260374977.
Iteration 667. I-divergence: 1407.36687488. MSE: 0.725161169706.
Iteration 668. I-divergence: 1407.17878643. MSE: 0.725062008154.
Iteration 669. I-divergence: 1406.990782. MSE: 0.724962890554.
Iteration 670. I-divergence: 1406.80286205. MSE: 0.724863817142.
Iteration 671. I-divergence: 1406.61502701. MSE: 0.724764788154.
Iteration 672. I-divergence: 1406.42727733. MSE: 0.724665803828.
Iteration 673. I-divergence: 1406.23961346. MSE: 0.724566864404.
Iteration 674. I-divergence: 1406.05203585. MSE: 0.72446797012.
Iteration 675. I-divergence: 1405.86454496. MSE: 0.724369121221.
Iteration 676. I-divergence: 1405.67714124. MSE: 0.724270317949.
Iteration 677. I-divergence: 1405.48982516. MSE: 0.724171560548.
Iteration 678. I-divergence: 1405.30259716. MSE: 0.724072849264.
Iteration 679. I-divergence: 1405.11545773. MSE: 0.723974184345.
Iteration 680. I-divergence: 1404.92840732. MSE: 0.723875566039.
Iteration 681. I-divergence: 1404.7414464. MSE: 0.723776994595.
Iteration 682. I-divergence: 1404.55457545. MSE: 0.723678470266.
Iteration 683. I-divergence: 1404.36779495. MSE: 0.723579993302.
Iteration 684. I-divergence: 1404.18110535. MSE: 0.723481563958.
Iteration 685. I-divergence: 1403.99450716. MSE: 0.723383182488.
Iteration 686. I-divergence: 1403.80800084. MSE: 0.723284849148.
Iteration 687. I-divergence: 1403.62158688. MSE: 0.723186564196.
Iteration 688. I-divergence: 1403.43526577. MSE: 0.723088327889.
Iteration 689. I-divergence: 1403.249038. MSE: 0.722990140489.
Iteration 690. I-divergence: 1403.06290405. MSE: 0.722892002254.
Iteration 691. I-divergence: 1402.87686443. MSE: 0.722793913448.
Iteration 692. I-divergence: 1402.69091961. MSE: 0.722695874334.
Iteration 693. I-divergence: 1402.50507011. MSE: 0.722597885175.
Iteration 694. I-divergence: 1402.31931643. MSE: 0.722499946237.
Iteration 695. I-divergence: 1402.13365905. MSE: 0.722402057787.
Iteration 696. I-divergence: 1401.9480985. MSE: 0.722304220093.
Iteration 697. I-divergence: 1401.76263527. MSE: 0.722206433423.
Iteration 698. I-divergence: 1401.57726987. MSE: 0.722108698046.
Iteration 699. I-divergence: 1401.39200281. MSE: 0.722011014235.
Iteration 700. I-divergence: 1401.20683461. MSE: 0.721913382261.
Iteration 701. I-divergence: 1401.02176578. MSE: 0.721815802397.
Iteration 702. I-divergence: 1400.83679684. MSE: 0.721718274917.
Iteration 703. I-divergence: 1400.6519283. MSE: 0.721620800096.
Iteration 704. I-divergence: 1400.46716069. MSE: 0.721523378211.
Iteration 705. I-divergence: 1400.28249453. MSE: 0.721426009538.
Iteration 706. I-divergence: 1400.09793033. MSE: 0.721328694355.
Iteration 707. I-divergence: 1399.91346864. MSE: 0.721231432942.
Iteration 708. I-divergence: 1399.72910997. MSE: 0.721134225579.
Iteration 709. I-divergence: 1399.54485486. MSE: 0.721037072546.
Iteration 710. I-divergence: 1399.36070383. MSE: 0.720939974125.
Iteration 711. I-divergence: 1399.17665743. MSE: 0.720842930599.
Iteration 712. I-divergence: 1398.99271618. MSE: 0.720745942252.
Iteration 713. I-divergence: 1398.80888063. MSE: 0.720649009368.
Iteration 714. I-divergence: 1398.6251513. MSE: 0.720552132233.
Iteration 715. I-divergence: 1398.44152875. MSE: 0.720455311132.
Iteration 716. I-divergence: 1398.25801351. MSE: 0.720358546353.
Iteration 717. I-divergence: 1398.07460613. MSE: 0.720261838183.
Iteration 718. I-divergence: 1397.89130715. MSE: 0.720165186911.
Iteration 719. I-divergence: 1397.70811712. MSE: 0.720068592827.
Iteration 720. I-divergence: 1397.52503658. MSE: 0.71997205622.
Iteration 721. I-divergence: 1397.34206609. MSE: 0.719875577382.
Iteration 722. I-divergence: 1397.15920619. MSE: 0.719779156604.
Iteration 723. I-divergence: 1396.97645745. MSE: 0.719682794179.
Iteration 724. I-divergence: 1396.7938204. MSE: 0.719586490398.
Iteration 725. I-divergence: 1396.61129561. MSE: 0.719490245557.
Iteration 726. I-divergence: 1396.42888363. MSE: 0.71939405995.
Iteration 727. I-divergence: 1396.24658502. MSE: 0.71929793387.
Iteration 728. I-divergence: 1396.06440034. MSE: 0.719201867615.
Iteration 729. I-divergence: 1395.88233014. MSE: 0.719105861479.
Iteration 730. I-divergence: 1395.700375. MSE: 0.71900991576.
Iteration 731. I-divergence: 1395.51853546. MSE: 0.718914030756.
Iteration 732. I-divergence: 1395.3368121. MSE: 0.718818206763.
Iteration 733. I-divergence: 1395.15520548. MSE: 0.718722444081.
Iteration 734. I-divergence: 1394.97371616. MSE: 0.718626743008.
Iteration 735. I-divergence: 1394.79234471. MSE: 0.718531103844.
Iteration 736. I-divergence: 1394.6110917. MSE: 0.718435526888.
Iteration 737. I-divergence: 1394.42995769. MSE: 0.71834001244.
Iteration 738. I-divergence: 1394.24894325. MSE: 0.718244560802.
Iteration 739. I-divergence: 1394.06804896. MSE: 0.718149172275.
Iteration 740. I-divergence: 1393.88727538. MSE: 0.718053847159.
Iteration 741. I-divergence: 1393.70662308. MSE: 0.717958585758.
Iteration 742. I-divergence: 1393.52609264. MSE: 0.717863388372.
Iteration 743. I-divergence: 1393.34568463. MSE: 0.717768255306.
Iteration 744. I-divergence: 1393.16539962. MSE: 0.71767318686.
Iteration 745. I-divergence: 1392.98523818. MSE: 0.717578183339.
Iteration 746. I-divergence: 1392.8052009. MSE: 0.717483245047.
Iteration 747. I-divergence: 1392.62528834. MSE: 0.717388372286.
Iteration 748. I-divergence: 1392.44550108. MSE: 0.71729356536.
Iteration 749. I-divergence: 1392.26583969. MSE: 0.717198824574.
Iteration 750. I-divergence: 1392.08630476. MSE: 0.717104150233.
Iteration 751. I-divergence: 1391.90689686. MSE: 0.717009542639.
Iteration 752. I-divergence: 1391.72761656. MSE: 0.716915002099.
Iteration 753. I-divergence: 1391.54846445. MSE: 0.716820528916.
Iteration 754. I-divergence: 1391.36944109. MSE: 0.716726123395.
Iteration 755. I-divergence: 1391.19054707. MSE: 0.716631785842.
Iteration 756. I-divergence: 1391.01178297. MSE: 0.716537516561.
Iteration 757. I-divergence: 1390.83314936. MSE: 0.716443315858.
Iteration 758. I-divergence: 1390.65464682. MSE: 0.716349184036.
Iteration 759. I-divergence: 1390.47627594. MSE: 0.716255121402.
Iteration 760. I-divergence: 1390.29803727. MSE: 0.71616112826.
Iteration 761. I-divergence: 1390.11993142. MSE: 0.716067204914.
Iteration 762. I-divergence: 1389.94195894. MSE: 0.715973351671.
Iteration 763. I-divergence: 1389.76412043. MSE: 0.715879568834.
Iteration 764. I-divergence: 1389.58641645. MSE: 0.715785856709.
Iteration 765. I-divergence: 1389.40884759. MSE: 0.715692215599.
Iteration 766. I-divergence: 1389.23141442. MSE: 0.715598645809.
Iteration 767. I-divergence: 1389.05411752. MSE: 0.715505147643.
Iteration 768. I-divergence: 1388.87695746. MSE: 0.715411721405.
Iteration 769. I-divergence: 1388.69993483. MSE: 0.715318367399.
Iteration 770. I-divergence: 1388.52305019. MSE: 0.715225085928.
Iteration 771. I-divergence: 1388.34630412. MSE: 0.715131877295.
Iteration 772. I-divergence: 1388.16969721. MSE: 0.715038741803.
Iteration 773. I-divergence: 1387.99323001. MSE: 0.714945679755.
Iteration 774. I-divergence: 1387.8169031. MSE: 0.714852691453.
Iteration 775. I-divergence: 1387.64071706. MSE: 0.714759777199.
Iteration 776. I-divergence: 1387.46467247. MSE: 0.714666937295.
Iteration 777. I-divergence: 1387.28876988. MSE: 0.71457417204.
Iteration 778. I-divergence: 1387.11300987. MSE: 0.714481481736.
Iteration 779. I-divergence: 1386.93739301. MSE: 0.714388866684.
Iteration 780. I-divergence: 1386.76191988. MSE: 0.714296327183.
Iteration 781. I-divergence: 1386.58659103. MSE: 0.714203863531.
Iteration 782. I-divergence: 1386.41140703. MSE: 0.714111476028.
Iteration 783. I-divergence: 1386.23636846. MSE: 0.714019164972.
Iteration 784. I-divergence: 1386.06147587. MSE: 0.713926930661.
Iteration 785. I-divergence: 1385.88672983. MSE: 0.713834773391.
Iteration 786. I-divergence: 1385.7121309. MSE: 0.713742693459.
Iteration 787. I-divergence: 1385.53767965. MSE: 0.71365069116.
Iteration 788. I-divergence: 1385.36337664. MSE: 0.71355876679.
Iteration 789. I-divergence: 1385.18922242. MSE: 0.713466920643.
Iteration 790. I-divergence: 1385.01521755. MSE: 0.713375153012.
Iteration 791. I-divergence: 1384.84136259. MSE: 0.713283464192.
Iteration 792. I-divergence: 1384.6676581. MSE: 0.713191854473.
Iteration 793. I-divergence: 1384.49410462. MSE: 0.713100324147.
Iteration 794. I-divergence: 1384.32070272. MSE: 0.713008873506.
Iteration 795. I-divergence: 1384.14745293. MSE: 0.712917502839.
Iteration 796. I-divergence: 1383.97435582. MSE: 0.712826212434.
Iteration 797. I-divergence: 1383.80141193. MSE: 0.71273500258.
Iteration 798. I-divergence: 1383.6286218. MSE: 0.712643873565.
Iteration 799. I-divergence: 1383.45598598. MSE: 0.712552825675.
Iteration 800. I-divergence: 1383.28350501. MSE: 0.712461859194.
Iteration 801. I-divergence: 1383.11117944. MSE: 0.712370974408.
Iteration 802. I-divergence: 1382.9390098. MSE: 0.712280171601.
Iteration 803. I-divergence: 1382.76699663. MSE: 0.712189451054.
Iteration 804. I-divergence: 1382.59514046. MSE: 0.712098813049.
Iteration 805. I-divergence: 1382.42344184. MSE: 0.712008257867.
Iteration 806. I-divergence: 1382.25190128. MSE: 0.711917785787.
Iteration 807. I-divergence: 1382.08051933. MSE: 0.711827397087.
Iteration 808. I-divergence: 1381.9092965. MSE: 0.711737092045.
Iteration 809. I-divergence: 1381.73823333. MSE: 0.711646870937.
Iteration 810. I-divergence: 1381.56733033. MSE: 0.711556734037.
Iteration 811. I-divergence: 1381.39658803. MSE: 0.71146668162.
Iteration 812. I-divergence: 1381.22600695. MSE: 0.711376713959.
Iteration 813. I-divergence: 1381.0555876. MSE: 0.711286831323.
Iteration 814. I-divergence: 1380.8853305. MSE: 0.711197033985.
Iteration 815. I-divergence: 1380.71523616. MSE: 0.711107322212.
Iteration 816. I-divergence: 1380.54530508. MSE: 0.711017696272.
Iteration 817. I-divergence: 1380.37553779. MSE: 0.710928156432.
Iteration 818. I-divergence: 1380.20593477. MSE: 0.710838702957.
Iteration 819. I-divergence: 1380.03649654. MSE: 0.71074933611.
Iteration 820. I-divergence: 1379.8672236. MSE: 0.710660056153.
Iteration 821. I-divergence: 1379.69811643. MSE: 0.710570863349.
Iteration 822. I-divergence: 1379.52917554. MSE: 0.710481757955.
Iteration 823. I-divergence: 1379.36040142. MSE: 0.710392740232.
Iteration 824. I-divergence: 1379.19179455. MSE: 0.710303810434.
Iteration 825. I-divergence: 1379.02335543. MSE: 0.710214968818.
Iteration 826. I-divergence: 1378.85508453. MSE: 0.710126215637.
Iteration 827. I-divergence: 1378.68698234. MSE: 0.710037551143.
Iteration 828. I-divergence: 1378.51904934. MSE: 0.709948975588.
Iteration 829. I-divergence: 1378.351286. MSE: 0.70986048922.
Iteration 830. I-divergence: 1378.18369279. MSE: 0.709772092288.
Iteration 831. I-divergence: 1378.01627018. MSE: 0.709683785037.
Iteration 832. I-divergence: 1377.84901865. MSE: 0.709595567712.
Iteration 833. I-divergence: 1377.68193864. MSE: 0.709507440555.
Iteration 834. I-divergence: 1377.51503063. MSE: 0.709419403809.
Iteration 835. I-divergence: 1377.34829507. MSE: 0.709331457713.
Iteration 836. I-divergence: 1377.18173242. MSE: 0.709243602504.
Iteration 837. I-divergence: 1377.01534312. MSE: 0.709155838419.
Iteration 838. I-divergence: 1376.84912762. MSE: 0.709068165693.
Iteration 839. I-divergence: 1376.68308637. MSE: 0.708980584559.
Iteration 840. I-divergence: 1376.51721981. MSE: 0.708893095247.
Iteration 841. I-divergence: 1376.35152837. MSE: 0.708805697988.
Iteration 842. I-divergence: 1376.1860125. MSE: 0.708718393008.
Iteration 843. I-divergence: 1376.02067262. MSE: 0.708631180533.
Iteration 844. I-divergence: 1375.85550916. MSE: 0.708544060788.
Iteration 845. I-divergence: 1375.69052255. MSE: 0.708457033995.
Iteration 846. I-divergence: 1375.5257132. MSE: 0.708370100374.
Iteration 847. I-divergence: 1375.36108154. MSE: 0.708283260144.
Iteration 848. I-divergence: 1375.19662797. MSE: 0.708196513521.
Iteration 849. I-divergence: 1375.03235291. MSE: 0.70810986072.
Iteration 850. I-divergence: 1374.86825677. MSE: 0.708023301953.
Iteration 851. I-divergence: 1374.70433995. MSE: 0.707936837433.
Iteration 852. I-divergence: 1374.54060284. MSE: 0.707850467368.
Iteration 853. I-divergence: 1374.37704585. MSE: 0.707764191964.
Iteration 854. I-divergence: 1374.21366936. MSE: 0.707678011428.
Iteration 855. I-divergence: 1374.05047377. MSE: 0.707591925961.
Iteration 856. I-divergence: 1373.88745946. MSE: 0.707505935766.
Iteration 857. I-divergence: 1373.72462681. MSE: 0.707420041042.
Iteration 858. I-divergence: 1373.56197619. MSE: 0.707334241985.
Iteration 859. I-divergence: 1373.39950799. MSE: 0.70724853879.
Iteration 860. I-divergence: 1373.23722257. MSE: 0.707162931652.
Iteration 861. I-divergence: 1373.0751203. MSE: 0.70707742076.
Iteration 862. I-divergence: 1372.91320153. MSE: 0.706992006303.
Iteration 863. I-divergence: 1372.75146663. MSE: 0.706906688469.
Iteration 864. I-divergence: 1372.58991595. MSE: 0.706821467442.
Iteration 865. I-divergence: 1372.42854984. MSE: 0.706736343405.
Iteration 866. I-divergence: 1372.26736864. MSE: 0.706651316538.
Iteration 867. I-divergence: 1372.10637271. MSE: 0.70656638702.
Iteration 868. I-divergence: 1371.94556237. MSE: 0.706481555026.
Iteration 869. I-divergence: 1371.78493795. MSE: 0.706396820731.
Iteration 870. I-divergence: 1371.6244998. MSE: 0.706312184308.
Iteration 871. I-divergence: 1371.46424823. MSE: 0.706227645924.
Iteration 872. I-divergence: 1371.30418357. MSE: 0.706143205749.
Iteration 873. I-divergence: 1371.14430613. MSE: 0.706058863947.
Iteration 874. I-divergence: 1370.98461623. MSE: 0.705974620682.
Iteration 875. I-divergence: 1370.82511417. MSE: 0.705890476114.
Iteration 876. I-divergence: 1370.66580026. MSE: 0.705806430402.
Iteration 877. I-divergence: 1370.50667481. MSE: 0.705722483702.
Iteration 878. I-divergence: 1370.3477381. MSE: 0.705638636169.
Iteration 879. I-divergence: 1370.18899043. MSE: 0.705554887955.
Iteration 880. I-divergence: 1370.03043208. MSE: 0.705471239209.
Iteration 881. I-divergence: 1369.87206335. MSE: 0.705387690079.
Iteration 882. I-divergence: 1369.7138845. MSE: 0.70530424071.
Iteration 883. I-divergence: 1369.55589582. MSE: 0.705220891244.
Iteration 884. I-divergence: 1369.39809757. MSE: 0.705137641822.
Iteration 885. I-divergence: 1369.24049003. MSE: 0.705054492583.
Iteration 886. I-divergence: 1369.08307344. MSE: 0.704971443662.
Iteration 887. I-divergence: 1368.92584808. MSE: 0.704888495193.
Iteration 888. I-divergence: 1368.76881418. MSE: 0.704805647307.
Iteration 889. I-divergence: 1368.61197201. MSE: 0.704722900133.
Iteration 890. I-divergence: 1368.4553218. MSE: 0.704640253798.
Iteration 891. I-divergence: 1368.2988638. MSE: 0.704557708426.
Iteration 892. I-divergence: 1368.14259824. MSE: 0.704475264139.
Iteration 893. I-divergence: 1367.98652535. MSE: 0.704392921056.
Iteration 894. I-divergence: 1367.83064535. MSE: 0.704310679294.
Iteration 895. I-divergence: 1367.67495848. MSE: 0.704228538969.
Iteration 896. I-divergence: 1367.51946494. MSE: 0.704146500193.
Iteration 897. I-divergence: 1367.36416495. MSE: 0.704064563076.
Iteration 898. I-divergence: 1367.20905871. MSE: 0.703982727726.
Iteration 899. I-divergence: 1367.05414644. MSE: 0.703900994248.
Iteration 900. I-divergence: 1366.89942833. MSE: 0.703819362745.
Iteration 901. I-divergence: 1366.74490458. MSE: 0.703737833317.
Iteration 902. I-divergence: 1366.59057537. MSE: 0.703656406063.
Iteration 903. I-divergence: 1366.43644089. MSE: 0.703575081079.
Iteration 904. I-divergence: 1366.28250133. MSE: 0.703493858457.
Iteration 905. I-divergence: 1366.12875685. MSE: 0.703412738289.
Iteration 906. I-divergence: 1365.97520764. MSE: 0.703331720664.
Iteration 907. I-divergence: 1365.82185386. MSE: 0.703250805668.
Iteration 908. I-divergence: 1365.66869567. MSE: 0.703169993384.
Iteration 909. I-divergence: 1365.51573323. MSE: 0.703089283894.
Iteration 910. I-divergence: 1365.3629667. MSE: 0.703008677276.
Iteration 911. I-divergence: 1365.21039622. MSE: 0.702928173609.
Iteration 912. I-divergence: 1365.05802194. MSE: 0.702847772964.
Iteration 913. I-divergence: 1364.90584401. MSE: 0.702767475415.
Iteration 914. I-divergence: 1364.75386255. MSE: 0.702687281031.
Iteration 915. I-divergence: 1364.60207769. MSE: 0.702607189879.
Iteration 916. I-divergence: 1364.45048957. MSE: 0.702527202022.
Iteration 917. I-divergence: 1364.2990983. MSE: 0.702447317524.
Iteration 918. I-divergence: 1364.14790401. MSE: 0.702367536444.
Iteration 919. I-divergence: 1363.99690681. MSE: 0.70228785884.
Iteration 920. I-divergence: 1363.8461068. MSE: 0.702208284766.
Iteration 921. I-divergence: 1363.69550408. MSE: 0.702128814275.
Iteration 922. I-divergence: 1363.54509877. MSE: 0.702049447417.
Iteration 923. I-divergence: 1363.39489095. MSE: 0.70197018424.
Iteration 924. I-divergence: 1363.24488071. MSE: 0.70189102479.
Iteration 925. I-divergence: 1363.09506815. MSE: 0.701811969108.
Iteration 926. I-divergence: 1362.94545333. MSE: 0.701733017237.
Iteration 927. I-divergence: 1362.79603634. MSE: 0.701654169213.
Iteration 928. I-divergence: 1362.64681725. MSE: 0.701575425074.
Iteration 929. I-divergence: 1362.49779612. MSE: 0.701496784852.
Iteration 930. I-divergence: 1362.34897303. MSE: 0.701418248578.
Iteration 931. I-divergence: 1362.20034802. MSE: 0.701339816282.
Iteration 932. I-divergence: 1362.05192116. MSE: 0.701261487989.
Iteration 933. I-divergence: 1361.90369249. MSE: 0.701183263724.
Iteration 934. I-divergence: 1361.75566207. MSE: 0.701105143509.
Iteration 935. I-divergence: 1361.60782992. MSE: 0.701027127361.
Iteration 936. I-divergence: 1361.46019608. MSE: 0.7009492153.
Iteration 937. I-divergence: 1361.3127606. MSE: 0.700871407339.
Iteration 938. I-divergence: 1361.16552349. MSE: 0.700793703491.
Iteration 939. I-divergence: 1361.01848477. MSE: 0.700716103765.
Iteration 940. I-divergence: 1360.87164448. MSE: 0.700638608169.
Iteration 941. I-divergence: 1360.72500262. MSE: 0.70056121671.
Iteration 942. I-divergence: 1360.5785592. MSE: 0.700483929389.
Iteration 943. I-divergence: 1360.43231423. MSE: 0.700406746207.
Iteration 944. I-divergence: 1360.28626771. MSE: 0.700329667164.
Iteration 945. I-divergence: 1360.14041963. MSE: 0.700252692255.
Iteration 946. I-divergence: 1359.99476999. MSE: 0.700175821474.
Iteration 947. I-divergence: 1359.84931878. MSE: 0.700099054813.
Iteration 948. I-divergence: 1359.70406598. MSE: 0.700022392262.
Iteration 949. I-divergence: 1359.55901158. MSE: 0.699945833807.
Iteration 950. I-divergence: 1359.41415553. MSE: 0.699869379433.
Iteration 951. I-divergence: 1359.26949783. MSE: 0.699793029124.
Iteration 952. I-divergence: 1359.12503843. MSE: 0.699716782859.
Iteration 953. I-divergence: 1358.98077731. MSE: 0.699640640616.
Iteration 954. I-divergence: 1358.8367144. MSE: 0.699564602373.
Iteration 955. I-divergence: 1358.69284968. MSE: 0.699488668103.
Iteration 956. I-divergence: 1358.54918309. MSE: 0.699412837776.
Iteration 957. I-divergence: 1358.40571458. MSE: 0.699337111364.
Iteration 958. I-divergence: 1358.26244409. MSE: 0.699261488833.
Iteration 959. I-divergence: 1358.11937156. MSE: 0.699185970149.
Iteration 960. I-divergence: 1357.97649692. MSE: 0.699110555273.
Iteration 961. I-divergence: 1357.8338201. MSE: 0.699035244169.
Iteration 962. I-divergence: 1357.69134103. MSE: 0.698960036793.
Iteration 963. I-divergence: 1357.54905963. MSE: 0.698884933102.
Iteration 964. I-divergence: 1357.40697581. MSE: 0.698809933053.
Iteration 965. I-divergence: 1357.2650895. MSE: 0.698735036595.
Iteration 966. I-divergence: 1357.1234006. MSE: 0.698660243681.
Iteration 967. I-divergence: 1356.98190902. MSE: 0.698585554258.
Iteration 968. I-divergence: 1356.84061465. MSE: 0.698510968273.
Iteration 969. I-divergence: 1356.6995174. MSE: 0.69843648567.
Iteration 970. I-divergence: 1356.55861716. MSE: 0.69836210639.
Iteration 971. I-divergence: 1356.41791383. MSE: 0.698287830375.
Iteration 972. I-divergence: 1356.27740728. MSE: 0.698213657561.
Iteration 973. I-divergence: 1356.13709741. MSE: 0.698139587886.
Iteration 974. I-divergence: 1355.99698408. MSE: 0.698065621284.
Iteration 975. I-divergence: 1355.85706718. MSE: 0.697991757686.
Iteration 976. I-divergence: 1355.71734658. MSE: 0.697917997022.
Iteration 977. I-divergence: 1355.57782214. MSE: 0.697844339222.
Iteration 978. I-divergence: 1355.43849373. MSE: 0.697770784211.
Iteration 979. I-divergence: 1355.29936121. MSE: 0.697697331914.
Iteration 980. I-divergence: 1355.16042443. MSE: 0.697623982253.
Iteration 981. I-divergence: 1355.02168325. MSE: 0.697550735149.
Iteration 982. I-divergence: 1354.88313753. MSE: 0.697477590521.
Iteration 983. I-divergence: 1354.74478709. MSE: 0.697404548285.
Iteration 984. I-divergence: 1354.60663179. MSE: 0.697331608356.
Iteration 985. I-divergence: 1354.46867147. MSE: 0.697258770647.
Iteration 986. I-divergence: 1354.33090596. MSE: 0.697186035071.
Iteration 987. I-divergence: 1354.1933351. MSE: 0.697113401535.
Iteration 988. I-divergence: 1354.0559587. MSE: 0.697040869949.
Iteration 989. I-divergence: 1353.91877661. MSE: 0.696968440218.
Iteration 990. I-divergence: 1353.78178863. MSE: 0.696896112245.
Iteration 991. I-divergence: 1353.64499459. MSE: 0.696823885934.
Iteration 992. I-divergence: 1353.5083943. MSE: 0.696751761185.
Iteration 993. I-divergence: 1353.37198758. MSE: 0.696679737897.
Iteration 994. I-divergence: 1353.23577423. MSE: 0.696607815967.
Iteration 995. I-divergence: 1353.09975405. MSE: 0.696535995291.
Iteration 996. I-divergence: 1352.96392686. MSE: 0.696464275762.
Iteration 997. I-divergence: 1352.82829245. MSE: 0.696392657273.
Iteration 998. I-divergence: 1352.69285061. MSE: 0.696321139714.
Iteration 999. I-divergence: 1352.55760114. MSE: 0.696249722974.
Iteration 1000. I-divergence: 1352.42254383. MSE: 0.69617840694.
Performance on test set: MSE=0.733310451325, I-div=355.016894537.
0.733310451325
