Fold 1 for k=5,l=1.
Initialising F using KMeans.
Iteration: 1.
Iteration: 2.
Iteration: 3.
Iteration: 4.
Iteration: 5.
Iteration: 6.
Iteration: 7.
Iteration: 8.
Iteration: 9.
Iteration: 10.
Iteration: 11.
Iteration: 12.
Iteration: 13.
Iteration: 14.
Iteration: 15.
[191.0, 106.0, 143.0, 125.0, 57.0]
Initialising G using KMeans.
Iteration: 1.
Iteration: 2.
[139.0]
Iteration 0. I-divergence: 812438.758895. MSE: 153.670645311.
Iteration 1. I-divergence: 4046.32116629. MSE: 2.12413947838.
Iteration 2. I-divergence: 1706.94757142. MSE: 0.881906424699.
Iteration 3. I-divergence: 1634.92882957. MSE: 0.844597933096.
Iteration 4. I-divergence: 1631.65958877. MSE: 0.842902930135.
Iteration 5. I-divergence: 1631.43958768. MSE: 0.842788562836.
Iteration 6. I-divergence: 1631.4188641. MSE: 0.842777807755.
Iteration 7. I-divergence: 1631.41643559. MSE: 0.842776572561.
Iteration 8. I-divergence: 1631.41611588. MSE: 0.842776421947.
Iteration 9. I-divergence: 1631.41607136. MSE: 0.842776405857.
Iteration 10. I-divergence: 1631.416065. MSE: 0.842776405463.
Iteration 11. I-divergence: 1631.41606408. MSE: 0.84277640614.
Iteration 12. I-divergence: 1631.41606395. MSE: 0.84277640652.
Iteration 13. I-divergence: 1631.41606393. MSE: 0.842776406683.
Iteration 14. I-divergence: 1631.41606393. MSE: 0.842776406749.
Iteration 15. I-divergence: 1631.41606393. MSE: 0.842776406774.
Iteration 16. I-divergence: 1631.41606393. MSE: 0.842776406784.
Iteration 17. I-divergence: 1631.41606393. MSE: 0.842776406787.
Iteration 18. I-divergence: 1631.41606393. MSE: 0.842776406789.
Iteration 19. I-divergence: 1631.41606393. MSE: 0.842776406789.
Iteration 20. I-divergence: 1631.41606393. MSE: 0.84277640679.
Iteration 21. I-divergence: 1631.41606393. MSE: 0.84277640679.
Iteration 22. I-divergence: 1631.41606393. MSE: 0.84277640679.
Iteration 23. I-divergence: 1631.41606393. MSE: 0.84277640679.
Iteration 24. I-divergence: 1631.41606393. MSE: 0.84277640679.
Iteration 25. I-divergence: 1631.41606393. MSE: 0.84277640679.
Iteration 26. I-divergence: 1631.41606393. MSE: 0.84277640679.
Iteration 27. I-divergence: 1631.41606393. MSE: 0.84277640679.
Iteration 28. I-divergence: 1631.41606393. MSE: 0.84277640679.
Iteration 29. I-divergence: 1631.41606393. MSE: 0.84277640679.
Iteration 30. I-divergence: 1631.41606393. MSE: 0.84277640679.
Iteration 31. I-divergence: 1631.41606393. MSE: 0.84277640679.
Iteration 32. I-divergence: 1631.41606393. MSE: 0.84277640679.
Iteration 33. I-divergence: 1631.41606393. MSE: 0.84277640679.
Iteration 34. I-divergence: 1631.41606393. MSE: 0.84277640679.
Iteration 35. I-divergence: 1631.41606393. MSE: 0.84277640679.
Iteration 36. I-divergence: 1631.41606393. MSE: 0.84277640679.
Iteration 37. I-divergence: 1631.41606393. MSE: 0.84277640679.
Iteration 38. I-divergence: 1631.41606393. MSE: 0.84277640679.
Iteration 39. I-divergence: 1631.41606393. MSE: 0.84277640679.
Iteration 40. I-divergence: 1631.41606393. MSE: 0.84277640679.
Iteration 41. I-divergence: 1631.41606393. MSE: 0.84277640679.
Iteration 42. I-divergence: 1631.41606393. MSE: 0.84277640679.
Iteration 43. I-divergence: 1631.41606393. MSE: 0.84277640679.
Iteration 44. I-divergence: 1631.41606393. MSE: 0.84277640679.
Iteration 45. I-divergence: 1631.41606393. MSE: 0.84277640679.
Iteration 46. I-divergence: 1631.41606393. MSE: 0.84277640679.
Iteration 47. I-divergence: 1631.41606393. MSE: 0.84277640679.
Iteration 48. I-divergence: 1631.41606393. MSE: 0.84277640679.
Iteration 49. I-divergence: 1631.41606393. MSE: 0.84277640679.
Iteration 50. I-divergence: 1631.41606393. MSE: 0.84277640679.
Iteration 51. I-divergence: 1631.41606393. MSE: 0.84277640679.
Iteration 52. I-divergence: 1631.41606393. MSE: 0.84277640679.
Iteration 53. I-divergence: 1631.41606393. MSE: 0.84277640679.
Iteration 54. I-divergence: 1631.41606393. MSE: 0.84277640679.
Iteration 55. I-divergence: 1631.41606393. MSE: 0.84277640679.
Iteration 56. I-divergence: 1631.41606393. MSE: 0.84277640679.
Iteration 57. I-divergence: 1631.41606393. MSE: 0.84277640679.
Iteration 58. I-divergence: 1631.41606393. MSE: 0.84277640679.
Iteration 59. I-divergence: 1631.41606393. MSE: 0.84277640679.
Iteration 60. I-divergence: 1631.41606393. MSE: 0.84277640679.
Iteration 61. I-divergence: 1631.41606393. MSE: 0.84277640679.
Iteration 62. I-divergence: 1631.41606393. MSE: 0.84277640679.
Iteration 63. I-divergence: 1631.41606393. MSE: 0.84277640679.
Iteration 64. I-divergence: 1631.41606393. MSE: 0.84277640679.
Iteration 65. I-divergence: 1631.41606393. MSE: 0.84277640679.
Iteration 66. I-divergence: 1631.41606393. MSE: 0.84277640679.
Iteration 67. I-divergence: 1631.41606393. MSE: 0.84277640679.
Iteration 68. I-divergence: 1631.41606393. MSE: 0.84277640679.
Iteration 69. I-divergence: 1631.41606393. MSE: 0.84277640679.
Iteration 70. I-divergence: 1631.41606393. MSE: 0.84277640679.
Iteration 71. I-divergence: 1631.41606393. MSE: 0.84277640679.
Iteration 72. I-divergence: 1631.41606393. MSE: 0.84277640679.
Iteration 73. I-divergence: 1631.41606393. MSE: 0.84277640679.
Iteration 74. I-divergence: 1631.41606393. MSE: 0.84277640679.
Iteration 75. I-divergence: 1631.41606393. MSE: 0.84277640679.
Iteration 76. I-divergence: 1631.41606393. MSE: 0.84277640679.
Iteration 77. I-divergence: 1631.41606393. MSE: 0.84277640679.
Iteration 78. I-divergence: 1631.41606393. MSE: 0.84277640679.
Iteration 79. I-divergence: 1631.41606393. MSE: 0.84277640679.
Iteration 80. I-divergence: 1631.41606393. MSE: 0.84277640679.
Iteration 81. I-divergence: 1631.41606393. MSE: 0.84277640679.
Iteration 82. I-divergence: 1631.41606393. MSE: 0.84277640679.
Iteration 83. I-divergence: 1631.41606393. MSE: 0.84277640679.
Iteration 84. I-divergence: 1631.41606393. MSE: 0.84277640679.
Iteration 85. I-divergence: 1631.41606393. MSE: 0.84277640679.
Iteration 86. I-divergence: 1631.41606393. MSE: 0.84277640679.
Iteration 87. I-divergence: 1631.41606393. MSE: 0.84277640679.
Iteration 88. I-divergence: 1631.41606393. MSE: 0.84277640679.
Iteration 89. I-divergence: 1631.41606393. MSE: 0.84277640679.
Iteration 90. I-divergence: 1631.41606393. MSE: 0.84277640679.
Iteration 91. I-divergence: 1631.41606393. MSE: 0.84277640679.
Iteration 92. I-divergence: 1631.41606393. MSE: 0.84277640679.
Iteration 93. I-divergence: 1631.41606393. MSE: 0.84277640679.
Iteration 94. I-divergence: 1631.41606393. MSE: 0.84277640679.
Iteration 95. I-divergence: 1631.41606393. MSE: 0.84277640679.
Iteration 96. I-divergence: 1631.41606393. MSE: 0.84277640679.
Iteration 97. I-divergence: 1631.41606393. MSE: 0.84277640679.
Iteration 98. I-divergence: 1631.41606393. MSE: 0.84277640679.
Iteration 99. I-divergence: 1631.41606393. MSE: 0.84277640679.
Iteration 100. I-divergence: 1631.41606393. MSE: 0.84277640679.
Iteration 101. I-divergence: 1631.41606393. MSE: 0.84277640679.
Iteration 102. I-divergence: 1631.41606393. MSE: 0.84277640679.
Iteration 103. I-divergence: 1631.41606393. MSE: 0.84277640679.
Iteration 104. I-divergence: 1631.41606393. MSE: 0.84277640679.
Iteration 105. I-divergence: 1631.41606393. MSE: 0.84277640679.
Iteration 106. I-divergence: 1631.41606393. MSE: 0.84277640679.
Iteration 107. I-divergence: 1631.41606393. MSE: 0.84277640679.
Iteration 108. I-divergence: 1631.41606393. MSE: 0.84277640679.
Iteration 109. I-divergence: 1631.41606393. MSE: 0.84277640679.
Iteration 110. I-divergence: 1631.41606393. MSE: 0.84277640679.
Iteration 111. I-divergence: 1631.41606393. MSE: 0.84277640679.
Iteration 112. I-divergence: 1631.41606393. MSE: 0.84277640679.
Iteration 113. I-divergence: 1631.41606393. MSE: 0.84277640679.
Iteration 114. I-divergence: 1631.41606393. MSE: 0.84277640679.
Iteration 115. I-divergence: 1631.41606393. MSE: 0.84277640679.
Iteration 116. I-divergence: 1631.41606393. MSE: 0.84277640679.
Iteration 117. I-divergence: 1631.41606393. MSE: 0.84277640679.
Iteration 118. I-divergence: 1631.41606393. MSE: 0.84277640679.
Iteration 119. I-divergence: 1631.41606393. MSE: 0.84277640679.
Iteration 120. I-divergence: 1631.41606393. MSE: 0.84277640679.
Iteration 121. I-divergence: 1631.41606393. MSE: 0.84277640679.
Iteration 122. I-divergence: 1631.41606393. MSE: 0.84277640679.
Iteration 123. I-divergence: 1631.41606393. MSE: 0.84277640679.
Iteration 124. I-divergence: 1631.41606393. MSE: 0.84277640679.
Iteration 125. I-divergence: 1631.41606393. MSE: 0.84277640679.
Iteration 126. I-divergence: 1631.41606393. MSE: 0.84277640679.
Iteration 127. I-divergence: 1631.41606393. MSE: 0.84277640679.
Iteration 128. I-divergence: 1631.41606393. MSE: 0.84277640679.
Iteration 129. I-divergence: 1631.41606393. MSE: 0.84277640679.
Iteration 130. I-divergence: 1631.41606393. MSE: 0.84277640679.
Iteration 131. I-divergence: 1631.41606393. MSE: 0.84277640679.
Iteration 132. I-divergence: 1631.41606393. MSE: 0.84277640679.
Iteration 133. I-divergence: 1631.41606393. MSE: 0.84277640679.
Iteration 134. I-divergence: 1631.41606393. MSE: 0.84277640679.
Iteration 135. I-divergence: 1631.41606393. MSE: 0.84277640679.
Iteration 136. I-divergence: 1631.41606393. MSE: 0.84277640679.
Iteration 137. I-divergence: 1631.41606393. MSE: 0.84277640679.
Iteration 138. I-divergence: 1631.41606393. MSE: 0.84277640679.
Iteration 139. I-divergence: 1631.41606393. MSE: 0.84277640679.
Iteration 140. I-divergence: 1631.41606393. MSE: 0.84277640679.
Iteration 141. I-divergence: 1631.41606393. MSE: 0.84277640679.
Iteration 142. I-divergence: 1631.41606393. MSE: 0.84277640679.
Iteration 143. I-divergence: 1631.41606393. MSE: 0.84277640679.
Iteration 144. I-divergence: 1631.41606393. MSE: 0.84277640679.
Iteration 145. I-divergence: 1631.41606393. MSE: 0.84277640679.
Iteration 146. I-divergence: 1631.41606393. MSE: 0.84277640679.
Iteration 147. I-divergence: 1631.41606393. MSE: 0.84277640679.
Iteration 148. I-divergence: 1631.41606393. MSE: 0.84277640679.
Iteration 149. I-divergence: 1631.41606393. MSE: 0.84277640679.
Iteration 150. I-divergence: 1631.41606393. MSE: 0.84277640679.
Iteration 151. I-divergence: 1631.41606393. MSE: 0.84277640679.
Iteration 152. I-divergence: 1631.41606393. MSE: 0.84277640679.
Iteration 153. I-divergence: 1631.41606393. MSE: 0.84277640679.
Iteration 154. I-divergence: 1631.41606393. MSE: 0.84277640679.
Iteration 155. I-divergence: 1631.41606393. MSE: 0.84277640679.
Iteration 156. I-divergence: 1631.41606393. MSE: 0.84277640679.
Iteration 157. I-divergence: 1631.41606393. MSE: 0.84277640679.
Iteration 158. I-divergence: 1631.41606393. MSE: 0.84277640679.
Iteration 159. I-divergence: 1631.41606393. MSE: 0.84277640679.
Iteration 160. I-divergence: 1631.41606393. MSE: 0.84277640679.
Iteration 161. I-divergence: 1631.41606393. MSE: 0.84277640679.
Iteration 162. I-divergence: 1631.41606393. MSE: 0.84277640679.
Iteration 163. I-divergence: 1631.41606393. MSE: 0.84277640679.
Iteration 164. I-divergence: 1631.41606393. MSE: 0.84277640679.
Iteration 165. I-divergence: 1631.41606393. MSE: 0.84277640679.
Iteration 166. I-divergence: 1631.41606393. MSE: 0.84277640679.
Iteration 167. I-divergence: 1631.41606393. MSE: 0.84277640679.
Iteration 168. I-divergence: 1631.41606393. MSE: 0.84277640679.
Iteration 169. I-divergence: 1631.41606393. MSE: 0.84277640679.
Iteration 170. I-divergence: 1631.41606393. MSE: 0.84277640679.
Iteration 171. I-divergence: 1631.41606393. MSE: 0.84277640679.
Iteration 172. I-divergence: 1631.41606393. MSE: 0.84277640679.
Iteration 173. I-divergence: 1631.41606393. MSE: 0.84277640679.
Iteration 174. I-divergence: 1631.41606393. MSE: 0.84277640679.
Iteration 175. I-divergence: 1631.41606393. MSE: 0.84277640679.
Iteration 176. I-divergence: 1631.41606393. MSE: 0.84277640679.
Iteration 177. I-divergence: 1631.41606393. MSE: 0.84277640679.
Iteration 178. I-divergence: 1631.41606393. MSE: 0.84277640679.
Iteration 179. I-divergence: 1631.41606393. MSE: 0.84277640679.
Iteration 180. I-divergence: 1631.41606393. MSE: 0.84277640679.
Iteration 181. I-divergence: 1631.41606393. MSE: 0.84277640679.
Iteration 182. I-divergence: 1631.41606393. MSE: 0.84277640679.
Iteration 183. I-divergence: 1631.41606393. MSE: 0.84277640679.
Iteration 184. I-divergence: 1631.41606393. MSE: 0.84277640679.
Iteration 185. I-divergence: 1631.41606393. MSE: 0.84277640679.
Iteration 186. I-divergence: 1631.41606393. MSE: 0.84277640679.
Iteration 187. I-divergence: 1631.41606393. MSE: 0.84277640679.
Iteration 188. I-divergence: 1631.41606393. MSE: 0.84277640679.
Iteration 189. I-divergence: 1631.41606393. MSE: 0.84277640679.
Iteration 190. I-divergence: 1631.41606393. MSE: 0.84277640679.
Iteration 191. I-divergence: 1631.41606393. MSE: 0.84277640679.
Iteration 192. I-divergence: 1631.41606393. MSE: 0.84277640679.
Iteration 193. I-divergence: 1631.41606393. MSE: 0.84277640679.
Iteration 194. I-divergence: 1631.41606393. MSE: 0.84277640679.
Iteration 195. I-divergence: 1631.41606393. MSE: 0.84277640679.
Iteration 196. I-divergence: 1631.41606393. MSE: 0.84277640679.
Iteration 197. I-divergence: 1631.41606393. MSE: 0.84277640679.
Iteration 198. I-divergence: 1631.41606393. MSE: 0.84277640679.
Iteration 199. I-divergence: 1631.41606393. MSE: 0.84277640679.
Iteration 200. I-divergence: 1631.41606393. MSE: 0.84277640679.
Iteration 201. I-divergence: 1631.41606393. MSE: 0.84277640679.
Iteration 202. I-divergence: 1631.41606393. MSE: 0.84277640679.
Iteration 203. I-divergence: 1631.41606393. MSE: 0.84277640679.
Iteration 204. I-divergence: 1631.41606393. MSE: 0.84277640679.
Iteration 205. I-divergence: 1631.41606393. MSE: 0.84277640679.
Iteration 206. I-divergence: 1631.41606393. MSE: 0.84277640679.
Iteration 207. I-divergence: 1631.41606393. MSE: 0.84277640679.
Iteration 208. I-divergence: 1631.41606393. MSE: 0.84277640679.
Iteration 209. I-divergence: 1631.41606393. MSE: 0.84277640679.
Iteration 210. I-divergence: 1631.41606393. MSE: 0.84277640679.
Iteration 211. I-divergence: 1631.41606393. MSE: 0.84277640679.
Iteration 212. I-divergence: 1631.41606393. MSE: 0.84277640679.
Iteration 213. I-divergence: 1631.41606393. MSE: 0.84277640679.
Iteration 214. I-divergence: 1631.41606393. MSE: 0.84277640679.
Iteration 215. I-divergence: 1631.41606393. MSE: 0.84277640679.
Iteration 216. I-divergence: 1631.41606393. MSE: 0.84277640679.
Iteration 217. I-divergence: 1631.41606393. MSE: 0.84277640679.
Iteration 218. I-divergence: 1631.41606393. MSE: 0.84277640679.
Iteration 219. I-divergence: 1631.41606393. MSE: 0.84277640679.
Iteration 220. I-divergence: 1631.41606393. MSE: 0.84277640679.
Iteration 221. I-divergence: 1631.41606393. MSE: 0.84277640679.
Iteration 222. I-divergence: 1631.41606393. MSE: 0.84277640679.
Iteration 223. I-divergence: 1631.41606393. MSE: 0.84277640679.
Iteration 224. I-divergence: 1631.41606393. MSE: 0.84277640679.
Iteration 225. I-divergence: 1631.41606393. MSE: 0.84277640679.
Iteration 226. I-divergence: 1631.41606393. MSE: 0.84277640679.
Iteration 227. I-divergence: 1631.41606393. MSE: 0.84277640679.
Iteration 228. I-divergence: 1631.41606393. MSE: 0.84277640679.
Iteration 229. I-divergence: 1631.41606393. MSE: 0.84277640679.
Iteration 230. I-divergence: 1631.41606393. MSE: 0.84277640679.
Iteration 231. I-divergence: 1631.41606393. MSE: 0.84277640679.
Iteration 232. I-divergence: 1631.41606393. MSE: 0.84277640679.
Iteration 233. I-divergence: 1631.41606393. MSE: 0.84277640679.
Iteration 234. I-divergence: 1631.41606393. MSE: 0.84277640679.
Iteration 235. I-divergence: 1631.41606393. MSE: 0.84277640679.
Iteration 236. I-divergence: 1631.41606393. MSE: 0.84277640679.
Iteration 237. I-divergence: 1631.41606393. MSE: 0.84277640679.
Iteration 238. I-divergence: 1631.41606393. MSE: 0.84277640679.
Iteration 239. I-divergence: 1631.41606393. MSE: 0.84277640679.
Iteration 240. I-divergence: 1631.41606393. MSE: 0.84277640679.
Iteration 241. I-divergence: 1631.41606393. MSE: 0.84277640679.
Iteration 242. I-divergence: 1631.41606393. MSE: 0.84277640679.
Iteration 243. I-divergence: 1631.41606393. MSE: 0.84277640679.
Iteration 244. I-divergence: 1631.41606393. MSE: 0.84277640679.
Iteration 245. I-divergence: 1631.41606393. MSE: 0.84277640679.
Iteration 246. I-divergence: 1631.41606393. MSE: 0.84277640679.
Iteration 247. I-divergence: 1631.41606393. MSE: 0.84277640679.
Iteration 248. I-divergence: 1631.41606393. MSE: 0.84277640679.
Iteration 249. I-divergence: 1631.41606393. MSE: 0.84277640679.
Iteration 250. I-divergence: 1631.41606393. MSE: 0.84277640679.
Iteration 251. I-divergence: 1631.41606393. MSE: 0.84277640679.
Iteration 252. I-divergence: 1631.41606393. MSE: 0.84277640679.
Iteration 253. I-divergence: 1631.41606393. MSE: 0.84277640679.
Iteration 254. I-divergence: 1631.41606393. MSE: 0.84277640679.
Iteration 255. I-divergence: 1631.41606393. MSE: 0.84277640679.
Iteration 256. I-divergence: 1631.41606393. MSE: 0.84277640679.
Iteration 257. I-divergence: 1631.41606393. MSE: 0.84277640679.
Iteration 258. I-divergence: 1631.41606393. MSE: 0.84277640679.
Iteration 259. I-divergence: 1631.41606393. MSE: 0.84277640679.
Iteration 260. I-divergence: 1631.41606393. MSE: 0.84277640679.
Iteration 261. I-divergence: 1631.41606393. MSE: 0.84277640679.
Iteration 262. I-divergence: 1631.41606393. MSE: 0.84277640679.
Iteration 263. I-divergence: 1631.41606393. MSE: 0.84277640679.
Iteration 264. I-divergence: 1631.41606393. MSE: 0.84277640679.
Iteration 265. I-divergence: 1631.41606393. MSE: 0.84277640679.
Iteration 266. I-divergence: 1631.41606393. MSE: 0.84277640679.
Iteration 267. I-divergence: 1631.41606393. MSE: 0.84277640679.
Iteration 268. I-divergence: 1631.41606393. MSE: 0.84277640679.
Iteration 269. I-divergence: 1631.41606393. MSE: 0.84277640679.
Iteration 270. I-divergence: 1631.41606393. MSE: 0.84277640679.
Iteration 271. I-divergence: 1631.41606393. MSE: 0.84277640679.
Iteration 272. I-divergence: 1631.41606393. MSE: 0.84277640679.
Iteration 273. I-divergence: 1631.41606393. MSE: 0.84277640679.
Iteration 274. I-divergence: 1631.41606393. MSE: 0.84277640679.
Iteration 275. I-divergence: 1631.41606393. MSE: 0.84277640679.
Iteration 276. I-divergence: 1631.41606393. MSE: 0.84277640679.
Iteration 277. I-divergence: 1631.41606393. MSE: 0.84277640679.
Iteration 278. I-divergence: 1631.41606393. MSE: 0.84277640679.
Iteration 279. I-divergence: 1631.41606393. MSE: 0.84277640679.
Iteration 280. I-divergence: 1631.41606393. MSE: 0.84277640679.
Iteration 281. I-divergence: 1631.41606393. MSE: 0.84277640679.
Iteration 282. I-divergence: 1631.41606393. MSE: 0.84277640679.
Iteration 283. I-divergence: 1631.41606393. MSE: 0.84277640679.
Iteration 284. I-divergence: 1631.41606393. MSE: 0.84277640679.
Iteration 285. I-divergence: 1631.41606393. MSE: 0.84277640679.
Iteration 286. I-divergence: 1631.41606393. MSE: 0.84277640679.
Iteration 287. I-divergence: 1631.41606393. MSE: 0.84277640679.
Iteration 288. I-divergence: 1631.41606393. MSE: 0.84277640679.
Iteration 289. I-divergence: 1631.41606393. MSE: 0.84277640679.
Iteration 290. I-divergence: 1631.41606393. MSE: 0.84277640679.
Iteration 291. I-divergence: 1631.41606393. MSE: 0.84277640679.
Iteration 292. I-divergence: 1631.41606393. MSE: 0.84277640679.
Iteration 293. I-divergence: 1631.41606393. MSE: 0.84277640679.
Iteration 294. I-divergence: 1631.41606393. MSE: 0.84277640679.
Iteration 295. I-divergence: 1631.41606393. MSE: 0.84277640679.
Iteration 296. I-divergence: 1631.41606393. MSE: 0.84277640679.
Iteration 297. I-divergence: 1631.41606393. MSE: 0.84277640679.
Iteration 298. I-divergence: 1631.41606393. MSE: 0.84277640679.
Iteration 299. I-divergence: 1631.41606393. MSE: 0.84277640679.
Iteration 300. I-divergence: 1631.41606393. MSE: 0.84277640679.
Iteration 301. I-divergence: 1631.41606393. MSE: 0.84277640679.
Iteration 302. I-divergence: 1631.41606393. MSE: 0.84277640679.
Iteration 303. I-divergence: 1631.41606393. MSE: 0.84277640679.
Iteration 304. I-divergence: 1631.41606393. MSE: 0.84277640679.
Iteration 305. I-divergence: 1631.41606393. MSE: 0.84277640679.
Iteration 306. I-divergence: 1631.41606393. MSE: 0.84277640679.
Iteration 307. I-divergence: 1631.41606393. MSE: 0.84277640679.
Iteration 308. I-divergence: 1631.41606393. MSE: 0.84277640679.
Iteration 309. I-divergence: 1631.41606393. MSE: 0.84277640679.
Iteration 310. I-divergence: 1631.41606393. MSE: 0.84277640679.
Iteration 311. I-divergence: 1631.41606393. MSE: 0.84277640679.
Iteration 312. I-divergence: 1631.41606393. MSE: 0.84277640679.
Iteration 313. I-divergence: 1631.41606393. MSE: 0.84277640679.
Iteration 314. I-divergence: 1631.41606393. MSE: 0.84277640679.
Iteration 315. I-divergence: 1631.41606393. MSE: 0.84277640679.
Iteration 316. I-divergence: 1631.41606393. MSE: 0.84277640679.
Iteration 317. I-divergence: 1631.41606393. MSE: 0.84277640679.
Iteration 318. I-divergence: 1631.41606393. MSE: 0.84277640679.
Iteration 319. I-divergence: 1631.41606393. MSE: 0.84277640679.
Iteration 320. I-divergence: 1631.41606393. MSE: 0.84277640679.
Iteration 321. I-divergence: 1631.41606393. MSE: 0.84277640679.
Iteration 322. I-divergence: 1631.41606393. MSE: 0.84277640679.
Iteration 323. I-divergence: 1631.41606393. MSE: 0.84277640679.
Iteration 324. I-divergence: 1631.41606393. MSE: 0.84277640679.
Iteration 325. I-divergence: 1631.41606393. MSE: 0.84277640679.
Iteration 326. I-divergence: 1631.41606393. MSE: 0.84277640679.
Iteration 327. I-divergence: 1631.41606393. MSE: 0.84277640679.
Iteration 328. I-divergence: 1631.41606393. MSE: 0.84277640679.
Iteration 329. I-divergence: 1631.41606393. MSE: 0.84277640679.
Iteration 330. I-divergence: 1631.41606393. MSE: 0.84277640679.
Iteration 331. I-divergence: 1631.41606393. MSE: 0.84277640679.
Iteration 332. I-divergence: 1631.41606393. MSE: 0.84277640679.
Iteration 333. I-divergence: 1631.41606393. MSE: 0.84277640679.
Iteration 334. I-divergence: 1631.41606393. MSE: 0.84277640679.
Iteration 335. I-divergence: 1631.41606393. MSE: 0.84277640679.
Iteration 336. I-divergence: 1631.41606393. MSE: 0.84277640679.
Iteration 337. I-divergence: 1631.41606393. MSE: 0.84277640679.
Iteration 338. I-divergence: 1631.41606393. MSE: 0.84277640679.
Iteration 339. I-divergence: 1631.41606393. MSE: 0.84277640679.
Iteration 340. I-divergence: 1631.41606393. MSE: 0.84277640679.
Iteration 341. I-divergence: 1631.41606393. MSE: 0.84277640679.
Iteration 342. I-divergence: 1631.41606393. MSE: 0.84277640679.
Iteration 343. I-divergence: 1631.41606393. MSE: 0.84277640679.
Iteration 344. I-divergence: 1631.41606393. MSE: 0.84277640679.
Iteration 345. I-divergence: 1631.41606393. MSE: 0.84277640679.
Iteration 346. I-divergence: 1631.41606393. MSE: 0.84277640679.
Iteration 347. I-divergence: 1631.41606393. MSE: 0.84277640679.
Iteration 348. I-divergence: 1631.41606393. MSE: 0.84277640679.
Iteration 349. I-divergence: 1631.41606393. MSE: 0.84277640679.
Iteration 350. I-divergence: 1631.41606393. MSE: 0.84277640679.
Iteration 351. I-divergence: 1631.41606393. MSE: 0.84277640679.
Iteration 352. I-divergence: 1631.41606393. MSE: 0.84277640679.
Iteration 353. I-divergence: 1631.41606393. MSE: 0.84277640679.
Iteration 354. I-divergence: 1631.41606393. MSE: 0.84277640679.
Iteration 355. I-divergence: 1631.41606393. MSE: 0.84277640679.
Iteration 356. I-divergence: 1631.41606393. MSE: 0.84277640679.
Iteration 357. I-divergence: 1631.41606393. MSE: 0.84277640679.
Iteration 358. I-divergence: 1631.41606393. MSE: 0.84277640679.
Iteration 359. I-divergence: 1631.41606393. MSE: 0.84277640679.
Iteration 360. I-divergence: 1631.41606393. MSE: 0.84277640679.
Iteration 361. I-divergence: 1631.41606393. MSE: 0.84277640679.
Iteration 362. I-divergence: 1631.41606393. MSE: 0.84277640679.
Iteration 363. I-divergence: 1631.41606393. MSE: 0.84277640679.
Iteration 364. I-divergence: 1631.41606393. MSE: 0.84277640679.
Iteration 365. I-divergence: 1631.41606393. MSE: 0.84277640679.
Iteration 366. I-divergence: 1631.41606393. MSE: 0.84277640679.
Iteration 367. I-divergence: 1631.41606393. MSE: 0.84277640679.
Iteration 368. I-divergence: 1631.41606393. MSE: 0.84277640679.
Iteration 369. I-divergence: 1631.41606393. MSE: 0.84277640679.
Iteration 370. I-divergence: 1631.41606393. MSE: 0.84277640679.
Iteration 371. I-divergence: 1631.41606393. MSE: 0.84277640679.
Iteration 372. I-divergence: 1631.41606393. MSE: 0.84277640679.
Iteration 373. I-divergence: 1631.41606393. MSE: 0.84277640679.
Iteration 374. I-divergence: 1631.41606393. MSE: 0.84277640679.
Iteration 375. I-divergence: 1631.41606393. MSE: 0.84277640679.
Iteration 376. I-divergence: 1631.41606393. MSE: 0.84277640679.
Iteration 377. I-divergence: 1631.41606393. MSE: 0.84277640679.
Iteration 378. I-divergence: 1631.41606393. MSE: 0.84277640679.
Iteration 379. I-divergence: 1631.41606393. MSE: 0.84277640679.
Iteration 380. I-divergence: 1631.41606393. MSE: 0.84277640679.
Iteration 381. I-divergence: 1631.41606393. MSE: 0.84277640679.
Iteration 382. I-divergence: 1631.41606393. MSE: 0.84277640679.
Iteration 383. I-divergence: 1631.41606393. MSE: 0.84277640679.
Iteration 384. I-divergence: 1631.41606393. MSE: 0.84277640679.
Iteration 385. I-divergence: 1631.41606393. MSE: 0.84277640679.
Iteration 386. I-divergence: 1631.41606393. MSE: 0.84277640679.
Iteration 387. I-divergence: 1631.41606393. MSE: 0.84277640679.
Iteration 388. I-divergence: 1631.41606393. MSE: 0.84277640679.
Iteration 389. I-divergence: 1631.41606393. MSE: 0.84277640679.
Iteration 390. I-divergence: 1631.41606393. MSE: 0.84277640679.
Iteration 391. I-divergence: 1631.41606393. MSE: 0.84277640679.
Iteration 392. I-divergence: 1631.41606393. MSE: 0.84277640679.
Iteration 393. I-divergence: 1631.41606393. MSE: 0.84277640679.
Iteration 394. I-divergence: 1631.41606393. MSE: 0.84277640679.
Iteration 395. I-divergence: 1631.41606393. MSE: 0.84277640679.
Iteration 396. I-divergence: 1631.41606393. MSE: 0.84277640679.
Iteration 397. I-divergence: 1631.41606393. MSE: 0.84277640679.
Iteration 398. I-divergence: 1631.41606393. MSE: 0.84277640679.
Iteration 399. I-divergence: 1631.41606393. MSE: 0.84277640679.
Iteration 400. I-divergence: 1631.41606393. MSE: 0.84277640679.
Iteration 401. I-divergence: 1631.41606393. MSE: 0.84277640679.
Iteration 402. I-divergence: 1631.41606393. MSE: 0.84277640679.
Iteration 403. I-divergence: 1631.41606393. MSE: 0.84277640679.
Iteration 404. I-divergence: 1631.41606393. MSE: 0.84277640679.
Iteration 405. I-divergence: 1631.41606393. MSE: 0.84277640679.
Iteration 406. I-divergence: 1631.41606393. MSE: 0.84277640679.
Iteration 407. I-divergence: 1631.41606393. MSE: 0.84277640679.
Iteration 408. I-divergence: 1631.41606393. MSE: 0.84277640679.
Iteration 409. I-divergence: 1631.41606393. MSE: 0.84277640679.
Iteration 410. I-divergence: 1631.41606393. MSE: 0.84277640679.
Iteration 411. I-divergence: 1631.41606393. MSE: 0.84277640679.
Iteration 412. I-divergence: 1631.41606393. MSE: 0.84277640679.
Iteration 413. I-divergence: 1631.41606393. MSE: 0.84277640679.
Iteration 414. I-divergence: 1631.41606393. MSE: 0.84277640679.
Iteration 415. I-divergence: 1631.41606393. MSE: 0.84277640679.
Iteration 416. I-divergence: 1631.41606393. MSE: 0.84277640679.
Iteration 417. I-divergence: 1631.41606393. MSE: 0.84277640679.
Iteration 418. I-divergence: 1631.41606393. MSE: 0.84277640679.
Iteration 419. I-divergence: 1631.41606393. MSE: 0.84277640679.
Iteration 420. I-divergence: 1631.41606393. MSE: 0.84277640679.
Iteration 421. I-divergence: 1631.41606393. MSE: 0.84277640679.
Iteration 422. I-divergence: 1631.41606393. MSE: 0.84277640679.
Iteration 423. I-divergence: 1631.41606393. MSE: 0.84277640679.
Iteration 424. I-divergence: 1631.41606393. MSE: 0.84277640679.
Iteration 425. I-divergence: 1631.41606393. MSE: 0.84277640679.
Iteration 426. I-divergence: 1631.41606393. MSE: 0.84277640679.
Iteration 427. I-divergence: 1631.41606393. MSE: 0.84277640679.
Iteration 428. I-divergence: 1631.41606393. MSE: 0.84277640679.
Iteration 429. I-divergence: 1631.41606393. MSE: 0.84277640679.
Iteration 430. I-divergence: 1631.41606393. MSE: 0.84277640679.
Iteration 431. I-divergence: 1631.41606393. MSE: 0.84277640679.
Iteration 432. I-divergence: 1631.41606393. MSE: 0.84277640679.
Iteration 433. I-divergence: 1631.41606393. MSE: 0.84277640679.
Iteration 434. I-divergence: 1631.41606393. MSE: 0.84277640679.
Iteration 435. I-divergence: 1631.41606393. MSE: 0.84277640679.
Iteration 436. I-divergence: 1631.41606393. MSE: 0.84277640679.
Iteration 437. I-divergence: 1631.41606393. MSE: 0.84277640679.
Iteration 438. I-divergence: 1631.41606393. MSE: 0.84277640679.
Iteration 439. I-divergence: 1631.41606393. MSE: 0.84277640679.
Iteration 440. I-divergence: 1631.41606393. MSE: 0.84277640679.
Iteration 441. I-divergence: 1631.41606393. MSE: 0.84277640679.
Iteration 442. I-divergence: 1631.41606393. MSE: 0.84277640679.
Iteration 443. I-divergence: 1631.41606393. MSE: 0.84277640679.
Iteration 444. I-divergence: 1631.41606393. MSE: 0.84277640679.
Iteration 445. I-divergence: 1631.41606393. MSE: 0.84277640679.
Iteration 446. I-divergence: 1631.41606393. MSE: 0.84277640679.
Iteration 447. I-divergence: 1631.41606393. MSE: 0.84277640679.
Iteration 448. I-divergence: 1631.41606393. MSE: 0.84277640679.
Iteration 449. I-divergence: 1631.41606393. MSE: 0.84277640679.
Iteration 450. I-divergence: 1631.41606393. MSE: 0.84277640679.
Iteration 451. I-divergence: 1631.41606393. MSE: 0.84277640679.
Iteration 452. I-divergence: 1631.41606393. MSE: 0.84277640679.
Iteration 453. I-divergence: 1631.41606393. MSE: 0.84277640679.
Iteration 454. I-divergence: 1631.41606393. MSE: 0.84277640679.
Iteration 455. I-divergence: 1631.41606393. MSE: 0.84277640679.
Iteration 456. I-divergence: 1631.41606393. MSE: 0.84277640679.
Iteration 457. I-divergence: 1631.41606393. MSE: 0.84277640679.
Iteration 458. I-divergence: 1631.41606393. MSE: 0.84277640679.
Iteration 459. I-divergence: 1631.41606393. MSE: 0.84277640679.
Iteration 460. I-divergence: 1631.41606393. MSE: 0.84277640679.
Iteration 461. I-divergence: 1631.41606393. MSE: 0.84277640679.
Iteration 462. I-divergence: 1631.41606393. MSE: 0.84277640679.
Iteration 463. I-divergence: 1631.41606393. MSE: 0.84277640679.
Iteration 464. I-divergence: 1631.41606393. MSE: 0.84277640679.
Iteration 465. I-divergence: 1631.41606393. MSE: 0.84277640679.
Iteration 466. I-divergence: 1631.41606393. MSE: 0.84277640679.
Iteration 467. I-divergence: 1631.41606393. MSE: 0.84277640679.
Iteration 468. I-divergence: 1631.41606393. MSE: 0.84277640679.
Iteration 469. I-divergence: 1631.41606393. MSE: 0.84277640679.
Iteration 470. I-divergence: 1631.41606393. MSE: 0.84277640679.
Iteration 471. I-divergence: 1631.41606393. MSE: 0.84277640679.
Iteration 472. I-divergence: 1631.41606393. MSE: 0.84277640679.
Iteration 473. I-divergence: 1631.41606393. MSE: 0.84277640679.
Iteration 474. I-divergence: 1631.41606393. MSE: 0.84277640679.
Iteration 475. I-divergence: 1631.41606393. MSE: 0.84277640679.
Iteration 476. I-divergence: 1631.41606393. MSE: 0.84277640679.
Iteration 477. I-divergence: 1631.41606393. MSE: 0.84277640679.
Iteration 478. I-divergence: 1631.41606393. MSE: 0.84277640679.
Iteration 479. I-divergence: 1631.41606393. MSE: 0.84277640679.
Iteration 480. I-divergence: 1631.41606393. MSE: 0.84277640679.
Iteration 481. I-divergence: 1631.41606393. MSE: 0.84277640679.
Iteration 482. I-divergence: 1631.41606393. MSE: 0.84277640679.
Iteration 483. I-divergence: 1631.41606393. MSE: 0.84277640679.
Iteration 484. I-divergence: 1631.41606393. MSE: 0.84277640679.
Iteration 485. I-divergence: 1631.41606393. MSE: 0.84277640679.
Iteration 486. I-divergence: 1631.41606393. MSE: 0.84277640679.
Iteration 487. I-divergence: 1631.41606393. MSE: 0.84277640679.
Iteration 488. I-divergence: 1631.41606393. MSE: 0.84277640679.
Iteration 489. I-divergence: 1631.41606393. MSE: 0.84277640679.
Iteration 490. I-divergence: 1631.41606393. MSE: 0.84277640679.
Iteration 491. I-divergence: 1631.41606393. MSE: 0.84277640679.
Iteration 492. I-divergence: 1631.41606393. MSE: 0.84277640679.
Iteration 493. I-divergence: 1631.41606393. MSE: 0.84277640679.
Iteration 494. I-divergence: 1631.41606393. MSE: 0.84277640679.
Iteration 495. I-divergence: 1631.41606393. MSE: 0.84277640679.
Iteration 496. I-divergence: 1631.41606393. MSE: 0.84277640679.
Iteration 497. I-divergence: 1631.41606393. MSE: 0.84277640679.
Iteration 498. I-divergence: 1631.41606393. MSE: 0.84277640679.
Iteration 499. I-divergence: 1631.41606393. MSE: 0.84277640679.
Iteration 500. I-divergence: 1631.41606393. MSE: 0.84277640679.
Iteration 501. I-divergence: 1631.41606393. MSE: 0.84277640679.
Iteration 502. I-divergence: 1631.41606393. MSE: 0.84277640679.
Iteration 503. I-divergence: 1631.41606393. MSE: 0.84277640679.
Iteration 504. I-divergence: 1631.41606393. MSE: 0.84277640679.
Iteration 505. I-divergence: 1631.41606393. MSE: 0.84277640679.
Iteration 506. I-divergence: 1631.41606393. MSE: 0.84277640679.
Iteration 507. I-divergence: 1631.41606393. MSE: 0.84277640679.
Iteration 508. I-divergence: 1631.41606393. MSE: 0.84277640679.
Iteration 509. I-divergence: 1631.41606393. MSE: 0.84277640679.
Iteration 510. I-divergence: 1631.41606393. MSE: 0.84277640679.
Iteration 511. I-divergence: 1631.41606393. MSE: 0.84277640679.
Iteration 512. I-divergence: 1631.41606393. MSE: 0.84277640679.
Iteration 513. I-divergence: 1631.41606393. MSE: 0.84277640679.
Iteration 514. I-divergence: 1631.41606393. MSE: 0.84277640679.
Iteration 515. I-divergence: 1631.41606393. MSE: 0.84277640679.
Iteration 516. I-divergence: 1631.41606393. MSE: 0.84277640679.
Iteration 517. I-divergence: 1631.41606393. MSE: 0.84277640679.
Iteration 518. I-divergence: 1631.41606393. MSE: 0.84277640679.
Iteration 519. I-divergence: 1631.41606393. MSE: 0.84277640679.
Iteration 520. I-divergence: 1631.41606393. MSE: 0.84277640679.
Iteration 521. I-divergence: 1631.41606393. MSE: 0.84277640679.
Iteration 522. I-divergence: 1631.41606393. MSE: 0.84277640679.
Iteration 523. I-divergence: 1631.41606393. MSE: 0.84277640679.
Iteration 524. I-divergence: 1631.41606393. MSE: 0.84277640679.
Iteration 525. I-divergence: 1631.41606393. MSE: 0.84277640679.
Iteration 526. I-divergence: 1631.41606393. MSE: 0.84277640679.
Iteration 527. I-divergence: 1631.41606393. MSE: 0.84277640679.
Iteration 528. I-divergence: 1631.41606393. MSE: 0.84277640679.
Iteration 529. I-divergence: 1631.41606393. MSE: 0.84277640679.
Iteration 530. I-divergence: 1631.41606393. MSE: 0.84277640679.
Iteration 531. I-divergence: 1631.41606393. MSE: 0.84277640679.
Iteration 532. I-divergence: 1631.41606393. MSE: 0.84277640679.
Iteration 533. I-divergence: 1631.41606393. MSE: 0.84277640679.
Iteration 534. I-divergence: 1631.41606393. MSE: 0.84277640679.
Iteration 535. I-divergence: 1631.41606393. MSE: 0.84277640679.
Iteration 536. I-divergence: 1631.41606393. MSE: 0.84277640679.
Iteration 537. I-divergence: 1631.41606393. MSE: 0.84277640679.
Iteration 538. I-divergence: 1631.41606393. MSE: 0.84277640679.
Iteration 539. I-divergence: 1631.41606393. MSE: 0.84277640679.
Iteration 540. I-divergence: 1631.41606393. MSE: 0.84277640679.
Iteration 541. I-divergence: 1631.41606393. MSE: 0.84277640679.
Iteration 542. I-divergence: 1631.41606393. MSE: 0.84277640679.
Iteration 543. I-divergence: 1631.41606393. MSE: 0.84277640679.
Iteration 544. I-divergence: 1631.41606393. MSE: 0.84277640679.
Iteration 545. I-divergence: 1631.41606393. MSE: 0.84277640679.
Iteration 546. I-divergence: 1631.41606393. MSE: 0.84277640679.
Iteration 547. I-divergence: 1631.41606393. MSE: 0.84277640679.
Iteration 548. I-divergence: 1631.41606393. MSE: 0.84277640679.
Iteration 549. I-divergence: 1631.41606393. MSE: 0.84277640679.
Iteration 550. I-divergence: 1631.41606393. MSE: 0.84277640679.
Iteration 551. I-divergence: 1631.41606393. MSE: 0.84277640679.
Iteration 552. I-divergence: 1631.41606393. MSE: 0.84277640679.
Iteration 553. I-divergence: 1631.41606393. MSE: 0.84277640679.
Iteration 554. I-divergence: 1631.41606393. MSE: 0.84277640679.
Iteration 555. I-divergence: 1631.41606393. MSE: 0.84277640679.
Iteration 556. I-divergence: 1631.41606393. MSE: 0.84277640679.
Iteration 557. I-divergence: 1631.41606393. MSE: 0.84277640679.
Iteration 558. I-divergence: 1631.41606393. MSE: 0.84277640679.
Iteration 559. I-divergence: 1631.41606393. MSE: 0.84277640679.
Iteration 560. I-divergence: 1631.41606393. MSE: 0.84277640679.
Iteration 561. I-divergence: 1631.41606393. MSE: 0.84277640679.
Iteration 562. I-divergence: 1631.41606393. MSE: 0.84277640679.
Iteration 563. I-divergence: 1631.41606393. MSE: 0.84277640679.
Iteration 564. I-divergence: 1631.41606393. MSE: 0.84277640679.
Iteration 565. I-divergence: 1631.41606393. MSE: 0.84277640679.
Iteration 566. I-divergence: 1631.41606393. MSE: 0.84277640679.
Iteration 567. I-divergence: 1631.41606393. MSE: 0.84277640679.
Iteration 568. I-divergence: 1631.41606393. MSE: 0.84277640679.
Iteration 569. I-divergence: 1631.41606393. MSE: 0.84277640679.
Iteration 570. I-divergence: 1631.41606393. MSE: 0.84277640679.
Iteration 571. I-divergence: 1631.41606393. MSE: 0.84277640679.
Iteration 572. I-divergence: 1631.41606393. MSE: 0.84277640679.
Iteration 573. I-divergence: 1631.41606393. MSE: 0.84277640679.
Iteration 574. I-divergence: 1631.41606393. MSE: 0.84277640679.
Iteration 575. I-divergence: 1631.41606393. MSE: 0.84277640679.
Iteration 576. I-divergence: 1631.41606393. MSE: 0.84277640679.
Iteration 577. I-divergence: 1631.41606393. MSE: 0.84277640679.
Iteration 578. I-divergence: 1631.41606393. MSE: 0.84277640679.
Iteration 579. I-divergence: 1631.41606393. MSE: 0.84277640679.
Iteration 580. I-divergence: 1631.41606393. MSE: 0.84277640679.
Iteration 581. I-divergence: 1631.41606393. MSE: 0.84277640679.
Iteration 582. I-divergence: 1631.41606393. MSE: 0.84277640679.
Iteration 583. I-divergence: 1631.41606393. MSE: 0.84277640679.
Iteration 584. I-divergence: 1631.41606393. MSE: 0.84277640679.
Iteration 585. I-divergence: 1631.41606393. MSE: 0.84277640679.
Iteration 586. I-divergence: 1631.41606393. MSE: 0.84277640679.
Iteration 587. I-divergence: 1631.41606393. MSE: 0.84277640679.
Iteration 588. I-divergence: 1631.41606393. MSE: 0.84277640679.
Iteration 589. I-divergence: 1631.41606393. MSE: 0.84277640679.
Iteration 590. I-divergence: 1631.41606393. MSE: 0.84277640679.
Iteration 591. I-divergence: 1631.41606393. MSE: 0.84277640679.
Iteration 592. I-divergence: 1631.41606393. MSE: 0.84277640679.
Iteration 593. I-divergence: 1631.41606393. MSE: 0.84277640679.
Iteration 594. I-divergence: 1631.41606393. MSE: 0.84277640679.
Iteration 595. I-divergence: 1631.41606393. MSE: 0.84277640679.
Iteration 596. I-divergence: 1631.41606393. MSE: 0.84277640679.
Iteration 597. I-divergence: 1631.41606393. MSE: 0.84277640679.
Iteration 598. I-divergence: 1631.41606393. MSE: 0.84277640679.
Iteration 599. I-divergence: 1631.41606393. MSE: 0.84277640679.
Iteration 600. I-divergence: 1631.41606393. MSE: 0.84277640679.
Iteration 601. I-divergence: 1631.41606393. MSE: 0.84277640679.
Iteration 602. I-divergence: 1631.41606393. MSE: 0.84277640679.
Iteration 603. I-divergence: 1631.41606393. MSE: 0.84277640679.
Iteration 604. I-divergence: 1631.41606393. MSE: 0.84277640679.
Iteration 605. I-divergence: 1631.41606393. MSE: 0.84277640679.
Iteration 606. I-divergence: 1631.41606393. MSE: 0.84277640679.
Iteration 607. I-divergence: 1631.41606393. MSE: 0.84277640679.
Iteration 608. I-divergence: 1631.41606393. MSE: 0.84277640679.
Iteration 609. I-divergence: 1631.41606393. MSE: 0.84277640679.
Iteration 610. I-divergence: 1631.41606393. MSE: 0.84277640679.
Iteration 611. I-divergence: 1631.41606393. MSE: 0.84277640679.
Iteration 612. I-divergence: 1631.41606393. MSE: 0.84277640679.
Iteration 613. I-divergence: 1631.41606393. MSE: 0.84277640679.
Iteration 614. I-divergence: 1631.41606393. MSE: 0.84277640679.
Iteration 615. I-divergence: 1631.41606393. MSE: 0.84277640679.
Iteration 616. I-divergence: 1631.41606393. MSE: 0.84277640679.
Iteration 617. I-divergence: 1631.41606393. MSE: 0.84277640679.
Iteration 618. I-divergence: 1631.41606393. MSE: 0.84277640679.
Iteration 619. I-divergence: 1631.41606393. MSE: 0.84277640679.
Iteration 620. I-divergence: 1631.41606393. MSE: 0.84277640679.
Iteration 621. I-divergence: 1631.41606393. MSE: 0.84277640679.
Iteration 622. I-divergence: 1631.41606393. MSE: 0.84277640679.
Iteration 623. I-divergence: 1631.41606393. MSE: 0.84277640679.
Iteration 624. I-divergence: 1631.41606393. MSE: 0.84277640679.
Iteration 625. I-divergence: 1631.41606393. MSE: 0.84277640679.
Iteration 626. I-divergence: 1631.41606393. MSE: 0.84277640679.
Iteration 627. I-divergence: 1631.41606393. MSE: 0.84277640679.
Iteration 628. I-divergence: 1631.41606393. MSE: 0.84277640679.
Iteration 629. I-divergence: 1631.41606393. MSE: 0.84277640679.
Iteration 630. I-divergence: 1631.41606393. MSE: 0.84277640679.
Iteration 631. I-divergence: 1631.41606393. MSE: 0.84277640679.
Iteration 632. I-divergence: 1631.41606393. MSE: 0.84277640679.
Iteration 633. I-divergence: 1631.41606393. MSE: 0.84277640679.
Iteration 634. I-divergence: 1631.41606393. MSE: 0.84277640679.
Iteration 635. I-divergence: 1631.41606393. MSE: 0.84277640679.
Iteration 636. I-divergence: 1631.41606393. MSE: 0.84277640679.
Iteration 637. I-divergence: 1631.41606393. MSE: 0.84277640679.
Iteration 638. I-divergence: 1631.41606393. MSE: 0.84277640679.
Iteration 639. I-divergence: 1631.41606393. MSE: 0.84277640679.
Iteration 640. I-divergence: 1631.41606393. MSE: 0.84277640679.
Iteration 641. I-divergence: 1631.41606393. MSE: 0.84277640679.
Iteration 642. I-divergence: 1631.41606393. MSE: 0.84277640679.
Iteration 643. I-divergence: 1631.41606393. MSE: 0.84277640679.
Iteration 644. I-divergence: 1631.41606393. MSE: 0.84277640679.
Iteration 645. I-divergence: 1631.41606393. MSE: 0.84277640679.
Iteration 646. I-divergence: 1631.41606393. MSE: 0.84277640679.
Iteration 647. I-divergence: 1631.41606393. MSE: 0.84277640679.
Iteration 648. I-divergence: 1631.41606393. MSE: 0.84277640679.
Iteration 649. I-divergence: 1631.41606393. MSE: 0.84277640679.
Iteration 650. I-divergence: 1631.41606393. MSE: 0.84277640679.
Iteration 651. I-divergence: 1631.41606393. MSE: 0.84277640679.
Iteration 652. I-divergence: 1631.41606393. MSE: 0.84277640679.
Iteration 653. I-divergence: 1631.41606393. MSE: 0.84277640679.
Iteration 654. I-divergence: 1631.41606393. MSE: 0.84277640679.
Iteration 655. I-divergence: 1631.41606393. MSE: 0.84277640679.
Iteration 656. I-divergence: 1631.41606393. MSE: 0.84277640679.
Iteration 657. I-divergence: 1631.41606393. MSE: 0.84277640679.
Iteration 658. I-divergence: 1631.41606393. MSE: 0.84277640679.
Iteration 659. I-divergence: 1631.41606393. MSE: 0.84277640679.
Iteration 660. I-divergence: 1631.41606393. MSE: 0.84277640679.
Iteration 661. I-divergence: 1631.41606393. MSE: 0.84277640679.
Iteration 662. I-divergence: 1631.41606393. MSE: 0.84277640679.
Iteration 663. I-divergence: 1631.41606393. MSE: 0.84277640679.
Iteration 664. I-divergence: 1631.41606393. MSE: 0.84277640679.
Iteration 665. I-divergence: 1631.41606393. MSE: 0.84277640679.
Iteration 666. I-divergence: 1631.41606393. MSE: 0.84277640679.
Iteration 667. I-divergence: 1631.41606393. MSE: 0.84277640679.
Iteration 668. I-divergence: 1631.41606393. MSE: 0.84277640679.
Iteration 669. I-divergence: 1631.41606393. MSE: 0.84277640679.
Iteration 670. I-divergence: 1631.41606393. MSE: 0.84277640679.
Iteration 671. I-divergence: 1631.41606393. MSE: 0.84277640679.
Iteration 672. I-divergence: 1631.41606393. MSE: 0.84277640679.
Iteration 673. I-divergence: 1631.41606393. MSE: 0.84277640679.
Iteration 674. I-divergence: 1631.41606393. MSE: 0.84277640679.
Iteration 675. I-divergence: 1631.41606393. MSE: 0.84277640679.
Iteration 676. I-divergence: 1631.41606393. MSE: 0.84277640679.
Iteration 677. I-divergence: 1631.41606393. MSE: 0.84277640679.
Iteration 678. I-divergence: 1631.41606393. MSE: 0.84277640679.
Iteration 679. I-divergence: 1631.41606393. MSE: 0.84277640679.
Iteration 680. I-divergence: 1631.41606393. MSE: 0.84277640679.
Iteration 681. I-divergence: 1631.41606393. MSE: 0.84277640679.
Iteration 682. I-divergence: 1631.41606393. MSE: 0.84277640679.
Iteration 683. I-divergence: 1631.41606393. MSE: 0.84277640679.
Iteration 684. I-divergence: 1631.41606393. MSE: 0.84277640679.
Iteration 685. I-divergence: 1631.41606393. MSE: 0.84277640679.
Iteration 686. I-divergence: 1631.41606393. MSE: 0.84277640679.
Iteration 687. I-divergence: 1631.41606393. MSE: 0.84277640679.
Iteration 688. I-divergence: 1631.41606393. MSE: 0.84277640679.
Iteration 689. I-divergence: 1631.41606393. MSE: 0.84277640679.
Iteration 690. I-divergence: 1631.41606393. MSE: 0.84277640679.
Iteration 691. I-divergence: 1631.41606393. MSE: 0.84277640679.
Iteration 692. I-divergence: 1631.41606393. MSE: 0.84277640679.
Iteration 693. I-divergence: 1631.41606393. MSE: 0.84277640679.
Iteration 694. I-divergence: 1631.41606393. MSE: 0.84277640679.
Iteration 695. I-divergence: 1631.41606393. MSE: 0.84277640679.
Iteration 696. I-divergence: 1631.41606393. MSE: 0.84277640679.
Iteration 697. I-divergence: 1631.41606393. MSE: 0.84277640679.
Iteration 698. I-divergence: 1631.41606393. MSE: 0.84277640679.
Iteration 699. I-divergence: 1631.41606393. MSE: 0.84277640679.
Iteration 700. I-divergence: 1631.41606393. MSE: 0.84277640679.
Iteration 701. I-divergence: 1631.41606393. MSE: 0.84277640679.
Iteration 702. I-divergence: 1631.41606393. MSE: 0.84277640679.
Iteration 703. I-divergence: 1631.41606393. MSE: 0.84277640679.
Iteration 704. I-divergence: 1631.41606393. MSE: 0.84277640679.
Iteration 705. I-divergence: 1631.41606393. MSE: 0.84277640679.
Iteration 706. I-divergence: 1631.41606393. MSE: 0.84277640679.
Iteration 707. I-divergence: 1631.41606393. MSE: 0.84277640679.
Iteration 708. I-divergence: 1631.41606393. MSE: 0.84277640679.
Iteration 709. I-divergence: 1631.41606393. MSE: 0.84277640679.
Iteration 710. I-divergence: 1631.41606393. MSE: 0.84277640679.
Iteration 711. I-divergence: 1631.41606393. MSE: 0.84277640679.
Iteration 712. I-divergence: 1631.41606393. MSE: 0.84277640679.
Iteration 713. I-divergence: 1631.41606393. MSE: 0.84277640679.
Iteration 714. I-divergence: 1631.41606393. MSE: 0.84277640679.
Iteration 715. I-divergence: 1631.41606393. MSE: 0.84277640679.
Iteration 716. I-divergence: 1631.41606393. MSE: 0.84277640679.
Iteration 717. I-divergence: 1631.41606393. MSE: 0.84277640679.
Iteration 718. I-divergence: 1631.41606393. MSE: 0.84277640679.
Iteration 719. I-divergence: 1631.41606393. MSE: 0.84277640679.
Iteration 720. I-divergence: 1631.41606393. MSE: 0.84277640679.
Iteration 721. I-divergence: 1631.41606393. MSE: 0.84277640679.
Iteration 722. I-divergence: 1631.41606393. MSE: 0.84277640679.
Iteration 723. I-divergence: 1631.41606393. MSE: 0.84277640679.
Iteration 724. I-divergence: 1631.41606393. MSE: 0.84277640679.
Iteration 725. I-divergence: 1631.41606393. MSE: 0.84277640679.
Iteration 726. I-divergence: 1631.41606393. MSE: 0.84277640679.
Iteration 727. I-divergence: 1631.41606393. MSE: 0.84277640679.
Iteration 728. I-divergence: 1631.41606393. MSE: 0.84277640679.
Iteration 729. I-divergence: 1631.41606393. MSE: 0.84277640679.
Iteration 730. I-divergence: 1631.41606393. MSE: 0.84277640679.
Iteration 731. I-divergence: 1631.41606393. MSE: 0.84277640679.
Iteration 732. I-divergence: 1631.41606393. MSE: 0.84277640679.
Iteration 733. I-divergence: 1631.41606393. MSE: 0.84277640679.
Iteration 734. I-divergence: 1631.41606393. MSE: 0.84277640679.
Iteration 735. I-divergence: 1631.41606393. MSE: 0.84277640679.
Iteration 736. I-divergence: 1631.41606393. MSE: 0.84277640679.
Iteration 737. I-divergence: 1631.41606393. MSE: 0.84277640679.
Iteration 738. I-divergence: 1631.41606393. MSE: 0.84277640679.
Iteration 739. I-divergence: 1631.41606393. MSE: 0.84277640679.
Iteration 740. I-divergence: 1631.41606393. MSE: 0.84277640679.
Iteration 741. I-divergence: 1631.41606393. MSE: 0.84277640679.
Iteration 742. I-divergence: 1631.41606393. MSE: 0.84277640679.
Iteration 743. I-divergence: 1631.41606393. MSE: 0.84277640679.
Iteration 744. I-divergence: 1631.41606393. MSE: 0.84277640679.
Iteration 745. I-divergence: 1631.41606393. MSE: 0.84277640679.
Iteration 746. I-divergence: 1631.41606393. MSE: 0.84277640679.
Iteration 747. I-divergence: 1631.41606393. MSE: 0.84277640679.
Iteration 748. I-divergence: 1631.41606393. MSE: 0.84277640679.
Iteration 749. I-divergence: 1631.41606393. MSE: 0.84277640679.
Iteration 750. I-divergence: 1631.41606393. MSE: 0.84277640679.
Iteration 751. I-divergence: 1631.41606393. MSE: 0.84277640679.
Iteration 752. I-divergence: 1631.41606393. MSE: 0.84277640679.
Iteration 753. I-divergence: 1631.41606393. MSE: 0.84277640679.
Iteration 754. I-divergence: 1631.41606393. MSE: 0.84277640679.
Iteration 755. I-divergence: 1631.41606393. MSE: 0.84277640679.
Iteration 756. I-divergence: 1631.41606393. MSE: 0.84277640679.
Iteration 757. I-divergence: 1631.41606393. MSE: 0.84277640679.
Iteration 758. I-divergence: 1631.41606393. MSE: 0.84277640679.
Iteration 759. I-divergence: 1631.41606393. MSE: 0.84277640679.
Iteration 760. I-divergence: 1631.41606393. MSE: 0.84277640679.
Iteration 761. I-divergence: 1631.41606393. MSE: 0.84277640679.
Iteration 762. I-divergence: 1631.41606393. MSE: 0.84277640679.
Iteration 763. I-divergence: 1631.41606393. MSE: 0.84277640679.
Iteration 764. I-divergence: 1631.41606393. MSE: 0.84277640679.
Iteration 765. I-divergence: 1631.41606393. MSE: 0.84277640679.
Iteration 766. I-divergence: 1631.41606393. MSE: 0.84277640679.
Iteration 767. I-divergence: 1631.41606393. MSE: 0.84277640679.
Iteration 768. I-divergence: 1631.41606393. MSE: 0.84277640679.
Iteration 769. I-divergence: 1631.41606393. MSE: 0.84277640679.
Iteration 770. I-divergence: 1631.41606393. MSE: 0.84277640679.
Iteration 771. I-divergence: 1631.41606393. MSE: 0.84277640679.
Iteration 772. I-divergence: 1631.41606393. MSE: 0.84277640679.
Iteration 773. I-divergence: 1631.41606393. MSE: 0.84277640679.
Iteration 774. I-divergence: 1631.41606393. MSE: 0.84277640679.
Iteration 775. I-divergence: 1631.41606393. MSE: 0.84277640679.
Iteration 776. I-divergence: 1631.41606393. MSE: 0.84277640679.
Iteration 777. I-divergence: 1631.41606393. MSE: 0.84277640679.
Iteration 778. I-divergence: 1631.41606393. MSE: 0.84277640679.
Iteration 779. I-divergence: 1631.41606393. MSE: 0.84277640679.
Iteration 780. I-divergence: 1631.41606393. MSE: 0.84277640679.
Iteration 781. I-divergence: 1631.41606393. MSE: 0.84277640679.
Iteration 782. I-divergence: 1631.41606393. MSE: 0.84277640679.
Iteration 783. I-divergence: 1631.41606393. MSE: 0.84277640679.
Iteration 784. I-divergence: 1631.41606393. MSE: 0.84277640679.
Iteration 785. I-divergence: 1631.41606393. MSE: 0.84277640679.
Iteration 786. I-divergence: 1631.41606393. MSE: 0.84277640679.
Iteration 787. I-divergence: 1631.41606393. MSE: 0.84277640679.
Iteration 788. I-divergence: 1631.41606393. MSE: 0.84277640679.
Iteration 789. I-divergence: 1631.41606393. MSE: 0.84277640679.
Iteration 790. I-divergence: 1631.41606393. MSE: 0.84277640679.
Iteration 791. I-divergence: 1631.41606393. MSE: 0.84277640679.
Iteration 792. I-divergence: 1631.41606393. MSE: 0.84277640679.
Iteration 793. I-divergence: 1631.41606393. MSE: 0.84277640679.
Iteration 794. I-divergence: 1631.41606393. MSE: 0.84277640679.
Iteration 795. I-divergence: 1631.41606393. MSE: 0.84277640679.
Iteration 796. I-divergence: 1631.41606393. MSE: 0.84277640679.
Iteration 797. I-divergence: 1631.41606393. MSE: 0.84277640679.
Iteration 798. I-divergence: 1631.41606393. MSE: 0.84277640679.
Iteration 799. I-divergence: 1631.41606393. MSE: 0.84277640679.
Iteration 800. I-divergence: 1631.41606393. MSE: 0.84277640679.
Iteration 801. I-divergence: 1631.41606393. MSE: 0.84277640679.
Iteration 802. I-divergence: 1631.41606393. MSE: 0.84277640679.
Iteration 803. I-divergence: 1631.41606393. MSE: 0.84277640679.
Iteration 804. I-divergence: 1631.41606393. MSE: 0.84277640679.
Iteration 805. I-divergence: 1631.41606393. MSE: 0.84277640679.
Iteration 806. I-divergence: 1631.41606393. MSE: 0.84277640679.
Iteration 807. I-divergence: 1631.41606393. MSE: 0.84277640679.
Iteration 808. I-divergence: 1631.41606393. MSE: 0.84277640679.
Iteration 809. I-divergence: 1631.41606393. MSE: 0.84277640679.
Iteration 810. I-divergence: 1631.41606393. MSE: 0.84277640679.
Iteration 811. I-divergence: 1631.41606393. MSE: 0.84277640679.
Iteration 812. I-divergence: 1631.41606393. MSE: 0.84277640679.
Iteration 813. I-divergence: 1631.41606393. MSE: 0.84277640679.
Iteration 814. I-divergence: 1631.41606393. MSE: 0.84277640679.
Iteration 815. I-divergence: 1631.41606393. MSE: 0.84277640679.
Iteration 816. I-divergence: 1631.41606393. MSE: 0.84277640679.
Iteration 817. I-divergence: 1631.41606393. MSE: 0.84277640679.
Iteration 818. I-divergence: 1631.41606393. MSE: 0.84277640679.
Iteration 819. I-divergence: 1631.41606393. MSE: 0.84277640679.
Iteration 820. I-divergence: 1631.41606393. MSE: 0.84277640679.
Iteration 821. I-divergence: 1631.41606393. MSE: 0.84277640679.
Iteration 822. I-divergence: 1631.41606393. MSE: 0.84277640679.
Iteration 823. I-divergence: 1631.41606393. MSE: 0.84277640679.
Iteration 824. I-divergence: 1631.41606393. MSE: 0.84277640679.
Iteration 825. I-divergence: 1631.41606393. MSE: 0.84277640679.
Iteration 826. I-divergence: 1631.41606393. MSE: 0.84277640679.
Iteration 827. I-divergence: 1631.41606393. MSE: 0.84277640679.
Iteration 828. I-divergence: 1631.41606393. MSE: 0.84277640679.
Iteration 829. I-divergence: 1631.41606393. MSE: 0.84277640679.
Iteration 830. I-divergence: 1631.41606393. MSE: 0.84277640679.
Iteration 831. I-divergence: 1631.41606393. MSE: 0.84277640679.
Iteration 832. I-divergence: 1631.41606393. MSE: 0.84277640679.
Iteration 833. I-divergence: 1631.41606393. MSE: 0.84277640679.
Iteration 834. I-divergence: 1631.41606393. MSE: 0.84277640679.
Iteration 835. I-divergence: 1631.41606393. MSE: 0.84277640679.
Iteration 836. I-divergence: 1631.41606393. MSE: 0.84277640679.
Iteration 837. I-divergence: 1631.41606393. MSE: 0.84277640679.
Iteration 838. I-divergence: 1631.41606393. MSE: 0.84277640679.
Iteration 839. I-divergence: 1631.41606393. MSE: 0.84277640679.
Iteration 840. I-divergence: 1631.41606393. MSE: 0.84277640679.
Iteration 841. I-divergence: 1631.41606393. MSE: 0.84277640679.
Iteration 842. I-divergence: 1631.41606393. MSE: 0.84277640679.
Iteration 843. I-divergence: 1631.41606393. MSE: 0.84277640679.
Iteration 844. I-divergence: 1631.41606393. MSE: 0.84277640679.
Iteration 845. I-divergence: 1631.41606393. MSE: 0.84277640679.
Iteration 846. I-divergence: 1631.41606393. MSE: 0.84277640679.
Iteration 847. I-divergence: 1631.41606393. MSE: 0.84277640679.
Iteration 848. I-divergence: 1631.41606393. MSE: 0.84277640679.
Iteration 849. I-divergence: 1631.41606393. MSE: 0.84277640679.
Iteration 850. I-divergence: 1631.41606393. MSE: 0.84277640679.
Iteration 851. I-divergence: 1631.41606393. MSE: 0.84277640679.
Iteration 852. I-divergence: 1631.41606393. MSE: 0.84277640679.
Iteration 853. I-divergence: 1631.41606393. MSE: 0.84277640679.
Iteration 854. I-divergence: 1631.41606393. MSE: 0.84277640679.
Iteration 855. I-divergence: 1631.41606393. MSE: 0.84277640679.
Iteration 856. I-divergence: 1631.41606393. MSE: 0.84277640679.
Iteration 857. I-divergence: 1631.41606393. MSE: 0.84277640679.
Iteration 858. I-divergence: 1631.41606393. MSE: 0.84277640679.
Iteration 859. I-divergence: 1631.41606393. MSE: 0.84277640679.
Iteration 860. I-divergence: 1631.41606393. MSE: 0.84277640679.
Iteration 861. I-divergence: 1631.41606393. MSE: 0.84277640679.
Iteration 862. I-divergence: 1631.41606393. MSE: 0.84277640679.
Iteration 863. I-divergence: 1631.41606393. MSE: 0.84277640679.
Iteration 864. I-divergence: 1631.41606393. MSE: 0.84277640679.
Iteration 865. I-divergence: 1631.41606393. MSE: 0.84277640679.
Iteration 866. I-divergence: 1631.41606393. MSE: 0.84277640679.
Iteration 867. I-divergence: 1631.41606393. MSE: 0.84277640679.
Iteration 868. I-divergence: 1631.41606393. MSE: 0.84277640679.
Iteration 869. I-divergence: 1631.41606393. MSE: 0.84277640679.
Iteration 870. I-divergence: 1631.41606393. MSE: 0.84277640679.
Iteration 871. I-divergence: 1631.41606393. MSE: 0.84277640679.
Iteration 872. I-divergence: 1631.41606393. MSE: 0.84277640679.
Iteration 873. I-divergence: 1631.41606393. MSE: 0.84277640679.
Iteration 874. I-divergence: 1631.41606393. MSE: 0.84277640679.
Iteration 875. I-divergence: 1631.41606393. MSE: 0.84277640679.
Iteration 876. I-divergence: 1631.41606393. MSE: 0.84277640679.
Iteration 877. I-divergence: 1631.41606393. MSE: 0.84277640679.
Iteration 878. I-divergence: 1631.41606393. MSE: 0.84277640679.
Iteration 879. I-divergence: 1631.41606393. MSE: 0.84277640679.
Iteration 880. I-divergence: 1631.41606393. MSE: 0.84277640679.
Iteration 881. I-divergence: 1631.41606393. MSE: 0.84277640679.
Iteration 882. I-divergence: 1631.41606393. MSE: 0.84277640679.
Iteration 883. I-divergence: 1631.41606393. MSE: 0.84277640679.
Iteration 884. I-divergence: 1631.41606393. MSE: 0.84277640679.
Iteration 885. I-divergence: 1631.41606393. MSE: 0.84277640679.
Iteration 886. I-divergence: 1631.41606393. MSE: 0.84277640679.
Iteration 887. I-divergence: 1631.41606393. MSE: 0.84277640679.
Iteration 888. I-divergence: 1631.41606393. MSE: 0.84277640679.
Iteration 889. I-divergence: 1631.41606393. MSE: 0.84277640679.
Iteration 890. I-divergence: 1631.41606393. MSE: 0.84277640679.
Iteration 891. I-divergence: 1631.41606393. MSE: 0.84277640679.
Iteration 892. I-divergence: 1631.41606393. MSE: 0.84277640679.
Iteration 893. I-divergence: 1631.41606393. MSE: 0.84277640679.
Iteration 894. I-divergence: 1631.41606393. MSE: 0.84277640679.
Iteration 895. I-divergence: 1631.41606393. MSE: 0.84277640679.
Iteration 896. I-divergence: 1631.41606393. MSE: 0.84277640679.
Iteration 897. I-divergence: 1631.41606393. MSE: 0.84277640679.
Iteration 898. I-divergence: 1631.41606393. MSE: 0.84277640679.
Iteration 899. I-divergence: 1631.41606393. MSE: 0.84277640679.
Iteration 900. I-divergence: 1631.41606393. MSE: 0.84277640679.
Iteration 901. I-divergence: 1631.41606393. MSE: 0.84277640679.
Iteration 902. I-divergence: 1631.41606393. MSE: 0.84277640679.
Iteration 903. I-divergence: 1631.41606393. MSE: 0.84277640679.
Iteration 904. I-divergence: 1631.41606393. MSE: 0.84277640679.
Iteration 905. I-divergence: 1631.41606393. MSE: 0.84277640679.
Iteration 906. I-divergence: 1631.41606393. MSE: 0.84277640679.
Iteration 907. I-divergence: 1631.41606393. MSE: 0.84277640679.
Iteration 908. I-divergence: 1631.41606393. MSE: 0.84277640679.
Iteration 909. I-divergence: 1631.41606393. MSE: 0.84277640679.
Iteration 910. I-divergence: 1631.41606393. MSE: 0.84277640679.
Iteration 911. I-divergence: 1631.41606393. MSE: 0.84277640679.
Iteration 912. I-divergence: 1631.41606393. MSE: 0.84277640679.
Iteration 913. I-divergence: 1631.41606393. MSE: 0.84277640679.
Iteration 914. I-divergence: 1631.41606393. MSE: 0.84277640679.
Iteration 915. I-divergence: 1631.41606393. MSE: 0.84277640679.
Iteration 916. I-divergence: 1631.41606393. MSE: 0.84277640679.
Iteration 917. I-divergence: 1631.41606393. MSE: 0.84277640679.
Iteration 918. I-divergence: 1631.41606393. MSE: 0.84277640679.
Iteration 919. I-divergence: 1631.41606393. MSE: 0.84277640679.
Iteration 920. I-divergence: 1631.41606393. MSE: 0.84277640679.
Iteration 921. I-divergence: 1631.41606393. MSE: 0.84277640679.
Iteration 922. I-divergence: 1631.41606393. MSE: 0.84277640679.
Iteration 923. I-divergence: 1631.41606393. MSE: 0.84277640679.
Iteration 924. I-divergence: 1631.41606393. MSE: 0.84277640679.
Iteration 925. I-divergence: 1631.41606393. MSE: 0.84277640679.
Iteration 926. I-divergence: 1631.41606393. MSE: 0.84277640679.
Iteration 927. I-divergence: 1631.41606393. MSE: 0.84277640679.
Iteration 928. I-divergence: 1631.41606393. MSE: 0.84277640679.
Iteration 929. I-divergence: 1631.41606393. MSE: 0.84277640679.
Iteration 930. I-divergence: 1631.41606393. MSE: 0.84277640679.
Iteration 931. I-divergence: 1631.41606393. MSE: 0.84277640679.
Iteration 932. I-divergence: 1631.41606393. MSE: 0.84277640679.
Iteration 933. I-divergence: 1631.41606393. MSE: 0.84277640679.
Iteration 934. I-divergence: 1631.41606393. MSE: 0.84277640679.
Iteration 935. I-divergence: 1631.41606393. MSE: 0.84277640679.
Iteration 936. I-divergence: 1631.41606393. MSE: 0.84277640679.
Iteration 937. I-divergence: 1631.41606393. MSE: 0.84277640679.
Iteration 938. I-divergence: 1631.41606393. MSE: 0.84277640679.
Iteration 939. I-divergence: 1631.41606393. MSE: 0.84277640679.
Iteration 940. I-divergence: 1631.41606393. MSE: 0.84277640679.
Iteration 941. I-divergence: 1631.41606393. MSE: 0.84277640679.
Iteration 942. I-divergence: 1631.41606393. MSE: 0.84277640679.
Iteration 943. I-divergence: 1631.41606393. MSE: 0.84277640679.
Iteration 944. I-divergence: 1631.41606393. MSE: 0.84277640679.
Iteration 945. I-divergence: 1631.41606393. MSE: 0.84277640679.
Iteration 946. I-divergence: 1631.41606393. MSE: 0.84277640679.
Iteration 947. I-divergence: 1631.41606393. MSE: 0.84277640679.
Iteration 948. I-divergence: 1631.41606393. MSE: 0.84277640679.
Iteration 949. I-divergence: 1631.41606393. MSE: 0.84277640679.
Iteration 950. I-divergence: 1631.41606393. MSE: 0.84277640679.
Iteration 951. I-divergence: 1631.41606393. MSE: 0.84277640679.
Iteration 952. I-divergence: 1631.41606393. MSE: 0.84277640679.
Iteration 953. I-divergence: 1631.41606393. MSE: 0.84277640679.
Iteration 954. I-divergence: 1631.41606393. MSE: 0.84277640679.
Iteration 955. I-divergence: 1631.41606393. MSE: 0.84277640679.
Iteration 956. I-divergence: 1631.41606393. MSE: 0.84277640679.
Iteration 957. I-divergence: 1631.41606393. MSE: 0.84277640679.
Iteration 958. I-divergence: 1631.41606393. MSE: 0.84277640679.
Iteration 959. I-divergence: 1631.41606393. MSE: 0.84277640679.
Iteration 960. I-divergence: 1631.41606393. MSE: 0.84277640679.
Iteration 961. I-divergence: 1631.41606393. MSE: 0.84277640679.
Iteration 962. I-divergence: 1631.41606393. MSE: 0.84277640679.
Iteration 963. I-divergence: 1631.41606393. MSE: 0.84277640679.
Iteration 964. I-divergence: 1631.41606393. MSE: 0.84277640679.
Iteration 965. I-divergence: 1631.41606393. MSE: 0.84277640679.
Iteration 966. I-divergence: 1631.41606393. MSE: 0.84277640679.
Iteration 967. I-divergence: 1631.41606393. MSE: 0.84277640679.
Iteration 968. I-divergence: 1631.41606393. MSE: 0.84277640679.
Iteration 969. I-divergence: 1631.41606393. MSE: 0.84277640679.
Iteration 970. I-divergence: 1631.41606393. MSE: 0.84277640679.
Iteration 971. I-divergence: 1631.41606393. MSE: 0.84277640679.
Iteration 972. I-divergence: 1631.41606393. MSE: 0.84277640679.
Iteration 973. I-divergence: 1631.41606393. MSE: 0.84277640679.
Iteration 974. I-divergence: 1631.41606393. MSE: 0.84277640679.
Iteration 975. I-divergence: 1631.41606393. MSE: 0.84277640679.
Iteration 976. I-divergence: 1631.41606393. MSE: 0.84277640679.
Iteration 977. I-divergence: 1631.41606393. MSE: 0.84277640679.
Iteration 978. I-divergence: 1631.41606393. MSE: 0.84277640679.
Iteration 979. I-divergence: 1631.41606393. MSE: 0.84277640679.
Iteration 980. I-divergence: 1631.41606393. MSE: 0.84277640679.
Iteration 981. I-divergence: 1631.41606393. MSE: 0.84277640679.
Iteration 982. I-divergence: 1631.41606393. MSE: 0.84277640679.
Iteration 983. I-divergence: 1631.41606393. MSE: 0.84277640679.
Iteration 984. I-divergence: 1631.41606393. MSE: 0.84277640679.
Iteration 985. I-divergence: 1631.41606393. MSE: 0.84277640679.
Iteration 986. I-divergence: 1631.41606393. MSE: 0.84277640679.
Iteration 987. I-divergence: 1631.41606393. MSE: 0.84277640679.
Iteration 988. I-divergence: 1631.41606393. MSE: 0.84277640679.
Iteration 989. I-divergence: 1631.41606393. MSE: 0.84277640679.
Iteration 990. I-divergence: 1631.41606393. MSE: 0.84277640679.
Iteration 991. I-divergence: 1631.41606393. MSE: 0.84277640679.
Iteration 992. I-divergence: 1631.41606393. MSE: 0.84277640679.
Iteration 993. I-divergence: 1631.41606393. MSE: 0.84277640679.
Iteration 994. I-divergence: 1631.41606393. MSE: 0.84277640679.
Iteration 995. I-divergence: 1631.41606393. MSE: 0.84277640679.
Iteration 996. I-divergence: 1631.41606393. MSE: 0.84277640679.
Iteration 997. I-divergence: 1631.41606393. MSE: 0.84277640679.
Iteration 998. I-divergence: 1631.41606393. MSE: 0.84277640679.
Iteration 999. I-divergence: 1631.41606393. MSE: 0.84277640679.
Iteration 1000. I-divergence: 1631.41606393. MSE: 0.84277640679.
Performance on test set: MSE=0.854483256799, I-div=412.444489635.
0.854483256799
