Fold 1 for k=5,l=20.
Initialising F using KMeans.
Iteration: 1.
Iteration: 2.
Iteration: 3.
Iteration: 4.
Iteration: 5.
Iteration: 6.
Iteration: 7.
Iteration: 8.
Iteration: 9.
Iteration: 10.
Iteration: 11.
Iteration: 12.
Iteration: 13.
Iteration: 14.
Iteration: 15.
[191.0, 106.0, 143.0, 125.0, 57.0]
Initialising G using KMeans.
Iteration: 1.
Iteration: 2.
Iteration: 3.
Iteration: 4.
Iteration: 5.
Iteration: 6.
Iteration: 7.
Iteration: 8.
Iteration: 9.
[4.0, 5.0, 7.0, 23.0, 0.0, 2.0, 0.0, 26.0, 27.0, 0.0, 3.0, 0.0, 0.0, 15.0, 0.0, 0.0, 1.0, 12.0, 14.0, 0.0]
Iteration 0. I-divergence: 57209.1232586. MSE: 23.6211866503.
Iteration 1. I-divergence: 1734.7368507. MSE: 0.897230557204.
Iteration 2. I-divergence: 1624.06419306. MSE: 0.838929264043.
Iteration 3. I-divergence: 1618.0533979. MSE: 0.835772102706.
Iteration 4. I-divergence: 1614.3177566. MSE: 0.8338092184.
Iteration 5. I-divergence: 1610.87276118. MSE: 0.831998240507.
Iteration 6. I-divergence: 1607.59387504. MSE: 0.830274417431.
Iteration 7. I-divergence: 1604.4616287. MSE: 0.828627703436.
Iteration 8. I-divergence: 1601.4664997. MSE: 0.827053154266.
Iteration 9. I-divergence: 1598.60091256. MSE: 0.825546807284.
Iteration 10. I-divergence: 1595.85805322. MSE: 0.824105085063.
Iteration 11. I-divergence: 1593.23159529. MSE: 0.822724661021.
Iteration 12. I-divergence: 1590.71560992. MSE: 0.821402415524.
Iteration 13. I-divergence: 1588.30452182. MSE: 0.82013541404.
Iteration 14. I-divergence: 1585.99307922. MSE: 0.818920891807.
Iteration 15. I-divergence: 1583.77632933. MSE: 0.817756241129.
Iteration 16. I-divergence: 1581.64959691. MSE: 0.816639000178.
Iteration 17. I-divergence: 1579.60846506. MSE: 0.815566842913.
Iteration 18. I-divergence: 1577.64875778. MSE: 0.814537569941.
Iteration 19. I-divergence: 1575.76652407. MSE: 0.813549100177.
Iteration 20. I-divergence: 1573.95802344. MSE: 0.81259946323.
Iteration 21. I-divergence: 1572.21971261. MSE: 0.811686792418.
Iteration 22. I-divergence: 1570.5482333. MSE: 0.810809318355.
Iteration 23. I-divergence: 1568.94040096. MSE: 0.809965363055.
Iteration 24. I-divergence: 1567.39319445. MSE: 0.809153334481.
Iteration 25. I-divergence: 1565.90374641. MSE: 0.808371721527.
Iteration 26. I-divergence: 1564.46933443. MSE: 0.807619089354.
Iteration 27. I-divergence: 1563.08737283. MSE: 0.806894075081.
Iteration 28. I-divergence: 1561.75540499. MSE: 0.806195383767.
Iteration 29. I-divergence: 1560.47109627. MSE: 0.80552178468.
Iteration 30. I-divergence: 1559.23222734. MSE: 0.804872107818.
Iteration 31. I-divergence: 1558.03668805. MSE: 0.804245240653.
Iteration 32. I-divergence: 1556.88247157. MSE: 0.80364012509.
Iteration 33. I-divergence: 1555.76766901. MSE: 0.803055754622.
Iteration 34. I-divergence: 1554.69046431. MSE: 0.802491171649.
Iteration 35. I-divergence: 1553.64912948. MSE: 0.801945464971.
Iteration 36. I-divergence: 1552.64202007. MSE: 0.801417767421.
Iteration 37. I-divergence: 1551.66757095. MSE: 0.80090725364.
Iteration 38. I-divergence: 1550.72429232. MSE: 0.800413137977.
Iteration 39. I-divergence: 1549.81076593. MSE: 0.799934672504.
Iteration 40. I-divergence: 1548.92564152. MSE: 0.799471145148.
Iteration 41. I-divergence: 1548.06763346. MSE: 0.799021877914.
Iteration 42. I-divergence: 1547.23551756. MSE: 0.798586225209.
Iteration 43. I-divergence: 1546.42812801. MSE: 0.798163572253.
Iteration 44. I-divergence: 1545.64435457. MSE: 0.79775333357.
Iteration 45. I-divergence: 1544.88313985. MSE: 0.797354951563.
Iteration 46. I-divergence: 1544.14347669. MSE: 0.796967895153.
Iteration 47. I-divergence: 1543.42440576. MSE: 0.79659165849.
Iteration 48. I-divergence: 1542.72501319. MSE: 0.796225759733.
Iteration 49. I-divergence: 1542.04442841. MSE: 0.795869739883.
Iteration 50. I-divergence: 1541.38182203. MSE: 0.795523161676.
Iteration 51. I-divergence: 1540.73640382. MSE: 0.795185608534.
Iteration 52. I-divergence: 1540.10742085. MSE: 0.794856683561.
Iteration 53. I-divergence: 1539.49415566. MSE: 0.794536008593.
Iteration 54. I-divergence: 1538.89592457. MSE: 0.794223223292.
Iteration 55. I-divergence: 1538.31207599. MSE: 0.793917984279.
Iteration 56. I-divergence: 1537.74198892. MSE: 0.79361996432.
Iteration 57. I-divergence: 1537.18507144. MSE: 0.79332885154.
Iteration 58. I-divergence: 1536.64075933. MSE: 0.79304434868.
Iteration 59. I-divergence: 1536.10851467. MSE: 0.792766172392.
Iteration 60. I-divergence: 1535.58782464. MSE: 0.792494052559.
Iteration 61. I-divergence: 1535.07820025. MSE: 0.792227731661.
Iteration 62. I-divergence: 1534.57917519. MSE: 0.791966964158.
Iteration 63. I-divergence: 1534.09030475. MSE: 0.791711515913.
Iteration 64. I-divergence: 1533.61116478. MSE: 0.791461163636.
Iteration 65. I-divergence: 1533.14135065. MSE: 0.791215694359.
Iteration 66. I-divergence: 1532.68047635. MSE: 0.790974904938.
Iteration 67. I-divergence: 1532.22817356. MSE: 0.790738601569.
Iteration 68. I-divergence: 1531.78409079. MSE: 0.790506599342.
Iteration 69. I-divergence: 1531.34789259. MSE: 0.790278721808.
Iteration 70. I-divergence: 1530.91925875. MSE: 0.790054800564.
Iteration 71. I-divergence: 1530.49788357. MSE: 0.789834674868.
Iteration 72. I-divergence: 1530.08347516. MSE: 0.789618191268.
Iteration 73. I-divergence: 1529.67575477. MSE: 0.789405203243.
Iteration 74. I-divergence: 1529.27445614. MSE: 0.789195570875.
Iteration 75. I-divergence: 1528.87932495. MSE: 0.788989160525.
Iteration 76. I-divergence: 1528.49011816. MSE: 0.788785844533.
Iteration 77. I-divergence: 1528.10660355. MSE: 0.788585500926.
Iteration 78. I-divergence: 1527.72855914. MSE: 0.788388013147.
Iteration 79. I-divergence: 1527.35577275. MSE: 0.788193269793.
Iteration 80. I-divergence: 1526.98804148. MSE: 0.788001164368.
Iteration 81. I-divergence: 1526.6251713. MSE: 0.787811595048.
Iteration 82. I-divergence: 1526.26697661. MSE: 0.787624464457.
Iteration 83. I-divergence: 1525.91327985. MSE: 0.787439679455.
Iteration 84. I-divergence: 1525.56391112. MSE: 0.787257150935.
Iteration 85. I-divergence: 1525.2187078. MSE: 0.787076793635.
Iteration 86. I-divergence: 1524.87751422. MSE: 0.786898525949.
Iteration 87. I-divergence: 1524.54018133. MSE: 0.786722269762.
Iteration 88. I-divergence: 1524.20656639. MSE: 0.78654795028.
Iteration 89. I-divergence: 1523.87653267. MSE: 0.786375495874.
Iteration 90. I-divergence: 1523.54994917. MSE: 0.786204837935.
Iteration 91. I-divergence: 1523.22669036. MSE: 0.78603591073.
Iteration 92. I-divergence: 1522.90663591. MSE: 0.78586865127.
Iteration 93. I-divergence: 1522.58967048. MSE: 0.785702999181.
Iteration 94. I-divergence: 1522.27568346. MSE: 0.785538896583.
Iteration 95. I-divergence: 1521.96456876. MSE: 0.785376287978.
Iteration 96. I-divergence: 1521.65622461. MSE: 0.785215120136.
Iteration 97. I-divergence: 1521.35055337. MSE: 0.785055341997.
Iteration 98. I-divergence: 1521.04746132. MSE: 0.784896904566.
Iteration 99. I-divergence: 1520.74685851. MSE: 0.784739760826.
Iteration 100. I-divergence: 1520.44865857. MSE: 0.784583865641.
Iteration 101. I-divergence: 1520.15277856. MSE: 0.78442917568.
Iteration 102. I-divergence: 1519.85913882. MSE: 0.784275649329.
Iteration 103. I-divergence: 1519.5676628. MSE: 0.78412324662.
Iteration 104. I-divergence: 1519.27827697. MSE: 0.783971929153.
Iteration 105. I-divergence: 1518.99091064. MSE: 0.783821660032.
Iteration 106. I-divergence: 1518.70549587. MSE: 0.783672403796.
Iteration 107. I-divergence: 1518.42196732. MSE: 0.783524126355.
Iteration 108. I-divergence: 1518.14026215. MSE: 0.783376794933.
Iteration 109. I-divergence: 1517.86031995. MSE: 0.783230378011.
Iteration 110. I-divergence: 1517.58208257. MSE: 0.783084845273.
Iteration 111. I-divergence: 1517.30549407. MSE: 0.782940167552.
Iteration 112. I-divergence: 1517.0305006. MSE: 0.782796316783.
Iteration 113. I-divergence: 1516.75705033. MSE: 0.782653265957.
Iteration 114. I-divergence: 1516.48509337. MSE: 0.782510989077.
Iteration 115. I-divergence: 1516.21458167. MSE: 0.78236946111.
Iteration 116. I-divergence: 1515.94546895. MSE: 0.782228657956.
Iteration 117. I-divergence: 1515.67771064. MSE: 0.782088556401.
Iteration 118. I-divergence: 1515.41126377. MSE: 0.781949134086.
Iteration 119. I-divergence: 1515.14608698. MSE: 0.781810369468.
Iteration 120. I-divergence: 1514.88214037. MSE: 0.78167224179.
Iteration 121. I-divergence: 1514.61938549. MSE: 0.781534731047.
Iteration 122. I-divergence: 1514.35778528. MSE: 0.781397817955.
Iteration 123. I-divergence: 1514.097304. MSE: 0.781261483925.
Iteration 124. I-divergence: 1513.83790719. MSE: 0.781125711033.
Iteration 125. I-divergence: 1513.57956159. MSE: 0.780990481995.
Iteration 126. I-divergence: 1513.32223515. MSE: 0.780855780138.
Iteration 127. I-divergence: 1513.06589692. MSE: 0.780721589382.
Iteration 128. I-divergence: 1512.81051704. MSE: 0.780587894212.
Iteration 129. I-divergence: 1512.55606672. MSE: 0.780454679658.
Iteration 130. I-divergence: 1512.30251813. MSE: 0.780321931273.
Iteration 131. I-divergence: 1512.04984444. MSE: 0.780189635115.
Iteration 132. I-divergence: 1511.79801973. MSE: 0.780057777724.
Iteration 133. I-divergence: 1511.54701898. MSE: 0.779926346107.
Iteration 134. I-divergence: 1511.29681802. MSE: 0.779795327718.
Iteration 135. I-divergence: 1511.04739351. MSE: 0.779664710445.
Iteration 136. I-divergence: 1510.79872292. MSE: 0.779534482586.
Iteration 137. I-divergence: 1510.55078447. MSE: 0.779404632843.
Iteration 138. I-divergence: 1510.30355712. MSE: 0.779275150301.
Iteration 139. I-divergence: 1510.05702054. MSE: 0.779146024413.
Iteration 140. I-divergence: 1509.8111551. MSE: 0.779017244992.
Iteration 141. I-divergence: 1509.5659418. MSE: 0.778888802193.
Iteration 142. I-divergence: 1509.32136231. MSE: 0.778760686503.
Iteration 143. I-divergence: 1509.07739889. MSE: 0.778632888726.
Iteration 144. I-divergence: 1508.83403439. MSE: 0.778505399976.
Iteration 145. I-divergence: 1508.59125224. MSE: 0.778378211661.
Iteration 146. I-divergence: 1508.34903642. MSE: 0.778251315476.
Iteration 147. I-divergence: 1508.10737142. MSE: 0.778124703392.
Iteration 148. I-divergence: 1507.86624227. MSE: 0.777998367645.
Iteration 149. I-divergence: 1507.62563447. MSE: 0.777872300727.
Iteration 150. I-divergence: 1507.38553401. MSE: 0.777746495377.
Iteration 151. I-divergence: 1507.14592732. MSE: 0.777620944574.
Iteration 152. I-divergence: 1506.90680129. MSE: 0.777495641525.
Iteration 153. I-divergence: 1506.66814323. MSE: 0.777370579662.
Iteration 154. I-divergence: 1506.42994087. MSE: 0.777245752628.
Iteration 155. I-divergence: 1506.19218233. MSE: 0.777121154275.
Iteration 156. I-divergence: 1505.95485611. MSE: 0.776996778654.
Iteration 157. I-divergence: 1505.71795109. MSE: 0.77687262001.
Iteration 158. I-divergence: 1505.48145651. MSE: 0.776748672774.
Iteration 159. I-divergence: 1505.24536195. MSE: 0.776624931555.
Iteration 160. I-divergence: 1505.00965733. MSE: 0.776501391137.
Iteration 161. I-divergence: 1504.77433289. MSE: 0.776378046474.
Iteration 162. I-divergence: 1504.53937918. MSE: 0.776254892678.
Iteration 163. I-divergence: 1504.30478706. MSE: 0.77613192502.
Iteration 164. I-divergence: 1504.07054768. MSE: 0.776009138923.
Iteration 165. I-divergence: 1503.83665245. MSE: 0.775886529955.
Iteration 166. I-divergence: 1503.6030931. MSE: 0.775764093826.
Iteration 167. I-divergence: 1503.36986157. MSE: 0.775641826382.
Iteration 168. I-divergence: 1503.13695009. MSE: 0.775519723601.
Iteration 169. I-divergence: 1502.90435112. MSE: 0.77539778159.
Iteration 170. I-divergence: 1502.67205736. MSE: 0.775275996578.
Iteration 171. I-divergence: 1502.44006176. MSE: 0.775154364914.
Iteration 172. I-divergence: 1502.20835746. MSE: 0.775032883063.
Iteration 173. I-divergence: 1501.97693784. MSE: 0.774911547599.
Iteration 174. I-divergence: 1501.74579648. MSE: 0.774790355208.
Iteration 175. I-divergence: 1501.51492715. MSE: 0.774669302677.
Iteration 176. I-divergence: 1501.28432384. MSE: 0.774548386895.
Iteration 177. I-divergence: 1501.0539807. MSE: 0.774427604849.
Iteration 178. I-divergence: 1500.82389209. MSE: 0.774306953621.
Iteration 179. I-divergence: 1500.59405253. MSE: 0.774186430383.
Iteration 180. I-divergence: 1500.36445671. MSE: 0.774066032396.
Iteration 181. I-divergence: 1500.1350995. MSE: 0.773945757007.
Iteration 182. I-divergence: 1499.90597591. MSE: 0.773825601646.
Iteration 183. I-divergence: 1499.67708111. MSE: 0.773705563821.
Iteration 184. I-divergence: 1499.44841043. MSE: 0.77358564112.
Iteration 185. I-divergence: 1499.21995934. MSE: 0.773465831205.
Iteration 186. I-divergence: 1498.99172345. MSE: 0.773346131811.
Iteration 187. I-divergence: 1498.7636985. MSE: 0.773226540743.
Iteration 188. I-divergence: 1498.53588037. MSE: 0.773107055874.
Iteration 189. I-divergence: 1498.30826506. MSE: 0.772987675142.
Iteration 190. I-divergence: 1498.08084871. MSE: 0.772868396551.
Iteration 191. I-divergence: 1497.85362755. MSE: 0.772749218165.
Iteration 192. I-divergence: 1497.62659795. MSE: 0.772630138108.
Iteration 193. I-divergence: 1497.39975639. MSE: 0.772511154562.
Iteration 194. I-divergence: 1497.17309944. MSE: 0.772392265764.
Iteration 195. I-divergence: 1496.9466238. MSE: 0.772273470009.
Iteration 196. I-divergence: 1496.72032625. MSE: 0.772154765639.
Iteration 197. I-divergence: 1496.49420368. MSE: 0.772036151051.
Iteration 198. I-divergence: 1496.26825307. MSE: 0.77191762469.
Iteration 199. I-divergence: 1496.0424715. MSE: 0.771799185048.
Iteration 200. I-divergence: 1495.81685614. MSE: 0.771680830664.
Iteration 201. I-divergence: 1495.59140423. MSE: 0.771562560123.
Iteration 202. I-divergence: 1495.36611312. MSE: 0.77144437205.
Iteration 203. I-divergence: 1495.14098021. MSE: 0.771326265114.
Iteration 204. I-divergence: 1494.916003. MSE: 0.771208238026.
Iteration 205. I-divergence: 1494.69117907. MSE: 0.771090289534.
Iteration 206. I-divergence: 1494.46650606. MSE: 0.770972418426.
Iteration 207. I-divergence: 1494.24198169. MSE: 0.770854623526.
Iteration 208. I-divergence: 1494.01760375. MSE: 0.770736903693.
Iteration 209. I-divergence: 1493.79337008. MSE: 0.770619257822.
Iteration 210. I-divergence: 1493.56927861. MSE: 0.770501684842.
Iteration 211. I-divergence: 1493.34532732. MSE: 0.770384183713.
Iteration 212. I-divergence: 1493.12151426. MSE: 0.770266753429.
Iteration 213. I-divergence: 1492.89783753. MSE: 0.770149393011.
Iteration 214. I-divergence: 1492.67429528. MSE: 0.770032101514.
Iteration 215. I-divergence: 1492.45088575. MSE: 0.769914878017.
Iteration 216. I-divergence: 1492.22760718. MSE: 0.769797721631.
Iteration 217. I-divergence: 1492.00445792. MSE: 0.769680631492.
Iteration 218. I-divergence: 1491.78143632. MSE: 0.769563606762.
Iteration 219. I-divergence: 1491.55854082. MSE: 0.769446646629.
Iteration 220. I-divergence: 1491.33576989. MSE: 0.769329750306.
Iteration 221. I-divergence: 1491.11312203. MSE: 0.769212917028.
Iteration 222. I-divergence: 1490.89059582. MSE: 0.769096146055.
Iteration 223. I-divergence: 1490.66818986. MSE: 0.768979436668.
Iteration 224. I-divergence: 1490.44590279. MSE: 0.76886278817.
Iteration 225. I-divergence: 1490.2237333. MSE: 0.768746199887.
Iteration 226. I-divergence: 1490.00168013. MSE: 0.768629671162.
Iteration 227. I-divergence: 1489.77974202. MSE: 0.76851320136.
Iteration 228. I-divergence: 1489.5579178. MSE: 0.768396789865.
Iteration 229. I-divergence: 1489.33620629. MSE: 0.768280436078.
Iteration 230. I-divergence: 1489.11460638. MSE: 0.768164139421.
Iteration 231. I-divergence: 1488.89311696. MSE: 0.76804789933.
Iteration 232. I-divergence: 1488.67173698. MSE: 0.76793171526.
Iteration 233. I-divergence: 1488.45046542. MSE: 0.767815586682.
Iteration 234. I-divergence: 1488.22930127. MSE: 0.767699513084.
Iteration 235. I-divergence: 1488.00824357. MSE: 0.767583493966.
Iteration 236. I-divergence: 1487.78729138. MSE: 0.767467528848.
Iteration 237. I-divergence: 1487.5664438. MSE: 0.767351617259.
Iteration 238. I-divergence: 1487.34569994. MSE: 0.767235758747.
Iteration 239. I-divergence: 1487.12505894. MSE: 0.767119952871.
Iteration 240. I-divergence: 1486.90451998. MSE: 0.767004199203.
Iteration 241. I-divergence: 1486.68408226. MSE: 0.766888497329.
Iteration 242. I-divergence: 1486.46374498. MSE: 0.766772846847.
Iteration 243. I-divergence: 1486.2435074. MSE: 0.766657247367.
Iteration 244. I-divergence: 1486.02336879. MSE: 0.766541698511.
Iteration 245. I-divergence: 1485.80332842. MSE: 0.766426199912.
Iteration 246. I-divergence: 1485.58338561. MSE: 0.766310751215.
Iteration 247. I-divergence: 1485.3635397. MSE: 0.766195352073.
Iteration 248. I-divergence: 1485.14379002. MSE: 0.766080002153.
Iteration 249. I-divergence: 1484.92413595. MSE: 0.76596470113.
Iteration 250. I-divergence: 1484.70457689. MSE: 0.765849448688.
Iteration 251. I-divergence: 1484.48511223. MSE: 0.765734244523.
Iteration 252. I-divergence: 1484.2657414. MSE: 0.765619088338.
Iteration 253. I-divergence: 1484.04646385. MSE: 0.765503979845.
Iteration 254. I-divergence: 1483.82727904. MSE: 0.765388918766.
Iteration 255. I-divergence: 1483.60818643. MSE: 0.765273904831.
Iteration 256. I-divergence: 1483.38918553. MSE: 0.765158937776.
Iteration 257. I-divergence: 1483.17027584. MSE: 0.765044017349.
Iteration 258. I-divergence: 1482.95145689. MSE: 0.764929143302.
Iteration 259. I-divergence: 1482.7327282. MSE: 0.764814315396.
Iteration 260. I-divergence: 1482.51408933. MSE: 0.764699533398.
Iteration 261. I-divergence: 1482.29553984. MSE: 0.764584797085.
Iteration 262. I-divergence: 1482.07707932. MSE: 0.764470106237.
Iteration 263. I-divergence: 1481.85870735. MSE: 0.764355460643.
Iteration 264. I-divergence: 1481.64042353. MSE: 0.764240860098.
Iteration 265. I-divergence: 1481.42222748. MSE: 0.764126304403.
Iteration 266. I-divergence: 1481.20411883. MSE: 0.764011793364.
Iteration 267. I-divergence: 1480.98609721. MSE: 0.763897326794.
Iteration 268. I-divergence: 1480.76816227. MSE: 0.763782904513.
Iteration 269. I-divergence: 1480.55031368. MSE: 0.763668526343.
Iteration 270. I-divergence: 1480.3325511. MSE: 0.763554192115.
Iteration 271. I-divergence: 1480.11487421. MSE: 0.763439901662.
Iteration 272. I-divergence: 1479.8972827. MSE: 0.763325654825.
Iteration 273. I-divergence: 1479.67977628. MSE: 0.763211451447.
Iteration 274. I-divergence: 1479.46235465. MSE: 0.763097291378.
Iteration 275. I-divergence: 1479.24501753. MSE: 0.762983174472.
Iteration 276. I-divergence: 1479.02776465. MSE: 0.762869100587.
Iteration 277. I-divergence: 1478.81059574. MSE: 0.762755069585.
Iteration 278. I-divergence: 1478.59351054. MSE: 0.762641081334.
Iteration 279. I-divergence: 1478.3765088. MSE: 0.762527135703.
Iteration 280. I-divergence: 1478.15959029. MSE: 0.762413232569.
Iteration 281. I-divergence: 1477.94275477. MSE: 0.762299371809.
Iteration 282. I-divergence: 1477.72600202. MSE: 0.762185553307.
Iteration 283. I-divergence: 1477.50933181. MSE: 0.762071776948.
Iteration 284. I-divergence: 1477.29274393. MSE: 0.761958042621.
Iteration 285. I-divergence: 1477.07623818. MSE: 0.761844350221.
Iteration 286. I-divergence: 1476.85981435. MSE: 0.761730699643.
Iteration 287. I-divergence: 1476.64347226. MSE: 0.761617090786.
Iteration 288. I-divergence: 1476.42721172. MSE: 0.761503523554.
Iteration 289. I-divergence: 1476.21103255. MSE: 0.761389997852.
Iteration 290. I-divergence: 1475.99493456. MSE: 0.761276513589.
Iteration 291. I-divergence: 1475.7789176. MSE: 0.761163070677.
Iteration 292. I-divergence: 1475.5629815. MSE: 0.761049669029.
Iteration 293. I-divergence: 1475.34712609. MSE: 0.760936308563.
Iteration 294. I-divergence: 1475.13135123. MSE: 0.760822989199.
Iteration 295. I-divergence: 1474.91565676. MSE: 0.760709710859.
Iteration 296. I-divergence: 1474.70004254. MSE: 0.760596473467.
Iteration 297. I-divergence: 1474.48450844. MSE: 0.76048327695.
Iteration 298. I-divergence: 1474.26905431. MSE: 0.760370121239.
Iteration 299. I-divergence: 1474.05368003. MSE: 0.760257006264.
Iteration 300. I-divergence: 1473.83838547. MSE: 0.760143931961.
Iteration 301. I-divergence: 1473.62317051. MSE: 0.760030898263.
Iteration 302. I-divergence: 1473.40803503. MSE: 0.759917905111.
Iteration 303. I-divergence: 1473.19297892. MSE: 0.759804952444.
Iteration 304. I-divergence: 1472.97800206. MSE: 0.759692040204.
Iteration 305. I-divergence: 1472.76310435. MSE: 0.759579168335.
Iteration 306. I-divergence: 1472.54828569. MSE: 0.759466336783.
Iteration 307. I-divergence: 1472.33354597. MSE: 0.759353545496.
Iteration 308. I-divergence: 1472.11888511. MSE: 0.759240794423.
Iteration 309. I-divergence: 1471.904303. MSE: 0.759128083516.
Iteration 310. I-divergence: 1471.68979956. MSE: 0.759015412726.
Iteration 311. I-divergence: 1471.47537471. MSE: 0.758902782008.
Iteration 312. I-divergence: 1471.26102835. MSE: 0.758790191319.
Iteration 313. I-divergence: 1471.04676041. MSE: 0.758677640616.
Iteration 314. I-divergence: 1470.8325708. MSE: 0.758565129857.
Iteration 315. I-divergence: 1470.61845947. MSE: 0.758452659003.
Iteration 316. I-divergence: 1470.40442632. MSE: 0.758340228016.
Iteration 317. I-divergence: 1470.1904713. MSE: 0.758227836858.
Iteration 318. I-divergence: 1469.97659433. MSE: 0.758115485494.
Iteration 319. I-divergence: 1469.76279535. MSE: 0.75800317389.
Iteration 320. I-divergence: 1469.5490743. MSE: 0.757890902013.
Iteration 321. I-divergence: 1469.33543112. MSE: 0.75777866983.
Iteration 322. I-divergence: 1469.12186575. MSE: 0.75766647731.
Iteration 323. I-divergence: 1468.90837813. MSE: 0.757554324426.
Iteration 324. I-divergence: 1468.69496821. MSE: 0.757442211146.
Iteration 325. I-divergence: 1468.48163595. MSE: 0.757330137445.
Iteration 326. I-divergence: 1468.26838128. MSE: 0.757218103296.
Iteration 327. I-divergence: 1468.05520417. MSE: 0.757106108673.
Iteration 328. I-divergence: 1467.84210456. MSE: 0.756994153552.
Iteration 329. I-divergence: 1467.62908241. MSE: 0.75688223791.
Iteration 330. I-divergence: 1467.41613769. MSE: 0.756770361724.
Iteration 331. I-divergence: 1467.20327034. MSE: 0.756658524972.
Iteration 332. I-divergence: 1466.99048034. MSE: 0.756546727634.
Iteration 333. I-divergence: 1466.77776764. MSE: 0.75643496969.
Iteration 334. I-divergence: 1466.56513222. MSE: 0.75632325112.
Iteration 335. I-divergence: 1466.35257403. MSE: 0.756211571907.
Iteration 336. I-divergence: 1466.14009304. MSE: 0.756099932033.
Iteration 337. I-divergence: 1465.92768922. MSE: 0.755988331482.
Iteration 338. I-divergence: 1465.71536255. MSE: 0.755876770237.
Iteration 339. I-divergence: 1465.50311299. MSE: 0.755765248284.
Iteration 340. I-divergence: 1465.29094052. MSE: 0.755653765607.
Iteration 341. I-divergence: 1465.07884512. MSE: 0.755542322194.
Iteration 342. I-divergence: 1464.86682675. MSE: 0.75543091803.
Iteration 343. I-divergence: 1464.6548854. MSE: 0.755319553104.
Iteration 344. I-divergence: 1464.44302104. MSE: 0.755208227404.
Iteration 345. I-divergence: 1464.23123366. MSE: 0.755096940918.
Iteration 346. I-divergence: 1464.01952323. MSE: 0.754985693635.
Iteration 347. I-divergence: 1463.80788974. MSE: 0.754874485547.
Iteration 348. I-divergence: 1463.59633317. MSE: 0.754763316643.
Iteration 349. I-divergence: 1463.3848535. MSE: 0.754652186915.
Iteration 350. I-divergence: 1463.17345072. MSE: 0.754541096354.
Iteration 351. I-divergence: 1462.96212481. MSE: 0.754430044952.
Iteration 352. I-divergence: 1462.75087576. MSE: 0.754319032703.
Iteration 353. I-divergence: 1462.53970356. MSE: 0.754208059598.
Iteration 354. I-divergence: 1462.3286082. MSE: 0.754097125633.
Iteration 355. I-divergence: 1462.11758966. MSE: 0.753986230801.
Iteration 356. I-divergence: 1461.90664794. MSE: 0.753875375098.
Iteration 357. I-divergence: 1461.69578303. MSE: 0.753764558517.
Iteration 358. I-divergence: 1461.48499492. MSE: 0.753653781055.
Iteration 359. I-divergence: 1461.2742836. MSE: 0.753543042708.
Iteration 360. I-divergence: 1461.06364907. MSE: 0.753432343472.
Iteration 361. I-divergence: 1460.85309133. MSE: 0.753321683344.
Iteration 362. I-divergence: 1460.64261036. MSE: 0.753211062321.
Iteration 363. I-divergence: 1460.43220616. MSE: 0.753100480402.
Iteration 364. I-divergence: 1460.22187874. MSE: 0.752989937584.
Iteration 365. I-divergence: 1460.01162808. MSE: 0.752879433865.
Iteration 366. I-divergence: 1459.80145419. MSE: 0.752768969246.
Iteration 367. I-divergence: 1459.59135706. MSE: 0.752658543724.
Iteration 368. I-divergence: 1459.3813367. MSE: 0.752548157299.
Iteration 369. I-divergence: 1459.17139311. MSE: 0.752437809972.
Iteration 370. I-divergence: 1458.96152628. MSE: 0.752327501742.
Iteration 371. I-divergence: 1458.75173621. MSE: 0.752217232611.
Iteration 372. I-divergence: 1458.54202292. MSE: 0.75210700258.
Iteration 373. I-divergence: 1458.33238639. MSE: 0.751996811649.
Iteration 374. I-divergence: 1458.12282665. MSE: 0.75188665982.
Iteration 375. I-divergence: 1457.91334368. MSE: 0.751776547096.
Iteration 376. I-divergence: 1457.70393749. MSE: 0.751666473479.
Iteration 377. I-divergence: 1457.4946081. MSE: 0.751556438971.
Iteration 378. I-divergence: 1457.28535549. MSE: 0.751446443575.
Iteration 379. I-divergence: 1457.07617969. MSE: 0.751336487294.
Iteration 380. I-divergence: 1456.8670807. MSE: 0.751226570133.
Iteration 381. I-divergence: 1456.65805851. MSE: 0.751116692094.
Iteration 382. I-divergence: 1456.44911315. MSE: 0.751006853183.
Iteration 383. I-divergence: 1456.24024462. MSE: 0.750897053403.
Iteration 384. I-divergence: 1456.03145293. MSE: 0.750787292759.
Iteration 385. I-divergence: 1455.82273809. MSE: 0.750677571256.
Iteration 386. I-divergence: 1455.6141001. MSE: 0.750567888899.
Iteration 387. I-divergence: 1455.40553899. MSE: 0.750458245695.
Iteration 388. I-divergence: 1455.19705475. MSE: 0.750348641648.
Iteration 389. I-divergence: 1454.9886474. MSE: 0.750239076765.
Iteration 390. I-divergence: 1454.78031695. MSE: 0.750129551053.
Iteration 391. I-divergence: 1454.57206341. MSE: 0.750020064517.
Iteration 392. I-divergence: 1454.3638868. MSE: 0.749910617166.
Iteration 393. I-divergence: 1454.15578713. MSE: 0.749801209005.
Iteration 394. I-divergence: 1453.94776442. MSE: 0.749691840043.
Iteration 395. I-divergence: 1453.73981867. MSE: 0.749582510287.
Iteration 396. I-divergence: 1453.5319499. MSE: 0.749473219746.
Iteration 397. I-divergence: 1453.32415813. MSE: 0.749363968427.
Iteration 398. I-divergence: 1453.11644337. MSE: 0.749254756339.
Iteration 399. I-divergence: 1452.90880563. MSE: 0.749145583491.
Iteration 400. I-divergence: 1452.70124494. MSE: 0.749036449892.
Iteration 401. I-divergence: 1452.49376132. MSE: 0.748927355552.
Iteration 402. I-divergence: 1452.28635477. MSE: 0.748818300479.
Iteration 403. I-divergence: 1452.07902531. MSE: 0.748709284684.
Iteration 404. I-divergence: 1451.87177297. MSE: 0.748600308177.
Iteration 405. I-divergence: 1451.66459777. MSE: 0.748491370968.
Iteration 406. I-divergence: 1451.45749971. MSE: 0.748382473068.
Iteration 407. I-divergence: 1451.25047883. MSE: 0.748273614487.
Iteration 408. I-divergence: 1451.04353514. MSE: 0.748164795238.
Iteration 409. I-divergence: 1450.83666866. MSE: 0.748056015332.
Iteration 410. I-divergence: 1450.62987941. MSE: 0.747947274779.
Iteration 411. I-divergence: 1450.42316742. MSE: 0.747838573593.
Iteration 412. I-divergence: 1450.21653271. MSE: 0.747729911786.
Iteration 413. I-divergence: 1450.00997529. MSE: 0.747621289369.
Iteration 414. I-divergence: 1449.8034952. MSE: 0.747512706357.
Iteration 415. I-divergence: 1449.59709245. MSE: 0.747404162761.
Iteration 416. I-divergence: 1449.39076707. MSE: 0.747295658596.
Iteration 417. I-divergence: 1449.18451909. MSE: 0.747187193875.
Iteration 418. I-divergence: 1448.97834852. MSE: 0.747078768613.
Iteration 419. I-divergence: 1448.7722554. MSE: 0.746970382822.
Iteration 420. I-divergence: 1448.56623975. MSE: 0.746862036519.
Iteration 421. I-divergence: 1448.3603016. MSE: 0.746753729717.
Iteration 422. I-divergence: 1448.15444097. MSE: 0.746645462433.
Iteration 423. I-divergence: 1447.94865789. MSE: 0.746537234681.
Iteration 424. I-divergence: 1447.74295239. MSE: 0.746429046477.
Iteration 425. I-divergence: 1447.5373245. MSE: 0.746320897837.
Iteration 426. I-divergence: 1447.33177425. MSE: 0.746212788777.
Iteration 427. I-divergence: 1447.12630166. MSE: 0.746104719315.
Iteration 428. I-divergence: 1446.92090677. MSE: 0.745996689467.
Iteration 429. I-divergence: 1446.7155896. MSE: 0.74588869925.
Iteration 430. I-divergence: 1446.5103502. MSE: 0.745780748682.
Iteration 431. I-divergence: 1446.30518859. MSE: 0.745672837782.
Iteration 432. I-divergence: 1446.10010479. MSE: 0.745564966567.
Iteration 433. I-divergence: 1445.89509886. MSE: 0.745457135055.
Iteration 434. I-divergence: 1445.69017082. MSE: 0.745349343267.
Iteration 435. I-divergence: 1445.4853207. MSE: 0.74524159122.
Iteration 436. I-divergence: 1445.28054854. MSE: 0.745133878935.
Iteration 437. I-divergence: 1445.07585437. MSE: 0.745026206432.
Iteration 438. I-divergence: 1444.87123824. MSE: 0.744918573731.
Iteration 439. I-divergence: 1444.66670017. MSE: 0.744810980853.
Iteration 440. I-divergence: 1444.46224021. MSE: 0.744703427818.
Iteration 441. I-divergence: 1444.25785839. MSE: 0.744595914648.
Iteration 442. I-divergence: 1444.05355476. MSE: 0.744488441365.
Iteration 443. I-divergence: 1443.84932934. MSE: 0.744381007991.
Iteration 444. I-divergence: 1443.64518219. MSE: 0.744273614549.
Iteration 445. I-divergence: 1443.44111334. MSE: 0.744166261061.
Iteration 446. I-divergence: 1443.23712283. MSE: 0.744058947551.
Iteration 447. I-divergence: 1443.03321071. MSE: 0.743951674042.
Iteration 448. I-divergence: 1442.82937701. MSE: 0.743844440558.
Iteration 449. I-divergence: 1442.62562179. MSE: 0.743737247125.
Iteration 450. I-divergence: 1442.42194508. MSE: 0.743630093766.
Iteration 451. I-divergence: 1442.21834694. MSE: 0.743522980507.
Iteration 452. I-divergence: 1442.0148274. MSE: 0.743415907374.
Iteration 453. I-divergence: 1441.81138652. MSE: 0.743308874392.
Iteration 454. I-divergence: 1441.60802433. MSE: 0.743201881589.
Iteration 455. I-divergence: 1441.4047409. MSE: 0.743094928992.
Iteration 456. I-divergence: 1441.20153626. MSE: 0.742988016627.
Iteration 457. I-divergence: 1440.99841047. MSE: 0.742881144523.
Iteration 458. I-divergence: 1440.79536358. MSE: 0.742774312708.
Iteration 459. I-divergence: 1440.59239564. MSE: 0.74266752121.
Iteration 460. I-divergence: 1440.3895067. MSE: 0.742560770059.
Iteration 461. I-divergence: 1440.18669681. MSE: 0.742454059285.
Iteration 462. I-divergence: 1439.98396604. MSE: 0.742347388917.
Iteration 463. I-divergence: 1439.78131442. MSE: 0.742240758987.
Iteration 464. I-divergence: 1439.57874202. MSE: 0.742134169525.
Iteration 465. I-divergence: 1439.3762489. MSE: 0.742027620563.
Iteration 466. I-divergence: 1439.17383511. MSE: 0.741921112133.
Iteration 467. I-divergence: 1438.97150071. MSE: 0.741814644267.
Iteration 468. I-divergence: 1438.76924576. MSE: 0.741708216999.
Iteration 469. I-divergence: 1438.56707032. MSE: 0.741601830362.
Iteration 470. I-divergence: 1438.36497444. MSE: 0.74149548439.
Iteration 471. I-divergence: 1438.16295821. MSE: 0.741389179118.
Iteration 472. I-divergence: 1437.96102166. MSE: 0.741282914581.
Iteration 473. I-divergence: 1437.75916488. MSE: 0.741176690815.
Iteration 474. I-divergence: 1437.55738791. MSE: 0.741070507855.
Iteration 475. I-divergence: 1437.35569084. MSE: 0.740964365738.
Iteration 476. I-divergence: 1437.15407373. MSE: 0.740858264503.
Iteration 477. I-divergence: 1436.95253663. MSE: 0.740752204185.
Iteration 478. I-divergence: 1436.75107963. MSE: 0.740646184825.
Iteration 479. I-divergence: 1436.5497028. MSE: 0.74054020646.
Iteration 480. I-divergence: 1436.3484062. MSE: 0.740434269131.
Iteration 481. I-divergence: 1436.1471899. MSE: 0.740328372877.
Iteration 482. I-divergence: 1435.94605398. MSE: 0.740222517739.
Iteration 483. I-divergence: 1435.74499852. MSE: 0.740116703758.
Iteration 484. I-divergence: 1435.54402358. MSE: 0.740010930976.
Iteration 485. I-divergence: 1435.34312925. MSE: 0.739905199436.
Iteration 486. I-divergence: 1435.1423156. MSE: 0.739799509181.
Iteration 487. I-divergence: 1434.94158271. MSE: 0.739693860254.
Iteration 488. I-divergence: 1434.74093066. MSE: 0.739588252699.
Iteration 489. I-divergence: 1434.54035953. MSE: 0.739482686562.
Iteration 490. I-divergence: 1434.33986941. MSE: 0.739377161887.
Iteration 491. I-divergence: 1434.13946037. MSE: 0.739271678722.
Iteration 492. I-divergence: 1433.9391325. MSE: 0.739166237112.
Iteration 493. I-divergence: 1433.73888589. MSE: 0.739060837106.
Iteration 494. I-divergence: 1433.53872062. MSE: 0.738955478751.
Iteration 495. I-divergence: 1433.33863678. MSE: 0.738850162097.
Iteration 496. I-divergence: 1433.13863446. MSE: 0.738744887191.
Iteration 497. I-divergence: 1432.93871375. MSE: 0.738639654086.
Iteration 498. I-divergence: 1432.73887474. MSE: 0.738534462831.
Iteration 499. I-divergence: 1432.53911753. MSE: 0.738429313477.
Iteration 500. I-divergence: 1432.33944221. MSE: 0.738324206078.
Iteration 501. I-divergence: 1432.13984887. MSE: 0.738219140685.
Iteration 502. I-divergence: 1431.94033762. MSE: 0.738114117352.
Iteration 503. I-divergence: 1431.74090854. MSE: 0.738009136134.
Iteration 504. I-divergence: 1431.54156175. MSE: 0.737904197085.
Iteration 505. I-divergence: 1431.34229733. MSE: 0.737799300261.
Iteration 506. I-divergence: 1431.14311539. MSE: 0.737694445718.
Iteration 507. I-divergence: 1430.94401604. MSE: 0.737589633514.
Iteration 508. I-divergence: 1430.74499938. MSE: 0.737484863705.
Iteration 509. I-divergence: 1430.54606552. MSE: 0.737380136352.
Iteration 510. I-divergence: 1430.34721456. MSE: 0.737275451512.
Iteration 511. I-divergence: 1430.14844661. MSE: 0.737170809247.
Iteration 512. I-divergence: 1429.94976179. MSE: 0.737066209616.
Iteration 513. I-divergence: 1429.7511602. MSE: 0.736961652681.
Iteration 514. I-divergence: 1429.55264196. MSE: 0.736857138505.
Iteration 515. I-divergence: 1429.35420718. MSE: 0.73675266715.
Iteration 516. I-divergence: 1429.15585598. MSE: 0.736648238681.
Iteration 517. I-divergence: 1428.95758848. MSE: 0.736543853162.
Iteration 518. I-divergence: 1428.75940479. MSE: 0.736439510659.
Iteration 519. I-divergence: 1428.56130503. MSE: 0.736335211237.
Iteration 520. I-divergence: 1428.36328933. MSE: 0.736230954963.
Iteration 521. I-divergence: 1428.16535782. MSE: 0.736126741906.
Iteration 522. I-divergence: 1427.9675106. MSE: 0.736022572133.
Iteration 523. I-divergence: 1427.76974782. MSE: 0.735918445715.
Iteration 524. I-divergence: 1427.5720696. MSE: 0.735814362722.
Iteration 525. I-divergence: 1427.37447607. MSE: 0.735710323223.
Iteration 526. I-divergence: 1427.17696736. MSE: 0.735606327292.
Iteration 527. I-divergence: 1426.9795436. MSE: 0.735502375001.
Iteration 528. I-divergence: 1426.78220492. MSE: 0.735398466423.
Iteration 529. I-divergence: 1426.58495147. MSE: 0.735294601632.
Iteration 530. I-divergence: 1426.38778338. MSE: 0.735190780704.
Iteration 531. I-divergence: 1426.19070078. MSE: 0.735087003715.
Iteration 532. I-divergence: 1425.99370382. MSE: 0.734983270741.
Iteration 533. I-divergence: 1425.79679265. MSE: 0.734879581861.
Iteration 534. I-divergence: 1425.59996739. MSE: 0.734775937152.
Iteration 535. I-divergence: 1425.40322821. MSE: 0.734672336694.
Iteration 536. I-divergence: 1425.20657523. MSE: 0.734568780568.
Iteration 537. I-divergence: 1425.01000863. MSE: 0.734465268853.
Iteration 538. I-divergence: 1424.81352853. MSE: 0.734361801633.
Iteration 539. I-divergence: 1424.6171351. MSE: 0.73425837899.
Iteration 540. I-divergence: 1424.42082849. MSE: 0.734155001008.
Iteration 541. I-divergence: 1424.22460886. MSE: 0.734051667772.
Iteration 542. I-divergence: 1424.02847635. MSE: 0.733948379366.
Iteration 543. I-divergence: 1423.83243113. MSE: 0.733845135878.
Iteration 544. I-divergence: 1423.63647335. MSE: 0.733741937394.
Iteration 545. I-divergence: 1423.44060319. MSE: 0.733638784002.
Iteration 546. I-divergence: 1423.2448208. MSE: 0.733535675793.
Iteration 547. I-divergence: 1423.04912635. MSE: 0.733432612855.
Iteration 548. I-divergence: 1422.85352. MSE: 0.733329595279.
Iteration 549. I-divergence: 1422.65800192. MSE: 0.733226623157.
Iteration 550. I-divergence: 1422.46257229. MSE: 0.733123696582.
Iteration 551. I-divergence: 1422.26723127. MSE: 0.733020815647.
Iteration 552. I-divergence: 1422.07197903. MSE: 0.732917980446.
Iteration 553. I-divergence: 1421.87681576. MSE: 0.732815191076.
Iteration 554. I-divergence: 1421.68174163. MSE: 0.732712447632.
Iteration 555. I-divergence: 1421.48675682. MSE: 0.732609750211.
Iteration 556. I-divergence: 1421.2918615. MSE: 0.732507098911.
Iteration 557. I-divergence: 1421.09705587. MSE: 0.732404493832.
Iteration 558. I-divergence: 1420.90234009. MSE: 0.732301935074.
Iteration 559. I-divergence: 1420.70771437. MSE: 0.732199422736.
Iteration 560. I-divergence: 1420.51317889. MSE: 0.732096956922.
Iteration 561. I-divergence: 1420.31873383. MSE: 0.731994537733.
Iteration 562. I-divergence: 1420.12437938. MSE: 0.731892165273.
Iteration 563. I-divergence: 1419.93011575. MSE: 0.731789839647.
Iteration 564. I-divergence: 1419.73594312. MSE: 0.73168756096.
Iteration 565. I-divergence: 1419.54186168. MSE: 0.731585329319.
Iteration 566. I-divergence: 1419.34787164. MSE: 0.731483144831.
Iteration 567. I-divergence: 1419.1539732. MSE: 0.731381007603.
Iteration 568. I-divergence: 1418.96016656. MSE: 0.731278917746.
Iteration 569. I-divergence: 1418.76645192. MSE: 0.73117687537.
Iteration 570. I-divergence: 1418.57282948. MSE: 0.731074880584.
Iteration 571. I-divergence: 1418.37929945. MSE: 0.730972933502.
Iteration 572. I-divergence: 1418.18586204. MSE: 0.730871034237.
Iteration 573. I-divergence: 1417.99251746. MSE: 0.730769182901.
Iteration 574. I-divergence: 1417.79926593. MSE: 0.73066737961.
Iteration 575. I-divergence: 1417.60610764. MSE: 0.730565624479.
Iteration 576. I-divergence: 1417.41304283. MSE: 0.730463917625.
Iteration 577. I-divergence: 1417.2200717. MSE: 0.730362259166.
Iteration 578. I-divergence: 1417.02719448. MSE: 0.730260649219.
Iteration 579. I-divergence: 1416.83441139. MSE: 0.730159087905.
Iteration 580. I-divergence: 1416.64172264. MSE: 0.730057575344.
Iteration 581. I-divergence: 1416.44912847. MSE: 0.729956111656.
Iteration 582. I-divergence: 1416.2566291. MSE: 0.729854696964.
Iteration 583. I-divergence: 1416.06422475. MSE: 0.72975333139.
Iteration 584. I-divergence: 1415.87191565. MSE: 0.72965201506.
Iteration 585. I-divergence: 1415.67970204. MSE: 0.729550748097.
Iteration 586. I-divergence: 1415.48758415. MSE: 0.729449530628.
Iteration 587. I-divergence: 1415.29556221. MSE: 0.729348362779.
Iteration 588. I-divergence: 1415.10363646. MSE: 0.729247244678.
Iteration 589. I-divergence: 1414.91180714. MSE: 0.729146176453.
Iteration 590. I-divergence: 1414.72007448. MSE: 0.729045158234.
Iteration 591. I-divergence: 1414.52843874. MSE: 0.72894419015.
Iteration 592. I-divergence: 1414.33690014. MSE: 0.728843272334.
Iteration 593. I-divergence: 1414.14545893. MSE: 0.728742404917.
Iteration 594. I-divergence: 1413.95411537. MSE: 0.728641588033.
Iteration 595. I-divergence: 1413.7628697. MSE: 0.728540821814.
Iteration 596. I-divergence: 1413.57172216. MSE: 0.728440106397.
Iteration 597. I-divergence: 1413.38067302. MSE: 0.728339441916.
Iteration 598. I-divergence: 1413.18972252. MSE: 0.728238828508.
Iteration 599. I-divergence: 1412.99887092. MSE: 0.728138266311.
Iteration 600. I-divergence: 1412.80811847. MSE: 0.728037755462.
Iteration 601. I-divergence: 1412.61746544. MSE: 0.727937296101.
Iteration 602. I-divergence: 1412.42691208. MSE: 0.727836888368.
Iteration 603. I-divergence: 1412.23645865. MSE: 0.727736532404.
Iteration 604. I-divergence: 1412.04610542. MSE: 0.72763622835.
Iteration 605. I-divergence: 1411.85585265. MSE: 0.727535976349.
Iteration 606. I-divergence: 1411.6657006. MSE: 0.727435776544.
Iteration 607. I-divergence: 1411.47564955. MSE: 0.72733562908.
Iteration 608. I-divergence: 1411.28569977. MSE: 0.727235534101.
Iteration 609. I-divergence: 1411.09585152. MSE: 0.727135491754.
Iteration 610. I-divergence: 1410.90610508. MSE: 0.727035502185.
Iteration 611. I-divergence: 1410.71646072. MSE: 0.726935565542.
Iteration 612. I-divergence: 1410.52691871. MSE: 0.726835681972.
Iteration 613. I-divergence: 1410.33747934. MSE: 0.726735851626.
Iteration 614. I-divergence: 1410.14814288. MSE: 0.726636074653.
Iteration 615. I-divergence: 1409.95890962. MSE: 0.726536351203.
Iteration 616. I-divergence: 1409.76977982. MSE: 0.726436681429.
Iteration 617. I-divergence: 1409.58075379. MSE: 0.726337065482.
Iteration 618. I-divergence: 1409.3918318. MSE: 0.726237503516.
Iteration 619. I-divergence: 1409.20301413. MSE: 0.726137995684.
Iteration 620. I-divergence: 1409.01430108. MSE: 0.726038542141.
Iteration 621. I-divergence: 1408.82569293. MSE: 0.725939143042.
Iteration 622. I-divergence: 1408.63718998. MSE: 0.725839798543.
Iteration 623. I-divergence: 1408.44879251. MSE: 0.725740508802.
Iteration 624. I-divergence: 1408.26050083. MSE: 0.725641273975.
Iteration 625. I-divergence: 1408.07231521. MSE: 0.725542094221.
Iteration 626. I-divergence: 1407.88423597. MSE: 0.725442969699.
Iteration 627. I-divergence: 1407.69626339. MSE: 0.725343900569.
Iteration 628. I-divergence: 1407.50839778. MSE: 0.72524488699.
Iteration 629. I-divergence: 1407.32063943. MSE: 0.725145929124.
Iteration 630. I-divergence: 1407.13298864. MSE: 0.725047027133.
Iteration 631. I-divergence: 1406.94544573. MSE: 0.724948181178.
Iteration 632. I-divergence: 1406.75801099. MSE: 0.724849391424.
Iteration 633. I-divergence: 1406.57068472. MSE: 0.724750658034.
Iteration 634. I-divergence: 1406.38346724. MSE: 0.724651981171.
Iteration 635. I-divergence: 1406.19635884. MSE: 0.724553361002.
Iteration 636. I-divergence: 1406.00935985. MSE: 0.724454797692.
Iteration 637. I-divergence: 1405.82247057. MSE: 0.724356291406.
Iteration 638. I-divergence: 1405.6356913. MSE: 0.724257842312.
Iteration 639. I-divergence: 1405.44902237. MSE: 0.724159450578.
Iteration 640. I-divergence: 1405.26246408. MSE: 0.724061116371.
Iteration 641. I-divergence: 1405.07601675. MSE: 0.72396283986.
Iteration 642. I-divergence: 1404.8896807. MSE: 0.723864621214.
Iteration 643. I-divergence: 1404.70345623. MSE: 0.723766460602.
Iteration 644. I-divergence: 1404.51734368. MSE: 0.723668358196.
Iteration 645. I-divergence: 1404.33134335. MSE: 0.723570314166.
Iteration 646. I-divergence: 1404.14545557. MSE: 0.723472328683.
Iteration 647. I-divergence: 1403.95968066. MSE: 0.723374401919.
Iteration 648. I-divergence: 1403.77401893. MSE: 0.723276534046.
Iteration 649. I-divergence: 1403.58847072. MSE: 0.723178725238.
Iteration 650. I-divergence: 1403.40303634. MSE: 0.723080975668.
Iteration 651. I-divergence: 1403.21771613. MSE: 0.722983285509.
Iteration 652. I-divergence: 1403.03251039. MSE: 0.722885654935.
Iteration 653. I-divergence: 1402.84741947. MSE: 0.722788084123.
Iteration 654. I-divergence: 1402.66244369. MSE: 0.722690573246.
Iteration 655. I-divergence: 1402.47758337. MSE: 0.72259312248.
Iteration 656. I-divergence: 1402.29283884. MSE: 0.722495732002.
Iteration 657. I-divergence: 1402.10821044. MSE: 0.722398401987.
Iteration 658. I-divergence: 1401.9236985. MSE: 0.722301132613.
Iteration 659. I-divergence: 1401.73930333. MSE: 0.722203924056.
Iteration 660. I-divergence: 1401.55502529. MSE: 0.722106776495.
Iteration 661. I-divergence: 1401.37086469. MSE: 0.722009690107.
Iteration 662. I-divergence: 1401.18682187. MSE: 0.72191266507.
Iteration 663. I-divergence: 1401.00289717. MSE: 0.721815701563.
Iteration 664. I-divergence: 1400.81909092. MSE: 0.721718799765.
Iteration 665. I-divergence: 1400.63540345. MSE: 0.721621959855.
Iteration 666. I-divergence: 1400.4518351. MSE: 0.721525182013.
Iteration 667. I-divergence: 1400.26838621. MSE: 0.721428466418.
Iteration 668. I-divergence: 1400.08505711. MSE: 0.72133181325.
Iteration 669. I-divergence: 1399.90184814. MSE: 0.72123522269.
Iteration 670. I-divergence: 1399.71875963. MSE: 0.721138694919.
Iteration 671. I-divergence: 1399.53579193. MSE: 0.721042230116.
Iteration 672. I-divergence: 1399.35294537. MSE: 0.720945828463.
Iteration 673. I-divergence: 1399.1702203. MSE: 0.720849490142.
Iteration 674. I-divergence: 1398.98761704. MSE: 0.720753215332.
Iteration 675. I-divergence: 1398.80513595. MSE: 0.720657004217.
Iteration 676. I-divergence: 1398.62277735. MSE: 0.720560856978.
Iteration 677. I-divergence: 1398.44054159. MSE: 0.720464773797.
Iteration 678. I-divergence: 1398.25842902. MSE: 0.720368754855.
Iteration 679. I-divergence: 1398.07643996. MSE: 0.720272800334.
Iteration 680. I-divergence: 1397.89457477. MSE: 0.720176910418.
Iteration 681. I-divergence: 1397.71283378. MSE: 0.720081085288.
Iteration 682. I-divergence: 1397.53121733. MSE: 0.719985325126.
Iteration 683. I-divergence: 1397.34972577. MSE: 0.719889630116.
Iteration 684. I-divergence: 1397.16835944. MSE: 0.719794000439.
Iteration 685. I-divergence: 1396.98711868. MSE: 0.719698436278.
Iteration 686. I-divergence: 1396.80600382. MSE: 0.719602937816.
Iteration 687. I-divergence: 1396.62501522. MSE: 0.719507505236.
Iteration 688. I-divergence: 1396.44415321. MSE: 0.719412138719.
Iteration 689. I-divergence: 1396.26341813. MSE: 0.719316838448.
Iteration 690. I-divergence: 1396.08281034. MSE: 0.719221604607.
Iteration 691. I-divergence: 1395.90233016. MSE: 0.719126437377.
Iteration 692. I-divergence: 1395.72197794. MSE: 0.71903133694.
Iteration 693. I-divergence: 1395.54175402. MSE: 0.71893630348.
Iteration 694. I-divergence: 1395.36165875. MSE: 0.718841337178.
Iteration 695. I-divergence: 1395.18169245. MSE: 0.718746438216.
Iteration 696. I-divergence: 1395.00185549. MSE: 0.718651606777.
Iteration 697. I-divergence: 1394.82214818. MSE: 0.718556843042.
Iteration 698. I-divergence: 1394.64257089. MSE: 0.718462147194.
Iteration 699. I-divergence: 1394.46312393. MSE: 0.718367519413.
Iteration 700. I-divergence: 1394.28380766. MSE: 0.718272959881.
Iteration 701. I-divergence: 1394.10462242. MSE: 0.718178468779.
Iteration 702. I-divergence: 1393.92556854. MSE: 0.718084046288.
Iteration 703. I-divergence: 1393.74664636. MSE: 0.71798969259.
Iteration 704. I-divergence: 1393.56785622. MSE: 0.717895407864.
Iteration 705. I-divergence: 1393.38919846. MSE: 0.71780119229.
Iteration 706. I-divergence: 1393.21067342. MSE: 0.71770704605.
Iteration 707. I-divergence: 1393.03228142. MSE: 0.717612969322.
Iteration 708. I-divergence: 1392.85402282. MSE: 0.717518962286.
Iteration 709. I-divergence: 1392.67589794. MSE: 0.717425025121.
Iteration 710. I-divergence: 1392.49790711. MSE: 0.717331158006.
Iteration 711. I-divergence: 1392.32005068. MSE: 0.71723736112.
Iteration 712. I-divergence: 1392.14232898. MSE: 0.71714363464.
Iteration 713. I-divergence: 1391.96474234. MSE: 0.717049978744.
Iteration 714. I-divergence: 1391.78729108. MSE: 0.71695639361.
Iteration 715. I-divergence: 1391.60997556. MSE: 0.716862879414.
Iteration 716. I-divergence: 1391.43279609. MSE: 0.716769436334.
Iteration 717. I-divergence: 1391.255753. MSE: 0.716676064545.
Iteration 718. I-divergence: 1391.07884663. MSE: 0.716582764223.
Iteration 719. I-divergence: 1390.9020773. MSE: 0.716489535544.
Iteration 720. I-divergence: 1390.72544534. MSE: 0.716396378681.
Iteration 721. I-divergence: 1390.54895108. MSE: 0.71630329381.
Iteration 722. I-divergence: 1390.37259484. MSE: 0.716210281104.
Iteration 723. I-divergence: 1390.19637695. MSE: 0.716117340736.
Iteration 724. I-divergence: 1390.02029774. MSE: 0.71602447288.
Iteration 725. I-divergence: 1389.84435752. MSE: 0.715931677707.
Iteration 726. I-divergence: 1389.66855661. MSE: 0.715838955389.
Iteration 727. I-divergence: 1389.49289535. MSE: 0.715746306098.
Iteration 728. I-divergence: 1389.31737404. MSE: 0.715653730003.
Iteration 729. I-divergence: 1389.14199301. MSE: 0.715561227276.
Iteration 730. I-divergence: 1388.96675257. MSE: 0.715468798084.
Iteration 731. I-divergence: 1388.79165304. MSE: 0.715376442597.
Iteration 732. I-divergence: 1388.61669474. MSE: 0.715284160984.
Iteration 733. I-divergence: 1388.44187798. MSE: 0.71519195341.
Iteration 734. I-divergence: 1388.26720307. MSE: 0.715099820044.
Iteration 735. I-divergence: 1388.09267032. MSE: 0.715007761051.
Iteration 736. I-divergence: 1387.91828005. MSE: 0.714915776597.
Iteration 737. I-divergence: 1387.74403256. MSE: 0.714823866846.
Iteration 738. I-divergence: 1387.56992817. MSE: 0.714732031963.
Iteration 739. I-divergence: 1387.39596717. MSE: 0.71464027211.
Iteration 740. I-divergence: 1387.22214987. MSE: 0.71454858745.
Iteration 741. I-divergence: 1387.04847658. MSE: 0.714456978146.
Iteration 742. I-divergence: 1386.87494759. MSE: 0.714365444357.
Iteration 743. I-divergence: 1386.70156322. MSE: 0.714273986245.
Iteration 744. I-divergence: 1386.52832375. MSE: 0.714182603969.
Iteration 745. I-divergence: 1386.35522948. MSE: 0.714091297687.
Iteration 746. I-divergence: 1386.18228072. MSE: 0.714000067557.
Iteration 747. I-divergence: 1386.00947775. MSE: 0.713908913736.
Iteration 748. I-divergence: 1385.83682088. MSE: 0.713817836381.
Iteration 749. I-divergence: 1385.66431038. MSE: 0.713726835646.
Iteration 750. I-divergence: 1385.49194655. MSE: 0.713635911687.
Iteration 751. I-divergence: 1385.31972968. MSE: 0.713545064656.
Iteration 752. I-divergence: 1385.14766005. MSE: 0.713454294707.
Iteration 753. I-divergence: 1384.97573795. MSE: 0.71336360199.
Iteration 754. I-divergence: 1384.80396367. MSE: 0.713272986658.
Iteration 755. I-divergence: 1384.63233748. MSE: 0.71318244886.
Iteration 756. I-divergence: 1384.46085966. MSE: 0.713091988744.
Iteration 757. I-divergence: 1384.28953049. MSE: 0.71300160646.
Iteration 758. I-divergence: 1384.11835025. MSE: 0.712911302154.
Iteration 759. I-divergence: 1383.94731921. MSE: 0.712821075972.
Iteration 760. I-divergence: 1383.77643765. MSE: 0.71273092806.
Iteration 761. I-divergence: 1383.60570583. MSE: 0.712640858561.
Iteration 762. I-divergence: 1383.43512402. MSE: 0.712550867619.
Iteration 763. I-divergence: 1383.26469249. MSE: 0.712460955376.
Iteration 764. I-divergence: 1383.09441151. MSE: 0.712371121974.
Iteration 765. I-divergence: 1382.92428133. MSE: 0.712281367551.
Iteration 766. I-divergence: 1382.75430223. MSE: 0.712191692248.
Iteration 767. I-divergence: 1382.58447445. MSE: 0.712102096203.
Iteration 768. I-divergence: 1382.41479826. MSE: 0.712012579552.
Iteration 769. I-divergence: 1382.2452739. MSE: 0.711923142431.
Iteration 770. I-divergence: 1382.07590164. MSE: 0.711833784975.
Iteration 771. I-divergence: 1381.90668172. MSE: 0.711744507318.
Iteration 772. I-divergence: 1381.7376144. MSE: 0.711655309593.
Iteration 773. I-divergence: 1381.56869991. MSE: 0.711566191931.
Iteration 774. I-divergence: 1381.39993851. MSE: 0.711477154462.
Iteration 775. I-divergence: 1381.23133044. MSE: 0.711388197316.
Iteration 776. I-divergence: 1381.06287593. MSE: 0.711299320621.
Iteration 777. I-divergence: 1380.89457523. MSE: 0.711210524504.
Iteration 778. I-divergence: 1380.72642857. MSE: 0.711121809091.
Iteration 779. I-divergence: 1380.55843619. MSE: 0.711033174507.
Iteration 780. I-divergence: 1380.39059832. MSE: 0.710944620874.
Iteration 781. I-divergence: 1380.22291518. MSE: 0.710856148317.
Iteration 782. I-divergence: 1380.05538701. MSE: 0.710767756955.
Iteration 783. I-divergence: 1379.88801404. MSE: 0.710679446909.
Iteration 784. I-divergence: 1379.72079647. MSE: 0.710591218297.
Iteration 785. I-divergence: 1379.55373454. MSE: 0.710503071238.
Iteration 786. I-divergence: 1379.38682846. MSE: 0.710415005848.
Iteration 787. I-divergence: 1379.22007845. MSE: 0.710327022242.
Iteration 788. I-divergence: 1379.05348472. MSE: 0.710239120533.
Iteration 789. I-divergence: 1378.88704749. MSE: 0.710151300835.
Iteration 790. I-divergence: 1378.72076696. MSE: 0.71006356326.
Iteration 791. I-divergence: 1378.55464334. MSE: 0.709975907917.
Iteration 792. I-divergence: 1378.38867684. MSE: 0.709888334916.
Iteration 793. I-divergence: 1378.22286766. MSE: 0.709800844363.
Iteration 794. I-divergence: 1378.05721599. MSE: 0.709713436367.
Iteration 795. I-divergence: 1377.89172204. MSE: 0.709626111032.
Iteration 796. I-divergence: 1377.726386. MSE: 0.709538868462.
Iteration 797. I-divergence: 1377.56120806. MSE: 0.70945170876.
Iteration 798. I-divergence: 1377.39618841. MSE: 0.709364632028.
Iteration 799. I-divergence: 1377.23132724. MSE: 0.709277638364.
Iteration 800. I-divergence: 1377.06662475. MSE: 0.70919072787.
Iteration 801. I-divergence: 1376.9020811. MSE: 0.709103900641.
Iteration 802. I-divergence: 1376.73769648. MSE: 0.709017156774.
Iteration 803. I-divergence: 1376.57347107. MSE: 0.708930496365.
Iteration 804. I-divergence: 1376.40940504. MSE: 0.708843919506.
Iteration 805. I-divergence: 1376.24549857. MSE: 0.708757426291.
Iteration 806. I-divergence: 1376.08175183. MSE: 0.708671016811.
Iteration 807. I-divergence: 1375.91816499. MSE: 0.708584691154.
Iteration 808. I-divergence: 1375.75473821. MSE: 0.70849844941.
Iteration 809. I-divergence: 1375.59147165. MSE: 0.708412291665.
Iteration 810. I-divergence: 1375.42836548. MSE: 0.708326218006.
Iteration 811. I-divergence: 1375.26541985. MSE: 0.708240228517.
Iteration 812. I-divergence: 1375.10263493. MSE: 0.708154323281.
Iteration 813. I-divergence: 1374.94001086. MSE: 0.70806850238.
Iteration 814. I-divergence: 1374.7775478. MSE: 0.707982765894.
Iteration 815. I-divergence: 1374.61524589. MSE: 0.707897113902.
Iteration 816. I-divergence: 1374.45310527. MSE: 0.707811546482.
Iteration 817. I-divergence: 1374.2911261. MSE: 0.707726063711.
Iteration 818. I-divergence: 1374.12930852. MSE: 0.707640665664.
Iteration 819. I-divergence: 1373.96765265. MSE: 0.707555352414.
Iteration 820. I-divergence: 1373.80615864. MSE: 0.707470124034.
Iteration 821. I-divergence: 1373.64482663. MSE: 0.707384980594.
Iteration 822. I-divergence: 1373.48365673. MSE: 0.707299922165.
Iteration 823. I-divergence: 1373.32264908. MSE: 0.707214948815.
Iteration 824. I-divergence: 1373.16180381. MSE: 0.707130060612.
Iteration 825. I-divergence: 1373.00112103. MSE: 0.707045257619.
Iteration 826. I-divergence: 1372.84060087. MSE: 0.706960539903.
Iteration 827. I-divergence: 1372.68024345. MSE: 0.706875907525.
Iteration 828. I-divergence: 1372.52004888. MSE: 0.706791360548.
Iteration 829. I-divergence: 1372.36001727. MSE: 0.706706899031.
Iteration 830. I-divergence: 1372.20014874. MSE: 0.706622523035.
Iteration 831. I-divergence: 1372.04044338. MSE: 0.706538232615.
Iteration 832. I-divergence: 1371.88090132. MSE: 0.706454027829.
Iteration 833. I-divergence: 1371.72152265. MSE: 0.706369908731.
Iteration 834. I-divergence: 1371.56230746. MSE: 0.706285875374.
Iteration 835. I-divergence: 1371.40325586. MSE: 0.706201927812.
Iteration 836. I-divergence: 1371.24436795. MSE: 0.706118066094.
Iteration 837. I-divergence: 1371.08564381. MSE: 0.70603429027.
Iteration 838. I-divergence: 1370.92708354. MSE: 0.705950600389.
Iteration 839. I-divergence: 1370.76868722. MSE: 0.705866996497.
Iteration 840. I-divergence: 1370.61045494. MSE: 0.705783478639.
Iteration 841. I-divergence: 1370.45238677. MSE: 0.70570004686.
Iteration 842. I-divergence: 1370.29448281. MSE: 0.705616701203.
Iteration 843. I-divergence: 1370.13674312. MSE: 0.705533441708.
Iteration 844. I-divergence: 1369.97916779. MSE: 0.705450268416.
Iteration 845. I-divergence: 1369.82175688. MSE: 0.705367181366.
Iteration 846. I-divergence: 1369.66451047. MSE: 0.705284180595.
Iteration 847. I-divergence: 1369.50742862. MSE: 0.70520126614.
Iteration 848. I-divergence: 1369.35051139. MSE: 0.705118438034.
Iteration 849. I-divergence: 1369.19375886. MSE: 0.705035696313.
Iteration 850. I-divergence: 1369.03717107. MSE: 0.704953041007.
Iteration 851. I-divergence: 1368.88074809. MSE: 0.704870472147.
Iteration 852. I-divergence: 1368.72448998. MSE: 0.704787989764.
Iteration 853. I-divergence: 1368.56839678. MSE: 0.704705593885.
Iteration 854. I-divergence: 1368.41246854. MSE: 0.704623284538.
Iteration 855. I-divergence: 1368.25670531. MSE: 0.704541061748.
Iteration 856. I-divergence: 1368.10110715. MSE: 0.704458925539.
Iteration 857. I-divergence: 1367.94567408. MSE: 0.704376875935.
Iteration 858. I-divergence: 1367.79040615. MSE: 0.704294912957.
Iteration 859. I-divergence: 1367.63530341. MSE: 0.704213036625.
Iteration 860. I-divergence: 1367.48036587. MSE: 0.70413124696.
Iteration 861. I-divergence: 1367.32559359. MSE: 0.704049543979.
Iteration 862. I-divergence: 1367.17098658. MSE: 0.703967927698.
Iteration 863. I-divergence: 1367.01654488. MSE: 0.703886398133.
Iteration 864. I-divergence: 1366.86226852. MSE: 0.703804955298.
Iteration 865. I-divergence: 1366.70815751. MSE: 0.703723599207.
Iteration 866. I-divergence: 1366.55421187. MSE: 0.70364232987.
Iteration 867. I-divergence: 1366.40043164. MSE: 0.703561147298.
Iteration 868. I-divergence: 1366.24681682. MSE: 0.703480051501.
Iteration 869. I-divergence: 1366.09336742. MSE: 0.703399042485.
Iteration 870. I-divergence: 1365.94008347. MSE: 0.703318120259.
Iteration 871. I-divergence: 1365.78696497. MSE: 0.703237284827.
Iteration 872. I-divergence: 1365.63401192. MSE: 0.703156536194.
Iteration 873. I-divergence: 1365.48122434. MSE: 0.703075874363.
Iteration 874. I-divergence: 1365.32860222. MSE: 0.702995299335.
Iteration 875. I-divergence: 1365.17614556. MSE: 0.702914811111.
Iteration 876. I-divergence: 1365.02385438. MSE: 0.702834409692.
Iteration 877. I-divergence: 1364.87172865. MSE: 0.702754095074.
Iteration 878. I-divergence: 1364.71976837. MSE: 0.702673867255.
Iteration 879. I-divergence: 1364.56797355. MSE: 0.702593726231.
Iteration 880. I-divergence: 1364.41634415. MSE: 0.702513671996.
Iteration 881. I-divergence: 1364.26488018. MSE: 0.702433704545.
Iteration 882. I-divergence: 1364.11358162. MSE: 0.70235382387.
Iteration 883. I-divergence: 1363.96244845. MSE: 0.702274029961.
Iteration 884. I-divergence: 1363.81148065. MSE: 0.70219432281.
Iteration 885. I-divergence: 1363.6606782. MSE: 0.702114702404.
Iteration 886. I-divergence: 1363.51004108. MSE: 0.702035168732.
Iteration 887. I-divergence: 1363.35956925. MSE: 0.701955721781.
Iteration 888. I-divergence: 1363.20926271. MSE: 0.701876361536.
Iteration 889. I-divergence: 1363.0591214. MSE: 0.701797087981.
Iteration 890. I-divergence: 1362.90914531. MSE: 0.7017179011.
Iteration 891. I-divergence: 1362.75933439. MSE: 0.701638800876.
Iteration 892. I-divergence: 1362.60968862. MSE: 0.701559787289.
Iteration 893. I-divergence: 1362.46020795. MSE: 0.70148086032.
Iteration 894. I-divergence: 1362.31089234. MSE: 0.701402019947.
Iteration 895. I-divergence: 1362.16174176. MSE: 0.701323266149.
Iteration 896. I-divergence: 1362.01275615. MSE: 0.701244598902.
Iteration 897. I-divergence: 1361.86393547. MSE: 0.701166018182.
Iteration 898. I-divergence: 1361.71527968. MSE: 0.701087523965.
Iteration 899. I-divergence: 1361.56678872. MSE: 0.701009116223.
Iteration 900. I-divergence: 1361.41846255. MSE: 0.70093079493.
Iteration 901. I-divergence: 1361.2703011. MSE: 0.700852560057.
Iteration 902. I-divergence: 1361.12230432. MSE: 0.700774411575.
Iteration 903. I-divergence: 1360.97447215. MSE: 0.700696349454.
Iteration 904. I-divergence: 1360.82680454. MSE: 0.700618373662.
Iteration 905. I-divergence: 1360.67930143. MSE: 0.700540484166.
Iteration 906. I-divergence: 1360.53196274. MSE: 0.700462680934.
Iteration 907. I-divergence: 1360.38478842. MSE: 0.700384963932.
Iteration 908. I-divergence: 1360.23777839. MSE: 0.700307333123.
Iteration 909. I-divergence: 1360.0909326. MSE: 0.700229788472.
Iteration 910. I-divergence: 1359.94425096. MSE: 0.700152329942.
Iteration 911. I-divergence: 1359.7977334. MSE: 0.700074957494.
Iteration 912. I-divergence: 1359.65137986. MSE: 0.699997671089.
Iteration 913. I-divergence: 1359.50519026. MSE: 0.699920470687.
Iteration 914. I-divergence: 1359.35916451. MSE: 0.699843356248.
Iteration 915. I-divergence: 1359.21330254. MSE: 0.699766327729.
Iteration 916. I-divergence: 1359.06760427. MSE: 0.699689385088.
Iteration 917. I-divergence: 1358.92206961. MSE: 0.69961252828.
Iteration 918. I-divergence: 1358.77669848. MSE: 0.699535757262.
Iteration 919. I-divergence: 1358.6314908. MSE: 0.699459071987.
Iteration 920. I-divergence: 1358.48644647. MSE: 0.69938247241.
Iteration 921. I-divergence: 1358.34156541. MSE: 0.699305958484.
Iteration 922. I-divergence: 1358.19684752. MSE: 0.699229530159.
Iteration 923. I-divergence: 1358.05229271. MSE: 0.699153187388.
Iteration 924. I-divergence: 1357.9079009. MSE: 0.699076930119.
Iteration 925. I-divergence: 1357.76367197. MSE: 0.699000758304.
Iteration 926. I-divergence: 1357.61960584. MSE: 0.69892467189.
Iteration 927. I-divergence: 1357.47570241. MSE: 0.698848670825.
Iteration 928. I-divergence: 1357.33196157. MSE: 0.698772755056.
Iteration 929. I-divergence: 1357.18838323. MSE: 0.698696924528.
Iteration 930. I-divergence: 1357.04496727. MSE: 0.698621179188.
Iteration 931. I-divergence: 1356.9017136. MSE: 0.69854551898.
Iteration 932. I-divergence: 1356.75862211. MSE: 0.698469943847.
Iteration 933. I-divergence: 1356.61569268. MSE: 0.698394453732.
Iteration 934. I-divergence: 1356.47292522. MSE: 0.698319048577.
Iteration 935. I-divergence: 1356.33031961. MSE: 0.698243728325.
Iteration 936. I-divergence: 1356.18787573. MSE: 0.698168492915.
Iteration 937. I-divergence: 1356.04559348. MSE: 0.698093342287.
Iteration 938. I-divergence: 1355.90347274. MSE: 0.698018276381.
Iteration 939. I-divergence: 1355.76151338. MSE: 0.697943295134.
Iteration 940. I-divergence: 1355.6197153. MSE: 0.697868398486.
Iteration 941. I-divergence: 1355.47807838. MSE: 0.697793586372.
Iteration 942. I-divergence: 1355.33660249. MSE: 0.697718858729.
Iteration 943. I-divergence: 1355.19528751. MSE: 0.697644215492.
Iteration 944. I-divergence: 1355.05413333. MSE: 0.697569656596.
Iteration 945. I-divergence: 1354.9131398. MSE: 0.697495181976.
Iteration 946. I-divergence: 1354.77230682. MSE: 0.697420791566.
Iteration 947. I-divergence: 1354.63163425. MSE: 0.697346485297.
Iteration 948. I-divergence: 1354.49112196. MSE: 0.697272263102.
Iteration 949. I-divergence: 1354.35076983. MSE: 0.697198124913.
Iteration 950. I-divergence: 1354.21057772. MSE: 0.69712407066.
Iteration 951. I-divergence: 1354.0705455. MSE: 0.697050100274.
Iteration 952. I-divergence: 1353.93067304. MSE: 0.696976213685.
Iteration 953. I-divergence: 1353.79096021. MSE: 0.696902410821.
Iteration 954. I-divergence: 1353.65140686. MSE: 0.696828691611.
Iteration 955. I-divergence: 1353.51201287. MSE: 0.696755055982.
Iteration 956. I-divergence: 1353.3727781. MSE: 0.696681503862.
Iteration 957. I-divergence: 1353.2337024. MSE: 0.696608035178.
Iteration 958. I-divergence: 1353.09478563. MSE: 0.696534649855.
Iteration 959. I-divergence: 1352.95602767. MSE: 0.696461347818.
Iteration 960. I-divergence: 1352.81742835. MSE: 0.696388128994.
Iteration 961. I-divergence: 1352.67898755. MSE: 0.696314993305.
Iteration 962. I-divergence: 1352.54070511. MSE: 0.696241940676.
Iteration 963. I-divergence: 1352.4025809. MSE: 0.69616897103.
Iteration 964. I-divergence: 1352.26461476. MSE: 0.696096084289.
Iteration 965. I-divergence: 1352.12680655. MSE: 0.696023280376.
Iteration 966. I-divergence: 1351.98915611. MSE: 0.695950559212.
Iteration 967. I-divergence: 1351.85166331. MSE: 0.695877920718.
Iteration 968. I-divergence: 1351.71432799. MSE: 0.695805364815.
Iteration 969. I-divergence: 1351.57715. MSE: 0.695732891423.
Iteration 970. I-divergence: 1351.44012918. MSE: 0.695660500461.
Iteration 971. I-divergence: 1351.30326539. MSE: 0.695588191849.
Iteration 972. I-divergence: 1351.16655847. MSE: 0.695515965504.
Iteration 973. I-divergence: 1351.03000827. MSE: 0.695443821346.
Iteration 974. I-divergence: 1350.89361462. MSE: 0.695371759291.
Iteration 975. I-divergence: 1350.75737738. MSE: 0.695299779256.
Iteration 976. I-divergence: 1350.62129639. MSE: 0.695227881159.
Iteration 977. I-divergence: 1350.48537148. MSE: 0.695156064916.
Iteration 978. I-divergence: 1350.3496025. MSE: 0.695084330442.
Iteration 979. I-divergence: 1350.21398929. MSE: 0.695012677653.
Iteration 980. I-divergence: 1350.07853169. MSE: 0.694941106464.
Iteration 981. I-divergence: 1349.94322953. MSE: 0.694869616789.
Iteration 982. I-divergence: 1349.80808266. MSE: 0.694798208542.
Iteration 983. I-divergence: 1349.67309091. MSE: 0.694726881636.
Iteration 984. I-divergence: 1349.53825411. MSE: 0.694655635986.
Iteration 985. I-divergence: 1349.40357211. MSE: 0.694584471504.
Iteration 986. I-divergence: 1349.26904474. MSE: 0.694513388102.
Iteration 987. I-divergence: 1349.13467183. MSE: 0.694442385693.
Iteration 988. I-divergence: 1349.00045321. MSE: 0.694371464187.
Iteration 989. I-divergence: 1348.86638871. MSE: 0.694300623498.
Iteration 990. I-divergence: 1348.73247818. MSE: 0.694229863534.
Iteration 991. I-divergence: 1348.59872143. MSE: 0.694159184207.
Iteration 992. I-divergence: 1348.46511831. MSE: 0.694088585428.
Iteration 993. I-divergence: 1348.33166863. MSE: 0.694018067105.
Iteration 994. I-divergence: 1348.19837223. MSE: 0.693947629149.
Iteration 995. I-divergence: 1348.06522894. MSE: 0.693877271468.
Iteration 996. I-divergence: 1347.93223858. MSE: 0.693806993972.
Iteration 997. I-divergence: 1347.79940099. MSE: 0.693736796569.
Iteration 998. I-divergence: 1347.66671598. MSE: 0.693666679167.
Iteration 999. I-divergence: 1347.53418339. MSE: 0.693596641674.
Iteration 1000. I-divergence: 1347.40180304. MSE: 0.693526683998.
Performance on test set: MSE=0.73112745575, I-div=353.973994586.
0.73112745575
