Fold 1 for k=5,l=5.
Initialising F using KMeans.
Iteration: 1.
Iteration: 2.
Iteration: 3.
Iteration: 4.
Iteration: 5.
Iteration: 6.
Iteration: 7.
Iteration: 8.
Iteration: 9.
Iteration: 10.
Iteration: 11.
Iteration: 12.
Iteration: 13.
Iteration: 14.
Iteration: 15.
[191.0, 106.0, 143.0, 125.0, 57.0]
Initialising G using KMeans.
Iteration: 1.
Iteration: 2.
Iteration: 3.
Iteration: 4.
Iteration: 5.
Iteration: 6.
Iteration: 7.
[27.0, 21.0, 28.0, 33.0, 30.0]
Iteration 0. I-divergence: 479239.662048. MSE: 116.691811909.
Iteration 1. I-divergence: 2782.40112745. MSE: 1.42757044645.
Iteration 2. I-divergence: 1714.08357001. MSE: 0.885596529645.
Iteration 3. I-divergence: 1663.31001088. MSE: 0.858890579647.
Iteration 4. I-divergence: 1643.33749945. MSE: 0.848450740747.
Iteration 5. I-divergence: 1627.63351181. MSE: 0.840255287087.
Iteration 6. I-divergence: 1614.40609469. MSE: 0.833356928505.
Iteration 7. I-divergence: 1603.16279882. MSE: 0.827497537823.
Iteration 8. I-divergence: 1593.57065639. MSE: 0.822502469589.
Iteration 9. I-divergence: 1585.3627148. MSE: 0.818231546068.
Iteration 10. I-divergence: 1578.31891854. MSE: 0.814569213132.
Iteration 11. I-divergence: 1572.2565676. MSE: 0.811419578338.
Iteration 12. I-divergence: 1567.02347074. MSE: 0.80870281299.
Iteration 13. I-divergence: 1562.49254995. MSE: 0.806352306117.
Iteration 14. I-divergence: 1558.55747936. MSE: 0.804312362338.
Iteration 15. I-divergence: 1555.12912712. MSE: 0.802536324301.
Iteration 16. I-divergence: 1552.13263832. MSE: 0.800985034371.
Iteration 17. I-divergence: 1549.50503542. MSE: 0.799625570083.
Iteration 18. I-divergence: 1547.19323889. MSE: 0.798430201849.
Iteration 19. I-divergence: 1545.15243096. MSE: 0.797375531877.
Iteration 20. I-divergence: 1543.34470028. MSE: 0.79644178141.
Iteration 21. I-divergence: 1541.73791744. MSE: 0.795612199701.
Iteration 22. I-divergence: 1540.30480052. MSE: 0.794872573178.
Iteration 23. I-divergence: 1539.02213759. MSE: 0.794210817261.
Iteration 24. I-divergence: 1537.87013891. MSE: 0.79361663646.
Iteration 25. I-divergence: 1536.83189658. MSE: 0.793081240993.
Iteration 26. I-divergence: 1535.89293328. MSE: 0.792597110254.
Iteration 27. I-divergence: 1535.04082503. MSE: 0.79215779516.
Iteration 28. I-divergence: 1534.26488536. MSE: 0.791757752791.
Iteration 29. I-divergence: 1533.55590068. MSE: 0.791392207886.
Iteration 30. I-divergence: 1532.90590832. MSE: 0.791057036701.
Iteration 31. I-divergence: 1532.30800995. MSE: 0.790748669491.
Iteration 32. I-divergence: 1531.75621472. MSE: 0.790464008526.
Iteration 33. I-divergence: 1531.2453071. MSE: 0.790200359067.
Iteration 34. I-divergence: 1530.77073543. MSE: 0.789955371173.
Iteration 35. I-divergence: 1530.3285177. MSE: 0.789726990571.
Iteration 36. I-divergence: 1529.91516187. MSE: 0.789513417089.
Iteration 37. I-divergence: 1529.52759827. MSE: 0.789313069457.
Iteration 38. I-divergence: 1529.16312228. MSE: 0.789124555424.
Iteration 39. I-divergence: 1528.81934548. MSE: 0.78894664635.
Iteration 40. I-divergence: 1528.49415399. MSE: 0.788778255558.
Iteration 41. I-divergence: 1528.18567298. MSE: 0.788618419857.
Iteration 42. I-divergence: 1527.89223618. MSE: 0.788466283728.
Iteration 43. I-divergence: 1527.61235976. MSE: 0.788321085768.
Iteration 44. I-divergence: 1527.3447199. MSE: 0.78818214704.
Iteration 45. I-divergence: 1527.08813337. MSE: 0.788048861036.
Iteration 46. I-divergence: 1526.84154084. MSE: 0.787920685013.
Iteration 47. I-divergence: 1526.60399237. MSE: 0.787797132494.
Iteration 48. I-divergence: 1526.37463481. MSE: 0.787677766756.
Iteration 49. I-divergence: 1526.15270086. MSE: 0.787562195176.
Iteration 50. I-divergence: 1525.93749953. MSE: 0.787450064293.
Iteration 51. I-divergence: 1525.72840774. MSE: 0.787341055498.
Iteration 52. I-divergence: 1525.524863. MSE: 0.78723488125.
Iteration 53. I-divergence: 1525.32635698. MSE: 0.787131281763.
Iteration 54. I-divergence: 1525.13242984. MSE: 0.787030022081.
Iteration 55. I-divergence: 1524.9426652. MSE: 0.786930889501.
Iteration 56. I-divergence: 1524.7566857. MSE: 0.786833691297.
Iteration 57. I-divergence: 1524.57414909. MSE: 0.786738252694.
Iteration 58. I-divergence: 1524.39474473. MSE: 0.78664441508.
Iteration 59. I-divergence: 1524.21819047. MSE: 0.786552034407.
Iteration 60. I-divergence: 1524.04422988. MSE: 0.786460979772.
Iteration 61. I-divergence: 1523.87262978. MSE: 0.786371132141.
Iteration 62. I-divergence: 1523.70317798. MSE: 0.786282383215.
Iteration 63. I-divergence: 1523.53568137. MSE: 0.786194634413.
Iteration 64. I-divergence: 1523.36996406. MSE: 0.786107795957.
Iteration 65. I-divergence: 1523.20586579. MSE: 0.786021786048.
Iteration 66. I-divergence: 1523.04324051. MSE: 0.785936530129.
Iteration 67. I-divergence: 1522.88195505. MSE: 0.785851960218.
Iteration 68. I-divergence: 1522.72188796. MSE: 0.785768014307.
Iteration 69. I-divergence: 1522.56292843. MSE: 0.785684635821.
Iteration 70. I-divergence: 1522.40497535. MSE: 0.785601773123.
Iteration 71. I-divergence: 1522.24793642. MSE: 0.785519379072.
Iteration 72. I-divergence: 1522.09172737. MSE: 0.785437410621.
Iteration 73. I-divergence: 1521.93627124. MSE: 0.785355828454.
Iteration 74. I-divergence: 1521.78149775. MSE: 0.78527459665.
Iteration 75. I-divergence: 1521.62734268. MSE: 0.785193682387.
Iteration 76. I-divergence: 1521.47374737. MSE: 0.785113055668.
Iteration 77. I-divergence: 1521.32065818. MSE: 0.785032689073.
Iteration 78. I-divergence: 1521.16802612. MSE: 0.784952557533.
Iteration 79. I-divergence: 1521.0158064. MSE: 0.784872638123.
Iteration 80. I-divergence: 1520.86395806. MSE: 0.78479290988.
Iteration 81. I-divergence: 1520.71244365. MSE: 0.784713353629.
Iteration 82. I-divergence: 1520.56122894. MSE: 0.784633951828.
Iteration 83. I-divergence: 1520.41028262. MSE: 0.784554688428.
Iteration 84. I-divergence: 1520.25957604. MSE: 0.784475548745.
Iteration 85. I-divergence: 1520.10908302. MSE: 0.784396519338.
Iteration 86. I-divergence: 1519.95877958. MSE: 0.78431758791.
Iteration 87. I-divergence: 1519.80864381. MSE: 0.784238743202.
Iteration 88. I-divergence: 1519.65865566. MSE: 0.784159974906.
Iteration 89. I-divergence: 1519.50879677. MSE: 0.784081273588.
Iteration 90. I-divergence: 1519.35905035. MSE: 0.784002630609.
Iteration 91. I-divergence: 1519.20940104. MSE: 0.783924038055.
Iteration 92. I-divergence: 1519.05983477. MSE: 0.783845488683.
Iteration 93. I-divergence: 1518.91033869. MSE: 0.783766975856.
Iteration 94. I-divergence: 1518.76090102. MSE: 0.783688493495.
Iteration 95. I-divergence: 1518.61151098. MSE: 0.783610036033.
Iteration 96. I-divergence: 1518.4621587. MSE: 0.783531598369.
Iteration 97. I-divergence: 1518.31283515. MSE: 0.783453175827.
Iteration 98. I-divergence: 1518.16353208. MSE: 0.783374764126.
Iteration 99. I-divergence: 1518.01424191. MSE: 0.78329635934.
Iteration 100. I-divergence: 1517.86495772. MSE: 0.783217957872.
Iteration 101. I-divergence: 1517.71567317. MSE: 0.783139556425.
Iteration 102. I-divergence: 1517.56638245. MSE: 0.783061151978.
Iteration 103. I-divergence: 1517.41708027. MSE: 0.78298274176.
Iteration 104. I-divergence: 1517.26776174. MSE: 0.78290432323.
Iteration 105. I-divergence: 1517.11842243. MSE: 0.782825894061.
Iteration 106. I-divergence: 1516.96905825. MSE: 0.782747452115.
Iteration 107. I-divergence: 1516.81966547. MSE: 0.782668995436.
Iteration 108. I-divergence: 1516.67024069. MSE: 0.782590522227.
Iteration 109. I-divergence: 1516.52078076. MSE: 0.782512030841.
Iteration 110. I-divergence: 1516.37128284. MSE: 0.782433519766.
Iteration 111. I-divergence: 1516.2217443. MSE: 0.782354987617.
Iteration 112. I-divergence: 1516.07216274. MSE: 0.782276433122.
Iteration 113. I-divergence: 1515.92253598. MSE: 0.782197855114.
Iteration 114. I-divergence: 1515.77286199. MSE: 0.782119252523.
Iteration 115. I-divergence: 1515.62313895. MSE: 0.782040624365.
Iteration 116. I-divergence: 1515.47336517. MSE: 0.781961969741.
Iteration 117. I-divergence: 1515.32353912. MSE: 0.781883287822.
Iteration 118. I-divergence: 1515.17365938. MSE: 0.781804577849.
Iteration 119. I-divergence: 1515.02372467. MSE: 0.781725839125.
Iteration 120. I-divergence: 1514.87373382. MSE: 0.781647071011.
Iteration 121. I-divergence: 1514.72368573. MSE: 0.781568272918.
Iteration 122. I-divergence: 1514.57357944. MSE: 0.781489444309.
Iteration 123. I-divergence: 1514.42341404. MSE: 0.781410584689.
Iteration 124. I-divergence: 1514.27318871. MSE: 0.781331693602.
Iteration 125. I-divergence: 1514.12290269. MSE: 0.781252770633.
Iteration 126. I-divergence: 1513.97255531. MSE: 0.781173815399.
Iteration 127. I-divergence: 1513.82214593. MSE: 0.781094827548.
Iteration 128. I-divergence: 1513.67167399. MSE: 0.781015806757.
Iteration 129. I-divergence: 1513.52113895. MSE: 0.780936752731.
Iteration 130. I-divergence: 1513.37054036. MSE: 0.780857665198.
Iteration 131. I-divergence: 1513.21987777. MSE: 0.780778543909.
Iteration 132. I-divergence: 1513.06915078. MSE: 0.780699388636.
Iteration 133. I-divergence: 1512.91835905. MSE: 0.780620199168.
Iteration 134. I-divergence: 1512.76750224. MSE: 0.780540975312.
Iteration 135. I-divergence: 1512.61658006. MSE: 0.780461716894.
Iteration 136. I-divergence: 1512.46559223. MSE: 0.78038242375.
Iteration 137. I-divergence: 1512.31453852. MSE: 0.780303095733.
Iteration 138. I-divergence: 1512.1634187. MSE: 0.780223732707.
Iteration 139. I-divergence: 1512.01223257. MSE: 0.780144334548.
Iteration 140. I-divergence: 1511.86097995. MSE: 0.780064901141.
Iteration 141. I-divergence: 1511.70966069. MSE: 0.779985432384.
Iteration 142. I-divergence: 1511.55827462. MSE: 0.779905928181.
Iteration 143. I-divergence: 1511.40682162. MSE: 0.779826388444.
Iteration 144. I-divergence: 1511.25530157. MSE: 0.779746813096.
Iteration 145. I-divergence: 1511.10371438. MSE: 0.779667202064.
Iteration 146. I-divergence: 1510.95205993. MSE: 0.779587555282.
Iteration 147. I-divergence: 1510.80033815. MSE: 0.77950787269.
Iteration 148. I-divergence: 1510.64854898. MSE: 0.779428154235.
Iteration 149. I-divergence: 1510.49669233. MSE: 0.779348399866.
Iteration 150. I-divergence: 1510.34476817. MSE: 0.779268609541.
Iteration 151. I-divergence: 1510.19277643. MSE: 0.779188783218.
Iteration 152. I-divergence: 1510.04071708. MSE: 0.779108920863.
Iteration 153. I-divergence: 1509.88859008. MSE: 0.779029022441.
Iteration 154. I-divergence: 1509.73639541. MSE: 0.778949087926.
Iteration 155. I-divergence: 1509.58413304. MSE: 0.77886911729.
Iteration 156. I-divergence: 1509.43180296. MSE: 0.778789110512.
Iteration 157. I-divergence: 1509.27940514. MSE: 0.778709067571.
Iteration 158. I-divergence: 1509.12693958. MSE: 0.778628988451.
Iteration 159. I-divergence: 1508.97440628. MSE: 0.778548873135.
Iteration 160. I-divergence: 1508.82180522. MSE: 0.778468721612.
Iteration 161. I-divergence: 1508.66913643. MSE: 0.778388533871.
Iteration 162. I-divergence: 1508.51639989. MSE: 0.778308309902.
Iteration 163. I-divergence: 1508.36359562. MSE: 0.778228049699.
Iteration 164. I-divergence: 1508.21072362. MSE: 0.778147753257.
Iteration 165. I-divergence: 1508.05778391. MSE: 0.77806742057.
Iteration 166. I-divergence: 1507.90477651. MSE: 0.777987051638.
Iteration 167. I-divergence: 1507.75170142. MSE: 0.777906646459.
Iteration 168. I-divergence: 1507.59855868. MSE: 0.777826205034.
Iteration 169. I-divergence: 1507.44534829. MSE: 0.777745727363.
Iteration 170. I-divergence: 1507.29207029. MSE: 0.777665213449.
Iteration 171. I-divergence: 1507.13872469. MSE: 0.777584663296.
Iteration 172. I-divergence: 1506.98531153. MSE: 0.777504076908.
Iteration 173. I-divergence: 1506.83183082. MSE: 0.777423454291.
Iteration 174. I-divergence: 1506.67828261. MSE: 0.777342795452.
Iteration 175. I-divergence: 1506.5246669. MSE: 0.777262100397.
Iteration 176. I-divergence: 1506.37098375. MSE: 0.777181369134.
Iteration 177. I-divergence: 1506.21723317. MSE: 0.777100601672.
Iteration 178. I-divergence: 1506.0634152. MSE: 0.777019798021.
Iteration 179. I-divergence: 1505.90952988. MSE: 0.77693895819.
Iteration 180. I-divergence: 1505.75557723. MSE: 0.776858082191.
Iteration 181. I-divergence: 1505.6015573. MSE: 0.776777170035.
Iteration 182. I-divergence: 1505.44747012. MSE: 0.776696221733.
Iteration 183. I-divergence: 1505.29331572. MSE: 0.776615237299.
Iteration 184. I-divergence: 1505.13909415. MSE: 0.776534216744.
Iteration 185. I-divergence: 1504.98480544. MSE: 0.776453160084.
Iteration 186. I-divergence: 1504.83044963. MSE: 0.776372067331.
Iteration 187. I-divergence: 1504.67602676. MSE: 0.776290938501.
Iteration 188. I-divergence: 1504.52153687. MSE: 0.776209773607.
Iteration 189. I-divergence: 1504.36698001. MSE: 0.776128572667.
Iteration 190. I-divergence: 1504.2123562. MSE: 0.776047335695.
Iteration 191. I-divergence: 1504.0576655. MSE: 0.775966062708.
Iteration 192. I-divergence: 1503.90290794. MSE: 0.775884753723.
Iteration 193. I-divergence: 1503.74808358. MSE: 0.775803408756.
Iteration 194. I-divergence: 1503.59319245. MSE: 0.775722027825.
Iteration 195. I-divergence: 1503.43823459. MSE: 0.775640610948.
Iteration 196. I-divergence: 1503.28321006. MSE: 0.775559158144.
Iteration 197. I-divergence: 1503.1281189. MSE: 0.77547766943.
Iteration 198. I-divergence: 1502.97296114. MSE: 0.775396144826.
Iteration 199. I-divergence: 1502.81773685. MSE: 0.775314584351.
Iteration 200. I-divergence: 1502.66244606. MSE: 0.775232988025.
Iteration 201. I-divergence: 1502.50708882. MSE: 0.775151355867.
Iteration 202. I-divergence: 1502.35166518. MSE: 0.775069687899.
Iteration 203. I-divergence: 1502.19617519. MSE: 0.77498798414.
Iteration 204. I-divergence: 1502.04061889. MSE: 0.774906244613.
Iteration 205. I-divergence: 1501.88499634. MSE: 0.774824469337.
Iteration 206. I-divergence: 1501.72930758. MSE: 0.774742658335.
Iteration 207. I-divergence: 1501.57355266. MSE: 0.77466081163.
Iteration 208. I-divergence: 1501.41773164. MSE: 0.774578929242.
Iteration 209. I-divergence: 1501.26184456. MSE: 0.774497011195.
Iteration 210. I-divergence: 1501.10589148. MSE: 0.774415057513.
Iteration 211. I-divergence: 1500.94987244. MSE: 0.774333068217.
Iteration 212. I-divergence: 1500.7937875. MSE: 0.774251043332.
Iteration 213. I-divergence: 1500.63763672. MSE: 0.774168982882.
Iteration 214. I-divergence: 1500.48142014. MSE: 0.774086886891.
Iteration 215. I-divergence: 1500.32513782. MSE: 0.774004755384.
Iteration 216. I-divergence: 1500.16878981. MSE: 0.773922588385.
Iteration 217. I-divergence: 1500.01237617. MSE: 0.77384038592.
Iteration 218. I-divergence: 1499.85589695. MSE: 0.773758148014.
Iteration 219. I-divergence: 1499.69935221. MSE: 0.773675874694.
Iteration 220. I-divergence: 1499.54274201. MSE: 0.773593565985.
Iteration 221. I-divergence: 1499.38606639. MSE: 0.773511221915.
Iteration 222. I-divergence: 1499.22932543. MSE: 0.773428842509.
Iteration 223. I-divergence: 1499.07251917. MSE: 0.773346427796.
Iteration 224. I-divergence: 1498.91564767. MSE: 0.773263977802.
Iteration 225. I-divergence: 1498.758711. MSE: 0.773181492556.
Iteration 226. I-divergence: 1498.60170921. MSE: 0.773098972086.
Iteration 227. I-divergence: 1498.44464236. MSE: 0.77301641642.
Iteration 228. I-divergence: 1498.28751051. MSE: 0.772933825588.
Iteration 229. I-divergence: 1498.13031372. MSE: 0.772851199618.
Iteration 230. I-divergence: 1497.97305206. MSE: 0.77276853854.
Iteration 231. I-divergence: 1497.81572559. MSE: 0.772685842384.
Iteration 232. I-divergence: 1497.65833436. MSE: 0.772603111181.
Iteration 233. I-divergence: 1497.50087845. MSE: 0.772520344961.
Iteration 234. I-divergence: 1497.34335792. MSE: 0.772437543755.
Iteration 235. I-divergence: 1497.18577282. MSE: 0.772354707594.
Iteration 236. I-divergence: 1497.02812323. MSE: 0.772271836511.
Iteration 237. I-divergence: 1496.87040921. MSE: 0.772188930536.
Iteration 238. I-divergence: 1496.71263083. MSE: 0.772105989704.
Iteration 239. I-divergence: 1496.55478816. MSE: 0.772023014045.
Iteration 240. I-divergence: 1496.39688125. MSE: 0.771940003595.
Iteration 241. I-divergence: 1496.23891018. MSE: 0.771856958385.
Iteration 242. I-divergence: 1496.08087503. MSE: 0.771773878451.
Iteration 243. I-divergence: 1495.92277585. MSE: 0.771690763826.
Iteration 244. I-divergence: 1495.76461272. MSE: 0.771607614546.
Iteration 245. I-divergence: 1495.6063857. MSE: 0.771524430645.
Iteration 246. I-divergence: 1495.44809488. MSE: 0.771441212158.
Iteration 247. I-divergence: 1495.28974032. MSE: 0.771357959123.
Iteration 248. I-divergence: 1495.13132209. MSE: 0.771274671574.
Iteration 249. I-divergence: 1494.97284027. MSE: 0.771191349549.
Iteration 250. I-divergence: 1494.81429493. MSE: 0.771107993084.
Iteration 251. I-divergence: 1494.65568615. MSE: 0.771024602218.
Iteration 252. I-divergence: 1494.49701401. MSE: 0.770941176988.
Iteration 253. I-divergence: 1494.33827857. MSE: 0.770857717433.
Iteration 254. I-divergence: 1494.17947991. MSE: 0.77077422359.
Iteration 255. I-divergence: 1494.02061812. MSE: 0.7706906955.
Iteration 256. I-divergence: 1493.86169327. MSE: 0.770607133202.
Iteration 257. I-divergence: 1493.70270544. MSE: 0.770523536736.
Iteration 258. I-divergence: 1493.54365471. MSE: 0.770439906143.
Iteration 259. I-divergence: 1493.38454116. MSE: 0.770356241462.
Iteration 260. I-divergence: 1493.22536487. MSE: 0.770272542736.
Iteration 261. I-divergence: 1493.06612593. MSE: 0.770188810007.
Iteration 262. I-divergence: 1492.90682441. MSE: 0.770105043316.
Iteration 263. I-divergence: 1492.7474604. MSE: 0.770021242707.
Iteration 264. I-divergence: 1492.58803399. MSE: 0.769937408221.
Iteration 265. I-divergence: 1492.42854527. MSE: 0.769853539904.
Iteration 266. I-divergence: 1492.2689943. MSE: 0.769769637799.
Iteration 267. I-divergence: 1492.1093812. MSE: 0.76968570195.
Iteration 268. I-divergence: 1491.94970603. MSE: 0.769601732403.
Iteration 269. I-divergence: 1491.78996889. MSE: 0.769517729202.
Iteration 270. I-divergence: 1491.63016987. MSE: 0.769433692395.
Iteration 271. I-divergence: 1491.47030907. MSE: 0.769349622027.
Iteration 272. I-divergence: 1491.31038656. MSE: 0.769265518144.
Iteration 273. I-divergence: 1491.15040245. MSE: 0.769181380796.
Iteration 274. I-divergence: 1490.99035682. MSE: 0.769097210028.
Iteration 275. I-divergence: 1490.83024977. MSE: 0.769013005891.
Iteration 276. I-divergence: 1490.6700814. MSE: 0.768928768432.
Iteration 277. I-divergence: 1490.50985179. MSE: 0.768844497701.
Iteration 278. I-divergence: 1490.34956105. MSE: 0.768760193748.
Iteration 279. I-divergence: 1490.18920928. MSE: 0.768675856623.
Iteration 280. I-divergence: 1490.02879656. MSE: 0.768591486378.
Iteration 281. I-divergence: 1489.86832301. MSE: 0.768507083063.
Iteration 282. I-divergence: 1489.70778871. MSE: 0.76842264673.
Iteration 283. I-divergence: 1489.54719378. MSE: 0.768338177433.
Iteration 284. I-divergence: 1489.38653831. MSE: 0.768253675223.
Iteration 285. I-divergence: 1489.22582241. MSE: 0.768169140156.
Iteration 286. I-divergence: 1489.06504618. MSE: 0.768084572283.
Iteration 287. I-divergence: 1488.90420972. MSE: 0.767999971662.
Iteration 288. I-divergence: 1488.74331314. MSE: 0.767915338345.
Iteration 289. I-divergence: 1488.58235655. MSE: 0.76783067239.
Iteration 290. I-divergence: 1488.42134006. MSE: 0.767745973853.
Iteration 291. I-divergence: 1488.26026377. MSE: 0.76766124279.
Iteration 292. I-divergence: 1488.09912779. MSE: 0.767576479258.
Iteration 293. I-divergence: 1487.93793224. MSE: 0.767491683317.
Iteration 294. I-divergence: 1487.77667722. MSE: 0.767406855024.
Iteration 295. I-divergence: 1487.61536285. MSE: 0.767321994438.
Iteration 296. I-divergence: 1487.45398925. MSE: 0.76723710162.
Iteration 297. I-divergence: 1487.29255652. MSE: 0.767152176629.
Iteration 298. I-divergence: 1487.13106479. MSE: 0.767067219526.
Iteration 299. I-divergence: 1486.96951416. MSE: 0.766982230373.
Iteration 300. I-divergence: 1486.80790477. MSE: 0.766897209232.
Iteration 301. I-divergence: 1486.64623672. MSE: 0.766812156166.
Iteration 302. I-divergence: 1486.48451014. MSE: 0.766727071238.
Iteration 303. I-divergence: 1486.32272515. MSE: 0.766641954512.
Iteration 304. I-divergence: 1486.16088187. MSE: 0.766556806052.
Iteration 305. I-divergence: 1485.99898043. MSE: 0.766471625924.
Iteration 306. I-divergence: 1485.83702094. MSE: 0.766386414193.
Iteration 307. I-divergence: 1485.67500354. MSE: 0.766301170925.
Iteration 308. I-divergence: 1485.51292835. MSE: 0.766215896188.
Iteration 309. I-divergence: 1485.35079551. MSE: 0.76613059005.
Iteration 310. I-divergence: 1485.18860513. MSE: 0.766045252578.
Iteration 311. I-divergence: 1485.02635735. MSE: 0.765959883842.
Iteration 312. I-divergence: 1484.8640523. MSE: 0.765874483911.
Iteration 313. I-divergence: 1484.70169012. MSE: 0.765789052855.
Iteration 314. I-divergence: 1484.53927093. MSE: 0.765703590746.
Iteration 315. I-divergence: 1484.37679488. MSE: 0.765618097655.
Iteration 316. I-divergence: 1484.21426209. MSE: 0.765532573654.
Iteration 317. I-divergence: 1484.05167271. MSE: 0.765447018815.
Iteration 318. I-divergence: 1483.88902688. MSE: 0.765361433214.
Iteration 319. I-divergence: 1483.72632473. MSE: 0.765275816923.
Iteration 320. I-divergence: 1483.5635664. MSE: 0.765190170018.
Iteration 321. I-divergence: 1483.40075204. MSE: 0.765104492575.
Iteration 322. I-divergence: 1483.2378818. MSE: 0.765018784669.
Iteration 323. I-divergence: 1483.07495581. MSE: 0.764933046378.
Iteration 324. I-divergence: 1482.91197422. MSE: 0.76484727778.
Iteration 325. I-divergence: 1482.74893718. MSE: 0.764761478952.
Iteration 326. I-divergence: 1482.58584483. MSE: 0.764675649975.
Iteration 327. I-divergence: 1482.42269734. MSE: 0.764589790928.
Iteration 328. I-divergence: 1482.25949484. MSE: 0.764503901891.
Iteration 329. I-divergence: 1482.0962375. MSE: 0.764417982946.
Iteration 330. I-divergence: 1481.93292546. MSE: 0.764332034174.
Iteration 331. I-divergence: 1481.76955888. MSE: 0.764246055659.
Iteration 332. I-divergence: 1481.60613792. MSE: 0.764160047485.
Iteration 333. I-divergence: 1481.44266273. MSE: 0.764074009735.
Iteration 334. I-divergence: 1481.27913347. MSE: 0.763987942494.
Iteration 335. I-divergence: 1481.11555031. MSE: 0.763901845848.
Iteration 336. I-divergence: 1480.9519134. MSE: 0.763815719883.
Iteration 337. I-divergence: 1480.78822291. MSE: 0.763729564687.
Iteration 338. I-divergence: 1480.624479. MSE: 0.763643380348.
Iteration 339. I-divergence: 1480.46068185. MSE: 0.763557166955.
Iteration 340. I-divergence: 1480.29683161. MSE: 0.763470924597.
Iteration 341. I-divergence: 1480.13292845. MSE: 0.763384653364.
Iteration 342. I-divergence: 1479.96897255. MSE: 0.763298353348.
Iteration 343. I-divergence: 1479.80496407. MSE: 0.76321202464.
Iteration 344. I-divergence: 1479.6409032. MSE: 0.763125667334.
Iteration 345. I-divergence: 1479.47679009. MSE: 0.763039281522.
Iteration 346. I-divergence: 1479.31262494. MSE: 0.762952867299.
Iteration 347. I-divergence: 1479.14840792. MSE: 0.76286642476.
Iteration 348. I-divergence: 1478.9841392. MSE: 0.762779954001.
Iteration 349. I-divergence: 1478.81981896. MSE: 0.762693455119.
Iteration 350. I-divergence: 1478.6554474. MSE: 0.76260692821.
Iteration 351. I-divergence: 1478.49102468. MSE: 0.762520373375.
Iteration 352. I-divergence: 1478.326551. MSE: 0.762433790711.
Iteration 353. I-divergence: 1478.16202654. MSE: 0.762347180319.
Iteration 354. I-divergence: 1477.99745149. MSE: 0.7622605423.
Iteration 355. I-divergence: 1477.83282604. MSE: 0.762173876755.
Iteration 356. I-divergence: 1477.66815038. MSE: 0.762087183787.
Iteration 357. I-divergence: 1477.5034247. MSE: 0.762000463499.
Iteration 358. I-divergence: 1477.33864919. MSE: 0.761913715996.
Iteration 359. I-divergence: 1477.17382406. MSE: 0.761826941383.
Iteration 360. I-divergence: 1477.00894949. MSE: 0.761740139765.
Iteration 361. I-divergence: 1476.84402569. MSE: 0.76165331125.
Iteration 362. I-divergence: 1476.67905285. MSE: 0.761566455945.
Iteration 363. I-divergence: 1476.51403119. MSE: 0.761479573959.
Iteration 364. I-divergence: 1476.34896089. MSE: 0.761392665402.
Iteration 365. I-divergence: 1476.18384217. MSE: 0.761305730383.
Iteration 366. I-divergence: 1476.01867523. MSE: 0.761218769014.
Iteration 367. I-divergence: 1475.85346029. MSE: 0.761131781408.
Iteration 368. I-divergence: 1475.68819754. MSE: 0.761044767677.
Iteration 369. I-divergence: 1475.52288721. MSE: 0.760957727935.
Iteration 370. I-divergence: 1475.3575295. MSE: 0.760870662297.
Iteration 371. I-divergence: 1475.19212463. MSE: 0.760783570879.
Iteration 372. I-divergence: 1475.02667281. MSE: 0.760696453799.
Iteration 373. I-divergence: 1474.86117427. MSE: 0.760609311172.
Iteration 374. I-divergence: 1474.69562923. MSE: 0.760522143119.
Iteration 375. I-divergence: 1474.5300379. MSE: 0.760434949758.
Iteration 376. I-divergence: 1474.36440051. MSE: 0.76034773121.
Iteration 377. I-divergence: 1474.19871728. MSE: 0.760260487597.
Iteration 378. I-divergence: 1474.03298844. MSE: 0.760173219041.
Iteration 379. I-divergence: 1473.86721422. MSE: 0.760085925664.
Iteration 380. I-divergence: 1473.70139485. MSE: 0.759998607593.
Iteration 381. I-divergence: 1473.53553056. MSE: 0.759911264951.
Iteration 382. I-divergence: 1473.36962159. MSE: 0.759823897864.
Iteration 383. I-divergence: 1473.20366816. MSE: 0.759736506462.
Iteration 384. I-divergence: 1473.03767052. MSE: 0.75964909087.
Iteration 385. I-divergence: 1472.87162891. MSE: 0.759561651219.
Iteration 386. I-divergence: 1472.70554356. MSE: 0.759474187638.
Iteration 387. I-divergence: 1472.53941472. MSE: 0.759386700259.
Iteration 388. I-divergence: 1472.37324263. MSE: 0.759299189214.
Iteration 389. I-divergence: 1472.20702754. MSE: 0.759211654636.
Iteration 390. I-divergence: 1472.0407697. MSE: 0.75912409666.
Iteration 391. I-divergence: 1471.87446936. MSE: 0.759036515419.
Iteration 392. I-divergence: 1471.70812677. MSE: 0.758948911051.
Iteration 393. I-divergence: 1471.54174218. MSE: 0.758861283693.
Iteration 394. I-divergence: 1471.37531584. MSE: 0.758773633483.
Iteration 395. I-divergence: 1471.20884802. MSE: 0.758685960559.
Iteration 396. I-divergence: 1471.04233898. MSE: 0.758598265064.
Iteration 397. I-divergence: 1470.87578897. MSE: 0.758510547137.
Iteration 398. I-divergence: 1470.70919826. MSE: 0.758422806921.
Iteration 399. I-divergence: 1470.54256711. MSE: 0.75833504456.
Iteration 400. I-divergence: 1470.37589579. MSE: 0.758247260197.
Iteration 401. I-divergence: 1470.20918457. MSE: 0.758159453979.
Iteration 402. I-divergence: 1470.04243372. MSE: 0.758071626053.
Iteration 403. I-divergence: 1469.87564351. MSE: 0.757983776565.
Iteration 404. I-divergence: 1469.70881422. MSE: 0.757895905665.
Iteration 405. I-divergence: 1469.54194612. MSE: 0.757808013502.
Iteration 406. I-divergence: 1469.3750395. MSE: 0.757720100227.
Iteration 407. I-divergence: 1469.20809462. MSE: 0.757632165992.
Iteration 408. I-divergence: 1469.04111178. MSE: 0.757544210951.
Iteration 409. I-divergence: 1468.87409126. MSE: 0.757456235257.
Iteration 410. I-divergence: 1468.70703334. MSE: 0.757368239066.
Iteration 411. I-divergence: 1468.53993832. MSE: 0.757280222534.
Iteration 412. I-divergence: 1468.37280648. MSE: 0.757192185818.
Iteration 413. I-divergence: 1468.20563812. MSE: 0.757104129077.
Iteration 414. I-divergence: 1468.03843353. MSE: 0.757016052471.
Iteration 415. I-divergence: 1467.87119301. MSE: 0.756927956161.
Iteration 416. I-divergence: 1467.70391685. MSE: 0.756839840308.
Iteration 417. I-divergence: 1467.53660537. MSE: 0.756751705076.
Iteration 418. I-divergence: 1467.36925885. MSE: 0.756663550629.
Iteration 419. I-divergence: 1467.20187761. MSE: 0.756575377131.
Iteration 420. I-divergence: 1467.03446195. MSE: 0.756487184751.
Iteration 421. I-divergence: 1466.86701218. MSE: 0.756398973654.
Iteration 422. I-divergence: 1466.69952862. MSE: 0.756310744011.
Iteration 423. I-divergence: 1466.53201157. MSE: 0.756222495991.
Iteration 424. I-divergence: 1466.36446135. MSE: 0.756134229765.
Iteration 425. I-divergence: 1466.19687828. MSE: 0.756045945505.
Iteration 426. I-divergence: 1466.02926268. MSE: 0.755957643385.
Iteration 427. I-divergence: 1465.86161487. MSE: 0.75586932358.
Iteration 428. I-divergence: 1465.69393518. MSE: 0.755780986265.
Iteration 429. I-divergence: 1465.52622392. MSE: 0.755692631617.
Iteration 430. I-divergence: 1465.35848144. MSE: 0.755604259814.
Iteration 431. I-divergence: 1465.19070805. MSE: 0.755515871036.
Iteration 432. I-divergence: 1465.0229041. MSE: 0.755427465463.
Iteration 433. I-divergence: 1464.85506992. MSE: 0.755339043278.
Iteration 434. I-divergence: 1464.68720584. MSE: 0.755250604662.
Iteration 435. I-divergence: 1464.5193122. MSE: 0.7551621498.
Iteration 436. I-divergence: 1464.35138935. MSE: 0.755073678877.
Iteration 437. I-divergence: 1464.18343763. MSE: 0.754985192081.
Iteration 438. I-divergence: 1464.01545738. MSE: 0.754896689598.
Iteration 439. I-divergence: 1463.84744896. MSE: 0.754808171618.
Iteration 440. I-divergence: 1463.67941271. MSE: 0.75471963833.
Iteration 441. I-divergence: 1463.51134899. MSE: 0.754631089927.
Iteration 442. I-divergence: 1463.34325815. MSE: 0.754542526601.
Iteration 443. I-divergence: 1463.17514056. MSE: 0.754453948546.
Iteration 444. I-divergence: 1463.00699656. MSE: 0.754365355957.
Iteration 445. I-divergence: 1462.83882652. MSE: 0.754276749031.
Iteration 446. I-divergence: 1462.6706308. MSE: 0.754188127965.
Iteration 447. I-divergence: 1462.50240978. MSE: 0.754099492957.
Iteration 448. I-divergence: 1462.33416382. MSE: 0.754010844209.
Iteration 449. I-divergence: 1462.16589328. MSE: 0.753922181921.
Iteration 450. I-divergence: 1461.99759856. MSE: 0.753833506296.
Iteration 451. I-divergence: 1461.82928001. MSE: 0.753744817539.
Iteration 452. I-divergence: 1461.66093802. MSE: 0.753656115853.
Iteration 453. I-divergence: 1461.49257298. MSE: 0.753567401446.
Iteration 454. I-divergence: 1461.32418525. MSE: 0.753478674526.
Iteration 455. I-divergence: 1461.15577523. MSE: 0.7533899353.
Iteration 456. I-divergence: 1460.9873433. MSE: 0.753301183981.
Iteration 457. I-divergence: 1460.81888986. MSE: 0.753212420778.
Iteration 458. I-divergence: 1460.6504153. MSE: 0.753123645906.
Iteration 459. I-divergence: 1460.48192. MSE: 0.753034859577.
Iteration 460. I-divergence: 1460.31340437. MSE: 0.752946062008.
Iteration 461. I-divergence: 1460.14486881. MSE: 0.752857253415.
Iteration 462. I-divergence: 1459.97631372. MSE: 0.752768434016.
Iteration 463. I-divergence: 1459.8077395. MSE: 0.75267960403.
Iteration 464. I-divergence: 1459.63914656. MSE: 0.752590763678.
Iteration 465. I-divergence: 1459.47053531. MSE: 0.752501913182.
Iteration 466. I-divergence: 1459.30190616. MSE: 0.752413052764.
Iteration 467. I-divergence: 1459.13325952. MSE: 0.752324182651.
Iteration 468. I-divergence: 1458.96459581. MSE: 0.752235303066.
Iteration 469. I-divergence: 1458.79591545. MSE: 0.752146414237.
Iteration 470. I-divergence: 1458.62721886. MSE: 0.752057516393.
Iteration 471. I-divergence: 1458.45850646. MSE: 0.751968609764.
Iteration 472. I-divergence: 1458.28977868. MSE: 0.751879694579.
Iteration 473. I-divergence: 1458.12103594. MSE: 0.751790771073.
Iteration 474. I-divergence: 1457.95227868. MSE: 0.751701839477.
Iteration 475. I-divergence: 1457.78350734. MSE: 0.751612900028.
Iteration 476. I-divergence: 1457.61472234. MSE: 0.751523952962.
Iteration 477. I-divergence: 1457.44592412. MSE: 0.751434998515.
Iteration 478. I-divergence: 1457.27711313. MSE: 0.751346036928.
Iteration 479. I-divergence: 1457.1082898. MSE: 0.75125706844.
Iteration 480. I-divergence: 1456.93945459. MSE: 0.751168093294.
Iteration 481. I-divergence: 1456.77060794. MSE: 0.751079111731.
Iteration 482. I-divergence: 1456.60175031. MSE: 0.750990123996.
Iteration 483. I-divergence: 1456.43288213. MSE: 0.750901130334.
Iteration 484. I-divergence: 1456.26400388. MSE: 0.750812130994.
Iteration 485. I-divergence: 1456.09511601. MSE: 0.750723126222.
Iteration 486. I-divergence: 1455.92621897. MSE: 0.750634116268.
Iteration 487. I-divergence: 1455.75731323. MSE: 0.750545101384.
Iteration 488. I-divergence: 1455.58839926. MSE: 0.750456081821.
Iteration 489. I-divergence: 1455.41947753. MSE: 0.750367057833.
Iteration 490. I-divergence: 1455.2505485. MSE: 0.750278029676.
Iteration 491. I-divergence: 1455.08161264. MSE: 0.750188997604.
Iteration 492. I-divergence: 1454.91267044. MSE: 0.750099961876.
Iteration 493. I-divergence: 1454.74372237. MSE: 0.75001092275.
Iteration 494. I-divergence: 1454.57476891. MSE: 0.749921880487.
Iteration 495. I-divergence: 1454.40581054. MSE: 0.749832835349.
Iteration 496. I-divergence: 1454.23684775. MSE: 0.749743787598.
Iteration 497. I-divergence: 1454.06788103. MSE: 0.749654737498.
Iteration 498. I-divergence: 1453.89891086. MSE: 0.749565685315.
Iteration 499. I-divergence: 1453.72993774. MSE: 0.749476631316.
Iteration 500. I-divergence: 1453.56096216. MSE: 0.749387575769.
Iteration 501. I-divergence: 1453.39198463. MSE: 0.749298518943.
Iteration 502. I-divergence: 1453.22300564. MSE: 0.74920946111.
Iteration 503. I-divergence: 1453.05402569. MSE: 0.749120402541.
Iteration 504. I-divergence: 1452.88504529. MSE: 0.74903134351.
Iteration 505. I-divergence: 1452.71606495. MSE: 0.748942284293.
Iteration 506. I-divergence: 1452.54708517. MSE: 0.748853225164.
Iteration 507. I-divergence: 1452.37810648. MSE: 0.748764166402.
Iteration 508. I-divergence: 1452.20912937. MSE: 0.748675108285.
Iteration 509. I-divergence: 1452.04015439. MSE: 0.748586051093.
Iteration 510. I-divergence: 1451.87118203. MSE: 0.748496995108.
Iteration 511. I-divergence: 1451.70221282. MSE: 0.748407940613.
Iteration 512. I-divergence: 1451.5332473. MSE: 0.748318887891.
Iteration 513. I-divergence: 1451.36428598. MSE: 0.748229837228.
Iteration 514. I-divergence: 1451.1953294. MSE: 0.748140788911.
Iteration 515. I-divergence: 1451.02637809. MSE: 0.748051743227.
Iteration 516. I-divergence: 1450.85743258. MSE: 0.747962700466.
Iteration 517. I-divergence: 1450.68849341. MSE: 0.747873660918.
Iteration 518. I-divergence: 1450.51956112. MSE: 0.747784624875.
Iteration 519. I-divergence: 1450.35063625. MSE: 0.74769559263.
Iteration 520. I-divergence: 1450.18171935. MSE: 0.747606564478.
Iteration 521. I-divergence: 1450.01281096. MSE: 0.747517540715.
Iteration 522. I-divergence: 1449.84391163. MSE: 0.747428521636.
Iteration 523. I-divergence: 1449.67502192. MSE: 0.747339507541.
Iteration 524. I-divergence: 1449.50614238. MSE: 0.747250498729.
Iteration 525. I-divergence: 1449.33727356. MSE: 0.747161495501.
Iteration 526. I-divergence: 1449.16841602. MSE: 0.747072498159.
Iteration 527. I-divergence: 1448.99957033. MSE: 0.746983507006.
Iteration 528. I-divergence: 1448.83073705. MSE: 0.746894522346.
Iteration 529. I-divergence: 1448.66191674. MSE: 0.746805544486.
Iteration 530. I-divergence: 1448.49310998. MSE: 0.746716573733.
Iteration 531. I-divergence: 1448.32431733. MSE: 0.746627610394.
Iteration 532. I-divergence: 1448.15553936. MSE: 0.74653865478.
Iteration 533. I-divergence: 1447.98677666. MSE: 0.746449707201.
Iteration 534. I-divergence: 1447.8180298. MSE: 0.74636076797.
Iteration 535. I-divergence: 1447.64929935. MSE: 0.746271837398.
Iteration 536. I-divergence: 1447.48058591. MSE: 0.746182915801.
Iteration 537. I-divergence: 1447.31189006. MSE: 0.746094003495.
Iteration 538. I-divergence: 1447.14321238. MSE: 0.746005100795.
Iteration 539. I-divergence: 1446.97455346. MSE: 0.745916208021.
Iteration 540. I-divergence: 1446.8059139. MSE: 0.745827325491.
Iteration 541. I-divergence: 1446.63729428. MSE: 0.745738453526.
Iteration 542. I-divergence: 1446.46869521. MSE: 0.745649592447.
Iteration 543. I-divergence: 1446.30011729. MSE: 0.745560742577.
Iteration 544. I-divergence: 1446.1315611. MSE: 0.74547190424.
Iteration 545. I-divergence: 1445.96302726. MSE: 0.745383077761.
Iteration 546. I-divergence: 1445.79451637. MSE: 0.745294263466.
Iteration 547. I-divergence: 1445.62602904. MSE: 0.745205461682.
Iteration 548. I-divergence: 1445.45756588. MSE: 0.745116672738.
Iteration 549. I-divergence: 1445.28912749. MSE: 0.745027896964.
Iteration 550. I-divergence: 1445.1207145. MSE: 0.74493913469.
Iteration 551. I-divergence: 1444.95232751. MSE: 0.744850386247.
Iteration 552. I-divergence: 1444.78396715. MSE: 0.74476165197.
Iteration 553. I-divergence: 1444.61563404. MSE: 0.744672932191.
Iteration 554. I-divergence: 1444.44732879. MSE: 0.744584227246.
Iteration 555. I-divergence: 1444.27905203. MSE: 0.744495537471.
Iteration 556. I-divergence: 1444.11080439. MSE: 0.744406863204.
Iteration 557. I-divergence: 1443.94258649. MSE: 0.744318204781.
Iteration 558. I-divergence: 1443.77439897. MSE: 0.744229562544.
Iteration 559. I-divergence: 1443.60624246. MSE: 0.744140936832.
Iteration 560. I-divergence: 1443.43811759. MSE: 0.744052327986.
Iteration 561. I-divergence: 1443.270025. MSE: 0.743963736349.
Iteration 562. I-divergence: 1443.10196532. MSE: 0.743875162264.
Iteration 563. I-divergence: 1442.9339392. MSE: 0.743786606077.
Iteration 564. I-divergence: 1442.76594728. MSE: 0.743698068131.
Iteration 565. I-divergence: 1442.5979902. MSE: 0.743609548773.
Iteration 566. I-divergence: 1442.43006861. MSE: 0.743521048352.
Iteration 567. I-divergence: 1442.26218316. MSE: 0.743432567214.
Iteration 568. I-divergence: 1442.09433448. MSE: 0.74334410571.
Iteration 569. I-divergence: 1441.92652325. MSE: 0.743255664189.
Iteration 570. I-divergence: 1441.7587501. MSE: 0.743167243002.
Iteration 571. I-divergence: 1441.5910157. MSE: 0.743078842502.
Iteration 572. I-divergence: 1441.4233207. MSE: 0.742990463042.
Iteration 573. I-divergence: 1441.25566576. MSE: 0.742902104974.
Iteration 574. I-divergence: 1441.08805154. MSE: 0.742813768655.
Iteration 575. I-divergence: 1440.9204787. MSE: 0.742725454438.
Iteration 576. I-divergence: 1440.7529479. MSE: 0.742637162682.
Iteration 577. I-divergence: 1440.58545982. MSE: 0.742548893742.
Iteration 578. I-divergence: 1440.41801511. MSE: 0.742460647977.
Iteration 579. I-divergence: 1440.25061445. MSE: 0.742372425746.
Iteration 580. I-divergence: 1440.0832585. MSE: 0.742284227409.
Iteration 581. I-divergence: 1439.91594794. MSE: 0.742196053325.
Iteration 582. I-divergence: 1439.74868344. MSE: 0.742107903856.
Iteration 583. I-divergence: 1439.58146568. MSE: 0.742019779365.
Iteration 584. I-divergence: 1439.41429532. MSE: 0.741931680213.
Iteration 585. I-divergence: 1439.24717306. MSE: 0.741843606764.
Iteration 586. I-divergence: 1439.08009956. MSE: 0.741755559383.
Iteration 587. I-divergence: 1438.91307552. MSE: 0.741667538434.
Iteration 588. I-divergence: 1438.7461016. MSE: 0.741579544282.
Iteration 589. I-divergence: 1438.57917849. MSE: 0.741491577295.
Iteration 590. I-divergence: 1438.41230689. MSE: 0.741403637839.
Iteration 591. I-divergence: 1438.24548747. MSE: 0.741315726281.
Iteration 592. I-divergence: 1438.07872092. MSE: 0.74122784299.
Iteration 593. I-divergence: 1437.91200793. MSE: 0.741139988335.
Iteration 594. I-divergence: 1437.74534919. MSE: 0.741052162684.
Iteration 595. I-divergence: 1437.5787454. MSE: 0.740964366409.
Iteration 596. I-divergence: 1437.41219723. MSE: 0.740876599879.
Iteration 597. I-divergence: 1437.2457054. MSE: 0.740788863465.
Iteration 598. I-divergence: 1437.07927058. MSE: 0.74070115754.
Iteration 599. I-divergence: 1436.91289348. MSE: 0.740613482476.
Iteration 600. I-divergence: 1436.7465748. MSE: 0.740525838645.
Iteration 601. I-divergence: 1436.58031522. MSE: 0.74043822642.
Iteration 602. I-divergence: 1436.41411546. MSE: 0.740350646175.
Iteration 603. I-divergence: 1436.24797621. MSE: 0.740263098285.
Iteration 604. I-divergence: 1436.08189816. MSE: 0.740175583124.
Iteration 605. I-divergence: 1435.91588203. MSE: 0.740088101066.
Iteration 606. I-divergence: 1435.74992852. MSE: 0.740000652488.
Iteration 607. I-divergence: 1435.58403832. MSE: 0.739913237765.
Iteration 608. I-divergence: 1435.41821214. MSE: 0.739825857274.
Iteration 609. I-divergence: 1435.25245069. MSE: 0.739738511391.
Iteration 610. I-divergence: 1435.08675468. MSE: 0.739651200492.
Iteration 611. I-divergence: 1434.9211248. MSE: 0.739563924956.
Iteration 612. I-divergence: 1434.75556177. MSE: 0.739476685159.
Iteration 613. I-divergence: 1434.5900663. MSE: 0.739389481479.
Iteration 614. I-divergence: 1434.42463909. MSE: 0.739302314296.
Iteration 615. I-divergence: 1434.25928085. MSE: 0.739215183986.
Iteration 616. I-divergence: 1434.0939923. MSE: 0.739128090929.
Iteration 617. I-divergence: 1433.92877413. MSE: 0.739041035504.
Iteration 618. I-divergence: 1433.76362707. MSE: 0.738954018089.
Iteration 619. I-divergence: 1433.59855183. MSE: 0.738867039064.
Iteration 620. I-divergence: 1433.43354911. MSE: 0.738780098807.
Iteration 621. I-divergence: 1433.26861963. MSE: 0.7386931977.
Iteration 622. I-divergence: 1433.1037641. MSE: 0.73860633612.
Iteration 623. I-divergence: 1432.93898324. MSE: 0.738519514449.
Iteration 624. I-divergence: 1432.77427776. MSE: 0.738432733066.
Iteration 625. I-divergence: 1432.60964836. MSE: 0.73834599235.
Iteration 626. I-divergence: 1432.44509577. MSE: 0.738259292682.
Iteration 627. I-divergence: 1432.2806207. MSE: 0.738172634442.
Iteration 628. I-divergence: 1432.11622386. MSE: 0.73808601801.
Iteration 629. I-divergence: 1431.95190597. MSE: 0.737999443766.
Iteration 630. I-divergence: 1431.78766774. MSE: 0.73791291209.
Iteration 631. I-divergence: 1431.62350989. MSE: 0.737826423361.
Iteration 632. I-divergence: 1431.45943312. MSE: 0.73773997796.
Iteration 633. I-divergence: 1431.29543816. MSE: 0.737653576267.
Iteration 634. I-divergence: 1431.13152572. MSE: 0.737567218661.
Iteration 635. I-divergence: 1430.96769652. MSE: 0.737480905522.
Iteration 636. I-divergence: 1430.80395126. MSE: 0.737394637229.
Iteration 637. I-divergence: 1430.64029066. MSE: 0.737308414161.
Iteration 638. I-divergence: 1430.47671544. MSE: 0.737222236699.
Iteration 639. I-divergence: 1430.31322631. MSE: 0.73713610522.
Iteration 640. I-divergence: 1430.14982398. MSE: 0.737050020103.
Iteration 641. I-divergence: 1429.98650916. MSE: 0.736963981726.
Iteration 642. I-divergence: 1429.82328258. MSE: 0.736877990469.
Iteration 643. I-divergence: 1429.66014494. MSE: 0.736792046709.
Iteration 644. I-divergence: 1429.49709694. MSE: 0.736706150822.
Iteration 645. I-divergence: 1429.33413932. MSE: 0.736620303188.
Iteration 646. I-divergence: 1429.17127277. MSE: 0.736534504182.
Iteration 647. I-divergence: 1429.008498. MSE: 0.736448754181.
Iteration 648. I-divergence: 1428.84581573. MSE: 0.736363053562.
Iteration 649. I-divergence: 1428.68322667. MSE: 0.736277402699.
Iteration 650. I-divergence: 1428.52073152. MSE: 0.73619180197.
Iteration 651. I-divergence: 1428.35833099. MSE: 0.736106251747.
Iteration 652. I-divergence: 1428.19602579. MSE: 0.736020752407.
Iteration 653. I-divergence: 1428.03381663. MSE: 0.735935304322.
Iteration 654. I-divergence: 1427.87170421. MSE: 0.735849907866.
Iteration 655. I-divergence: 1427.70968923. MSE: 0.735764563413.
Iteration 656. I-divergence: 1427.54777241. MSE: 0.735679271334.
Iteration 657. I-divergence: 1427.38595444. MSE: 0.735594032002.
Iteration 658. I-divergence: 1427.22423603. MSE: 0.735508845787.
Iteration 659. I-divergence: 1427.06261787. MSE: 0.735423713061.
Iteration 660. I-divergence: 1426.90110067. MSE: 0.735338634192.
Iteration 661. I-divergence: 1426.73968513. MSE: 0.735253609552.
Iteration 662. I-divergence: 1426.57837194. MSE: 0.735168639508.
Iteration 663. I-divergence: 1426.41716181. MSE: 0.735083724428.
Iteration 664. I-divergence: 1426.25605542. MSE: 0.734998864679.
Iteration 665. I-divergence: 1426.09505348. MSE: 0.734914060629.
Iteration 666. I-divergence: 1425.93415667. MSE: 0.734829312642.
Iteration 667. I-divergence: 1425.77336569. MSE: 0.734744621084.
Iteration 668. I-divergence: 1425.61268122. MSE: 0.73465998632.
Iteration 669. I-divergence: 1425.45210397. MSE: 0.734575408712.
Iteration 670. I-divergence: 1425.29163461. MSE: 0.734490888623.
Iteration 671. I-divergence: 1425.13127383. MSE: 0.734406426415.
Iteration 672. I-divergence: 1424.97102231. MSE: 0.734322022449.
Iteration 673. I-divergence: 1424.81088075. MSE: 0.734237677084.
Iteration 674. I-divergence: 1424.65084982. MSE: 0.73415339068.
Iteration 675. I-divergence: 1424.49093021. MSE: 0.734069163594.
Iteration 676. I-divergence: 1424.33112258. MSE: 0.733984996185.
Iteration 677. I-divergence: 1424.17142762. MSE: 0.733900888807.
Iteration 678. I-divergence: 1424.01184601. MSE: 0.733816841817.
Iteration 679. I-divergence: 1423.85237841. MSE: 0.733732855568.
Iteration 680. I-divergence: 1423.69302551. MSE: 0.733648930414.
Iteration 681. I-divergence: 1423.53378796. MSE: 0.733565066707.
Iteration 682. I-divergence: 1423.37466644. MSE: 0.733481264796.
Iteration 683. I-divergence: 1423.21566161. MSE: 0.733397525034.
Iteration 684. I-divergence: 1423.05677414. MSE: 0.733313847768.
Iteration 685. I-divergence: 1422.89800469. MSE: 0.733230233345.
Iteration 686. I-divergence: 1422.73935391. MSE: 0.733146682113.
Iteration 687. I-divergence: 1422.58082248. MSE: 0.733063194417.
Iteration 688. I-divergence: 1422.42241104. MSE: 0.732979770601.
Iteration 689. I-divergence: 1422.26412025. MSE: 0.732896411007.
Iteration 690. I-divergence: 1422.10595076. MSE: 0.732813115978.
Iteration 691. I-divergence: 1421.94790322. MSE: 0.732729885854.
Iteration 692. I-divergence: 1421.78997827. MSE: 0.732646720974.
Iteration 693. I-divergence: 1421.63217657. MSE: 0.732563621676.
Iteration 694. I-divergence: 1421.47449875. MSE: 0.732480588296.
Iteration 695. I-divergence: 1421.31694546. MSE: 0.73239762117.
Iteration 696. I-divergence: 1421.15951733. MSE: 0.732314720632.
Iteration 697. I-divergence: 1421.00221501. MSE: 0.732231887014.
Iteration 698. I-divergence: 1420.84503911. MSE: 0.732149120647.
Iteration 699. I-divergence: 1420.68799028. MSE: 0.732066421861.
Iteration 700. I-divergence: 1420.53106914. MSE: 0.731983790985.
Iteration 701. I-divergence: 1420.37427631. MSE: 0.731901228345.
Iteration 702. I-divergence: 1420.21761243. MSE: 0.731818734267.
Iteration 703. I-divergence: 1420.06107811. MSE: 0.731736309075.
Iteration 704. I-divergence: 1419.90467397. MSE: 0.731653953091.
Iteration 705. I-divergence: 1419.74840062. MSE: 0.731571666636.
Iteration 706. I-divergence: 1419.59225868. MSE: 0.73148945003.
Iteration 707. I-divergence: 1419.43624876. MSE: 0.73140730359.
Iteration 708. I-divergence: 1419.28037145. MSE: 0.731325227633.
Iteration 709. I-divergence: 1419.12462738. MSE: 0.731243222474.
Iteration 710. I-divergence: 1418.96901714. MSE: 0.731161288426.
Iteration 711. I-divergence: 1418.81354132. MSE: 0.731079425801.
Iteration 712. I-divergence: 1418.65820052. MSE: 0.730997634908.
Iteration 713. I-divergence: 1418.50299534. MSE: 0.730915916055.
Iteration 714. I-divergence: 1418.34792636. MSE: 0.73083426955.
Iteration 715. I-divergence: 1418.19299418. MSE: 0.730752695698.
Iteration 716. I-divergence: 1418.03819936. MSE: 0.730671194801.
Iteration 717. I-divergence: 1417.88354251. MSE: 0.730589767161.
Iteration 718. I-divergence: 1417.72902418. MSE: 0.730508413078.
Iteration 719. I-divergence: 1417.57464496. MSE: 0.730427132851.
Iteration 720. I-divergence: 1417.42040542. MSE: 0.730345926775.
Iteration 721. I-divergence: 1417.26630612. MSE: 0.730264795145.
Iteration 722. I-divergence: 1417.11234763. MSE: 0.730183738254.
Iteration 723. I-divergence: 1416.95853051. MSE: 0.730102756393.
Iteration 724. I-divergence: 1416.80485532. MSE: 0.730021849851.
Iteration 725. I-divergence: 1416.65132261. MSE: 0.729941018916.
Iteration 726. I-divergence: 1416.49793293. MSE: 0.729860263872.
Iteration 727. I-divergence: 1416.34468684. MSE: 0.729779585005.
Iteration 728. I-divergence: 1416.19158487. MSE: 0.729698982594.
Iteration 729. I-divergence: 1416.03862758. MSE: 0.729618456921.
Iteration 730. I-divergence: 1415.88581548. MSE: 0.729538008264.
Iteration 731. I-divergence: 1415.73314913. MSE: 0.729457636898.
Iteration 732. I-divergence: 1415.58062905. MSE: 0.729377343098.
Iteration 733. I-divergence: 1415.42825576. MSE: 0.729297127135.
Iteration 734. I-divergence: 1415.27602979. MSE: 0.729216989281.
Iteration 735. I-divergence: 1415.12395167. MSE: 0.729136929803.
Iteration 736. I-divergence: 1414.9720219. MSE: 0.729056948968.
Iteration 737. I-divergence: 1414.820241. MSE: 0.72897704704.
Iteration 738. I-divergence: 1414.66860948. MSE: 0.728897224282.
Iteration 739. I-divergence: 1414.51712785. MSE: 0.728817480954.
Iteration 740. I-divergence: 1414.3657966. MSE: 0.728737817313.
Iteration 741. I-divergence: 1414.21461623. MSE: 0.728658233618.
Iteration 742. I-divergence: 1414.06358724. MSE: 0.72857873012.
Iteration 743. I-divergence: 1413.91271012. MSE: 0.728499307074.
Iteration 744. I-divergence: 1413.76198536. MSE: 0.728419964728.
Iteration 745. I-divergence: 1413.61141343. MSE: 0.728340703332.
Iteration 746. I-divergence: 1413.46099482. MSE: 0.72826152313.
Iteration 747. I-divergence: 1413.31073. MSE: 0.728182424366.
Iteration 748. I-divergence: 1413.16061944. MSE: 0.728103407283.
Iteration 749. I-divergence: 1413.01066361. MSE: 0.72802447212.
Iteration 750. I-divergence: 1412.86086298. MSE: 0.727945619114.
Iteration 751. I-divergence: 1412.71121799. MSE: 0.727866848501.
Iteration 752. I-divergence: 1412.56172912. MSE: 0.727788160514.
Iteration 753. I-divergence: 1412.4123968. MSE: 0.727709555383.
Iteration 754. I-divergence: 1412.26322149. MSE: 0.727631033338.
Iteration 755. I-divergence: 1412.11420363. MSE: 0.727552594604.
Iteration 756. I-divergence: 1411.96534366. MSE: 0.727474239408.
Iteration 757. I-divergence: 1411.81664201. MSE: 0.72739596797.
Iteration 758. I-divergence: 1411.66809912. MSE: 0.727317780511.
Iteration 759. I-divergence: 1411.51971541. MSE: 0.727239677249.
Iteration 760. I-divergence: 1411.37149131. MSE: 0.727161658399.
Iteration 761. I-divergence: 1411.22342723. MSE: 0.727083724175.
Iteration 762. I-divergence: 1411.07552359. MSE: 0.727005874787.
Iteration 763. I-divergence: 1410.9277808. MSE: 0.726928110445.
Iteration 764. I-divergence: 1410.78019927. MSE: 0.726850431355.
Iteration 765. I-divergence: 1410.63277939. MSE: 0.726772837722.
Iteration 766. I-divergence: 1410.48552157. MSE: 0.726695329748.
Iteration 767. I-divergence: 1410.3384262. MSE: 0.726617907633.
Iteration 768. I-divergence: 1410.19149366. MSE: 0.726540571573.
Iteration 769. I-divergence: 1410.04472436. MSE: 0.726463321765.
Iteration 770. I-divergence: 1409.89811865. MSE: 0.726386158402.
Iteration 771. I-divergence: 1409.75167693. MSE: 0.726309081673.
Iteration 772. I-divergence: 1409.60539956. MSE: 0.726232091768.
Iteration 773. I-divergence: 1409.45928692. MSE: 0.726155188873.
Iteration 774. I-divergence: 1409.31333936. MSE: 0.726078373171.
Iteration 775. I-divergence: 1409.16755724. MSE: 0.726001644844.
Iteration 776. I-divergence: 1409.02194093. MSE: 0.725925004071.
Iteration 777. I-divergence: 1408.87649077. MSE: 0.725848451029.
Iteration 778. I-divergence: 1408.73120711. MSE: 0.725771985893.
Iteration 779. I-divergence: 1408.58609028. MSE: 0.725695608833.
Iteration 780. I-divergence: 1408.44114064. MSE: 0.725619320022.
Iteration 781. I-divergence: 1408.2963585. MSE: 0.725543119625.
Iteration 782. I-divergence: 1408.15174421. MSE: 0.725467007808.
Iteration 783. I-divergence: 1408.00729808. MSE: 0.725390984734.
Iteration 784. I-divergence: 1407.86302043. MSE: 0.725315050563.
Iteration 785. I-divergence: 1407.71891159. MSE: 0.725239205453.
Iteration 786. I-divergence: 1407.57497186. MSE: 0.725163449561.
Iteration 787. I-divergence: 1407.43120154. MSE: 0.725087783039.
Iteration 788. I-divergence: 1407.28760095. MSE: 0.725012206039.
Iteration 789. I-divergence: 1407.14417038. MSE: 0.724936718709.
Iteration 790. I-divergence: 1407.00091012. MSE: 0.724861321196.
Iteration 791. I-divergence: 1406.85782046. MSE: 0.724786013643.
Iteration 792. I-divergence: 1406.7149017. MSE: 0.724710796193.
Iteration 793. I-divergence: 1406.57215409. MSE: 0.724635668983.
Iteration 794. I-divergence: 1406.42957794. MSE: 0.724560632153.
Iteration 795. I-divergence: 1406.28717349. MSE: 0.724485685835.
Iteration 796. I-divergence: 1406.14494103. MSE: 0.724410830161.
Iteration 797. I-divergence: 1406.00288081. MSE: 0.724336065263.
Iteration 798. I-divergence: 1405.8609931. MSE: 0.724261391267.
Iteration 799. I-divergence: 1405.71927814. MSE: 0.724186808297.
Iteration 800. I-divergence: 1405.57773619. MSE: 0.724112316478.
Iteration 801. I-divergence: 1405.43636748. MSE: 0.724037915929.
Iteration 802. I-divergence: 1405.29517227. MSE: 0.723963606768.
Iteration 803. I-divergence: 1405.15415078. MSE: 0.72388938911.
Iteration 804. I-divergence: 1405.01330325. MSE: 0.72381526307.
Iteration 805. I-divergence: 1404.87262991. MSE: 0.723741228757.
Iteration 806. I-divergence: 1404.73213097. MSE: 0.723667286281.
Iteration 807. I-divergence: 1404.59180665. MSE: 0.723593435747.
Iteration 808. I-divergence: 1404.45165717. MSE: 0.723519677259.
Iteration 809. I-divergence: 1404.31168274. MSE: 0.723446010919.
Iteration 810. I-divergence: 1404.17188355. MSE: 0.723372436826.
Iteration 811. I-divergence: 1404.03225982. MSE: 0.723298955076.
Iteration 812. I-divergence: 1403.89281174. MSE: 0.723225565765.
Iteration 813. I-divergence: 1403.75353949. MSE: 0.723152268983.
Iteration 814. I-divergence: 1403.61444327. MSE: 0.723079064821.
Iteration 815. I-divergence: 1403.47552326. MSE: 0.723005953366.
Iteration 816. I-divergence: 1403.33677963. MSE: 0.722932934703.
Iteration 817. I-divergence: 1403.19821255. MSE: 0.722860008915.
Iteration 818. I-divergence: 1403.05982221. MSE: 0.722787176082.
Iteration 819. I-divergence: 1402.92160876. MSE: 0.722714436282.
Iteration 820. I-divergence: 1402.78357235. MSE: 0.722641789592.
Iteration 821. I-divergence: 1402.64571316. MSE: 0.722569236084.
Iteration 822. I-divergence: 1402.50803133. MSE: 0.72249677583.
Iteration 823. I-divergence: 1402.370527. MSE: 0.722424408898.
Iteration 824. I-divergence: 1402.23320032. MSE: 0.722352135355.
Iteration 825. I-divergence: 1402.09605142. MSE: 0.722279955266.
Iteration 826. I-divergence: 1401.95908045. MSE: 0.722207868692.
Iteration 827. I-divergence: 1401.82228753. MSE: 0.722135875692.
Iteration 828. I-divergence: 1401.68567278. MSE: 0.722063976325.
Iteration 829. I-divergence: 1401.54923633. MSE: 0.721992170645.
Iteration 830. I-divergence: 1401.4129783. MSE: 0.721920458706.
Iteration 831. I-divergence: 1401.27689878. MSE: 0.721848840557.
Iteration 832. I-divergence: 1401.1409979. MSE: 0.721777316248.
Iteration 833. I-divergence: 1401.00527576. MSE: 0.721705885823.
Iteration 834. I-divergence: 1400.86973245. MSE: 0.721634549328.
Iteration 835. I-divergence: 1400.73436807. MSE: 0.721563306803.
Iteration 836. I-divergence: 1400.59918272. MSE: 0.721492158289.
Iteration 837. I-divergence: 1400.46417647. MSE: 0.721421103822.
Iteration 838. I-divergence: 1400.32934941. MSE: 0.721350143437.
Iteration 839. I-divergence: 1400.19470162. MSE: 0.721279277167.
Iteration 840. I-divergence: 1400.06023317. MSE: 0.721208505042.
Iteration 841. I-divergence: 1399.92594414. MSE: 0.721137827091.
Iteration 842. I-divergence: 1399.79183458. MSE: 0.72106724334.
Iteration 843. I-divergence: 1399.65790455. MSE: 0.720996753813.
Iteration 844. I-divergence: 1399.52415413. MSE: 0.720926358532.
Iteration 845. I-divergence: 1399.39058335. MSE: 0.720856057516.
Iteration 846. I-divergence: 1399.25719226. MSE: 0.720785850783.
Iteration 847. I-divergence: 1399.12398092. MSE: 0.720715738349.
Iteration 848. I-divergence: 1398.99094936. MSE: 0.720645720226.
Iteration 849. I-divergence: 1398.85809761. MSE: 0.720575796426.
Iteration 850. I-divergence: 1398.72542572. MSE: 0.720505966957.
Iteration 851. I-divergence: 1398.59293371. MSE: 0.720436231826.
Iteration 852. I-divergence: 1398.46062159. MSE: 0.720366591039.
Iteration 853. I-divergence: 1398.3284894. MSE: 0.720297044598.
Iteration 854. I-divergence: 1398.19653715. MSE: 0.720227592503.
Iteration 855. I-divergence: 1398.06476485. MSE: 0.720158234754.
Iteration 856. I-divergence: 1397.93317251. MSE: 0.720088971345.
Iteration 857. I-divergence: 1397.80176013. MSE: 0.720019802273.
Iteration 858. I-divergence: 1397.67052772. MSE: 0.719950727529.
Iteration 859. I-divergence: 1397.53947526. MSE: 0.719881747103.
Iteration 860. I-divergence: 1397.40860276. MSE: 0.719812860985.
Iteration 861. I-divergence: 1397.27791019. MSE: 0.719744069159.
Iteration 862. I-divergence: 1397.14739756. MSE: 0.719675371611.
Iteration 863. I-divergence: 1397.01706482. MSE: 0.719606768322.
Iteration 864. I-divergence: 1396.88691197. MSE: 0.719538259274.
Iteration 865. I-divergence: 1396.75693898. MSE: 0.719469844443.
Iteration 866. I-divergence: 1396.62714581. MSE: 0.719401523808.
Iteration 867. I-divergence: 1396.49753243. MSE: 0.719333297341.
Iteration 868. I-divergence: 1396.3680988. MSE: 0.719265165016.
Iteration 869. I-divergence: 1396.23884489. MSE: 0.719197126804.
Iteration 870. I-divergence: 1396.10977063. MSE: 0.719129182672.
Iteration 871. I-divergence: 1395.98087599. MSE: 0.719061332587.
Iteration 872. I-divergence: 1395.85216092. MSE: 0.718993576515.
Iteration 873. I-divergence: 1395.72362534. MSE: 0.718925914417.
Iteration 874. I-divergence: 1395.59526921. MSE: 0.718858346256.
Iteration 875. I-divergence: 1395.46709246. MSE: 0.718790871991.
Iteration 876. I-divergence: 1395.33909503. MSE: 0.718723491578.
Iteration 877. I-divergence: 1395.21127683. MSE: 0.718656204973.
Iteration 878. I-divergence: 1395.0836378. MSE: 0.718589012131.
Iteration 879. I-divergence: 1394.95617785. MSE: 0.718521913002.
Iteration 880. I-divergence: 1394.82889691. MSE: 0.718454907537.
Iteration 881. I-divergence: 1394.70179489. MSE: 0.718387995684.
Iteration 882. I-divergence: 1394.57487171. MSE: 0.718321177389.
Iteration 883. I-divergence: 1394.44812725. MSE: 0.718254452598.
Iteration 884. I-divergence: 1394.32156145. MSE: 0.718187821253.
Iteration 885. I-divergence: 1394.19517418. MSE: 0.718121283295.
Iteration 886. I-divergence: 1394.06896536. MSE: 0.718054838664.
Iteration 887. I-divergence: 1393.94293487. MSE: 0.717988487297.
Iteration 888. I-divergence: 1393.8170826. MSE: 0.717922229131.
Iteration 889. I-divergence: 1393.69140845. MSE: 0.7178560641.
Iteration 890. I-divergence: 1393.56591229. MSE: 0.717789992137.
Iteration 891. I-divergence: 1393.44059401. MSE: 0.717724013172.
Iteration 892. I-divergence: 1393.31545349. MSE: 0.717658127135.
Iteration 893. I-divergence: 1393.19049059. MSE: 0.717592333953.
Iteration 894. I-divergence: 1393.06570519. MSE: 0.717526633553.
Iteration 895. I-divergence: 1392.94109716. MSE: 0.71746102586.
Iteration 896. I-divergence: 1392.81666637. MSE: 0.717395510794.
Iteration 897. I-divergence: 1392.69241266. MSE: 0.717330088279.
Iteration 898. I-divergence: 1392.56833591. MSE: 0.717264758234.
Iteration 899. I-divergence: 1392.44443597. MSE: 0.717199520576.
Iteration 900. I-divergence: 1392.32071269. MSE: 0.717134375223.
Iteration 901. I-divergence: 1392.19716591. MSE: 0.717069322089.
Iteration 902. I-divergence: 1392.07379549. MSE: 0.717004361087.
Iteration 903. I-divergence: 1391.95060127. MSE: 0.71693949213.
Iteration 904. I-divergence: 1391.82758309. MSE: 0.716874715128.
Iteration 905. I-divergence: 1391.70474078. MSE: 0.71681002999.
Iteration 906. I-divergence: 1391.58207418. MSE: 0.716745436624.
Iteration 907. I-divergence: 1391.45958313. MSE: 0.716680934934.
Iteration 908. I-divergence: 1391.33726744. MSE: 0.716616524827.
Iteration 909. I-divergence: 1391.21512695. MSE: 0.716552206204.
Iteration 910. I-divergence: 1391.09316148. MSE: 0.716487978968.
Iteration 911. I-divergence: 1390.97137085. MSE: 0.716423843019.
Iteration 912. I-divergence: 1390.84975488. MSE: 0.716359798256.
Iteration 913. I-divergence: 1390.72831338. MSE: 0.716295844576.
Iteration 914. I-divergence: 1390.60704616. MSE: 0.716231981875.
Iteration 915. I-divergence: 1390.48595303. MSE: 0.716168210048.
Iteration 916. I-divergence: 1390.36503381. MSE: 0.716104528989.
Iteration 917. I-divergence: 1390.24428828. MSE: 0.716040938589.
Iteration 918. I-divergence: 1390.12371626. MSE: 0.71597743874.
Iteration 919. I-divergence: 1390.00331755. MSE: 0.71591402933.
Iteration 920. I-divergence: 1389.88309193. MSE: 0.715850710248.
Iteration 921. I-divergence: 1389.7630392. MSE: 0.715787481381.
Iteration 922. I-divergence: 1389.64315916. MSE: 0.715724342615.
Iteration 923. I-divergence: 1389.52345159. MSE: 0.715661293833.
Iteration 924. I-divergence: 1389.40391628. MSE: 0.715598334919.
Iteration 925. I-divergence: 1389.28455301. MSE: 0.715535465754.
Iteration 926. I-divergence: 1389.16536157. MSE: 0.71547268622.
Iteration 927. I-divergence: 1389.04634173. MSE: 0.715409996196.
Iteration 928. I-divergence: 1388.92749326. MSE: 0.715347395561.
Iteration 929. I-divergence: 1388.80881595. MSE: 0.71528488419.
Iteration 930. I-divergence: 1388.69030957. MSE: 0.715222461961.
Iteration 931. I-divergence: 1388.57197387. MSE: 0.715160128749.
Iteration 932. I-divergence: 1388.45380864. MSE: 0.715097884426.
Iteration 933. I-divergence: 1388.33581364. MSE: 0.715035728866.
Iteration 934. I-divergence: 1388.21798863. MSE: 0.71497366194.
Iteration 935. I-divergence: 1388.10033336. MSE: 0.714911683518.
Iteration 936. I-divergence: 1387.98284761. MSE: 0.714849793471.
Iteration 937. I-divergence: 1387.86553112. MSE: 0.714787991665.
Iteration 938. I-divergence: 1387.74838365. MSE: 0.714726277969.
Iteration 939. I-divergence: 1387.63140495. MSE: 0.714664652248.
Iteration 940. I-divergence: 1387.51459477. MSE: 0.714603114367.
Iteration 941. I-divergence: 1387.39795287. MSE: 0.714541664192.
Iteration 942. I-divergence: 1387.28147897. MSE: 0.714480301585.
Iteration 943. I-divergence: 1387.16517284. MSE: 0.714419026408.
Iteration 944. I-divergence: 1387.04903421. MSE: 0.714357838522.
Iteration 945. I-divergence: 1386.93306283. MSE: 0.714296737788.
Iteration 946. I-divergence: 1386.81725842. MSE: 0.714235724065.
Iteration 947. I-divergence: 1386.70162073. MSE: 0.714174797211.
Iteration 948. I-divergence: 1386.58614949. MSE: 0.714113957084.
Iteration 949. I-divergence: 1386.47084444. MSE: 0.714053203541.
Iteration 950. I-divergence: 1386.3557053. MSE: 0.713992536436.
Iteration 951. I-divergence: 1386.24073181. MSE: 0.713931955626.
Iteration 952. I-divergence: 1386.12592369. MSE: 0.713871460963.
Iteration 953. I-divergence: 1386.01128066. MSE: 0.713811052301.
Iteration 954. I-divergence: 1385.89680246. MSE: 0.713750729493.
Iteration 955. I-divergence: 1385.7824888. MSE: 0.713690492389.
Iteration 956. I-divergence: 1385.66833941. MSE: 0.713630340841.
Iteration 957. I-divergence: 1385.554354. MSE: 0.713570274697.
Iteration 958. I-divergence: 1385.44053229. MSE: 0.713510293808.
Iteration 959. I-divergence: 1385.32687399. MSE: 0.713450398021.
Iteration 960. I-divergence: 1385.21337883. MSE: 0.713390587184.
Iteration 961. I-divergence: 1385.10004651. MSE: 0.713330861144.
Iteration 962. I-divergence: 1384.98687675. MSE: 0.713271219747.
Iteration 963. I-divergence: 1384.87386925. MSE: 0.713211662837.
Iteration 964. I-divergence: 1384.76102372. MSE: 0.71315219026.
Iteration 965. I-divergence: 1384.64833988. MSE: 0.71309280186.
Iteration 966. I-divergence: 1384.53581741. MSE: 0.713033497479.
Iteration 967. I-divergence: 1384.42345604. MSE: 0.712974276961.
Iteration 968. I-divergence: 1384.31125546. MSE: 0.712915140146.
Iteration 969. I-divergence: 1384.19921537. MSE: 0.712856086877.
Iteration 970. I-divergence: 1384.08733548. MSE: 0.712797116995.
Iteration 971. I-divergence: 1383.97561548. MSE: 0.712738230338.
Iteration 972. I-divergence: 1383.86405507. MSE: 0.712679426746.
Iteration 973. I-divergence: 1383.75265394. MSE: 0.712620706059.
Iteration 974. I-divergence: 1383.6414118. MSE: 0.712562068114.
Iteration 975. I-divergence: 1383.53032832. MSE: 0.712503512749.
Iteration 976. I-divergence: 1383.41940322. MSE: 0.712445039801.
Iteration 977. I-divergence: 1383.30863618. MSE: 0.712386649106.
Iteration 978. I-divergence: 1383.19802688. MSE: 0.712328340501.
Iteration 979. I-divergence: 1383.08757502. MSE: 0.712270113821.
Iteration 980. I-divergence: 1382.97728029. MSE: 0.7122119689.
Iteration 981. I-divergence: 1382.86714238. MSE: 0.712153905574.
Iteration 982. I-divergence: 1382.75716096. MSE: 0.712095923676.
Iteration 983. I-divergence: 1382.64733573. MSE: 0.71203802304.
Iteration 984. I-divergence: 1382.53766637. MSE: 0.711980203498.
Iteration 985. I-divergence: 1382.42815256. MSE: 0.711922464884.
Iteration 986. I-divergence: 1382.31879398. MSE: 0.711864807029.
Iteration 987. I-divergence: 1382.20959032. MSE: 0.711807229765.
Iteration 988. I-divergence: 1382.10054125. MSE: 0.711749732923.
Iteration 989. I-divergence: 1381.99164647. MSE: 0.711692316334.
Iteration 990. I-divergence: 1381.88290563. MSE: 0.711634979828.
Iteration 991. I-divergence: 1381.77431843. MSE: 0.711577723236.
Iteration 992. I-divergence: 1381.66588453. MSE: 0.711520546387.
Iteration 993. I-divergence: 1381.55760363. MSE: 0.71146344911.
Iteration 994. I-divergence: 1381.44947538. MSE: 0.711406431235.
Iteration 995. I-divergence: 1381.34149946. MSE: 0.71134949259.
Iteration 996. I-divergence: 1381.23367556. MSE: 0.711292633003.
Iteration 997. I-divergence: 1381.12600334. MSE: 0.711235852302.
Iteration 998. I-divergence: 1381.01848247. MSE: 0.711179150315.
Iteration 999. I-divergence: 1380.91111263. MSE: 0.711122526869.
Iteration 1000. I-divergence: 1380.80389349. MSE: 0.711065981791.
Performance on test set: MSE=0.743145734655, I-div=359.658488978.
0.743145734655
